2026-05-13 22:06:07,638	INFO worker.py:2013 -- Started a local Ray instance.
/home/wj/anaconda3/envs/ros2/lib/python3.10/site-packages/ray/rllib/algorithms/algorithm.py:527: RayDeprecationWarning: This API is deprecated and may be removed in future Ray releases. You could suppress this warning by setting env variable PYTHONWARNINGS="ignore::DeprecationWarning"
`UnifiedLogger` will be removed in Ray 2.7.
  return UnifiedLogger(config, logdir, loggers=None)
/home/wj/anaconda3/envs/ros2/lib/python3.10/site-packages/ray/tune/logger/unified.py:53: RayDeprecationWarning: This API is deprecated and may be removed in future Ray releases. You could suppress this warning by setting env variable PYTHONWARNINGS="ignore::DeprecationWarning"
The `JsonLogger interface is deprecated in favor of the `ray.tune.json.JsonLoggerCallback` interface and will be removed in Ray 2.7.
  self._loggers.append(cls(self.config, self.logdir, self.trial))
/home/wj/anaconda3/envs/ros2/lib/python3.10/site-packages/ray/tune/logger/unified.py:53: RayDeprecationWarning: This API is deprecated and may be removed in future Ray releases. You could suppress this warning by setting env variable PYTHONWARNINGS="ignore::DeprecationWarning"
The `CSVLogger interface is deprecated in favor of the `ray.tune.csv.CSVLoggerCallback` interface and will be removed in Ray 2.7.
  self._loggers.append(cls(self.config, self.logdir, self.trial))
/home/wj/anaconda3/envs/ros2/lib/python3.10/site-packages/ray/tune/logger/unified.py:53: RayDeprecationWarning: This API is deprecated and may be removed in future Ray releases. You could suppress this warning by setting env variable PYTHONWARNINGS="ignore::DeprecationWarning"
The `TBXLogger interface is deprecated in favor of the `ray.tune.tensorboardx.TBXLoggerCallback` interface and will be removed in Ray 2.7.
  self._loggers.append(cls(self.config, self.logdir, self.trial))
[INFO] [1778681169.604698236] [gym_env_robot_0_75926]: ✅ 路径可视化器已启动，路径话题: /waypoint_markers, tracking话题: /rolling_subgoal_markers
[INFO] [1778681169.638033904] [gym_env_robot_1_60718]: ✅ 路径可视化器已启动，路径话题: /waypoint_markers, tracking话题: /rolling_subgoal_markers
[INFO] [1778681169.661105227] [gym_env_robot_2_1726]: ✅ 路径可视化器已启动，路径话题: /waypoint_markers, tracking话题: /rolling_subgoal_markers
[INFO] [1778681169.684634562] [gym_env_robot_3_11679]: ✅ 路径可视化器已启动，路径话题: /waypoint_markers, tracking话题: /rolling_subgoal_markers
2026-05-13 22:06:11,942	WARNING util.py:62 -- Install gputil for GPU system monitoring.
================================================================================
🚀 GNN-MAPPO 课程学习训练  [最近邻感知图]
================================================================================
  环境阶段:     1 · Stage 1 · 静态入门
  机器人数量:   4
  通信范围:     3.5 m
  感知邻域:     3.5 m
  并行Workers:  0
  采样设置:     timeout=1200s fragment=1000 mode=truncate_episodes
  训练步数:     100,000
  动作模式:     option_mode
  Option源:     rl  hold=[1, 30]  topk=3
  PPO配置:      option_discrete  (clip=0.2, ent=0.01, mb=1024, epochs=8)
  GAT Actor:    neighbor  bias=2.50
  GAT Critic:   mlp
  需要环境:     ros2 launch start_rl_environment_tb3 main.launch.py map_number:=6 robot_number:=4 num_obstacles:=0 obs_speed_scale:=0.0
  通信设置:     perfect_comm  (dropout=0%, latency=0, jitter=0, noise=0.00)
  冲突路线:     mode=mixed prob=0.75
================================================================================

📚 阶段1：保持完美通信，直接学习通信版 social-risk 图...

🤖 环境初始化: Namespace='/tb3_0', ModelName='tb3_0'
✅ Map 6: 预计算安全 spawn 点 11100 个 (clearance=0.40m)
✅ Robot 0: A*规划器初始化完成
🤖 环境初始化: Namespace='/tb3_1', ModelName='tb3_1'
✅ Map 6: 预计算安全 spawn 点 11100 个 (clearance=0.40m)
✅ Robot 1: A*规划器初始化完成
🤖 环境初始化: Namespace='/tb3_2', ModelName='tb3_2'
✅ Map 6: 预计算安全 spawn 点 11100 个 (clearance=0.40m)
✅ Robot 2: A*规划器初始化完成
🤖 环境初始化: Namespace='/tb3_3', ModelName='tb3_3'
✅ Map 6: 预计算安全 spawn 点 11100 个 (clearance=0.40m)
✅ Robot 3: A*规划器初始化完成
⚠️ Robot 0: 强制路线非法，回退随机安全采样 start=(3.80,2.40) goal=(-3.80,-2.40)
⚠️ Robot 1: 强制路线非法，回退随机安全采样 start=(-3.80,2.40) goal=(3.80,-2.40)
⚠️ Robot 2: 强制路线非法，回退随机安全采样 start=(-4.20,1.40) goal=(4.20,1.40)
[graph] step=   0  comm_range=3.5m
  robot_0 pos=( 0.900,-4.500) status=active
    adj=[1  0  0  0]  dist=[ 0.00   3.61   4.45   7.78]  neighbors=[]
  robot_1 pos=( 1.100,-0.900) status=active
    adj=[0  1  1  0]  dist=[ 3.61   0.00   2.19   6.14]  neighbors=[2]
  robot_2 pos=(-1.050,-0.500) status=active
    adj=[0  1  1  0]  dist=[ 4.45   2.19   0.00   3.97]  neighbors=[1]
  robot_3 pos=(-4.800, 0.800) status=active
    adj=[0  0  0  1]  dist=[ 7.78   6.14   3.97   0.00]  neighbors=[]
[comm] step=   0  agent_0  my_pos=(0.900,-4.500)  candidates=[]  received=0/0
    (无有效邻居: 范围外/丢包/延迟填零)
[comm] step=   0  agent_1  my_pos=(1.100,-0.900)  candidates=[np.int64(2)]  received=1/1
    slot[0] neighbor=agent_2 dist=2.187m  n_pos=(-1.050,-0.500)  rel_pos=(-2.150,0.400)
[comm] step=   0  agent_2  my_pos=(-1.050,-0.500)  candidates=[np.int64(1)]  received=1/1
    slot[0] neighbor=agent_1 dist=2.187m  n_pos=(1.100,-0.900)  rel_pos=(2.150,-0.400)
[comm] step=   0  agent_3  my_pos=(-4.800,0.800)  candidates=[]  received=0/0
    (无有效邻居: 范围外/丢包/延迟填零)
[graph] step=   1  comm_range=3.5m
  robot_0 pos=( 0.900,-4.500) status=active
    adj=[1  0  0  0]  dist=[ 0.00   3.61   4.45   7.78]  neighbors=[]
  robot_1 pos=( 1.100,-0.900) status=active
    adj=[0  1  1  0]  dist=[ 3.61   0.00   2.19   6.14]  neighbors=[2]
  robot_2 pos=(-1.050,-0.500) status=active
    adj=[0  1  1  0]  dist=[ 4.45   2.19   0.00   3.97]  neighbors=[1]
  robot_3 pos=(-4.800, 0.800) status=active
    adj=[0  0  0  1]  dist=[ 7.78   6.14   3.97   0.00]  neighbors=[]
[comm] step=   1  agent_0  my_pos=(0.900,-4.500)  candidates=[]  received=0/0
    (无有效邻居: 范围外/丢包/延迟填零)
[comm] step=   1  agent_1  my_pos=(1.100,-0.900)  candidates=[np.int64(2)]  received=1/1
    slot[0] neighbor=agent_2 dist=2.187m  n_pos=(-1.050,-0.500)  rel_pos=(-2.150,0.400)
[comm] step=   1  agent_2  my_pos=(-1.050,-0.500)  candidates=[np.int64(1)]  received=1/1
    slot[0] neighbor=agent_1 dist=2.187m  n_pos=(1.100,-0.900)  rel_pos=(2.150,-0.400)
[comm] step=   1  agent_3  my_pos=(-4.800,0.800)  candidates=[]  received=0/0
    (无有效邻居: 范围外/丢包/延迟填零)
[graph] step=   2  comm_range=3.5m
  robot_0 pos=( 0.900,-4.500) status=active
    adj=[1  0  0  0]  dist=[ 0.00   3.61   4.45   7.78]  neighbors=[]
  robot_1 pos=( 1.100,-0.900) status=active
    adj=[0  1  1  0]  dist=[ 3.61   0.00   2.19   6.14]  neighbors=[2]
  robot_2 pos=(-1.050,-0.500) status=active
    adj=[0  1  1  0]  dist=[ 4.45   2.19   0.00   3.97]  neighbors=[1]
  robot_3 pos=(-4.800, 0.800) status=active
    adj=[0  0  0  1]  dist=[ 7.78   6.14   3.97   0.00]  neighbors=[]
[comm] step=   2  agent_0  my_pos=(0.900,-4.500)  candidates=[]  received=0/0
    (无有效邻居: 范围外/丢包/延迟填零)
[comm] step=   2  agent_1  my_pos=(1.100,-0.900)  candidates=[np.int64(2)]  received=1/1
    slot[0] neighbor=agent_2 dist=2.187m  n_pos=(-1.050,-0.500)  rel_pos=(-2.150,0.400)
[comm] step=   2  agent_2  my_pos=(-1.050,-0.500)  candidates=[np.int64(1)]  received=1/1
    slot[0] neighbor=agent_1 dist=2.187m  n_pos=(1.100,-0.900)  rel_pos=(2.150,-0.400)
[comm] step=   2  agent_3  my_pos=(-4.800,0.800)  candidates=[]  received=0/0
    (无有效邻居: 范围外/丢包/延迟填零)
[graph] step=   3  comm_range=3.5m
  robot_0 pos=( 0.897,-4.501) status=active
    adj=[1  0  0  0]  dist=[ 0.00   3.61   4.45   7.78]  neighbors=[]
  robot_1 pos=( 1.100,-0.900) status=active
    adj=[0  1  1  0]  dist=[ 3.61   0.00   2.19   6.14]  neighbors=[2]
  robot_2 pos=(-1.050,-0.500) status=active
    adj=[0  1  1  0]  dist=[ 4.45   2.19   0.00   3.97]  neighbors=[1]
  robot_3 pos=(-4.802, 0.797) status=active
    adj=[0  0  0  1]  dist=[ 7.78   6.14   3.97   0.00]  neighbors=[]
[comm] step=   3  agent_0  my_pos=(0.897,-4.501)  candidates=[]  received=0/0
    (无有效邻居: 范围外/丢包/延迟填零)
[comm] step=   3  agent_1  my_pos=(1.100,-0.900)  candidates=[np.int64(2)]  received=1/1
    slot[0] neighbor=agent_2 dist=2.187m  n_pos=(-1.050,-0.500)  rel_pos=(-2.150,0.400)
[comm] step=   3  agent_2  my_pos=(-1.050,-0.500)  candidates=[np.int64(1)]  received=1/1
    slot[0] neighbor=agent_1 dist=2.187m  n_pos=(1.100,-0.900)  rel_pos=(2.150,-0.400)
[comm] step=   3  agent_3  my_pos=(-4.802,0.797)  candidates=[]  received=0/0
    (无有效邻居: 范围外/丢包/延迟填零)

============================================================
🏁 Episode 结束 (timeout)
   步数: 2000/2000
   完成: 4/4
   活跃: 0  失败: 1
============================================================

[graph] step=   0  comm_range=3.5m
  robot_0 pos=( 0.450,-2.450) status=active
    adj=[1  1  0  0]  dist=[ 0.00   1.82   3.63   4.51]  neighbors=[1]
  robot_1 pos=( 1.100,-0.750) status=active
    adj=[1  1  1  0]  dist=[ 1.82   0.00   2.20   3.55]  neighbors=[0, 2]
  robot_2 pos=( 0.000, 1.150) status=active
    adj=[0  1  1  0]  dist=[ 3.63   2.20   0.00   5.04]  neighbors=[1]
  robot_3 pos=( 4.650,-0.800) status=active
    adj=[0  0  0  1]  dist=[ 4.51   3.55   5.04   0.00]  neighbors=[]
[comm] step=   0  agent_0  my_pos=(0.450,-2.450)  candidates=[np.int64(1)]  received=1/1
    slot[0] neighbor=agent_1 dist=1.820m  n_pos=(1.100,-0.750)  rel_pos=(0.650,1.700)
[comm] step=   0  agent_1  my_pos=(1.100,-0.750)  candidates=[np.int64(0), np.int64(2)]  received=2/2
    slot[0] neighbor=agent_0 dist=1.820m  n_pos=(0.450,-2.450)  rel_pos=(-0.650,-1.700)
    slot[1] neighbor=agent_2 dist=2.195m  n_pos=(0.000,1.150)  rel_pos=(-1.100,1.900)
[comm] step=   0  agent_2  my_pos=(0.000,1.150)  candidates=[np.int64(1)]  received=1/1
    slot[0] neighbor=agent_1 dist=2.195m  n_pos=(1.100,-0.750)  rel_pos=(1.100,-1.900)
[comm] step=   0  agent_3  my_pos=(4.650,-0.800)  candidates=[]  received=0/0
    (无有效邻居: 范围外/丢包/延迟填零)
*** SIGTERM received at time=1778681396 on cpu 3 ***
PC: @     0x765c49491117  (unknown)  (unknown)
    @     0x765b0abaae62  (unknown)  (unknown)
    @ ... and at least 1 more frames
[2026-05-13 22:09:56,585 E 1087682 1087682] logging.cc:474: *** SIGTERM received at time=1778681396 on cpu 3 ***
[2026-05-13 22:09:56,585 E 1087682 1087682] logging.cc:474: PC: @     0x765c49491117  (unknown)  (unknown)
[2026-05-13 22:09:56,585 E 1087682 1087682] logging.cc:474:     @     0x765b0abaae62  (unknown)  (unknown)
[2026-05-13 22:09:56,585 E 1087682 1087682] logging.cc:474:     @ ... and at least 1 more frames
[graph] step=   1  comm_range=3.5m
  robot_0 pos=( 0.395,-2.491) status=done
    adj=[0  0  0  0]  dist=[ 0.00   1.88   3.66   4.58]  neighbors=[]
  robot_1 pos=( 1.100,-0.750) status=active
    adj=[0  1  0  0]  dist=[ 1.88   0.00   2.20   3.55]  neighbors=[]
  robot_2 pos=(-0.000, 1.150) status=done
    adj=[0  0  0  0]  dist=[ 3.66   2.20   0.00   5.04]  neighbors=[]
  robot_3 pos=( 4.650,-0.800) status=active
    adj=[0  0  0  1]  dist=[ 4.58   3.55   5.04   0.00]  neighbors=[]
[comm] step=   1  agent_0  my_pos=(0.395,-2.491)  candidates=[]  received=0/0
    (无有效邻居: 范围外/丢包/延迟填零)
[comm] step=   1  agent_1  my_pos=(1.100,-0.750)  candidates=[]  received=0/0
    (无有效邻居: 范围外/丢包/延迟填零)
[comm] step=   1  agent_2  my_pos=(-0.000,1.150)  candidates=[]  received=0/0
    (无有效邻居: 范围外/丢包/延迟填零)
[comm] step=   1  agent_3  my_pos=(4.650,-0.800)  candidates=[]  received=0/0
    (无有效邻居: 范围外/丢包/延迟填零)

============================================================
🏁 Episode 结束 (too_many_failed)
   步数: 1/2000
   完成: 2/4
   活跃: 2  失败: 2
============================================================

⚠️ Robot 0: 强制路线非法，回退随机安全采样 start=(-2.60,-3.80) goal=(2.60,3.80)
⚠️ Robot 1: 强制路线非法，回退随机安全采样 start=(4.20,-1.40) goal=(-4.20,-1.40)
⚠️ Robot 2: 强制路线非法，回退随机安全采样 start=(-3.80,2.40) goal=(3.80,-2.40)
[graph] step=   0  comm_range=3.5m
  robot_0 pos=( 0.700,-5.350) status=active
    adj=[1  0  0  0]  dist=[ 0.00   5.59   7.03   7.53]  neighbors=[]
  robot_1 pos=( 1.950, 0.100) status=active
    adj=[0  1  1  0]  dist=[ 5.59   0.00   3.18   6.55]  neighbors=[2]
  robot_2 pos=(-0.900, 1.500) status=active
    adj=[0  1  1  0]  dist=[ 7.03   3.18   0.00   3.99]  neighbors=[1]
  robot_3 pos=(-4.600, 0.000) status=active
    adj=[0  0  0  1]  dist=[ 7.53   6.55   3.99   0.00]  neighbors=[]
[comm] step=   0  agent_0  my_pos=(0.700,-5.350)  candidates=[]  received=0/0
    (无有效邻居: 范围外/丢包/延迟填零)
[comm] step=   0  agent_1  my_pos=(1.950,0.100)  candidates=[np.int64(2)]  received=1/1
    slot[0] neighbor=agent_2 dist=3.175m  n_pos=(-0.900,1.500)  rel_pos=(-2.850,1.400)
[comm] step=   0  agent_2  my_pos=(-0.900,1.500)  candidates=[np.int64(1)]  received=1/1
    slot[0] neighbor=agent_1 dist=3.175m  n_pos=(1.950,0.100)  rel_pos=(2.850,-1.400)
[comm] step=   0  agent_3  my_pos=(-4.600,0.000)  candidates=[]  received=0/0
    (无有效邻居: 范围外/丢包/延迟填零)
[graph] step=   1  comm_range=3.5m
  robot_0 pos=( 0.700,-5.350) status=active
    adj=[1  0  0  0]  dist=[ 0.00   5.59   7.03   7.53]  neighbors=[]
  robot_1 pos=( 1.950, 0.100) status=active
    adj=[0  1  1  0]  dist=[ 5.59   0.00   3.18   6.55]  neighbors=[2]
  robot_2 pos=(-0.900, 1.500) status=active
    adj=[0  1  1  0]  dist=[ 7.03   3.18   0.00   3.99]  neighbors=[1]
  robot_3 pos=(-4.600,-0.000) status=active
    adj=[0  0  0  1]  dist=[ 7.53   6.55   3.99   0.00]  neighbors=[]
[comm] step=   1  agent_0  my_pos=(0.700,-5.350)  candidates=[]  received=0/0
    (无有效邻居: 范围外/丢包/延迟填零)
[comm] step=   1  agent_1  my_pos=(1.950,0.100)  candidates=[np.int64(2)]  received=1/1
    slot[0] neighbor=agent_2 dist=3.175m  n_pos=(-0.900,1.500)  rel_pos=(-2.850,1.400)
[comm] step=   1  agent_2  my_pos=(-0.900,1.500)  candidates=[np.int64(1)]  received=1/1
    slot[0] neighbor=agent_1 dist=3.175m  n_pos=(1.950,0.100)  rel_pos=(2.850,-1.400)
[comm] step=   1  agent_3  my_pos=(-4.600,-0.000)  candidates=[]  received=0/0
    (无有效邻居: 范围外/丢包/延迟填零)
[graph] step=   2  comm_range=3.5m
  robot_0 pos=( 0.700,-5.350) status=active
    adj=[1  0  0  0]  dist=[ 0.00   5.59   7.03   7.53]  neighbors=[]
  robot_1 pos=( 1.950, 0.100) status=active
    adj=[0  1  1  0]  dist=[ 5.59   0.00   3.18   6.55]  neighbors=[2]
  robot_2 pos=(-0.900, 1.500) status=active
    adj=[0  1  1  0]  dist=[ 7.03   3.18   0.00   3.99]  neighbors=[1]
  robot_3 pos=(-4.600,-0.000) status=active
    adj=[0  0  0  1]  dist=[ 7.53   6.55   3.99   0.00]  neighbors=[]
[comm] step=   2  agent_0  my_pos=(0.700,-5.350)  candidates=[]  received=0/0
    (无有效邻居: 范围外/丢包/延迟填零)
[comm] step=   2  agent_1  my_pos=(1.950,0.100)  candidates=[np.int64(2)]  received=1/1
    slot[0] neighbor=agent_2 dist=3.175m  n_pos=(-0.900,1.500)  rel_pos=(-2.850,1.400)
[comm] step=   2  agent_2  my_pos=(-0.900,1.500)  candidates=[np.int64(1)]  received=1/1
    slot[0] neighbor=agent_1 dist=3.175m  n_pos=(1.950,0.100)  rel_pos=(2.850,-1.400)
[comm] step=   2  agent_3  my_pos=(-4.600,-0.000)  candidates=[]  received=0/0
    (无有效邻居: 范围外/丢包/延迟填零)
[graph] step=   3  comm_range=3.5m
  robot_0 pos=( 0.699,-5.350) status=active
    adj=[1  0  0  0]  dist=[ 0.00   5.59   7.03   7.53]  neighbors=[]
  robot_1 pos=( 1.950, 0.100) status=active
    adj=[0  1  1  0]  dist=[ 5.59   0.00   3.17   6.55]  neighbors=[2]
  robot_2 pos=(-0.898, 1.499) status=active
    adj=[0  1  1  0]  dist=[ 7.03   3.17   0.00   4.00]  neighbors=[1]
  robot_3 pos=(-4.603,-0.000) status=active
    adj=[0  0  0  1]  dist=[ 7.53   6.55   4.00   0.00]  neighbors=[]
[comm] step=   3  agent_0  my_pos=(0.699,-5.350)  candidates=[]  received=0/0
    (无有效邻居: 范围外/丢包/延迟填零)
[comm] step=   3  agent_1  my_pos=(1.950,0.100)  candidates=[np.int64(2)]  received=1/1
    slot[0] neighbor=agent_2 dist=3.173m  n_pos=(-0.898,1.499)  rel_pos=(-2.848,1.399)
[comm] step=   3  agent_2  my_pos=(-0.898,1.499)  candidates=[np.int64(1)]  received=1/1
    slot[0] neighbor=agent_1 dist=3.173m  n_pos=(1.950,0.100)  rel_pos=(2.848,-1.399)
[comm] step=   3  agent_3  my_pos=(-4.603,-0.000)  candidates=[]  received=0/0
    (无有效邻居: 范围外/丢包/延迟填零)
[33m(raylet)[0m The autoscaler failed with the following error:
Terminated with signal 15
  File "/home/wj/anaconda3/envs/ros2/lib/python3.10/site-packages/ray/autoscaler/_private/monitor.py", line 736, in <module>
    monitor.run()
  File "/home/wj/anaconda3/envs/ros2/lib/python3.10/site-packages/ray/autoscaler/_private/monitor.py", line 593, in run
    self._run()
  File "/home/wj/anaconda3/envs/ros2/lib/python3.10/site-packages/ray/autoscaler/_private/monitor.py", line 448, in _run
    time.sleep(AUTOSCALER_UPDATE_INTERVAL_S)

[2026-05-13 22:09:56,636 E 1087682 1088513] core_worker.cc:472: :info_message: Attempting to recover 1 lost objects by resubmitting their tasks or setting a new primary location from existing copies. To disable object reconstruction, set @ray.remote(max_retries=0).
