2026-05-14 00:07:19,973	INFO worker.py:2013 -- Started a local Ray instance.
/home/wj/anaconda3/envs/ros2/lib/python3.10/site-packages/ray/rllib/algorithms/algorithm.py:527: RayDeprecationWarning: This API is deprecated and may be removed in future Ray releases. You could suppress this warning by setting env variable PYTHONWARNINGS="ignore::DeprecationWarning"
`UnifiedLogger` will be removed in Ray 2.7.
  return UnifiedLogger(config, logdir, loggers=None)
/home/wj/anaconda3/envs/ros2/lib/python3.10/site-packages/ray/tune/logger/unified.py:53: RayDeprecationWarning: This API is deprecated and may be removed in future Ray releases. You could suppress this warning by setting env variable PYTHONWARNINGS="ignore::DeprecationWarning"
The `JsonLogger interface is deprecated in favor of the `ray.tune.json.JsonLoggerCallback` interface and will be removed in Ray 2.7.
  self._loggers.append(cls(self.config, self.logdir, self.trial))
/home/wj/anaconda3/envs/ros2/lib/python3.10/site-packages/ray/tune/logger/unified.py:53: RayDeprecationWarning: This API is deprecated and may be removed in future Ray releases. You could suppress this warning by setting env variable PYTHONWARNINGS="ignore::DeprecationWarning"
The `CSVLogger interface is deprecated in favor of the `ray.tune.csv.CSVLoggerCallback` interface and will be removed in Ray 2.7.
  self._loggers.append(cls(self.config, self.logdir, self.trial))
/home/wj/anaconda3/envs/ros2/lib/python3.10/site-packages/ray/tune/logger/unified.py:53: RayDeprecationWarning: This API is deprecated and may be removed in future Ray releases. You could suppress this warning by setting env variable PYTHONWARNINGS="ignore::DeprecationWarning"
The `TBXLogger interface is deprecated in favor of the `ray.tune.tensorboardx.TBXLoggerCallback` interface and will be removed in Ray 2.7.
  self._loggers.append(cls(self.config, self.logdir, self.trial))
[INFO] [1778688441.451811391] [gym_env_robot_0_64654]: ✅ 路径可视化器已启动，路径话题: /waypoint_markers, tracking话题: /rolling_subgoal_markers
[INFO] [1778688441.493674797] [gym_env_robot_1_28928]: ✅ 路径可视化器已启动，路径话题: /waypoint_markers, tracking话题: /rolling_subgoal_markers
[INFO] [1778688441.516922266] [gym_env_robot_2_26746]: ✅ 路径可视化器已启动，路径话题: /waypoint_markers, tracking话题: /rolling_subgoal_markers
[INFO] [1778688441.546913247] [gym_env_robot_3_73147]: ✅ 路径可视化器已启动，路径话题: /waypoint_markers, tracking话题: /rolling_subgoal_markers
2026-05-14 00:07:24,209	WARNING util.py:62 -- Install gputil for GPU system monitoring.
================================================================================
🚀 GNN-MAPPO 课程学习训练  [最近邻感知图]
================================================================================
  环境阶段:     1 · Stage 1 · 静态入门
  机器人数量:   4
  通信范围:     3.5 m
  感知邻域:     3.5 m
  并行Workers:  0
  采样设置:     timeout=1200s fragment=1000 mode=truncate_episodes
  训练步数:     100,000
  动作模式:     option_mode
  Option源:     rl  hold=[1, 30]  topk=3
  PPO配置:      option_discrete  (clip=0.2, ent=0.01, mb=1024, epochs=8)
  GAT Actor:    neighbor  bias=2.50
  GAT Critic:   mlp
  需要环境:     ros2 launch start_rl_environment_tb3 main.launch.py map_number:=6 robot_number:=4 num_obstacles:=0 obs_speed_scale:=0.0
  通信设置:     perfect_comm  (dropout=0%, latency=0, jitter=0, noise=0.00)
  冲突路线:     mode=mixed prob=0.75
================================================================================

📚 阶段1：保持完美通信，直接学习通信版 social-risk 图...

🤖 环境初始化: Namespace='/tb3_0', ModelName='tb3_0'
✅ Map 6: 预计算安全 spawn 点 11100 个 (clearance=0.40m)
✅ Robot 0: A*规划器初始化完成
🤖 环境初始化: Namespace='/tb3_1', ModelName='tb3_1'
✅ Map 6: 预计算安全 spawn 点 11100 个 (clearance=0.40m)
✅ Robot 1: A*规划器初始化完成
🤖 环境初始化: Namespace='/tb3_2', ModelName='tb3_2'
✅ Map 6: 预计算安全 spawn 点 11100 个 (clearance=0.40m)
✅ Robot 2: A*规划器初始化完成
🤖 环境初始化: Namespace='/tb3_3', ModelName='tb3_3'
✅ Map 6: 预计算安全 spawn 点 11100 个 (clearance=0.40m)
✅ Robot 3: A*规划器初始化完成
⚠️ Robot 0: 强制路线非法，回退随机安全采样 start=(-4.20,1.40) goal=(4.20,1.40)
⚠️ Robot 2: 强制路线非法，回退随机安全采样 start=(-3.80,2.40) goal=(3.80,-2.40)
⚠️ Robot 3: 强制路线非法，回退随机安全采样 start=(4.20,1.40) goal=(-4.20,1.40)
[graph] step=   0  comm_range=3.5m
  robot_0 pos=( 0.350,-2.250) status=active
    adj=[1  0  1  1]  dist=[ 0.00   4.81   1.65   2.34]  neighbors=[2, 3]
  robot_1 pos=( 4.600, 0.000) status=active
    adj=[0  1  0  0]  dist=[ 4.81   0.00   4.70   6.54]  neighbors=[]
  robot_2 pos=(-0.050,-0.650) status=active
    adj=[1  0  1  0]  dist=[ 1.65   4.70   0.00   3.90]  neighbors=[0]
  robot_3 pos=(-0.100,-4.550) status=active
    adj=[1  0  0  1]  dist=[ 2.34   6.54   3.90   0.00]  neighbors=[0]
[comm] step=   0  agent_0  my_pos=(0.350,-2.250)  candidates=[np.int64(2), np.int64(3)]  received=2/2
    slot[0] neighbor=agent_2 dist=1.649m  n_pos=(-0.050,-0.650)  rel_pos=(-0.400,1.600)
    slot[1] neighbor=agent_3 dist=2.344m  n_pos=(-0.100,-4.550)  rel_pos=(-0.450,-2.300)
[comm] step=   0  agent_1  my_pos=(4.600,0.000)  candidates=[]  received=0/0
    (无有效邻居: 范围外/丢包/延迟填零)
[comm] step=   0  agent_2  my_pos=(-0.050,-0.650)  candidates=[np.int64(0)]  received=1/1
    slot[0] neighbor=agent_0 dist=1.649m  n_pos=(0.350,-2.250)  rel_pos=(0.400,-1.600)
[comm] step=   0  agent_3  my_pos=(-0.100,-4.550)  candidates=[np.int64(0)]  received=1/1
    slot[0] neighbor=agent_0 dist=2.344m  n_pos=(0.350,-2.250)  rel_pos=(0.450,2.300)
[graph] step=   1  comm_range=3.5m
  robot_0 pos=( 0.350,-2.250) status=active
    adj=[1  0  1  1]  dist=[ 0.00   4.81   1.65   2.34]  neighbors=[2, 3]
  robot_1 pos=( 4.600,-0.000) status=active
    adj=[0  1  0  0]  dist=[ 4.81   0.00   4.70   6.54]  neighbors=[]
  robot_2 pos=(-0.050,-0.650) status=active
    adj=[1  0  1  0]  dist=[ 1.65   4.70   0.00   3.90]  neighbors=[0]
  robot_3 pos=(-0.100,-4.550) status=active
    adj=[1  0  0  1]  dist=[ 2.34   6.54   3.90   0.00]  neighbors=[0]
[comm] step=   1  agent_0  my_pos=(0.350,-2.250)  candidates=[np.int64(2), np.int64(3)]  received=2/2
    slot[0] neighbor=agent_2 dist=1.649m  n_pos=(-0.050,-0.650)  rel_pos=(-0.400,1.600)
    slot[1] neighbor=agent_3 dist=2.344m  n_pos=(-0.100,-4.550)  rel_pos=(-0.450,-2.300)
[comm] step=   1  agent_1  my_pos=(4.600,-0.000)  candidates=[]  received=0/0
    (无有效邻居: 范围外/丢包/延迟填零)
[comm] step=   1  agent_2  my_pos=(-0.050,-0.650)  candidates=[np.int64(0)]  received=1/1
    slot[0] neighbor=agent_0 dist=1.649m  n_pos=(0.350,-2.250)  rel_pos=(0.400,-1.600)
[comm] step=   1  agent_3  my_pos=(-0.100,-4.550)  candidates=[np.int64(0)]  received=1/1
    slot[0] neighbor=agent_0 dist=2.344m  n_pos=(0.350,-2.250)  rel_pos=(0.450,2.300)
[graph] step=   2  comm_range=3.5m
  robot_0 pos=( 0.348,-2.248) status=active
    adj=[1  0  1  1]  dist=[ 0.00   4.81   1.65   2.35]  neighbors=[2, 3]
  robot_1 pos=( 4.600,-0.000) status=active
    adj=[0  1  0  0]  dist=[ 4.81   0.00   4.70   6.54]  neighbors=[]
  robot_2 pos=(-0.050,-0.650) status=active
    adj=[1  0  1  0]  dist=[ 1.65   4.70   0.00   3.90]  neighbors=[0]
  robot_3 pos=(-0.101,-4.551) status=active
    adj=[1  0  0  1]  dist=[ 2.35   6.54   3.90   0.00]  neighbors=[0]
[comm] step=   2  agent_0  my_pos=(0.348,-2.248)  candidates=[np.int64(2), np.int64(3)]  received=2/2
    slot[0] neighbor=agent_2 dist=1.647m  n_pos=(-0.050,-0.650)  rel_pos=(-0.398,1.599)
    slot[1] neighbor=agent_3 dist=2.345m  n_pos=(-0.101,-4.551)  rel_pos=(-0.448,-2.302)
[comm] step=   2  agent_1  my_pos=(4.600,-0.000)  candidates=[]  received=0/0
    (无有效邻居: 范围外/丢包/延迟填零)
[comm] step=   2  agent_2  my_pos=(-0.050,-0.650)  candidates=[np.int64(0)]  received=1/1
    slot[0] neighbor=agent_0 dist=1.647m  n_pos=(0.348,-2.248)  rel_pos=(0.398,-1.599)
[comm] step=   2  agent_3  my_pos=(-0.101,-4.551)  candidates=[np.int64(0)]  received=1/1
    slot[0] neighbor=agent_0 dist=2.345m  n_pos=(0.348,-2.248)  rel_pos=(0.448,2.302)
[graph] step=   3  comm_range=3.5m
  robot_0 pos=( 0.341,-2.244) status=active
    adj=[1  0  1  1]  dist=[ 0.00   4.81   1.64   2.35]  neighbors=[2, 3]
  robot_1 pos=( 4.600,-0.000) status=active
    adj=[0  1  0  0]  dist=[ 4.81   0.00   4.70   6.54]  neighbors=[]
  robot_2 pos=(-0.050,-0.650) status=active
    adj=[1  0  1  0]  dist=[ 1.64   4.70   0.00   3.90]  neighbors=[0]
  robot_3 pos=(-0.101,-4.551) status=active
    adj=[1  0  0  1]  dist=[ 2.35   6.54   3.90   0.00]  neighbors=[0]
[comm] step=   3  agent_0  my_pos=(0.341,-2.244)  candidates=[np.int64(2), np.int64(3)]  received=2/2
    slot[0] neighbor=agent_2 dist=1.642m  n_pos=(-0.050,-0.650)  rel_pos=(-0.391,1.594)
    slot[1] neighbor=agent_3 dist=2.349m  n_pos=(-0.101,-4.551)  rel_pos=(-0.443,-2.307)
[comm] step=   3  agent_1  my_pos=(4.600,-0.000)  candidates=[]  received=0/0
    (无有效邻居: 范围外/丢包/延迟填零)
[comm] step=   3  agent_2  my_pos=(-0.050,-0.650)  candidates=[np.int64(0)]  received=1/1
    slot[0] neighbor=agent_0 dist=1.642m  n_pos=(0.341,-2.244)  rel_pos=(0.391,-1.594)
[comm] step=   3  agent_3  my_pos=(-0.101,-4.551)  candidates=[np.int64(0)]  received=1/1
    slot[0] neighbor=agent_0 dist=2.349m  n_pos=(0.341,-2.244)  rel_pos=(0.443,2.307)

============================================================
🏁 Episode 结束 (too_many_failed)
   步数: 1075/2000
   完成: 2/4
   活跃: 2  失败: 2
============================================================

⚠️ Robot 1: 强制路线非法，回退随机安全采样 start=(-4.20,-1.40) goal=(4.20,-1.40)
⚠️ Robot 2: 强制路线非法，回退随机安全采样 start=(4.20,-1.40) goal=(-4.20,-1.40)
⚠️ Robot 3: 强制路线非法，回退随机安全采样 start=(-2.60,-3.80) goal=(2.60,3.80)
[graph] step=   0  comm_range=3.5m
  robot_0 pos=( 0.000, 4.800) status=active
    adj=[1  0  0  0]  dist=[ 0.00   6.75   5.09   6.25]  neighbors=[]
  robot_1 pos=(-5.250, 0.550) status=active
    adj=[0  1  0  0]  dist=[ 6.75   0.00   5.95   4.86]  neighbors=[]
  robot_2 pos=( 0.650,-0.250) status=active
    adj=[0  0  1  1]  dist=[ 5.09   5.95   0.00   1.85]  neighbors=[3]
  robot_3 pos=(-0.800,-1.400) status=active
    adj=[0  0  1  1]  dist=[ 6.25   4.86   1.85   0.00]  neighbors=[2]
