/home/wj/work/multi-robot-exploration-rl/install/sb3_training/lib/python3.10/site-packages/sb3_training/independent_env.py
/home/wj/work/multi-robot-exploration-rl/install/sb3_training/lib/python3.10/site-packages/sb3_training/global_planner.py
/home/wj/work/multi-robot-exploration-rl/install/sb3_training/lib/python3.10/site-packages/sb3_training/waypoint_visualizer_OLD.py
/home/wj/work/multi-robot-exploration-rl/install/sb3_training/lib/python3.10/site-packages/sb3_training/__init__.py
/home/wj/work/multi-robot-exploration-rl/install/sb3_training/lib/python3.10/site-packages/sb3_training/train_ppo.py
/home/wj/work/multi-robot-exploration-rl/install/sb3_training/lib/python3.10/site-packages/sb3_training/single_robot_env.py
/home/wj/work/multi-robot-exploration-rl/install/sb3_training/lib/python3.10/site-packages/sb3_training/waypoint_visualizer.py
/home/wj/work/multi-robot-exploration-rl/install/sb3_training/lib/python3.10/site-packages/sb3_training/test_ppo.py
/home/wj/work/multi-robot-exploration-rl/install/sb3_training/lib/python3.10/site-packages/sb3_training/__pycache__/independent_env.cpython-310.pyc
/home/wj/work/multi-robot-exploration-rl/install/sb3_training/lib/python3.10/site-packages/sb3_training/__pycache__/global_planner.cpython-310.pyc
/home/wj/work/multi-robot-exploration-rl/install/sb3_training/lib/python3.10/site-packages/sb3_training/__pycache__/waypoint_visualizer_OLD.cpython-310.pyc
/home/wj/work/multi-robot-exploration-rl/install/sb3_training/lib/python3.10/site-packages/sb3_training/__pycache__/__init__.cpython-310.pyc
/home/wj/work/multi-robot-exploration-rl/install/sb3_training/lib/python3.10/site-packages/sb3_training/__pycache__/train_ppo.cpython-310.pyc
/home/wj/work/multi-robot-exploration-rl/install/sb3_training/lib/python3.10/site-packages/sb3_training/__pycache__/single_robot_env.cpython-310.pyc
/home/wj/work/multi-robot-exploration-rl/install/sb3_training/lib/python3.10/site-packages/sb3_training/__pycache__/waypoint_visualizer.cpython-310.pyc
/home/wj/work/multi-robot-exploration-rl/install/sb3_training/lib/python3.10/site-packages/sb3_training/__pycache__/test_ppo.cpython-310.pyc
/home/wj/work/multi-robot-exploration-rl/install/sb3_training/share/ament_index/resource_index/packages/sb3_training
/home/wj/work/multi-robot-exploration-rl/install/sb3_training/share/sb3_training/package.xml
/home/wj/work/multi-robot-exploration-rl/install/sb3_training/share/sb3_training/launch/train_ppo.launch.py
/home/wj/work/multi-robot-exploration-rl/install/sb3_training/lib/python3.10/site-packages/sb3_training-0.0.1-py3.10.egg-info/SOURCES.txt
/home/wj/work/multi-robot-exploration-rl/install/sb3_training/lib/python3.10/site-packages/sb3_training-0.0.1-py3.10.egg-info/entry_points.txt
/home/wj/work/multi-robot-exploration-rl/install/sb3_training/lib/python3.10/site-packages/sb3_training-0.0.1-py3.10.egg-info/zip-safe
/home/wj/work/multi-robot-exploration-rl/install/sb3_training/lib/python3.10/site-packages/sb3_training-0.0.1-py3.10.egg-info/PKG-INFO
/home/wj/work/multi-robot-exploration-rl/install/sb3_training/lib/python3.10/site-packages/sb3_training-0.0.1-py3.10.egg-info/dependency_links.txt
/home/wj/work/multi-robot-exploration-rl/install/sb3_training/lib/python3.10/site-packages/sb3_training-0.0.1-py3.10.egg-info/requires.txt
/home/wj/work/multi-robot-exploration-rl/install/sb3_training/lib/python3.10/site-packages/sb3_training-0.0.1-py3.10.egg-info/top_level.txt
/home/wj/work/multi-robot-exploration-rl/install/sb3_training/lib/sb3_training/train_ppo
