2026-06-07 14:58:50,038	INFO worker.py:2013 -- Started a local Ray instance.
/home/wj/anaconda3/envs/ros2/lib/python3.10/site-packages/ray/rllib/algorithms/algorithm.py:527: RayDeprecationWarning: This API is deprecated and may be removed in future Ray releases. You could suppress this warning by setting env variable PYTHONWARNINGS="ignore::DeprecationWarning"
`UnifiedLogger` will be removed in Ray 2.7.
  return UnifiedLogger(config, logdir, loggers=None)
/home/wj/anaconda3/envs/ros2/lib/python3.10/site-packages/ray/tune/logger/unified.py:53: RayDeprecationWarning: This API is deprecated and may be removed in future Ray releases. You could suppress this warning by setting env variable PYTHONWARNINGS="ignore::DeprecationWarning"
The `JsonLogger interface is deprecated in favor of the `ray.tune.json.JsonLoggerCallback` interface and will be removed in Ray 2.7.
  self._loggers.append(cls(self.config, self.logdir, self.trial))
/home/wj/anaconda3/envs/ros2/lib/python3.10/site-packages/ray/tune/logger/unified.py:53: RayDeprecationWarning: This API is deprecated and may be removed in future Ray releases. You could suppress this warning by setting env variable PYTHONWARNINGS="ignore::DeprecationWarning"
The `CSVLogger interface is deprecated in favor of the `ray.tune.csv.CSVLoggerCallback` interface and will be removed in Ray 2.7.
  self._loggers.append(cls(self.config, self.logdir, self.trial))
/home/wj/anaconda3/envs/ros2/lib/python3.10/site-packages/ray/tune/logger/unified.py:53: RayDeprecationWarning: This API is deprecated and may be removed in future Ray releases. You could suppress this warning by setting env variable PYTHONWARNINGS="ignore::DeprecationWarning"
The `TBXLogger interface is deprecated in favor of the `ray.tune.tensorboardx.TBXLoggerCallback` interface and will be removed in Ray 2.7.
  self._loggers.append(cls(self.config, self.logdir, self.trial))
[2026-06-07 14:58:50,756 E 2588924 2588924] core_worker.cc:2232: Actor with class name: 'RolloutWorker' and ID: 'b858d1057ddce9eb25593e9501000000' has constructor arguments in the object store and max_restarts > 0. If the arguments in the object store go out of scope or are lost, the actor restart will fail. See https://github.com/ray-project/ray/issues/53727 for more details.
2026-06-07 14:58:56,119	ERROR actor_manager.py:973 -- Ray error (The actor died because of an error raised in its creation task, [36mray::RolloutWorker.__init__()[39m (pid=2590808, ip=198.18.0.1, actor_id=b858d1057ddce9eb25593e9501000000, repr=<ray.rllib.evaluation.rollout_worker.RolloutWorker object at 0x719d15da2020>)
  File "/home/wj/anaconda3/envs/ros2/lib/python3.10/site-packages/ray/rllib/evaluation/rollout_worker.py", line 396, in __init__
    self.env = env_creator(copy.deepcopy(self.env_context))
  File "/home/wj/work/multi-robot-exploration-rl/src/gnn_marl_training/gnn_marl_training/gnn_marl_env.py", line 2163, in env_creator
    return GNNMARLEnv(env_config)
  File "/home/wj/work/multi-robot-exploration-rl/src/gnn_marl_training/gnn_marl_training/gnn_marl_env.py", line 328, in __init__
    self.agents[f"agent_{i}"] = IndependentRobotEnv(**supported_kwargs)
  File "/home/wj/work/multi-robot-exploration-rl/src/gnn_marl_training/gnn_marl_training/gnn_marl_env.py", line 2352, in __init__
    configure_independent_env_action_observation_spaces(
  File "/home/wj/work/multi-robot-exploration-rl/src/gnn_marl_training/gnn_marl_training/env_space_reward_utils.py", line 273, in configure_independent_env_action_observation_spaces
    env.observation_space = spaces.Box(
NameError: name 'spaces' is not defined), taking actor 1 out of service.
2026-06-07 14:58:56,119	ERROR env_runner_group.py:791 -- Validation of EnvRunner failed! Error=The actor died because of an error raised in its creation task, [36mray::RolloutWorker.__init__()[39m (pid=2590808, ip=198.18.0.1, actor_id=b858d1057ddce9eb25593e9501000000, repr=<ray.rllib.evaluation.rollout_worker.RolloutWorker object at 0x719d15da2020>)
  File "/home/wj/anaconda3/envs/ros2/lib/python3.10/site-packages/ray/rllib/evaluation/rollout_worker.py", line 396, in __init__
    self.env = env_creator(copy.deepcopy(self.env_context))
  File "/home/wj/work/multi-robot-exploration-rl/src/gnn_marl_training/gnn_marl_training/gnn_marl_env.py", line 2163, in env_creator
    return GNNMARLEnv(env_config)
  File "/home/wj/work/multi-robot-exploration-rl/src/gnn_marl_training/gnn_marl_training/gnn_marl_env.py", line 328, in __init__
    self.agents[f"agent_{i}"] = IndependentRobotEnv(**supported_kwargs)
  File "/home/wj/work/multi-robot-exploration-rl/src/gnn_marl_training/gnn_marl_training/gnn_marl_env.py", line 2352, in __init__
    configure_independent_env_action_observation_spaces(
  File "/home/wj/work/multi-robot-exploration-rl/src/gnn_marl_training/gnn_marl_training/env_space_reward_utils.py", line 273, in configure_independent_env_action_observation_spaces
    env.observation_space = spaces.Box(
NameError: name 'spaces' is not defined
ℹ️ Method3 + map6(interaction_hub) 自动启用交互专项默认值: num_obstacles=0, obs_speed_scale=0.0
================================================================================
🚀 GNN-MAPPO 课程学习训练  [最近邻感知图]
================================================================================
  环境阶段:     1 · Stage 1 · 静态入门
  机器人数量:   4
  通信范围:     3.5 m
  感知邻域:     3.5 m
  并行Workers:  1
  采样设置:     timeout=1200s fragment=1000 mode=truncate_episodes
  训练步数:     10,000
  动作模式:     interaction_mode
  PPO配置:      interaction_mode  (clip=0.2, ent=0.008, mb=1024, epochs=8)
  GAT Actor:    neighbor  bias=2.50
  GAT Critic:   mlp
  需要环境:     ros2 launch start_rl_environment_tb3 main.launch.py map_number:=6 robot_number:=4 num_obstacles:=0 obs_speed_scale:=0.0
  通信设置:     mode=decentralized graph_source=comm_only  (dropout=5%, latency=1, jitter=1, noise=0.02, max_age=0.30s)
  冲突路线:     mode=mixed prob=0.85
================================================================================

📚 阶段1：保持完美通信，直接学习通信版 social-risk 图...

[36m(RolloutWorker pid=2590808)[0m 🤖 环境初始化: Namespace='/tb3_0', ModelName='tb3_0'
[36m(RolloutWorker pid=2590808)[0m ✅ Map 6: 预计算安全 spawn 点 11100 个 (clearance=0.40m)
[36m(RolloutWorker pid=2590808)[0m ✅ Robot 0: A*规划器初始化完成
Traceback (most recent call last):
  File "/home/wj/work/multi-robot-exploration-rl/src/gnn_marl_training/gnn_marl_training/train_gnn_mappo_full.py", line 2225, in <module>
    main()
  File "/home/wj/work/multi-robot-exploration-rl/src/gnn_marl_training/gnn_marl_training/train_gnn_mappo_full.py", line 2160, in main
    ckpt = _run_tune(
  File "/home/wj/work/multi-robot-exploration-rl/src/gnn_marl_training/gnn_marl_training/train_gnn_mappo_full.py", line 1332, in _run_tune
    return _run_training(
  File "/home/wj/work/multi-robot-exploration-rl/src/gnn_marl_training/gnn_marl_training/train_gnn_mappo_full.py", line 772, in _run_training
    algo = config.build()
  File "/home/wj/anaconda3/envs/ros2/lib/python3.10/site-packages/ray/_common/deprecation.py", line 169, in _ctor
    return obj(*args, **kwargs)
  File "/home/wj/anaconda3/envs/ros2/lib/python3.10/site-packages/ray/rllib/algorithms/algorithm_config.py", line 5906, in build
    return self.build_algo(*args, **kwargs)
  File "/home/wj/anaconda3/envs/ros2/lib/python3.10/site-packages/ray/rllib/algorithms/algorithm_config.py", line 1007, in build_algo
    return algo_class(
  File "/home/wj/anaconda3/envs/ros2/lib/python3.10/site-packages/ray/rllib/algorithms/algorithm.py", line 583, in __init__
    super().__init__(
  File "/home/wj/anaconda3/envs/ros2/lib/python3.10/site-packages/ray/tune/trainable/trainable.py", line 158, in __init__
    self.setup(copy.deepcopy(self.config))
  File "/home/wj/anaconda3/envs/ros2/lib/python3.10/site-packages/ray/rllib/algorithms/algorithm.py", line 849, in setup
    self.env_runner_group = EnvRunnerGroup(
  File "/home/wj/anaconda3/envs/ros2/lib/python3.10/site-packages/ray/rllib/env/env_runner_group.py", line 197, in __init__
    self._setup(
  File "/home/wj/anaconda3/envs/ros2/lib/python3.10/site-packages/ray/rllib/env/env_runner_group.py", line 285, in _setup
    spaces = self.get_spaces()
  File "/home/wj/anaconda3/envs/ros2/lib/python3.10/site-packages/ray/rllib/env/env_runner_group.py", line 313, in get_spaces
    spaces = self.foreach_env_runner(
IndexError: list index out of range
[36m(RolloutWorker pid=2590808)[0m [INFO] [1780815536.073269854] [gym_env_robot_0_80637]: ✅ 路径可视化器已启动，路径话题: /waypoint_markers, tracking话题: /rolling_subgoal_markers
[36m(RolloutWorker pid=2590808)[0m Exception raised in creation task: The actor died because of an error raised in its creation task, [36mray::RolloutWorker.__init__()[39m (pid=2590808, ip=198.18.0.1, actor_id=b858d1057ddce9eb25593e9501000000, repr=<ray.rllib.evaluation.rollout_worker.RolloutWorker object at 0x719d15da2020>)
[36m(RolloutWorker pid=2590808)[0m   File "/home/wj/anaconda3/envs/ros2/lib/python3.10/site-packages/ray/rllib/evaluation/rollout_worker.py", line 396, in __init__
[36m(RolloutWorker pid=2590808)[0m     self.env = env_creator(copy.deepcopy(self.env_context))
[36m(RolloutWorker pid=2590808)[0m   File "/home/wj/work/multi-robot-exploration-rl/src/gnn_marl_training/gnn_marl_training/gnn_marl_env.py", line 2163, in env_creator
[36m(RolloutWorker pid=2590808)[0m     return GNNMARLEnv(env_config)
[36m(RolloutWorker pid=2590808)[0m   File "/home/wj/work/multi-robot-exploration-rl/src/gnn_marl_training/gnn_marl_training/gnn_marl_env.py", line 328, in __init__
[36m(RolloutWorker pid=2590808)[0m     self.agents[f"agent_{i}"] = IndependentRobotEnv(**supported_kwargs)
[36m(RolloutWorker pid=2590808)[0m   File "/home/wj/work/multi-robot-exploration-rl/src/gnn_marl_training/gnn_marl_training/gnn_marl_env.py", line 2352, in __init__
[36m(RolloutWorker pid=2590808)[0m     configure_independent_env_action_observation_spaces(
[36m(RolloutWorker pid=2590808)[0m   File "/home/wj/work/multi-robot-exploration-rl/src/gnn_marl_training/gnn_marl_training/env_space_reward_utils.py", line 273, in configure_independent_env_action_observation_spaces
[36m(RolloutWorker pid=2590808)[0m     env.observation_space = spaces.Box(
[36m(RolloutWorker pid=2590808)[0m NameError: name 'spaces' is not defined

===== RESUME 2026-06-07 15:02:06 | stage=1 =====
resume_checkpoint=<none>
2026-06-07 15:02:15,180	INFO worker.py:2013 -- Started a local Ray instance.
/home/wj/anaconda3/envs/ros2/lib/python3.10/site-packages/ray/rllib/algorithms/algorithm.py:527: RayDeprecationWarning: This API is deprecated and may be removed in future Ray releases. You could suppress this warning by setting env variable PYTHONWARNINGS="ignore::DeprecationWarning"
`UnifiedLogger` will be removed in Ray 2.7.
  return UnifiedLogger(config, logdir, loggers=None)
/home/wj/anaconda3/envs/ros2/lib/python3.10/site-packages/ray/tune/logger/unified.py:53: RayDeprecationWarning: This API is deprecated and may be removed in future Ray releases. You could suppress this warning by setting env variable PYTHONWARNINGS="ignore::DeprecationWarning"
The `JsonLogger interface is deprecated in favor of the `ray.tune.json.JsonLoggerCallback` interface and will be removed in Ray 2.7.
  self._loggers.append(cls(self.config, self.logdir, self.trial))
/home/wj/anaconda3/envs/ros2/lib/python3.10/site-packages/ray/tune/logger/unified.py:53: RayDeprecationWarning: This API is deprecated and may be removed in future Ray releases. You could suppress this warning by setting env variable PYTHONWARNINGS="ignore::DeprecationWarning"
The `CSVLogger interface is deprecated in favor of the `ray.tune.csv.CSVLoggerCallback` interface and will be removed in Ray 2.7.
  self._loggers.append(cls(self.config, self.logdir, self.trial))
/home/wj/anaconda3/envs/ros2/lib/python3.10/site-packages/ray/tune/logger/unified.py:53: RayDeprecationWarning: This API is deprecated and may be removed in future Ray releases. You could suppress this warning by setting env variable PYTHONWARNINGS="ignore::DeprecationWarning"
The `TBXLogger interface is deprecated in favor of the `ray.tune.tensorboardx.TBXLoggerCallback` interface and will be removed in Ray 2.7.
  self._loggers.append(cls(self.config, self.logdir, self.trial))
[2026-06-07 15:02:15,881 E 2623579 2623579] core_worker.cc:2232: Actor with class name: 'RolloutWorker' and ID: '7aeca7e66eab5aa7d97c706201000000' has constructor arguments in the object store and max_restarts > 0. If the arguments in the object store go out of scope or are lost, the actor restart will fail. See https://github.com/ray-project/ray/issues/53727 for more details.
[36m(RolloutWorker pid=2625387)[0m [INFO] [1780815741.008645291] [gym_env_robot_0_10113]: ✅ 路径可视化器已启动，路径话题: /waypoint_markers, tracking话题: /rolling_subgoal_markers
[36m(RolloutWorker pid=2625387)[0m [INFO] [1780815741.040012063] [gym_env_robot_1_9053]: ✅ 路径可视化器已启动，路径话题: /waypoint_markers, tracking话题: /rolling_subgoal_markers
[36m(RolloutWorker pid=2625387)[0m [INFO] [1780815741.060394580] [gym_env_robot_2_80824]: ✅ 路径可视化器已启动，路径话题: /waypoint_markers, tracking话题: /rolling_subgoal_markers
[36m(RolloutWorker pid=2625387)[0m [INFO] [1780815741.079647186] [gym_env_robot_3_85107]: ✅ 路径可视化器已启动，路径话题: /waypoint_markers, tracking话题: /rolling_subgoal_markers
[INFO] [1780815743.630264314] [gym_env_robot_0_54830]: ✅ 路径可视化器已启动，路径话题: /waypoint_markers, tracking话题: /rolling_subgoal_markers
[INFO] [1780815743.669159704] [gym_env_robot_1_60948]: ✅ 路径可视化器已启动，路径话题: /waypoint_markers, tracking话题: /rolling_subgoal_markers
[INFO] [1780815743.691157389] [gym_env_robot_2_4403]: ✅ 路径可视化器已启动，路径话题: /waypoint_markers, tracking话题: /rolling_subgoal_markers
[INFO] [1780815743.715444890] [gym_env_robot_3_27158]: ✅ 路径可视化器已启动，路径话题: /waypoint_markers, tracking话题: /rolling_subgoal_markers
2026-06-07 15:02:26,755	INFO trainable.py:161 -- Trainable.setup took 10.953 seconds. If your trainable is slow to initialize, consider setting reuse_actors=True to reduce actor creation overheads.
2026-06-07 15:02:26,755	WARNING util.py:62 -- Install gputil for GPU system monitoring.
ℹ️ Method3 + map6(interaction_hub) 自动启用交互专项默认值: num_obstacles=0, obs_speed_scale=0.0
================================================================================
🚀 GNN-MAPPO 课程学习训练  [最近邻感知图]
================================================================================
  环境阶段:     1 · Stage 1 · 静态入门
  机器人数量:   4
  通信范围:     3.5 m
  感知邻域:     3.5 m
  并行Workers:  1
  采样设置:     timeout=1200s fragment=1000 mode=truncate_episodes
  训练步数:     10,000
  动作模式:     interaction_mode
  PPO配置:      interaction_mode  (clip=0.2, ent=0.008, mb=1024, epochs=8)
  GAT Actor:    neighbor  bias=2.50
  GAT Critic:   mlp
  需要环境:     ros2 launch start_rl_environment_tb3 main.launch.py map_number:=6 robot_number:=4 num_obstacles:=0 obs_speed_scale:=0.0
  通信设置:     mode=decentralized graph_source=comm_only  (dropout=5%, latency=1, jitter=1, noise=0.02, max_age=0.30s)
  冲突路线:     mode=mixed prob=0.85
================================================================================

📚 阶段1：保持完美通信，直接学习通信版 social-risk 图...

[36m(RolloutWorker pid=2625387)[0m 🤖 环境初始化: Namespace='/tb3_0', ModelName='tb3_0'
[36m(RolloutWorker pid=2625387)[0m ✅ Map 6: 预计算安全 spawn 点 11100 个 (clearance=0.40m)
[36m(RolloutWorker pid=2625387)[0m ✅ Robot 0: A*规划器初始化完成
[36m(RolloutWorker pid=2625387)[0m 🤖 环境初始化: Namespace='/tb3_1', ModelName='tb3_1'
[36m(RolloutWorker pid=2625387)[0m ✅ Map 6: 预计算安全 spawn 点 11100 个 (clearance=0.40m)
[36m(RolloutWorker pid=2625387)[0m ✅ Robot 1: A*规划器初始化完成
[36m(RolloutWorker pid=2625387)[0m 🤖 环境初始化: Namespace='/tb3_2', ModelName='tb3_2'
[36m(RolloutWorker pid=2625387)[0m ✅ Map 6: 预计算安全 spawn 点 11100 个 (clearance=0.40m)
[36m(RolloutWorker pid=2625387)[0m ✅ Robot 2: A*规划器初始化完成
[36m(RolloutWorker pid=2625387)[0m 🤖 环境初始化: Namespace='/tb3_3', ModelName='tb3_3'
[36m(RolloutWorker pid=2625387)[0m ✅ Map 6: 预计算安全 spawn 点 11100 个 (clearance=0.40m)
[36m(RolloutWorker pid=2625387)[0m ✅ Robot 3: A*规划器初始化完成
🤖 环境初始化: Namespace='/tb3_0', ModelName='tb3_0'
✅ Map 6: 预计算安全 spawn 点 11100 个 (clearance=0.40m)
✅ Robot 0: A*规划器初始化完成
🤖 环境初始化: Namespace='/tb3_1', ModelName='tb3_1'
✅ Map 6: 预计算安全 spawn 点 11100 个 (clearance=0.40m)
✅ Robot 1: A*规划器初始化完成
🤖 环境初始化: Namespace='/tb3_2', ModelName='tb3_2'
✅ Map 6: 预计算安全 spawn 点 11100 个 (clearance=0.40m)
✅ Robot 2: A*规划器初始化完成
🤖 环境初始化: Namespace='/tb3_3', ModelName='tb3_3'
✅ Map 6: 预计算安全 spawn 点 11100 个 (clearance=0.40m)
✅ Robot 3: A*规划器初始化完成
[36m(RolloutWorker pid=2625387)[0m ⚠️ Robot 0: 强制路线非法，回退随机安全采样 start=(-4.80,0.80) goal=(-0.80,-2.60)
[36m(RolloutWorker pid=2625387)[0m ⚠️ Robot 1: 强制路线非法，回退随机安全采样 start=(-4.20,1.40) goal=(4.20,1.40)
[36m(RolloutWorker pid=2625387)[0m ⚠️ Robot 3: 强制路线非法，回退随机安全采样 start=(2.60,-3.80) goal=(-2.60,3.80)
[36m(RolloutWorker pid=2625387)[0m [graph] step=   0 source=comm_only comm_range=3.5m
[36m(RolloutWorker pid=2625387)[0m   robot_0 pos=(-0.500,-2.000) status=active
[36m(RolloutWorker pid=2625387)[0m     adj=[1  1  0  1]  dist=[ 0.00   2.23   6.82   5.57]  quality=[1.00  1.00  0.00  0.63]  neighbors=[1, 3]
[36m(RolloutWorker pid=2625387)[0m   robot_1 pos=(-2.100,-0.450) status=active
[36m(RolloutWorker pid=2625387)[0m     adj=[1  1  1  1]  dist=[ 2.23   0.00   5.65   3.43]  quality=[1.00  1.00  0.62  1.00]  neighbors=[0, 2, 3]
[36m(RolloutWorker pid=2625387)[0m   robot_2 pos=( 0.000, 4.800) status=active
[36m(RolloutWorker pid=2625387)[0m     adj=[0  1  1  0]  dist=[ 6.82   5.65   0.00   6.54]  quality=[0.00  0.62  1.00  0.00]  neighbors=[1]
[36m(RolloutWorker pid=2625387)[0m   robot_3 pos=(-5.250, 0.900) status=active
[36m(RolloutWorker pid=2625387)[0m     adj=[0  1  0  1]  dist=[ 0.00   3.43   6.54   0.00]  quality=[0.00  1.00  0.00  1.00]  neighbors=[1]
[36m(RolloutWorker pid=2625387)[0m [comm_only] step=   0  agent_0  my_pos=(-0.500,-2.000)  received=1 fallback=0
[36m(RolloutWorker pid=2625387)[0m     slot[0] neighbor=agent_1 dist=2.228m age=0.150s quality=1.00  n_pos=(-2.066,-0.436)  rel_pos=(-1.566,1.564)
[36m(RolloutWorker pid=2625387)[0m [comm_only] step=   0  agent_1  my_pos=(-2.100,-0.450)  received=3 fallback=0
[36m(RolloutWorker pid=2625387)[0m     slot[0] neighbor=agent_0 dist=2.228m age=0.150s quality=1.00  n_pos=(-0.529,-2.014)  rel_pos=(1.571,-1.564)
[36m(RolloutWorker pid=2625387)[0m     slot[1] neighbor=agent_3 dist=3.427m age=0.150s quality=1.00  n_pos=(-5.257,0.925)  rel_pos=(-3.157,1.375)
[36m(RolloutWorker pid=2625387)[0m     slot[2] neighbor=agent_2 dist=5.654m age=0.150s quality=0.62  n_pos=(0.036,4.810)  rel_pos=(2.136,5.260)
[36m(RolloutWorker pid=2625387)[0m [comm_only] step=   0  agent_2  my_pos=(0.000,4.800)  received=1 fallback=0
[36m(RolloutWorker pid=2625387)[0m     slot[0] neighbor=agent_1 dist=5.654m age=0.150s quality=0.62  n_pos=(-2.115,-0.442)  rel_pos=(-2.115,-5.242)
[36m(RolloutWorker pid=2625387)[0m [comm_only] step=   0  agent_3  my_pos=(-5.250,0.900)  received=1 fallback=0
[36m(RolloutWorker pid=2625387)[0m     slot[0] neighbor=agent_1 dist=3.427m age=0.150s quality=1.00  n_pos=(-2.099,-0.425)  rel_pos=(3.151,-1.325)
[36m(RolloutWorker pid=2625387)[0m [graph] step=   1 source=comm_only comm_range=3.5m
[36m(RolloutWorker pid=2625387)[0m   robot_0 pos=(-0.500,-2.000) status=active
[36m(RolloutWorker pid=2625387)[0m     adj=[1  1  0  1]  dist=[ 0.00   2.23   6.82   5.57]  quality=[1.00  1.00  0.00  0.63]  neighbors=[1, 3]
[36m(RolloutWorker pid=2625387)[0m   robot_1 pos=(-2.100,-0.450) status=active
[36m(RolloutWorker pid=2625387)[0m     adj=[0  1  1  1]  dist=[ 0.00   0.00   5.65   3.43]  quality=[0.00  1.00  0.62  1.00]  neighbors=[2, 3]
[36m(RolloutWorker pid=2625387)[0m   robot_2 pos=( 0.000, 4.800) status=active
[36m(RolloutWorker pid=2625387)[0m     adj=[1  0  1  0]  dist=[ 6.82   0.00   0.00   6.54]  quality=[0.41  0.00  1.00  0.00]  neighbors=[0]
[36m(RolloutWorker pid=2625387)[0m   robot_3 pos=(-5.250, 0.900) status=active
[36m(RolloutWorker pid=2625387)[0m     adj=[1  1  1  1]  dist=[ 5.57   3.43   6.54   0.00]  quality=[0.63  1.00  0.46  1.00]  neighbors=[0, 1, 2]
[36m(RolloutWorker pid=2625387)[0m [comm_only] step=   1  agent_0  my_pos=(-0.500,-2.000)  received=1 fallback=0
[36m(RolloutWorker pid=2625387)[0m     slot[0] neighbor=agent_1 dist=2.228m age=0.150s quality=1.00  n_pos=(-2.103,-0.459)  rel_pos=(-1.603,1.541)
[36m(RolloutWorker pid=2625387)[0m [comm_only] step=   1  agent_1  my_pos=(-2.100,-0.450)  received=0 fallback=0
[36m(RolloutWorker pid=2625387)[0m     (无有效邻居: 范围外/丢包/延迟/消息过期，slot 填零)
[36m(RolloutWorker pid=2625387)[0m [comm_only] step=   1  agent_2  my_pos=(0.000,4.800)  received=1 fallback=0
[36m(RolloutWorker pid=2625387)[0m     slot[0] neighbor=agent_0 dist=6.818m age=0.150s quality=0.41  n_pos=(-0.507,-2.018)  rel_pos=(-0.507,-6.818)
[36m(RolloutWorker pid=2625387)[0m [comm_only] step=   1  agent_3  my_pos=(-5.250,0.900)  received=3 fallback=0
[36m(RolloutWorker pid=2625387)[0m     slot[0] neighbor=agent_1 dist=3.427m age=0.150s quality=1.00  n_pos=(-2.118,-0.459)  rel_pos=(3.132,-1.359)
[36m(RolloutWorker pid=2625387)[0m     slot[1] neighbor=agent_0 dist=5.565m age=0.150s quality=0.63  n_pos=(-0.527,-2.001)  rel_pos=(4.723,-2.901)
[36m(RolloutWorker pid=2625387)[0m     slot[2] neighbor=agent_2 dist=6.540m age=0.150s quality=0.46  n_pos=(0.025,4.794)  rel_pos=(5.275,3.894)
[36m(RolloutWorker pid=2625387)[0m [graph] step=   2 source=comm_only comm_range=3.5m
[36m(RolloutWorker pid=2625387)[0m   robot_0 pos=(-0.500,-2.000) status=active
[36m(RolloutWorker pid=2625387)[0m     adj=[1  1  1  1]  dist=[ 0.00   2.23   6.82   5.57]  quality=[1.00  1.00  0.41  0.63]  neighbors=[1, 2, 3]
[36m(RolloutWorker pid=2625387)[0m   robot_1 pos=(-2.100,-0.450) status=active
[36m(RolloutWorker pid=2625387)[0m     adj=[1  1  1  1]  dist=[ 2.23   0.00   5.65   3.43]  quality=[1.00  1.00  0.62  1.00]  neighbors=[0, 2, 3]
[36m(RolloutWorker pid=2625387)[0m   robot_2 pos=( 0.000, 4.800) status=active
[36m(RolloutWorker pid=2625387)[0m     adj=[1  1  1  0]  dist=[ 6.82   5.65   0.00   6.54]  quality=[0.41  0.62  1.00  0.00]  neighbors=[0, 1]
[36m(RolloutWorker pid=2625387)[0m   robot_3 pos=(-5.250, 0.900) status=active
[36m(RolloutWorker pid=2625387)[0m     adj=[1  1  0  1]  dist=[ 5.57   3.43   6.54   0.00]  quality=[0.63  1.00  0.00  1.00]  neighbors=[0, 1]
[36m(RolloutWorker pid=2625387)[0m [comm_only] step=   2  agent_0  my_pos=(-0.500,-2.000)  received=1 fallback=0
[36m(RolloutWorker pid=2625387)[0m     slot[0] neighbor=agent_1 dist=2.228m age=0.150s quality=1.00  n_pos=(-2.089,-0.451)  rel_pos=(-1.589,1.549)
[36m(RolloutWorker pid=2625387)[0m [comm_only] step=   2  agent_1  my_pos=(-2.100,-0.450)  received=1 fallback=0
[36m(RolloutWorker pid=2625387)[0m     slot[0] neighbor=agent_3 dist=3.427m age=0.150s quality=1.00  n_pos=(-5.213,0.908)  rel_pos=(-3.113,1.358)
[36m(RolloutWorker pid=2625387)[0m [comm_only] step=   2  agent_2  my_pos=(0.000,4.800)  received=2 fallback=0
[36m(RolloutWorker pid=2625387)[0m     slot[0] neighbor=agent_1 dist=5.654m age=0.150s quality=0.62  n_pos=(-2.108,-0.428)  rel_pos=(-2.108,-5.228)
[36m(RolloutWorker pid=2625387)[0m     slot[1] neighbor=agent_0 dist=6.818m age=0.150s quality=0.41  n_pos=(-0.484,-1.981)  rel_pos=(-0.484,-6.781)
[36m(RolloutWorker pid=2625387)[0m [comm_only] step=   2  agent_3  my_pos=(-5.250,0.900)  received=2 fallback=0
[36m(RolloutWorker pid=2625387)[0m     slot[0] neighbor=agent_1 dist=3.427m age=0.150s quality=1.00  n_pos=(-2.106,-0.416)  rel_pos=(3.144,-1.316)
[36m(RolloutWorker pid=2625387)[0m     slot[1] neighbor=agent_0 dist=5.565m age=0.150s quality=0.63  n_pos=(-0.484,-2.044)  rel_pos=(4.766,-2.944)
[36m(RolloutWorker pid=2625387)[0m [graph] step=   3 source=comm_only comm_range=3.5m
[36m(RolloutWorker pid=2625387)[0m   robot_0 pos=(-0.500,-2.000) status=active
[36m(RolloutWorker pid=2625387)[0m     adj=[1  1  1  0]  dist=[ 0.00   2.23   6.82   5.57]  quality=[1.00  1.00  0.41  0.00]  neighbors=[1, 2]
[36m(RolloutWorker pid=2625387)[0m   robot_1 pos=(-2.100,-0.450) status=active
[36m(RolloutWorker pid=2625387)[0m     adj=[1  1  1  1]  dist=[ 2.23   0.00   5.65   3.43]  quality=[1.00  1.00  0.62  1.00]  neighbors=[0, 2, 3]
[36m(RolloutWorker pid=2625387)[0m   robot_2 pos=( 0.000, 4.800) status=active
[36m(RolloutWorker pid=2625387)[0m     adj=[0  1  1  1]  dist=[ 0.00   5.65   0.00   6.54]  quality=[0.00  0.62  1.00  0.46]  neighbors=[1, 3]
[36m(RolloutWorker pid=2625387)[0m   robot_3 pos=(-5.250, 0.900) status=active
[36m(RolloutWorker pid=2625387)[0m     adj=[0  1  0  1]  dist=[ 5.57   3.43   0.00   0.00]  quality=[0.00  1.00  0.00  1.00]  neighbors=[1]
[36m(RolloutWorker pid=2625387)[0m [comm_only] step=   3  agent_0  my_pos=(-0.500,-2.000)  received=1 fallback=0
[36m(RolloutWorker pid=2625387)[0m     slot[0] neighbor=agent_1 dist=2.228m age=0.150s quality=1.00  n_pos=(-2.091,-0.460)  rel_pos=(-1.591,1.540)
[36m(RolloutWorker pid=2625387)[0m [comm_only] step=   3  agent_1  my_pos=(-2.100,-0.450)  received=3 fallback=0
[36m(RolloutWorker pid=2625387)[0m     slot[0] neighbor=agent_0 dist=2.228m age=0.150s quality=1.00  n_pos=(-0.516,-2.026)  rel_pos=(1.584,-1.576)
[36m(RolloutWorker pid=2625387)[0m     slot[1] neighbor=agent_3 dist=3.427m age=0.150s quality=1.00  n_pos=(-5.227,0.879)  rel_pos=(-3.127,1.329)
[36m(RolloutWorker pid=2625387)[0m     slot[2] neighbor=agent_2 dist=5.654m age=0.150s quality=0.62  n_pos=(-0.032,4.787)  rel_pos=(2.068,5.237)
[36m(RolloutWorker pid=2625387)[0m [comm_only] step=   3  agent_2  my_pos=(0.000,4.800)  received=0 fallback=0
[36m(RolloutWorker pid=2625387)[0m     (无有效邻居: 范围外/丢包/延迟/消息过期，slot 填零)
[36m(RolloutWorker pid=2625387)[0m [comm_only] step=   3  agent_3  my_pos=(-5.250,0.900)  received=1 fallback=0
[36m(RolloutWorker pid=2625387)[0m     slot[0] neighbor=agent_1 dist=3.427m age=0.150s quality=1.00  n_pos=(-2.104,-0.445)  rel_pos=(3.146,-1.345)
[36m(RolloutWorker pid=2625387)[0m ⚠️ Robot 2: 强制路线非法，回退随机安全采样 start=(-4.80,0.80) goal=(4.80,-0.80)
[36m(RolloutWorker pid=2625387)[0m ⚠️ Robot 1: 强制路线非法，回退随机安全采样 start=(-4.20,1.40) goal=(4.20,1.40)
[36m(RolloutWorker pid=2625387)[0m ⚠️ Robot 0: 强制路线非法，回退随机安全采样 start=(4.20,1.40) goal=(-4.20,1.40)
[36m(RolloutWorker pid=2625387)[0m ⚠️ Robot 3: 强制路线非法，回退随机安全采样 start=(-3.80,2.40) goal=(3.80,-2.40)
[36m(RolloutWorker pid=2625387)[0m ⚠️ Robot 2: 强制路线非法，回退随机安全采样 start=(2.60,-3.80) goal=(-2.60,3.80)
[36m(RolloutWorker pid=2625387)[0m ⚠️ Robot 0: 强制路线非法，回退随机安全采样 start=(3.80,2.40) goal=(-3.80,-2.40)
[36m(RolloutWorker pid=2625387)[0m ⚠️ Robot 1: 强制路线非法，回退随机安全采样 start=(-4.20,1.40) goal=(4.20,1.40)
[36m(RolloutWorker pid=2625387)[0m 
[36m(RolloutWorker pid=2625387)[0m ============================================================
[36m(RolloutWorker pid=2625387)[0m 🏁 Episode 结束 (timeout)
[36m(RolloutWorker pid=2625387)[0m    步数: 2000/2000
[36m(RolloutWorker pid=2625387)[0m    完成: 0/4
[36m(RolloutWorker pid=2625387)[0m    活跃: 4  失败: 0
[36m(RolloutWorker pid=2625387)[0m ============================================================
[36m(RolloutWorker pid=2625387)[0m 
[36m(RolloutWorker pid=2625387)[0m ⚠️ Robot 0: 强制路线非法，回退随机安全采样 start=(4.20,1.40) goal=(-4.20,1.40)
[36m(RolloutWorker pid=2625387)[0m ⚠️ Robot 1: 强制路线非法，回退随机安全采样 start=(2.60,-3.80) goal=(-2.60,3.80)
[36m(RolloutWorker pid=2625387)[0m ⚠️ Robot 3: 强制路线非法，回退随机安全采样 start=(3.80,2.40) goal=(-3.80,-2.40)
[36m(RolloutWorker pid=2625387)[0m [graph] step=   0 source=comm_only comm_range=3.5m
[36m(RolloutWorker pid=2625387)[0m   robot_0 pos=(-0.350, 3.200) status=active
[36m(RolloutWorker pid=2625387)[0m     adj=[1  0  0  1]  dist=[ 0.00   5.14   5.89   4.72]  quality=[1.00  0.00  0.00  0.78]  neighbors=[3]
[36m(RolloutWorker pid=2625387)[0m   robot_1 pos=( 0.250,-1.900) status=active
[36m(RolloutWorker pid=2625387)[0m     adj=[1  1  1  1]  dist=[ 5.14   0.00   4.75   1.79]  quality=[0.71  1.00  0.78  1.00]  neighbors=[0, 2, 3]
[36m(RolloutWorker pid=2625387)[0m   robot_2 pos=( 4.600, 0.000) status=active
[36m(RolloutWorker pid=2625387)[0m     adj=[1  0  1  1]  dist=[ 5.89   0.00   0.00   2.97]  quality=[0.57  0.00  1.00  1.00]  neighbors=[0, 3]
[36m(RolloutWorker pid=2625387)[0m   robot_3 pos=( 1.800,-1.000) status=active
[36m(RolloutWorker pid=2625387)[0m     adj=[0  1  1  1]  dist=[ 0.00   1.79   2.97   0.00]  quality=[0.00  1.00  1.00  1.00]  neighbors=[1, 2]
[36m(RolloutWorker pid=2625387)[0m [comm_only] step=   0  agent_0  my_pos=(-0.350,3.200)  received=1 fallback=0
[36m(RolloutWorker pid=2625387)[0m     slot[0] neighbor=agent_3 dist=4.718m age=0.150s quality=0.78  n_pos=(1.785,-0.965)  rel_pos=(2.135,-4.165)
[36m(RolloutWorker pid=2625387)[0m [comm_only] step=   0  agent_1  my_pos=(0.250,-1.900)  received=2 fallback=0
[36m(RolloutWorker pid=2625387)[0m     slot[0] neighbor=agent_3 dist=1.792m age=0.150s quality=1.00  n_pos=(1.804,-1.000)  rel_pos=(1.554,0.900)
[36m(RolloutWorker pid=2625387)[0m     slot[1] neighbor=agent_0 dist=5.135m age=0.150s quality=0.71  n_pos=(-0.361,3.202)  rel_pos=(-0.611,5.102)
[36m(RolloutWorker pid=2625387)[0m [comm_only] step=   0  agent_2  my_pos=(4.600,0.000)  received=1 fallback=0
[36m(RolloutWorker pid=2625387)[0m     slot[0] neighbor=agent_3 dist=2.973m age=0.150s quality=1.00  n_pos=(1.806,-1.006)  rel_pos=(-2.794,-1.006)
[36m(RolloutWorker pid=2625387)[0m [comm_only] step=   0  agent_3  my_pos=(1.800,-1.000)  received=2 fallback=0
[36m(RolloutWorker pid=2625387)[0m     slot[0] neighbor=agent_1 dist=1.792m age=0.150s quality=1.00  n_pos=(0.263,-1.914)  rel_pos=(-1.537,-0.914)
[36m(RolloutWorker pid=2625387)[0m     slot[1] neighbor=agent_2 dist=2.973m age=0.150s quality=1.00  n_pos=(4.621,-0.028)  rel_pos=(2.821,0.972)
[36m(RolloutWorker pid=2625387)[0m [graph] step=   1 source=comm_only comm_range=3.5m
[36m(RolloutWorker pid=2625387)[0m   robot_0 pos=(-0.350, 3.200) status=active
[36m(RolloutWorker pid=2625387)[0m     adj=[1  1  1  1]  dist=[ 0.00   5.14   5.89   4.72]  quality=[1.00  0.71  0.57  0.78]  neighbors=[1, 2, 3]
[36m(RolloutWorker pid=2625387)[0m   robot_1 pos=( 0.250,-1.900) status=active
[36m(RolloutWorker pid=2625387)[0m     adj=[1  1  0  1]  dist=[ 5.14   0.00   4.75   1.79]  quality=[0.71  1.00  0.00  1.00]  neighbors=[0, 3]
[36m(RolloutWorker pid=2625387)[0m   robot_2 pos=( 4.600, 0.000) status=active
[36m(RolloutWorker pid=2625387)[0m     adj=[0  1  1  1]  dist=[ 0.00   4.75   0.00   2.97]  quality=[0.00  0.78  1.00  1.00]  neighbors=[1, 3]
[36m(RolloutWorker pid=2625387)[0m   robot_3 pos=( 1.800,-1.000) status=active
[36m(RolloutWorker pid=2625387)[0m     adj=[1  1  1  1]  dist=[ 4.72   1.79   2.97   0.00]  quality=[0.78  1.00  1.00  1.00]  neighbors=[0, 1, 2]
[36m(RolloutWorker pid=2625387)[0m [comm_only] step=   1  agent_0  my_pos=(-0.350,3.200)  received=3 fallback=0
[36m(RolloutWorker pid=2625387)[0m     slot[0] neighbor=agent_3 dist=4.719m age=0.150s quality=0.78  n_pos=(1.787,-1.009)  rel_pos=(2.137,-4.210)
[36m(RolloutWorker pid=2625387)[0m     slot[1] neighbor=agent_1 dist=5.136m age=0.150s quality=0.71  n_pos=(0.220,-1.890)  rel_pos=(0.570,-5.091)
[36m(RolloutWorker pid=2625387)[0m     slot[2] neighbor=agent_2 dist=5.894m age=0.150s quality=0.57  n_pos=(4.579,-0.019)  rel_pos=(4.929,-3.220)
[36m(RolloutWorker pid=2625387)[0m [comm_only] step=   1  agent_1  my_pos=(0.250,-1.900)  received=2 fallback=0
[36m(RolloutWorker pid=2625387)[0m     slot[0] neighbor=agent_3 dist=1.792m age=0.150s quality=1.00  n_pos=(1.793,-1.017)  rel_pos=(1.543,0.883)
[36m(RolloutWorker pid=2625387)[0m     slot[1] neighbor=agent_0 dist=5.135m age=0.150s quality=0.71  n_pos=(-0.371,3.202)  rel_pos=(-0.621,5.102)
[36m(RolloutWorker pid=2625387)[0m [comm_only] step=   1  agent_2  my_pos=(4.600,0.000)  received=1 fallback=0
[36m(RolloutWorker pid=2625387)[0m     slot[0] neighbor=agent_3 dist=2.973m age=0.150s quality=1.00  n_pos=(1.815,-0.980)  rel_pos=(-2.785,-0.980)
[36m(RolloutWorker pid=2625387)[0m [comm_only] step=   1  agent_3  my_pos=(1.800,-1.000)  received=3 fallback=0
[36m(RolloutWorker pid=2625387)[0m     slot[0] neighbor=agent_1 dist=1.792m age=0.150s quality=1.00  n_pos=(0.235,-1.897)  rel_pos=(-1.565,-0.897)
[36m(RolloutWorker pid=2625387)[0m     slot[1] neighbor=agent_2 dist=2.973m age=0.150s quality=1.00  n_pos=(4.567,0.030)  rel_pos=(2.767,1.030)
[36m(RolloutWorker pid=2625387)[0m     slot[2] neighbor=agent_0 dist=4.718m age=0.150s quality=0.78  n_pos=(-0.352,3.162)  rel_pos=(-2.152,4.162)
[36m(RolloutWorker pid=2625387)[0m [graph] step=   2 source=comm_only comm_range=3.5m
[36m(RolloutWorker pid=2625387)[0m   robot_0 pos=(-0.348, 3.217) status=active
[36m(RolloutWorker pid=2625387)[0m     adj=[1  1  1  0]  dist=[ 0.00   5.15   5.90   4.73]  quality=[1.00  0.71  0.57  0.00]  neighbors=[1, 2]
[36m(RolloutWorker pid=2625387)[0m   robot_1 pos=( 0.250,-1.900) status=active
[36m(RolloutWorker pid=2625387)[0m     adj=[1  1  1  1]  dist=[ 5.14   0.00   4.75   1.79]  quality=[0.71  1.00  0.78  1.00]  neighbors=[0, 2, 3]
[36m(RolloutWorker pid=2625387)[0m   robot_2 pos=( 4.600, 0.000) status=active
[36m(RolloutWorker pid=2625387)[0m     adj=[0  1  1  1]  dist=[ 0.00   4.75   0.00   2.97]  quality=[0.00  0.78  1.00  1.00]  neighbors=[1, 3]
[36m(RolloutWorker pid=2625387)[0m   robot_3 pos=( 1.800,-1.000) status=active
[36m(RolloutWorker pid=2625387)[0m     adj=[0  1  1  1]  dist=[ 4.73   1.79   2.97   0.00]  quality=[0.00  1.00  1.00  1.00]  neighbors=[1, 2]
[36m(RolloutWorker pid=2625387)[0m [comm_only] step=   2  agent_0  my_pos=(-0.348,3.217)  received=1 fallback=0
[36m(RolloutWorker pid=2625387)[0m     slot[0] neighbor=agent_1 dist=5.152m age=0.150s quality=0.71  n_pos=(0.219,-1.930)  rel_pos=(0.567,-5.147)
[36m(RolloutWorker pid=2625387)[0m [comm_only] step=   2  agent_1  my_pos=(0.250,-1.900)  received=3 fallback=0
[36m(RolloutWorker pid=2625387)[0m     slot[0] neighbor=agent_3 dist=1.792m age=0.150s quality=1.00  n_pos=(1.778,-0.985)  rel_pos=(1.528,0.915)
[36m(RolloutWorker pid=2625387)[0m     slot[1] neighbor=agent_2 dist=4.747m age=0.150s quality=0.78  n_pos=(4.596,-0.000)  rel_pos=(4.346,1.900)
[36m(RolloutWorker pid=2625387)[0m     slot[2] neighbor=agent_0 dist=5.135m age=0.150s quality=0.71  n_pos=(-0.385,3.204)  rel_pos=(-0.635,5.104)
[36m(RolloutWorker pid=2625387)[0m [comm_only] step=   2  agent_2  my_pos=(4.600,0.000)  received=1 fallback=0
[36m(RolloutWorker pid=2625387)[0m     slot[0] neighbor=agent_3 dist=2.973m age=0.150s quality=1.00  n_pos=(1.848,-0.969)  rel_pos=(-2.752,-0.969)
[36m(RolloutWorker pid=2625387)[0m [comm_only] step=   2  agent_3  my_pos=(1.800,-1.000)  received=2 fallback=0
[36m(RolloutWorker pid=2625387)[0m     slot[0] neighbor=agent_1 dist=1.792m age=0.150s quality=1.00  n_pos=(0.228,-1.904)  rel_pos=(-1.572,-0.904)
[36m(RolloutWorker pid=2625387)[0m     slot[1] neighbor=agent_2 dist=2.973m age=0.150s quality=1.00  n_pos=(4.605,-0.018)  rel_pos=(2.805,0.982)
[36m(RolloutWorker pid=2625387)[0m [graph] step=   3 source=comm_only comm_range=3.5m
[36m(RolloutWorker pid=2625387)[0m   robot_0 pos=(-0.346, 3.230) status=active
[36m(RolloutWorker pid=2625387)[0m     adj=[1  0  0  0]  dist=[ 0.00   5.16   5.91   4.74]  quality=[1.00  0.00  0.00  0.00]  neighbors=[]
[36m(RolloutWorker pid=2625387)[0m   robot_1 pos=( 0.250,-1.900) status=active
[36m(RolloutWorker pid=2625387)[0m     adj=[1  1  0  1]  dist=[ 5.16   0.00   4.75   1.79]  quality=[0.71  1.00  0.00  1.00]  neighbors=[0, 3]
[36m(RolloutWorker pid=2625387)[0m   robot_2 pos=( 4.600, 0.000) status=active
[36m(RolloutWorker pid=2625387)[0m     adj=[1  1  1  1]  dist=[ 5.91   4.75   0.00   2.97]  quality=[0.57  0.78  1.00  1.00]  neighbors=[0, 1, 3]
[36m(RolloutWorker pid=2625387)[0m   robot_3 pos=( 1.800,-1.000) status=active
[36m(RolloutWorker pid=2625387)[0m     adj=[1  1  1  1]  dist=[ 4.74   1.79   2.97   0.00]  quality=[0.78  1.00  1.00  1.00]  neighbors=[0, 1, 2]
[36m(RolloutWorker pid=2625387)[0m [comm_only] step=   3  agent_0  my_pos=(-0.346,3.230)  received=0 fallback=0
[36m(RolloutWorker pid=2625387)[0m     (无有效邻居: 范围外/丢包/延迟/消息过期，slot 填零)
[36m(RolloutWorker pid=2625387)[0m [comm_only] step=   3  agent_1  my_pos=(0.250,-1.900)  received=2 fallback=0
[36m(RolloutWorker pid=2625387)[0m     slot[0] neighbor=agent_3 dist=1.792m age=0.150s quality=1.00  n_pos=(1.775,-0.995)  rel_pos=(1.525,0.905)
[36m(RolloutWorker pid=2625387)[0m     slot[1] neighbor=agent_0 dist=5.136m age=0.150s quality=0.71  n_pos=(-0.347,3.197)  rel_pos=(-0.597,5.097)
[36m(RolloutWorker pid=2625387)[0m [comm_only] step=   3  agent_2  my_pos=(4.600,0.000)  received=2 fallback=0
[36m(RolloutWorker pid=2625387)[0m     slot[0] neighbor=agent_3 dist=2.973m age=0.150s quality=1.00  n_pos=(1.819,-1.024)  rel_pos=(-2.781,-1.024)
[36m(RolloutWorker pid=2625387)[0m     slot[1] neighbor=agent_1 dist=4.747m age=0.150s quality=0.78  n_pos=(0.262,-1.897)  rel_pos=(-4.338,-1.897)
[36m(RolloutWorker pid=2625387)[0m [comm_only] step=   3  agent_3  my_pos=(1.800,-1.000)  received=2 fallback=0
[36m(RolloutWorker pid=2625387)[0m     slot[0] neighbor=agent_1 dist=1.792m age=0.150s quality=1.00  n_pos=(0.256,-1.889)  rel_pos=(-1.544,-0.889)
[36m(RolloutWorker pid=2625387)[0m     slot[1] neighbor=agent_2 dist=2.973m age=0.150s quality=1.00  n_pos=(4.613,0.012)  rel_pos=(2.813,1.012)
[36m(RolloutWorker pid=2625387)[0m ⚠️ Robot 1: 强制路线非法，回退随机安全采样 start=(-4.20,1.40) goal=(4.20,1.40)
[36m(RolloutWorker pid=2625387)[0m ⚠️ Robot 1: 强制路线非法，回退随机安全采样 start=(-4.20,-1.40) goal=(4.20,-1.40)
[36m(RolloutWorker pid=2625387)[0m ⚠️ Robot 1: 强制路线非法，回退随机安全采样 start=(4.20,1.40) goal=(-4.20,1.40)
[36m(RolloutWorker pid=2625387)[0m 
[36m(RolloutWorker pid=2625387)[0m ============================================================
[36m(RolloutWorker pid=2625387)[0m 🏁 Episode 结束 (timeout)
[36m(RolloutWorker pid=2625387)[0m    步数: 2000/2000
[36m(RolloutWorker pid=2625387)[0m    完成: 0/4
[36m(RolloutWorker pid=2625387)[0m    活跃: 4  失败: 0
[36m(RolloutWorker pid=2625387)[0m ============================================================
[36m(RolloutWorker pid=2625387)[0m 
[36m(RolloutWorker pid=2625387)[0m [graph] step=   0 source=comm_only comm_range=3.5m
[36m(RolloutWorker pid=2625387)[0m   robot_0 pos=(-0.350, 3.200) status=active
[36m(RolloutWorker pid=2625387)[0m     adj=[1  0  1  1]  dist=[ 0.00   5.14   5.89   4.72]  quality=[1.00  0.00  0.57  0.78]  neighbors=[2, 3]
[36m(RolloutWorker pid=2625387)[0m   robot_1 pos=( 0.250,-1.900) status=active
[36m(RolloutWorker pid=2625387)[0m     adj=[1  1  0  1]  dist=[ 5.14   0.00   4.75   1.79]  quality=[0.71  1.00  0.00  1.00]  neighbors=[0, 3]
[36m(RolloutWorker pid=2625387)[0m   robot_2 pos=( 4.600, 0.000) status=active
[36m(RolloutWorker pid=2625387)[0m     adj=[1  1  1  1]  dist=[ 5.89   4.75   0.00   2.97]  quality=[0.57  0.78  1.00  1.00]  neighbors=[0, 1, 3]
[36m(RolloutWorker pid=2625387)[0m   robot_3 pos=( 1.800,-1.000) status=active
[36m(RolloutWorker pid=2625387)[0m     adj=[1  1  1  1]  dist=[ 4.72   1.79   2.97   0.00]  quality=[0.78  1.00  1.00  1.00]  neighbors=[0, 1, 2]
[36m(RolloutWorker pid=2625387)[0m [comm_only] step=   0  agent_0  my_pos=(-0.350,3.200)  received=0 fallback=0
[36m(RolloutWorker pid=2625387)[0m     (无有效邻居: 范围外/丢包/延迟/消息过期，slot 填零)
[36m(RolloutWorker pid=2625387)[0m [comm_only] step=   0  agent_1  my_pos=(0.250,-1.900)  received=2 fallback=0
[36m(RolloutWorker pid=2625387)[0m     slot[0] neighbor=agent_3 dist=1.792m age=0.150s quality=1.00  n_pos=(1.798,-0.997)  rel_pos=(1.548,0.903)
[36m(RolloutWorker pid=2625387)[0m     slot[1] neighbor=agent_0 dist=5.135m age=0.150s quality=0.71  n_pos=(-0.335,3.191)  rel_pos=(-0.585,5.091)
[36m(RolloutWorker pid=2625387)[0m [comm_only] step=   0  agent_2  my_pos=(4.600,0.000)  received=1 fallback=0
[36m(RolloutWorker pid=2625387)[0m     slot[0] neighbor=agent_3 dist=2.973m age=0.150s quality=1.00  n_pos=(1.784,-0.997)  rel_pos=(-2.816,-0.997)
[36m(RolloutWorker pid=2625387)[0m [comm_only] step=   0  agent_3  my_pos=(1.800,-1.000)  received=2 fallback=0
[36m(RolloutWorker pid=2625387)[0m     slot[0] neighbor=agent_1 dist=1.792m age=0.150s quality=1.00  n_pos=(0.254,-1.938)  rel_pos=(-1.546,-0.938)
[36m(RolloutWorker pid=2625387)[0m     slot[1] neighbor=agent_2 dist=2.973m age=0.150s quality=1.00  n_pos=(4.625,-0.009)  rel_pos=(2.825,0.991)
[36m(RolloutWorker pid=2625387)[0m [graph] step=   1 source=comm_only comm_range=3.5m
[36m(RolloutWorker pid=2625387)[0m   robot_0 pos=(-0.350, 3.200) status=active
[36m(RolloutWorker pid=2625387)[0m     adj=[1  1  1  0]  dist=[ 0.00   5.14   5.89   4.72]  quality=[1.00  0.71  0.57  0.00]  neighbors=[1, 2]
[36m(RolloutWorker pid=2625387)[0m   robot_1 pos=( 0.250,-1.900) status=active
[36m(RolloutWorker pid=2625387)[0m     adj=[1  1  1  1]  dist=[ 5.14   0.00   4.75   1.79]  quality=[0.71  1.00  0.78  1.00]  neighbors=[0, 2, 3]
[36m(RolloutWorker pid=2625387)[0m   robot_2 pos=( 4.600,-0.000) status=active
[36m(RolloutWorker pid=2625387)[0m     adj=[1  0  1  1]  dist=[ 5.89   0.00   0.00   2.97]  quality=[0.57  0.00  1.00  1.00]  neighbors=[0, 3]
[36m(RolloutWorker pid=2625387)[0m   robot_3 pos=( 1.800,-1.000) status=active
[36m(RolloutWorker pid=2625387)[0m     adj=[0  1  1  1]  dist=[ 4.72   1.79   2.97   0.00]  quality=[0.00  1.00  1.00  1.00]  neighbors=[1, 2]
[36m(RolloutWorker pid=2625387)[0m [comm_only] step=   1  agent_0  my_pos=(-0.350,3.200)  received=1 fallback=0
[36m(RolloutWorker pid=2625387)[0m     slot[0] neighbor=agent_2 dist=5.894m age=0.150s quality=0.57  n_pos=(4.607,-0.003)  rel_pos=(4.957,-3.203)
[36m(RolloutWorker pid=2625387)[0m [comm_only] step=   1  agent_1  my_pos=(0.250,-1.900)  received=3 fallback=0
[36m(RolloutWorker pid=2625387)[0m     slot[0] neighbor=agent_3 dist=1.792m age=0.150s quality=1.00  n_pos=(1.785,-0.970)  rel_pos=(1.535,0.930)
[36m(RolloutWorker pid=2625387)[0m     slot[1] neighbor=agent_2 dist=4.747m age=0.150s quality=0.78  n_pos=(4.622,0.029)  rel_pos=(4.372,1.929)
[36m(RolloutWorker pid=2625387)[0m     slot[2] neighbor=agent_0 dist=5.135m age=0.150s quality=0.71  n_pos=(-0.355,3.186)  rel_pos=(-0.605,5.086)
[36m(RolloutWorker pid=2625387)[0m [comm_only] step=   1  agent_2  my_pos=(4.600,-0.000)  received=1 fallback=0
[36m(RolloutWorker pid=2625387)[0m     slot[0] neighbor=agent_0 dist=5.894m age=0.150s quality=0.57  n_pos=(-0.314,3.245)  rel_pos=(-4.914,3.245)
[36m(RolloutWorker pid=2625387)[0m [comm_only] step=   1  agent_3  my_pos=(1.800,-1.000)  received=2 fallback=0
[36m(RolloutWorker pid=2625387)[0m     slot[0] neighbor=agent_1 dist=1.792m age=0.150s quality=1.00  n_pos=(0.241,-1.905)  rel_pos=(-1.559,-0.905)
[36m(RolloutWorker pid=2625387)[0m     slot[1] neighbor=agent_2 dist=2.973m age=0.150s quality=1.00  n_pos=(4.608,0.027)  rel_pos=(2.808,1.027)
[36m(RolloutWorker pid=2625387)[0m [graph] step=   2 source=comm_only comm_range=3.5m
[36m(RolloutWorker pid=2625387)[0m   robot_0 pos=(-0.419, 3.240) status=active
[36m(RolloutWorker pid=2625387)[0m     adj=[1  0  1  1]  dist=[ 0.00   5.18   5.97   4.79]  quality=[1.00  0.00  0.56  0.77]  neighbors=[2, 3]
[36m(RolloutWorker pid=2625387)[0m   robot_1 pos=( 0.250,-1.900) status=active
[36m(RolloutWorker pid=2625387)[0m     adj=[1  1  1  1]  dist=[ 5.18   0.00   4.75   1.79]  quality=[0.71  1.00  0.78  1.00]  neighbors=[0, 2, 3]
[36m(RolloutWorker pid=2625387)[0m   robot_2 pos=( 4.600,-0.000) status=active
[36m(RolloutWorker pid=2625387)[0m     adj=[0  1  1  1]  dist=[ 0.00   4.75   0.00   2.97]  quality=[0.00  0.78  1.00  1.00]  neighbors=[1, 3]
[36m(RolloutWorker pid=2625387)[0m   robot_3 pos=( 1.800,-1.000) status=active
[36m(RolloutWorker pid=2625387)[0m     adj=[1  1  1  1]  dist=[ 4.72   1.79   2.97   0.00]  quality=[0.78  1.00  1.00  1.00]  neighbors=[0, 1, 2]
[36m(RolloutWorker pid=2625387)[0m [comm_only] step=   2  agent_0  my_pos=(-0.419,3.240)  received=2 fallback=0
[36m(RolloutWorker pid=2625387)[0m     slot[0] neighbor=agent_3 dist=4.785m age=0.150s quality=0.77  n_pos=(1.835,-0.980)  rel_pos=(2.254,-4.220)
[36m(RolloutWorker pid=2625387)[0m     slot[1] neighbor=agent_2 dist=5.974m age=0.150s quality=0.56  n_pos=(4.603,0.021)  rel_pos=(5.022,-3.218)
[36m(RolloutWorker pid=2625387)[0m [comm_only] step=   2  agent_1  my_pos=(0.250,-1.900)  received=3 fallback=0
[36m(RolloutWorker pid=2625387)[0m     slot[0] neighbor=agent_3 dist=1.792m age=0.150s quality=1.00  n_pos=(1.812,-1.005)  rel_pos=(1.562,0.895)
[36m(RolloutWorker pid=2625387)[0m     slot[1] neighbor=agent_2 dist=4.747m age=0.150s quality=0.78  n_pos=(4.597,0.000)  rel_pos=(4.347,1.900)
[36m(RolloutWorker pid=2625387)[0m     slot[2] neighbor=agent_0 dist=5.135m age=0.150s quality=0.71  n_pos=(-0.336,3.168)  rel_pos=(-0.586,5.068)
[36m(RolloutWorker pid=2625387)[0m [comm_only] step=   2  agent_2  my_pos=(4.600,-0.000)  received=2 fallback=0
[36m(RolloutWorker pid=2625387)[0m     slot[0] neighbor=agent_3 dist=2.973m age=0.150s quality=1.00  n_pos=(1.819,-0.983)  rel_pos=(-2.781,-0.983)
[36m(RolloutWorker pid=2625387)[0m     slot[1] neighbor=agent_1 dist=4.747m age=0.150s quality=0.78  n_pos=(0.242,-1.924)  rel_pos=(-4.358,-1.924)
[36m(RolloutWorker pid=2625387)[0m [comm_only] step=   2  agent_3  my_pos=(1.800,-1.000)  received=2 fallback=0
[36m(RolloutWorker pid=2625387)[0m     slot[0] neighbor=agent_1 dist=1.792m age=0.150s quality=1.00  n_pos=(0.213,-1.898)  rel_pos=(-1.587,-0.898)
[36m(RolloutWorker pid=2625387)[0m     slot[1] neighbor=agent_2 dist=2.973m age=0.150s quality=1.00  n_pos=(4.607,0.006)  rel_pos=(2.807,1.006)
[36m(RolloutWorker pid=2625387)[0m [graph] step=   3 source=comm_only comm_range=3.5m
[36m(RolloutWorker pid=2625387)[0m   robot_0 pos=(-0.421, 3.237) status=active
[36m(RolloutWorker pid=2625387)[0m     adj=[1  1  0  1]  dist=[ 0.00   5.18   5.97   4.78]  quality=[1.00  0.70  0.00  0.77]  neighbors=[1, 3]
[36m(RolloutWorker pid=2625387)[0m   robot_1 pos=( 0.250,-1.900) status=active
[36m(RolloutWorker pid=2625387)[0m     adj=[1  1  1  1]  dist=[ 5.14   0.00   4.75   1.79]  quality=[0.71  1.00  0.78  1.00]  neighbors=[0, 2, 3]
[36m(RolloutWorker pid=2625387)[0m   robot_2 pos=( 4.600,-0.000) status=active
[36m(RolloutWorker pid=2625387)[0m     adj=[1  1  1  1]  dist=[ 5.97   4.75   0.00   2.97]  quality=[0.57  0.78  1.00  1.00]  neighbors=[0, 1, 3]
[36m(RolloutWorker pid=2625387)[0m   robot_3 pos=( 1.800,-1.000) status=active
[36m(RolloutWorker pid=2625387)[0m     adj=[1  1  1  1]  dist=[ 4.72   1.79   2.97   0.00]  quality=[0.78  1.00  1.00  1.00]  neighbors=[0, 1, 2]
[36m(RolloutWorker pid=2625387)[0m [comm_only] step=   3  agent_0  my_pos=(-0.421,3.237)  received=2 fallback=0
[36m(RolloutWorker pid=2625387)[0m     slot[0] neighbor=agent_3 dist=4.783m age=0.150s quality=0.77  n_pos=(1.797,-1.001)  rel_pos=(2.218,-4.238)
[36m(RolloutWorker pid=2625387)[0m     slot[1] neighbor=agent_1 dist=5.180m age=0.150s quality=0.70  n_pos=(0.237,-1.861)  rel_pos=(0.658,-5.098)
[36m(RolloutWorker pid=2625387)[0m [comm_only] step=   3  agent_1  my_pos=(0.250,-1.900)  received=2 fallback=0
[36m(RolloutWorker pid=2625387)[0m     slot[0] neighbor=agent_3 dist=1.792m age=0.150s quality=1.00  n_pos=(1.779,-0.995)  rel_pos=(1.529,0.905)
[36m(RolloutWorker pid=2625387)[0m     slot[1] neighbor=agent_2 dist=4.747m age=0.150s quality=0.78  n_pos=(4.611,0.005)  rel_pos=(4.361,1.905)
[36m(RolloutWorker pid=2625387)[0m [comm_only] step=   3  agent_2  my_pos=(4.600,-0.000)  received=1 fallback=0
[36m(RolloutWorker pid=2625387)[0m     slot[0] neighbor=agent_3 dist=2.973m age=0.150s quality=1.00  n_pos=(1.800,-1.000)  rel_pos=(-2.800,-1.000)
[36m(RolloutWorker pid=2625387)[0m [comm_only] step=   3  agent_3  my_pos=(1.800,-1.000)  received=2 fallback=0
[36m(RolloutWorker pid=2625387)[0m     slot[0] neighbor=agent_1 dist=1.792m age=0.150s quality=1.00  n_pos=(0.237,-1.914)  rel_pos=(-1.563,-0.914)
[36m(RolloutWorker pid=2625387)[0m     slot[1] neighbor=agent_2 dist=2.973m age=0.150s quality=1.00  n_pos=(4.586,0.018)  rel_pos=(2.786,1.018)
[36m(RolloutWorker pid=2625387)[0m ⚠️ Robot 0: 强制路线非法，回退随机安全采样 start=(-2.60,-3.80) goal=(2.60,3.80)
[36m(RolloutWorker pid=2625387)[0m ⚠️ Robot 2: 强制路线非法，回退随机安全采样 start=(-4.20,1.40) goal=(4.20,1.40)
[36m(RolloutWorker pid=2625387)[0m ⚠️ Robot 2: 强制路线非法，回退随机安全采样 start=(-2.60,-3.80) goal=(2.60,3.80)
  [███████████████░░░░░░░░░░░░░░░]  50.0%     5,000 / 10,000 步  回报 -518.86  ETA 00:10:08[36m(RolloutWorker pid=2625387)[0m ⚠️ Robot 2: 强制路线非法，回退随机安全采样 start=(-4.20,1.40) goal=(4.20,1.40)
[36m(RolloutWorker pid=2625387)[0m ⚠️ Robot 2: 强制路线非法，回退随机安全采样 start=(3.80,2.40) goal=(-3.80,-2.40)
[36m(RolloutWorker pid=2625387)[0m ⚠️ Robot 0: 强制路线非法，回退随机安全采样 start=(4.20,1.40) goal=(-4.20,1.40)
[36m(RolloutWorker pid=2625387)[0m ⚠️ Robot 0: 强制路线非法，回退随机安全采样 start=(-2.60,-3.80) goal=(2.60,3.80)
[36m(RolloutWorker pid=2625387)[0m ⚠️ Robot 2: 强制路线非法，回退随机安全采样 start=(2.60,-3.80) goal=(-2.60,3.80)
[36m(RolloutWorker pid=2625387)[0m ⚠️ Robot 0: 强制路线非法，回退随机安全采样 start=(4.20,-1.40) goal=(-4.20,-1.40)
[36m(RolloutWorker pid=2625387)[0m 
[36m(RolloutWorker pid=2625387)[0m ============================================================
[36m(RolloutWorker pid=2625387)[0m 🏁 Episode 结束 (timeout)
[36m(RolloutWorker pid=2625387)[0m    步数: 2000/2000
[36m(RolloutWorker pid=2625387)[0m    完成: 0/4
[36m(RolloutWorker pid=2625387)[0m    活跃: 4  失败: 0
[36m(RolloutWorker pid=2625387)[0m ============================================================
[36m(RolloutWorker pid=2625387)[0m 
[36m(RolloutWorker pid=2625387)[0m [graph] step=   0 source=comm_only comm_range=3.5m
[36m(RolloutWorker pid=2625387)[0m   robot_0 pos=(-0.500,-2.000) status=active
[36m(RolloutWorker pid=2625387)[0m     adj=[1  1  1  1]  dist=[ 0.00   2.23   6.82   5.57]  quality=[1.00  1.00  0.41  0.63]  neighbors=[1, 2, 3]
[36m(RolloutWorker pid=2625387)[0m   robot_1 pos=(-2.100,-0.450) status=active
[36m(RolloutWorker pid=2625387)[0m     adj=[1  1  1  1]  dist=[ 2.23   0.00   5.65   3.43]  quality=[1.00  1.00  0.62  1.00]  neighbors=[0, 2, 3]
[36m(RolloutWorker pid=2625387)[0m   robot_2 pos=( 0.000, 4.800) status=active
[36m(RolloutWorker pid=2625387)[0m     adj=[1  0  1  0]  dist=[ 6.82   0.00   0.00   6.54]  quality=[0.41  0.00  1.00  0.00]  neighbors=[0]
[36m(RolloutWorker pid=2625387)[0m   robot_3 pos=(-5.250, 0.900) status=active
[36m(RolloutWorker pid=2625387)[0m     adj=[1  1  1  1]  dist=[ 5.57   3.43   6.54   0.00]  quality=[0.63  1.00  0.46  1.00]  neighbors=[0, 1, 2]
[36m(RolloutWorker pid=2625387)[0m [comm_only] step=   0  agent_0  my_pos=(-0.500,-2.000)  received=2 fallback=0
[36m(RolloutWorker pid=2625387)[0m     slot[0] neighbor=agent_1 dist=2.228m age=0.150s quality=1.00  n_pos=(-2.083,-0.465)  rel_pos=(-1.583,1.535)
[36m(RolloutWorker pid=2625387)[0m     slot[1] neighbor=agent_3 dist=5.565m age=0.150s quality=0.63  n_pos=(-5.228,0.905)  rel_pos=(-4.728,2.905)
[36m(RolloutWorker pid=2625387)[0m [comm_only] step=   0  agent_1  my_pos=(-2.100,-0.450)  received=3 fallback=0
[36m(RolloutWorker pid=2625387)[0m     slot[0] neighbor=agent_0 dist=2.228m age=0.150s quality=1.00  n_pos=(-0.502,-1.994)  rel_pos=(1.598,-1.544)
[36m(RolloutWorker pid=2625387)[0m     slot[1] neighbor=agent_3 dist=3.427m age=0.150s quality=1.00  n_pos=(-5.266,0.925)  rel_pos=(-3.166,1.375)
[36m(RolloutWorker pid=2625387)[0m     slot[2] neighbor=agent_2 dist=5.654m age=0.150s quality=0.62  n_pos=(-0.012,4.791)  rel_pos=(2.088,5.241)
[36m(RolloutWorker pid=2625387)[0m [comm_only] step=   0  agent_2  my_pos=(0.000,4.800)  received=1 fallback=0
[36m(RolloutWorker pid=2625387)[0m     slot[0] neighbor=agent_0 dist=6.818m age=0.150s quality=0.41  n_pos=(-0.483,-1.956)  rel_pos=(-0.483,-6.756)
[36m(RolloutWorker pid=2625387)[0m [comm_only] step=   0  agent_3  my_pos=(-5.250,0.900)  received=2 fallback=0
[36m(RolloutWorker pid=2625387)[0m     slot[0] neighbor=agent_1 dist=3.427m age=0.150s quality=1.00  n_pos=(-2.072,-0.445)  rel_pos=(3.178,-1.345)
[36m(RolloutWorker pid=2625387)[0m     slot[1] neighbor=agent_2 dist=6.540m age=0.150s quality=0.46  n_pos=(-0.007,4.782)  rel_pos=(5.243,3.882)
[36m(RolloutWorker pid=2625387)[0m [graph] step=   1 source=comm_only comm_range=3.5m
[36m(RolloutWorker pid=2625387)[0m   robot_0 pos=(-0.500,-2.000) status=active
[36m(RolloutWorker pid=2625387)[0m     adj=[1  1  1  1]  dist=[ 0.00   2.23   6.82   5.57]  quality=[1.00  1.00  0.41  0.63]  neighbors=[1, 2, 3]
[36m(RolloutWorker pid=2625387)[0m   robot_1 pos=(-2.100,-0.450) status=active
[36m(RolloutWorker pid=2625387)[0m     adj=[1  1  0  1]  dist=[ 2.23   0.00   5.65   3.43]  quality=[1.00  1.00  0.00  1.00]  neighbors=[0, 3]
[36m(RolloutWorker pid=2625387)[0m   robot_2 pos=(-0.000, 4.800) status=active
[36m(RolloutWorker pid=2625387)[0m     adj=[0  0  1  1]  dist=[ 0.00   5.65   0.00   6.54]  quality=[0.00  0.00  1.00  0.46]  neighbors=[3]
[36m(RolloutWorker pid=2625387)[0m   robot_3 pos=(-5.250, 0.900) status=active
[36m(RolloutWorker pid=2625387)[0m     adj=[1  1  0  1]  dist=[ 5.57   3.43   0.00   0.00]  quality=[0.63  1.00  0.00  1.00]  neighbors=[0, 1]
[36m(RolloutWorker pid=2625387)[0m [comm_only] step=   1  agent_0  my_pos=(-0.500,-2.000)  received=1 fallback=0
[36m(RolloutWorker pid=2625387)[0m     slot[0] neighbor=agent_1 dist=2.228m age=0.150s quality=1.00  n_pos=(-2.133,-0.460)  rel_pos=(-1.633,1.540)
[36m(RolloutWorker pid=2625387)[0m [comm_only] step=   1  agent_1  my_pos=(-2.100,-0.450)  received=2 fallback=0
[36m(RolloutWorker pid=2625387)[0m     slot[0] neighbor=agent_0 dist=2.228m age=0.150s quality=1.00  n_pos=(-0.514,-1.980)  rel_pos=(1.586,-1.530)
[36m(RolloutWorker pid=2625387)[0m     slot[1] neighbor=agent_3 dist=3.427m age=0.150s quality=1.00  n_pos=(-5.279,0.905)  rel_pos=(-3.179,1.355)
[36m(RolloutWorker pid=2625387)[0m [comm_only] step=   1  agent_2  my_pos=(-0.000,4.800)  received=1 fallback=0
[36m(RolloutWorker pid=2625387)[0m     slot[0] neighbor=agent_3 dist=6.540m age=0.150s quality=0.46  n_pos=(-5.269,0.924)  rel_pos=(-5.269,-3.876)
[36m(RolloutWorker pid=2625387)[0m [comm_only] step=   1  agent_3  my_pos=(-5.250,0.900)  received=2 fallback=0
[36m(RolloutWorker pid=2625387)[0m     slot[0] neighbor=agent_1 dist=3.427m age=0.150s quality=1.00  n_pos=(-2.102,-0.469)  rel_pos=(3.148,-1.369)
[36m(RolloutWorker pid=2625387)[0m     slot[1] neighbor=agent_0 dist=5.565m age=0.150s quality=0.63  n_pos=(-0.520,-1.992)  rel_pos=(4.730,-2.892)
[36m(RolloutWorker pid=2625387)[0m [graph] step=   2 source=comm_only comm_range=3.5m
[36m(RolloutWorker pid=2625387)[0m   robot_0 pos=(-0.500,-2.000) status=active
[36m(RolloutWorker pid=2625387)[0m     adj=[1  1  0  0]  dist=[ 0.00   2.23   6.82   5.57]  quality=[1.00  1.00  0.00  0.00]  neighbors=[1]
[36m(RolloutWorker pid=2625387)[0m   robot_1 pos=(-2.100,-0.450) status=active
[36m(RolloutWorker pid=2625387)[0m     adj=[1  1  1  1]  dist=[ 2.23   0.00   5.65   3.43]  quality=[1.00  1.00  0.62  1.00]  neighbors=[0, 2, 3]
[36m(RolloutWorker pid=2625387)[0m   robot_2 pos=(-0.000, 4.800) status=active
[36m(RolloutWorker pid=2625387)[0m     adj=[0  1  1  0]  dist=[ 6.82   5.65   0.00   6.54]  quality=[0.00  0.62  1.00  0.00]  neighbors=[1]
[36m(RolloutWorker pid=2625387)[0m   robot_3 pos=(-5.250, 0.900) status=active
[36m(RolloutWorker pid=2625387)[0m     adj=[1  1  1  1]  dist=[ 5.57   3.43   6.54   0.00]  quality=[0.63  1.00  0.46  1.00]  neighbors=[0, 1, 2]
[36m(RolloutWorker pid=2625387)[0m [comm_only] step=   2  agent_0  my_pos=(-0.500,-2.000)  received=1 fallback=0
[36m(RolloutWorker pid=2625387)[0m     slot[0] neighbor=agent_1 dist=2.228m age=0.150s quality=1.00  n_pos=(-2.088,-0.460)  rel_pos=(-1.588,1.540)
[36m(RolloutWorker pid=2625387)[0m [comm_only] step=   2  agent_1  my_pos=(-2.100,-0.450)  received=2 fallback=0
[36m(RolloutWorker pid=2625387)[0m     slot[0] neighbor=agent_0 dist=2.228m age=0.150s quality=1.00  n_pos=(-0.513,-2.024)  rel_pos=(1.587,-1.574)
[36m(RolloutWorker pid=2625387)[0m     slot[1] neighbor=agent_3 dist=3.427m age=0.150s quality=1.00  n_pos=(-5.221,0.877)  rel_pos=(-3.121,1.327)
[36m(RolloutWorker pid=2625387)[0m [comm_only] step=   2  agent_2  my_pos=(-0.000,4.800)  received=0 fallback=0
[36m(RolloutWorker pid=2625387)[0m     (无有效邻居: 范围外/丢包/延迟/消息过期，slot 填零)
[36m(RolloutWorker pid=2625387)[0m [comm_only] step=   2  agent_3  my_pos=(-5.250,0.900)  received=1 fallback=0
[36m(RolloutWorker pid=2625387)[0m     slot[0] neighbor=agent_1 dist=3.427m age=0.150s quality=1.00  n_pos=(-2.043,-0.453)  rel_pos=(3.207,-1.353)
[36m(RolloutWorker pid=2625387)[0m [graph] step=   3 source=comm_only comm_range=3.5m
[36m(RolloutWorker pid=2625387)[0m   robot_0 pos=(-0.498,-1.999) status=active
[36m(RolloutWorker pid=2625387)[0m     adj=[1  1  0  1]  dist=[ 0.00   2.23   6.82   5.57]  quality=[1.00  1.00  0.00  0.63]  neighbors=[1, 3]
[36m(RolloutWorker pid=2625387)[0m   robot_1 pos=(-2.100,-0.450) status=active
[36m(RolloutWorker pid=2625387)[0m     adj=[1  1  0  0]  dist=[ 2.23   0.00   5.65   3.43]  quality=[1.00  1.00  0.00  0.00]  neighbors=[0]
[36m(RolloutWorker pid=2625387)[0m   robot_2 pos=(-0.000, 4.800) status=active
[36m(RolloutWorker pid=2625387)[0m     adj=[0  1  1  0]  dist=[ 6.82   5.65   0.00   6.54]  quality=[0.00  0.62  1.00  0.00]  neighbors=[1]
[36m(RolloutWorker pid=2625387)[0m   robot_3 pos=(-5.250, 0.900) status=active
[36m(RolloutWorker pid=2625387)[0m     adj=[0  1  0  1]  dist=[ 0.00   3.43   6.54   0.00]  quality=[0.00  1.00  0.00  1.00]  neighbors=[1]
[36m(RolloutWorker pid=2625387)[0m [comm_only] step=   3  agent_0  my_pos=(-0.498,-1.999)  received=2 fallback=0
[36m(RolloutWorker pid=2625387)[0m     slot[0] neighbor=agent_1 dist=2.228m age=0.150s quality=1.00  n_pos=(-2.093,-0.451)  rel_pos=(-1.595,1.548)
[36m(RolloutWorker pid=2625387)[0m     slot[1] neighbor=agent_3 dist=5.567m age=0.150s quality=0.63  n_pos=(-5.280,0.905)  rel_pos=(-4.782,2.904)
[36m(RolloutWorker pid=2625387)[0m [comm_only] step=   3  agent_1  my_pos=(-2.100,-0.450)  received=1 fallback=0
[36m(RolloutWorker pid=2625387)[0m     slot[0] neighbor=agent_0 dist=2.228m age=0.150s quality=1.00  n_pos=(-0.493,-1.978)  rel_pos=(1.607,-1.528)
[36m(RolloutWorker pid=2625387)[0m [comm_only] step=   3  agent_2  my_pos=(-0.000,4.800)  received=1 fallback=0
[36m(RolloutWorker pid=2625387)[0m     slot[0] neighbor=agent_1 dist=5.654m age=0.150s quality=0.62  n_pos=(-2.073,-0.483)  rel_pos=(-2.073,-5.283)
[36m(RolloutWorker pid=2625387)[0m [comm_only] step=   3  agent_3  my_pos=(-5.250,0.900)  received=1 fallback=0
[36m(RolloutWorker pid=2625387)[0m     slot[0] neighbor=agent_1 dist=3.427m age=0.150s quality=1.00  n_pos=(-2.109,-0.456)  rel_pos=(3.141,-1.356)
[36m(RolloutWorker pid=2625387)[0m ⚠️ Robot 0: 强制路线非法，回退随机安全采样 start=(-2.60,-3.80) goal=(2.60,3.80)
[36m(RolloutWorker pid=2625387)[0m ⚠️ Robot 3: 强制路线非法，回退随机安全采样 start=(4.20,1.40) goal=(-4.20,1.40)
[36m(RolloutWorker pid=2625387)[0m ⚠️ Robot 3: 强制路线非法，回退随机安全采样 start=(-2.60,-3.80) goal=(2.60,3.80)
[36m(RolloutWorker pid=2625387)[0m ⚠️ Robot 2: 强制路线非法，回退随机安全采样 start=(4.20,1.40) goal=(-4.20,1.40)
[36m(RolloutWorker pid=2625387)[0m ⚠️ Robot 1: 强制路线非法，回退随机安全采样 start=(4.80,0.80) goal=(-4.80,-0.80)
[36m(RolloutWorker pid=2625387)[0m ⚠️ Robot 2: 强制路线非法，回退随机安全采样 start=(4.80,0.80) goal=(-4.80,-0.80)
[36m(RolloutWorker pid=2625387)[0m ⚠️ Robot 2: 强制路线非法，回退随机安全采样 start=(-4.20,1.40) goal=(4.20,1.40)
[36m(RolloutWorker pid=2625387)[0m ⚠️ Robot 3: 强制路线非法，回退随机安全采样 start=(-4.60,0.00) goal=(4.60,0.00)
[36m(RolloutWorker pid=2625387)[0m ⚠️ Robot 1: 强制路线非法，回退随机安全采样 start=(-4.80,0.80) goal=(4.80,-0.80)
[36m(RolloutWorker pid=2625387)[0m 
[36m(RolloutWorker pid=2625387)[0m ============================================================
[36m(RolloutWorker pid=2625387)[0m 🏁 Episode 结束 (timeout)
[36m(RolloutWorker pid=2625387)[0m    步数: 2000/2000
[36m(RolloutWorker pid=2625387)[0m    完成: 0/4
[36m(RolloutWorker pid=2625387)[0m    活跃: 4  失败: 0
[36m(RolloutWorker pid=2625387)[0m ============================================================
[36m(RolloutWorker pid=2625387)[0m 
[36m(RolloutWorker pid=2625387)[0m ⚠️ Robot 1: 强制路线非法，回退随机安全采样 start=(4.60,0.00) goal=(-4.60,0.00)
[36m(RolloutWorker pid=2625387)[0m ⚠️ Robot 3: 强制路线非法，回退随机安全采样 start=(-4.20,-1.40) goal=(4.20,-1.40)
[36m(RolloutWorker pid=2625387)[0m [graph] step=   0 source=comm_only comm_range=3.5m
[36m(RolloutWorker pid=2625387)[0m   robot_0 pos=( 4.800, 0.800) status=active
[36m(RolloutWorker pid=2625387)[0m     adj=[1  1  0  0]  dist=[ 0.00   4.63   9.43   5.62]  quality=[1.00  0.80  0.00  0.00]  neighbors=[1]
[36m(RolloutWorker pid=2625387)[0m   robot_1 pos=( 0.250, 1.650) status=active
[36m(RolloutWorker pid=2625387)[0m     adj=[1  1  1  0]  dist=[ 4.63   0.00   5.12   4.94]  quality=[0.80  1.00  0.71  0.00]  neighbors=[0, 2]
[36m(RolloutWorker pid=2625387)[0m   robot_2 pos=(-4.600, 0.000) status=active
[36m(RolloutWorker pid=2625387)[0m     adj=[0  1  1  0]  dist=[ 9.43   5.12   0.00   6.39]  quality=[0.00  0.71  1.00  0.00]  neighbors=[1]
[36m(RolloutWorker pid=2625387)[0m   robot_3 pos=( 0.900,-3.250) status=active
[36m(RolloutWorker pid=2625387)[0m     adj=[0  0  0  1]  dist=[ 5.62   4.94   6.39   0.00]  quality=[0.00  0.00  0.00  1.00]  neighbors=[]
[36m(RolloutWorker pid=2625387)[0m [comm_only] step=   0  agent_0  my_pos=(4.800,0.800)  received=1 fallback=0
[36m(RolloutWorker pid=2625387)[0m     slot[0] neighbor=agent_1 dist=4.629m age=0.150s quality=0.80  n_pos=(0.234,1.658)  rel_pos=(-4.566,0.858)
[36m(RolloutWorker pid=2625387)[0m [comm_only] step=   0  agent_1  my_pos=(0.250,1.650)  received=1 fallback=0
[36m(RolloutWorker pid=2625387)[0m     slot[0] neighbor=agent_2 dist=5.123m age=0.150s quality=0.71  n_pos=(-4.598,-0.005)  rel_pos=(-4.848,-1.655)
[36m(RolloutWorker pid=2625387)[0m [comm_only] step=   0  agent_2  my_pos=(-4.600,0.000)  received=1 fallback=0
[36m(RolloutWorker pid=2625387)[0m     slot[0] neighbor=agent_1 dist=5.123m age=0.150s quality=0.71  n_pos=(0.258,1.634)  rel_pos=(4.858,1.634)
[36m(RolloutWorker pid=2625387)[0m [comm_only] step=   0  agent_3  my_pos=(0.900,-3.250)  received=0 fallback=0
[36m(RolloutWorker pid=2625387)[0m     (无有效邻居: 范围外/丢包/延迟/消息过期，slot 填零)
[36m(RolloutWorker pid=2625387)[0m [graph] step=   1 source=comm_only comm_range=3.5m
[36m(RolloutWorker pid=2625387)[0m   robot_0 pos=( 4.800, 0.800) status=active
[36m(RolloutWorker pid=2625387)[0m     adj=[1  1  0  1]  dist=[ 0.00   4.63   9.43   5.62]  quality=[1.00  0.80  0.00  0.62]  neighbors=[1, 3]
[36m(RolloutWorker pid=2625387)[0m   robot_1 pos=( 0.250, 1.650) status=active
[36m(RolloutWorker pid=2625387)[0m     adj=[1  1  0  0]  dist=[ 4.63   0.00   5.12   4.94]  quality=[0.80  1.00  0.00  0.00]  neighbors=[0]
[36m(RolloutWorker pid=2625387)[0m   robot_2 pos=(-4.600,-0.000) status=active
[36m(RolloutWorker pid=2625387)[0m     adj=[0  1  1  1]  dist=[ 9.43   5.12   0.00   6.39]  quality=[0.00  0.71  1.00  0.49]  neighbors=[1, 3]
[36m(RolloutWorker pid=2625387)[0m   robot_3 pos=( 0.900,-3.250) status=active
[36m(RolloutWorker pid=2625387)[0m     adj=[0  1  0  1]  dist=[ 0.00   4.94   0.00   0.00]  quality=[0.00  0.74  0.00  1.00]  neighbors=[1]
[36m(RolloutWorker pid=2625387)[0m [comm_only] step=   1  agent_0  my_pos=(4.800,0.800)  received=2 fallback=0
[36m(RolloutWorker pid=2625387)[0m     slot[0] neighbor=agent_1 dist=4.629m age=0.150s quality=0.80  n_pos=(0.256,1.669)  rel_pos=(-4.544,0.869)
[36m(RolloutWorker pid=2625387)[0m     slot[1] neighbor=agent_3 dist=5.623m age=0.150s quality=0.62  n_pos=(0.916,-3.268)  rel_pos=(-3.884,-4.068)
[36m(RolloutWorker pid=2625387)[0m [comm_only] step=   1  agent_1  my_pos=(0.250,1.650)  received=0 fallback=0
[36m(RolloutWorker pid=2625387)[0m     (无有效邻居: 范围外/丢包/延迟/消息过期，slot 填零)
[36m(RolloutWorker pid=2625387)[0m [comm_only] step=   1  agent_2  my_pos=(-4.600,-0.000)  received=0 fallback=0
[36m(RolloutWorker pid=2625387)[0m     (无有效邻居: 范围外/丢包/延迟/消息过期，slot 填零)
[36m(RolloutWorker pid=2625387)[0m [comm_only] step=   1  agent_3  my_pos=(0.900,-3.250)  received=1 fallback=0
[36m(RolloutWorker pid=2625387)[0m     slot[0] neighbor=agent_1 dist=4.943m age=0.150s quality=0.74  n_pos=(0.225,1.650)  rel_pos=(-0.675,4.900)
[36m(RolloutWorker pid=2625387)[0m [graph] step=   2 source=comm_only comm_range=3.5m
[36m(RolloutWorker pid=2625387)[0m   robot_0 pos=( 4.820, 0.797) status=active
[36m(RolloutWorker pid=2625387)[0m     adj=[1  1  0  0]  dist=[ 0.00   4.65   9.45   5.63]  quality=[1.00  0.80  0.00  0.00]  neighbors=[1]
[36m(RolloutWorker pid=2625387)[0m   robot_1 pos=( 0.250, 1.650) status=active
[36m(RolloutWorker pid=2625387)[0m     adj=[1  1  1  1]  dist=[ 4.63   0.00   5.12   4.94]  quality=[0.80  1.00  0.71  0.74]  neighbors=[0, 2, 3]
[36m(RolloutWorker pid=2625387)[0m   robot_2 pos=(-4.600,-0.000) status=active
[36m(RolloutWorker pid=2625387)[0m     adj=[0  1  1  0]  dist=[ 9.45   5.12   0.00   6.39]  quality=[0.00  0.71  1.00  0.00]  neighbors=[1]
[36m(RolloutWorker pid=2625387)[0m   robot_3 pos=( 0.900,-3.250) status=active
[36m(RolloutWorker pid=2625387)[0m     adj=[1  1  0  1]  dist=[ 5.63   4.94   6.39   0.00]  quality=[0.62  0.74  0.00  1.00]  neighbors=[0, 1]
[36m(RolloutWorker pid=2625387)[0m [comm_only] step=   2  agent_0  my_pos=(4.820,0.797)  received=1 fallback=0
[36m(RolloutWorker pid=2625387)[0m     slot[0] neighbor=agent_1 dist=4.649m age=0.150s quality=0.80  n_pos=(0.207,1.581)  rel_pos=(-4.613,0.784)
[36m(RolloutWorker pid=2625387)[0m [comm_only] step=   2  agent_1  my_pos=(0.250,1.650)  received=1 fallback=0
[36m(RolloutWorker pid=2625387)[0m     slot[0] neighbor=agent_3 dist=4.943m age=0.150s quality=0.74  n_pos=(0.921,-3.251)  rel_pos=(0.671,-4.901)
[36m(RolloutWorker pid=2625387)[0m [comm_only] step=   2  agent_2  my_pos=(-4.600,-0.000)  received=1 fallback=0
[36m(RolloutWorker pid=2625387)[0m     slot[0] neighbor=agent_1 dist=5.123m age=0.150s quality=0.71  n_pos=(0.278,1.660)  rel_pos=(4.878,1.660)
[36m(RolloutWorker pid=2625387)[0m [comm_only] step=   2  agent_3  my_pos=(0.900,-3.250)  received=1 fallback=0
[36m(RolloutWorker pid=2625387)[0m     slot[0] neighbor=agent_0 dist=5.623m age=0.150s quality=0.62  n_pos=(4.834,0.791)  rel_pos=(3.934,4.041)
[36m(RolloutWorker pid=2625387)[0m [graph] step=   3 source=comm_only comm_range=3.5m
[36m(RolloutWorker pid=2625387)[0m   robot_0 pos=( 4.823, 0.795) status=active
[36m(RolloutWorker pid=2625387)[0m     adj=[1  1  0  1]  dist=[ 0.00   4.65   9.46   5.64]  quality=[1.00  0.80  0.00  0.62]  neighbors=[1, 3]
[36m(RolloutWorker pid=2625387)[0m   robot_1 pos=( 0.250, 1.650) status=active
[36m(RolloutWorker pid=2625387)[0m     adj=[0  1  1  1]  dist=[ 0.00   0.00   5.12   4.94]  quality=[0.00  1.00  0.71  0.74]  neighbors=[2, 3]
[36m(RolloutWorker pid=2625387)[0m   robot_2 pos=(-4.600,-0.000) status=active
[36m(RolloutWorker pid=2625387)[0m     adj=[0  1  1  0]  dist=[ 9.46   5.12   0.00   6.39]  quality=[0.00  0.71  1.00  0.00]  neighbors=[1]
[36m(RolloutWorker pid=2625387)[0m   robot_3 pos=( 0.900,-3.250) status=active
[36m(RolloutWorker pid=2625387)[0m     adj=[0  1  0  1]  dist=[ 0.00   4.94   6.39   0.00]  quality=[0.00  0.74  0.00  1.00]  neighbors=[1]
[36m(RolloutWorker pid=2625387)[0m [comm_only] step=   3  agent_0  my_pos=(4.823,0.795)  received=1 fallback=0
[36m(RolloutWorker pid=2625387)[0m     slot[0] neighbor=agent_3 dist=5.635m age=0.150s quality=0.62  n_pos=(0.892,-3.218)  rel_pos=(-3.931,-4.013)
[36m(RolloutWorker pid=2625387)[0m [comm_only] step=   3  agent_1  my_pos=(0.250,1.650)  received=2 fallback=0
[36m(RolloutWorker pid=2625387)[0m     slot[0] neighbor=agent_3 dist=4.943m age=0.150s quality=0.74  n_pos=(0.930,-3.265)  rel_pos=(0.680,-4.915)
[36m(RolloutWorker pid=2625387)[0m     slot[1] neighbor=agent_2 dist=5.123m age=0.150s quality=0.71  n_pos=(-4.627,-0.019)  rel_pos=(-4.877,-1.669)
[36m(RolloutWorker pid=2625387)[0m [comm_only] step=   3  agent_2  my_pos=(-4.600,-0.000)  received=1 fallback=0
[36m(RolloutWorker pid=2625387)[0m     slot[0] neighbor=agent_1 dist=5.123m age=0.150s quality=0.71  n_pos=(0.276,1.663)  rel_pos=(4.876,1.663)
[36m(RolloutWorker pid=2625387)[0m [comm_only] step=   3  agent_3  my_pos=(0.900,-3.250)  received=1 fallback=0
[36m(RolloutWorker pid=2625387)[0m     slot[0] neighbor=agent_1 dist=4.943m age=0.150s quality=0.74  n_pos=(0.231,1.662)  rel_pos=(-0.669,4.912)
[36m(RolloutWorker pid=2625387)[0m ⚠️ Robot 2: 强制路线非法，回退随机安全采样 start=(4.60,0.00) goal=(-4.60,0.00)
[36m(RolloutWorker pid=2625387)[0m ⚠️ Robot 0: 强制路线非法，回退随机安全采样 start=(-4.20,-1.40) goal=(4.20,-1.40)
[36m(RolloutWorker pid=2625387)[0m ⚠️ Robot 3: 强制路线非法，回退随机安全采样 start=(3.80,2.40) goal=(-3.80,-2.40)
[36m(RolloutWorker pid=2625387)[0m ⚠️ Robot 1: 强制路线非法，回退随机安全采样 start=(2.60,-3.80) goal=(-2.60,3.80)
[36m(RolloutWorker pid=2625387)[0m ⚠️ Robot 3: 强制路线非法，回退随机安全采样 start=(4.60,0.00) goal=(-4.60,0.00)
[36m(RolloutWorker pid=2625387)[0m 
[36m(RolloutWorker pid=2625387)[0m ============================================================
[36m(RolloutWorker pid=2625387)[0m 🏁 Episode 结束 (timeout)
[36m(RolloutWorker pid=2625387)[0m    步数: 2000/2000
[36m(RolloutWorker pid=2625387)[0m    完成: 0/4
[36m(RolloutWorker pid=2625387)[0m    活跃: 4  失败: 0
[36m(RolloutWorker pid=2625387)[0m ============================================================
[36m(RolloutWorker pid=2625387)[0m 
[36m(RolloutWorker pid=2625387)[0m ⚠️ Robot 0: 强制路线非法，回退随机安全采样 start=(-4.60,1.60) goal=(0.60,-2.20)
[36m(RolloutWorker pid=2625387)[0m ⚠️ Robot 1: 强制路线非法，回退随机安全采样 start=(-4.20,1.40) goal=(4.20,1.40)
[36m(RolloutWorker pid=2625387)[0m ⚠️ Robot 3: 强制路线非法，回退随机安全采样 start=(2.60,-3.80) goal=(-2.60,3.80)
[36m(RolloutWorker pid=2625387)[0m [graph] step=   0 source=comm_only comm_range=3.5m
[36m(RolloutWorker pid=2625387)[0m   robot_0 pos=( 0.400,-0.550) status=active
[36m(RolloutWorker pid=2625387)[0m     adj=[1  1  0  0]  dist=[ 0.00   5.06   5.03   5.34]  quality=[1.00  0.72  0.00  0.00]  neighbors=[1]
[36m(RolloutWorker pid=2625387)[0m   robot_1 pos=( 5.250, 0.900) status=active
[36m(RolloutWorker pid=2625387)[0m     adj=[1  1  0  1]  dist=[ 5.06   0.00   9.89   6.98]  quality=[0.72  1.00  0.00  0.38]  neighbors=[0, 3]
[36m(RolloutWorker pid=2625387)[0m   robot_2 pos=(-4.600, 0.000) status=active
[36m(RolloutWorker pid=2625387)[0m     adj=[1  0  1  1]  dist=[ 5.03   9.89   0.00   6.17]  quality=[0.73  0.00  1.00  0.53]  neighbors=[0, 3]
[36m(RolloutWorker pid=2625387)[0m   robot_3 pos=(-0.600, 4.700) status=active
[36m(RolloutWorker pid=2625387)[0m     adj=[1  0  0  1]  dist=[ 5.34   0.00   0.00   0.00]  quality=[0.67  0.00  0.00  1.00]  neighbors=[0]
[36m(RolloutWorker pid=2625387)[0m [comm_only] step=   0  agent_0  my_pos=(0.400,-0.550)  received=1 fallback=0
[36m(RolloutWorker pid=2625387)[0m     slot[0] neighbor=agent_1 dist=5.062m age=0.150s quality=0.72  n_pos=(5.234,0.899)  rel_pos=(4.834,1.449)
[36m(RolloutWorker pid=2625387)[0m [comm_only] step=   0  agent_1  my_pos=(5.250,0.900)  received=2 fallback=0
[36m(RolloutWorker pid=2625387)[0m     slot[0] neighbor=agent_0 dist=5.062m age=0.150s quality=0.72  n_pos=(0.432,-0.566)  rel_pos=(-4.818,-1.466)
[36m(RolloutWorker pid=2625387)[0m     slot[1] neighbor=agent_3 dist=6.976m age=0.150s quality=0.38  n_pos=(-0.610,4.698)  rel_pos=(-5.860,3.798)
[36m(RolloutWorker pid=2625387)[0m [comm_only] step=   0  agent_2  my_pos=(-4.600,0.000)  received=1 fallback=0
