[INFO] [launch]: All log files can be found below /home/wj/.ros/log/2026-04-25-11-12-00-648457-wj-Default-string-1281456
[INFO] [launch]: Default logging verbosity is set to INFO
[INFO] Loading world for TurtleBot3: /home/wj/work/multi-robot-exploration-rl/install/start_rl_environment_tb3/share/start_rl_environment_tb3/worlds/corridor_swap.world
[INFO] Spawning 4 TurtleBot3 robots on corridor_swap...
[INFO] Using random positions
[INFO] Using fixed positions for 4 robots
[INFO]   Robot 0: Robot 0 - 左侧中间 at (-4.50, 0.00)
[INFO]   Robot 1: Robot 1 - 右侧中间 at (4.50, 0.00)
[INFO]   Robot 2: Robot 2 - 左下 at (-4.50, -3.00)
[INFO]   Robot 3: Robot 3 - 左上 at (-4.50, 3.00)
[spawn_robots] Created modified SDF for tb3_0 at /tmp/tb3_0_awzl39hf.sdf
[spawn_robots] Created modified SDF for tb3_1 at /tmp/tb3_1_gjsr394u.sdf
[spawn_robots] Created modified SDF for tb3_2 at /tmp/tb3_2_g4cl5mki.sdf
[spawn_robots] Created modified SDF for tb3_3 at /tmp/tb3_3_yg2jzfhj.sdf
[INFO] Map Server loading: /home/wj/work/multi-robot-exploration-rl/install/start_rl_environment_tb3/share/start_rl_environment_tb3/maps/corridor_swap.yaml
[INFO] [gzserver-1]: process started with pid [1281485]
[INFO] [gzclient-2]: process started with pid [1281487]
[INFO] [robot_state_publisher-3]: process started with pid [1281489]
[INFO] [spawn_entity.py-4]: process started with pid [1281491]
[INFO] [static_transform_publisher-5]: process started with pid [1281493]
[INFO] [robot_state_publisher-6]: process started with pid [1281495]
[INFO] [spawn_entity.py-7]: process started with pid [1281497]
[INFO] [static_transform_publisher-8]: process started with pid [1281499]
[INFO] [robot_state_publisher-9]: process started with pid [1281501]
[INFO] [spawn_entity.py-10]: process started with pid [1281503]
[INFO] [static_transform_publisher-11]: process started with pid [1281505]
[INFO] [robot_state_publisher-12]: process started with pid [1281507]
[INFO] [spawn_entity.py-13]: process started with pid [1281509]
[INFO] [static_transform_publisher-14]: process started with pid [1281511]
[INFO] [map_server-15]: process started with pid [1281513]
[INFO] [lifecycle_manager-16]: process started with pid [1281515]
[INFO] [rviz2-17]: process started with pid [1281520]
[INFO] [obstacle_mover.py-18]: process started with pid [1281529]
[static_transform_publisher-5] [WARN] [1777086721.436430447] []: Old-style arguments are deprecated; see --help for new-style arguments
[static_transform_publisher-8] [WARN] [1777086721.438707152] []: Old-style arguments are deprecated; see --help for new-style arguments
[static_transform_publisher-11] [WARN] [1777086721.444596549] []: Old-style arguments are deprecated; see --help for new-style arguments
[static_transform_publisher-14] [WARN] [1777086721.447309311] []: Old-style arguments are deprecated; see --help for new-style arguments
[static_transform_publisher-8] [INFO] [1777086721.475174065] [static_tf_tb3_1]: Spinning until stopped - publishing transform
[static_transform_publisher-8] translation: ('0.000000', '0.000000', '0.000000')
[static_transform_publisher-8] rotation: ('0.000000', '0.000000', '0.000000', '1.000000')
[static_transform_publisher-8] from 'map' to 'tb3_1/odom'
[robot_state_publisher-6] [INFO] [1777086721.483241939] [tb3_1.robot_state_publisher]: got segment base_footprint
[robot_state_publisher-6] [INFO] [1777086721.483429224] [tb3_1.robot_state_publisher]: got segment base_link
[robot_state_publisher-6] [INFO] [1777086721.483451866] [tb3_1.robot_state_publisher]: got segment base_scan
[robot_state_publisher-6] [INFO] [1777086721.483464152] [tb3_1.robot_state_publisher]: got segment caster_back_link
[robot_state_publisher-6] [INFO] [1777086721.483474215] [tb3_1.robot_state_publisher]: got segment imu_link
[robot_state_publisher-6] [INFO] [1777086721.483484181] [tb3_1.robot_state_publisher]: got segment wheel_left_link
[robot_state_publisher-6] [INFO] [1777086721.483493510] [tb3_1.robot_state_publisher]: got segment wheel_right_link
[robot_state_publisher-3] [INFO] [1777086721.490188158] [tb3_0.robot_state_publisher]: got segment base_footprint
[robot_state_publisher-3] [INFO] [1777086721.490573953] [tb3_0.robot_state_publisher]: got segment base_link
[robot_state_publisher-3] [INFO] [1777086721.490659135] [tb3_0.robot_state_publisher]: got segment base_scan
[robot_state_publisher-3] [INFO] [1777086721.490673927] [tb3_0.robot_state_publisher]: got segment caster_back_link
[robot_state_publisher-3] [INFO] [1777086721.490684191] [tb3_0.robot_state_publisher]: got segment imu_link
[robot_state_publisher-3] [INFO] [1777086721.490694549] [tb3_0.robot_state_publisher]: got segment wheel_left_link
[robot_state_publisher-3] [INFO] [1777086721.490704687] [tb3_0.robot_state_publisher]: got segment wheel_right_link
[robot_state_publisher-12] [INFO] [1777086721.493204838] [tb3_3.robot_state_publisher]: got segment base_footprint
[robot_state_publisher-12] [INFO] [1777086721.493925081] [tb3_3.robot_state_publisher]: got segment base_link
[robot_state_publisher-12] [INFO] [1777086721.493951747] [tb3_3.robot_state_publisher]: got segment base_scan
[robot_state_publisher-12] [INFO] [1777086721.493965677] [tb3_3.robot_state_publisher]: got segment caster_back_link
[robot_state_publisher-12] [INFO] [1777086721.493997519] [tb3_3.robot_state_publisher]: got segment imu_link
[robot_state_publisher-12] [INFO] [1777086721.494013560] [tb3_3.robot_state_publisher]: got segment wheel_left_link
[robot_state_publisher-12] [INFO] [1777086721.494024903] [tb3_3.robot_state_publisher]: got segment wheel_right_link
[static_transform_publisher-11] [INFO] [1777086721.493533506] [static_tf_tb3_2]: Spinning until stopped - publishing transform
[static_transform_publisher-11] translation: ('0.000000', '0.000000', '0.000000')
[static_transform_publisher-11] rotation: ('0.000000', '0.000000', '0.000000', '1.000000')
[static_transform_publisher-11] from 'map' to 'tb3_2/odom'
[static_transform_publisher-14] [INFO] [1777086721.507968408] [static_tf_tb3_3]: Spinning until stopped - publishing transform
[static_transform_publisher-14] translation: ('0.000000', '0.000000', '0.000000')
[static_transform_publisher-14] rotation: ('0.000000', '0.000000', '0.000000', '1.000000')
[static_transform_publisher-14] from 'map' to 'tb3_3/odom'
[static_transform_publisher-5] [INFO] [1777086721.508916445] [static_tf_tb3_0]: Spinning until stopped - publishing transform
[static_transform_publisher-5] translation: ('0.000000', '0.000000', '0.000000')
[static_transform_publisher-5] rotation: ('0.000000', '0.000000', '0.000000', '1.000000')
[static_transform_publisher-5] from 'map' to 'tb3_0/odom'
[robot_state_publisher-9] [INFO] [1777086721.519177505] [tb3_2.robot_state_publisher]: got segment base_footprint
[robot_state_publisher-9] [INFO] [1777086721.519352148] [tb3_2.robot_state_publisher]: got segment base_link
[robot_state_publisher-9] [INFO] [1777086721.519375415] [tb3_2.robot_state_publisher]: got segment base_scan
[robot_state_publisher-9] [INFO] [1777086721.519397101] [tb3_2.robot_state_publisher]: got segment caster_back_link
[robot_state_publisher-9] [INFO] [1777086721.519409038] [tb3_2.robot_state_publisher]: got segment imu_link
[robot_state_publisher-9] [INFO] [1777086721.519419622] [tb3_2.robot_state_publisher]: got segment wheel_left_link
[robot_state_publisher-9] [INFO] [1777086721.519430322] [tb3_2.robot_state_publisher]: got segment wheel_right_link
[lifecycle_manager-16] [INFO] [1777086721.523519788] [lifecycle_manager_map]: Creating
[lifecycle_manager-16] [INFO] [1777086721.529377287] [lifecycle_manager_map]: [34m[1mCreating and initializing lifecycle service clients[0m[0m
[map_server-15] [INFO] [1777086721.531153909] [map_server]: 
[map_server-15] 	map_server lifecycle node launched. 
[map_server-15] 	Waiting on external lifecycle transitions to activate
[map_server-15] 	See https://design.ros2.org/articles/node_lifecycle.html for more information.
[map_server-15] [INFO] [1777086721.531320834] [map_server]: Creating
[lifecycle_manager-16] [INFO] [1777086721.533653626] [lifecycle_manager_map]: [34m[1mStarting managed nodes bringup...[0m[0m
[lifecycle_manager-16] [INFO] [1777086721.533695674] [lifecycle_manager_map]: [34m[1mConfiguring map_server[0m[0m
[map_server-15] [INFO] [1777086721.533916406] [map_server]: Configuring
[map_server-15] [INFO] [1777086721.533973232] [map_io]: Loading yaml file: /home/wj/work/multi-robot-exploration-rl/install/start_rl_environment_tb3/share/start_rl_environment_tb3/maps/corridor_swap.yaml
[map_server-15] [INFO] [1777086721.534257318] [map_io]: resolution: 0.05
[map_server-15] [INFO] [1777086721.534270017] [map_io]: origin[0]: -6
[map_server-15] [INFO] [1777086721.534275481] [map_io]: origin[1]: -6
[map_server-15] [INFO] [1777086721.534280229] [map_io]: origin[2]: 0
[map_server-15] [INFO] [1777086721.534285314] [map_io]: free_thresh: 0.196
[map_server-15] [INFO] [1777086721.534290649] [map_io]: occupied_thresh: 0.65
[map_server-15] [INFO] [1777086721.534296565] [map_io]: mode: trinary
[map_server-15] [INFO] [1777086721.534302393] [map_io]: negate: 0
[map_server-15] [INFO] [1777086721.534505038] [map_io]: Loading image_file: /home/wj/work/multi-robot-exploration-rl/install/start_rl_environment_tb3/share/start_rl_environment_tb3/maps/corridor_swap.pgm
[map_server-15] [INFO] [1777086721.541950944] [map_io]: Read map /home/wj/work/multi-robot-exploration-rl/install/start_rl_environment_tb3/share/start_rl_environment_tb3/maps/corridor_swap.pgm: 240 X 240 map @ 0.05 m/cell
[lifecycle_manager-16] [INFO] [1777086721.547960151] [lifecycle_manager_map]: [34m[1mActivating map_server[0m[0m
[map_server-15] [INFO] [1777086721.548112574] [map_server]: Activating
[map_server-15] [INFO] [1777086721.548269042] [map_server]: Creating bond (map_server) to lifecycle manager.
[lifecycle_manager-16] [INFO] [1777086721.653184233] [lifecycle_manager_map]: Server map_server connected with bond.
[lifecycle_manager-16] [INFO] [1777086721.653250510] [lifecycle_manager_map]: [34m[1mManaged nodes are active[0m[0m
[lifecycle_manager-16] [INFO] [1777086721.653271006] [lifecycle_manager_map]: [34m[1mCreating bond timer...[0m[0m
[spawn_entity.py-7] [INFO] [1777086721.997941635] [tb3_1.spawn_entity]: Spawn Entity started
[spawn_entity.py-7] [INFO] [1777086721.998697601] [tb3_1.spawn_entity]: Loading entity XML from file /tmp/tb3_1_gjsr394u.sdf
[spawn_entity.py-7] [INFO] [1777086722.000140667] [tb3_1.spawn_entity]: Waiting for service /spawn_entity, timeout = 30
[spawn_entity.py-7] [INFO] [1777086722.000834037] [tb3_1.spawn_entity]: Waiting for service /spawn_entity
[spawn_entity.py-13] [INFO] [1777086722.039767061] [tb3_3.spawn_entity]: Spawn Entity started
[spawn_entity.py-13] [INFO] [1777086722.040168241] [tb3_3.spawn_entity]: Loading entity XML from file /tmp/tb3_3_yg2jzfhj.sdf
[spawn_entity.py-13] [INFO] [1777086722.041009835] [tb3_3.spawn_entity]: Waiting for service /spawn_entity, timeout = 30
[spawn_entity.py-13] [INFO] [1777086722.041460936] [tb3_3.spawn_entity]: Waiting for service /spawn_entity
[spawn_entity.py-4] [INFO] [1777086722.148440759] [tb3_0.spawn_entity]: Spawn Entity started
[spawn_entity.py-4] [INFO] [1777086722.148899716] [tb3_0.spawn_entity]: Loading entity XML from file /tmp/tb3_0_awzl39hf.sdf
[spawn_entity.py-4] [INFO] [1777086722.149770237] [tb3_0.spawn_entity]: Waiting for service /spawn_entity, timeout = 30
[spawn_entity.py-4] [INFO] [1777086722.150106210] [tb3_0.spawn_entity]: Waiting for service /spawn_entity
[spawn_entity.py-10] [INFO] [1777086722.172766907] [tb3_2.spawn_entity]: Spawn Entity started
[spawn_entity.py-10] [INFO] [1777086722.173175267] [tb3_2.spawn_entity]: Loading entity XML from file /tmp/tb3_2_g4cl5mki.sdf
[spawn_entity.py-10] [INFO] [1777086722.174050308] [tb3_2.spawn_entity]: Waiting for service /spawn_entity, timeout = 30
[spawn_entity.py-10] [INFO] [1777086722.174430738] [tb3_2.spawn_entity]: Waiting for service /spawn_entity
[rviz2-17] [INFO] [1777086722.212772316] [rviz2]: Stereo is NOT SUPPORTED
[rviz2-17] [INFO] [1777086722.212932148] [rviz2]: OpenGl version: 4.6 (GLSL 4.6)
[rviz2-17] [INFO] [1777086722.237326247] [rviz2]: Stereo is NOT SUPPORTED
[gzserver-1] [WARN] [1777086723.179592381] [rcl]: Found remap rule 'model_states:=model_states_demo'. This syntax is deprecated. Use '--ros-args --remap model_states:=model_states_demo' instead.
[spawn_entity.py-10] [INFO] [1777086723.180301339] [tb3_2.spawn_entity]: Calling service /spawn_entity
[gzserver-1] [INFO] [1777086723.195431236] [gazebo_ros_state]: Publishing states of gazebo models at [/model_states_demo]
[gzserver-1] [INFO] [1777086723.196980861] [gazebo_ros_state]: Publishing states of gazebo links at [/link_states]
[obstacle_mover.py-18] [INFO] [1777086723.219339889] [obstacle_mover]: [obstacle_mover] map=3  6 个障碍物  速度=0.099 m/s (scale×0.9)  30 Hz  随机游走模式
[obstacle_mover.py-18] [INFO] [1777086723.230003981] [obstacle_mover]: [obstacle_mover] ✅ dyn_obs_6~dyn_obs_7 已下沉至 z=-10.0
[spawn_entity.py-7] [INFO] [1777086723.259847795] [tb3_1.spawn_entity]: Calling service /spawn_entity
[spawn_entity.py-13] [INFO] [1777086723.299454557] [tb3_3.spawn_entity]: Calling service /spawn_entity
[spawn_entity.py-4] [INFO] [1777086723.407105178] [tb3_0.spawn_entity]: Calling service /spawn_entity
[gzserver-1] [INFO] [1777086723.516120265] [tb3_2.turtlebot3_imu]: <initial_orientation_as_reference> is unset, using default value of false to comply with REP 145 (world as orientation reference)
[spawn_entity.py-10] [INFO] [1777086723.608993031] [tb3_2.spawn_entity]: Spawn status: SpawnEntity: Successfully spawned entity [tb3_2]
[gzserver-1] [INFO] [1777086723.741918473] [tb3_2.turtlebot3_diff_drive]: Wheel pair 1 separation set to [0.160000m]
[gzserver-1] [INFO] [1777086723.741971926] [tb3_2.turtlebot3_diff_drive]: Wheel pair 1 diameter set to [0.066000m]
[gzserver-1] [INFO] [1777086723.744047588] [tb3_2.turtlebot3_diff_drive]: Subscribed to [/tb3_2/cmd_vel]
[gzserver-1] [INFO] [1777086723.747492338] [tb3_2.turtlebot3_diff_drive]: Advertise odometry on [/tb3_2/odom]
[gzserver-1] [INFO] [1777086723.752849674] [tb3_2.turtlebot3_diff_drive]: Publishing odom transforms between [tb3_2/odom] and [tb3_2/base_footprint]
[gzserver-1] [INFO] [1777086723.773846625] [tb3_2.turtlebot3_joint_state]: Going to publish joint [wheel_left_joint]
[gzserver-1] [INFO] [1777086723.773892290] [tb3_2.turtlebot3_joint_state]: Going to publish joint [wheel_right_joint]
[INFO] [spawn_entity.py-10]: process has finished cleanly [pid 1281503]
[gzserver-1] [INFO] [1777086724.071414212] [tb3_1.turtlebot3_imu]: <initial_orientation_as_reference> is unset, using default value of false to comply with REP 145 (world as orientation reference)
[spawn_entity.py-7] [INFO] [1777086724.180827221] [tb3_1.spawn_entity]: Spawn status: SpawnEntity: Successfully spawned entity [tb3_1]
[gzserver-1] [INFO] [1777086724.293427847] [tb3_1.turtlebot3_diff_drive]: Wheel pair 1 separation set to [0.160000m]
[gzserver-1] [INFO] [1777086724.293490542] [tb3_1.turtlebot3_diff_drive]: Wheel pair 1 diameter set to [0.066000m]
[gzserver-1] [INFO] [1777086724.294323620] [tb3_1.turtlebot3_diff_drive]: Subscribed to [/tb3_1/cmd_vel]
[gzserver-1] [INFO] [1777086724.295297712] [tb3_1.turtlebot3_diff_drive]: Advertise odometry on [/tb3_1/odom]
[gzserver-1] [INFO] [1777086724.299173840] [tb3_1.turtlebot3_diff_drive]: Publishing odom transforms between [tb3_1/odom] and [tb3_1/base_footprint]
[gzserver-1] [INFO] [1777086724.314713591] [tb3_1.turtlebot3_joint_state]: Going to publish joint [wheel_left_joint]
[gzserver-1] [INFO] [1777086724.314770499] [tb3_1.turtlebot3_joint_state]: Going to publish joint [wheel_right_joint]
[INFO] [spawn_entity.py-7]: process has finished cleanly [pid 1281497]
[gzserver-1] [INFO] [1777086724.619240600] [tb3_3.turtlebot3_imu]: <initial_orientation_as_reference> is unset, using default value of false to comply with REP 145 (world as orientation reference)
[spawn_entity.py-13] [INFO] [1777086724.728298136] [tb3_3.spawn_entity]: Spawn status: SpawnEntity: Successfully spawned entity [tb3_3]
[gzserver-1] [INFO] [1777086724.844208918] [tb3_3.turtlebot3_diff_drive]: Wheel pair 1 separation set to [0.160000m]
[gzserver-1] [INFO] [1777086724.844308337] [tb3_3.turtlebot3_diff_drive]: Wheel pair 1 diameter set to [0.066000m]
[gzserver-1] [INFO] [1777086724.845537662] [tb3_3.turtlebot3_diff_drive]: Subscribed to [/tb3_3/cmd_vel]
[gzserver-1] [INFO] [1777086724.847247848] [tb3_3.turtlebot3_diff_drive]: Advertise odometry on [/tb3_3/odom]
[gzserver-1] [INFO] [1777086724.850019449] [tb3_3.turtlebot3_diff_drive]: Publishing odom transforms between [tb3_3/odom] and [tb3_3/base_footprint]
[gzserver-1] [INFO] [1777086724.863852053] [tb3_3.turtlebot3_joint_state]: Going to publish joint [wheel_left_joint]
[gzserver-1] [INFO] [1777086724.863925772] [tb3_3.turtlebot3_joint_state]: Going to publish joint [wheel_right_joint]
[INFO] [spawn_entity.py-13]: process has finished cleanly [pid 1281509]
[gzserver-1] [INFO] [1777086725.167228912] [tb3_0.turtlebot3_imu]: <initial_orientation_as_reference> is unset, using default value of false to comply with REP 145 (world as orientation reference)
[spawn_entity.py-4] [INFO] [1777086725.277458497] [tb3_0.spawn_entity]: Spawn status: SpawnEntity: Successfully spawned entity [tb3_0]
[gzserver-1] [INFO] [1777086725.392249250] [tb3_0.turtlebot3_diff_drive]: Wheel pair 1 separation set to [0.160000m]
[gzserver-1] [INFO] [1777086725.392344655] [tb3_0.turtlebot3_diff_drive]: Wheel pair 1 diameter set to [0.066000m]
[gzserver-1] [INFO] [1777086725.393492251] [tb3_0.turtlebot3_diff_drive]: Subscribed to [/tb3_0/cmd_vel]
[gzserver-1] [INFO] [1777086725.394975069] [tb3_0.turtlebot3_diff_drive]: Advertise odometry on [/tb3_0/odom]
[gzserver-1] [INFO] [1777086725.398145168] [tb3_0.turtlebot3_diff_drive]: Publishing odom transforms between [tb3_0/odom] and [tb3_0/base_footprint]
[gzserver-1] [INFO] [1777086725.416643746] [tb3_0.turtlebot3_joint_state]: Going to publish joint [wheel_left_joint]
[gzserver-1] [INFO] [1777086725.416701223] [tb3_0.turtlebot3_joint_state]: Going to publish joint [wheel_right_joint]
[INFO] [spawn_entity.py-4]: process has finished cleanly [pid 1281491]
[rviz2-17] [INFO] [1777086735.236821497] [rviz2]: Message Filter dropping message: frame 'tb3_1/base_scan' at time 0.395 for reason 'the timestamp on the message is earlier than all the data in the transform cache'
[rviz2-17] [INFO] [1777086735.437311307] [rviz2]: Message Filter dropping message: frame 'tb3_3/base_scan' at time 0.595 for reason 'the timestamp on the message is earlier than all the data in the transform cache'
[rviz2-17] [INFO] [1777086735.637130702] [rviz2]: Message Filter dropping message: frame 'tb3_0/base_scan' at time 0.794 for reason 'the timestamp on the message is earlier than all the data in the transform cache'
