2026-04-02 21:50:18,960	INFO worker.py:2013 -- Started a local Ray instance.
/home/wj/anaconda3/envs/ros2/lib/python3.10/site-packages/ray/rllib/algorithms/algorithm.py:527: RayDeprecationWarning: This API is deprecated and may be removed in future Ray releases. You could suppress this warning by setting env variable PYTHONWARNINGS="ignore::DeprecationWarning"
`UnifiedLogger` will be removed in Ray 2.7.
  return UnifiedLogger(config, logdir, loggers=None)
/home/wj/anaconda3/envs/ros2/lib/python3.10/site-packages/ray/tune/logger/unified.py:53: RayDeprecationWarning: This API is deprecated and may be removed in future Ray releases. You could suppress this warning by setting env variable PYTHONWARNINGS="ignore::DeprecationWarning"
The `JsonLogger interface is deprecated in favor of the `ray.tune.json.JsonLoggerCallback` interface and will be removed in Ray 2.7.
  self._loggers.append(cls(self.config, self.logdir, self.trial))
/home/wj/anaconda3/envs/ros2/lib/python3.10/site-packages/ray/tune/logger/unified.py:53: RayDeprecationWarning: This API is deprecated and may be removed in future Ray releases. You could suppress this warning by setting env variable PYTHONWARNINGS="ignore::DeprecationWarning"
The `CSVLogger interface is deprecated in favor of the `ray.tune.csv.CSVLoggerCallback` interface and will be removed in Ray 2.7.
  self._loggers.append(cls(self.config, self.logdir, self.trial))
/home/wj/anaconda3/envs/ros2/lib/python3.10/site-packages/ray/tune/logger/unified.py:53: RayDeprecationWarning: This API is deprecated and may be removed in future Ray releases. You could suppress this warning by setting env variable PYTHONWARNINGS="ignore::DeprecationWarning"
The `TBXLogger interface is deprecated in favor of the `ray.tune.tensorboardx.TBXLoggerCallback` interface and will be removed in Ray 2.7.
  self._loggers.append(cls(self.config, self.logdir, self.trial))
[2026-04-02 21:50:20,309 E 3279820 3279820] core_worker.cc:2232: Actor with class name: 'RolloutWorker' and ID: '1e62c7eeb6b5b66fe35f727701000000' has constructor arguments in the object store and max_restarts > 0. If the arguments in the object store go out of scope or are lost, the actor restart will fail. See https://github.com/ray-project/ray/issues/53727 for more details.
[36m(RolloutWorker pid=3280992)[0m [INFO] [1775137824.504844163] [gym_env_robot_0_96178]: ✅ 路径可视化器已启动，路径话题: /waypoint_markers, tracking话题: /rolling_subgoal_markers
[36m(RolloutWorker pid=3280992)[0m [INFO] [1775137824.546159312] [gym_env_robot_1_95432]: ✅ 路径可视化器已启动，路径话题: /waypoint_markers, tracking话题: /rolling_subgoal_markers
[36m(RolloutWorker pid=3280992)[0m [INFO] [1775137824.578482798] [gym_env_robot_2_28543]: ✅ 路径可视化器已启动，路径话题: /waypoint_markers, tracking话题: /rolling_subgoal_markers
[36m(RolloutWorker pid=3280992)[0m [INFO] [1775137824.614083752] [gym_env_robot_3_90818]: ✅ 路径可视化器已启动，路径话题: /waypoint_markers, tracking话题: /rolling_subgoal_markers
[INFO] [1775137826.462773206] [gym_env_robot_0_16169]: ✅ 路径可视化器已启动，路径话题: /waypoint_markers, tracking话题: /rolling_subgoal_markers
[INFO] [1775137826.508821508] [gym_env_robot_1_19910]: ✅ 路径可视化器已启动，路径话题: /waypoint_markers, tracking话题: /rolling_subgoal_markers
[INFO] [1775137826.542004482] [gym_env_robot_2_456]: ✅ 路径可视化器已启动，路径话题: /waypoint_markers, tracking话题: /rolling_subgoal_markers
[INFO] [1775137826.575014298] [gym_env_robot_3_88039]: ✅ 路径可视化器已启动，路径话题: /waypoint_markers, tracking话题: /rolling_subgoal_markers
2026-04-02 21:50:28,664	WARNING util.py:62 -- Install gputil for GPU system monitoring.
2026-04-02 21:50:28,694	INFO trainable.py:578 -- Restored on 172.19.10.153 from checkpoint: Checkpoint(filesystem=local, path=/home/wj/work/multi-robot-exploration-rl/ray_results/MAPPO_MLP_LSTM_Stage3_Cont/best)
================================================================================
🧱 MAPPO-MLP-LSTM 基础训练（无 GNN，带 LSTM）
================================================================================
  机器人数量:  4
  环境阶段:    4 · Stage 4 · 完整任务
  并行Workers: 1
  采样设置:    timeout=1200s fragment=1000 mode=truncate_episodes
  训练步数:    1,000,000
  学习率:      1e-05
  动作模式:    continuous
  PPO配置:     continuous_baseline  (clip=0.03, ent=0.005, mb=512, epochs=10)
  隐藏维度:    96
  Actor 输入:  155  (TopK障碍(9×4)×4帧 + goal(2)+vel(2)+safety(7))
  Critic 输入: 620  (4 个机器人全局状态)
  阶段描述:    完整 corridor_swap 难度，对齐最终训练环境。
  控制方式:    纯端到端RL（goal-directed，no shield / no path-tracking reward）
  需要环境:    ros2 launch start_rl_environment_tb3 main.launch.py map_number:=3 robot_number:=4 num_obstacles:=8 obs_speed_scale:=1.0
================================================================================

[36m(RolloutWorker pid=3280992)[0m 🤖 环境初始化: Namespace='/tb3_0', ModelName='tb3_0'
[36m(RolloutWorker pid=3280992)[0m ✅ Map 3: 预计算安全 spawn 点 42748 个 (clearance=0.40m)
[36m(RolloutWorker pid=3280992)[0m ✅ Robot 0: A*规划器初始化完成
[36m(RolloutWorker pid=3280992)[0m 🤖 环境初始化: Namespace='/tb3_1', ModelName='tb3_1'
[36m(RolloutWorker pid=3280992)[0m ✅ Map 3: 预计算安全 spawn 点 42748 个 (clearance=0.40m)
[36m(RolloutWorker pid=3280992)[0m ✅ Robot 1: A*规划器初始化完成
[36m(RolloutWorker pid=3280992)[0m 🤖 环境初始化: Namespace='/tb3_2', ModelName='tb3_2'
[36m(RolloutWorker pid=3280992)[0m ✅ Map 3: 预计算安全 spawn 点 42748 个 (clearance=0.40m)
[36m(RolloutWorker pid=3280992)[0m ✅ Robot 2: A*规划器初始化完成
[36m(RolloutWorker pid=3280992)[0m 🤖 环境初始化: Namespace='/tb3_3', ModelName='tb3_3'
[36m(RolloutWorker pid=3280992)[0m ✅ Map 3: 预计算安全 spawn 点 42748 个 (clearance=0.40m)
[36m(RolloutWorker pid=3280992)[0m ✅ Robot 3: A*规划器初始化完成
[36m(RolloutWorker pid=3280992)[0m 
[36m(RolloutWorker pid=3280992)[0m [MAPPOMLPModel · MAPPO-LSTM] 参数量: 89,381
[36m(RolloutWorker pid=3280992)[0m   obs_space=(251,)  base_obs_dim=47  neighbor_dim=15  actor_obs_dim=62  num_agents=4
[36m(RolloutWorker pid=3280992)[0m   LSTM (1层单向): 61,440  input=62  hidden=96
[36m(RolloutWorker pid=3280992)[0m   Actor head:    388
[36m(RolloutWorker pid=3280992)[0m   Critic MLP:    27,553  (in=188 = 4×47)
🤖 环境初始化: Namespace='/tb3_0', ModelName='tb3_0'
✅ Map 3: 预计算安全 spawn 点 42748 个 (clearance=0.40m)
✅ Robot 0: A*规划器初始化完成
🤖 环境初始化: Namespace='/tb3_1', ModelName='tb3_1'
✅ Map 3: 预计算安全 spawn 点 42748 个 (clearance=0.40m)
✅ Robot 1: A*规划器初始化完成
🤖 环境初始化: Namespace='/tb3_2', ModelName='tb3_2'
✅ Map 3: 预计算安全 spawn 点 42748 个 (clearance=0.40m)
✅ Robot 2: A*规划器初始化完成
🤖 环境初始化: Namespace='/tb3_3', ModelName='tb3_3'
✅ Map 3: 预计算安全 spawn 点 42748 个 (clearance=0.40m)
✅ Robot 3: A*规划器初始化完成

[MAPPOMLPModel · MAPPO-LSTM] 参数量: 89,381
  obs_space=(251,)  base_obs_dim=47  neighbor_dim=15  actor_obs_dim=62  num_agents=4
  LSTM (1层单向): 61,440  input=62  hidden=96
  Actor head:    388
  Critic MLP:    27,553  (in=188 = 4×47)
尝试从 Checkpoint 恢复: /home/wj/work/multi-robot-exploration-rl/ray_results/MAPPO_MLP_LSTM_Stage3_Cont/best
完整恢复成功（包含优化器历史动量）
[36m(RolloutWorker pid=3280992)[0m [graph] step=   0  comm_range=3.5m
[36m(RolloutWorker pid=3280992)[0m   robot_0 pos=( 5.250, 3.100)
[36m(RolloutWorker pid=3280992)[0m     adj=[1  0  0  0]  dist=[ 0.00   5.90  10.31   6.66]  neighbors=[]
[36m(RolloutWorker pid=3280992)[0m   robot_1 pos=(-0.550, 4.200)
[36m(RolloutWorker pid=3280992)[0m     adj=[0  1  0  1]  dist=[ 5.90   0.00   4.74   2.42]  neighbors=[3]
[36m(RolloutWorker pid=3280992)[0m   robot_2 pos=(-5.050, 2.700)
[36m(RolloutWorker pid=3280992)[0m     adj=[0  0  1  0]  dist=[10.31   4.74   0.00   3.83]  neighbors=[]
[36m(RolloutWorker pid=3280992)[0m   robot_3 pos=(-1.300, 1.900)
[36m(RolloutWorker pid=3280992)[0m     adj=[0  1  0  1]  dist=[ 6.66   2.42   3.83   0.00]  neighbors=[1]
[36m(RolloutWorker pid=3280992)[0m [comm] step=   0  agent_0  my_pos=(5.250,3.100)  candidates=[]  received=0/0
[36m(RolloutWorker pid=3280992)[0m     (无有效邻居: 范围外/丢包/延迟填零)
[36m(RolloutWorker pid=3280992)[0m [comm] step=   0  agent_1  my_pos=(-0.550,4.200)  candidates=[np.int64(3)]  received=0/1
[36m(RolloutWorker pid=3280992)[0m     (无有效邻居: 范围外/丢包/延迟填零)
[36m(RolloutWorker pid=3280992)[0m [comm] step=   0  agent_2  my_pos=(-5.050,2.700)  candidates=[]  received=0/0
[36m(RolloutWorker pid=3280992)[0m     (无有效邻居: 范围外/丢包/延迟填零)
[36m(RolloutWorker pid=3280992)[0m [comm] step=   0  agent_3  my_pos=(-1.300,1.900)  candidates=[np.int64(1)]  received=0/1
[36m(RolloutWorker pid=3280992)[0m     (无有效邻居: 范围外/丢包/延迟填零)
[36m(RolloutWorker pid=3280992)[0m [graph] step=   1  comm_range=3.5m
[36m(RolloutWorker pid=3280992)[0m   robot_0 pos=( 5.250, 3.100)
[36m(RolloutWorker pid=3280992)[0m     adj=[1  0  0  0]  dist=[ 0.00   5.90  10.31   6.66]  neighbors=[]
[36m(RolloutWorker pid=3280992)[0m   robot_1 pos=(-0.550, 4.200)
[36m(RolloutWorker pid=3280992)[0m     adj=[0  1  0  1]  dist=[ 5.90   0.00   4.74   2.42]  neighbors=[3]
[36m(RolloutWorker pid=3280992)[0m   robot_2 pos=(-5.050, 2.700)
[36m(RolloutWorker pid=3280992)[0m     adj=[0  0  1  0]  dist=[10.31   4.74   0.00   3.83]  neighbors=[]
[36m(RolloutWorker pid=3280992)[0m   robot_3 pos=(-1.300, 1.900)
[36m(RolloutWorker pid=3280992)[0m     adj=[0  1  0  1]  dist=[ 6.66   2.42   3.83   0.00]  neighbors=[1]
[36m(RolloutWorker pid=3280992)[0m [comm] step=   1  agent_0  my_pos=(5.250,3.100)  candidates=[]  received=0/0
[36m(RolloutWorker pid=3280992)[0m     (无有效邻居: 范围外/丢包/延迟填零)
[36m(RolloutWorker pid=3280992)[0m [comm] step=   1  agent_1  my_pos=(-0.550,4.200)  candidates=[np.int64(3)]  received=0/1
[36m(RolloutWorker pid=3280992)[0m     (无有效邻居: 范围外/丢包/延迟填零)
[36m(RolloutWorker pid=3280992)[0m [comm] step=   1  agent_2  my_pos=(-5.050,2.700)  candidates=[]  received=0/0
[36m(RolloutWorker pid=3280992)[0m     (无有效邻居: 范围外/丢包/延迟填零)
[36m(RolloutWorker pid=3280992)[0m [comm] step=   1  agent_3  my_pos=(-1.300,1.900)  candidates=[np.int64(1)]  received=0/1
[36m(RolloutWorker pid=3280992)[0m     (无有效邻居: 范围外/丢包/延迟填零)
[36m(RolloutWorker pid=3280992)[0m [graph] step=   2  comm_range=3.5m
[36m(RolloutWorker pid=3280992)[0m   robot_0 pos=( 5.249, 3.100)
[36m(RolloutWorker pid=3280992)[0m     adj=[1  0  0  0]  dist=[ 0.00   5.90  10.31   6.66]  neighbors=[]
[36m(RolloutWorker pid=3280992)[0m   robot_1 pos=(-0.549, 4.200)
[36m(RolloutWorker pid=3280992)[0m     adj=[0  1  0  1]  dist=[ 5.90   0.00   4.74   2.42]  neighbors=[3]
[36m(RolloutWorker pid=3280992)[0m   robot_2 pos=(-5.050, 2.700)
[36m(RolloutWorker pid=3280992)[0m     adj=[0  0  1  0]  dist=[10.31   4.74   0.00   3.84]  neighbors=[]
[36m(RolloutWorker pid=3280992)[0m   robot_3 pos=(-1.299, 1.901)
[36m(RolloutWorker pid=3280992)[0m     adj=[0  1  0  1]  dist=[ 6.66   2.42   3.84   0.00]  neighbors=[1]
[36m(RolloutWorker pid=3280992)[0m [comm] step=   2  agent_0  my_pos=(5.249,3.100)  candidates=[]  received=0/0
[36m(RolloutWorker pid=3280992)[0m     (无有效邻居: 范围外/丢包/延迟填零)
[36m(RolloutWorker pid=3280992)[0m [comm] step=   2  agent_1  my_pos=(-0.549,4.200)  candidates=[np.int64(3)]  received=0/1
[36m(RolloutWorker pid=3280992)[0m     (无有效邻居: 范围外/丢包/延迟填零)
[36m(RolloutWorker pid=3280992)[0m [comm] step=   2  agent_2  my_pos=(-5.050,2.700)  candidates=[]  received=0/0
[36m(RolloutWorker pid=3280992)[0m     (无有效邻居: 范围外/丢包/延迟填零)
[36m(RolloutWorker pid=3280992)[0m [comm] step=   2  agent_3  my_pos=(-1.299,1.901)  candidates=[np.int64(1)]  received=0/1
[36m(RolloutWorker pid=3280992)[0m     (无有效邻居: 范围外/丢包/延迟填零)
[36m(RolloutWorker pid=3280992)[0m [graph] step=   3  comm_range=3.5m
[36m(RolloutWorker pid=3280992)[0m   robot_0 pos=( 5.243, 3.102)
[36m(RolloutWorker pid=3280992)[0m     adj=[1  0  0  0]  dist=[ 0.00   5.89  10.30   6.64]  neighbors=[]
[36m(RolloutWorker pid=3280992)[0m   robot_1 pos=(-0.544, 4.198)
[36m(RolloutWorker pid=3280992)[0m     adj=[0  1  0  1]  dist=[ 5.89   0.00   4.74   2.41]  neighbors=[3]
[36m(RolloutWorker pid=3280992)[0m   robot_2 pos=(-5.048, 2.704)
[36m(RolloutWorker pid=3280992)[0m     adj=[0  0  1  0]  dist=[10.30   4.74   0.00   3.84]  neighbors=[]
[36m(RolloutWorker pid=3280992)[0m   robot_3 pos=(-1.292, 1.904)
[36m(RolloutWorker pid=3280992)[0m     adj=[0  1  0  1]  dist=[ 6.64   2.41   3.84   0.00]  neighbors=[1]
[36m(RolloutWorker pid=3280992)[0m [comm] step=   3  agent_0  my_pos=(5.243,3.102)  candidates=[]  received=0/0
[36m(RolloutWorker pid=3280992)[0m     (无有效邻居: 范围外/丢包/延迟填零)
[36m(RolloutWorker pid=3280992)[0m [comm] step=   3  agent_1  my_pos=(-0.544,4.198)  candidates=[np.int64(3)]  received=0/1
[36m(RolloutWorker pid=3280992)[0m     (无有效邻居: 范围外/丢包/延迟填零)
[36m(RolloutWorker pid=3280992)[0m [comm] step=   3  agent_2  my_pos=(-5.048,2.704)  candidates=[]  received=0/0
[36m(RolloutWorker pid=3280992)[0m     (无有效邻居: 范围外/丢包/延迟填零)
[36m(RolloutWorker pid=3280992)[0m [comm] step=   3  agent_3  my_pos=(-1.292,1.904)  candidates=[np.int64(1)]  received=0/1
[36m(RolloutWorker pid=3280992)[0m     (无有效邻居: 范围外/丢包/延迟填零)
[36m(RolloutWorker pid=3280992)[0m 
[36m(RolloutWorker pid=3280992)[0m ============================================================
[36m(RolloutWorker pid=3280992)[0m 🏁 Episode 结束 (timeout)
[36m(RolloutWorker pid=3280992)[0m    步数: 3000/3000
[36m(RolloutWorker pid=3280992)[0m    完成: 0/4
[36m(RolloutWorker pid=3280992)[0m ============================================================
[36m(RolloutWorker pid=3280992)[0m 
[36m(RolloutWorker pid=3280992)[0m [graph] step=   0  comm_range=3.5m
[36m(RolloutWorker pid=3280992)[0m   robot_0 pos=(-2.750,-1.950)
[36m(RolloutWorker pid=3280992)[0m     adj=[1  0  0  1]  dist=[ 0.00   5.73   7.45   2.10]  neighbors=[3]
[36m(RolloutWorker pid=3280992)[0m   robot_1 pos=(-3.350, 3.750)
[36m(RolloutWorker pid=3280992)[0m     adj=[0  1  0  0]  dist=[ 5.73   0.00   7.70   7.70]  neighbors=[]
[36m(RolloutWorker pid=3280992)[0m   robot_2 pos=( 3.950, 1.300)
[36m(RolloutWorker pid=3280992)[0m     adj=[0  0  1  0]  dist=[ 7.45   7.70   0.00   9.03]  neighbors=[]
[36m(RolloutWorker pid=3280992)[0m   robot_3 pos=(-3.400,-3.950)
[36m(RolloutWorker pid=3280992)[0m     adj=[1  0  0  1]  dist=[ 2.10   7.70   9.03   0.00]  neighbors=[0]
[36m(RolloutWorker pid=3280992)[0m [comm] step=   0  agent_0  my_pos=(-2.750,-1.950)  candidates=[np.int64(3)]  received=0/1
[36m(RolloutWorker pid=3280992)[0m     (无有效邻居: 范围外/丢包/延迟填零)
[36m(RolloutWorker pid=3280992)[0m [comm] step=   0  agent_1  my_pos=(-3.350,3.750)  candidates=[]  received=0/0
[36m(RolloutWorker pid=3280992)[0m     (无有效邻居: 范围外/丢包/延迟填零)
[36m(RolloutWorker pid=3280992)[0m [comm] step=   0  agent_2  my_pos=(3.950,1.300)  candidates=[]  received=0/0
[36m(RolloutWorker pid=3280992)[0m     (无有效邻居: 范围外/丢包/延迟填零)
[36m(RolloutWorker pid=3280992)[0m [comm] step=   0  agent_3  my_pos=(-3.400,-3.950)  candidates=[np.int64(0)]  received=0/1
[36m(RolloutWorker pid=3280992)[0m     (无有效邻居: 范围外/丢包/延迟填零)
[36m(RolloutWorker pid=3280992)[0m [graph] step=   1  comm_range=3.5m
[36m(RolloutWorker pid=3280992)[0m   robot_0 pos=(-2.745,-1.952)
[36m(RolloutWorker pid=3280992)[0m     adj=[1  0  0  1]  dist=[ 0.00   5.73   7.44   2.10]  neighbors=[3]
[36m(RolloutWorker pid=3280992)[0m   robot_1 pos=(-3.350, 3.750)
[36m(RolloutWorker pid=3280992)[0m     adj=[0  1  0  0]  dist=[ 5.73   0.00   7.70   7.70]  neighbors=[]
[36m(RolloutWorker pid=3280992)[0m   robot_2 pos=( 3.950, 1.300)
[36m(RolloutWorker pid=3280992)[0m     adj=[0  0  1  0]  dist=[ 7.44   7.70   0.00   9.03]  neighbors=[]
[36m(RolloutWorker pid=3280992)[0m   robot_3 pos=(-3.400,-3.950)
[36m(RolloutWorker pid=3280992)[0m     adj=[1  0  0  1]  dist=[ 2.10   7.70   9.03   0.00]  neighbors=[0]
[36m(RolloutWorker pid=3280992)[0m [comm] step=   1  agent_0  my_pos=(-2.745,-1.952)  candidates=[np.int64(3)]  received=0/1
[36m(RolloutWorker pid=3280992)[0m     (无有效邻居: 范围外/丢包/延迟填零)
[36m(RolloutWorker pid=3280992)[0m [comm] step=   1  agent_1  my_pos=(-3.350,3.750)  candidates=[]  received=0/0
[36m(RolloutWorker pid=3280992)[0m     (无有效邻居: 范围外/丢包/延迟填零)
[36m(RolloutWorker pid=3280992)[0m [comm] step=   1  agent_2  my_pos=(3.950,1.300)  candidates=[]  received=0/0
[36m(RolloutWorker pid=3280992)[0m     (无有效邻居: 范围外/丢包/延迟填零)
[36m(RolloutWorker pid=3280992)[0m [comm] step=   1  agent_3  my_pos=(-3.400,-3.950)  candidates=[np.int64(0)]  received=0/1
[36m(RolloutWorker pid=3280992)[0m     (无有效邻居: 范围外/丢包/延迟填零)
[36m(RolloutWorker pid=3280992)[0m [graph] step=   2  comm_range=3.5m
[36m(RolloutWorker pid=3280992)[0m   robot_0 pos=(-2.745,-1.952)
[36m(RolloutWorker pid=3280992)[0m     adj=[1  0  0  1]  dist=[ 0.00   5.73   7.44   2.10]  neighbors=[3]
[36m(RolloutWorker pid=3280992)[0m   robot_1 pos=(-3.350, 3.750)
[36m(RolloutWorker pid=3280992)[0m     adj=[0  1  0  0]  dist=[ 5.73   0.00   7.70   7.70]  neighbors=[]
[36m(RolloutWorker pid=3280992)[0m   robot_2 pos=( 3.950, 1.300)
[36m(RolloutWorker pid=3280992)[0m     adj=[0  0  1  0]  dist=[ 7.44   7.70   0.00   9.03]  neighbors=[]
[36m(RolloutWorker pid=3280992)[0m   robot_3 pos=(-3.400,-3.949)
[36m(RolloutWorker pid=3280992)[0m     adj=[1  0  0  1]  dist=[ 2.10   7.70   9.03   0.00]  neighbors=[0]
[36m(RolloutWorker pid=3280992)[0m [comm] step=   2  agent_0  my_pos=(-2.745,-1.952)  candidates=[np.int64(3)]  received=0/1
[36m(RolloutWorker pid=3280992)[0m     (无有效邻居: 范围外/丢包/延迟填零)
[36m(RolloutWorker pid=3280992)[0m [comm] step=   2  agent_1  my_pos=(-3.350,3.750)  candidates=[]  received=0/0
[36m(RolloutWorker pid=3280992)[0m     (无有效邻居: 范围外/丢包/延迟填零)
[36m(RolloutWorker pid=3280992)[0m [comm] step=   2  agent_2  my_pos=(3.950,1.300)  candidates=[]  received=0/0
[36m(RolloutWorker pid=3280992)[0m     (无有效邻居: 范围外/丢包/延迟填零)
[36m(RolloutWorker pid=3280992)[0m [comm] step=   2  agent_3  my_pos=(-3.400,-3.949)  candidates=[np.int64(0)]  received=0/1
[36m(RolloutWorker pid=3280992)[0m     (无有效邻居: 范围外/丢包/延迟填零)
[36m(RolloutWorker pid=3280992)[0m [graph] step=   3  comm_range=3.5m
[36m(RolloutWorker pid=3280992)[0m   robot_0 pos=(-5.350,-3.050)
[36m(RolloutWorker pid=3280992)[0m     adj=[1  0  0  1]  dist=[ 0.00   7.09  10.27   2.15]  neighbors=[3]
[36m(RolloutWorker pid=3280992)[0m   robot_1 pos=(-3.349, 3.756)
[36m(RolloutWorker pid=3280992)[0m     adj=[0  1  0  0]  dist=[ 7.09   0.00   7.70   7.70]  neighbors=[]
[36m(RolloutWorker pid=3280992)[0m   robot_2 pos=( 3.954, 1.302)
[36m(RolloutWorker pid=3280992)[0m     adj=[0  0  1  0]  dist=[10.27   7.70   0.00   9.03]  neighbors=[]
[36m(RolloutWorker pid=3280992)[0m   robot_3 pos=(-3.395,-3.939)
[36m(RolloutWorker pid=3280992)[0m     adj=[1  0  0  1]  dist=[ 2.15   7.70   9.03   0.00]  neighbors=[0]
[36m(RolloutWorker pid=3280992)[0m [comm] step=   3  agent_0  my_pos=(-5.350,-3.050)  candidates=[np.int64(3)]  received=0/1
[36m(RolloutWorker pid=3280992)[0m     (无有效邻居: 范围外/丢包/延迟填零)
[36m(RolloutWorker pid=3280992)[0m [comm] step=   3  agent_1  my_pos=(-3.349,3.756)  candidates=[]  received=0/0
[36m(RolloutWorker pid=3280992)[0m     (无有效邻居: 范围外/丢包/延迟填零)
[36m(RolloutWorker pid=3280992)[0m [comm] step=   3  agent_2  my_pos=(3.954,1.302)  candidates=[]  received=0/0
[36m(RolloutWorker pid=3280992)[0m     (无有效邻居: 范围外/丢包/延迟填零)
[36m(RolloutWorker pid=3280992)[0m [comm] step=   3  agent_3  my_pos=(-3.395,-3.939)  candidates=[np.int64(0)]  received=0/1
[36m(RolloutWorker pid=3280992)[0m     (无有效邻居: 范围外/丢包/延迟填零)
  [██████████████████████████████] 100.0%  1,140,000 / 1,000,000 步  回报  530.29  ETA 00:00:00
  平均回报: 530.29
  训练步数: 1,000,000
  最佳 Checkpoint: TrainingResult(checkpoint=Checkpoint(filesystem=local, path=/home/wj/work/multi-robot-exploration-rl/ray_results/MAPPO_MLP_LSTM_Stage4_Cont/best), metrics={'custom_metrics': {}, 'episode_media': {}, 'info': {'learner': {'shared_policy': {'learner_stats': {'allreduce_latency': np.float64(0.0), 'grad_gnorm': np.float64(0.5), 'cur_kl_coeff': np.float64(0.4500000000000001), 'cur_lr': np.float64(9.999999999999999e-06), 'total_loss': np.float64(4.542409915190476), 'policy_loss': np.float64(-0.015685588742295902), 'vf_loss': np.float64(4.570315038775786), 'vf_explained_var': np.float64(0.26767288583975574), 'kl': np.float64(0.011351256095207441), 'entropy': np.float64(3.4655199668346306), 'entropy_coeff': np.float64(0.004999999999999999)}, 'model': {}, 'custom_metrics': {}, 'num_agent_steps_trained': np.float64(512.0), 'num_grad_updates_lifetime': np.float64(195.5), 'diff_num_grad_updates_vs_sampler_policy': np.float64(194.5)}}, 'num_env_steps_sampled': 285000, 'num_env_steps_trained': 285000, 'num_agent_steps_sampled': 1140000, 'num_agent_steps_trained': 1140000}, 'env_runners': {'episode_reward_max': 530.2871315799699, 'episode_reward_min': 530.2871315799699, 'episode_reward_mean': np.float64(530.2871315799699), 'episode_len_mean': np.float64(3000.0), 'episode_media': {}, 'episodes_timesteps_total': 3000, 'policy_reward_min': {'shared_policy': np.float64(84.59299371908968)}, 'policy_reward_max': {'shared_policy': np.float64(174.79744612859545)}, 'policy_reward_mean': {'shared_policy': np.float64(132.5717828949936)}, 'custom_metrics': {'agent_0/progress_reward_mean': np.float64(0.019241662772600993), 'agent_0/progress_reward_min': np.float64(0.019241662772600993), 'agent_0/progress_reward_max': np.float64(0.019241662772600993), 'agent_0/heading_reward_mean': np.float64(0.06502743633711701), 'agent_0/heading_reward_min': np.float64(0.06502743633711701), 'agent_0/heading_reward_max': np.float64(0.06502743633711701), 'agent_0/lateral_penalty_mean': np.float64(-0.0053700804030173835), 'agent_0/lateral_penalty_min': np.float64(-0.0053700804030173835), 'agent_0/lateral_penalty_max': np.float64(-0.0053700804030173835), 'agent_0/obstacle_penalty_mean': np.float64(-6.261254989262971e-05), 'agent_0/obstacle_penalty_min': np.float64(-6.261254989262971e-05), 'agent_0/obstacle_penalty_max': np.float64(-6.261254989262971e-05), 'agent_0/social_keep_right_reward_mean': np.float64(-0.00020810245349276173), 'agent_0/social_keep_right_reward_min': np.float64(-0.00020810245349276173), 'agent_0/social_keep_right_reward_max': np.float64(-0.00020810245349276173), 'agent_0/wrong_dir_penalty_mean': np.float64(-0.0015489204160809374), 'agent_0/wrong_dir_penalty_min': np.float64(-0.0015489204160809374), 'agent_0/wrong_dir_penalty_max': np.float64(-0.0015489204160809374), 'agent_0/min_dist_mean': np.float64(0.8907082274357477), 'agent_0/min_dist_min': np.float64(0.8907082274357477), 'agent_0/min_dist_max': np.float64(0.8907082274357477), 'agent_0/ttc_penalty_mean': np.float64(0.0), 'agent_0/ttc_penalty_min': np.float64(0.0), 'agent_0/ttc_penalty_max': np.float64(0.0), 'agent_1/progress_reward_mean': np.float64(0.020406900161429337), 'agent_1/progress_reward_min': np.float64(0.020406900161429337), 'agent_1/progress_reward_max': np.float64(0.020406900161429337), 'agent_1/heading_reward_mean': np.float64(0.06632402120790228), 'agent_1/heading_reward_min': np.float64(0.06632402120790228), 'agent_1/heading_reward_max': np.float64(0.06632402120790228), 'agent_1/lateral_penalty_mean': np.float64(-0.004174647867342393), 'agent_1/lateral_penalty_min': np.float64(-0.004174647867342393), 'agent_1/lateral_penalty_max': np.float64(-0.004174647867342393), 'agent_1/obstacle_penalty_mean': np.float64(-0.00039617941824242564), 'agent_1/obstacle_penalty_min': np.float64(-0.00039617941824242564), 'agent_1/obstacle_penalty_max': np.float64(-0.00039617941824242564), 'agent_1/social_keep_right_reward_mean': np.float64(-0.0008003643878118745), 'agent_1/social_keep_right_reward_min': np.float64(-0.0008003643878118745), 'agent_1/social_keep_right_reward_max': np.float64(-0.0008003643878118745), 'agent_1/wrong_dir_penalty_mean': np.float64(-0.0018472088492774814), 'agent_1/wrong_dir_penalty_min': np.float64(-0.0018472088492774814), 'agent_1/wrong_dir_penalty_max': np.float64(-0.0018472088492774814), 'agent_1/min_dist_mean': np.float64(0.9781261743927996), 'agent_1/min_dist_min': np.float64(0.9781261743927996), 'agent_1/min_dist_max': np.float64(0.9781261743927996), 'agent_1/ttc_penalty_mean': np.float64(0.0), 'agent_1/ttc_penalty_min': np.float64(0.0), 'agent_1/ttc_penalty_max': np.float64(0.0), 'agent_2/progress_reward_mean': np.float64(0.019927955346018208), 'agent_2/progress_reward_min': np.float64(0.019927955346018208), 'agent_2/progress_reward_max': np.float64(0.019927955346018208), 'agent_2/heading_reward_mean': np.float64(0.0646808096525371), 'agent_2/heading_reward_min': np.float64(0.0646808096525371), 'agent_2/heading_reward_max': np.float64(0.0646808096525371), 'agent_2/lateral_penalty_mean': np.float64(-0.007100303329876137), 'agent_2/lateral_penalty_min': np.float64(-0.007100303329876137), 'agent_2/lateral_penalty_max': np.float64(-0.007100303329876137), 'agent_2/obstacle_penalty_mean': np.float64(-0.00011326196963268705), 'agent_2/obstacle_penalty_min': np.float64(-0.00011326196963268705), 'agent_2/obstacle_penalty_max': np.float64(-0.00011326196963268705), 'agent_2/social_keep_right_reward_mean': np.float64(-0.00020075379866910076), 'agent_2/social_keep_right_reward_min': np.float64(-0.00020075379866910076), 'agent_2/social_keep_right_reward_max': np.float64(-0.00020075379866910076), 'agent_2/wrong_dir_penalty_mean': np.float64(-0.002268586845247702), 'agent_2/wrong_dir_penalty_min': np.float64(-0.002268586845247702), 'agent_2/wrong_dir_penalty_max': np.float64(-0.002268586845247702), 'agent_2/min_dist_mean': np.float64(0.9918146800597508), 'agent_2/min_dist_min': np.float64(0.9918146800597508), 'agent_2/min_dist_max': np.float64(0.9918146800597508), 'agent_2/ttc_penalty_mean': np.float64(0.0), 'agent_2/ttc_penalty_min': np.float64(0.0), 'agent_2/ttc_penalty_max': np.float64(0.0), 'agent_3/progress_reward_mean': np.float64(0.021561834424544738), 'agent_3/progress_reward_min': np.float64(0.021561834424544738), 'agent_3/progress_reward_max': np.float64(0.021561834424544738), 'agent_3/heading_reward_mean': np.float64(0.06739074558465569), 'agent_3/heading_reward_min': np.float64(0.06739074558465569), 'agent_3/heading_reward_max': np.float64(0.06739074558465569), 'agent_3/lateral_penalty_mean': np.float64(-0.004309839828330668), 'agent_3/lateral_penalty_min': np.float64(-0.004309839828330668), 'agent_3/lateral_penalty_max': np.float64(-0.004309839828330668), 'agent_3/obstacle_penalty_mean': np.float64(-0.00018518520588124343), 'agent_3/obstacle_penalty_min': np.float64(-0.00018518520588124343), 'agent_3/obstacle_penalty_max': np.float64(-0.00018518520588124343), 'agent_3/social_keep_right_reward_mean': np.float64(9.85471310575824e-05), 'agent_3/social_keep_right_reward_min': np.float64(9.85471310575824e-05), 'agent_3/social_keep_right_reward_max': np.float64(9.85471310575824e-05), 'agent_3/wrong_dir_penalty_mean': np.float64(-0.002579673495457001), 'agent_3/wrong_dir_penalty_min': np.float64(-0.002579673495457001), 'agent_3/wrong_dir_penalty_max': np.float64(-0.002579673495457001), 'agent_3/min_dist_mean': np.float64(1.0144665554141006), 'agent_3/min_dist_min': np.float64(1.0144665554141006), 'agent_3/min_dist_max': np.float64(1.0144665554141006), 'agent_3/ttc_penalty_mean': np.float64(0.0), 'agent_3/ttc_penalty_min': np.float64(0.0), 'agent_3/ttc_penalty_max': np.float64(0.0)}, 'hist_stats': {'episode_reward': [530.2871315799699], 'episode_lengths': [3000], 'policy_shared_policy_reward': [108.85192259041075, 84.59299371908968, 174.79744612859545, 162.04476914187842]}, 'sampler_perf': {'mean_raw_obs_processing_ms': np.float64(1.7289029815344306), 'mean_inference_ms': np.float64(2.0728798728779636), 'mean_action_processing_ms': np.float64(0.6504192325597381), 'mean_env_wait_ms': np.float64(103.3170872558429), 'mean_env_render_ms': np.float64(0.0)}, 'num_faulty_episodes': 0, 'connector_metrics': {'ObsPreprocessorConnector_ms': np.float64(0.018405914306640625), 'StateBufferConnector_ms': np.float64(0.015974044799804688), 'ViewRequirementAgentConnector_ms': np.float64(0.6839275360107422)}, 'num_episodes': 1, 'episode_return_max': 530.2871315799699, 'episode_return_min': 530.2871315799699, 'episode_return_mean': np.float64(530.2871315799699), 'episodes_this_iter': 1}, 'num_healthy_workers': 1, 'actor_manager_num_outstanding_async_reqs': 0, 'num_remote_worker_restarts': 0, 'num_agent_steps_sampled': 1140000, 'num_agent_steps_trained': 1140000, 'num_env_steps_sampled': 285000, 'num_env_steps_trained': 285000, 'num_env_steps_sampled_this_iter': 5000, 'num_env_steps_trained_this_iter': 5000, 'num_env_steps_sampled_throughput_per_sec': 8.793434373758254, 'num_env_steps_trained_throughput_per_sec': 8.793434373758254, 'timesteps_total': 285000, 'num_env_steps_sampled_lifetime': 285000, 'num_agent_steps_sampled_lifetime': 1140000, 'num_steps_trained_this_iter': 5000, 'agent_timesteps_total': 1140000, 'timers': {'training_iteration_time_ms': 568606.065, 'restore_workers_time_ms': 0.019, 'training_step_time_ms': 568605.996, 'sample_time_ms': 539375.269, 'learn_time_ms': 29214.274, 'learn_throughput': 171.149, 'synch_weights_time_ms': 8.097}, 'counters': {'num_env_steps_sampled': 285000, 'num_env_steps_trained': 285000, 'num_agent_steps_sampled': 1140000, 'num_agent_steps_trained': 1140000}, 'done': False, 'training_iteration': 57, 'trial_id': 'default', 'date': '2026-04-02_21-59-57', 'timestamp': 1775138397, 'time_this_iter_s': 568.6114661693573, 'time_total_s': 568.6114661693573, 'pid': 3279820, 'hostname': 'wj-Default-string', 'node_ip': '172.19.10.153', 'config': {'exploration_config': {'type': 'StochasticSampling'}, 'extra_python_environs_for_driver': {}, 'extra_python_environs_for_worker': {}, 'placement_strategy': 'PACK', 'num_gpus': 1, '_fake_gpus': False, 'num_cpus_for_main_process': 1, 'eager_tracing': True, 'eager_max_retraces': 20, 'tf_session_args': {'intra_op_parallelism_threads': 2, 'inter_op_parallelism_threads': 2, 'gpu_options': {'allow_growth': True}, 'log_device_placement': False, 'device_count': {'CPU': 1}, 'allow_soft_placement': True}, 'local_tf_session_args': {'intra_op_parallelism_threads': 8, 'inter_op_parallelism_threads': 8}, 'torch_compile_learner': False, 'torch_compile_learner_what_to_compile': <TorchCompileWhatToCompile.FORWARD_TRAIN: 'forward_train'>, 'torch_compile_learner_dynamo_backend': 'inductor', 'torch_compile_learner_dynamo_mode': None, 'torch_compile_worker': False, 'torch_compile_worker_dynamo_backend': 'onnxrt', 'torch_compile_worker_dynamo_mode': None, 'torch_ddp_kwargs': {}, 'torch_skip_nan_gradients': False, 'env': 'gnn_marl', 'env_config': {'num_agents': 4, 'map_number': 3, 'max_episode_steps': 3000, 'communication_range': 3.5, 'enable_neighbor_obs': True, 'enable_local_map': False, 'comm_mode': 'decentralized', 'comm_dropout_prob': 1.0, 'comm_latency_steps': 1, 'comm_jitter_steps': 0, 'comm_noise_std': 0.0, 'reset_on_collision_event': True, 'collision_hard_dist': 0.18, 'collision_persist_dist': 0.24, 'collision_persist_steps': 2, 'rolling_lookahead_dist': 0.5, 'action_mode': 'continuous', 'obstacle_filter_range': 1.2, 'obstacle_filter_fov_deg': 360.0, 'obstacle_top_k': 9, 'obs_target_dist_clip': 6.0, 'obs_target_filter_alpha': 0.35, 'obs_target_max_step': 0.45, 'progress_reward_scale': 1.2, 'path_progress_reward_scale': 0.0, 'goal_progress_reward_scale': 4.0, 'goal_reward': 24.0, 'collision_penalty': 20.0, 'time_penalty': 0.005, 'close_obstacle_penalty_scale': 0.2, 'close_obstacle_dist': 0.45, 'team_reward_lambda': 0.85, 'auto_reset_agents': True, 'num_dynamic_obstacles': 8, 'obs_speed': 0.3}, 'observation_space': None, 'action_space': None, 'clip_rewards': None, 'normalize_actions': True, 'clip_actions': False, '_is_atari': None, 'disable_env_checking': True, 'render_env': False, 'action_mask_key': 'action_mask', 'env_runner_cls': None, 'num_env_runners': 1, 'create_local_env_runner': True, 'num_envs_per_env_runner': 1, 'gym_env_vectorize_mode': 'sync', 'num_cpus_per_env_runner': 1, 'num_gpus_per_env_runner': 0, 'custom_resources_per_env_runner': {}, 'validate_env_runners_after_construction': True, 'episodes_to_numpy': True, 'max_requests_in_flight_per_env_runner': 1, 'sample_timeout_s': 1200, '_env_to_module_connector': None, 'add_default_connectors_to_env_to_module_pipeline': True, '_module_to_env_connector': None, 'add_default_connectors_to_module_to_env_pipeline': True, 'merge_env_runner_states': 'training_only', 'broadcast_env_runner_states': True, 'episode_lookback_horizon': 1, 'rollout_fragment_length': 1000, 'batch_mode': 'truncate_episodes', 'compress_observations': False, 'remote_worker_envs': False, 'remote_env_batch_wait_ms': 0, 'enable_tf1_exec_eagerly': False, 'sample_collector': <class 'ray.rllib.evaluation.collectors.simple_list_collector.SimpleListCollector'>, 'preprocessor_pref': 'deepmind', 'observation_filter': 'NoFilter', 'update_worker_filter_stats': True, 'use_worker_filter_stats': True, 'sampler_perf_stats_ema_coef': None, '_is_online': True, 'num_learners': 0, 'num_gpus_per_learner': 0, 'num_cpus_per_learner': 'auto', 'num_aggregator_actors_per_learner': 0, 'max_requests_in_flight_per_aggregator_actor': 3, 'local_gpu_idx': 0, 'max_requests_in_flight_per_learner': 3, 'gamma': 0.99, 'lr': 1e-05, 'grad_clip': 0.5, 'grad_clip_by': 'global_norm', '_train_batch_size_per_learner': None, 'train_batch_size': 5000, 'num_epochs': 10, 'minibatch_size': 512, 'shuffle_batch_per_epoch': True, 'model': {'fcnet_hiddens': [256, 256], 'fcnet_activation': 'tanh', 'fcnet_weights_initializer': None, 'fcnet_weights_initializer_config': None, 'fcnet_bias_initializer': None, 'fcnet_bias_initializer_config': None, 'conv_filters': None, 'conv_activation': 'relu', 'conv_kernel_initializer': None, 'conv_kernel_initializer_config': None, 'conv_bias_initializer': None, 'conv_bias_initializer_config': None, 'conv_transpose_kernel_initializer': None, 'conv_transpose_kernel_initializer_config': None, 'conv_transpose_bias_initializer': None, 'conv_transpose_bias_initializer_config': None, 'post_fcnet_hiddens': [], 'post_fcnet_activation': 'relu', 'post_fcnet_weights_initializer': None, 'post_fcnet_weights_initializer_config': None, 'post_fcnet_bias_initializer': None, 'post_fcnet_bias_initializer_config': None, 'free_log_std': False, 'log_std_clip_param': 20.0, 'no_final_linear': False, 'vf_share_layers': False, 'use_lstm': False, 'max_seq_len': 32, 'lstm_cell_size': 256, 'lstm_use_prev_action': False, 'lstm_use_prev_reward': False, 'lstm_weights_initializer': None, 'lstm_weights_initializer_config': None, 'lstm_bias_initializer': None, 'lstm_bias_initializer_config': None, '_time_major': False, 'use_attention': False, 'attention_num_transformer_units': 1, 'attention_dim': 64, 'attention_num_heads': 1, 'attention_head_dim': 32, 'attention_memory_inference': 50, 'attention_memory_training': 50, 'attention_position_wise_mlp_dim': 32, 'attention_init_gru_gate_bias': 2.0, 'attention_use_n_prev_actions': 0, 'attention_use_n_prev_rewards': 0, 'framestack': True, 'dim': 84, 'grayscale': False, 'zero_mean': True, 'custom_model': 'mappo_mlp', 'custom_model_config': {'num_agents': 4, 'max_neighbors': 3, 'neighbor_feature_dim': 5, 'use_neighbor_obs': True, 'hidden_dim': 96}, 'custom_action_dist': None, 'custom_preprocessor': None, 'encoder_latent_dim': None, 'always_check_shapes': False, 'lstm_use_prev_action_reward': -1, '_use_default_native_models': -1, '_disable_preprocessor_api': False, '_disable_action_flattening': False}, '_learner_connector': None, 'add_default_connectors_to_learner_pipeline': True, 'learner_config_dict': {}, 'optimizer': {}, '_learner_class': None, 'callbacks_on_algorithm_init': None, 'callbacks_on_env_runners_recreated': None, 'callbacks_on_offline_eval_runners_recreated': None, 'callbacks_on_checkpoint_loaded': None, 'callbacks_on_environment_created': None, 'callbacks_on_episode_created': None, 'callbacks_on_episode_start': None, 'callbacks_on_episode_step': None, 'callbacks_on_episode_end': None, 'callbacks_on_evaluate_start': None, 'callbacks_on_evaluate_end': None, 'callbacks_on_evaluate_offline_start': None, 'callbacks_on_evaluate_offline_end': None, 'callbacks_on_sample_end': None, 'callbacks_on_train_result': None, 'explore': True, 'enable_rl_module_and_learner': False, 'enable_env_runner_and_connector_v2': False, '_prior_exploration_config': None, 'count_steps_by': 'env_steps', 'policy_map_capacity': 100, 'policy_mapping_fn': <function _build_ppo_config.<locals>.<lambda> at 0x726bfc2ffeb0>, 'policies_to_train': ['shared_policy'], 'policy_states_are_swappable': False, 'observation_fn': None, 'offline_data_class': None, 'input_read_method': 'read_parquet', 'input_read_method_kwargs': {}, 'input_read_schema': {}, 'input_read_episodes': False, 'input_read_sample_batches': False, 'input_read_batch_size': None, 'input_filesystem': None, 'input_filesystem_kwargs': {}, 'input_compress_columns': ['obs', 'new_obs'], 'input_spaces_jsonable': True, 'materialize_data': False, 'materialize_mapped_data': True, 'map_batches_kwargs': {}, 'iter_batches_kwargs': {}, 'ignore_final_observation': False, 'prelearner_class': None, 'prelearner_buffer_class': None, 'prelearner_buffer_kwargs': {}, 'prelearner_module_synch_period': 10, 'prelearner_use_recorded_module_states': False, 'dataset_num_iters_per_learner': None, 'input_config': {}, 'actions_in_input_normalized': False, 'postprocess_inputs': False, 'shuffle_buffer_size': 0, 'output': None, 'output_config': {}, 'output_compress_columns': ['obs', 'new_obs'], 'output_max_file_size': 67108864, 'output_max_rows_per_file': None, 'output_write_remaining_data': False, 'output_write_method': 'write_parquet', 'output_write_method_kwargs': {}, 'output_filesystem': None, 'output_filesystem_kwargs': {}, 'output_write_episodes': True, 'offline_sampling': False, 'evaluation_interval': None, 'evaluation_duration': 10, 'evaluation_duration_unit': 'episodes', 'evaluation_sample_timeout_s': 120.0, 'evaluation_auto_duration_min_env_steps_per_sample': 100, 'evaluation_auto_duration_max_env_steps_per_sample': 2000, 'evaluation_parallel_to_training': False, 'evaluation_force_reset_envs_before_iteration': True, 'evaluation_config': None, 'off_policy_estimation_methods': {}, 'ope_split_batch_by_episode': True, 'evaluation_num_env_runners': 0, 'in_evaluation': False, 'sync_filters_on_rollout_workers_timeout_s': 10.0, 'offline_evaluation_interval': None, 'num_offline_eval_runners': 0, 'offline_evaluation_type': 'eval_loss', 'offline_eval_runner_class': None, 'offline_loss_for_module_fn': None, 'offline_evaluation_duration': 1, 'offline_evaluation_parallel_to_training': False, 'offline_evaluation_timeout_s': 120.0, 'num_cpus_per_offline_eval_runner': 1, 'num_gpus_per_offline_eval_runner': 0, 'custom_resources_per_offline_eval_runner': {}, 'restart_failed_offline_eval_runners': True, 'ignore_offline_eval_runner_failures': False, 'max_num_offline_eval_runner_restarts': 1000, 'offline_eval_runner_restore_timeout_s': 1800.0, 'max_requests_in_flight_per_offline_eval_runner': 1, 'validate_offline_eval_runners_after_construction': True, 'offline_eval_runner_health_probe_timeout_s': 30.0, 'offline_eval_rl_module_inference_only': False, 'broadcast_offline_eval_runner_states': False, 'offline_eval_batch_size_per_runner': 256, 'dataset_num_iters_per_eval_runner': 1, 'keep_per_episode_custom_metrics': False, 'metrics_episode_collection_timeout_s': 60.0, 'metrics_num_episodes_for_smoothing': 100, 'min_time_s_per_iteration': None, 'min_train_timesteps_per_iteration': 0, 'min_sample_timesteps_per_iteration': 0, 'log_gradients': False, 'stats_cls_lookup': {'mean': <class 'ray.rllib.utils.metrics.stats.mean.MeanStats'>, 'ema': <class 'ray.rllib.utils.metrics.stats.ema.EmaStats'>, 'min': <class 'ray.rllib.utils.metrics.stats.min.MinStats'>, 'max': <class 'ray.rllib.utils.metrics.stats.max.MaxStats'>, 'sum': <class 'ray.rllib.utils.metrics.stats.sum.SumStats'>, 'lifetime_sum': <class 'ray.rllib.utils.metrics.stats.lifetime_sum.LifetimeSumStats'>, 'percentiles': <class 'ray.rllib.utils.metrics.stats.percentiles.PercentilesStats'>, 'item': <class 'ray.rllib.utils.metrics.stats.item.ItemStats'>, 'item_series': <class 'ray.rllib.utils.metrics.stats.item_series.ItemSeriesStats'>}, 'export_native_model_files': False, 'checkpoint_trainable_policies_only': False, 'logger_creator': None, 'logger_config': None, 'log_level': 'WARN', 'log_sys_usage': True, 'fake_sampler': False, 'seed': None, 'restart_failed_env_runners': True, 'ignore_env_runner_failures': False, 'max_num_env_runner_restarts': 1000, 'delay_between_env_runner_restarts_s': 60.0, 'restart_failed_sub_environments': False, 'num_consecutive_env_runner_failures_tolerance': 100, 'env_runner_health_probe_timeout_s': 30.0, 'env_runner_restore_timeout_s': 1800.0, '_model_config': {}, '_rl_module_spec': None, 'algorithm_config_overrides_per_module': {}, '_per_module_overrides': {}, '_validate_config': True, '_use_msgpack_checkpoints': False, '_torch_grad_scaler_class': None, '_torch_lr_scheduler_classes': None, '_tf_policy_handles_more_than_one_loss': False, '_disable_preprocessor_api': False, '_disable_action_flattening': False, '_disable_initialize_loss_from_dummy_batch': False, '_dont_auto_sync_env_runner_states': False, 'env_task_fn': -1, 'enable_connectors': -1, 'simple_optimizer': True, 'policy_map_cache': -1, 'worker_cls': -1, 'synchronize_filters': -1, 'enable_async_evaluation': -1, 'custom_async_evaluation_function': -1, '_enable_rl_module_api': -1, 'auto_wrap_old_gym_envs': -1, 'always_attach_evaluation_results': -1, 'replay_sequence_length': None, '_disable_execution_plan_api': -1, 'use_critic': True, 'use_gae': True, 'use_kl_loss': True, 'kl_coeff': 0.2, 'kl_target': 0.01, 'vf_loss_coeff': 1.0, 'entropy_coeff': 0.005, 'clip_param': 0.03, 'vf_clip_param': 50.0, 'entropy_coeff_schedule': None, 'lr_schedule': None, 'sgd_minibatch_size': -1, 'vf_share_layers': -1, 'class': <class 'ray.rllib.algorithms.ppo.ppo.PPOConfig'>, 'lambda': 0.95, 'input': 'sampler', 'policies': {'shared_policy': (None, None, None, {})}, 'callbacks': <class '__main__.MARLMetricsCallback'>, 'create_env_on_driver': False, 'custom_eval_function': None, 'framework': 'torch'}, 'time_since_restore': 568.6114661693573, 'iterations_since_restore': 1, 'perf': {'cpu_util_percent': np.float64(30.65615763546798), 'ram_util_percent': np.float64(39.40874384236453)}})
  监控日志(JSONL): /home/wj/work/multi-robot-exploration-rl/ray_results/MAPPO_MLP_LSTM_Stage4_Cont/training_monitor.jsonl
  监控日志(CSV):   /home/wj/work/multi-robot-exploration-rl/ray_results/MAPPO_MLP_LSTM_Stage4_Cont/training_monitor.csv
  监控图像(PNG):   /home/wj/work/multi-robot-exploration-rl/ray_results/MAPPO_MLP_LSTM_Stage4_Cont/training_monitor.png
  TensorBoard:     /home/wj/work/multi-robot-exploration-rl/ray_results/MAPPO_MLP_LSTM_Stage4_Cont/tensorboard

================================================================================
✅ MLP-LSTM 训练完成！最佳 Checkpoint: TrainingResult(checkpoint=Checkpoint(filesystem=local, path=/home/wj/work/multi-robot-exploration-rl/ray_results/MAPPO_MLP_LSTM_Stage4_Cont/best), metrics={'custom_metrics': {}, 'episode_media': {}, 'info': {'learner': {'shared_policy': {'learner_stats': {'allreduce_latency': np.float64(0.0), 'grad_gnorm': np.float64(0.5), 'cur_kl_coeff': np.float64(0.4500000000000001), 'cur_lr': np.float64(9.999999999999999e-06), 'total_loss': np.float64(4.542409915190476), 'policy_loss': np.float64(-0.015685588742295902), 'vf_loss': np.float64(4.570315038775786), 'vf_explained_var': np.float64(0.26767288583975574), 'kl': np.float64(0.011351256095207441), 'entropy': np.float64(3.4655199668346306), 'entropy_coeff': np.float64(0.004999999999999999)}, 'model': {}, 'custom_metrics': {}, 'num_agent_steps_trained': np.float64(512.0), 'num_grad_updates_lifetime': np.float64(195.5), 'diff_num_grad_updates_vs_sampler_policy': np.float64(194.5)}}, 'num_env_steps_sampled': 285000, 'num_env_steps_trained': 285000, 'num_agent_steps_sampled': 1140000, 'num_agent_steps_trained': 1140000}, 'env_runners': {'episode_reward_max': 530.2871315799699, 'episode_reward_min': 530.2871315799699, 'episode_reward_mean': np.float64(530.2871315799699), 'episode_len_mean': np.float64(3000.0), 'episode_media': {}, 'episodes_timesteps_total': 3000, 'policy_reward_min': {'shared_policy': np.float64(84.59299371908968)}, 'policy_reward_max': {'shared_policy': np.float64(174.79744612859545)}, 'policy_reward_mean': {'shared_policy': np.float64(132.5717828949936)}, 'custom_metrics': {'agent_0/progress_reward_mean': np.float64(0.019241662772600993), 'agent_0/progress_reward_min': np.float64(0.019241662772600993), 'agent_0/progress_reward_max': np.float64(0.019241662772600993), 'agent_0/heading_reward_mean': np.float64(0.06502743633711701), 'agent_0/heading_reward_min': np.float64(0.06502743633711701), 'agent_0/heading_reward_max': np.float64(0.06502743633711701), 'agent_0/lateral_penalty_mean': np.float64(-0.0053700804030173835), 'agent_0/lateral_penalty_min': np.float64(-0.0053700804030173835), 'agent_0/lateral_penalty_max': np.float64(-0.0053700804030173835), 'agent_0/obstacle_penalty_mean': np.float64(-6.261254989262971e-05), 'agent_0/obstacle_penalty_min': np.float64(-6.261254989262971e-05), 'agent_0/obstacle_penalty_max': np.float64(-6.261254989262971e-05), 'agent_0/social_keep_right_reward_mean': np.float64(-0.00020810245349276173), 'agent_0/social_keep_right_reward_min': np.float64(-0.00020810245349276173), 'agent_0/social_keep_right_reward_max': np.float64(-0.00020810245349276173), 'agent_0/wrong_dir_penalty_mean': np.float64(-0.0015489204160809374), 'agent_0/wrong_dir_penalty_min': np.float64(-0.0015489204160809374), 'agent_0/wrong_dir_penalty_max': np.float64(-0.0015489204160809374), 'agent_0/min_dist_mean': np.float64(0.8907082274357477), 'agent_0/min_dist_min': np.float64(0.8907082274357477), 'agent_0/min_dist_max': np.float64(0.8907082274357477), 'agent_0/ttc_penalty_mean': np.float64(0.0), 'agent_0/ttc_penalty_min': np.float64(0.0), 'agent_0/ttc_penalty_max': np.float64(0.0), 'agent_1/progress_reward_mean': np.float64(0.020406900161429337), 'agent_1/progress_reward_min': np.float64(0.020406900161429337), 'agent_1/progress_reward_max': np.float64(0.020406900161429337), 'agent_1/heading_reward_mean': np.float64(0.06632402120790228), 'agent_1/heading_reward_min': np.float64(0.06632402120790228), 'agent_1/heading_reward_max': np.float64(0.06632402120790228), 'agent_1/lateral_penalty_mean': np.float64(-0.004174647867342393), 'agent_1/lateral_penalty_min': np.float64(-0.004174647867342393), 'agent_1/lateral_penalty_max': np.float64(-0.004174647867342393), 'agent_1/obstacle_penalty_mean': np.float64(-0.00039617941824242564), 'agent_1/obstacle_penalty_min': np.float64(-0.00039617941824242564), 'agent_1/obstacle_penalty_max': np.float64(-0.00039617941824242564), 'agent_1/social_keep_right_reward_mean': np.float64(-0.0008003643878118745), 'agent_1/social_keep_right_reward_min': np.float64(-0.0008003643878118745), 'agent_1/social_keep_right_reward_max': np.float64(-0.0008003643878118745), 'agent_1/wrong_dir_penalty_mean': np.float64(-0.0018472088492774814), 'agent_1/wrong_dir_penalty_min': np.float64(-0.0018472088492774814), 'agent_1/wrong_dir_penalty_max': np.float64(-0.0018472088492774814), 'agent_1/min_dist_mean': np.float64(0.9781261743927996), 'agent_1/min_dist_min': np.float64(0.9781261743927996), 'agent_1/min_dist_max': np.float64(0.9781261743927996), 'agent_1/ttc_penalty_mean': np.float64(0.0), 'agent_1/ttc_penalty_min': np.float64(0.0), 'agent_1/ttc_penalty_max': np.float64(0.0), 'agent_2/progress_reward_mean': np.float64(0.019927955346018208), 'agent_2/progress_reward_min': np.float64(0.019927955346018208), 'agent_2/progress_reward_max': np.float64(0.019927955346018208), 'agent_2/heading_reward_mean': np.float64(0.0646808096525371), 'agent_2/heading_reward_min': np.float64(0.0646808096525371), 'agent_2/heading_reward_max': np.float64(0.0646808096525371), 'agent_2/lateral_penalty_mean': np.float64(-0.007100303329876137), 'agent_2/lateral_penalty_min': np.float64(-0.007100303329876137), 'agent_2/lateral_penalty_max': np.float64(-0.007100303329876137), 'agent_2/obstacle_penalty_mean': np.float64(-0.00011326196963268705), 'agent_2/obstacle_penalty_min': np.float64(-0.00011326196963268705), 'agent_2/obstacle_penalty_max': np.float64(-0.00011326196963268705), 'agent_2/social_keep_right_reward_mean': np.float64(-0.00020075379866910076), 'agent_2/social_keep_right_reward_min': np.float64(-0.00020075379866910076), 'agent_2/social_keep_right_reward_max': np.float64(-0.00020075379866910076), 'agent_2/wrong_dir_penalty_mean': np.float64(-0.002268586845247702), 'agent_2/wrong_dir_penalty_min': np.float64(-0.002268586845247702), 'agent_2/wrong_dir_penalty_max': np.float64(-0.002268586845247702), 'agent_2/min_dist_mean': np.float64(0.9918146800597508), 'agent_2/min_dist_min': np.float64(0.9918146800597508), 'agent_2/min_dist_max': np.float64(0.9918146800597508), 'agent_2/ttc_penalty_mean': np.float64(0.0), 'agent_2/ttc_penalty_min': np.float64(0.0), 'agent_2/ttc_penalty_max': np.float64(0.0), 'agent_3/progress_reward_mean': np.float64(0.021561834424544738), 'agent_3/progress_reward_min': np.float64(0.021561834424544738), 'agent_3/progress_reward_max': np.float64(0.021561834424544738), 'agent_3/heading_reward_mean': np.float64(0.06739074558465569), 'agent_3/heading_reward_min': np.float64(0.06739074558465569), 'agent_3/heading_reward_max': np.float64(0.06739074558465569), 'agent_3/lateral_penalty_mean': np.float64(-0.004309839828330668), 'agent_3/lateral_penalty_min': np.float64(-0.004309839828330668), 'agent_3/lateral_penalty_max': np.float64(-0.004309839828330668), 'agent_3/obstacle_penalty_mean': np.float64(-0.00018518520588124343), 'agent_3/obstacle_penalty_min': np.float64(-0.00018518520588124343), 'agent_3/obstacle_penalty_max': np.float64(-0.00018518520588124343), 'agent_3/social_keep_right_reward_mean': np.float64(9.85471310575824e-05), 'agent_3/social_keep_right_reward_min': np.float64(9.85471310575824e-05), 'agent_3/social_keep_right_reward_max': np.float64(9.85471310575824e-05), 'agent_3/wrong_dir_penalty_mean': np.float64(-0.002579673495457001), 'agent_3/wrong_dir_penalty_min': np.float64(-0.002579673495457001), 'agent_3/wrong_dir_penalty_max': np.float64(-0.002579673495457001), 'agent_3/min_dist_mean': np.float64(1.0144665554141006), 'agent_3/min_dist_min': np.float64(1.0144665554141006), 'agent_3/min_dist_max': np.float64(1.0144665554141006), 'agent_3/ttc_penalty_mean': np.float64(0.0), 'agent_3/ttc_penalty_min': np.float64(0.0), 'agent_3/ttc_penalty_max': np.float64(0.0)}, 'hist_stats': {'episode_reward': [530.2871315799699], 'episode_lengths': [3000], 'policy_shared_policy_reward': [108.85192259041075, 84.59299371908968, 174.79744612859545, 162.04476914187842]}, 'sampler_perf': {'mean_raw_obs_processing_ms': np.float64(1.7289029815344306), 'mean_inference_ms': np.float64(2.0728798728779636), 'mean_action_processing_ms': np.float64(0.6504192325597381), 'mean_env_wait_ms': np.float64(103.3170872558429), 'mean_env_render_ms': np.float64(0.0)}, 'num_faulty_episodes': 0, 'connector_metrics': {'ObsPreprocessorConnector_ms': np.float64(0.018405914306640625), 'StateBufferConnector_ms': np.float64(0.015974044799804688), 'ViewRequirementAgentConnector_ms': np.float64(0.6839275360107422)}, 'num_episodes': 1, 'episode_return_max': 530.2871315799699, 'episode_return_min': 530.2871315799699, 'episode_return_mean': np.float64(530.2871315799699), 'episodes_this_iter': 1}, 'num_healthy_workers': 1, 'actor_manager_num_outstanding_async_reqs': 0, 'num_remote_worker_restarts': 0, 'num_agent_steps_sampled': 1140000, 'num_agent_steps_trained': 1140000, 'num_env_steps_sampled': 285000, 'num_env_steps_trained': 285000, 'num_env_steps_sampled_this_iter': 5000, 'num_env_steps_trained_this_iter': 5000, 'num_env_steps_sampled_throughput_per_sec': 8.793434373758254, 'num_env_steps_trained_throughput_per_sec': 8.793434373758254, 'timesteps_total': 285000, 'num_env_steps_sampled_lifetime': 285000, 'num_agent_steps_sampled_lifetime': 1140000, 'num_steps_trained_this_iter': 5000, 'agent_timesteps_total': 1140000, 'timers': {'training_iteration_time_ms': 568606.065, 'restore_workers_time_ms': 0.019, 'training_step_time_ms': 568605.996, 'sample_time_ms': 539375.269, 'learn_time_ms': 29214.274, 'learn_throughput': 171.149, 'synch_weights_time_ms': 8.097}, 'counters': {'num_env_steps_sampled': 285000, 'num_env_steps_trained': 285000, 'num_agent_steps_sampled': 1140000, 'num_agent_steps_trained': 1140000}, 'done': False, 'training_iteration': 57, 'trial_id': 'default', 'date': '2026-04-02_21-59-57', 'timestamp': 1775138397, 'time_this_iter_s': 568.6114661693573, 'time_total_s': 568.6114661693573, 'pid': 3279820, 'hostname': 'wj-Default-string', 'node_ip': '172.19.10.153', 'config': {'exploration_config': {'type': 'StochasticSampling'}, 'extra_python_environs_for_driver': {}, 'extra_python_environs_for_worker': {}, 'placement_strategy': 'PACK', 'num_gpus': 1, '_fake_gpus': False, 'num_cpus_for_main_process': 1, 'eager_tracing': True, 'eager_max_retraces': 20, 'tf_session_args': {'intra_op_parallelism_threads': 2, 'inter_op_parallelism_threads': 2, 'gpu_options': {'allow_growth': True}, 'log_device_placement': False, 'device_count': {'CPU': 1}, 'allow_soft_placement': True}, 'local_tf_session_args': {'intra_op_parallelism_threads': 8, 'inter_op_parallelism_threads': 8}, 'torch_compile_learner': False, 'torch_compile_learner_what_to_compile': <TorchCompileWhatToCompile.FORWARD_TRAIN: 'forward_train'>, 'torch_compile_learner_dynamo_backend': 'inductor', 'torch_compile_learner_dynamo_mode': None, 'torch_compile_worker': False, 'torch_compile_worker_dynamo_backend': 'onnxrt', 'torch_compile_worker_dynamo_mode': None, 'torch_ddp_kwargs': {}, 'torch_skip_nan_gradients': False, 'env': 'gnn_marl', 'env_config': {'num_agents': 4, 'map_number': 3, 'max_episode_steps': 3000, 'communication_range': 3.5, 'enable_neighbor_obs': True, 'enable_local_map': False, 'comm_mode': 'decentralized', 'comm_dropout_prob': 1.0, 'comm_latency_steps': 1, 'comm_jitter_steps': 0, 'comm_noise_std': 0.0, 'reset_on_collision_event': True, 'collision_hard_dist': 0.18, 'collision_persist_dist': 0.24, 'collision_persist_steps': 2, 'rolling_lookahead_dist': 0.5, 'action_mode': 'continuous', 'obstacle_filter_range': 1.2, 'obstacle_filter_fov_deg': 360.0, 'obstacle_top_k': 9, 'obs_target_dist_clip': 6.0, 'obs_target_filter_alpha': 0.35, 'obs_target_max_step': 0.45, 'progress_reward_scale': 1.2, 'path_progress_reward_scale': 0.0, 'goal_progress_reward_scale': 4.0, 'goal_reward': 24.0, 'collision_penalty': 20.0, 'time_penalty': 0.005, 'close_obstacle_penalty_scale': 0.2, 'close_obstacle_dist': 0.45, 'team_reward_lambda': 0.85, 'auto_reset_agents': True, 'num_dynamic_obstacles': 8, 'obs_speed': 0.3}, 'observation_space': None, 'action_space': None, 'clip_rewards': None, 'normalize_actions': True, 'clip_actions': False, '_is_atari': None, 'disable_env_checking': True, 'render_env': False, 'action_mask_key': 'action_mask', 'env_runner_cls': None, 'num_env_runners': 1, 'create_local_env_runner': True, 'num_envs_per_env_runner': 1, 'gym_env_vectorize_mode': 'sync', 'num_cpus_per_env_runner': 1, 'num_gpus_per_env_runner': 0, 'custom_resources_per_env_runner': {}, 'validate_env_runners_after_construction': True, 'episodes_to_numpy': True, 'max_requests_in_flight_per_env_runner': 1, 'sample_timeout_s': 1200, '_env_to_module_connector': None, 'add_default_connectors_to_env_to_module_pipeline': True, '_module_to_env_connector': None, 'add_default_connectors_to_module_to_env_pipeline': True, 'merge_env_runner_states': 'training_only', 'broadcast_env_runner_states': True, 'episode_lookback_horizon': 1, 'rollout_fragment_length': 1000, 'batch_mode': 'truncate_episodes', 'compress_observations': False, 'remote_worker_envs': False, 'remote_env_batch_wait_ms': 0, 'enable_tf1_exec_eagerly': False, 'sample_collector': <class 'ray.rllib.evaluation.collectors.simple_list_collector.SimpleListCollector'>, 'preprocessor_pref': 'deepmind', 'observation_filter': 'NoFilter', 'update_worker_filter_stats': True, 'use_worker_filter_stats': True, 'sampler_perf_stats_ema_coef': None, '_is_online': True, 'num_learners': 0, 'num_gpus_per_learner': 0, 'num_cpus_per_learner': 'auto', 'num_aggregator_actors_per_learner': 0, 'max_requests_in_flight_per_aggregator_actor': 3, 'local_gpu_idx': 0, 'max_requests_in_flight_per_learner': 3, 'gamma': 0.99, 'lr': 1e-05, 'grad_clip': 0.5, 'grad_clip_by': 'global_norm', '_train_batch_size_per_learner': None, 'train_batch_size': 5000, 'num_epochs': 10, 'minibatch_size': 512, 'shuffle_batch_per_epoch': True, 'model': {'fcnet_hiddens': [256, 256], 'fcnet_activation': 'tanh', 'fcnet_weights_initializer': None, 'fcnet_weights_initializer_config': None, 'fcnet_bias_initializer': None, 'fcnet_bias_initializer_config': None, 'conv_filters': None, 'conv_activation': 'relu', 'conv_kernel_initializer': None, 'conv_kernel_initializer_config': None, 'conv_bias_initializer': None, 'conv_bias_initializer_config': None, 'conv_transpose_kernel_initializer': None, 'conv_transpose_kernel_initializer_config': None, 'conv_transpose_bias_initializer': None, 'conv_transpose_bias_initializer_config': None, 'post_fcnet_hiddens': [], 'post_fcnet_activation': 'relu', 'post_fcnet_weights_initializer': None, 'post_fcnet_weights_initializer_config': None, 'post_fcnet_bias_initializer': None, 'post_fcnet_bias_initializer_config': None, 'free_log_std': False, 'log_std_clip_param': 20.0, 'no_final_linear': False, 'vf_share_layers': False, 'use_lstm': False, 'max_seq_len': 32, 'lstm_cell_size': 256, 'lstm_use_prev_action': False, 'lstm_use_prev_reward': False, 'lstm_weights_initializer': None, 'lstm_weights_initializer_config': None, 'lstm_bias_initializer': None, 'lstm_bias_initializer_config': None, '_time_major': False, 'use_attention': False, 'attention_num_transformer_units': 1, 'attention_dim': 64, 'attention_num_heads': 1, 'attention_head_dim': 32, 'attention_memory_inference': 50, 'attention_memory_training': 50, 'attention_position_wise_mlp_dim': 32, 'attention_init_gru_gate_bias': 2.0, 'attention_use_n_prev_actions': 0, 'attention_use_n_prev_rewards': 0, 'framestack': True, 'dim': 84, 'grayscale': False, 'zero_mean': True, 'custom_model': 'mappo_mlp', 'custom_model_config': {'num_agents': 4, 'max_neighbors': 3, 'neighbor_feature_dim': 5, 'use_neighbor_obs': True, 'hidden_dim': 96}, 'custom_action_dist': None, 'custom_preprocessor': None, 'encoder_latent_dim': None, 'always_check_shapes': False, 'lstm_use_prev_action_reward': -1, '_use_default_native_models': -1, '_disable_preprocessor_api': False, '_disable_action_flattening': False}, '_learner_connector': None, 'add_default_connectors_to_learner_pipeline': True, 'learner_config_dict': {}, 'optimizer': {}, '_learner_class': None, 'callbacks_on_algorithm_init': None, 'callbacks_on_env_runners_recreated': None, 'callbacks_on_offline_eval_runners_recreated': None, 'callbacks_on_checkpoint_loaded': None, 'callbacks_on_environment_created': None, 'callbacks_on_episode_created': None, 'callbacks_on_episode_start': None, 'callbacks_on_episode_step': None, 'callbacks_on_episode_end': None, 'callbacks_on_evaluate_start': None, 'callbacks_on_evaluate_end': None, 'callbacks_on_evaluate_offline_start': None, 'callbacks_on_evaluate_offline_end': None, 'callbacks_on_sample_end': None, 'callbacks_on_train_result': None, 'explore': True, 'enable_rl_module_and_learner': False, 'enable_env_runner_and_connector_v2': False, '_prior_exploration_config': None, 'count_steps_by': 'env_steps', 'policy_map_capacity': 100, 'policy_mapping_fn': <function _build_ppo_config.<locals>.<lambda> at 0x726bfc2ffeb0>, 'policies_to_train': ['shared_policy'], 'policy_states_are_swappable': False, 'observation_fn': None, 'offline_data_class': None, 'input_read_method': 'read_parquet', 'input_read_method_kwargs': {}, 'input_read_schema': {}, 'input_read_episodes': False, 'input_read_sample_batches': False, 'input_read_batch_size': None, 'input_filesystem': None, 'input_filesystem_kwargs': {}, 'input_compress_columns': ['obs', 'new_obs'], 'input_spaces_jsonable': True, 'materialize_data': False, 'materialize_mapped_data': True, 'map_batches_kwargs': {}, 'iter_batches_kwargs': {}, 'ignore_final_observation': False, 'prelearner_class': None, 'prelearner_buffer_class': None, 'prelearner_buffer_kwargs': {}, 'prelearner_module_synch_period': 10, 'prelearner_use_recorded_module_states': False, 'dataset_num_iters_per_learner': None, 'input_config': {}, 'actions_in_input_normalized': False, 'postprocess_inputs': False, 'shuffle_buffer_size': 0, 'output': None, 'output_config': {}, 'output_compress_columns': ['obs', 'new_obs'], 'output_max_file_size': 67108864, 'output_max_rows_per_file': None, 'output_write_remaining_data': False, 'output_write_method': 'write_parquet', 'output_write_method_kwargs': {}, 'output_filesystem': None, 'output_filesystem_kwargs': {}, 'output_write_episodes': True, 'offline_sampling': False, 'evaluation_interval': None, 'evaluation_duration': 10, 'evaluation_duration_unit': 'episodes', 'evaluation_sample_timeout_s': 120.0, 'evaluation_auto_duration_min_env_steps_per_sample': 100, 'evaluation_auto_duration_max_env_steps_per_sample': 2000, 'evaluation_parallel_to_training': False, 'evaluation_force_reset_envs_before_iteration': True, 'evaluation_config': None, 'off_policy_estimation_methods': {}, 'ope_split_batch_by_episode': True, 'evaluation_num_env_runners': 0, 'in_evaluation': False, 'sync_filters_on_rollout_workers_timeout_s': 10.0, 'offline_evaluation_interval': None, 'num_offline_eval_runners': 0, 'offline_evaluation_type': 'eval_loss', 'offline_eval_runner_class': None, 'offline_loss_for_module_fn': None, 'offline_evaluation_duration': 1, 'offline_evaluation_parallel_to_training': False, 'offline_evaluation_timeout_s': 120.0, 'num_cpus_per_offline_eval_runner': 1, 'num_gpus_per_offline_eval_runner': 0, 'custom_resources_per_offline_eval_runner': {}, 'restart_failed_offline_eval_runners': True, 'ignore_offline_eval_runner_failures': False, 'max_num_offline_eval_runner_restarts': 1000, 'offline_eval_runner_restore_timeout_s': 1800.0, 'max_requests_in_flight_per_offline_eval_runner': 1, 'validate_offline_eval_runners_after_construction': True, 'offline_eval_runner_health_probe_timeout_s': 30.0, 'offline_eval_rl_module_inference_only': False, 'broadcast_offline_eval_runner_states': False, 'offline_eval_batch_size_per_runner': 256, 'dataset_num_iters_per_eval_runner': 1, 'keep_per_episode_custom_metrics': False, 'metrics_episode_collection_timeout_s': 60.0, 'metrics_num_episodes_for_smoothing': 100, 'min_time_s_per_iteration': None, 'min_train_timesteps_per_iteration': 0, 'min_sample_timesteps_per_iteration': 0, 'log_gradients': False, 'stats_cls_lookup': {'mean': <class 'ray.rllib.utils.metrics.stats.mean.MeanStats'>, 'ema': <class 'ray.rllib.utils.metrics.stats.ema.EmaStats'>, 'min': <class 'ray.rllib.utils.metrics.stats.min.MinStats'>, 'max': <class 'ray.rllib.utils.metrics.stats.max.MaxStats'>, 'sum': <class 'ray.rllib.utils.metrics.stats.sum.SumStats'>, 'lifetime_sum': <class 'ray.rllib.utils.metrics.stats.lifetime_sum.LifetimeSumStats'>, 'percentiles': <class 'ray.rllib.utils.metrics.stats.percentiles.PercentilesStats'>, 'item': <class 'ray.rllib.utils.metrics.stats.item.ItemStats'>, 'item_series': <class 'ray.rllib.utils.metrics.stats.item_series.ItemSeriesStats'>}, 'export_native_model_files': False, 'checkpoint_trainable_policies_only': False, 'logger_creator': None, 'logger_config': None, 'log_level': 'WARN', 'log_sys_usage': True, 'fake_sampler': False, 'seed': None, 'restart_failed_env_runners': True, 'ignore_env_runner_failures': False, 'max_num_env_runner_restarts': 1000, 'delay_between_env_runner_restarts_s': 60.0, 'restart_failed_sub_environments': False, 'num_consecutive_env_runner_failures_tolerance': 100, 'env_runner_health_probe_timeout_s': 30.0, 'env_runner_restore_timeout_s': 1800.0, '_model_config': {}, '_rl_module_spec': None, 'algorithm_config_overrides_per_module': {}, '_per_module_overrides': {}, '_validate_config': True, '_use_msgpack_checkpoints': False, '_torch_grad_scaler_class': None, '_torch_lr_scheduler_classes': None, '_tf_policy_handles_more_than_one_loss': False, '_disable_preprocessor_api': False, '_disable_action_flattening': False, '_disable_initialize_loss_from_dummy_batch': False, '_dont_auto_sync_env_runner_states': False, 'env_task_fn': -1, 'enable_connectors': -1, 'simple_optimizer': True, 'policy_map_cache': -1, 'worker_cls': -1, 'synchronize_filters': -1, 'enable_async_evaluation': -1, 'custom_async_evaluation_function': -1, '_enable_rl_module_api': -1, 'auto_wrap_old_gym_envs': -1, 'always_attach_evaluation_results': -1, 'replay_sequence_length': None, '_disable_execution_plan_api': -1, 'use_critic': True, 'use_gae': True, 'use_kl_loss': True, 'kl_coeff': 0.2, 'kl_target': 0.01, 'vf_loss_coeff': 1.0, 'entropy_coeff': 0.005, 'clip_param': 0.03, 'vf_clip_param': 50.0, 'entropy_coeff_schedule': None, 'lr_schedule': None, 'sgd_minibatch_size': -1, 'vf_share_layers': -1, 'class': <class 'ray.rllib.algorithms.ppo.ppo.PPOConfig'>, 'lambda': 0.95, 'input': 'sampler', 'policies': {'shared_policy': (None, None, None, {})}, 'callbacks': <class '__main__.MARLMetricsCallback'>, 'create_env_on_driver': False, 'custom_eval_function': None, 'framework': 'torch'}, 'time_since_restore': 568.6114661693573, 'iterations_since_restore': 1, 'perf': {'cpu_util_percent': np.float64(30.65615763546798), 'ram_util_percent': np.float64(39.40874384236453)}})
   验证成功后可切换到 GNN 模式：--model_type gat
================================================================================

