[INFO] [launch]: All log files can be found below /home/wj/.ros/log/2026-05-12-04-54-25-493777-wj-Default-string-2282430
[INFO] [launch]: Default logging verbosity is set to INFO
[INFO] Loading world for TurtleBot3: /home/wj/work/multi-robot-exploration-rl/install/start_rl_environment_tb3/share/start_rl_environment_tb3/worlds/interaction_hub.world
[INFO] Spawning 4 TurtleBot3 robots on interaction_hub...
[INFO] Using random positions
[INFO] Using fixed positions for 4 robots
[INFO]   Robot 0: Robot 0 - west lower at (-5.10, -0.85)
[INFO]   Robot 1: Robot 1 - west upper at (-5.10, 0.85)
[INFO]   Robot 2: Robot 2 - east upper at (5.10, 0.85)
[INFO]   Robot 3: Robot 3 - east lower at (5.10, -0.85)
[spawn_robots] Created modified SDF for tb3_0 at /tmp/tb3_0_utbo5u9q.sdf
[spawn_robots] Created modified SDF for tb3_1 at /tmp/tb3_1_p654lgce.sdf
[spawn_robots] Created modified SDF for tb3_2 at /tmp/tb3_2_h_tc7imk.sdf
[spawn_robots] Created modified SDF for tb3_3 at /tmp/tb3_3_yrn8huh3.sdf
[INFO] Map Server loading: /home/wj/work/multi-robot-exploration-rl/install/start_rl_environment_tb3/share/start_rl_environment_tb3/maps/interaction_hub.yaml
[INFO] [gzserver-1]: process started with pid [2282490]
[INFO] [gzclient-2]: process started with pid [2282492]
[INFO] [robot_state_publisher-3]: process started with pid [2282494]
[INFO] [spawn_entity.py-4]: process started with pid [2282496]
[INFO] [static_transform_publisher-5]: process started with pid [2282498]
[INFO] [robot_state_publisher-6]: process started with pid [2282500]
[INFO] [spawn_entity.py-7]: process started with pid [2282502]
[INFO] [static_transform_publisher-8]: process started with pid [2282504]
[INFO] [robot_state_publisher-9]: process started with pid [2282506]
[INFO] [spawn_entity.py-10]: process started with pid [2282508]
[INFO] [static_transform_publisher-11]: process started with pid [2282510]
[INFO] [robot_state_publisher-12]: process started with pid [2282512]
[INFO] [spawn_entity.py-13]: process started with pid [2282514]
[INFO] [static_transform_publisher-14]: process started with pid [2282516]
[INFO] [map_server-15]: process started with pid [2282520]
[INFO] [lifecycle_manager-16]: process started with pid [2282527]
[INFO] [rviz2-17]: process started with pid [2282542]
[INFO] [obstacle_mover.py-18]: process started with pid [2282566]
[static_transform_publisher-5] [WARN] [1778532866.289118823] []: Old-style arguments are deprecated; see --help for new-style arguments
[static_transform_publisher-8] [WARN] [1778532866.293041917] []: Old-style arguments are deprecated; see --help for new-style arguments
[static_transform_publisher-11] [WARN] [1778532866.296414713] []: Old-style arguments are deprecated; see --help for new-style arguments
[static_transform_publisher-14] [WARN] [1778532866.302378372] []: Old-style arguments are deprecated; see --help for new-style arguments
[static_transform_publisher-5] [INFO] [1778532866.323746232] [static_tf_tb3_0]: Spinning until stopped - publishing transform
[static_transform_publisher-5] translation: ('0.000000', '0.000000', '0.000000')
[static_transform_publisher-5] rotation: ('0.000000', '0.000000', '0.000000', '1.000000')
[static_transform_publisher-5] from 'map' to 'tb3_0/odom'
[static_transform_publisher-8] [INFO] [1778532866.332252778] [static_tf_tb3_1]: Spinning until stopped - publishing transform
[static_transform_publisher-8] translation: ('0.000000', '0.000000', '0.000000')
[static_transform_publisher-8] rotation: ('0.000000', '0.000000', '0.000000', '1.000000')
[static_transform_publisher-8] from 'map' to 'tb3_1/odom'
[robot_state_publisher-6] [INFO] [1778532866.348034309] [tb3_1.robot_state_publisher]: got segment base_footprint
[robot_state_publisher-3] [INFO] [1778532866.348545555] [tb3_0.robot_state_publisher]: got segment base_footprint
[robot_state_publisher-3] [INFO] [1778532866.348723063] [tb3_0.robot_state_publisher]: got segment base_link
[robot_state_publisher-3] [INFO] [1778532866.348745950] [tb3_0.robot_state_publisher]: got segment base_scan
[robot_state_publisher-3] [INFO] [1778532866.348758779] [tb3_0.robot_state_publisher]: got segment caster_back_link
[robot_state_publisher-3] [INFO] [1778532866.348770502] [tb3_0.robot_state_publisher]: got segment imu_link
[robot_state_publisher-3] [INFO] [1778532866.348781945] [tb3_0.robot_state_publisher]: got segment wheel_left_link
[robot_state_publisher-3] [INFO] [1778532866.348792497] [tb3_0.robot_state_publisher]: got segment wheel_right_link
[robot_state_publisher-6] [INFO] [1778532866.348745877] [tb3_1.robot_state_publisher]: got segment base_link
[robot_state_publisher-6] [INFO] [1778532866.348764783] [tb3_1.robot_state_publisher]: got segment base_scan
[robot_state_publisher-6] [INFO] [1778532866.348777742] [tb3_1.robot_state_publisher]: got segment caster_back_link
[robot_state_publisher-6] [INFO] [1778532866.348789615] [tb3_1.robot_state_publisher]: got segment imu_link
[robot_state_publisher-6] [INFO] [1778532866.348800818] [tb3_1.robot_state_publisher]: got segment wheel_left_link
[robot_state_publisher-6] [INFO] [1778532866.348811209] [tb3_1.robot_state_publisher]: got segment wheel_right_link
[robot_state_publisher-12] [INFO] [1778532866.350580812] [tb3_3.robot_state_publisher]: got segment base_footprint
[robot_state_publisher-12] [INFO] [1778532866.350726193] [tb3_3.robot_state_publisher]: got segment base_link
[robot_state_publisher-12] [INFO] [1778532866.350749257] [tb3_3.robot_state_publisher]: got segment base_scan
[robot_state_publisher-12] [INFO] [1778532866.350762970] [tb3_3.robot_state_publisher]: got segment caster_back_link
[robot_state_publisher-12] [INFO] [1778532866.350774320] [tb3_3.robot_state_publisher]: got segment imu_link
[robot_state_publisher-12] [INFO] [1778532866.350785434] [tb3_3.robot_state_publisher]: got segment wheel_left_link
[robot_state_publisher-12] [INFO] [1778532866.350796482] [tb3_3.robot_state_publisher]: got segment wheel_right_link
[static_transform_publisher-11] [INFO] [1778532866.352796487] [static_tf_tb3_2]: Spinning until stopped - publishing transform
[static_transform_publisher-11] translation: ('0.000000', '0.000000', '0.000000')
[static_transform_publisher-11] rotation: ('0.000000', '0.000000', '0.000000', '1.000000')
[static_transform_publisher-11] from 'map' to 'tb3_2/odom'
[robot_state_publisher-9] [INFO] [1778532866.354039212] [tb3_2.robot_state_publisher]: got segment base_footprint
[robot_state_publisher-9] [INFO] [1778532866.354280398] [tb3_2.robot_state_publisher]: got segment base_link
[robot_state_publisher-9] [INFO] [1778532866.354303551] [tb3_2.robot_state_publisher]: got segment base_scan
[robot_state_publisher-9] [INFO] [1778532866.354316476] [tb3_2.robot_state_publisher]: got segment caster_back_link
[robot_state_publisher-9] [INFO] [1778532866.354327008] [tb3_2.robot_state_publisher]: got segment imu_link
[robot_state_publisher-9] [INFO] [1778532866.354336750] [tb3_2.robot_state_publisher]: got segment wheel_left_link
[robot_state_publisher-9] [INFO] [1778532866.354346634] [tb3_2.robot_state_publisher]: got segment wheel_right_link
[static_transform_publisher-14] [INFO] [1778532866.354181271] [static_tf_tb3_3]: Spinning until stopped - publishing transform
[static_transform_publisher-14] translation: ('0.000000', '0.000000', '0.000000')
[static_transform_publisher-14] rotation: ('0.000000', '0.000000', '0.000000', '1.000000')
[static_transform_publisher-14] from 'map' to 'tb3_3/odom'
[lifecycle_manager-16] [INFO] [1778532866.374849790] [lifecycle_manager_map]: Creating
[lifecycle_manager-16] [INFO] [1778532866.379693319] [lifecycle_manager_map]: [34m[1mCreating and initializing lifecycle service clients[0m[0m
[map_server-15] [INFO] [1778532866.395400529] [map_server]: 
[map_server-15] 	map_server lifecycle node launched. 
[map_server-15] 	Waiting on external lifecycle transitions to activate
[map_server-15] 	See https://design.ros2.org/articles/node_lifecycle.html for more information.
[map_server-15] [INFO] [1778532866.395630241] [map_server]: Creating
[lifecycle_manager-16] [INFO] [1778532866.447138627] [lifecycle_manager_map]: [34m[1mStarting managed nodes bringup...[0m[0m
[lifecycle_manager-16] [INFO] [1778532866.447186905] [lifecycle_manager_map]: [34m[1mConfiguring map_server[0m[0m
[map_server-15] [INFO] [1778532866.597560512] [map_server]: Configuring
[map_server-15] [INFO] [1778532866.597641671] [map_io]: Loading yaml file: /home/wj/work/multi-robot-exploration-rl/install/start_rl_environment_tb3/share/start_rl_environment_tb3/maps/interaction_hub.yaml
[map_server-15] [INFO] [1778532866.597956092] [map_io]: resolution: 0.05
[map_server-15] [INFO] [1778532866.597971105] [map_io]: origin[0]: -6
[map_server-15] [INFO] [1778532866.597981176] [map_io]: origin[1]: -6
[map_server-15] [INFO] [1778532866.597990362] [map_io]: origin[2]: 0
[map_server-15] [INFO] [1778532866.597996848] [map_io]: free_thresh: 0.196
[map_server-15] [INFO] [1778532866.598002871] [map_io]: occupied_thresh: 0.65
[map_server-15] [INFO] [1778532866.598009643] [map_io]: mode: trinary
[map_server-15] [INFO] [1778532866.598016680] [map_io]: negate: 0
[map_server-15] [INFO] [1778532866.598263165] [map_io]: Loading image_file: /home/wj/work/multi-robot-exploration-rl/install/start_rl_environment_tb3/share/start_rl_environment_tb3/maps/interaction_hub.pgm
[map_server-15] [INFO] [1778532866.606766690] [map_io]: Read map /home/wj/work/multi-robot-exploration-rl/install/start_rl_environment_tb3/share/start_rl_environment_tb3/maps/interaction_hub.pgm: 240 X 240 map @ 0.05 m/cell
[lifecycle_manager-16] [INFO] [1778532866.614778482] [lifecycle_manager_map]: [34m[1mActivating map_server[0m[0m
[map_server-15] [INFO] [1778532866.614952570] [map_server]: Activating
[map_server-15] [INFO] [1778532866.615189664] [map_server]: Creating bond (map_server) to lifecycle manager.
[lifecycle_manager-16] [INFO] [1778532866.719899332] [lifecycle_manager_map]: Server map_server connected with bond.
[lifecycle_manager-16] [INFO] [1778532866.719949421] [lifecycle_manager_map]: [34m[1mManaged nodes are active[0m[0m
[lifecycle_manager-16] [INFO] [1778532866.719965872] [lifecycle_manager_map]: [34m[1mCreating bond timer...[0m[0m
[spawn_entity.py-13] [INFO] [1778532866.900966458] [tb3_3.spawn_entity]: Spawn Entity started
[spawn_entity.py-13] [INFO] [1778532866.901689975] [tb3_3.spawn_entity]: Loading entity XML from file /tmp/tb3_3_yrn8huh3.sdf
[spawn_entity.py-13] [INFO] [1778532866.902999680] [tb3_3.spawn_entity]: Waiting for service /spawn_entity, timeout = 30
[spawn_entity.py-13] [INFO] [1778532866.903714791] [tb3_3.spawn_entity]: Waiting for service /spawn_entity
[spawn_entity.py-7] [INFO] [1778532866.919325820] [tb3_1.spawn_entity]: Spawn Entity started
[spawn_entity.py-7] [INFO] [1778532866.920065014] [tb3_1.spawn_entity]: Loading entity XML from file /tmp/tb3_1_p654lgce.sdf
[spawn_entity.py-7] [INFO] [1778532866.921415887] [tb3_1.spawn_entity]: Waiting for service /spawn_entity, timeout = 30
[spawn_entity.py-7] [INFO] [1778532866.922082785] [tb3_1.spawn_entity]: Waiting for service /spawn_entity
[spawn_entity.py-4] [INFO] [1778532866.939687017] [tb3_0.spawn_entity]: Spawn Entity started
[spawn_entity.py-4] [INFO] [1778532866.940235937] [tb3_0.spawn_entity]: Loading entity XML from file /tmp/tb3_0_utbo5u9q.sdf
[spawn_entity.py-4] [INFO] [1778532866.941312883] [tb3_0.spawn_entity]: Waiting for service /spawn_entity, timeout = 30
[spawn_entity.py-4] [INFO] [1778532866.941775988] [tb3_0.spawn_entity]: Waiting for service /spawn_entity
[spawn_entity.py-10] [INFO] [1778532866.998099280] [tb3_2.spawn_entity]: Spawn Entity started
[spawn_entity.py-10] [INFO] [1778532866.998839747] [tb3_2.spawn_entity]: Loading entity XML from file /tmp/tb3_2_h_tc7imk.sdf
[spawn_entity.py-10] [INFO] [1778532867.000232330] [tb3_2.spawn_entity]: Waiting for service /spawn_entity, timeout = 30
[spawn_entity.py-10] [INFO] [1778532867.000892917] [tb3_2.spawn_entity]: Waiting for service /spawn_entity
[rviz2-17] [INFO] [1778532867.140415511] [rviz2]: Stereo is NOT SUPPORTED
[rviz2-17] [INFO] [1778532867.140583597] [rviz2]: OpenGl version: 4.6 (GLSL 4.6)
[rviz2-17] [INFO] [1778532867.180401694] [rviz2]: Stereo is NOT SUPPORTED
[gzserver-1] [WARN] [1778532868.062525491] [rcl]: Found remap rule 'model_states:=model_states_demo'. This syntax is deprecated. Use '--ros-args --remap model_states:=model_states_demo' instead.
[gzserver-1] [INFO] [1778532868.079408494] [gazebo_ros_state]: Publishing states of gazebo models at [/model_states_demo]
[gzserver-1] [INFO] [1778532868.080401762] [gazebo_ros_state]: Publishing states of gazebo links at [/link_states]
[obstacle_mover.py-18] [INFO] [1778532868.159445520] [obstacle_mover]: [obstacle_mover] map=6  2 个障碍物  速度=0.038 m/s (scale×0.35)  30 Hz  随机游走模式
[spawn_entity.py-13] [INFO] [1778532868.161725876] [tb3_3.spawn_entity]: Calling service /spawn_entity
[obstacle_mover.py-18] [INFO] [1778532868.169276286] [obstacle_mover]: [obstacle_mover] ✅ dyn_obs_2~dyn_obs_7 已下沉至 z=-10.0
[spawn_entity.py-7] [INFO] [1778532868.182752245] [tb3_1.spawn_entity]: Calling service /spawn_entity
[spawn_entity.py-4] [INFO] [1778532868.201316721] [tb3_0.spawn_entity]: Calling service /spawn_entity
[spawn_entity.py-10] [INFO] [1778532868.260878415] [tb3_2.spawn_entity]: Calling service /spawn_entity
[gzserver-1] [INFO] [1778532868.389164700] [tb3_3.turtlebot3_imu]: <initial_orientation_as_reference> is unset, using default value of false to comply with REP 145 (world as orientation reference)
[spawn_entity.py-13] [INFO] [1778532868.494657760] [tb3_3.spawn_entity]: Spawn status: SpawnEntity: Successfully spawned entity [tb3_3]
[gzserver-1] [INFO] [1778532868.630809271] [tb3_3.turtlebot3_diff_drive]: Wheel pair 1 separation set to [0.160000m]
[gzserver-1] [INFO] [1778532868.630861098] [tb3_3.turtlebot3_diff_drive]: Wheel pair 1 diameter set to [0.066000m]
[gzserver-1] [INFO] [1778532868.632954477] [tb3_3.turtlebot3_diff_drive]: Subscribed to [/tb3_3/cmd_vel]
[gzserver-1] [INFO] [1778532868.636685945] [tb3_3.turtlebot3_diff_drive]: Advertise odometry on [/tb3_3/odom]
[gzserver-1] [INFO] [1778532868.642059168] [tb3_3.turtlebot3_diff_drive]: Publishing odom transforms between [tb3_3/odom] and [tb3_3/base_footprint]
[gzserver-1] [INFO] [1778532868.664553550] [tb3_3.turtlebot3_joint_state]: Going to publish joint [wheel_left_joint]
[gzserver-1] [INFO] [1778532868.664614274] [tb3_3.turtlebot3_joint_state]: Going to publish joint [wheel_right_joint]
[INFO] [spawn_entity.py-13]: process has finished cleanly [pid 2282514]
[gzserver-1] [INFO] [1778532868.988997871] [tb3_1.turtlebot3_imu]: <initial_orientation_as_reference> is unset, using default value of false to comply with REP 145 (world as orientation reference)
[spawn_entity.py-7] [INFO] [1778532869.097899774] [tb3_1.spawn_entity]: Spawn status: SpawnEntity: Successfully spawned entity [tb3_1]
[gzserver-1] [INFO] [1778532869.206766869] [tb3_1.turtlebot3_diff_drive]: Wheel pair 1 separation set to [0.160000m]
[gzserver-1] [INFO] [1778532869.206836333] [tb3_1.turtlebot3_diff_drive]: Wheel pair 1 diameter set to [0.066000m]
[gzserver-1] [INFO] [1778532869.207749218] [tb3_1.turtlebot3_diff_drive]: Subscribed to [/tb3_1/cmd_vel]
[gzserver-1] [INFO] [1778532869.209340506] [tb3_1.turtlebot3_diff_drive]: Advertise odometry on [/tb3_1/odom]
[gzserver-1] [INFO] [1778532869.211775176] [tb3_1.turtlebot3_diff_drive]: Publishing odom transforms between [tb3_1/odom] and [tb3_1/base_footprint]
[gzserver-1] [INFO] [1778532869.223535481] [tb3_1.turtlebot3_joint_state]: Going to publish joint [wheel_left_joint]
[gzserver-1] [INFO] [1778532869.223589961] [tb3_1.turtlebot3_joint_state]: Going to publish joint [wheel_right_joint]
[INFO] [spawn_entity.py-7]: process has finished cleanly [pid 2282502]
[gzserver-1] [INFO] [1778532869.529767193] [tb3_0.turtlebot3_imu]: <initial_orientation_as_reference> is unset, using default value of false to comply with REP 145 (world as orientation reference)
[spawn_entity.py-4] [INFO] [1778532869.669146379] [tb3_0.spawn_entity]: Spawn status: SpawnEntity: Successfully spawned entity [tb3_0]
[gzserver-1] [INFO] [1778532869.780601184] [tb3_0.turtlebot3_diff_drive]: Wheel pair 1 separation set to [0.160000m]
[gzserver-1] [INFO] [1778532869.780666602] [tb3_0.turtlebot3_diff_drive]: Wheel pair 1 diameter set to [0.066000m]
[gzserver-1] [INFO] [1778532869.781597326] [tb3_0.turtlebot3_diff_drive]: Subscribed to [/tb3_0/cmd_vel]
[gzserver-1] [INFO] [1778532869.782546520] [tb3_0.turtlebot3_diff_drive]: Advertise odometry on [/tb3_0/odom]
[gzserver-1] [INFO] [1778532869.785022351] [tb3_0.turtlebot3_diff_drive]: Publishing odom transforms between [tb3_0/odom] and [tb3_0/base_footprint]
[gzserver-1] [INFO] [1778532869.801834676] [tb3_0.turtlebot3_joint_state]: Going to publish joint [wheel_left_joint]
[gzserver-1] [INFO] [1778532869.801891016] [tb3_0.turtlebot3_joint_state]: Going to publish joint [wheel_right_joint]
[INFO] [spawn_entity.py-4]: process has finished cleanly [pid 2282496]
[gzserver-1] [INFO] [1778532870.104126129] [tb3_2.turtlebot3_imu]: <initial_orientation_as_reference> is unset, using default value of false to comply with REP 145 (world as orientation reference)
[spawn_entity.py-10] [INFO] [1778532870.236813300] [tb3_2.spawn_entity]: Spawn status: SpawnEntity: Successfully spawned entity [tb3_2]
[gzserver-1] [INFO] [1778532870.349882006] [tb3_2.turtlebot3_diff_drive]: Wheel pair 1 separation set to [0.160000m]
[gzserver-1] [INFO] [1778532870.349963449] [tb3_2.turtlebot3_diff_drive]: Wheel pair 1 diameter set to [0.066000m]
[gzserver-1] [INFO] [1778532870.351070075] [tb3_2.turtlebot3_diff_drive]: Subscribed to [/tb3_2/cmd_vel]
[gzserver-1] [INFO] [1778532870.352484086] [tb3_2.turtlebot3_diff_drive]: Advertise odometry on [/tb3_2/odom]
[gzserver-1] [INFO] [1778532870.354865977] [tb3_2.turtlebot3_diff_drive]: Publishing odom transforms between [tb3_2/odom] and [tb3_2/base_footprint]
[gzserver-1] [INFO] [1778532870.369001298] [tb3_2.turtlebot3_joint_state]: Going to publish joint [wheel_left_joint]
[gzserver-1] [INFO] [1778532870.369058422] [tb3_2.turtlebot3_joint_state]: Going to publish joint [wheel_right_joint]
[INFO] [spawn_entity.py-10]: process has finished cleanly [pid 2282508]
[rviz2-17] [INFO] [1778532880.183859984] [rviz2]: Message Filter dropping message: frame 'tb3_1/base_scan' at time 0.350 for reason 'the timestamp on the message is earlier than all the data in the transform cache'
[rviz2-17] [INFO] [1778532880.386329750] [rviz2]: Message Filter dropping message: frame 'tb3_0/base_scan' at time 0.550 for reason 'the timestamp on the message is earlier than all the data in the transform cache'
[rviz2-17] [INFO] [1778532880.588410489] [rviz2]: Message Filter dropping message: frame 'tb3_2/base_scan' at time 0.751 for reason 'the timestamp on the message is earlier than all the data in the transform cache'
