[INFO] [launch]: All log files can be found below /home/wj/.ros/log/2026-04-02-21-50-03-014031-wj-Default-string-3279364
[INFO] [launch]: Default logging verbosity is set to INFO
[INFO] Loading world for TurtleBot3: /home/wj/work/multi-robot-exploration-rl/install/start_rl_environment_tb3/share/start_rl_environment_tb3/worlds/corridor_swap.world
[INFO] Spawning 4 TurtleBot3 robots on corridor_swap...
[INFO] Using random positions
[INFO] Using fixed positions for 4 robots
[INFO]   Robot 0: Robot 0 - 左侧中间 at (-4.50, 0.00)
[INFO]   Robot 1: Robot 1 - 右侧中间 at (4.50, 0.00)
[INFO]   Robot 2: Robot 2 - 左下 at (-4.50, -3.00)
[INFO]   Robot 3: Robot 3 - 左上 at (-4.50, 3.00)
[spawn_robots] Created modified SDF for tb3_0 at /tmp/tb3_0_bb4a8053.sdf
[spawn_robots] Created modified SDF for tb3_1 at /tmp/tb3_1_l4mbl5iy.sdf
[spawn_robots] Created modified SDF for tb3_2 at /tmp/tb3_2_sa6r65n5.sdf
[spawn_robots] Created modified SDF for tb3_3 at /tmp/tb3_3_7jphh_v8.sdf
[INFO] Map Server loading: /home/wj/work/multi-robot-exploration-rl/install/start_rl_environment_tb3/share/start_rl_environment_tb3/maps/corridor_swap.yaml
[INFO] [gzserver-1]: process started with pid [3279388]
[INFO] [gzclient-2]: process started with pid [3279390]
[INFO] [robot_state_publisher-3]: process started with pid [3279392]
[INFO] [spawn_entity.py-4]: process started with pid [3279394]
[INFO] [static_transform_publisher-5]: process started with pid [3279396]
[INFO] [robot_state_publisher-6]: process started with pid [3279398]
[INFO] [spawn_entity.py-7]: process started with pid [3279400]
[INFO] [static_transform_publisher-8]: process started with pid [3279402]
[INFO] [robot_state_publisher-9]: process started with pid [3279404]
[INFO] [spawn_entity.py-10]: process started with pid [3279406]
[INFO] [static_transform_publisher-11]: process started with pid [3279408]
[INFO] [robot_state_publisher-12]: process started with pid [3279410]
[INFO] [spawn_entity.py-13]: process started with pid [3279412]
[INFO] [static_transform_publisher-14]: process started with pid [3279414]
[INFO] [map_server-15]: process started with pid [3279416]
[INFO] [lifecycle_manager-16]: process started with pid [3279421]
[INFO] [rviz2-17]: process started with pid [3279426]
[INFO] [obstacle_mover.py-18]: process started with pid [3279476]
[static_transform_publisher-5] [WARN] [1775137803.779018205] []: Old-style arguments are deprecated; see --help for new-style arguments
[static_transform_publisher-5] [INFO] [1775137803.801229823] [static_tf_tb3_0]: Spinning until stopped - publishing transform
[static_transform_publisher-5] translation: ('0.000000', '0.000000', '0.000000')
[static_transform_publisher-5] rotation: ('0.000000', '0.000000', '0.000000', '1.000000')
[static_transform_publisher-5] from 'map' to 'tb3_0/odom'
[static_transform_publisher-8] [WARN] [1775137803.783175454] []: Old-style arguments are deprecated; see --help for new-style arguments
[static_transform_publisher-11] [WARN] [1775137803.785988808] []: Old-style arguments are deprecated; see --help for new-style arguments
[static_transform_publisher-14] [WARN] [1775137803.787146514] []: Old-style arguments are deprecated; see --help for new-style arguments
[robot_state_publisher-6] [INFO] [1775137803.829174586] [tb3_1.robot_state_publisher]: got segment base_footprint
[robot_state_publisher-6] [INFO] [1775137803.829332954] [tb3_1.robot_state_publisher]: got segment base_link
[robot_state_publisher-6] [INFO] [1775137803.829355457] [tb3_1.robot_state_publisher]: got segment base_scan
[robot_state_publisher-6] [INFO] [1775137803.829369407] [tb3_1.robot_state_publisher]: got segment caster_back_link
[robot_state_publisher-6] [INFO] [1775137803.829380961] [tb3_1.robot_state_publisher]: got segment imu_link
[robot_state_publisher-6] [INFO] [1775137803.829391894] [tb3_1.robot_state_publisher]: got segment wheel_left_link
[robot_state_publisher-6] [INFO] [1775137803.829427438] [tb3_1.robot_state_publisher]: got segment wheel_right_link
[robot_state_publisher-3] [INFO] [1775137803.830917799] [tb3_0.robot_state_publisher]: got segment base_footprint
[robot_state_publisher-3] [INFO] [1775137803.831045714] [tb3_0.robot_state_publisher]: got segment base_link
[robot_state_publisher-3] [INFO] [1775137803.831068347] [tb3_0.robot_state_publisher]: got segment base_scan
[robot_state_publisher-3] [INFO] [1775137803.831080101] [tb3_0.robot_state_publisher]: got segment caster_back_link
[robot_state_publisher-3] [INFO] [1775137803.831090997] [tb3_0.robot_state_publisher]: got segment imu_link
[robot_state_publisher-3] [INFO] [1775137803.831101270] [tb3_0.robot_state_publisher]: got segment wheel_left_link
[robot_state_publisher-3] [INFO] [1775137803.831111762] [tb3_0.robot_state_publisher]: got segment wheel_right_link
[static_transform_publisher-14] [INFO] [1775137803.836262286] [static_tf_tb3_3]: Spinning until stopped - publishing transform
[static_transform_publisher-14] translation: ('0.000000', '0.000000', '0.000000')
[static_transform_publisher-14] rotation: ('0.000000', '0.000000', '0.000000', '1.000000')
[static_transform_publisher-14] from 'map' to 'tb3_3/odom'
[static_transform_publisher-11] [INFO] [1775137803.847079152] [static_tf_tb3_2]: Spinning until stopped - publishing transform
[static_transform_publisher-11] translation: ('0.000000', '0.000000', '0.000000')
[static_transform_publisher-11] rotation: ('0.000000', '0.000000', '0.000000', '1.000000')
[static_transform_publisher-11] from 'map' to 'tb3_2/odom'
[robot_state_publisher-12] [INFO] [1775137803.850040343] [tb3_3.robot_state_publisher]: got segment base_footprint
[robot_state_publisher-12] [INFO] [1775137803.850207869] [tb3_3.robot_state_publisher]: got segment base_link
[robot_state_publisher-12] [INFO] [1775137803.850232156] [tb3_3.robot_state_publisher]: got segment base_scan
[robot_state_publisher-12] [INFO] [1775137803.850246196] [tb3_3.robot_state_publisher]: got segment caster_back_link
[robot_state_publisher-12] [INFO] [1775137803.850258309] [tb3_3.robot_state_publisher]: got segment imu_link
[robot_state_publisher-12] [INFO] [1775137803.850381577] [tb3_3.robot_state_publisher]: got segment wheel_left_link
[robot_state_publisher-12] [INFO] [1775137803.850406947] [tb3_3.robot_state_publisher]: got segment wheel_right_link
[static_transform_publisher-8] [INFO] [1775137803.850739418] [static_tf_tb3_1]: Spinning until stopped - publishing transform
[static_transform_publisher-8] translation: ('0.000000', '0.000000', '0.000000')
[static_transform_publisher-8] rotation: ('0.000000', '0.000000', '0.000000', '1.000000')
[static_transform_publisher-8] from 'map' to 'tb3_1/odom'
[robot_state_publisher-9] [INFO] [1775137803.854625703] [tb3_2.robot_state_publisher]: got segment base_footprint
[robot_state_publisher-9] [INFO] [1775137803.854796155] [tb3_2.robot_state_publisher]: got segment base_link
[robot_state_publisher-9] [INFO] [1775137803.854818705] [tb3_2.robot_state_publisher]: got segment base_scan
[robot_state_publisher-9] [INFO] [1775137803.854831249] [tb3_2.robot_state_publisher]: got segment caster_back_link
[robot_state_publisher-9] [INFO] [1775137803.854842366] [tb3_2.robot_state_publisher]: got segment imu_link
[robot_state_publisher-9] [INFO] [1775137803.854852473] [tb3_2.robot_state_publisher]: got segment wheel_left_link
[robot_state_publisher-9] [INFO] [1775137803.854862621] [tb3_2.robot_state_publisher]: got segment wheel_right_link
[map_server-15] [INFO] [1775137803.855513081] [map_server]: 
[map_server-15] 	map_server lifecycle node launched. 
[map_server-15] 	Waiting on external lifecycle transitions to activate
[map_server-15] 	See https://design.ros2.org/articles/node_lifecycle.html for more information.
[map_server-15] [INFO] [1775137803.855681887] [map_server]: Creating
[lifecycle_manager-16] [INFO] [1775137803.862994835] [lifecycle_manager_map]: Creating
[lifecycle_manager-16] [INFO] [1775137803.867897056] [lifecycle_manager_map]: [34m[1mCreating and initializing lifecycle service clients[0m[0m
[lifecycle_manager-16] [INFO] [1775137803.924741701] [lifecycle_manager_map]: [34m[1mStarting managed nodes bringup...[0m[0m
[lifecycle_manager-16] [INFO] [1775137803.924810707] [lifecycle_manager_map]: [34m[1mConfiguring map_server[0m[0m
[map_server-15] [INFO] [1775137804.074285895] [map_server]: Configuring
[map_server-15] [INFO] [1775137804.074393545] [map_io]: Loading yaml file: /home/wj/work/multi-robot-exploration-rl/install/start_rl_environment_tb3/share/start_rl_environment_tb3/maps/corridor_swap.yaml
[map_server-15] [INFO] [1775137804.074774499] [map_io]: resolution: 0.05
[map_server-15] [INFO] [1775137804.074791021] [map_io]: origin[0]: -6
[map_server-15] [INFO] [1775137804.074799493] [map_io]: origin[1]: -6
[map_server-15] [INFO] [1775137804.074807256] [map_io]: origin[2]: 0
[map_server-15] [INFO] [1775137804.074815992] [map_io]: free_thresh: 0.196
[map_server-15] [INFO] [1775137804.074824500] [map_io]: occupied_thresh: 0.65
[map_server-15] [INFO] [1775137804.074832816] [map_io]: mode: trinary
[map_server-15] [INFO] [1775137804.074841836] [map_io]: negate: 0
[map_server-15] [INFO] [1775137804.075082440] [map_io]: Loading image_file: /home/wj/work/multi-robot-exploration-rl/install/start_rl_environment_tb3/share/start_rl_environment_tb3/maps/corridor_swap.pgm
[map_server-15] [INFO] [1775137804.088249735] [map_io]: Read map /home/wj/work/multi-robot-exploration-rl/install/start_rl_environment_tb3/share/start_rl_environment_tb3/maps/corridor_swap.pgm: 240 X 240 map @ 0.05 m/cell
[lifecycle_manager-16] [INFO] [1775137804.094954298] [lifecycle_manager_map]: [34m[1mActivating map_server[0m[0m
[map_server-15] [INFO] [1775137804.095153403] [map_server]: Activating
[map_server-15] [INFO] [1775137804.095389912] [map_server]: Creating bond (map_server) to lifecycle manager.
[lifecycle_manager-16] [INFO] [1775137804.201422342] [lifecycle_manager_map]: Server map_server connected with bond.
[lifecycle_manager-16] [INFO] [1775137804.201475231] [lifecycle_manager_map]: [34m[1mManaged nodes are active[0m[0m
[lifecycle_manager-16] [INFO] [1775137804.201503006] [lifecycle_manager_map]: [34m[1mCreating bond timer...[0m[0m
[spawn_entity.py-10] [INFO] [1775137804.361600479] [tb3_2.spawn_entity]: Spawn Entity started
[spawn_entity.py-10] [INFO] [1775137804.362051931] [tb3_2.spawn_entity]: Loading entity XML from file /tmp/tb3_2_sa6r65n5.sdf
[spawn_entity.py-10] [INFO] [1775137804.362898729] [tb3_2.spawn_entity]: Waiting for service /spawn_entity, timeout = 30
[spawn_entity.py-7] [INFO] [1775137804.363063318] [tb3_1.spawn_entity]: Spawn Entity started
[spawn_entity.py-10] [INFO] [1775137804.363228010] [tb3_2.spawn_entity]: Waiting for service /spawn_entity
[spawn_entity.py-7] [INFO] [1775137804.363791708] [tb3_1.spawn_entity]: Loading entity XML from file /tmp/tb3_1_l4mbl5iy.sdf
[spawn_entity.py-7] [INFO] [1775137804.365017880] [tb3_1.spawn_entity]: Waiting for service /spawn_entity, timeout = 30
[spawn_entity.py-7] [INFO] [1775137804.365645363] [tb3_1.spawn_entity]: Waiting for service /spawn_entity
[spawn_entity.py-4] [INFO] [1775137804.375515223] [tb3_0.spawn_entity]: Spawn Entity started
[spawn_entity.py-4] [INFO] [1775137804.375978976] [tb3_0.spawn_entity]: Loading entity XML from file /tmp/tb3_0_bb4a8053.sdf
[spawn_entity.py-13] [INFO] [1775137804.376110495] [tb3_3.spawn_entity]: Spawn Entity started
[spawn_entity.py-13] [INFO] [1775137804.376541679] [tb3_3.spawn_entity]: Loading entity XML from file /tmp/tb3_3_7jphh_v8.sdf
[spawn_entity.py-4] [INFO] [1775137804.377075024] [tb3_0.spawn_entity]: Waiting for service /spawn_entity, timeout = 30
[spawn_entity.py-13] [INFO] [1775137804.377407509] [tb3_3.spawn_entity]: Waiting for service /spawn_entity, timeout = 30
[spawn_entity.py-4] [INFO] [1775137804.377522434] [tb3_0.spawn_entity]: Waiting for service /spawn_entity
[spawn_entity.py-13] [INFO] [1775137804.377767055] [tb3_3.spawn_entity]: Waiting for service /spawn_entity
[rviz2-17] [INFO] [1775137804.544534052] [rviz2]: Stereo is NOT SUPPORTED
[rviz2-17] [INFO] [1775137804.544673310] [rviz2]: OpenGl version: 4.6 (GLSL 4.6)
[rviz2-17] [INFO] [1775137804.568051957] [rviz2]: Stereo is NOT SUPPORTED
[gzserver-1] [WARN] [1775137805.731346578] [rcl]: Found remap rule 'model_states:=model_states_demo'. This syntax is deprecated. Use '--ros-args --remap model_states:=model_states_demo' instead.
[gzserver-1] [INFO] [1775137805.747316340] [gazebo_ros_state]: Publishing states of gazebo models at [/model_states_demo]
[gzserver-1] [INFO] [1775137805.748308855] [gazebo_ros_state]: Publishing states of gazebo links at [/link_states]
[spawn_entity.py-10] [INFO] [1775137805.870497764] [tb3_2.spawn_entity]: Calling service /spawn_entity
[spawn_entity.py-7] [INFO] [1775137805.872732318] [tb3_1.spawn_entity]: Calling service /spawn_entity
[spawn_entity.py-4] [INFO] [1775137805.884742684] [tb3_0.spawn_entity]: Calling service /spawn_entity
[spawn_entity.py-13] [INFO] [1775137805.884773587] [tb3_3.spawn_entity]: Calling service /spawn_entity
[obstacle_mover.py-18] [INFO] [1775137805.891536135] [obstacle_mover]: [obstacle_mover] map=3  8 个障碍物  速度=0.220 m/s (scale×1.0)  100 Hz  随机游走模式
[gzserver-1] [INFO] [1775137806.082728154] [tb3_2.turtlebot3_imu]: <initial_orientation_as_reference> is unset, using default value of false to comply with REP 145 (world as orientation reference)
[spawn_entity.py-10] [INFO] [1775137806.186613851] [tb3_2.spawn_entity]: Spawn status: SpawnEntity: Successfully spawned entity [tb3_2]
[gzserver-1] [INFO] [1775137806.318733836] [tb3_2.turtlebot3_diff_drive]: Wheel pair 1 separation set to [0.160000m]
[gzserver-1] [INFO] [1775137806.318798216] [tb3_2.turtlebot3_diff_drive]: Wheel pair 1 diameter set to [0.066000m]
[gzserver-1] [INFO] [1775137806.321097496] [tb3_2.turtlebot3_diff_drive]: Subscribed to [/tb3_2/cmd_vel]
[gzserver-1] [INFO] [1775137806.325280776] [tb3_2.turtlebot3_diff_drive]: Advertise odometry on [/tb3_2/odom]
[gzserver-1] [INFO] [1775137806.331675727] [tb3_2.turtlebot3_diff_drive]: Publishing odom transforms between [tb3_2/odom] and [tb3_2/base_footprint]
[INFO] [spawn_entity.py-10]: process has finished cleanly [pid 3279406]
[gzserver-1] [INFO] [1775137806.360250719] [tb3_2.turtlebot3_joint_state]: Going to publish joint [wheel_left_joint]
[gzserver-1] [INFO] [1775137806.360306500] [tb3_2.turtlebot3_joint_state]: Going to publish joint [wheel_right_joint]
[gzserver-1] [INFO] [1775137806.686417392] [tb3_1.turtlebot3_imu]: <initial_orientation_as_reference> is unset, using default value of false to comply with REP 145 (world as orientation reference)
[spawn_entity.py-7] [INFO] [1775137806.797071314] [tb3_1.spawn_entity]: Spawn status: SpawnEntity: Successfully spawned entity [tb3_1]
[gzserver-1] [INFO] [1775137806.907133792] [tb3_1.turtlebot3_diff_drive]: Wheel pair 1 separation set to [0.160000m]
[gzserver-1] [INFO] [1775137806.907197247] [tb3_1.turtlebot3_diff_drive]: Wheel pair 1 diameter set to [0.066000m]
[gzserver-1] [INFO] [1775137806.908656552] [tb3_1.turtlebot3_diff_drive]: Subscribed to [/tb3_1/cmd_vel]
[gzserver-1] [INFO] [1775137806.910020392] [tb3_1.turtlebot3_diff_drive]: Advertise odometry on [/tb3_1/odom]
[gzserver-1] [INFO] [1775137806.912037252] [tb3_1.turtlebot3_diff_drive]: Publishing odom transforms between [tb3_1/odom] and [tb3_1/base_footprint]
[gzserver-1] [INFO] [1775137806.922748162] [tb3_1.turtlebot3_joint_state]: Going to publish joint [wheel_left_joint]
[gzserver-1] [INFO] [1775137806.922792012] [tb3_1.turtlebot3_joint_state]: Going to publish joint [wheel_right_joint]
[INFO] [spawn_entity.py-7]: process has finished cleanly [pid 3279400]
[gzserver-1] [INFO] [1775137807.230758383] [tb3_0.turtlebot3_imu]: <initial_orientation_as_reference> is unset, using default value of false to comply with REP 145 (world as orientation reference)
[spawn_entity.py-4] [INFO] [1775137807.339344820] [tb3_0.spawn_entity]: Spawn status: SpawnEntity: Successfully spawned entity [tb3_0]
[gzserver-1] [INFO] [1775137807.450693047] [tb3_0.turtlebot3_diff_drive]: Wheel pair 1 separation set to [0.160000m]
[gzserver-1] [INFO] [1775137807.450760382] [tb3_0.turtlebot3_diff_drive]: Wheel pair 1 diameter set to [0.066000m]
[gzserver-1] [INFO] [1775137807.451661259] [tb3_0.turtlebot3_diff_drive]: Subscribed to [/tb3_0/cmd_vel]
[gzserver-1] [INFO] [1775137807.452638082] [tb3_0.turtlebot3_diff_drive]: Advertise odometry on [/tb3_0/odom]
[gzserver-1] [INFO] [1775137807.454825545] [tb3_0.turtlebot3_diff_drive]: Publishing odom transforms between [tb3_0/odom] and [tb3_0/base_footprint]
[gzserver-1] [INFO] [1775137807.468661079] [tb3_0.turtlebot3_joint_state]: Going to publish joint [wheel_left_joint]
[gzserver-1] [INFO] [1775137807.468710751] [tb3_0.turtlebot3_joint_state]: Going to publish joint [wheel_right_joint]
[INFO] [spawn_entity.py-4]: process has finished cleanly [pid 3279394]
[gzserver-1] [INFO] [1775137807.774989620] [tb3_3.turtlebot3_imu]: <initial_orientation_as_reference> is unset, using default value of false to comply with REP 145 (world as orientation reference)
[spawn_entity.py-13] [INFO] [1775137807.887756026] [tb3_3.spawn_entity]: Spawn status: SpawnEntity: Successfully spawned entity [tb3_3]
[gzserver-1] [INFO] [1775137807.999971939] [tb3_3.turtlebot3_diff_drive]: Wheel pair 1 separation set to [0.160000m]
[gzserver-1] [INFO] [1775137808.000042611] [tb3_3.turtlebot3_diff_drive]: Wheel pair 1 diameter set to [0.066000m]
[gzserver-1] [INFO] [1775137808.000811633] [tb3_3.turtlebot3_diff_drive]: Subscribed to [/tb3_3/cmd_vel]
[gzserver-1] [INFO] [1775137808.002078592] [tb3_3.turtlebot3_diff_drive]: Advertise odometry on [/tb3_3/odom]
[gzserver-1] [INFO] [1775137808.004772130] [tb3_3.turtlebot3_diff_drive]: Publishing odom transforms between [tb3_3/odom] and [tb3_3/base_footprint]
[gzserver-1] [INFO] [1775137808.018896874] [tb3_3.turtlebot3_joint_state]: Going to publish joint [wheel_left_joint]
[gzserver-1] [INFO] [1775137808.018949415] [tb3_3.turtlebot3_joint_state]: Going to publish joint [wheel_right_joint]
[INFO] [spawn_entity.py-13]: process has finished cleanly [pid 3279412]
[rviz2-17] [INFO] [1775137818.365614204] [rviz2]: Message Filter dropping message: frame 'tb3_1/base_scan' at time 0.334 for reason 'the timestamp on the message is earlier than all the data in the transform cache'
[rviz2-17] [INFO] [1775137818.568694033] [rviz2]: Message Filter dropping message: frame 'tb3_0/base_scan' at time 0.535 for reason 'the timestamp on the message is earlier than all the data in the transform cache'
[rviz2-17] [INFO] [1775137818.766924101] [rviz2]: Message Filter dropping message: frame 'tb3_3/base_scan' at time 0.730 for reason 'the timestamp on the message is earlier than all the data in the transform cache'
