[INFO] [launch]: All log files can be found below /home/wj/.ros/log/2026-05-02-13-49-55-310534-wj-Default-string-3021190
[INFO] [launch]: Default logging verbosity is set to INFO
[INFO] Loading world for TurtleBot3: /home/wj/work/multi-robot-exploration-rl/install/start_rl_environment_tb3/share/start_rl_environment_tb3/worlds/corridor_swap.world
[INFO] Spawning 4 TurtleBot3 robots on corridor_swap...
[INFO] Using random positions
[INFO] Using fixed positions for 4 robots
[INFO]   Robot 0: Robot 0 - 左侧中间 at (-4.50, 0.00)
[INFO]   Robot 1: Robot 1 - 右侧中间 at (4.50, 0.00)
[INFO]   Robot 2: Robot 2 - 左下 at (-4.50, -3.00)
[INFO]   Robot 3: Robot 3 - 左上 at (-4.50, 3.00)
[spawn_robots] Created modified SDF for tb3_0 at /tmp/tb3_0_6gyhzwkx.sdf
[spawn_robots] Created modified SDF for tb3_1 at /tmp/tb3_1_bat3swql.sdf
[spawn_robots] Created modified SDF for tb3_2 at /tmp/tb3_2_sk99muad.sdf
[spawn_robots] Created modified SDF for tb3_3 at /tmp/tb3_3_z5w1vs0d.sdf
[INFO] Map Server loading: /home/wj/work/multi-robot-exploration-rl/install/start_rl_environment_tb3/share/start_rl_environment_tb3/maps/corridor_swap.yaml
[INFO] [gzserver-1]: process started with pid [3021285]
[INFO] [gzclient-2]: process started with pid [3021287]
[INFO] [robot_state_publisher-3]: process started with pid [3021289]
[INFO] [spawn_entity.py-4]: process started with pid [3021291]
[INFO] [static_transform_publisher-5]: process started with pid [3021293]
[INFO] [robot_state_publisher-6]: process started with pid [3021295]
[INFO] [spawn_entity.py-7]: process started with pid [3021297]
[INFO] [static_transform_publisher-8]: process started with pid [3021299]
[INFO] [robot_state_publisher-9]: process started with pid [3021301]
[INFO] [spawn_entity.py-10]: process started with pid [3021303]
[INFO] [static_transform_publisher-11]: process started with pid [3021305]
[INFO] [robot_state_publisher-12]: process started with pid [3021307]
[INFO] [spawn_entity.py-13]: process started with pid [3021309]
[INFO] [static_transform_publisher-14]: process started with pid [3021312]
[INFO] [map_server-15]: process started with pid [3021320]
[INFO] [lifecycle_manager-16]: process started with pid [3021338]
[INFO] [rviz2-17]: process started with pid [3021357]
[INFO] [obstacle_mover.py-18]: process started with pid [3021363]
[robot_state_publisher-3] [INFO] [1777700996.176649293] [tb3_0.robot_state_publisher]: got segment base_footprint
[robot_state_publisher-3] [INFO] [1777700996.176804092] [tb3_0.robot_state_publisher]: got segment base_link
[robot_state_publisher-3] [INFO] [1777700996.176828959] [tb3_0.robot_state_publisher]: got segment base_scan
[robot_state_publisher-3] [INFO] [1777700996.176841083] [tb3_0.robot_state_publisher]: got segment caster_back_link
[robot_state_publisher-3] [INFO] [1777700996.176851162] [tb3_0.robot_state_publisher]: got segment imu_link
[robot_state_publisher-3] [INFO] [1777700996.176860797] [tb3_0.robot_state_publisher]: got segment wheel_left_link
[robot_state_publisher-3] [INFO] [1777700996.176870344] [tb3_0.robot_state_publisher]: got segment wheel_right_link
[static_transform_publisher-5] [WARN] [1777700996.153921236] []: Old-style arguments are deprecated; see --help for new-style arguments
[static_transform_publisher-5] [INFO] [1777700996.177633267] [static_tf_tb3_0]: Spinning until stopped - publishing transform
[static_transform_publisher-5] translation: ('0.000000', '0.000000', '0.000000')
[static_transform_publisher-5] rotation: ('0.000000', '0.000000', '0.000000', '1.000000')
[static_transform_publisher-5] from 'map' to 'tb3_0/odom'
[robot_state_publisher-6] [INFO] [1777700996.182011747] [tb3_1.robot_state_publisher]: got segment base_footprint
[robot_state_publisher-6] [INFO] [1777700996.182168023] [tb3_1.robot_state_publisher]: got segment base_link
[robot_state_publisher-6] [INFO] [1777700996.182182831] [tb3_1.robot_state_publisher]: got segment base_scan
[robot_state_publisher-6] [INFO] [1777700996.182189336] [tb3_1.robot_state_publisher]: got segment caster_back_link
[robot_state_publisher-6] [INFO] [1777700996.182195342] [tb3_1.robot_state_publisher]: got segment imu_link
[robot_state_publisher-6] [INFO] [1777700996.182200938] [tb3_1.robot_state_publisher]: got segment wheel_left_link
[robot_state_publisher-6] [INFO] [1777700996.182206700] [tb3_1.robot_state_publisher]: got segment wheel_right_link
[static_transform_publisher-8] [WARN] [1777700996.161758259] []: Old-style arguments are deprecated; see --help for new-style arguments
[static_transform_publisher-11] [WARN] [1777700996.162264041] []: Old-style arguments are deprecated; see --help for new-style arguments
[static_transform_publisher-14] [WARN] [1777700996.172448898] []: Old-style arguments are deprecated; see --help for new-style arguments
[static_transform_publisher-11] [INFO] [1777700996.209824893] [static_tf_tb3_2]: Spinning until stopped - publishing transform
[static_transform_publisher-11] translation: ('0.000000', '0.000000', '0.000000')
[static_transform_publisher-11] rotation: ('0.000000', '0.000000', '0.000000', '1.000000')
[static_transform_publisher-11] from 'map' to 'tb3_2/odom'
[static_transform_publisher-14] [INFO] [1777700996.215717712] [static_tf_tb3_3]: Spinning until stopped - publishing transform
[static_transform_publisher-14] translation: ('0.000000', '0.000000', '0.000000')
[static_transform_publisher-14] rotation: ('0.000000', '0.000000', '0.000000', '1.000000')
[static_transform_publisher-14] from 'map' to 'tb3_3/odom'
[lifecycle_manager-16] [INFO] [1777700996.217312175] [lifecycle_manager_map]: Creating
[lifecycle_manager-16] [INFO] [1777700996.219304868] [lifecycle_manager_map]: [34m[1mCreating and initializing lifecycle service clients[0m[0m
[static_transform_publisher-8] [INFO] [1777700996.219591067] [static_tf_tb3_1]: Spinning until stopped - publishing transform
[static_transform_publisher-8] translation: ('0.000000', '0.000000', '0.000000')
[static_transform_publisher-8] rotation: ('0.000000', '0.000000', '0.000000', '1.000000')
[static_transform_publisher-8] from 'map' to 'tb3_1/odom'
[robot_state_publisher-12] [INFO] [1777700996.227990516] [tb3_3.robot_state_publisher]: got segment base_footprint
[robot_state_publisher-12] [INFO] [1777700996.228123889] [tb3_3.robot_state_publisher]: got segment base_link
[robot_state_publisher-12] [INFO] [1777700996.228139621] [tb3_3.robot_state_publisher]: got segment base_scan
[robot_state_publisher-12] [INFO] [1777700996.228146709] [tb3_3.robot_state_publisher]: got segment caster_back_link
[robot_state_publisher-12] [INFO] [1777700996.228152975] [tb3_3.robot_state_publisher]: got segment imu_link
[robot_state_publisher-12] [INFO] [1777700996.228159141] [tb3_3.robot_state_publisher]: got segment wheel_left_link
[robot_state_publisher-12] [INFO] [1777700996.228165143] [tb3_3.robot_state_publisher]: got segment wheel_right_link
[robot_state_publisher-9] [INFO] [1777700996.229570505] [tb3_2.robot_state_publisher]: got segment base_footprint
[robot_state_publisher-9] [INFO] [1777700996.230003017] [tb3_2.robot_state_publisher]: got segment base_link
[robot_state_publisher-9] [INFO] [1777700996.230027393] [tb3_2.robot_state_publisher]: got segment base_scan
[robot_state_publisher-9] [INFO] [1777700996.230040072] [tb3_2.robot_state_publisher]: got segment caster_back_link
[robot_state_publisher-9] [INFO] [1777700996.230050917] [tb3_2.robot_state_publisher]: got segment imu_link
[robot_state_publisher-9] [INFO] [1777700996.230061577] [tb3_2.robot_state_publisher]: got segment wheel_left_link
[robot_state_publisher-9] [INFO] [1777700996.230072234] [tb3_2.robot_state_publisher]: got segment wheel_right_link
[lifecycle_manager-16] [INFO] [1777700996.260140232] [lifecycle_manager_map]: [34m[1mStarting managed nodes bringup...[0m[0m
[lifecycle_manager-16] [INFO] [1777700996.260203773] [lifecycle_manager_map]: [34m[1mConfiguring map_server[0m[0m
[map_server-15] [INFO] [1777700996.262706099] [map_server]: 
[map_server-15] 	map_server lifecycle node launched. 
[map_server-15] 	Waiting on external lifecycle transitions to activate
[map_server-15] 	See https://design.ros2.org/articles/node_lifecycle.html for more information.
[map_server-15] [INFO] [1777700996.262914219] [map_server]: Creating
[map_server-15] [INFO] [1777700996.263365879] [map_server]: Configuring
[map_server-15] [INFO] [1777700996.263433204] [map_io]: Loading yaml file: /home/wj/work/multi-robot-exploration-rl/install/start_rl_environment_tb3/share/start_rl_environment_tb3/maps/corridor_swap.yaml
[map_server-15] [INFO] [1777700996.263796532] [map_io]: resolution: 0.05
[map_server-15] [INFO] [1777700996.263814950] [map_io]: origin[0]: -6
[map_server-15] [INFO] [1777700996.263825507] [map_io]: origin[1]: -6
[map_server-15] [INFO] [1777700996.263834402] [map_io]: origin[2]: 0
[map_server-15] [INFO] [1777700996.263844250] [map_io]: free_thresh: 0.196
[map_server-15] [INFO] [1777700996.263853981] [map_io]: occupied_thresh: 0.65
[map_server-15] [INFO] [1777700996.263864221] [map_io]: mode: trinary
[map_server-15] [INFO] [1777700996.263874862] [map_io]: negate: 0
[map_server-15] [INFO] [1777700996.264137090] [map_io]: Loading image_file: /home/wj/work/multi-robot-exploration-rl/install/start_rl_environment_tb3/share/start_rl_environment_tb3/maps/corridor_swap.pgm
[map_server-15] [INFO] [1777700996.282737266] [map_io]: Read map /home/wj/work/multi-robot-exploration-rl/install/start_rl_environment_tb3/share/start_rl_environment_tb3/maps/corridor_swap.pgm: 240 X 240 map @ 0.05 m/cell
[lifecycle_manager-16] [INFO] [1777700996.294409264] [lifecycle_manager_map]: [34m[1mActivating map_server[0m[0m
[map_server-15] [INFO] [1777700996.294553335] [map_server]: Activating
[map_server-15] [INFO] [1777700996.294791805] [map_server]: Creating bond (map_server) to lifecycle manager.
[lifecycle_manager-16] [INFO] [1777700996.399982510] [lifecycle_manager_map]: Server map_server connected with bond.
[lifecycle_manager-16] [INFO] [1777700996.400091596] [lifecycle_manager_map]: [34m[1mManaged nodes are active[0m[0m
[lifecycle_manager-16] [INFO] [1777700996.400117735] [lifecycle_manager_map]: [34m[1mCreating bond timer...[0m[0m
[spawn_entity.py-4] [INFO] [1777700996.777628445] [tb3_0.spawn_entity]: Spawn Entity started
[spawn_entity.py-4] [INFO] [1777700996.778228226] [tb3_0.spawn_entity]: Loading entity XML from file /tmp/tb3_0_6gyhzwkx.sdf
[spawn_entity.py-4] [INFO] [1777700996.779490095] [tb3_0.spawn_entity]: Waiting for service /spawn_entity, timeout = 30
[spawn_entity.py-4] [INFO] [1777700996.780006400] [tb3_0.spawn_entity]: Waiting for service /spawn_entity
[spawn_entity.py-10] [INFO] [1777700996.796997014] [tb3_2.spawn_entity]: Spawn Entity started
[spawn_entity.py-10] [INFO] [1777700996.797772390] [tb3_2.spawn_entity]: Loading entity XML from file /tmp/tb3_2_sk99muad.sdf
[spawn_entity.py-10] [INFO] [1777700996.799488048] [tb3_2.spawn_entity]: Waiting for service /spawn_entity, timeout = 30
[spawn_entity.py-10] [INFO] [1777700996.800163448] [tb3_2.spawn_entity]: Waiting for service /spawn_entity
[spawn_entity.py-7] [INFO] [1777700996.861647840] [tb3_1.spawn_entity]: Spawn Entity started
[spawn_entity.py-7] [INFO] [1777700996.862146766] [tb3_1.spawn_entity]: Loading entity XML from file /tmp/tb3_1_bat3swql.sdf
[spawn_entity.py-7] [INFO] [1777700996.863168069] [tb3_1.spawn_entity]: Waiting for service /spawn_entity, timeout = 30
[spawn_entity.py-7] [INFO] [1777700996.863688156] [tb3_1.spawn_entity]: Waiting for service /spawn_entity
[spawn_entity.py-13] [INFO] [1777700996.914754991] [tb3_3.spawn_entity]: Spawn Entity started
[spawn_entity.py-13] [INFO] [1777700996.915252112] [tb3_3.spawn_entity]: Loading entity XML from file /tmp/tb3_3_z5w1vs0d.sdf
[spawn_entity.py-13] [INFO] [1777700996.916179064] [tb3_3.spawn_entity]: Waiting for service /spawn_entity, timeout = 30
[spawn_entity.py-13] [INFO] [1777700996.916587361] [tb3_3.spawn_entity]: Waiting for service /spawn_entity
[rviz2-17] [INFO] [1777700996.991142429] [rviz2]: Stereo is NOT SUPPORTED
[rviz2-17] [INFO] [1777700996.991304126] [rviz2]: OpenGl version: 4.6 (GLSL 4.6)
[rviz2-17] [INFO] [1777700997.117710653] [rviz2]: Stereo is NOT SUPPORTED
[spawn_entity.py-4] [INFO] [1777700998.541604712] [tb3_0.spawn_entity]: Calling service /spawn_entity
[gzserver-1] [WARN] [1777700998.552141377] [rcl]: Found remap rule 'model_states:=model_states_demo'. This syntax is deprecated. Use '--ros-args --remap model_states:=model_states_demo' instead.
[spawn_entity.py-10] [INFO] [1777700998.561035563] [tb3_2.spawn_entity]: Calling service /spawn_entity
[gzserver-1] [INFO] [1777700998.572097652] [gazebo_ros_state]: Publishing states of gazebo models at [/model_states_demo]
[gzserver-1] [INFO] [1777700998.573191954] [gazebo_ros_state]: Publishing states of gazebo links at [/link_states]
[spawn_entity.py-7] [INFO] [1777700998.622795536] [tb3_1.spawn_entity]: Calling service /spawn_entity
[spawn_entity.py-13] [INFO] [1777700998.674055417] [tb3_3.spawn_entity]: Calling service /spawn_entity
[obstacle_mover.py-18] [INFO] [1777700998.755413735] [obstacle_mover]: [obstacle_mover] map=3  6 个障碍物  速度=0.099 m/s (scale×0.9)  30 Hz  随机游走模式
[obstacle_mover.py-18] [INFO] [1777700998.758350350] [obstacle_mover]: [obstacle_mover] ✅ dyn_obs_6~dyn_obs_7 已下沉至 z=-10.0
[gzserver-1] [INFO] [1777700998.927188427] [tb3_0.turtlebot3_imu]: <initial_orientation_as_reference> is unset, using default value of false to comply with REP 145 (world as orientation reference)
[spawn_entity.py-4] [INFO] [1777700999.034982268] [tb3_0.spawn_entity]: Spawn status: SpawnEntity: Successfully spawned entity [tb3_0]
[gzserver-1] [INFO] [1777700999.168110417] [tb3_0.turtlebot3_diff_drive]: Wheel pair 1 separation set to [0.160000m]
[gzserver-1] [INFO] [1777700999.168166840] [tb3_0.turtlebot3_diff_drive]: Wheel pair 1 diameter set to [0.066000m]
[gzserver-1] [INFO] [1777700999.170042485] [tb3_0.turtlebot3_diff_drive]: Subscribed to [/tb3_0/cmd_vel]
[gzserver-1] [INFO] [1777700999.173672913] [tb3_0.turtlebot3_diff_drive]: Advertise odometry on [/tb3_0/odom]
[gzserver-1] [INFO] [1777700999.180086865] [tb3_0.turtlebot3_diff_drive]: Publishing odom transforms between [tb3_0/odom] and [tb3_0/base_footprint]
[gzserver-1] [INFO] [1777700999.203194951] [tb3_0.turtlebot3_joint_state]: Going to publish joint [wheel_left_joint]
[gzserver-1] [INFO] [1777700999.203248784] [tb3_0.turtlebot3_joint_state]: Going to publish joint [wheel_right_joint]
[INFO] [spawn_entity.py-4]: process has finished cleanly [pid 3021291]
[gzserver-1] [INFO] [1777700999.490220614] [tb3_2.turtlebot3_imu]: <initial_orientation_as_reference> is unset, using default value of false to comply with REP 145 (world as orientation reference)
[spawn_entity.py-10] [INFO] [1777700999.605622225] [tb3_2.spawn_entity]: Spawn status: SpawnEntity: Successfully spawned entity [tb3_2]
[gzserver-1] [INFO] [1777700999.717884549] [tb3_2.turtlebot3_diff_drive]: Wheel pair 1 separation set to [0.160000m]
[gzserver-1] [INFO] [1777700999.717956900] [tb3_2.turtlebot3_diff_drive]: Wheel pair 1 diameter set to [0.066000m]
[gzserver-1] [INFO] [1777700999.718853860] [tb3_2.turtlebot3_diff_drive]: Subscribed to [/tb3_2/cmd_vel]
[gzserver-1] [INFO] [1777700999.720224008] [tb3_2.turtlebot3_diff_drive]: Advertise odometry on [/tb3_2/odom]
[gzserver-1] [INFO] [1777700999.723249015] [tb3_2.turtlebot3_diff_drive]: Publishing odom transforms between [tb3_2/odom] and [tb3_2/base_footprint]
[gzserver-1] [INFO] [1777700999.736345898] [tb3_2.turtlebot3_joint_state]: Going to publish joint [wheel_left_joint]
[gzserver-1] [INFO] [1777700999.736415279] [tb3_2.turtlebot3_joint_state]: Going to publish joint [wheel_right_joint]
[INFO] [spawn_entity.py-10]: process has finished cleanly [pid 3021303]
[gzserver-1] [INFO] [1777701000.051239576] [tb3_1.turtlebot3_imu]: <initial_orientation_as_reference> is unset, using default value of false to comply with REP 145 (world as orientation reference)
[spawn_entity.py-7] [INFO] [1777701000.183278705] [tb3_1.spawn_entity]: Spawn status: SpawnEntity: Successfully spawned entity [tb3_1]
[gzserver-1] [INFO] [1777701000.298043539] [tb3_1.turtlebot3_diff_drive]: Wheel pair 1 separation set to [0.160000m]
[gzserver-1] [INFO] [1777701000.298111520] [tb3_1.turtlebot3_diff_drive]: Wheel pair 1 diameter set to [0.066000m]
[gzserver-1] [INFO] [1777701000.299037484] [tb3_1.turtlebot3_diff_drive]: Subscribed to [/tb3_1/cmd_vel]
[gzserver-1] [INFO] [1777701000.300190851] [tb3_1.turtlebot3_diff_drive]: Advertise odometry on [/tb3_1/odom]
[gzserver-1] [INFO] [1777701000.302373136] [tb3_1.turtlebot3_diff_drive]: Publishing odom transforms between [tb3_1/odom] and [tb3_1/base_footprint]
[gzserver-1] [INFO] [1777701000.316436990] [tb3_1.turtlebot3_joint_state]: Going to publish joint [wheel_left_joint]
[gzserver-1] [INFO] [1777701000.316515320] [tb3_1.turtlebot3_joint_state]: Going to publish joint [wheel_right_joint]
[INFO] [spawn_entity.py-7]: process has finished cleanly [pid 3021297]
[gzserver-1] [INFO] [1777701000.644406692] [tb3_3.turtlebot3_imu]: <initial_orientation_as_reference> is unset, using default value of false to comply with REP 145 (world as orientation reference)
[spawn_entity.py-13] [INFO] [1777701000.759554031] [tb3_3.spawn_entity]: Spawn status: SpawnEntity: Successfully spawned entity [tb3_3]
[gzserver-1] [INFO] [1777701000.870598195] [tb3_3.turtlebot3_diff_drive]: Wheel pair 1 separation set to [0.160000m]
[gzserver-1] [INFO] [1777701000.870659199] [tb3_3.turtlebot3_diff_drive]: Wheel pair 1 diameter set to [0.066000m]
[gzserver-1] [INFO] [1777701000.871610954] [tb3_3.turtlebot3_diff_drive]: Subscribed to [/tb3_3/cmd_vel]
[gzserver-1] [INFO] [1777701000.872564478] [tb3_3.turtlebot3_diff_drive]: Advertise odometry on [/tb3_3/odom]
[gzserver-1] [INFO] [1777701000.874667745] [tb3_3.turtlebot3_diff_drive]: Publishing odom transforms between [tb3_3/odom] and [tb3_3/base_footprint]
[gzserver-1] [INFO] [1777701000.896801793] [tb3_3.turtlebot3_joint_state]: Going to publish joint [wheel_left_joint]
[gzserver-1] [INFO] [1777701000.896857786] [tb3_3.turtlebot3_joint_state]: Going to publish joint [wheel_right_joint]
[INFO] [spawn_entity.py-13]: process has finished cleanly [pid 3021309]
[rviz2-17] [INFO] [1777701010.749156862] [rviz2]: Message Filter dropping message: frame 'tb3_2/base_scan' at time 0.395 for reason 'the timestamp on the message is earlier than all the data in the transform cache'
[rviz2-17] [INFO] [1777701010.956518750] [rviz2]: Message Filter dropping message: frame 'tb3_1/base_scan' at time 0.596 for reason 'the timestamp on the message is earlier than all the data in the transform cache'
[rviz2-17] [INFO] [1777701011.157747221] [rviz2]: Message Filter dropping message: frame 'tb3_3/base_scan' at time 0.795 for reason 'the timestamp on the message is earlier than all the data in the transform cache'
