[INFO] [launch]: All log files can be found below /home/wj/.ros/log/2026-06-09-16-39-27-636011-wj-Default-string-2548995
[INFO] [launch]: Default logging verbosity is set to INFO
[INFO] Loading world for TurtleBot3: /home/wj/work/multi-robot-exploration-rl/install/start_rl_environment_tb3/share/start_rl_environment_tb3/worlds/interaction_hub.world
[INFO] Spawning 4 TurtleBot3 robots on interaction_hub...
[INFO] Using random positions
[INFO] Using fixed positions for 4 robots
[INFO]   Robot 0: Robot 0 - west lower at (-5.10, -0.85)
[INFO]   Robot 1: Robot 1 - west upper at (-5.10, 0.85)
[INFO]   Robot 2: Robot 2 - east upper at (5.10, 0.85)
[INFO]   Robot 3: Robot 3 - east lower at (5.10, -0.85)
[spawn_robots] Created modified SDF for tb3_0 at /tmp/tb3_0__cji6jxs.sdf
[spawn_robots] Created modified SDF for tb3_1 at /tmp/tb3_1_7e9fcino.sdf
[spawn_robots] Created modified SDF for tb3_2 at /tmp/tb3_2_2lof68b6.sdf
[spawn_robots] Created modified SDF for tb3_3 at /tmp/tb3_3_czdxan78.sdf
[INFO] Map Server loading: /home/wj/work/multi-robot-exploration-rl/install/start_rl_environment_tb3/share/start_rl_environment_tb3/maps/interaction_hub.yaml
[INFO] [gzserver-1]: process started with pid [2549155]
[INFO] [gzclient-2]: process started with pid [2549159]
[INFO] [robot_state_publisher-3]: process started with pid [2549161]
[INFO] [spawn_entity.py-4]: process started with pid [2549164]
[INFO] [static_transform_publisher-5]: process started with pid [2549167]
[INFO] [robot_state_publisher-6]: process started with pid [2549170]
[INFO] [spawn_entity.py-7]: process started with pid [2549173]
[INFO] [static_transform_publisher-8]: process started with pid [2549176]
[INFO] [robot_state_publisher-9]: process started with pid [2549178]
[INFO] [spawn_entity.py-10]: process started with pid [2549180]
[INFO] [static_transform_publisher-11]: process started with pid [2549182]
[INFO] [robot_state_publisher-12]: process started with pid [2549184]
[INFO] [spawn_entity.py-13]: process started with pid [2549186]
[INFO] [static_transform_publisher-14]: process started with pid [2549188]
[INFO] [map_server-15]: process started with pid [2549197]
[INFO] [lifecycle_manager-16]: process started with pid [2549200]
[INFO] [rviz2-17]: process started with pid [2549204]
[INFO] [obstacle_mover.py-18]: process started with pid [2549239]
[static_transform_publisher-5] [WARN] [1780994368.564970268] []: Old-style arguments are deprecated; see --help for new-style arguments
[robot_state_publisher-6] [INFO] [1780994368.589756043] [tb3_1.robot_state_publisher]: got segment base_footprint
[robot_state_publisher-6] [INFO] [1780994368.589908896] [tb3_1.robot_state_publisher]: got segment base_link
[robot_state_publisher-6] [INFO] [1780994368.589932091] [tb3_1.robot_state_publisher]: got segment base_scan
[robot_state_publisher-6] [INFO] [1780994368.589945808] [tb3_1.robot_state_publisher]: got segment caster_back_link
[robot_state_publisher-6] [INFO] [1780994368.589957421] [tb3_1.robot_state_publisher]: got segment imu_link
[robot_state_publisher-6] [INFO] [1780994368.589968093] [tb3_1.robot_state_publisher]: got segment wheel_left_link
[robot_state_publisher-6] [INFO] [1780994368.589978712] [tb3_1.robot_state_publisher]: got segment wheel_right_link
[static_transform_publisher-8] [WARN] [1780994368.571654822] []: Old-style arguments are deprecated; see --help for new-style arguments
[static_transform_publisher-11] [WARN] [1780994368.566067563] []: Old-style arguments are deprecated; see --help for new-style arguments
[static_transform_publisher-11] [INFO] [1780994368.607346822] [static_tf_tb3_2]: Spinning until stopped - publishing transform
[static_transform_publisher-11] translation: ('0.000000', '0.000000', '0.000000')
[static_transform_publisher-11] rotation: ('0.000000', '0.000000', '0.000000', '1.000000')
[static_transform_publisher-11] from 'map' to 'tb3_2/odom'
[static_transform_publisher-14] [WARN] [1780994368.613436533] []: Old-style arguments are deprecated; see --help for new-style arguments
[robot_state_publisher-12] [INFO] [1780994368.617871976] [tb3_3.robot_state_publisher]: got segment base_footprint
[robot_state_publisher-12] [INFO] [1780994368.618774206] [tb3_3.robot_state_publisher]: got segment base_link
[robot_state_publisher-12] [INFO] [1780994368.618809846] [tb3_3.robot_state_publisher]: got segment base_scan
[robot_state_publisher-12] [INFO] [1780994368.618834640] [tb3_3.robot_state_publisher]: got segment caster_back_link
[robot_state_publisher-12] [INFO] [1780994368.618848525] [tb3_3.robot_state_publisher]: got segment imu_link
[robot_state_publisher-12] [INFO] [1780994368.618858882] [tb3_3.robot_state_publisher]: got segment wheel_left_link
[robot_state_publisher-12] [INFO] [1780994368.618869542] [tb3_3.robot_state_publisher]: got segment wheel_right_link
[robot_state_publisher-9] [INFO] [1780994368.625234933] [tb3_2.robot_state_publisher]: got segment base_footprint
[robot_state_publisher-9] [INFO] [1780994368.625404498] [tb3_2.robot_state_publisher]: got segment base_link
[robot_state_publisher-9] [INFO] [1780994368.625428536] [tb3_2.robot_state_publisher]: got segment base_scan
[robot_state_publisher-9] [INFO] [1780994368.625441491] [tb3_2.robot_state_publisher]: got segment caster_back_link
[robot_state_publisher-9] [INFO] [1780994368.625452536] [tb3_2.robot_state_publisher]: got segment imu_link
[robot_state_publisher-9] [INFO] [1780994368.625462396] [tb3_2.robot_state_publisher]: got segment wheel_left_link
[robot_state_publisher-9] [INFO] [1780994368.625472349] [tb3_2.robot_state_publisher]: got segment wheel_right_link
[static_transform_publisher-5] [INFO] [1780994368.630300101] [static_tf_tb3_0]: Spinning until stopped - publishing transform
[static_transform_publisher-5] translation: ('0.000000', '0.000000', '0.000000')
[static_transform_publisher-5] rotation: ('0.000000', '0.000000', '0.000000', '1.000000')
[static_transform_publisher-5] from 'map' to 'tb3_0/odom'
[static_transform_publisher-8] [INFO] [1780994368.630588433] [static_tf_tb3_1]: Spinning until stopped - publishing transform
[static_transform_publisher-8] translation: ('0.000000', '0.000000', '0.000000')
[static_transform_publisher-8] rotation: ('0.000000', '0.000000', '0.000000', '1.000000')
[static_transform_publisher-8] from 'map' to 'tb3_1/odom'
[static_transform_publisher-14] [INFO] [1780994368.669489480] [static_tf_tb3_3]: Spinning until stopped - publishing transform
[static_transform_publisher-14] translation: ('0.000000', '0.000000', '0.000000')
[static_transform_publisher-14] rotation: ('0.000000', '0.000000', '0.000000', '1.000000')
[static_transform_publisher-14] from 'map' to 'tb3_3/odom'
[robot_state_publisher-3] [INFO] [1780994368.674570258] [tb3_0.robot_state_publisher]: got segment base_footprint
[robot_state_publisher-3] [INFO] [1780994368.674805721] [tb3_0.robot_state_publisher]: got segment base_link
[robot_state_publisher-3] [INFO] [1780994368.674827444] [tb3_0.robot_state_publisher]: got segment base_scan
[robot_state_publisher-3] [INFO] [1780994368.674842281] [tb3_0.robot_state_publisher]: got segment caster_back_link
[robot_state_publisher-3] [INFO] [1780994368.674854635] [tb3_0.robot_state_publisher]: got segment imu_link
[robot_state_publisher-3] [INFO] [1780994368.674865810] [tb3_0.robot_state_publisher]: got segment wheel_left_link
[robot_state_publisher-3] [INFO] [1780994368.674876717] [tb3_0.robot_state_publisher]: got segment wheel_right_link
[map_server-15] [INFO] [1780994368.675291055] [map_server]: 
[map_server-15] 	map_server lifecycle node launched. 
[map_server-15] 	Waiting on external lifecycle transitions to activate
[map_server-15] 	See https://design.ros2.org/articles/node_lifecycle.html for more information.
[map_server-15] [INFO] [1780994368.675796523] [map_server]: Creating
[lifecycle_manager-16] [INFO] [1780994368.698291513] [lifecycle_manager_map]: Creating
[lifecycle_manager-16] [INFO] [1780994368.709047678] [lifecycle_manager_map]: [34m[1mCreating and initializing lifecycle service clients[0m[0m
[lifecycle_manager-16] [INFO] [1780994368.724288798] [lifecycle_manager_map]: [34m[1mStarting managed nodes bringup...[0m[0m
[lifecycle_manager-16] [INFO] [1780994368.724368981] [lifecycle_manager_map]: [34m[1mConfiguring map_server[0m[0m
[map_server-15] [INFO] [1780994368.724927950] [map_server]: Configuring
[map_server-15] [INFO] [1780994368.725021098] [map_io]: Loading yaml file: /home/wj/work/multi-robot-exploration-rl/install/start_rl_environment_tb3/share/start_rl_environment_tb3/maps/interaction_hub.yaml
[map_server-15] [INFO] [1780994368.725403947] [map_io]: resolution: 0.05
[map_server-15] [INFO] [1780994368.725421610] [map_io]: origin[0]: -6
[map_server-15] [INFO] [1780994368.725430062] [map_io]: origin[1]: -6
[map_server-15] [INFO] [1780994368.725437678] [map_io]: origin[2]: 0
[map_server-15] [INFO] [1780994368.725445737] [map_io]: free_thresh: 0.196
[map_server-15] [INFO] [1780994368.725453532] [map_io]: occupied_thresh: 0.65
[map_server-15] [INFO] [1780994368.725461871] [map_io]: mode: trinary
[map_server-15] [INFO] [1780994368.725471862] [map_io]: negate: 0
[map_server-15] [INFO] [1780994368.725728514] [map_io]: Loading image_file: /home/wj/work/multi-robot-exploration-rl/install/start_rl_environment_tb3/share/start_rl_environment_tb3/maps/interaction_hub.pgm
[map_server-15] [INFO] [1780994368.757743136] [map_io]: Read map /home/wj/work/multi-robot-exploration-rl/install/start_rl_environment_tb3/share/start_rl_environment_tb3/maps/interaction_hub.pgm: 240 X 240 map @ 0.05 m/cell
[lifecycle_manager-16] [INFO] [1780994368.768575456] [lifecycle_manager_map]: [34m[1mActivating map_server[0m[0m
[map_server-15] [INFO] [1780994368.768809138] [map_server]: Activating
[map_server-15] [INFO] [1780994368.769260583] [map_server]: Creating bond (map_server) to lifecycle manager.
[lifecycle_manager-16] [INFO] [1780994368.879760654] [lifecycle_manager_map]: Server map_server connected with bond.
[lifecycle_manager-16] [INFO] [1780994368.879845672] [lifecycle_manager_map]: [34m[1mManaged nodes are active[0m[0m
[lifecycle_manager-16] [INFO] [1780994368.879865225] [lifecycle_manager_map]: [34m[1mCreating bond timer...[0m[0m
[spawn_entity.py-4] [INFO] [1780994369.296682787] [tb3_0.spawn_entity]: Spawn Entity started
[spawn_entity.py-4] [INFO] [1780994369.297485367] [tb3_0.spawn_entity]: Loading entity XML from file /tmp/tb3_0__cji6jxs.sdf
[spawn_entity.py-4] [INFO] [1780994369.299277784] [tb3_0.spawn_entity]: Waiting for service /spawn_entity, timeout = 30
[spawn_entity.py-4] [INFO] [1780994369.299974312] [tb3_0.spawn_entity]: Waiting for service /spawn_entity
[spawn_entity.py-10] [INFO] [1780994369.309293070] [tb3_2.spawn_entity]: Spawn Entity started
[spawn_entity.py-10] [INFO] [1780994369.309857558] [tb3_2.spawn_entity]: Loading entity XML from file /tmp/tb3_2_2lof68b6.sdf
[spawn_entity.py-10] [INFO] [1780994369.310984586] [tb3_2.spawn_entity]: Waiting for service /spawn_entity, timeout = 30
[spawn_entity.py-10] [INFO] [1780994369.311485021] [tb3_2.spawn_entity]: Waiting for service /spawn_entity
[spawn_entity.py-13] [INFO] [1780994369.366340495] [tb3_3.spawn_entity]: Spawn Entity started
[spawn_entity.py-13] [INFO] [1780994369.367123051] [tb3_3.spawn_entity]: Loading entity XML from file /tmp/tb3_3_czdxan78.sdf
[spawn_entity.py-13] [INFO] [1780994369.368546748] [tb3_3.spawn_entity]: Waiting for service /spawn_entity, timeout = 30
[spawn_entity.py-13] [INFO] [1780994369.369233109] [tb3_3.spawn_entity]: Waiting for service /spawn_entity
[spawn_entity.py-7] [INFO] [1780994369.374953181] [tb3_1.spawn_entity]: Spawn Entity started
[spawn_entity.py-7] [INFO] [1780994369.375685871] [tb3_1.spawn_entity]: Loading entity XML from file /tmp/tb3_1_7e9fcino.sdf
[spawn_entity.py-7] [INFO] [1780994369.376866274] [tb3_1.spawn_entity]: Waiting for service /spawn_entity, timeout = 30
[spawn_entity.py-7] [INFO] [1780994369.377510659] [tb3_1.spawn_entity]: Waiting for service /spawn_entity
[rviz2-17] [INFO] [1780994369.601462327] [rviz2]: Stereo is NOT SUPPORTED
[rviz2-17] [INFO] [1780994369.601631721] [rviz2]: OpenGl version: 4.6 (GLSL 4.6)
[rviz2-17] [INFO] [1780994369.713029865] [rviz2]: Stereo is NOT SUPPORTED
[gzserver-1] [WARN] [1780994370.796995193] [rcl]: Found remap rule 'model_states:=model_states_demo'. This syntax is deprecated. Use '--ros-args --remap model_states:=model_states_demo' instead.
[spawn_entity.py-4] [INFO] [1780994370.808278738] [tb3_0.spawn_entity]: Calling service /spawn_entity
[spawn_entity.py-10] [INFO] [1780994370.819704559] [tb3_2.spawn_entity]: Calling service /spawn_entity
[gzserver-1] [INFO] [1780994370.822938814] [gazebo_ros_state]: Publishing states of gazebo models at [/model_states_demo]
[gzserver-1] [INFO] [1780994370.824771838] [gazebo_ros_state]: Publishing states of gazebo links at [/link_states]
[spawn_entity.py-13] [INFO] [1780994370.878432289] [tb3_3.spawn_entity]: Calling service /spawn_entity
[spawn_entity.py-7] [INFO] [1780994370.886685417] [tb3_1.spawn_entity]: Calling service /spawn_entity
[obstacle_mover.py-18] [INFO] [1780994371.062452141] [obstacle_mover]: [obstacle_mover] map=6  0 个障碍物  速度=0.000 m/s (scale×0.0)  30 Hz  随机游走模式
[obstacle_mover.py-18] [INFO] [1780994371.065502279] [obstacle_mover]: [obstacle_mover] ✅ dyn_obs_0~dyn_obs_7 已下沉至 z=-10.0
[gzserver-1] [INFO] [1780994371.173441448] [tb3_0.turtlebot3_imu]: <initial_orientation_as_reference> is unset, using default value of false to comply with REP 145 (world as orientation reference)
[spawn_entity.py-4] [INFO] [1780994371.430130690] [tb3_0.spawn_entity]: Spawn status: SpawnEntity: Successfully spawned entity [tb3_0]
[gzserver-1] [INFO] [1780994371.486797545] [tb3_0.turtlebot3_diff_drive]: Wheel pair 1 separation set to [0.160000m]
[gzserver-1] [INFO] [1780994371.486890267] [tb3_0.turtlebot3_diff_drive]: Wheel pair 1 diameter set to [0.066000m]
[gzserver-1] [INFO] [1780994371.490043572] [tb3_0.turtlebot3_diff_drive]: Subscribed to [/tb3_0/cmd_vel]
[gzserver-1] [INFO] [1780994371.495826967] [tb3_0.turtlebot3_diff_drive]: Advertise odometry on [/tb3_0/odom]
[gzserver-1] [INFO] [1780994371.501623424] [tb3_0.turtlebot3_diff_drive]: Publishing odom transforms between [tb3_0/odom] and [tb3_0/base_footprint]
[gzserver-1] [INFO] [1780994371.534356629] [tb3_0.turtlebot3_joint_state]: Going to publish joint [wheel_left_joint]
[gzserver-1] [INFO] [1780994371.534458843] [tb3_0.turtlebot3_joint_state]: Going to publish joint [wheel_right_joint]
[INFO] [spawn_entity.py-4]: process has finished cleanly [pid 2549164]
[gzserver-1] [INFO] [1780994371.839262597] [tb3_2.turtlebot3_imu]: <initial_orientation_as_reference> is unset, using default value of false to comply with REP 145 (world as orientation reference)
[spawn_entity.py-10] [INFO] [1780994371.957763349] [tb3_2.spawn_entity]: Spawn status: SpawnEntity: Successfully spawned entity [tb3_2]
[gzserver-1] [INFO] [1780994372.072135587] [tb3_2.turtlebot3_diff_drive]: Wheel pair 1 separation set to [0.160000m]
[gzserver-1] [INFO] [1780994372.072254721] [tb3_2.turtlebot3_diff_drive]: Wheel pair 1 diameter set to [0.066000m]
[gzserver-1] [INFO] [1780994372.073579511] [tb3_2.turtlebot3_diff_drive]: Subscribed to [/tb3_2/cmd_vel]
[gzserver-1] [INFO] [1780994372.075072569] [tb3_2.turtlebot3_diff_drive]: Advertise odometry on [/tb3_2/odom]
[gzserver-1] [INFO] [1780994372.077816568] [tb3_2.turtlebot3_diff_drive]: Publishing odom transforms between [tb3_2/odom] and [tb3_2/base_footprint]
[gzserver-1] [INFO] [1780994372.093906392] [tb3_2.turtlebot3_joint_state]: Going to publish joint [wheel_left_joint]
[gzserver-1] [INFO] [1780994372.093982096] [tb3_2.turtlebot3_joint_state]: Going to publish joint [wheel_right_joint]
[INFO] [spawn_entity.py-10]: process has finished cleanly [pid 2549180]
[gzserver-1] [INFO] [1780994372.395711610] [tb3_3.turtlebot3_imu]: <initial_orientation_as_reference> is unset, using default value of false to comply with REP 145 (world as orientation reference)
[spawn_entity.py-13] [INFO] [1780994372.524848433] [tb3_3.spawn_entity]: Spawn status: SpawnEntity: Successfully spawned entity [tb3_3]
[gzserver-1] [INFO] [1780994372.638313420] [tb3_3.turtlebot3_diff_drive]: Wheel pair 1 separation set to [0.160000m]
[gzserver-1] [INFO] [1780994372.638385910] [tb3_3.turtlebot3_diff_drive]: Wheel pair 1 diameter set to [0.066000m]
[gzserver-1] [INFO] [1780994372.639470272] [tb3_3.turtlebot3_diff_drive]: Subscribed to [/tb3_3/cmd_vel]
[gzserver-1] [INFO] [1780994372.640635215] [tb3_3.turtlebot3_diff_drive]: Advertise odometry on [/tb3_3/odom]
[gzserver-1] [INFO] [1780994372.643340385] [tb3_3.turtlebot3_diff_drive]: Publishing odom transforms between [tb3_3/odom] and [tb3_3/base_footprint]
[gzserver-1] [INFO] [1780994372.659499550] [tb3_3.turtlebot3_joint_state]: Going to publish joint [wheel_left_joint]
[gzserver-1] [INFO] [1780994372.659550400] [tb3_3.turtlebot3_joint_state]: Going to publish joint [wheel_right_joint]
[INFO] [spawn_entity.py-13]: process has finished cleanly [pid 2549186]
[gzserver-1] [INFO] [1780994372.989447836] [tb3_1.turtlebot3_imu]: <initial_orientation_as_reference> is unset, using default value of false to comply with REP 145 (world as orientation reference)
[spawn_entity.py-7] [INFO] [1780994373.116113622] [tb3_1.spawn_entity]: Spawn status: SpawnEntity: Successfully spawned entity [tb3_1]
[gzserver-1] [INFO] [1780994373.233201055] [tb3_1.turtlebot3_diff_drive]: Wheel pair 1 separation set to [0.160000m]
[gzserver-1] [INFO] [1780994373.233273643] [tb3_1.turtlebot3_diff_drive]: Wheel pair 1 diameter set to [0.066000m]
[gzserver-1] [INFO] [1780994373.234468161] [tb3_1.turtlebot3_diff_drive]: Subscribed to [/tb3_1/cmd_vel]
[gzserver-1] [INFO] [1780994373.235654552] [tb3_1.turtlebot3_diff_drive]: Advertise odometry on [/tb3_1/odom]
[gzserver-1] [INFO] [1780994373.238106971] [tb3_1.turtlebot3_diff_drive]: Publishing odom transforms between [tb3_1/odom] and [tb3_1/base_footprint]
[gzserver-1] [INFO] [1780994373.259212977] [tb3_1.turtlebot3_joint_state]: Going to publish joint [wheel_left_joint]
[gzserver-1] [INFO] [1780994373.259301282] [tb3_1.turtlebot3_joint_state]: Going to publish joint [wheel_right_joint]
[INFO] [spawn_entity.py-7]: process has finished cleanly [pid 2549173]
[rviz2-17] [INFO] [1780994382.966122803] [rviz2]: Message Filter dropping message: frame 'tb3_2/base_scan' at time 0.395 for reason 'the timestamp on the message is earlier than all the data in the transform cache'
[rviz2-17] [INFO] [1780994383.167162253] [rviz2]: Message Filter dropping message: frame 'tb3_3/base_scan' at time 0.595 for reason 'the timestamp on the message is earlier than all the data in the transform cache'
[rviz2-17] [INFO] [1780994383.367729203] [rviz2]: Message Filter dropping message: frame 'tb3_1/base_scan' at time 0.795 for reason 'the timestamp on the message is earlier than all the data in the transform cache'
[gzclient-2] 
[gzclient-2] libcurl: (35) error:0A000126:SSL routines::unexpected eof while reading
