2026-06-10 11:02:13,172	INFO worker.py:2013 -- Started a local Ray instance.
/home/wj/anaconda3/envs/ros2/lib/python3.10/site-packages/ray/rllib/algorithms/algorithm.py:527: RayDeprecationWarning: This API is deprecated and may be removed in future Ray releases. You could suppress this warning by setting env variable PYTHONWARNINGS="ignore::DeprecationWarning"
`UnifiedLogger` will be removed in Ray 2.7.
  return UnifiedLogger(config, logdir, loggers=None)
/home/wj/anaconda3/envs/ros2/lib/python3.10/site-packages/ray/tune/logger/unified.py:53: RayDeprecationWarning: This API is deprecated and may be removed in future Ray releases. You could suppress this warning by setting env variable PYTHONWARNINGS="ignore::DeprecationWarning"
The `JsonLogger interface is deprecated in favor of the `ray.tune.json.JsonLoggerCallback` interface and will be removed in Ray 2.7.
  self._loggers.append(cls(self.config, self.logdir, self.trial))
/home/wj/anaconda3/envs/ros2/lib/python3.10/site-packages/ray/tune/logger/unified.py:53: RayDeprecationWarning: This API is deprecated and may be removed in future Ray releases. You could suppress this warning by setting env variable PYTHONWARNINGS="ignore::DeprecationWarning"
The `CSVLogger interface is deprecated in favor of the `ray.tune.csv.CSVLoggerCallback` interface and will be removed in Ray 2.7.
  self._loggers.append(cls(self.config, self.logdir, self.trial))
/home/wj/anaconda3/envs/ros2/lib/python3.10/site-packages/ray/tune/logger/unified.py:53: RayDeprecationWarning: This API is deprecated and may be removed in future Ray releases. You could suppress this warning by setting env variable PYTHONWARNINGS="ignore::DeprecationWarning"
The `TBXLogger interface is deprecated in favor of the `ray.tune.tensorboardx.TBXLoggerCallback` interface and will be removed in Ray 2.7.
  self._loggers.append(cls(self.config, self.logdir, self.trial))
[2026-06-10 11:02:13,934 E 1168158 1168158] core_worker.cc:2232: Actor with class name: 'RolloutWorker' and ID: 'e6810d93106529492860657b01000000' has constructor arguments in the object store and max_restarts > 0. If the arguments in the object store go out of scope or are lost, the actor restart will fail. See https://github.com/ray-project/ray/issues/53727 for more details.
[36m(RolloutWorker pid=1169527)[0m [INFO] [1781060538.677902025] [gym_env_robot_0_86337]: ✅ 路径可视化器已启动，路径话题: /waypoint_markers, tracking话题: /rolling_subgoal_markers
[36m(RolloutWorker pid=1169527)[0m [INFO] [1781060538.723484720] [gym_env_robot_1_19318]: ✅ 路径可视化器已启动，路径话题: /waypoint_markers, tracking话题: /rolling_subgoal_markers
[36m(RolloutWorker pid=1169527)[0m [INFO] [1781060538.750434509] [gym_env_robot_2_83146]: ✅ 路径可视化器已启动，路径话题: /waypoint_markers, tracking话题: /rolling_subgoal_markers
[36m(RolloutWorker pid=1169527)[0m [INFO] [1781060538.775171112] [gym_env_robot_3_4913]: ✅ 路径可视化器已启动，路径话题: /waypoint_markers, tracking话题: /rolling_subgoal_markers
[INFO] [1781060540.860878851] [gym_env_robot_0_11896]: ✅ 路径可视化器已启动，路径话题: /waypoint_markers, tracking话题: /rolling_subgoal_markers
[INFO] [1781060540.899196111] [gym_env_robot_1_289]: ✅ 路径可视化器已启动，路径话题: /waypoint_markers, tracking话题: /rolling_subgoal_markers
[INFO] [1781060540.931860125] [gym_env_robot_2_95245]: ✅ 路径可视化器已启动，路径话题: /waypoint_markers, tracking话题: /rolling_subgoal_markers
[INFO] [1781060540.964993603] [gym_env_robot_3_35276]: ✅ 路径可视化器已启动，路径话题: /waypoint_markers, tracking话题: /rolling_subgoal_markers
2026-06-10 11:02:23,380	WARNING util.py:62 -- Install gputil for GPU system monitoring.
ℹ️ Method3 + map6(interaction_hub) 自动启用交互专项默认值: num_obstacles=0, obs_speed_scale=0.0
================================================================================
🚀 GNN-MAPPO 课程学习训练  [最近邻感知图]
================================================================================
  环境阶段:     1 · Stage 1 · 静态入门
  机器人数量:   4
  通信范围:     3.5 m
  感知邻域:     3.5 m
  并行Workers:  1
  采样设置:     timeout=1200s fragment=1000 mode=truncate_episodes
  训练步数:     1,000,000
  动作模式:     interaction_mode
  PPO配置:      interaction_mode  (clip=0.2, ent=0.008, mb=1024, epochs=8)
  GAT Actor:    neighbor  bias=2.50
  GAT Critic:   mlp
  需要环境:     ros2 launch start_rl_environment_tb3 main.launch.py map_number:=6 robot_number:=4 num_obstacles:=0 obs_speed_scale:=0.0
  通信设置:     perfect_comm  (dropout=0%, latency=0, jitter=0, noise=0.00)
  冲突路线:     mode=mixed prob=0.75
================================================================================

📚 阶段1：保持完美通信，直接学习通信版 social-risk 图...

[36m(RolloutWorker pid=1169527)[0m 🤖 环境初始化: Namespace='/tb3_0', ModelName='tb3_0'
[36m(RolloutWorker pid=1169527)[0m ✅ Map 6: 预计算安全 spawn 点 11100 个 (clearance=0.40m)
[36m(RolloutWorker pid=1169527)[0m ✅ Robot 0: A*规划器初始化完成
[36m(RolloutWorker pid=1169527)[0m 🤖 环境初始化: Namespace='/tb3_1', ModelName='tb3_1'
[36m(RolloutWorker pid=1169527)[0m ✅ Map 6: 预计算安全 spawn 点 11100 个 (clearance=0.40m)
[36m(RolloutWorker pid=1169527)[0m ✅ Robot 1: A*规划器初始化完成
[36m(RolloutWorker pid=1169527)[0m 🤖 环境初始化: Namespace='/tb3_2', ModelName='tb3_2'
[36m(RolloutWorker pid=1169527)[0m ✅ Map 6: 预计算安全 spawn 点 11100 个 (clearance=0.40m)
[36m(RolloutWorker pid=1169527)[0m ✅ Robot 2: A*规划器初始化完成
[36m(RolloutWorker pid=1169527)[0m 🤖 环境初始化: Namespace='/tb3_3', ModelName='tb3_3'
[36m(RolloutWorker pid=1169527)[0m ✅ Map 6: 预计算安全 spawn 点 11100 个 (clearance=0.40m)
[36m(RolloutWorker pid=1169527)[0m ✅ Robot 3: A*规划器初始化完成
🤖 环境初始化: Namespace='/tb3_0', ModelName='tb3_0'
✅ Map 6: 预计算安全 spawn 点 11100 个 (clearance=0.40m)
✅ Robot 0: A*规划器初始化完成
🤖 环境初始化: Namespace='/tb3_1', ModelName='tb3_1'
✅ Map 6: 预计算安全 spawn 点 11100 个 (clearance=0.40m)
✅ Robot 1: A*规划器初始化完成
🤖 环境初始化: Namespace='/tb3_2', ModelName='tb3_2'
✅ Map 6: 预计算安全 spawn 点 11100 个 (clearance=0.40m)
✅ Robot 2: A*规划器初始化完成
🤖 环境初始化: Namespace='/tb3_3', ModelName='tb3_3'
✅ Map 6: 预计算安全 spawn 点 11100 个 (clearance=0.40m)
✅ Robot 3: A*规划器初始化完成
[36m(RolloutWorker pid=1169527)[0m ⚠️ Robot 2: 强制路线非法，回退随机安全采样 start=(-4.20,-1.40) goal=(4.20,-1.40)
[36m(RolloutWorker pid=1169527)[0m ⚠️ Robot 3: 强制路线非法，回退随机安全采样 start=(-3.80,2.40) goal=(3.80,-2.40)
[36m(RolloutWorker pid=1169527)[0m [graph] step=   0  comm_range=3.5m
[36m(RolloutWorker pid=1169527)[0m   robot_0 pos=( 0.000, 4.800) status=active
[36m(RolloutWorker pid=1169527)[0m     adj=[1  0  0  0]  dist=[ 0.00   6.65   4.75   7.78]  neighbors=[]
[36m(RolloutWorker pid=1169527)[0m   robot_1 pos=( 4.600, 0.000) status=active
[36m(RolloutWorker pid=1169527)[0m     adj=[0  1  0  0]  dist=[ 6.65   0.00   4.80   4.89]  neighbors=[]
[36m(RolloutWorker pid=1169527)[0m   robot_2 pos=(-0.200, 0.050) status=active
[36m(RolloutWorker pid=1169527)[0m     adj=[0  0  1  1]  dist=[ 4.75   4.80   0.00   3.13]  neighbors=[3]
[36m(RolloutWorker pid=1169527)[0m   robot_3 pos=( 0.700,-2.950) status=active
[36m(RolloutWorker pid=1169527)[0m     adj=[0  0  1  1]  dist=[ 7.78   4.89   3.13   0.00]  neighbors=[2]
[36m(RolloutWorker pid=1169527)[0m [perception] step=   0  agent_0  my_pos=(0.000,4.800)  received=0
[36m(RolloutWorker pid=1169527)[0m     (无有效近邻: 超出局部感知半径，回退 ego-guidance)
[36m(RolloutWorker pid=1169527)[0m [perception] step=   0  agent_1  my_pos=(4.600,0.000)  received=0
[36m(RolloutWorker pid=1169527)[0m     (无有效近邻: 超出局部感知半径，回退 ego-guidance)
[36m(RolloutWorker pid=1169527)[0m [perception] step=   0  agent_2  my_pos=(-0.200,0.050)  received=1
[36m(RolloutWorker pid=1169527)[0m     slot[0] neighbor=agent_3 dist=3.132m  n_pos=(0.700,-2.950)  rel_pos=(0.900,-3.000)
[36m(RolloutWorker pid=1169527)[0m [perception] step=   0  agent_3  my_pos=(0.700,-2.950)  received=1
[36m(RolloutWorker pid=1169527)[0m     slot[0] neighbor=agent_2 dist=3.132m  n_pos=(-0.200,0.050)  rel_pos=(-0.900,3.000)
[36m(RolloutWorker pid=1169527)[0m [graph] step=   1  comm_range=3.5m
[36m(RolloutWorker pid=1169527)[0m   robot_0 pos=( 0.000, 4.800) status=active
[36m(RolloutWorker pid=1169527)[0m     adj=[1  0  0  0]  dist=[ 0.00   6.65   4.75   7.78]  neighbors=[]
[36m(RolloutWorker pid=1169527)[0m   robot_1 pos=( 4.600,-0.000) status=active
[36m(RolloutWorker pid=1169527)[0m     adj=[0  1  0  0]  dist=[ 6.65   0.00   4.80   4.89]  neighbors=[]
[36m(RolloutWorker pid=1169527)[0m   robot_2 pos=(-0.200, 0.050) status=active
[36m(RolloutWorker pid=1169527)[0m     adj=[0  0  1  1]  dist=[ 4.75   4.80   0.00   3.13]  neighbors=[3]
[36m(RolloutWorker pid=1169527)[0m   robot_3 pos=( 0.700,-2.950) status=active
[36m(RolloutWorker pid=1169527)[0m     adj=[0  0  1  1]  dist=[ 7.78   4.89   3.13   0.00]  neighbors=[2]
[36m(RolloutWorker pid=1169527)[0m [perception] step=   1  agent_0  my_pos=(0.000,4.800)  received=0
[36m(RolloutWorker pid=1169527)[0m     (无有效近邻: 超出局部感知半径，回退 ego-guidance)
[36m(RolloutWorker pid=1169527)[0m [perception] step=   1  agent_1  my_pos=(4.600,-0.000)  received=0
[36m(RolloutWorker pid=1169527)[0m     (无有效近邻: 超出局部感知半径，回退 ego-guidance)
[36m(RolloutWorker pid=1169527)[0m [perception] step=   1  agent_2  my_pos=(-0.200,0.050)  received=1
[36m(RolloutWorker pid=1169527)[0m     slot[0] neighbor=agent_3 dist=3.132m  n_pos=(0.700,-2.950)  rel_pos=(0.900,-3.000)
[36m(RolloutWorker pid=1169527)[0m [perception] step=   1  agent_3  my_pos=(0.700,-2.950)  received=1
[36m(RolloutWorker pid=1169527)[0m     slot[0] neighbor=agent_2 dist=3.132m  n_pos=(-0.200,0.050)  rel_pos=(-0.900,3.000)
[36m(RolloutWorker pid=1169527)[0m [graph] step=   2  comm_range=3.5m
[36m(RolloutWorker pid=1169527)[0m   robot_0 pos=( 0.000, 4.800) status=active
[36m(RolloutWorker pid=1169527)[0m     adj=[1  0  0  0]  dist=[ 0.00   6.65   4.75   7.78]  neighbors=[]
[36m(RolloutWorker pid=1169527)[0m   robot_1 pos=( 4.600,-0.000) status=active
[36m(RolloutWorker pid=1169527)[0m     adj=[0  1  0  0]  dist=[ 6.65   0.00   4.80   4.89]  neighbors=[]
[36m(RolloutWorker pid=1169527)[0m   robot_2 pos=(-0.200, 0.050) status=active
[36m(RolloutWorker pid=1169527)[0m     adj=[0  0  1  1]  dist=[ 4.75   4.80   0.00   3.13]  neighbors=[3]
[36m(RolloutWorker pid=1169527)[0m   robot_3 pos=( 0.700,-2.950) status=active
[36m(RolloutWorker pid=1169527)[0m     adj=[0  0  1  1]  dist=[ 7.78   4.89   3.13   0.00]  neighbors=[2]
[36m(RolloutWorker pid=1169527)[0m [perception] step=   2  agent_0  my_pos=(0.000,4.800)  received=0
[36m(RolloutWorker pid=1169527)[0m     (无有效近邻: 超出局部感知半径，回退 ego-guidance)
[36m(RolloutWorker pid=1169527)[0m [perception] step=   2  agent_1  my_pos=(4.600,-0.000)  received=0
[36m(RolloutWorker pid=1169527)[0m     (无有效近邻: 超出局部感知半径，回退 ego-guidance)
[36m(RolloutWorker pid=1169527)[0m [perception] step=   2  agent_2  my_pos=(-0.200,0.050)  received=1
[36m(RolloutWorker pid=1169527)[0m     slot[0] neighbor=agent_3 dist=3.132m  n_pos=(0.700,-2.950)  rel_pos=(0.900,-3.000)
[36m(RolloutWorker pid=1169527)[0m [perception] step=   2  agent_3  my_pos=(0.700,-2.950)  received=1
[36m(RolloutWorker pid=1169527)[0m     slot[0] neighbor=agent_2 dist=3.132m  n_pos=(-0.200,0.050)  rel_pos=(-0.900,3.000)
[36m(RolloutWorker pid=1169527)[0m [graph] step=   3  comm_range=3.5m
[36m(RolloutWorker pid=1169527)[0m   robot_0 pos=(-0.002, 4.799) status=active
[36m(RolloutWorker pid=1169527)[0m     adj=[1  0  0  0]  dist=[ 0.00   6.65   4.75   7.78]  neighbors=[]
[36m(RolloutWorker pid=1169527)[0m   robot_1 pos=( 4.602, 0.001) status=active
[36m(RolloutWorker pid=1169527)[0m     adj=[0  1  0  0]  dist=[ 6.65   0.00   4.80   4.89]  neighbors=[]
[36m(RolloutWorker pid=1169527)[0m   robot_2 pos=(-0.199, 0.052) status=active
[36m(RolloutWorker pid=1169527)[0m     adj=[0  0  1  1]  dist=[ 4.75   4.80   0.00   3.13]  neighbors=[3]
[36m(RolloutWorker pid=1169527)[0m   robot_3 pos=( 0.702,-2.949) status=active
[36m(RolloutWorker pid=1169527)[0m     adj=[0  0  1  1]  dist=[ 7.78   4.89   3.13   0.00]  neighbors=[2]
[36m(RolloutWorker pid=1169527)[0m [perception] step=   3  agent_0  my_pos=(-0.002,4.799)  received=0
[36m(RolloutWorker pid=1169527)[0m     (无有效近邻: 超出局部感知半径，回退 ego-guidance)
[36m(RolloutWorker pid=1169527)[0m [perception] step=   3  agent_1  my_pos=(4.602,0.001)  received=0
[36m(RolloutWorker pid=1169527)[0m     (无有效近邻: 超出局部感知半径，回退 ego-guidance)
[36m(RolloutWorker pid=1169527)[0m [perception] step=   3  agent_2  my_pos=(-0.199,0.052)  received=1
[36m(RolloutWorker pid=1169527)[0m     slot[0] neighbor=agent_3 dist=3.134m  n_pos=(0.702,-2.949)  rel_pos=(0.901,-3.002)
[36m(RolloutWorker pid=1169527)[0m [perception] step=   3  agent_3  my_pos=(0.702,-2.949)  received=1
[36m(RolloutWorker pid=1169527)[0m     slot[0] neighbor=agent_2 dist=3.134m  n_pos=(-0.199,0.052)  rel_pos=(-0.901,3.002)
[36m(RolloutWorker pid=1169527)[0m ⚠️ Robot 1: 强制路线非法，回退随机安全采样 start=(-4.20,-1.40) goal=(4.20,-1.40)
[36m(RolloutWorker pid=1169527)[0m ⚠️ Robot 3: 强制路线非法，回退随机安全采样 start=(3.80,2.40) goal=(-3.80,-2.40)
[36m(RolloutWorker pid=1169527)[0m ⚠️ Robot 3: 强制路线非法，回退随机安全采样 start=(3.80,2.40) goal=(-3.80,-2.40)
[36m(RolloutWorker pid=1169527)[0m ⚠️ Robot 0: 强制路线非法，回退随机安全采样 start=(4.80,0.80) goal=(-4.80,-0.80)
[36m(RolloutWorker pid=1169527)[0m ⚠️ Robot 2: 强制路线非法，回退随机安全采样 start=(4.20,-1.40) goal=(-4.20,-1.40)
[36m(RolloutWorker pid=1169527)[0m ⚠️ Robot 1: 强制路线非法，回退随机安全采样 start=(4.20,1.40) goal=(-4.20,1.40)
[36m(RolloutWorker pid=1169527)[0m ⚠️ Robot 2: 强制路线非法，回退随机安全采样 start=(3.80,2.40) goal=(-3.80,-2.40)
[36m(RolloutWorker pid=1169527)[0m ⚠️ Robot 3: 强制路线非法，回退随机安全采样 start=(-4.20,-1.40) goal=(4.20,-1.40)
[36m(RolloutWorker pid=1169527)[0m 
[36m(RolloutWorker pid=1169527)[0m ============================================================
[36m(RolloutWorker pid=1169527)[0m 🏁 Episode 结束 (timeout)
[36m(RolloutWorker pid=1169527)[0m    步数: 2000/2000
[36m(RolloutWorker pid=1169527)[0m    完成: 0/4
[36m(RolloutWorker pid=1169527)[0m    活跃: 4  失败: 0
[36m(RolloutWorker pid=1169527)[0m ============================================================
[36m(RolloutWorker pid=1169527)[0m 
[36m(RolloutWorker pid=1169527)[0m ⚠️ Robot 0: 强制路线非法，回退随机安全采样 start=(-4.80,0.80) goal=(-0.80,-2.60)
[36m(RolloutWorker pid=1169527)[0m ⚠️ Robot 1: 强制路线非法，回退随机安全采样 start=(2.60,-3.80) goal=(-2.60,3.80)
[36m(RolloutWorker pid=1169527)[0m ⚠️ Robot 3: 强制路线非法，回退随机安全采样 start=(-2.60,-3.80) goal=(2.60,3.80)
[36m(RolloutWorker pid=1169527)[0m [graph] step=   0  comm_range=3.5m
[36m(RolloutWorker pid=1169527)[0m   robot_0 pos=(-0.550, 4.200) status=active
[36m(RolloutWorker pid=1169527)[0m     adj=[1  0  0  0]  dist=[ 0.00   4.61   6.34   8.43]  neighbors=[]
[36m(RolloutWorker pid=1169527)[0m   robot_1 pos=(-1.300,-0.350) status=active
[36m(RolloutWorker pid=1169527)[0m     adj=[0  1  0  0]  dist=[ 4.61   0.00   6.21   4.35]  neighbors=[]
[36m(RolloutWorker pid=1169527)[0m   robot_2 pos=( 4.800, 0.800) status=active
[36m(RolloutWorker pid=1169527)[0m     adj=[0  0  1  0]  dist=[ 6.34   6.21   0.00   6.26]  neighbors=[]
[36m(RolloutWorker pid=1169527)[0m   robot_3 pos=( 0.900,-4.100) status=active
[36m(RolloutWorker pid=1169527)[0m     adj=[0  0  0  1]  dist=[ 8.43   4.35   6.26   0.00]  neighbors=[]
[36m(RolloutWorker pid=1169527)[0m [perception] step=   0  agent_0  my_pos=(-0.550,4.200)  received=0
[36m(RolloutWorker pid=1169527)[0m     (无有效近邻: 超出局部感知半径，回退 ego-guidance)
[36m(RolloutWorker pid=1169527)[0m [perception] step=   0  agent_1  my_pos=(-1.300,-0.350)  received=0
[36m(RolloutWorker pid=1169527)[0m     (无有效近邻: 超出局部感知半径，回退 ego-guidance)
[36m(RolloutWorker pid=1169527)[0m [perception] step=   0  agent_2  my_pos=(4.800,0.800)  received=0
[36m(RolloutWorker pid=1169527)[0m     (无有效近邻: 超出局部感知半径，回退 ego-guidance)
[36m(RolloutWorker pid=1169527)[0m [perception] step=   0  agent_3  my_pos=(0.900,-4.100)  received=0
[36m(RolloutWorker pid=1169527)[0m     (无有效近邻: 超出局部感知半径，回退 ego-guidance)
[36m(RolloutWorker pid=1169527)[0m [graph] step=   1  comm_range=3.5m
[36m(RolloutWorker pid=1169527)[0m   robot_0 pos=(-0.550, 4.200) status=active
[36m(RolloutWorker pid=1169527)[0m     adj=[1  0  0  0]  dist=[ 0.00   4.61   6.34   8.43]  neighbors=[]
[36m(RolloutWorker pid=1169527)[0m   robot_1 pos=(-1.300,-0.350) status=active
[36m(RolloutWorker pid=1169527)[0m     adj=[0  1  0  0]  dist=[ 4.61   0.00   6.21   4.35]  neighbors=[]
[36m(RolloutWorker pid=1169527)[0m   robot_2 pos=( 4.800, 0.800) status=active
[36m(RolloutWorker pid=1169527)[0m     adj=[0  0  1  0]  dist=[ 6.34   6.21   0.00   6.26]  neighbors=[]
[36m(RolloutWorker pid=1169527)[0m   robot_3 pos=( 0.900,-4.100) status=active
[36m(RolloutWorker pid=1169527)[0m     adj=[0  0  0  1]  dist=[ 8.43   4.35   6.26   0.00]  neighbors=[]
[36m(RolloutWorker pid=1169527)[0m [perception] step=   1  agent_0  my_pos=(-0.550,4.200)  received=0
[36m(RolloutWorker pid=1169527)[0m     (无有效近邻: 超出局部感知半径，回退 ego-guidance)
[36m(RolloutWorker pid=1169527)[0m [perception] step=   1  agent_1  my_pos=(-1.300,-0.350)  received=0
[36m(RolloutWorker pid=1169527)[0m     (无有效近邻: 超出局部感知半径，回退 ego-guidance)
[36m(RolloutWorker pid=1169527)[0m [perception] step=   1  agent_2  my_pos=(4.800,0.800)  received=0
[36m(RolloutWorker pid=1169527)[0m     (无有效近邻: 超出局部感知半径，回退 ego-guidance)
[36m(RolloutWorker pid=1169527)[0m [perception] step=   1  agent_3  my_pos=(0.900,-4.100)  received=0
[36m(RolloutWorker pid=1169527)[0m     (无有效近邻: 超出局部感知半径，回退 ego-guidance)
[36m(RolloutWorker pid=1169527)[0m [graph] step=   2  comm_range=3.5m
[36m(RolloutWorker pid=1169527)[0m   robot_0 pos=(-0.550, 4.200) status=active
[36m(RolloutWorker pid=1169527)[0m     adj=[1  0  0  0]  dist=[ 0.00   4.61   6.34   8.43]  neighbors=[]
[36m(RolloutWorker pid=1169527)[0m   robot_1 pos=(-1.300,-0.350) status=active
[36m(RolloutWorker pid=1169527)[0m     adj=[0  1  0  0]  dist=[ 4.61   0.00   6.21   4.35]  neighbors=[]
[36m(RolloutWorker pid=1169527)[0m   robot_2 pos=( 4.800, 0.800) status=active
[36m(RolloutWorker pid=1169527)[0m     adj=[0  0  1  0]  dist=[ 6.34   6.21   0.00   6.26]  neighbors=[]
[36m(RolloutWorker pid=1169527)[0m   robot_3 pos=( 0.900,-4.100) status=active
[36m(RolloutWorker pid=1169527)[0m     adj=[0  0  0  1]  dist=[ 8.43   4.35   6.26   0.00]  neighbors=[]
[36m(RolloutWorker pid=1169527)[0m [perception] step=   2  agent_0  my_pos=(-0.550,4.200)  received=0
[36m(RolloutWorker pid=1169527)[0m     (无有效近邻: 超出局部感知半径，回退 ego-guidance)
[36m(RolloutWorker pid=1169527)[0m [perception] step=   2  agent_1  my_pos=(-1.300,-0.350)  received=0
[36m(RolloutWorker pid=1169527)[0m     (无有效近邻: 超出局部感知半径，回退 ego-guidance)
[36m(RolloutWorker pid=1169527)[0m [perception] step=   2  agent_2  my_pos=(4.800,0.800)  received=0
[36m(RolloutWorker pid=1169527)[0m     (无有效近邻: 超出局部感知半径，回退 ego-guidance)
[36m(RolloutWorker pid=1169527)[0m [perception] step=   2  agent_3  my_pos=(0.900,-4.100)  received=0
[36m(RolloutWorker pid=1169527)[0m     (无有效近邻: 超出局部感知半径，回退 ego-guidance)
[36m(RolloutWorker pid=1169527)[0m [graph] step=   3  comm_range=3.5m
[36m(RolloutWorker pid=1169527)[0m   robot_0 pos=(-0.564, 4.202) status=active
[36m(RolloutWorker pid=1169527)[0m     adj=[1  0  0  0]  dist=[ 0.00   4.63   6.37   8.44]  neighbors=[]
[36m(RolloutWorker pid=1169527)[0m   robot_1 pos=(-1.330,-0.369) status=active
[36m(RolloutWorker pid=1169527)[0m     adj=[0  1  0  0]  dist=[ 4.63   0.00   6.27   4.36]  neighbors=[]
[36m(RolloutWorker pid=1169527)[0m   robot_2 pos=( 4.829, 0.816) status=active
[36m(RolloutWorker pid=1169527)[0m     adj=[0  0  1  0]  dist=[ 6.37   6.27   0.00   6.29]  neighbors=[]
[36m(RolloutWorker pid=1169527)[0m   robot_3 pos=( 0.911,-4.105) status=active
[36m(RolloutWorker pid=1169527)[0m     adj=[0  0  0  1]  dist=[ 8.44   4.36   6.29   0.00]  neighbors=[]
[36m(RolloutWorker pid=1169527)[0m [perception] step=   3  agent_0  my_pos=(-0.564,4.202)  received=0
[36m(RolloutWorker pid=1169527)[0m     (无有效近邻: 超出局部感知半径，回退 ego-guidance)
[36m(RolloutWorker pid=1169527)[0m [perception] step=   3  agent_1  my_pos=(-1.330,-0.369)  received=0
[36m(RolloutWorker pid=1169527)[0m     (无有效近邻: 超出局部感知半径，回退 ego-guidance)
[36m(RolloutWorker pid=1169527)[0m [perception] step=   3  agent_2  my_pos=(4.829,0.816)  received=0
[36m(RolloutWorker pid=1169527)[0m     (无有效近邻: 超出局部感知半径，回退 ego-guidance)
[36m(RolloutWorker pid=1169527)[0m [perception] step=   3  agent_3  my_pos=(0.911,-4.105)  received=0
[36m(RolloutWorker pid=1169527)[0m     (无有效近邻: 超出局部感知半径，回退 ego-guidance)
[36m(RolloutWorker pid=1169527)[0m ⚠️ Robot 3: 强制路线非法，回退随机安全采样 start=(2.60,-3.80) goal=(-2.60,3.80)
[36m(RolloutWorker pid=1169527)[0m ⚠️ Robot 2: 强制路线非法，回退随机安全采样 start=(-4.20,1.40) goal=(4.20,1.40)
[36m(RolloutWorker pid=1169527)[0m ⚠️ Robot 0: 强制路线非法，回退随机安全采样 start=(4.20,-1.40) goal=(-4.20,-1.40)
[36m(RolloutWorker pid=1169527)[0m ⚠️ Robot 0: 强制路线非法，回退随机安全采样 start=(-4.20,1.40) goal=(4.20,1.40)
[36m(RolloutWorker pid=1169527)[0m 
[36m(RolloutWorker pid=1169527)[0m ============================================================
[36m(RolloutWorker pid=1169527)[0m 🏁 Episode 结束 (timeout)
[36m(RolloutWorker pid=1169527)[0m    步数: 2000/2000
[36m(RolloutWorker pid=1169527)[0m    完成: 0/4
[36m(RolloutWorker pid=1169527)[0m    活跃: 4  失败: 0
[36m(RolloutWorker pid=1169527)[0m ============================================================
[36m(RolloutWorker pid=1169527)[0m 
[36m(RolloutWorker pid=1169527)[0m ⚠️ Robot 0: 强制路线非法，回退随机安全采样 start=(4.20,-1.40) goal=(-4.20,-1.40)
[36m(RolloutWorker pid=1169527)[0m ⚠️ Robot 1: 强制路线非法，回退随机安全采样 start=(-4.60,0.00) goal=(4.60,0.00)
[36m(RolloutWorker pid=1169527)[0m ⚠️ Robot 2: 强制路线非法，回退随机安全采样 start=(3.80,2.40) goal=(-3.80,-2.40)
[36m(RolloutWorker pid=1169527)[0m ⚠️ Robot 3: 强制路线非法，回退随机安全采样 start=(2.60,-3.80) goal=(-2.60,3.80)
[36m(RolloutWorker pid=1169527)[0m [graph] step=   0  comm_range=3.5m
[36m(RolloutWorker pid=1169527)[0m   robot_0 pos=(-4.250,-0.750) status=active
[36m(RolloutWorker pid=1169527)[0m     adj=[1  1  0  0]  dist=[ 0.00   1.87   4.05   5.61]  neighbors=[1]
[36m(RolloutWorker pid=1169527)[0m   robot_1 pos=(-2.400,-1.000) status=active
[36m(RolloutWorker pid=1169527)[0m     adj=[1  1  1  0]  dist=[ 1.87   0.00   2.20   4.24]  neighbors=[0, 2]
[36m(RolloutWorker pid=1169527)[0m   robot_2 pos=(-0.200,-0.900) status=active
[36m(RolloutWorker pid=1169527)[0m     adj=[0  1  1  1]  dist=[ 4.05   2.20   0.00   2.94]  neighbors=[1, 3]
[36m(RolloutWorker pid=1169527)[0m   robot_3 pos=( 0.700, 1.900) status=active
[36m(RolloutWorker pid=1169527)[0m     adj=[0  0  1  1]  dist=[ 5.61   4.24   2.94   0.00]  neighbors=[2]
[36m(RolloutWorker pid=1169527)[0m [perception] step=   0  agent_0  my_pos=(-4.250,-0.750)  received=1
[36m(RolloutWorker pid=1169527)[0m     slot[0] neighbor=agent_1 dist=1.867m  n_pos=(-2.400,-1.000)  rel_pos=(1.850,-0.250)
[36m(RolloutWorker pid=1169527)[0m [perception] step=   0  agent_1  my_pos=(-2.400,-1.000)  received=2
[36m(RolloutWorker pid=1169527)[0m     slot[0] neighbor=agent_0 dist=1.867m  n_pos=(-4.250,-0.750)  rel_pos=(-1.850,0.250)
[36m(RolloutWorker pid=1169527)[0m     slot[1] neighbor=agent_2 dist=2.202m  n_pos=(-0.200,-0.900)  rel_pos=(2.200,0.100)
[36m(RolloutWorker pid=1169527)[0m [perception] step=   0  agent_2  my_pos=(-0.200,-0.900)  received=2
[36m(RolloutWorker pid=1169527)[0m     slot[0] neighbor=agent_1 dist=2.202m  n_pos=(-2.400,-1.000)  rel_pos=(-2.200,-0.100)
[36m(RolloutWorker pid=1169527)[0m     slot[1] neighbor=agent_3 dist=2.941m  n_pos=(0.700,1.900)  rel_pos=(0.900,2.800)
[36m(RolloutWorker pid=1169527)[0m [perception] step=   0  agent_3  my_pos=(0.700,1.900)  received=1
[36m(RolloutWorker pid=1169527)[0m     slot[0] neighbor=agent_2 dist=2.941m  n_pos=(-0.200,-0.900)  rel_pos=(-0.900,-2.800)
[36m(RolloutWorker pid=1169527)[0m [graph] step=   1  comm_range=3.5m
[36m(RolloutWorker pid=1169527)[0m   robot_0 pos=(-4.250,-0.750) status=active
[36m(RolloutWorker pid=1169527)[0m     adj=[1  1  0  0]  dist=[ 0.00   1.87   4.05   5.61]  neighbors=[1]
[36m(RolloutWorker pid=1169527)[0m   robot_1 pos=(-2.400,-1.000) status=active
[36m(RolloutWorker pid=1169527)[0m     adj=[1  1  1  0]  dist=[ 1.87   0.00   2.20   4.24]  neighbors=[0, 2]
[36m(RolloutWorker pid=1169527)[0m   robot_2 pos=(-0.200,-0.900) status=active
[36m(RolloutWorker pid=1169527)[0m     adj=[0  1  1  1]  dist=[ 4.05   2.20   0.00   2.94]  neighbors=[1, 3]
[36m(RolloutWorker pid=1169527)[0m   robot_3 pos=( 0.700, 1.900) status=active
[36m(RolloutWorker pid=1169527)[0m     adj=[0  0  1  1]  dist=[ 5.61   4.24   2.94   0.00]  neighbors=[2]
[36m(RolloutWorker pid=1169527)[0m [perception] step=   1  agent_0  my_pos=(-4.250,-0.750)  received=1
[36m(RolloutWorker pid=1169527)[0m     slot[0] neighbor=agent_1 dist=1.867m  n_pos=(-2.400,-1.000)  rel_pos=(1.850,-0.250)
[36m(RolloutWorker pid=1169527)[0m [perception] step=   1  agent_1  my_pos=(-2.400,-1.000)  received=2
[36m(RolloutWorker pid=1169527)[0m     slot[0] neighbor=agent_0 dist=1.867m  n_pos=(-4.250,-0.750)  rel_pos=(-1.850,0.250)
[36m(RolloutWorker pid=1169527)[0m     slot[1] neighbor=agent_2 dist=2.202m  n_pos=(-0.200,-0.900)  rel_pos=(2.200,0.100)
[36m(RolloutWorker pid=1169527)[0m [perception] step=   1  agent_2  my_pos=(-0.200,-0.900)  received=2
[36m(RolloutWorker pid=1169527)[0m     slot[0] neighbor=agent_1 dist=2.202m  n_pos=(-2.400,-1.000)  rel_pos=(-2.200,-0.100)
[36m(RolloutWorker pid=1169527)[0m     slot[1] neighbor=agent_3 dist=2.941m  n_pos=(0.700,1.900)  rel_pos=(0.900,2.800)
[36m(RolloutWorker pid=1169527)[0m [perception] step=   1  agent_3  my_pos=(0.700,1.900)  received=1
[36m(RolloutWorker pid=1169527)[0m     slot[0] neighbor=agent_2 dist=2.941m  n_pos=(-0.200,-0.900)  rel_pos=(-0.900,-2.800)
[36m(RolloutWorker pid=1169527)[0m [graph] step=   2  comm_range=3.5m
[36m(RolloutWorker pid=1169527)[0m   robot_0 pos=(-4.250,-0.750) status=active
[36m(RolloutWorker pid=1169527)[0m     adj=[1  1  0  0]  dist=[ 0.00   1.87   4.05   5.61]  neighbors=[1]
[36m(RolloutWorker pid=1169527)[0m   robot_1 pos=(-2.400,-1.000) status=active
[36m(RolloutWorker pid=1169527)[0m     adj=[1  1  1  0]  dist=[ 1.87   0.00   2.20   4.24]  neighbors=[0, 2]
[36m(RolloutWorker pid=1169527)[0m   robot_2 pos=(-0.200,-0.900) status=active
[36m(RolloutWorker pid=1169527)[0m     adj=[0  1  1  1]  dist=[ 4.05   2.20   0.00   2.94]  neighbors=[1, 3]
[36m(RolloutWorker pid=1169527)[0m   robot_3 pos=( 0.700, 1.900) status=active
[36m(RolloutWorker pid=1169527)[0m     adj=[0  0  1  1]  dist=[ 5.61   4.24   2.94   0.00]  neighbors=[2]
[36m(RolloutWorker pid=1169527)[0m [perception] step=   2  agent_0  my_pos=(-4.250,-0.750)  received=1
[36m(RolloutWorker pid=1169527)[0m     slot[0] neighbor=agent_1 dist=1.867m  n_pos=(-2.400,-1.000)  rel_pos=(1.850,-0.250)
[36m(RolloutWorker pid=1169527)[0m [perception] step=   2  agent_1  my_pos=(-2.400,-1.000)  received=2
[36m(RolloutWorker pid=1169527)[0m     slot[0] neighbor=agent_0 dist=1.867m  n_pos=(-4.250,-0.750)  rel_pos=(-1.850,0.250)
[36m(RolloutWorker pid=1169527)[0m     slot[1] neighbor=agent_2 dist=2.202m  n_pos=(-0.200,-0.900)  rel_pos=(2.200,0.100)
[36m(RolloutWorker pid=1169527)[0m [perception] step=   2  agent_2  my_pos=(-0.200,-0.900)  received=2
[36m(RolloutWorker pid=1169527)[0m     slot[0] neighbor=agent_1 dist=2.202m  n_pos=(-2.400,-1.000)  rel_pos=(-2.200,-0.100)
[36m(RolloutWorker pid=1169527)[0m     slot[1] neighbor=agent_3 dist=2.941m  n_pos=(0.700,1.900)  rel_pos=(0.900,2.800)
[36m(RolloutWorker pid=1169527)[0m [perception] step=   2  agent_3  my_pos=(0.700,1.900)  received=1
[36m(RolloutWorker pid=1169527)[0m     slot[0] neighbor=agent_2 dist=2.941m  n_pos=(-0.200,-0.900)  rel_pos=(-0.900,-2.800)
[36m(RolloutWorker pid=1169527)[0m [graph] step=   3  comm_range=3.5m
[36m(RolloutWorker pid=1169527)[0m   robot_0 pos=(-4.249,-0.720) status=active
[36m(RolloutWorker pid=1169527)[0m     adj=[1  1  0  0]  dist=[ 0.00   1.85   4.03   5.61]  neighbors=[1]
[36m(RolloutWorker pid=1169527)[0m   robot_1 pos=(-2.422,-0.985) status=active
[36m(RolloutWorker pid=1169527)[0m     adj=[1  1  1  0]  dist=[ 1.85   0.00   2.20   4.26]  neighbors=[0, 2]
[36m(RolloutWorker pid=1169527)[0m   robot_2 pos=(-0.228,-0.908) status=active
[36m(RolloutWorker pid=1169527)[0m     adj=[0  1  1  1]  dist=[ 4.03   2.20   0.00   2.98]  neighbors=[1, 3]
[36m(RolloutWorker pid=1169527)[0m   robot_3 pos=( 0.692, 1.927) status=active
[36m(RolloutWorker pid=1169527)[0m     adj=[0  0  1  1]  dist=[ 5.61   4.26   2.98   0.00]  neighbors=[2]
[36m(RolloutWorker pid=1169527)[0m [perception] step=   3  agent_0  my_pos=(-4.249,-0.720)  received=1
[36m(RolloutWorker pid=1169527)[0m     slot[0] neighbor=agent_1 dist=1.846m  n_pos=(-2.422,-0.985)  rel_pos=(1.827,-0.266)
[36m(RolloutWorker pid=1169527)[0m [perception] step=   3  agent_1  my_pos=(-2.422,-0.985)  received=2
[36m(RolloutWorker pid=1169527)[0m     slot[0] neighbor=agent_0 dist=1.846m  n_pos=(-4.249,-0.720)  rel_pos=(-1.827,0.266)
[36m(RolloutWorker pid=1169527)[0m     slot[1] neighbor=agent_2 dist=2.195m  n_pos=(-0.228,-0.908)  rel_pos=(2.194,0.077)
[36m(RolloutWorker pid=1169527)[0m [perception] step=   3  agent_2  my_pos=(-0.228,-0.908)  received=2
[36m(RolloutWorker pid=1169527)[0m     slot[0] neighbor=agent_1 dist=2.195m  n_pos=(-2.422,-0.985)  rel_pos=(-2.194,-0.077)
[36m(RolloutWorker pid=1169527)[0m     slot[1] neighbor=agent_3 dist=2.981m  n_pos=(0.692,1.927)  rel_pos=(0.920,2.835)
[36m(RolloutWorker pid=1169527)[0m [perception] step=   3  agent_3  my_pos=(0.692,1.927)  received=1
[36m(RolloutWorker pid=1169527)[0m     slot[0] neighbor=agent_2 dist=2.981m  n_pos=(-0.228,-0.908)  rel_pos=(-0.920,-2.835)
[36m(RolloutWorker pid=1169527)[0m ⚠️ Robot 3: 强制路线非法，回退随机安全采样 start=(4.80,0.80) goal=(-4.80,-0.80)
[36m(RolloutWorker pid=1169527)[0m ⚠️ Robot 0: 强制路线非法，回退随机安全采样 start=(-4.20,1.40) goal=(4.20,1.40)
[36m(RolloutWorker pid=1169527)[0m ⚠️ Robot 3: 强制路线非法，回退随机安全采样 start=(4.20,1.40) goal=(-4.20,1.40)
[36m(RolloutWorker pid=1169527)[0m ⚠️ Robot 2: 强制路线非法，回退随机安全采样 start=(-3.80,2.40) goal=(3.80,-2.40)
[36m(RolloutWorker pid=1169527)[0m ⚠️ Robot 3: 强制路线非法，回退随机安全采样 start=(-3.80,2.40) goal=(3.80,-2.40)
  [░░░░░░░░░░░░░░░░░░░░░░░░░░░░░░]   0.5%     5,000 / 1,000,000 步  回报 -167.46  ETA 32:04:54[36m(RolloutWorker pid=1169527)[0m ⚠️ Robot 0: 强制路线非法，回退随机安全采样 start=(0.00,-4.80) goal=(0.00,4.80)
[36m(RolloutWorker pid=1169527)[0m ⚠️ Robot 2: 强制路线非法，回退随机安全采样 start=(-2.60,-3.80) goal=(2.60,3.80)
[36m(RolloutWorker pid=1169527)[0m ⚠️ Robot 3: 强制路线非法，回退随机安全采样 start=(4.20,-1.40) goal=(-4.20,-1.40)
[36m(RolloutWorker pid=1169527)[0m ⚠️ Robot 1: 强制路线非法，回退随机安全采样 start=(4.20,-1.40) goal=(-4.20,-1.40)
[36m(RolloutWorker pid=1169527)[0m 
[36m(RolloutWorker pid=1169527)[0m ============================================================
[36m(RolloutWorker pid=1169527)[0m 🏁 Episode 结束 (timeout)
[36m(RolloutWorker pid=1169527)[0m    步数: 2000/2000
[36m(RolloutWorker pid=1169527)[0m    完成: 0/4
[36m(RolloutWorker pid=1169527)[0m    活跃: 4  失败: 0
[36m(RolloutWorker pid=1169527)[0m ============================================================
[36m(RolloutWorker pid=1169527)[0m 
[36m(RolloutWorker pid=1169527)[0m ⚠️ Robot 0: 强制路线非法，回退随机安全采样 start=(2.60,-3.80) goal=(-2.60,3.80)
[36m(RolloutWorker pid=1169527)[0m ⚠️ Robot 2: 强制路线非法，回退随机安全采样 start=(4.20,1.40) goal=(-4.20,1.40)
[36m(RolloutWorker pid=1169527)[0m ⚠️ Robot 3: 强制路线非法，回退随机安全采样 start=(3.80,2.40) goal=(-3.80,-2.40)
[36m(RolloutWorker pid=1169527)[0m [graph] step=   0  comm_range=3.5m
[36m(RolloutWorker pid=1169527)[0m   robot_0 pos=( 0.850, 0.500) status=active
[36m(RolloutWorker pid=1169527)[0m     adj=[1  0  0  1]  dist=[ 0.00   5.47   4.65   2.14]  neighbors=[3]
[36m(RolloutWorker pid=1169527)[0m   robot_1 pos=(-4.600, 0.000) status=active
[36m(RolloutWorker pid=1169527)[0m     adj=[0  1  0  1]  dist=[ 5.47   0.00   7.53   3.35]  neighbors=[3]
[36m(RolloutWorker pid=1169527)[0m   robot_2 pos=( 0.900, 5.150) status=active
[36m(RolloutWorker pid=1169527)[0m     adj=[0  0  1  0]  dist=[ 4.65   7.53   0.00   5.49]  neighbors=[]
[36m(RolloutWorker pid=1169527)[0m   robot_3 pos=(-1.250, 0.100) status=active
[36m(RolloutWorker pid=1169527)[0m     adj=[1  1  0  1]  dist=[ 2.14   3.35   5.49   0.00]  neighbors=[0, 1]
[36m(RolloutWorker pid=1169527)[0m [perception] step=   0  agent_0  my_pos=(0.850,0.500)  received=1
[36m(RolloutWorker pid=1169527)[0m     slot[0] neighbor=agent_3 dist=2.138m  n_pos=(-1.250,0.100)  rel_pos=(-2.100,-0.400)
[36m(RolloutWorker pid=1169527)[0m [perception] step=   0  agent_1  my_pos=(-4.600,0.000)  received=1
[36m(RolloutWorker pid=1169527)[0m     slot[0] neighbor=agent_3 dist=3.351m  n_pos=(-1.250,0.100)  rel_pos=(3.350,0.100)
[36m(RolloutWorker pid=1169527)[0m [perception] step=   0  agent_2  my_pos=(0.900,5.150)  received=0
[36m(RolloutWorker pid=1169527)[0m     (无有效近邻: 超出局部感知半径，回退 ego-guidance)
[36m(RolloutWorker pid=1169527)[0m [perception] step=   0  agent_3  my_pos=(-1.250,0.100)  received=2
[36m(RolloutWorker pid=1169527)[0m     slot[0] neighbor=agent_0 dist=2.138m  n_pos=(0.850,0.500)  rel_pos=(2.100,0.400)
[36m(RolloutWorker pid=1169527)[0m     slot[1] neighbor=agent_1 dist=3.351m  n_pos=(-4.600,0.000)  rel_pos=(-3.350,-0.100)
[36m(RolloutWorker pid=1169527)[0m [graph] step=   1  comm_range=3.5m
[36m(RolloutWorker pid=1169527)[0m   robot_0 pos=( 0.850, 0.500) status=active
[36m(RolloutWorker pid=1169527)[0m     adj=[1  0  0  1]  dist=[ 0.00   5.47   4.65   2.14]  neighbors=[3]
[36m(RolloutWorker pid=1169527)[0m   robot_1 pos=(-4.600, 0.000) status=active
[36m(RolloutWorker pid=1169527)[0m     adj=[0  1  0  1]  dist=[ 5.47   0.00   7.53   3.35]  neighbors=[3]
[36m(RolloutWorker pid=1169527)[0m   robot_2 pos=( 0.900, 5.150) status=active
[36m(RolloutWorker pid=1169527)[0m     adj=[0  0  1  0]  dist=[ 4.65   7.53   0.00   5.49]  neighbors=[]
[36m(RolloutWorker pid=1169527)[0m   robot_3 pos=(-1.250, 0.100) status=active
[36m(RolloutWorker pid=1169527)[0m     adj=[1  1  0  1]  dist=[ 2.14   3.35   5.49   0.00]  neighbors=[0, 1]
[36m(RolloutWorker pid=1169527)[0m [perception] step=   1  agent_0  my_pos=(0.850,0.500)  received=1
[36m(RolloutWorker pid=1169527)[0m     slot[0] neighbor=agent_3 dist=2.138m  n_pos=(-1.250,0.100)  rel_pos=(-2.100,-0.400)
[36m(RolloutWorker pid=1169527)[0m [perception] step=   1  agent_1  my_pos=(-4.600,0.000)  received=1
[36m(RolloutWorker pid=1169527)[0m     slot[0] neighbor=agent_3 dist=3.351m  n_pos=(-1.250,0.100)  rel_pos=(3.350,0.100)
[36m(RolloutWorker pid=1169527)[0m [perception] step=   1  agent_2  my_pos=(0.900,5.150)  received=0
[36m(RolloutWorker pid=1169527)[0m     (无有效近邻: 超出局部感知半径，回退 ego-guidance)
[36m(RolloutWorker pid=1169527)[0m [perception] step=   1  agent_3  my_pos=(-1.250,0.100)  received=2
[36m(RolloutWorker pid=1169527)[0m     slot[0] neighbor=agent_0 dist=2.138m  n_pos=(0.850,0.500)  rel_pos=(2.100,0.400)
[36m(RolloutWorker pid=1169527)[0m     slot[1] neighbor=agent_1 dist=3.351m  n_pos=(-4.600,0.000)  rel_pos=(-3.350,-0.100)
[36m(RolloutWorker pid=1169527)[0m [graph] step=   2  comm_range=3.5m
[36m(RolloutWorker pid=1169527)[0m   robot_0 pos=( 0.850, 0.500) status=active
[36m(RolloutWorker pid=1169527)[0m     adj=[1  0  0  1]  dist=[ 0.00   5.47   4.65   2.14]  neighbors=[3]
[36m(RolloutWorker pid=1169527)[0m   robot_1 pos=(-4.600, 0.000) status=active
[36m(RolloutWorker pid=1169527)[0m     adj=[0  1  0  1]  dist=[ 5.47   0.00   7.53   3.35]  neighbors=[3]
[36m(RolloutWorker pid=1169527)[0m   robot_2 pos=( 0.900, 5.150) status=active
[36m(RolloutWorker pid=1169527)[0m     adj=[0  0  1  0]  dist=[ 4.65   7.53   0.00   5.49]  neighbors=[]
[36m(RolloutWorker pid=1169527)[0m   robot_3 pos=(-1.250, 0.100) status=active
[36m(RolloutWorker pid=1169527)[0m     adj=[1  1  0  1]  dist=[ 2.14   3.35   5.49   0.00]  neighbors=[0, 1]
[36m(RolloutWorker pid=1169527)[0m [perception] step=   2  agent_0  my_pos=(0.850,0.500)  received=1
[36m(RolloutWorker pid=1169527)[0m     slot[0] neighbor=agent_3 dist=2.138m  n_pos=(-1.250,0.100)  rel_pos=(-2.100,-0.400)
[36m(RolloutWorker pid=1169527)[0m [perception] step=   2  agent_1  my_pos=(-4.600,0.000)  received=1
[36m(RolloutWorker pid=1169527)[0m     slot[0] neighbor=agent_3 dist=3.351m  n_pos=(-1.250,0.100)  rel_pos=(3.350,0.100)
[36m(RolloutWorker pid=1169527)[0m [perception] step=   2  agent_2  my_pos=(0.900,5.150)  received=0
[36m(RolloutWorker pid=1169527)[0m     (无有效近邻: 超出局部感知半径，回退 ego-guidance)
[36m(RolloutWorker pid=1169527)[0m [perception] step=   2  agent_3  my_pos=(-1.250,0.100)  received=2
[36m(RolloutWorker pid=1169527)[0m     slot[0] neighbor=agent_0 dist=2.138m  n_pos=(0.850,0.500)  rel_pos=(2.100,0.400)
[36m(RolloutWorker pid=1169527)[0m     slot[1] neighbor=agent_1 dist=3.351m  n_pos=(-4.600,0.000)  rel_pos=(-3.350,-0.100)
[36m(RolloutWorker pid=1169527)[0m [graph] step=   3  comm_range=3.5m
[36m(RolloutWorker pid=1169527)[0m   robot_0 pos=( 0.850, 0.500) status=active
[36m(RolloutWorker pid=1169527)[0m     adj=[1  0  0  1]  dist=[ 0.00   5.47   4.65   2.14]  neighbors=[3]
[36m(RolloutWorker pid=1169527)[0m   robot_1 pos=(-4.600, 0.000) status=active
[36m(RolloutWorker pid=1169527)[0m     adj=[0  1  0  1]  dist=[ 5.47   0.00   7.54   3.35]  neighbors=[3]
[36m(RolloutWorker pid=1169527)[0m   robot_2 pos=( 0.902, 5.151) status=active
[36m(RolloutWorker pid=1169527)[0m     adj=[0  0  1  0]  dist=[ 4.65   7.54   0.00   5.49]  neighbors=[]
[36m(RolloutWorker pid=1169527)[0m   robot_3 pos=(-1.250, 0.100) status=active
[36m(RolloutWorker pid=1169527)[0m     adj=[1  1  0  1]  dist=[ 2.14   3.35   5.49   0.00]  neighbors=[0, 1]
[36m(RolloutWorker pid=1169527)[0m [perception] step=   3  agent_0  my_pos=(0.850,0.500)  received=1
[36m(RolloutWorker pid=1169527)[0m     slot[0] neighbor=agent_3 dist=2.138m  n_pos=(-1.250,0.100)  rel_pos=(-2.100,-0.400)
[36m(RolloutWorker pid=1169527)[0m [perception] step=   3  agent_1  my_pos=(-4.600,0.000)  received=1
[36m(RolloutWorker pid=1169527)[0m     slot[0] neighbor=agent_3 dist=3.352m  n_pos=(-1.250,0.100)  rel_pos=(3.350,0.100)
[36m(RolloutWorker pid=1169527)[0m [perception] step=   3  agent_2  my_pos=(0.902,5.151)  received=0
[36m(RolloutWorker pid=1169527)[0m     (无有效近邻: 超出局部感知半径，回退 ego-guidance)
[36m(RolloutWorker pid=1169527)[0m [perception] step=   3  agent_3  my_pos=(-1.250,0.100)  received=2
[36m(RolloutWorker pid=1169527)[0m     slot[0] neighbor=agent_0 dist=2.138m  n_pos=(0.850,0.500)  rel_pos=(2.100,0.400)
[36m(RolloutWorker pid=1169527)[0m     slot[1] neighbor=agent_1 dist=3.352m  n_pos=(-4.600,0.000)  rel_pos=(-3.350,-0.100)
[36m(RolloutWorker pid=1169527)[0m ⚠️ Robot 0: 强制路线非法，回退随机安全采样 start=(-4.80,0.80) goal=(4.80,-0.80)
[36m(RolloutWorker pid=1169527)[0m ⚠️ Robot 0: 强制路线非法，回退随机安全采样 start=(-2.60,-3.80) goal=(2.60,3.80)
[36m(RolloutWorker pid=1169527)[0m ⚠️ Robot 3: 强制路线非法，回退随机安全采样 start=(-4.20,1.40) goal=(4.20,1.40)
[36m(RolloutWorker pid=1169527)[0m 
[36m(RolloutWorker pid=1169527)[0m ============================================================
[36m(RolloutWorker pid=1169527)[0m 🏁 Episode 结束 (timeout)
[36m(RolloutWorker pid=1169527)[0m    步数: 2000/2000
[36m(RolloutWorker pid=1169527)[0m    完成: 0/4
[36m(RolloutWorker pid=1169527)[0m    活跃: 4  失败: 0
[36m(RolloutWorker pid=1169527)[0m ============================================================
[36m(RolloutWorker pid=1169527)[0m 
[36m(RolloutWorker pid=1169527)[0m ⚠️ Robot 1: 强制路线非法，回退随机安全采样 start=(4.20,-1.40) goal=(-4.20,-1.40)
[36m(RolloutWorker pid=1169527)[0m [graph] step=   0  comm_range=3.5m
[36m(RolloutWorker pid=1169527)[0m   robot_0 pos=( 4.800, 0.800) status=active
[36m(RolloutWorker pid=1169527)[0m     adj=[1  0  0  0]  dist=[ 0.00   5.32   6.25   7.38]  neighbors=[]
[36m(RolloutWorker pid=1169527)[0m   robot_1 pos=(-0.500, 0.350) status=active
[36m(RolloutWorker pid=1169527)[0m     adj=[0  1  0  0]  dist=[ 5.32   0.00   4.48   5.17]  neighbors=[]
[36m(RolloutWorker pid=1169527)[0m   robot_2 pos=( 0.000, 4.800) status=active
[36m(RolloutWorker pid=1169527)[0m     adj=[0  0  1  0]  dist=[ 6.25   4.48   0.00   9.60]  neighbors=[]
[36m(RolloutWorker pid=1169527)[0m   robot_3 pos=( 0.000,-4.800) status=active
[36m(RolloutWorker pid=1169527)[0m     adj=[0  0  0  1]  dist=[ 7.38   5.17   9.60   0.00]  neighbors=[]
[36m(RolloutWorker pid=1169527)[0m [perception] step=   0  agent_0  my_pos=(4.800,0.800)  received=0
[36m(RolloutWorker pid=1169527)[0m     (无有效近邻: 超出局部感知半径，回退 ego-guidance)
[36m(RolloutWorker pid=1169527)[0m [perception] step=   0  agent_1  my_pos=(-0.500,0.350)  received=0
[36m(RolloutWorker pid=1169527)[0m     (无有效近邻: 超出局部感知半径，回退 ego-guidance)
[36m(RolloutWorker pid=1169527)[0m [perception] step=   0  agent_2  my_pos=(0.000,4.800)  received=0
[36m(RolloutWorker pid=1169527)[0m     (无有效近邻: 超出局部感知半径，回退 ego-guidance)
[36m(RolloutWorker pid=1169527)[0m [perception] step=   0  agent_3  my_pos=(0.000,-4.800)  received=0
[36m(RolloutWorker pid=1169527)[0m     (无有效近邻: 超出局部感知半径，回退 ego-guidance)
[36m(RolloutWorker pid=1169527)[0m [graph] step=   1  comm_range=3.5m
[36m(RolloutWorker pid=1169527)[0m   robot_0 pos=( 4.800, 0.800) status=active
[36m(RolloutWorker pid=1169527)[0m     adj=[1  0  0  0]  dist=[ 0.00   5.32   6.25   7.38]  neighbors=[]
[36m(RolloutWorker pid=1169527)[0m   robot_1 pos=(-0.500, 0.350) status=active
[36m(RolloutWorker pid=1169527)[0m     adj=[0  1  0  0]  dist=[ 5.32   0.00   4.48   5.17]  neighbors=[]
[36m(RolloutWorker pid=1169527)[0m   robot_2 pos=( 0.000, 4.800) status=active
[36m(RolloutWorker pid=1169527)[0m     adj=[0  0  1  0]  dist=[ 6.25   4.48   0.00   9.60]  neighbors=[]
[36m(RolloutWorker pid=1169527)[0m   robot_3 pos=( 0.000,-4.800) status=active
[36m(RolloutWorker pid=1169527)[0m     adj=[0  0  0  1]  dist=[ 7.38   5.17   9.60   0.00]  neighbors=[]
[36m(RolloutWorker pid=1169527)[0m [perception] step=   1  agent_0  my_pos=(4.800,0.800)  received=0
[36m(RolloutWorker pid=1169527)[0m     (无有效近邻: 超出局部感知半径，回退 ego-guidance)
[36m(RolloutWorker pid=1169527)[0m [perception] step=   1  agent_1  my_pos=(-0.500,0.350)  received=0
[36m(RolloutWorker pid=1169527)[0m     (无有效近邻: 超出局部感知半径，回退 ego-guidance)
[36m(RolloutWorker pid=1169527)[0m [perception] step=   1  agent_2  my_pos=(0.000,4.800)  received=0
[36m(RolloutWorker pid=1169527)[0m     (无有效近邻: 超出局部感知半径，回退 ego-guidance)
[36m(RolloutWorker pid=1169527)[0m [perception] step=   1  agent_3  my_pos=(0.000,-4.800)  received=0
[36m(RolloutWorker pid=1169527)[0m     (无有效近邻: 超出局部感知半径，回退 ego-guidance)
[36m(RolloutWorker pid=1169527)[0m [graph] step=   2  comm_range=3.5m
[36m(RolloutWorker pid=1169527)[0m   robot_0 pos=( 4.800, 0.800) status=active
[36m(RolloutWorker pid=1169527)[0m     adj=[1  0  0  0]  dist=[ 0.00   5.32   6.25   7.38]  neighbors=[]
[36m(RolloutWorker pid=1169527)[0m   robot_1 pos=(-0.500, 0.350) status=active
[36m(RolloutWorker pid=1169527)[0m     adj=[0  1  0  0]  dist=[ 5.32   0.00   4.48   5.17]  neighbors=[]
[36m(RolloutWorker pid=1169527)[0m   robot_2 pos=( 0.000, 4.800) status=active
[36m(RolloutWorker pid=1169527)[0m     adj=[0  0  1  0]  dist=[ 6.25   4.48   0.00   9.60]  neighbors=[]
[36m(RolloutWorker pid=1169527)[0m   robot_3 pos=( 0.000,-4.800) status=active
[36m(RolloutWorker pid=1169527)[0m     adj=[0  0  0  1]  dist=[ 7.38   5.17   9.60   0.00]  neighbors=[]
[36m(RolloutWorker pid=1169527)[0m [perception] step=   2  agent_0  my_pos=(4.800,0.800)  received=0
[36m(RolloutWorker pid=1169527)[0m     (无有效近邻: 超出局部感知半径，回退 ego-guidance)
[36m(RolloutWorker pid=1169527)[0m [perception] step=   2  agent_1  my_pos=(-0.500,0.350)  received=0
[36m(RolloutWorker pid=1169527)[0m     (无有效近邻: 超出局部感知半径，回退 ego-guidance)
[36m(RolloutWorker pid=1169527)[0m [perception] step=   2  agent_2  my_pos=(0.000,4.800)  received=0
[36m(RolloutWorker pid=1169527)[0m     (无有效近邻: 超出局部感知半径，回退 ego-guidance)
[36m(RolloutWorker pid=1169527)[0m [perception] step=   2  agent_3  my_pos=(0.000,-4.800)  received=0
[36m(RolloutWorker pid=1169527)[0m     (无有效近邻: 超出局部感知半径，回退 ego-guidance)
[36m(RolloutWorker pid=1169527)[0m [graph] step=   3  comm_range=3.5m
[36m(RolloutWorker pid=1169527)[0m   robot_0 pos=( 4.812, 0.782) status=active
[36m(RolloutWorker pid=1169527)[0m     adj=[1  0  0  0]  dist=[ 0.00   5.34   6.25   7.36]  neighbors=[]
[36m(RolloutWorker pid=1169527)[0m   robot_1 pos=(-0.506, 0.339) status=active
[36m(RolloutWorker pid=1169527)[0m     adj=[0  1  0  0]  dist=[ 5.34   0.00   4.48   5.15]  neighbors=[]
[36m(RolloutWorker pid=1169527)[0m   robot_2 pos=( 0.010, 4.790) status=active
[36m(RolloutWorker pid=1169527)[0m     adj=[0  0  1  0]  dist=[ 6.25   4.48   0.00   9.58]  neighbors=[]
[36m(RolloutWorker pid=1169527)[0m   robot_3 pos=( 0.002,-4.788) status=active
[36m(RolloutWorker pid=1169527)[0m     adj=[0  0  0  1]  dist=[ 7.36   5.15   9.58   0.00]  neighbors=[]
[36m(RolloutWorker pid=1169527)[0m [perception] step=   3  agent_0  my_pos=(4.812,0.782)  received=0
[36m(RolloutWorker pid=1169527)[0m     (无有效近邻: 超出局部感知半径，回退 ego-guidance)
[36m(RolloutWorker pid=1169527)[0m [perception] step=   3  agent_1  my_pos=(-0.506,0.339)  received=0
[36m(RolloutWorker pid=1169527)[0m     (无有效近邻: 超出局部感知半径，回退 ego-guidance)
[36m(RolloutWorker pid=1169527)[0m [perception] step=   3  agent_2  my_pos=(0.010,4.790)  received=0
[36m(RolloutWorker pid=1169527)[0m     (无有效近邻: 超出局部感知半径，回退 ego-guidance)
[36m(RolloutWorker pid=1169527)[0m [perception] step=   3  agent_3  my_pos=(0.002,-4.788)  received=0
[36m(RolloutWorker pid=1169527)[0m     (无有效近邻: 超出局部感知半径，回退 ego-guidance)
[36m(RolloutWorker pid=1169527)[0m ⚠️ Robot 1: 强制路线非法，回退随机安全采样 start=(-2.60,-3.80) goal=(2.60,3.80)
[36m(RolloutWorker pid=1169527)[0m ⚠️ Robot 1: 强制路线非法，回退随机安全采样 start=(-4.20,1.40) goal=(4.20,1.40)
[36m(RolloutWorker pid=1169527)[0m ⚠️ Robot 3: 强制路线非法，回退随机安全采样 start=(3.80,2.40) goal=(-3.80,-2.40)
[36m(RolloutWorker pid=1169527)[0m ⚠️ Robot 3: 强制路线非法，回退随机安全采样 start=(-4.80,0.80) goal=(4.80,-0.80)
[36m(RolloutWorker pid=1169527)[0m ⚠️ Robot 2: 强制路线非法，回退随机安全采样 start=(4.20,1.40) goal=(-4.20,1.40)
[36m(RolloutWorker pid=1169527)[0m 
[36m(RolloutWorker pid=1169527)[0m ============================================================
[36m(RolloutWorker pid=1169527)[0m 🏁 Episode 结束 (timeout)
[36m(RolloutWorker pid=1169527)[0m    步数: 2000/2000
[36m(RolloutWorker pid=1169527)[0m    完成: 0/4
[36m(RolloutWorker pid=1169527)[0m    活跃: 4  失败: 0
[36m(RolloutWorker pid=1169527)[0m ============================================================
[36m(RolloutWorker pid=1169527)[0m 
[36m(RolloutWorker pid=1169527)[0m [graph] step=   0  comm_range=3.5m
[36m(RolloutWorker pid=1169527)[0m   robot_0 pos=( 5.000, 0.650) status=active
[36m(RolloutWorker pid=1169527)[0m     adj=[1  0  0  0]  dist=[ 0.00   6.22   4.94   7.07]  neighbors=[]
[36m(RolloutWorker pid=1169527)[0m   robot_1 pos=(-0.850, 2.750) status=active
[36m(RolloutWorker pid=1169527)[0m     adj=[0  1  1  0]  dist=[ 6.22   0.00   1.52   7.32]  neighbors=[2]
[36m(RolloutWorker pid=1169527)[0m   robot_2 pos=( 0.150, 1.600) status=active
[36m(RolloutWorker pid=1169527)[0m     adj=[0  1  1  0]  dist=[ 4.94   1.52   0.00   6.10]  neighbors=[1]
[36m(RolloutWorker pid=1169527)[0m   robot_3 pos=( 0.150,-4.500) status=active
[36m(RolloutWorker pid=1169527)[0m     adj=[0  0  0  1]  dist=[ 7.07   7.32   6.10   0.00]  neighbors=[]
[36m(RolloutWorker pid=1169527)[0m [perception] step=   0  agent_0  my_pos=(5.000,0.650)  received=0
[36m(RolloutWorker pid=1169527)[0m     (无有效近邻: 超出局部感知半径，回退 ego-guidance)
[36m(RolloutWorker pid=1169527)[0m [perception] step=   0  agent_1  my_pos=(-0.850,2.750)  received=1
[36m(RolloutWorker pid=1169527)[0m     slot[0] neighbor=agent_2 dist=1.524m  n_pos=(0.150,1.600)  rel_pos=(1.000,-1.150)
[36m(RolloutWorker pid=1169527)[0m [perception] step=   0  agent_2  my_pos=(0.150,1.600)  received=1
[36m(RolloutWorker pid=1169527)[0m     slot[0] neighbor=agent_1 dist=1.524m  n_pos=(-0.850,2.750)  rel_pos=(-1.000,1.150)
[36m(RolloutWorker pid=1169527)[0m [perception] step=   0  agent_3  my_pos=(0.150,-4.500)  received=0
[36m(RolloutWorker pid=1169527)[0m     (无有效近邻: 超出局部感知半径，回退 ego-guidance)
[36m(RolloutWorker pid=1169527)[0m [graph] step=   1  comm_range=3.5m
[36m(RolloutWorker pid=1169527)[0m   robot_0 pos=( 5.000, 0.650) status=active
[36m(RolloutWorker pid=1169527)[0m     adj=[1  0  0  0]  dist=[ 0.00   6.22   4.94   7.07]  neighbors=[]
[36m(RolloutWorker pid=1169527)[0m   robot_1 pos=(-0.850, 2.750) status=active
[36m(RolloutWorker pid=1169527)[0m     adj=[0  1  1  0]  dist=[ 6.22   0.00   1.52   7.32]  neighbors=[2]
[36m(RolloutWorker pid=1169527)[0m   robot_2 pos=( 0.150, 1.600) status=active
[36m(RolloutWorker pid=1169527)[0m     adj=[0  1  1  0]  dist=[ 4.94   1.52   0.00   6.10]  neighbors=[1]
[36m(RolloutWorker pid=1169527)[0m   robot_3 pos=( 0.150,-4.500) status=active
[36m(RolloutWorker pid=1169527)[0m     adj=[0  0  0  1]  dist=[ 7.07   7.32   6.10   0.00]  neighbors=[]
[36m(RolloutWorker pid=1169527)[0m [perception] step=   1  agent_0  my_pos=(5.000,0.650)  received=0
[36m(RolloutWorker pid=1169527)[0m     (无有效近邻: 超出局部感知半径，回退 ego-guidance)
[36m(RolloutWorker pid=1169527)[0m [perception] step=   1  agent_1  my_pos=(-0.850,2.750)  received=1
[36m(RolloutWorker pid=1169527)[0m     slot[0] neighbor=agent_2 dist=1.524m  n_pos=(0.150,1.600)  rel_pos=(1.000,-1.150)
[36m(RolloutWorker pid=1169527)[0m [perception] step=   1  agent_2  my_pos=(0.150,1.600)  received=1
[36m(RolloutWorker pid=1169527)[0m     slot[0] neighbor=agent_1 dist=1.524m  n_pos=(-0.850,2.750)  rel_pos=(-1.000,1.150)
[36m(RolloutWorker pid=1169527)[0m [perception] step=   1  agent_3  my_pos=(0.150,-4.500)  received=0
[36m(RolloutWorker pid=1169527)[0m     (无有效近邻: 超出局部感知半径，回退 ego-guidance)
  [░░░░░░░░░░░░░░░░░░░░░░░░░░░░░░]   1.0%    10,000 / 1,000,000 步  回报  -52.96  ETA 31:51:55