2026-04-15 14:44:47,694	INFO worker.py:2013 -- Started a local Ray instance.
/home/wj/anaconda3/envs/ros2/lib/python3.10/site-packages/ray/rllib/algorithms/algorithm.py:527: RayDeprecationWarning: This API is deprecated and may be removed in future Ray releases. You could suppress this warning by setting env variable PYTHONWARNINGS="ignore::DeprecationWarning"
`UnifiedLogger` will be removed in Ray 2.7.
  return UnifiedLogger(config, logdir, loggers=None)
/home/wj/anaconda3/envs/ros2/lib/python3.10/site-packages/ray/tune/logger/unified.py:53: RayDeprecationWarning: This API is deprecated and may be removed in future Ray releases. You could suppress this warning by setting env variable PYTHONWARNINGS="ignore::DeprecationWarning"
The `JsonLogger interface is deprecated in favor of the `ray.tune.json.JsonLoggerCallback` interface and will be removed in Ray 2.7.
  self._loggers.append(cls(self.config, self.logdir, self.trial))
/home/wj/anaconda3/envs/ros2/lib/python3.10/site-packages/ray/tune/logger/unified.py:53: RayDeprecationWarning: This API is deprecated and may be removed in future Ray releases. You could suppress this warning by setting env variable PYTHONWARNINGS="ignore::DeprecationWarning"
The `CSVLogger interface is deprecated in favor of the `ray.tune.csv.CSVLoggerCallback` interface and will be removed in Ray 2.7.
  self._loggers.append(cls(self.config, self.logdir, self.trial))
/home/wj/anaconda3/envs/ros2/lib/python3.10/site-packages/ray/tune/logger/unified.py:53: RayDeprecationWarning: This API is deprecated and may be removed in future Ray releases. You could suppress this warning by setting env variable PYTHONWARNINGS="ignore::DeprecationWarning"
The `TBXLogger interface is deprecated in favor of the `ray.tune.tensorboardx.TBXLoggerCallback` interface and will be removed in Ray 2.7.
  self._loggers.append(cls(self.config, self.logdir, self.trial))
[2026-04-15 14:44:49,381 E 1061359 1061359] core_worker.cc:2232: Actor with class name: 'RolloutWorker' and ID: 'c67322845c7a990bce139e6501000000' has constructor arguments in the object store and max_restarts > 0. If the arguments in the object store go out of scope or are lost, the actor restart will fail. See https://github.com/ray-project/ray/issues/53727 for more details.
[36m(RolloutWorker pid=1063099)[0m [INFO] [1776235494.487205713] [gym_env_robot_0_77062]: ✅ 路径可视化器已启动，路径话题: /waypoint_markers, tracking话题: /rolling_subgoal_markers
[36m(RolloutWorker pid=1063099)[0m [INFO] [1776235494.532918579] [gym_env_robot_1_35390]: ✅ 路径可视化器已启动，路径话题: /waypoint_markers, tracking话题: /rolling_subgoal_markers
[36m(RolloutWorker pid=1063099)[0m [INFO] [1776235494.564215550] [gym_env_robot_2_62867]: ✅ 路径可视化器已启动，路径话题: /waypoint_markers, tracking话题: /rolling_subgoal_markers
[36m(RolloutWorker pid=1063099)[0m [INFO] [1776235494.591676813] [gym_env_robot_3_93361]: ✅ 路径可视化器已启动，路径话题: /waypoint_markers, tracking话题: /rolling_subgoal_markers
[INFO] [1776235496.955612776] [gym_env_robot_0_75484]: ✅ 路径可视化器已启动，路径话题: /waypoint_markers, tracking话题: /rolling_subgoal_markers
[INFO] [1776235496.996374482] [gym_env_robot_1_14625]: ✅ 路径可视化器已启动，路径话题: /waypoint_markers, tracking话题: /rolling_subgoal_markers
[INFO] [1776235497.024816847] [gym_env_robot_2_58038]: ✅ 路径可视化器已启动，路径话题: /waypoint_markers, tracking话题: /rolling_subgoal_markers
[INFO] [1776235497.053473301] [gym_env_robot_3_35936]: ✅ 路径可视化器已启动，路径话题: /waypoint_markers, tracking话题: /rolling_subgoal_markers
2026-04-15 14:44:59,832	INFO trainable.py:161 -- Trainable.setup took 10.527 seconds. If your trainable is slow to initialize, consider setting reuse_actors=True to reduce actor creation overheads.
2026-04-15 14:44:59,832	WARNING util.py:62 -- Install gputil for GPU system monitoring.
================================================================================
🚀 GNN-MAPPO 课程学习训练  [社交风险图注意力 (真值式 agent-agent risk)]
================================================================================
  环境阶段:     1 · Stage 1 · 静态入门
  机器人数量:   4
  通信范围:     3.5 m
  并行Workers:  1
  采样设置:     timeout=1200s fragment=1000 mode=truncate_episodes
  训练步数:     1,000,000
  动作模式:     continuous
  PPO配置:      continuous_baseline_gat_social_risk  (clip=0.2, ent=0.002, mb=512, epochs=6)
  Counterfactual Advantage: λ=0.050 clip=2.50
  GAT Actor:    social_risk  bias=1.00
  GAT Critic:   mlp
  需要环境:     ros2 launch start_rl_environment_tb3 main.launch.py map_number:=3 robot_number:=4 num_obstacles:=0 obs_speed_scale:=0.0
  comm_dropout: 100%  ← Actor 不读通信邻居槽位，强制100%丢包
  冲突路线:     mode=mixed prob=0.75
================================================================================

🧭 社交风险 GAT：MLP 主干负责导航，本分支只学习 agent-agent risk 关系...

[36m(RolloutWorker pid=1063099)[0m 🤖 环境初始化: Namespace='/tb3_0', ModelName='tb3_0'
[36m(RolloutWorker pid=1063099)[0m ✅ Map 3: 预计算安全 spawn 点 42748 个 (clearance=0.40m)
[36m(RolloutWorker pid=1063099)[0m ✅ Robot 0: A*规划器初始化完成
[36m(RolloutWorker pid=1063099)[0m 🤖 环境初始化: Namespace='/tb3_1', ModelName='tb3_1'
[36m(RolloutWorker pid=1063099)[0m ✅ Map 3: 预计算安全 spawn 点 42748 个 (clearance=0.40m)
[36m(RolloutWorker pid=1063099)[0m ✅ Robot 1: A*规划器初始化完成
[36m(RolloutWorker pid=1063099)[0m 🤖 环境初始化: Namespace='/tb3_2', ModelName='tb3_2'
[36m(RolloutWorker pid=1063099)[0m ✅ Map 3: 预计算安全 spawn 点 42748 个 (clearance=0.40m)
[36m(RolloutWorker pid=1063099)[0m ✅ Robot 2: A*规划器初始化完成
[36m(RolloutWorker pid=1063099)[0m 🤖 环境初始化: Namespace='/tb3_3', ModelName='tb3_3'
[36m(RolloutWorker pid=1063099)[0m ✅ Map 3: 预计算安全 spawn 点 42748 个 (clearance=0.40m)
[36m(RolloutWorker pid=1063099)[0m ✅ Robot 3: A*规划器初始化完成
🤖 环境初始化: Namespace='/tb3_0', ModelName='tb3_0'
✅ Map 3: 预计算安全 spawn 点 42748 个 (clearance=0.40m)
✅ Robot 0: A*规划器初始化完成
🤖 环境初始化: Namespace='/tb3_1', ModelName='tb3_1'
✅ Map 3: 预计算安全 spawn 点 42748 个 (clearance=0.40m)
✅ Robot 1: A*规划器初始化完成
🤖 环境初始化: Namespace='/tb3_2', ModelName='tb3_2'
✅ Map 3: 预计算安全 spawn 点 42748 个 (clearance=0.40m)
✅ Robot 2: A*规划器初始化完成
🤖 环境初始化: Namespace='/tb3_3', ModelName='tb3_3'
✅ Map 3: 预计算安全 spawn 点 42748 个 (clearance=0.40m)
✅ Robot 3: A*规划器初始化完成
[36m(RolloutWorker pid=1063099)[0m [graph] step=   0  comm_range=3.5m
[36m(RolloutWorker pid=1063099)[0m   robot_0 pos=(-4.800, 0.000)
[36m(RolloutWorker pid=1063099)[0m     adj=[1  1  0  1]  dist=[ 0.00   1.17   8.93   2.60]  neighbors=[1, 3]
[36m(RolloutWorker pid=1063099)[0m   robot_1 pos=(-4.200, 1.000)
[36m(RolloutWorker pid=1063099)[0m     adj=[1  1  0  1]  dist=[ 1.17   0.00   8.12   3.42]  neighbors=[0, 3]
[36m(RolloutWorker pid=1063099)[0m   robot_2 pos=( 3.800, 2.400)
[36m(RolloutWorker pid=1063099)[0m     adj=[0  0  1  0]  dist=[ 8.93   8.12   0.00   8.99]  neighbors=[]
[36m(RolloutWorker pid=1063099)[0m   robot_3 pos=(-3.800,-2.400)
[36m(RolloutWorker pid=1063099)[0m     adj=[1  1  0  1]  dist=[ 2.60   3.42   8.99   0.00]  neighbors=[0, 1]
[36m(RolloutWorker pid=1063099)[0m [comm] step=   0  agent_0  my_pos=(-4.800,0.000)  candidates=[np.int64(1), np.int64(3)]  received=0/2
[36m(RolloutWorker pid=1063099)[0m     (无有效邻居: 范围外/丢包/延迟填零)
[36m(RolloutWorker pid=1063099)[0m [comm] step=   0  agent_1  my_pos=(-4.200,1.000)  candidates=[np.int64(0), np.int64(3)]  received=0/2
[36m(RolloutWorker pid=1063099)[0m     (无有效邻居: 范围外/丢包/延迟填零)
[36m(RolloutWorker pid=1063099)[0m [comm] step=   0  agent_2  my_pos=(3.800,2.400)  candidates=[]  received=0/0
[36m(RolloutWorker pid=1063099)[0m     (无有效邻居: 范围外/丢包/延迟填零)
[36m(RolloutWorker pid=1063099)[0m [comm] step=   0  agent_3  my_pos=(-3.800,-2.400)  candidates=[np.int64(0), np.int64(1)]  received=0/2
[36m(RolloutWorker pid=1063099)[0m     (无有效邻居: 范围外/丢包/延迟填零)
[36m(RolloutWorker pid=1063099)[0m [graph] step=   1  comm_range=3.5m
[36m(RolloutWorker pid=1063099)[0m   robot_0 pos=(-4.800, 0.000)
[36m(RolloutWorker pid=1063099)[0m     adj=[1  1  0  1]  dist=[ 0.00   1.17   8.93   2.60]  neighbors=[1, 3]
[36m(RolloutWorker pid=1063099)[0m   robot_1 pos=(-4.200, 1.000)
[36m(RolloutWorker pid=1063099)[0m     adj=[1  1  0  1]  dist=[ 1.17   0.00   8.12   3.42]  neighbors=[0, 3]
[36m(RolloutWorker pid=1063099)[0m   robot_2 pos=( 3.800, 2.400)
[36m(RolloutWorker pid=1063099)[0m     adj=[0  0  1  0]  dist=[ 8.93   8.12   0.00   8.99]  neighbors=[]
[36m(RolloutWorker pid=1063099)[0m   robot_3 pos=(-3.800,-2.400)
[36m(RolloutWorker pid=1063099)[0m     adj=[1  1  0  1]  dist=[ 2.60   3.42   8.99   0.00]  neighbors=[0, 1]
[36m(RolloutWorker pid=1063099)[0m [comm] step=   1  agent_0  my_pos=(-4.800,0.000)  candidates=[np.int64(1), np.int64(3)]  received=0/2
[36m(RolloutWorker pid=1063099)[0m     (无有效邻居: 范围外/丢包/延迟填零)
[36m(RolloutWorker pid=1063099)[0m [comm] step=   1  agent_1  my_pos=(-4.200,1.000)  candidates=[np.int64(0), np.int64(3)]  received=0/2
[36m(RolloutWorker pid=1063099)[0m     (无有效邻居: 范围外/丢包/延迟填零)
[36m(RolloutWorker pid=1063099)[0m [comm] step=   1  agent_2  my_pos=(3.800,2.400)  candidates=[]  received=0/0
[36m(RolloutWorker pid=1063099)[0m     (无有效邻居: 范围外/丢包/延迟填零)
[36m(RolloutWorker pid=1063099)[0m [comm] step=   1  agent_3  my_pos=(-3.800,-2.400)  candidates=[np.int64(0), np.int64(1)]  received=0/2
[36m(RolloutWorker pid=1063099)[0m     (无有效邻居: 范围外/丢包/延迟填零)
[36m(RolloutWorker pid=1063099)[0m [graph] step=   2  comm_range=3.5m
[36m(RolloutWorker pid=1063099)[0m   robot_0 pos=(-4.801, 0.003)
[36m(RolloutWorker pid=1063099)[0m     adj=[1  1  0  1]  dist=[ 0.00   1.16   8.93   2.61]  neighbors=[1, 3]
[36m(RolloutWorker pid=1063099)[0m   robot_1 pos=(-4.201, 1.001)
[36m(RolloutWorker pid=1063099)[0m     adj=[1  1  0  1]  dist=[ 1.16   0.00   8.12   3.43]  neighbors=[0, 3]
[36m(RolloutWorker pid=1063099)[0m   robot_2 pos=( 3.800, 2.400)
[36m(RolloutWorker pid=1063099)[0m     adj=[0  0  1  0]  dist=[ 8.93   8.12   0.00   8.99]  neighbors=[]
[36m(RolloutWorker pid=1063099)[0m   robot_3 pos=(-3.799,-2.402)
[36m(RolloutWorker pid=1063099)[0m     adj=[1  1  0  1]  dist=[ 2.61   3.43   8.99   0.00]  neighbors=[0, 1]
[36m(RolloutWorker pid=1063099)[0m [comm] step=   2  agent_0  my_pos=(-4.801,0.003)  candidates=[np.int64(1), np.int64(3)]  received=0/2
[36m(RolloutWorker pid=1063099)[0m     (无有效邻居: 范围外/丢包/延迟填零)
[36m(RolloutWorker pid=1063099)[0m [comm] step=   2  agent_1  my_pos=(-4.201,1.001)  candidates=[np.int64(0), np.int64(3)]  received=0/2
[36m(RolloutWorker pid=1063099)[0m     (无有效邻居: 范围外/丢包/延迟填零)
[36m(RolloutWorker pid=1063099)[0m [comm] step=   2  agent_2  my_pos=(3.800,2.400)  candidates=[]  received=0/0
[36m(RolloutWorker pid=1063099)[0m     (无有效邻居: 范围外/丢包/延迟填零)
[36m(RolloutWorker pid=1063099)[0m [comm] step=   2  agent_3  my_pos=(-3.799,-2.402)  candidates=[np.int64(0), np.int64(1)]  received=0/2
[36m(RolloutWorker pid=1063099)[0m     (无有效邻居: 范围外/丢包/延迟填零)
[36m(RolloutWorker pid=1063099)[0m [graph] step=   3  comm_range=3.5m
[36m(RolloutWorker pid=1063099)[0m   robot_0 pos=(-4.804, 0.010)
[36m(RolloutWorker pid=1063099)[0m     adj=[1  1  0  1]  dist=[ 0.00   1.16   8.93   2.62]  neighbors=[1, 3]
