[INFO] [launch]: All log files can be found below /home/wj/.ros/log/2026-04-15-14-44-29-940872-wj-Default-string-1060210
[INFO] [launch]: Default logging verbosity is set to INFO
[INFO] Loading world (HEADLESS): /home/wj/work/multi-robot-exploration-rl/install/start_rl_environment_tb3/share/start_rl_environment_tb3/worlds/corridor_swap.world
[INFO] Using GAZEBO_MASTER_URI: http://127.0.0.1:11445
[INFO] Spawning 4 TurtleBot3 robots on corridor_swap...
[INFO] Using random positions
[INFO] Using fixed positions for 4 robots
[INFO]   Robot 0: Robot 0 - 左侧中间 at (-4.50, 0.00)
[INFO]   Robot 1: Robot 1 - 右侧中间 at (4.50, 0.00)
[INFO]   Robot 2: Robot 2 - 左下 at (-4.50, -3.00)
[INFO]   Robot 3: Robot 3 - 左上 at (-4.50, 3.00)
[spawn_robots] Created modified SDF for tb3_0 at /tmp/tb3_0_jpq5eh99.sdf
[spawn_robots] Created modified SDF for tb3_1 at /tmp/tb3_1_gurgeku1.sdf
[spawn_robots] Created modified SDF for tb3_2 at /tmp/tb3_2_8aan0dyr.sdf
[spawn_robots] Created modified SDF for tb3_3 at /tmp/tb3_3_p6i4e20h.sdf
[INFO] Map Server loading: /home/wj/work/multi-robot-exploration-rl/install/start_rl_environment_tb3/share/start_rl_environment_tb3/maps/corridor_swap.yaml
[INFO] [gzserver-1]: process started with pid [1060261]
[INFO] [robot_state_publisher-2]: process started with pid [1060263]
[INFO] [spawn_entity.py-3]: process started with pid [1060265]
[INFO] [static_transform_publisher-4]: process started with pid [1060267]
[INFO] [robot_state_publisher-5]: process started with pid [1060269]
[INFO] [spawn_entity.py-6]: process started with pid [1060271]
[INFO] [static_transform_publisher-7]: process started with pid [1060273]
[INFO] [robot_state_publisher-8]: process started with pid [1060275]
[INFO] [spawn_entity.py-9]: process started with pid [1060277]
[INFO] [static_transform_publisher-10]: process started with pid [1060279]
[INFO] [robot_state_publisher-11]: process started with pid [1060281]
[INFO] [spawn_entity.py-12]: process started with pid [1060283]
[INFO] [static_transform_publisher-13]: process started with pid [1060286]
[INFO] [map_server-14]: process started with pid [1060299]
[INFO] [lifecycle_manager-15]: process started with pid [1060321]
[INFO] [obstacle_mover.py-16]: process started with pid [1060326]
[static_transform_publisher-4] [WARN] [1776235470.219963598] []: Old-style arguments are deprecated; see --help for new-style arguments
[static_transform_publisher-7] [WARN] [1776235470.224931208] []: Old-style arguments are deprecated; see --help for new-style arguments
[static_transform_publisher-10] [WARN] [1776235470.229801265] []: Old-style arguments are deprecated; see --help for new-style arguments
[static_transform_publisher-13] [WARN] [1776235470.255174794] []: Old-style arguments are deprecated; see --help for new-style arguments
[static_transform_publisher-7] [INFO] [1776235470.257402711] [static_tf_tb3_1]: Spinning until stopped - publishing transform
[static_transform_publisher-7] translation: ('0.000000', '0.000000', '0.000000')
[static_transform_publisher-7] rotation: ('0.000000', '0.000000', '0.000000', '1.000000')
[static_transform_publisher-7] from 'map' to 'tb3_1/odom'
[static_transform_publisher-4] [INFO] [1776235470.257411033] [static_tf_tb3_0]: Spinning until stopped - publishing transform
[static_transform_publisher-4] translation: ('0.000000', '0.000000', '0.000000')
[static_transform_publisher-4] rotation: ('0.000000', '0.000000', '0.000000', '1.000000')
[static_transform_publisher-4] from 'map' to 'tb3_0/odom'
[static_transform_publisher-10] [INFO] [1776235470.272169612] [static_tf_tb3_2]: Spinning until stopped - publishing transform
[static_transform_publisher-10] translation: ('0.000000', '0.000000', '0.000000')
[static_transform_publisher-10] rotation: ('0.000000', '0.000000', '0.000000', '1.000000')
[static_transform_publisher-10] from 'map' to 'tb3_2/odom'
[robot_state_publisher-8] [INFO] [1776235470.279310518] [tb3_2.robot_state_publisher]: got segment base_footprint
[robot_state_publisher-8] [INFO] [1776235470.279578493] [tb3_2.robot_state_publisher]: got segment base_link
[robot_state_publisher-8] [INFO] [1776235470.279600100] [tb3_2.robot_state_publisher]: got segment base_scan
[robot_state_publisher-8] [INFO] [1776235470.279612064] [tb3_2.robot_state_publisher]: got segment caster_back_link
[robot_state_publisher-8] [INFO] [1776235470.279622451] [tb3_2.robot_state_publisher]: got segment imu_link
[robot_state_publisher-8] [INFO] [1776235470.279631946] [tb3_2.robot_state_publisher]: got segment wheel_left_link
[robot_state_publisher-8] [INFO] [1776235470.279642536] [tb3_2.robot_state_publisher]: got segment wheel_right_link
[robot_state_publisher-2] [INFO] [1776235470.279554172] [tb3_0.robot_state_publisher]: got segment base_footprint
[robot_state_publisher-2] [INFO] [1776235470.279708883] [tb3_0.robot_state_publisher]: got segment base_link
[robot_state_publisher-2] [INFO] [1776235470.279728135] [tb3_0.robot_state_publisher]: got segment base_scan
[robot_state_publisher-2] [INFO] [1776235470.279738164] [tb3_0.robot_state_publisher]: got segment caster_back_link
[robot_state_publisher-2] [INFO] [1776235470.279747343] [tb3_0.robot_state_publisher]: got segment imu_link
[robot_state_publisher-2] [INFO] [1776235470.279755344] [tb3_0.robot_state_publisher]: got segment wheel_left_link
[robot_state_publisher-2] [INFO] [1776235470.279764457] [tb3_0.robot_state_publisher]: got segment wheel_right_link
[robot_state_publisher-11] [INFO] [1776235470.292087067] [tb3_3.robot_state_publisher]: got segment base_footprint
[robot_state_publisher-11] [INFO] [1776235470.292254613] [tb3_3.robot_state_publisher]: got segment base_link
[robot_state_publisher-11] [INFO] [1776235470.292271992] [tb3_3.robot_state_publisher]: got segment base_scan
[robot_state_publisher-11] [INFO] [1776235470.292282224] [tb3_3.robot_state_publisher]: got segment caster_back_link
[robot_state_publisher-11] [INFO] [1776235470.292291744] [tb3_3.robot_state_publisher]: got segment imu_link
[robot_state_publisher-11] [INFO] [1776235470.292300710] [tb3_3.robot_state_publisher]: got segment wheel_left_link
[robot_state_publisher-11] [INFO] [1776235470.292309884] [tb3_3.robot_state_publisher]: got segment wheel_right_link
[lifecycle_manager-15] [INFO] [1776235470.311842154] [lifecycle_manager_map]: Creating
[robot_state_publisher-5] [INFO] [1776235470.316766536] [tb3_1.robot_state_publisher]: got segment base_footprint
[robot_state_publisher-5] [INFO] [1776235470.316976075] [tb3_1.robot_state_publisher]: got segment base_link
[robot_state_publisher-5] [INFO] [1776235470.316997629] [tb3_1.robot_state_publisher]: got segment base_scan
[robot_state_publisher-5] [INFO] [1776235470.317010554] [tb3_1.robot_state_publisher]: got segment caster_back_link
[robot_state_publisher-5] [INFO] [1776235470.317021180] [tb3_1.robot_state_publisher]: got segment imu_link
[robot_state_publisher-5] [INFO] [1776235470.317032070] [tb3_1.robot_state_publisher]: got segment wheel_left_link
[robot_state_publisher-5] [INFO] [1776235470.317042201] [tb3_1.robot_state_publisher]: got segment wheel_right_link
[static_transform_publisher-13] [INFO] [1776235470.321419175] [static_tf_tb3_3]: Spinning until stopped - publishing transform
[static_transform_publisher-13] translation: ('0.000000', '0.000000', '0.000000')
[static_transform_publisher-13] rotation: ('0.000000', '0.000000', '0.000000', '1.000000')
[static_transform_publisher-13] from 'map' to 'tb3_3/odom'
[lifecycle_manager-15] [INFO] [1776235470.322574258] [lifecycle_manager_map]: [34m[1mCreating and initializing lifecycle service clients[0m[0m
[lifecycle_manager-15] [INFO] [1776235470.344925904] [lifecycle_manager_map]: [34m[1mStarting managed nodes bringup...[0m[0m
[lifecycle_manager-15] [INFO] [1776235470.344994407] [lifecycle_manager_map]: [34m[1mConfiguring map_server[0m[0m
[map_server-14] [INFO] [1776235470.349407024] [map_server]: 
[map_server-14] 	map_server lifecycle node launched. 
[map_server-14] 	Waiting on external lifecycle transitions to activate
[map_server-14] 	See https://design.ros2.org/articles/node_lifecycle.html for more information.
[map_server-14] [INFO] [1776235470.349642962] [map_server]: Creating
[map_server-14] [INFO] [1776235470.351050455] [map_server]: Configuring
[map_server-14] [INFO] [1776235470.351115869] [map_io]: Loading yaml file: /home/wj/work/multi-robot-exploration-rl/install/start_rl_environment_tb3/share/start_rl_environment_tb3/maps/corridor_swap.yaml
[map_server-14] [INFO] [1776235470.352988397] [map_io]: resolution: 0.05
[map_server-14] [INFO] [1776235470.353016565] [map_io]: origin[0]: -6
[map_server-14] [INFO] [1776235470.353028497] [map_io]: origin[1]: -6
[map_server-14] [INFO] [1776235470.353038206] [map_io]: origin[2]: 0
[map_server-14] [INFO] [1776235470.353048617] [map_io]: free_thresh: 0.196
[map_server-14] [INFO] [1776235470.353058590] [map_io]: occupied_thresh: 0.65
[map_server-14] [INFO] [1776235470.353095449] [map_io]: mode: trinary
[map_server-14] [INFO] [1776235470.353106567] [map_io]: negate: 0
[map_server-14] [INFO] [1776235470.353388471] [map_io]: Loading image_file: /home/wj/work/multi-robot-exploration-rl/install/start_rl_environment_tb3/share/start_rl_environment_tb3/maps/corridor_swap.pgm
[map_server-14] [INFO] [1776235470.368917886] [map_io]: Read map /home/wj/work/multi-robot-exploration-rl/install/start_rl_environment_tb3/share/start_rl_environment_tb3/maps/corridor_swap.pgm: 240 X 240 map @ 0.05 m/cell
[lifecycle_manager-15] [INFO] [1776235470.377940576] [lifecycle_manager_map]: [34m[1mActivating map_server[0m[0m
[map_server-14] [INFO] [1776235470.378071157] [map_server]: Activating
[map_server-14] [INFO] [1776235470.378305028] [map_server]: Creating bond (map_server) to lifecycle manager.
[lifecycle_manager-15] [INFO] [1776235470.484167238] [lifecycle_manager_map]: Server map_server connected with bond.
[lifecycle_manager-15] [INFO] [1776235470.484216664] [lifecycle_manager_map]: [34m[1mManaged nodes are active[0m[0m
[lifecycle_manager-15] [INFO] [1776235470.484231285] [lifecycle_manager_map]: [34m[1mCreating bond timer...[0m[0m
[gzserver-1] Gazebo multi-robot simulator, version 11.10.2
[gzserver-1] Copyright (C) 2012 Open Source Robotics Foundation.
[gzserver-1] Released under the Apache 2 License.
[gzserver-1] http://gazebosim.org
[gzserver-1] 
[spawn_entity.py-12] [INFO] [1776235471.033351662] [tb3_3.spawn_entity]: Spawn Entity started
[spawn_entity.py-12] [INFO] [1776235471.033836397] [tb3_3.spawn_entity]: Loading entity XML from file /tmp/tb3_3_p6i4e20h.sdf
[spawn_entity.py-12] [INFO] [1776235471.035176211] [tb3_3.spawn_entity]: Waiting for service /spawn_entity, timeout = 30
[spawn_entity.py-12] [INFO] [1776235471.035851636] [tb3_3.spawn_entity]: Waiting for service /spawn_entity
[spawn_entity.py-3] [INFO] [1776235471.039156456] [tb3_0.spawn_entity]: Spawn Entity started
[spawn_entity.py-3] [INFO] [1776235471.039583690] [tb3_0.spawn_entity]: Loading entity XML from file /tmp/tb3_0_jpq5eh99.sdf
[spawn_entity.py-3] [INFO] [1776235471.040672807] [tb3_0.spawn_entity]: Waiting for service /spawn_entity, timeout = 30
[spawn_entity.py-3] [INFO] [1776235471.041060298] [tb3_0.spawn_entity]: Waiting for service /spawn_entity
[spawn_entity.py-6] [INFO] [1776235471.058391833] [tb3_1.spawn_entity]: Spawn Entity started
[spawn_entity.py-6] [INFO] [1776235471.059091344] [tb3_1.spawn_entity]: Loading entity XML from file /tmp/tb3_1_gurgeku1.sdf
[spawn_entity.py-6] [INFO] [1776235471.060669461] [tb3_1.spawn_entity]: Waiting for service /spawn_entity, timeout = 30
[spawn_entity.py-6] [INFO] [1776235471.061437156] [tb3_1.spawn_entity]: Waiting for service /spawn_entity
[spawn_entity.py-9] [INFO] [1776235471.109956540] [tb3_2.spawn_entity]: Spawn Entity started
[spawn_entity.py-9] [INFO] [1776235471.110465914] [tb3_2.spawn_entity]: Loading entity XML from file /tmp/tb3_2_8aan0dyr.sdf
[spawn_entity.py-9] [INFO] [1776235471.111348882] [tb3_2.spawn_entity]: Waiting for service /spawn_entity, timeout = 30
[spawn_entity.py-9] [INFO] [1776235471.111689821] [tb3_2.spawn_entity]: Waiting for service /spawn_entity
[gzserver-1] [1;33m[Wrn] [gazebo_ros_init.cpp:178] [0m[1;33m
[gzserver-1] #     # ####### ####### ###  #####  #######
[gzserver-1] ##    # #     #    #     #  #     # #
[gzserver-1] # #   # #     #    #     #  #       #
[gzserver-1] #  #  # #     #    #     #  #       #####
[gzserver-1] #   # # #     #    #     #  #       #
[gzserver-1] #    ## #     #    #     #  #     # #
[gzserver-1] #     # #######    #    ###  #####  #######
[gzserver-1] 
[gzserver-1] This version of Gazebo, now called Gazebo classic, reaches end-of-life
[gzserver-1] in January 2025. Users are highly encouraged to migrate to the new Gazebo
[gzserver-1] using our migration guides (https://gazebosim.org/docs/latest/gazebo_classic_migration?utm_source=gazebo_ros_pkgs&utm_medium=cli)
[gzserver-1] 
[gzserver-1] [0m[1;33m
[gzserver-1] [1;32m[Msg] [0m[1;32mWaiting for master.[0m[1;32m
[gzserver-1] [0m[1;32m[0m[1;32m[0m[1;32m[Msg] [0m[1;32mConnected to gazebo master @ [0m[1;32mhttp://127.0.0.1:11445[0m[1;32m
[gzserver-1] [0m[1;32m[0m[1;32m[0m[1;32m[Msg] [0m[1;32mPublicized address: [0m[1;32m172.19.10.153[0m[1;32m
[gzserver-1] [0m[1;32m[0m[1;32m[0m[1;32m[Msg] [0m[1;32mLoading world file [[0m[1;32m/home/wj/work/multi-robot-exploration-rl/install/start_rl_environment_tb3/share/start_rl_environment_tb3/worlds/corridor_swap.world[0m[1;32m][0m[1;32m
[gzserver-1] [0m[1;33m[0m[1;33m[0m[WARN] [1776235472.599726978] [rcl]: Found remap rule 'model_states:=model_states_demo'. This syntax is deprecated. Use '--ros-args --remap model_states:=model_states_demo' instead.
[gzserver-1] [INFO] [1776235472.612279339] [gazebo_ros_state]: Publishing states of gazebo models at [/model_states_demo]
[gzserver-1] [INFO] [1776235472.613467924] [gazebo_ros_state]: Publishing states of gazebo links at [/link_states]
[spawn_entity.py-9] [INFO] [1776235472.618545766] [tb3_2.spawn_entity]: Calling service /spawn_entity
[spawn_entity.py-12] [INFO] [1776235472.794887453] [tb3_3.spawn_entity]: Calling service /spawn_entity
[spawn_entity.py-3] [INFO] [1776235472.799040282] [tb3_0.spawn_entity]: Calling service /spawn_entity
[obstacle_mover.py-16] [INFO] [1776235472.811065601] [obstacle_mover]: [obstacle_mover] map=3  4 个障碍物  速度=0.110 m/s (scale×1.0)  30 Hz  随机游走模式
[obstacle_mover.py-16] [INFO] [1776235472.815894581] [obstacle_mover]: [obstacle_mover] ✅ dyn_obs_4~dyn_obs_7 已下沉至 z=-10.0
[spawn_entity.py-6] [INFO] [1776235472.826353094] [tb3_1.spawn_entity]: Calling service /spawn_entity
[gzserver-1] [INFO] [1776235472.869831467] [tb3_2.turtlebot3_imu]: <initial_orientation_as_reference> is unset, using default value of false to comply with REP 145 (world as orientation reference)
[spawn_entity.py-9] [INFO] [1776235473.011550148] [tb3_2.spawn_entity]: Spawn status: SpawnEntity: Successfully spawned entity [tb3_2]
[gzserver-1] [INFO] [1776235473.142832512] [tb3_2.turtlebot3_diff_drive]: Wheel pair 1 separation set to [0.160000m]
[gzserver-1] [INFO] [1776235473.142925212] [tb3_2.turtlebot3_diff_drive]: Wheel pair 1 diameter set to [0.066000m]
[gzserver-1] [INFO] [1776235473.144610252] [tb3_2.turtlebot3_diff_drive]: Subscribed to [/tb3_2/cmd_vel]
[gzserver-1] [INFO] [1776235473.147714739] [tb3_2.turtlebot3_diff_drive]: Advertise odometry on [/tb3_2/odom]
[gzserver-1] [INFO] [1776235473.152773975] [tb3_2.turtlebot3_diff_drive]: Publishing odom transforms between [tb3_2/odom] and [tb3_2/base_footprint]
[gzserver-1] [INFO] [1776235473.171777523] [tb3_2.turtlebot3_joint_state]: Going to publish joint [wheel_left_joint]
[gzserver-1] [INFO] [1776235473.171835265] [tb3_2.turtlebot3_joint_state]: Going to publish joint [wheel_right_joint]
[INFO] [spawn_entity.py-9]: process has finished cleanly [pid 1060277]
[gzserver-1] [INFO] [1776235473.495243173] [tb3_3.turtlebot3_imu]: <initial_orientation_as_reference> is unset, using default value of false to comply with REP 145 (world as orientation reference)
[spawn_entity.py-12] [INFO] [1776235473.607453628] [tb3_3.spawn_entity]: Spawn status: SpawnEntity: Successfully spawned entity [tb3_3]
[gzserver-1] [INFO] [1776235473.714193884] [tb3_3.turtlebot3_diff_drive]: Wheel pair 1 separation set to [0.160000m]
[gzserver-1] [INFO] [1776235473.714250009] [tb3_3.turtlebot3_diff_drive]: Wheel pair 1 diameter set to [0.066000m]
[gzserver-1] [INFO] [1776235473.714916145] [tb3_3.turtlebot3_diff_drive]: Subscribed to [/tb3_3/cmd_vel]
[gzserver-1] [INFO] [1776235473.715718929] [tb3_3.turtlebot3_diff_drive]: Advertise odometry on [/tb3_3/odom]
[gzserver-1] [INFO] [1776235473.717063918] [tb3_3.turtlebot3_diff_drive]: Publishing odom transforms between [tb3_3/odom] and [tb3_3/base_footprint]
[gzserver-1] [INFO] [1776235473.724260964] [tb3_3.turtlebot3_joint_state]: Going to publish joint [wheel_left_joint]
[gzserver-1] [INFO] [1776235473.724310399] [tb3_3.turtlebot3_joint_state]: Going to publish joint [wheel_right_joint]
[INFO] [spawn_entity.py-12]: process has finished cleanly [pid 1060283]
[gzserver-1] [INFO] [1776235474.049191538] [tb3_0.turtlebot3_imu]: <initial_orientation_as_reference> is unset, using default value of false to comply with REP 145 (world as orientation reference)
[spawn_entity.py-3] [INFO] [1776235474.176630522] [tb3_0.spawn_entity]: Spawn status: SpawnEntity: Successfully spawned entity [tb3_0]
[gzserver-1] [INFO] [1776235474.286270675] [tb3_0.turtlebot3_diff_drive]: Wheel pair 1 separation set to [0.160000m]
[gzserver-1] [INFO] [1776235474.286322754] [tb3_0.turtlebot3_diff_drive]: Wheel pair 1 diameter set to [0.066000m]
[gzserver-1] [INFO] [1776235474.286985128] [tb3_0.turtlebot3_diff_drive]: Subscribed to [/tb3_0/cmd_vel]
[gzserver-1] [INFO] [1776235474.288168344] [tb3_0.turtlebot3_diff_drive]: Advertise odometry on [/tb3_0/odom]
[gzserver-1] [INFO] [1776235474.289746704] [tb3_0.turtlebot3_diff_drive]: Publishing odom transforms between [tb3_0/odom] and [tb3_0/base_footprint]
[gzserver-1] [INFO] [1776235474.301569476] [tb3_0.turtlebot3_joint_state]: Going to publish joint [wheel_left_joint]
[gzserver-1] [INFO] [1776235474.301648872] [tb3_0.turtlebot3_joint_state]: Going to publish joint [wheel_right_joint]
[INFO] [spawn_entity.py-3]: process has finished cleanly [pid 1060265]
[gzserver-1] [INFO] [1776235474.602449349] [tb3_1.turtlebot3_imu]: <initial_orientation_as_reference> is unset, using default value of false to comply with REP 145 (world as orientation reference)
[spawn_entity.py-6] [INFO] [1776235474.715731939] [tb3_1.spawn_entity]: Spawn status: SpawnEntity: Successfully spawned entity [tb3_1]
[gzserver-1] [INFO] [1776235474.825510120] [tb3_1.turtlebot3_diff_drive]: Wheel pair 1 separation set to [0.160000m]
[gzserver-1] [INFO] [1776235474.825614491] [tb3_1.turtlebot3_diff_drive]: Wheel pair 1 diameter set to [0.066000m]
[gzserver-1] [INFO] [1776235474.827120939] [tb3_1.turtlebot3_diff_drive]: Subscribed to [/tb3_1/cmd_vel]
[gzserver-1] [INFO] [1776235474.828212710] [tb3_1.turtlebot3_diff_drive]: Advertise odometry on [/tb3_1/odom]
[gzserver-1] [INFO] [1776235474.830367915] [tb3_1.turtlebot3_diff_drive]: Publishing odom transforms between [tb3_1/odom] and [tb3_1/base_footprint]
[gzserver-1] [INFO] [1776235474.844908590] [tb3_1.turtlebot3_joint_state]: Going to publish joint [wheel_left_joint]
[gzserver-1] [INFO] [1776235474.844959142] [tb3_1.turtlebot3_joint_state]: Going to publish joint [wheel_right_joint]
[INFO] [spawn_entity.py-6]: process has finished cleanly [pid 1060271]
