2026-06-08 22:05:10,337	INFO worker.py:2013 -- Started a local Ray instance.
/home/wj/anaconda3/envs/ros2/lib/python3.10/site-packages/ray/rllib/algorithms/algorithm.py:527: RayDeprecationWarning: This API is deprecated and may be removed in future Ray releases. You could suppress this warning by setting env variable PYTHONWARNINGS="ignore::DeprecationWarning"
`UnifiedLogger` will be removed in Ray 2.7.
  return UnifiedLogger(config, logdir, loggers=None)
/home/wj/anaconda3/envs/ros2/lib/python3.10/site-packages/ray/tune/logger/unified.py:53: RayDeprecationWarning: This API is deprecated and may be removed in future Ray releases. You could suppress this warning by setting env variable PYTHONWARNINGS="ignore::DeprecationWarning"
The `JsonLogger interface is deprecated in favor of the `ray.tune.json.JsonLoggerCallback` interface and will be removed in Ray 2.7.
  self._loggers.append(cls(self.config, self.logdir, self.trial))
/home/wj/anaconda3/envs/ros2/lib/python3.10/site-packages/ray/tune/logger/unified.py:53: RayDeprecationWarning: This API is deprecated and may be removed in future Ray releases. You could suppress this warning by setting env variable PYTHONWARNINGS="ignore::DeprecationWarning"
The `CSVLogger interface is deprecated in favor of the `ray.tune.csv.CSVLoggerCallback` interface and will be removed in Ray 2.7.
  self._loggers.append(cls(self.config, self.logdir, self.trial))
/home/wj/anaconda3/envs/ros2/lib/python3.10/site-packages/ray/tune/logger/unified.py:53: RayDeprecationWarning: This API is deprecated and may be removed in future Ray releases. You could suppress this warning by setting env variable PYTHONWARNINGS="ignore::DeprecationWarning"
The `TBXLogger interface is deprecated in favor of the `ray.tune.tensorboardx.TBXLoggerCallback` interface and will be removed in Ray 2.7.
  self._loggers.append(cls(self.config, self.logdir, self.trial))
[2026-06-08 22:05:11,083 E 2760204 2760204] core_worker.cc:2232: Actor with class name: 'RolloutWorker' and ID: '30d1a03ed2aca8dab3fdfa9d01000000' has constructor arguments in the object store and max_restarts > 0. If the arguments in the object store go out of scope or are lost, the actor restart will fail. See https://github.com/ray-project/ray/issues/53727 for more details.
[36m(RolloutWorker pid=2761471)[0m [INFO] [1780927515.454003162] [gym_env_robot_0_39192]: ✅ 路径可视化器已启动，路径话题: /waypoint_markers, tracking话题: /rolling_subgoal_markers
[36m(RolloutWorker pid=2761471)[0m [INFO] [1780927515.490017411] [gym_env_robot_1_15513]: ✅ 路径可视化器已启动，路径话题: /waypoint_markers, tracking话题: /rolling_subgoal_markers
[36m(RolloutWorker pid=2761471)[0m [INFO] [1780927515.515000468] [gym_env_robot_2_12011]: ✅ 路径可视化器已启动，路径话题: /waypoint_markers, tracking话题: /rolling_subgoal_markers
[36m(RolloutWorker pid=2761471)[0m [INFO] [1780927515.540644805] [gym_env_robot_3_3729]: ✅ 路径可视化器已启动，路径话题: /waypoint_markers, tracking话题: /rolling_subgoal_markers
2026-06-08 22:05:15,608	ERROR actor_manager.py:973 -- Ray error (The actor died because of an error raised in its creation task, [36mray::RolloutWorker.__init__()[39m (pid=2761471, ip=198.18.0.1, actor_id=30d1a03ed2aca8dab3fdfa9d01000000, repr=<ray.rllib.evaluation.rollout_worker.RolloutWorker object at 0x77c318fda020>)
  File "/home/wj/anaconda3/envs/ros2/lib/python3.10/site-packages/ray/rllib/evaluation/rollout_worker.py", line 519, in __init__
    self._update_policy_map(policy_dict=self.policy_dict)
  File "/home/wj/anaconda3/envs/ros2/lib/python3.10/site-packages/ray/rllib/evaluation/rollout_worker.py", line 1729, in _update_policy_map
    self._build_policy_map(
  File "/home/wj/anaconda3/envs/ros2/lib/python3.10/site-packages/ray/rllib/evaluation/rollout_worker.py", line 1833, in _build_policy_map
    new_policy = create_policy_for_framework(
  File "/home/wj/anaconda3/envs/ros2/lib/python3.10/site-packages/ray/rllib/utils/policy.py", line 108, in create_policy_for_framework
    return policy_class(observation_space, action_space, merged_config)
  File "/home/wj/anaconda3/envs/ros2/lib/python3.10/site-packages/ray/rllib/algorithms/ppo/ppo_torch_policy.py", line 49, in __init__
    TorchPolicyV2.__init__(
  File "/home/wj/anaconda3/envs/ros2/lib/python3.10/site-packages/ray/rllib/policy/torch_policy_v2.py", line 88, in __init__
    model, dist_class = self._init_model_and_dist_class()
  File "/home/wj/anaconda3/envs/ros2/lib/python3.10/site-packages/ray/rllib/policy/torch_policy_v2.py", line 452, in _init_model_and_dist_class
    model = ModelCatalog.get_model_v2(
  File "/home/wj/anaconda3/envs/ros2/lib/python3.10/site-packages/ray/rllib/models/catalog.py", line 529, in get_model_v2
    instance = model_cls(
  File "/home/wj/work/multi-robot-exploration-rl/src/gnn_marl_training/gnn_marl_training/mappo_mlp_model.py", line 129, in __init__
    raise ValueError(
ValueError: [MAPPOMLPModel] obs 维度不匹配，无法从观测空间反推出布局: total_obs_dim=1502, num_agents=4, candidate_neighbor_dims=[15, 0, 5, 10], neighbor_feature_dim=5), taking actor 1 out of service.
2026-06-08 22:05:15,609	ERROR env_runner_group.py:791 -- Validation of EnvRunner failed! Error=The actor died because of an error raised in its creation task, [36mray::RolloutWorker.__init__()[39m (pid=2761471, ip=198.18.0.1, actor_id=30d1a03ed2aca8dab3fdfa9d01000000, repr=<ray.rllib.evaluation.rollout_worker.RolloutWorker object at 0x77c318fda020>)
  File "/home/wj/anaconda3/envs/ros2/lib/python3.10/site-packages/ray/rllib/evaluation/rollout_worker.py", line 519, in __init__
    self._update_policy_map(policy_dict=self.policy_dict)
  File "/home/wj/anaconda3/envs/ros2/lib/python3.10/site-packages/ray/rllib/evaluation/rollout_worker.py", line 1729, in _update_policy_map
    self._build_policy_map(
  File "/home/wj/anaconda3/envs/ros2/lib/python3.10/site-packages/ray/rllib/evaluation/rollout_worker.py", line 1833, in _build_policy_map
    new_policy = create_policy_for_framework(
  File "/home/wj/anaconda3/envs/ros2/lib/python3.10/site-packages/ray/rllib/utils/policy.py", line 108, in create_policy_for_framework
    return policy_class(observation_space, action_space, merged_config)
  File "/home/wj/anaconda3/envs/ros2/lib/python3.10/site-packages/ray/rllib/algorithms/ppo/ppo_torch_policy.py", line 49, in __init__
    TorchPolicyV2.__init__(
  File "/home/wj/anaconda3/envs/ros2/lib/python3.10/site-packages/ray/rllib/policy/torch_policy_v2.py", line 88, in __init__
    model, dist_class = self._init_model_and_dist_class()
  File "/home/wj/anaconda3/envs/ros2/lib/python3.10/site-packages/ray/rllib/policy/torch_policy_v2.py", line 452, in _init_model_and_dist_class
    model = ModelCatalog.get_model_v2(
  File "/home/wj/anaconda3/envs/ros2/lib/python3.10/site-packages/ray/rllib/models/catalog.py", line 529, in get_model_v2
    instance = model_cls(
  File "/home/wj/work/multi-robot-exploration-rl/src/gnn_marl_training/gnn_marl_training/mappo_mlp_model.py", line 129, in __init__
    raise ValueError(
ValueError: [MAPPOMLPModel] obs 维度不匹配，无法从观测空间反推出布局: total_obs_dim=1502, num_agents=4, candidate_neighbor_dims=[15, 0, 5, 10], neighbor_feature_dim=5
ℹ️ Method3 + map6(interaction_hub) 自动启用交互专项默认值: num_obstacles=0, obs_speed_scale=0.0
⚠️ minibatch_size=1024 > train_batch_size=200，自动裁剪为 200
================================================================================
🧱 MAPPO-MLP-LSTM 基础训练（无 GNN，带 LSTM）
================================================================================
  机器人数量:  4
  环境阶段:    1 · Stage 1 · 静态入门
  并行Workers: 1
  采样设置:    timeout=1200s fragment=50 mode=truncate_episodes
  训练步数:    200
  学习率:      0.0003
  动作模式:    interaction_mode
  PPO配置:     interaction_mode  (clip=0.2, ent=0.008, mb=200, epochs=8)
  隐藏维度:    512
  Actor 输入:  73  (TopK扇区(9)×4帧 + goal(2)+vel(2)+safety(7)+predictive(6)+neighbor_pred(0x0)+obstacle_motion(0))
  Critic 输入: 292  (4 个机器人全局状态)
  阶段描述:    warehouse_aisles + 无动态障碍，先学会朝 waypoint 平滑前进。
  冲突路线:    mode=aggressive prob=1.00
  预测避碰:    horizon=1.20s social_ttc=2.20s front_ttc=1.20s min_sep=0.55m
  控制方式:    纯端到端RL（goal-directed，path-tracking reward=OFF）
  需要环境:    ros2 launch start_rl_environment_tb3 main.launch.py map_number:=6 robot_number:=4 num_obstacles:=0 obs_speed_scale:=0.0
================================================================================

⚠️ minibatch_size=1024 > train_batch_size=200，自动裁剪为 200
[36m(RolloutWorker pid=2761471)[0m 🤖 环境初始化: Namespace='/tb3_0', ModelName='tb3_0'
[36m(RolloutWorker pid=2761471)[0m ✅ Map 6: 预计算安全 spawn 点 11100 个 (clearance=0.40m)
[36m(RolloutWorker pid=2761471)[0m ✅ Robot 0: A*规划器初始化完成
[36m(RolloutWorker pid=2761471)[0m 🤖 环境初始化: Namespace='/tb3_1', ModelName='tb3_1'
[36m(RolloutWorker pid=2761471)[0m ✅ Map 6: 预计算安全 spawn 点 11100 个 (clearance=0.40m)
[36m(RolloutWorker pid=2761471)[0m ✅ Robot 1: A*规划器初始化完成
[36m(RolloutWorker pid=2761471)[0m 🤖 环境初始化: Namespace='/tb3_2', ModelName='tb3_2'
[36m(RolloutWorker pid=2761471)[0m ✅ Map 6: 预计算安全 spawn 点 11100 个 (clearance=0.40m)
[36m(RolloutWorker pid=2761471)[0m ✅ Robot 2: A*规划器初始化完成
[36m(RolloutWorker pid=2761471)[0m 🤖 环境初始化: Namespace='/tb3_3', ModelName='tb3_3'
[36m(RolloutWorker pid=2761471)[0m ✅ Map 6: 预计算安全 spawn 点 11100 个 (clearance=0.40m)
[36m(RolloutWorker pid=2761471)[0m ✅ Robot 3: A*规划器初始化完成
Traceback (most recent call last):
  File "/home/wj/work/multi-robot-exploration-rl/src/gnn_marl_training/gnn_marl_training/train_gnn_mappo_full.py", line 2297, in <module>
    main()
  File "/home/wj/work/multi-robot-exploration-rl/src/gnn_marl_training/gnn_marl_training/train_gnn_mappo_full.py", line 1984, in main
    ckpt = _run_tune(
  File "/home/wj/work/multi-robot-exploration-rl/src/gnn_marl_training/gnn_marl_training/train_gnn_mappo_full.py", line 1402, in _run_tune
    return _run_training(
  File "/home/wj/work/multi-robot-exploration-rl/src/gnn_marl_training/gnn_marl_training/train_gnn_mappo_full.py", line 852, in _run_training
    algo = config.build()
  File "/home/wj/anaconda3/envs/ros2/lib/python3.10/site-packages/ray/_common/deprecation.py", line 169, in _ctor
    return obj(*args, **kwargs)
  File "/home/wj/anaconda3/envs/ros2/lib/python3.10/site-packages/ray/rllib/algorithms/algorithm_config.py", line 5906, in build
    return self.build_algo(*args, **kwargs)
  File "/home/wj/anaconda3/envs/ros2/lib/python3.10/site-packages/ray/rllib/algorithms/algorithm_config.py", line 1007, in build_algo
    return algo_class(
  File "/home/wj/anaconda3/envs/ros2/lib/python3.10/site-packages/ray/rllib/algorithms/algorithm.py", line 583, in __init__
    super().__init__(
  File "/home/wj/anaconda3/envs/ros2/lib/python3.10/site-packages/ray/tune/trainable/trainable.py", line 158, in __init__
    self.setup(copy.deepcopy(self.config))
  File "/home/wj/anaconda3/envs/ros2/lib/python3.10/site-packages/ray/rllib/algorithms/algorithm.py", line 849, in setup
    self.env_runner_group = EnvRunnerGroup(
  File "/home/wj/anaconda3/envs/ros2/lib/python3.10/site-packages/ray/rllib/env/env_runner_group.py", line 197, in __init__
    self._setup(
  File "/home/wj/anaconda3/envs/ros2/lib/python3.10/site-packages/ray/rllib/env/env_runner_group.py", line 285, in _setup
    spaces = self.get_spaces()
  File "/home/wj/anaconda3/envs/ros2/lib/python3.10/site-packages/ray/rllib/env/env_runner_group.py", line 313, in get_spaces
    spaces = self.foreach_env_runner(
IndexError: list index out of range
[36m(RolloutWorker pid=2761471)[0m Exception raised in creation task: The actor died because of an error raised in its creation task, [36mray::RolloutWorker.__init__()[39m (pid=2761471, ip=198.18.0.1, actor_id=30d1a03ed2aca8dab3fdfa9d01000000, repr=<ray.rllib.evaluation.rollout_worker.RolloutWorker object at 0x77c318fda020>)
[36m(RolloutWorker pid=2761471)[0m   File "/home/wj/anaconda3/envs/ros2/lib/python3.10/site-packages/ray/rllib/evaluation/rollout_worker.py", line 519, in __init__
[36m(RolloutWorker pid=2761471)[0m     self._update_policy_map(policy_dict=self.policy_dict)
[36m(RolloutWorker pid=2761471)[0m   File "/home/wj/anaconda3/envs/ros2/lib/python3.10/site-packages/ray/rllib/evaluation/rollout_worker.py", line 1729, in _update_policy_map
[36m(RolloutWorker pid=2761471)[0m     self._build_policy_map(
[36m(RolloutWorker pid=2761471)[0m   File "/home/wj/anaconda3/envs/ros2/lib/python3.10/site-packages/ray/rllib/evaluation/rollout_worker.py", line 1833, in _build_policy_map
[36m(RolloutWorker pid=2761471)[0m     new_policy = create_policy_for_framework(
[36m(RolloutWorker pid=2761471)[0m   File "/home/wj/anaconda3/envs/ros2/lib/python3.10/site-packages/ray/rllib/utils/policy.py", line 108, in create_policy_for_framework
[36m(RolloutWorker pid=2761471)[0m     return policy_class(observation_space, action_space, merged_config)
[36m(RolloutWorker pid=2761471)[0m   File "/home/wj/anaconda3/envs/ros2/lib/python3.10/site-packages/ray/rllib/algorithms/ppo/ppo_torch_policy.py", line 49, in __init__
[36m(RolloutWorker pid=2761471)[0m     TorchPolicyV2.__init__(
[36m(RolloutWorker pid=2761471)[0m   File "/home/wj/anaconda3/envs/ros2/lib/python3.10/site-packages/ray/rllib/policy/torch_policy_v2.py", line 88, in __init__
[36m(RolloutWorker pid=2761471)[0m     model, dist_class = self._init_model_and_dist_class()
[36m(RolloutWorker pid=2761471)[0m   File "/home/wj/anaconda3/envs/ros2/lib/python3.10/site-packages/ray/rllib/policy/torch_policy_v2.py", line 452, in _init_model_and_dist_class
[36m(RolloutWorker pid=2761471)[0m     model = ModelCatalog.get_model_v2(
[36m(RolloutWorker pid=2761471)[0m   File "/home/wj/anaconda3/envs/ros2/lib/python3.10/site-packages/ray/rllib/models/catalog.py", line 529, in get_model_v2
[36m(RolloutWorker pid=2761471)[0m     instance = model_cls(
[36m(RolloutWorker pid=2761471)[0m   File "/home/wj/work/multi-robot-exploration-rl/src/gnn_marl_training/gnn_marl_training/mappo_mlp_model.py", line 129, in __init__
[36m(RolloutWorker pid=2761471)[0m     raise ValueError(
[36m(RolloutWorker pid=2761471)[0m ValueError: [MAPPOMLPModel] obs 维度不匹配，无法从观测空间反推出布局: total_obs_dim=1502, num_agents=4, candidate_neighbor_dims=[15, 0, 5, 10], neighbor_feature_dim=5
