[INFO] [launch]: All log files can be found below /home/wj/.ros/log/2026-06-08-22-04-52-589423-wj-Default-string-2758652
[INFO] [launch]: Default logging verbosity is set to INFO
[INFO] Loading world (HEADLESS): /home/wj/work/multi-robot-exploration-rl/install/start_rl_environment_tb3/share/start_rl_environment_tb3/worlds/interaction_hub.world
[INFO] Using GAZEBO_MASTER_URI: http://127.0.0.1:11345
[INFO] Spawning 4 TurtleBot3 robots on interaction_hub...
[INFO] Using random positions
[INFO] Using fixed positions for 4 robots
[INFO]   Robot 0: Robot 0 - west lower at (-5.10, -0.85)
[INFO]   Robot 1: Robot 1 - west upper at (-5.10, 0.85)
[INFO]   Robot 2: Robot 2 - east upper at (5.10, 0.85)
[INFO]   Robot 3: Robot 3 - east lower at (5.10, -0.85)
[spawn_robots] Created modified SDF for tb3_0 at /tmp/tb3_0_n9rzhwh8.sdf
[spawn_robots] Created modified SDF for tb3_1 at /tmp/tb3_1_820twz0_.sdf
[spawn_robots] Created modified SDF for tb3_2 at /tmp/tb3_2_ehbg6an7.sdf
[spawn_robots] Created modified SDF for tb3_3 at /tmp/tb3_3_03v85zaf.sdf
[INFO] Map Server loading: /home/wj/work/multi-robot-exploration-rl/install/start_rl_environment_tb3/share/start_rl_environment_tb3/maps/interaction_hub.yaml
[INFO] [gzserver-1]: process started with pid [2758729]
[INFO] [robot_state_publisher-2]: process started with pid [2758731]
[INFO] [spawn_entity.py-3]: process started with pid [2758733]
[INFO] [static_transform_publisher-4]: process started with pid [2758735]
[INFO] [robot_state_publisher-5]: process started with pid [2758737]
[INFO] [spawn_entity.py-6]: process started with pid [2758739]
[INFO] [static_transform_publisher-7]: process started with pid [2758741]
[INFO] [robot_state_publisher-8]: process started with pid [2758743]
[INFO] [spawn_entity.py-9]: process started with pid [2758745]
[INFO] [static_transform_publisher-10]: process started with pid [2758747]
[INFO] [robot_state_publisher-11]: process started with pid [2758749]
[INFO] [spawn_entity.py-12]: process started with pid [2758751]
[INFO] [static_transform_publisher-13]: process started with pid [2758753]
[INFO] [map_server-14]: process started with pid [2758757]
[INFO] [lifecycle_manager-15]: process started with pid [2758770]
[INFO] [obstacle_mover.py-16]: process started with pid [2758781]
[static_transform_publisher-4] [WARN] [1780927492.848889044] []: Old-style arguments are deprecated; see --help for new-style arguments
[static_transform_publisher-7] [WARN] [1780927492.849954764] []: Old-style arguments are deprecated; see --help for new-style arguments
[static_transform_publisher-10] [WARN] [1780927492.850971911] []: Old-style arguments are deprecated; see --help for new-style arguments
[static_transform_publisher-13] [WARN] [1780927492.860303013] []: Old-style arguments are deprecated; see --help for new-style arguments
[static_transform_publisher-7] [INFO] [1780927492.892728717] [static_tf_tb3_1]: Spinning until stopped - publishing transform
[static_transform_publisher-7] translation: ('0.000000', '0.000000', '0.000000')
[static_transform_publisher-7] rotation: ('0.000000', '0.000000', '0.000000', '1.000000')
[static_transform_publisher-7] from 'map' to 'tb3_1/odom'
[static_transform_publisher-4] [INFO] [1780927492.900616938] [static_tf_tb3_0]: Spinning until stopped - publishing transform
[static_transform_publisher-4] translation: ('0.000000', '0.000000', '0.000000')
[static_transform_publisher-4] rotation: ('0.000000', '0.000000', '0.000000', '1.000000')
[static_transform_publisher-4] from 'map' to 'tb3_0/odom'
[robot_state_publisher-5] [INFO] [1780927492.908987626] [tb3_1.robot_state_publisher]: got segment base_footprint
[robot_state_publisher-5] [INFO] [1780927492.909173113] [tb3_1.robot_state_publisher]: got segment base_link
[robot_state_publisher-5] [INFO] [1780927492.909204717] [tb3_1.robot_state_publisher]: got segment base_scan
[robot_state_publisher-5] [INFO] [1780927492.909218325] [tb3_1.robot_state_publisher]: got segment caster_back_link
[robot_state_publisher-5] [INFO] [1780927492.909229092] [tb3_1.robot_state_publisher]: got segment imu_link
[robot_state_publisher-5] [INFO] [1780927492.909240220] [tb3_1.robot_state_publisher]: got segment wheel_left_link
[robot_state_publisher-5] [INFO] [1780927492.909284977] [tb3_1.robot_state_publisher]: got segment wheel_right_link
[static_transform_publisher-13] [INFO] [1780927492.913191580] [static_tf_tb3_3]: Spinning until stopped - publishing transform
[static_transform_publisher-13] translation: ('0.000000', '0.000000', '0.000000')
[static_transform_publisher-13] rotation: ('0.000000', '0.000000', '0.000000', '1.000000')
[static_transform_publisher-13] from 'map' to 'tb3_3/odom'
[static_transform_publisher-10] [INFO] [1780927492.916714171] [static_tf_tb3_2]: Spinning until stopped - publishing transform
[static_transform_publisher-10] translation: ('0.000000', '0.000000', '0.000000')
[static_transform_publisher-10] rotation: ('0.000000', '0.000000', '0.000000', '1.000000')
[static_transform_publisher-10] from 'map' to 'tb3_2/odom'
[robot_state_publisher-8] [INFO] [1780927492.919224936] [tb3_2.robot_state_publisher]: got segment base_footprint
[robot_state_publisher-8] [INFO] [1780927492.919379225] [tb3_2.robot_state_publisher]: got segment base_link
[robot_state_publisher-8] [INFO] [1780927492.919402321] [tb3_2.robot_state_publisher]: got segment base_scan
[robot_state_publisher-8] [INFO] [1780927492.919415713] [tb3_2.robot_state_publisher]: got segment caster_back_link
[robot_state_publisher-8] [INFO] [1780927492.919426313] [tb3_2.robot_state_publisher]: got segment imu_link
[robot_state_publisher-8] [INFO] [1780927492.919437196] [tb3_2.robot_state_publisher]: got segment wheel_left_link
[robot_state_publisher-8] [INFO] [1780927492.919447484] [tb3_2.robot_state_publisher]: got segment wheel_right_link
[robot_state_publisher-2] [INFO] [1780927492.920739244] [tb3_0.robot_state_publisher]: got segment base_footprint
[robot_state_publisher-2] [INFO] [1780927492.920879775] [tb3_0.robot_state_publisher]: got segment base_link
[robot_state_publisher-2] [INFO] [1780927492.920901232] [tb3_0.robot_state_publisher]: got segment base_scan
[robot_state_publisher-2] [INFO] [1780927492.920913549] [tb3_0.robot_state_publisher]: got segment caster_back_link
[robot_state_publisher-2] [INFO] [1780927492.920924279] [tb3_0.robot_state_publisher]: got segment imu_link
[robot_state_publisher-2] [INFO] [1780927492.920933923] [tb3_0.robot_state_publisher]: got segment wheel_left_link
[robot_state_publisher-2] [INFO] [1780927492.920943095] [tb3_0.robot_state_publisher]: got segment wheel_right_link
[lifecycle_manager-15] [INFO] [1780927492.936738124] [lifecycle_manager_map]: Creating
[lifecycle_manager-15] [INFO] [1780927492.941868544] [lifecycle_manager_map]: [34m[1mCreating and initializing lifecycle service clients[0m[0m
[map_server-14] [INFO] [1780927492.944208238] [map_server]: 
[map_server-14] 	map_server lifecycle node launched. 
[map_server-14] 	Waiting on external lifecycle transitions to activate
[map_server-14] 	See https://design.ros2.org/articles/node_lifecycle.html for more information.
[map_server-14] [INFO] [1780927492.944410844] [map_server]: Creating
[lifecycle_manager-15] [INFO] [1780927492.945670773] [lifecycle_manager_map]: [34m[1mStarting managed nodes bringup...[0m[0m
[lifecycle_manager-15] [INFO] [1780927492.945703939] [lifecycle_manager_map]: [34m[1mConfiguring map_server[0m[0m
[map_server-14] [INFO] [1780927492.945942553] [map_server]: Configuring
[map_server-14] [INFO] [1780927492.946006624] [map_io]: Loading yaml file: /home/wj/work/multi-robot-exploration-rl/install/start_rl_environment_tb3/share/start_rl_environment_tb3/maps/interaction_hub.yaml
[map_server-14] [INFO] [1780927492.946390594] [map_io]: resolution: 0.05
[map_server-14] [INFO] [1780927492.946409229] [map_io]: origin[0]: -6
[map_server-14] [INFO] [1780927492.946419166] [map_io]: origin[1]: -6
[map_server-14] [INFO] [1780927492.946427980] [map_io]: origin[2]: 0
[map_server-14] [INFO] [1780927492.946437550] [map_io]: free_thresh: 0.196
[map_server-14] [INFO] [1780927492.946446899] [map_io]: occupied_thresh: 0.65
[map_server-14] [INFO] [1780927492.946456951] [map_io]: mode: trinary
[map_server-14] [INFO] [1780927492.946466814] [map_io]: negate: 0
[robot_state_publisher-11] [INFO] [1780927492.946391586] [tb3_3.robot_state_publisher]: got segment base_footprint
[robot_state_publisher-11] [INFO] [1780927492.946530338] [tb3_3.robot_state_publisher]: got segment base_link
[robot_state_publisher-11] [INFO] [1780927492.946552391] [tb3_3.robot_state_publisher]: got segment base_scan
[robot_state_publisher-11] [INFO] [1780927492.946565587] [tb3_3.robot_state_publisher]: got segment caster_back_link
[robot_state_publisher-11] [INFO] [1780927492.946577309] [tb3_3.robot_state_publisher]: got segment imu_link
[robot_state_publisher-11] [INFO] [1780927492.946588141] [tb3_3.robot_state_publisher]: got segment wheel_left_link
[robot_state_publisher-11] [INFO] [1780927492.946598827] [tb3_3.robot_state_publisher]: got segment wheel_right_link
[map_server-14] [INFO] [1780927492.946748416] [map_io]: Loading image_file: /home/wj/work/multi-robot-exploration-rl/install/start_rl_environment_tb3/share/start_rl_environment_tb3/maps/interaction_hub.pgm
[map_server-14] [INFO] [1780927492.962127316] [map_io]: Read map /home/wj/work/multi-robot-exploration-rl/install/start_rl_environment_tb3/share/start_rl_environment_tb3/maps/interaction_hub.pgm: 240 X 240 map @ 0.05 m/cell
[lifecycle_manager-15] [INFO] [1780927492.972292575] [lifecycle_manager_map]: [34m[1mActivating map_server[0m[0m
[map_server-14] [INFO] [1780927492.972495925] [map_server]: Activating
[map_server-14] [INFO] [1780927492.972717711] [map_server]: Creating bond (map_server) to lifecycle manager.
[lifecycle_manager-15] [INFO] [1780927493.077703603] [lifecycle_manager_map]: Server map_server connected with bond.
[lifecycle_manager-15] [INFO] [1780927493.077765349] [lifecycle_manager_map]: [34m[1mManaged nodes are active[0m[0m
[lifecycle_manager-15] [INFO] [1780927493.077786930] [lifecycle_manager_map]: [34m[1mCreating bond timer...[0m[0m
[gzserver-1] Gazebo multi-robot simulator, version 11.10.2
[gzserver-1] Copyright (C) 2012 Open Source Robotics Foundation.
[gzserver-1] Released under the Apache 2 License.
[gzserver-1] http://gazebosim.org
[gzserver-1] 
[spawn_entity.py-9] [INFO] [1780927493.450557986] [tb3_2.spawn_entity]: Spawn Entity started
[spawn_entity.py-9] [INFO] [1780927493.450970060] [tb3_2.spawn_entity]: Loading entity XML from file /tmp/tb3_2_ehbg6an7.sdf
[spawn_entity.py-9] [INFO] [1780927493.452089065] [tb3_2.spawn_entity]: Waiting for service /spawn_entity, timeout = 30
[spawn_entity.py-9] [INFO] [1780927493.452716392] [tb3_2.spawn_entity]: Waiting for service /spawn_entity
[spawn_entity.py-3] [INFO] [1780927493.453219362] [tb3_0.spawn_entity]: Spawn Entity started
[spawn_entity.py-3] [INFO] [1780927493.454033481] [tb3_0.spawn_entity]: Loading entity XML from file /tmp/tb3_0_n9rzhwh8.sdf
[spawn_entity.py-3] [INFO] [1780927493.455146911] [tb3_0.spawn_entity]: Waiting for service /spawn_entity, timeout = 30
[spawn_entity.py-3] [INFO] [1780927493.455788352] [tb3_0.spawn_entity]: Waiting for service /spawn_entity
[spawn_entity.py-12] [INFO] [1780927493.467329758] [tb3_3.spawn_entity]: Spawn Entity started
[spawn_entity.py-12] [INFO] [1780927493.468026379] [tb3_3.spawn_entity]: Loading entity XML from file /tmp/tb3_3_03v85zaf.sdf
[spawn_entity.py-12] [INFO] [1780927493.469475080] [tb3_3.spawn_entity]: Waiting for service /spawn_entity, timeout = 30
[spawn_entity.py-12] [INFO] [1780927493.470120685] [tb3_3.spawn_entity]: Waiting for service /spawn_entity
[spawn_entity.py-6] [INFO] [1780927493.494408044] [tb3_1.spawn_entity]: Spawn Entity started
[spawn_entity.py-6] [INFO] [1780927493.494986514] [tb3_1.spawn_entity]: Loading entity XML from file /tmp/tb3_1_820twz0_.sdf
[spawn_entity.py-6] [INFO] [1780927493.496291073] [tb3_1.spawn_entity]: Waiting for service /spawn_entity, timeout = 30
[spawn_entity.py-6] [INFO] [1780927493.496934066] [tb3_1.spawn_entity]: Waiting for service /spawn_entity
[gzserver-1] [1;33m[Wrn] [gazebo_ros_init.cpp:178] [0m[1;33m
[gzserver-1] #     # ####### ####### ###  #####  #######
[gzserver-1] ##    # #     #    #     #  #     # #
[gzserver-1] # #   # #     #    #     #  #       #
[gzserver-1] #  #  # #     #    #     #  #       #####
[gzserver-1] #   # # #     #    #     #  #       #
[gzserver-1] #    ## #     #    #     #  #     # #
[gzserver-1] #     # #######    #    ###  #####  #######
[gzserver-1] 
[gzserver-1] This version of Gazebo, now called Gazebo classic, reaches end-of-life
[gzserver-1] in January 2025. Users are highly encouraged to migrate to the new Gazebo
[gzserver-1] using our migration guides (https://gazebosim.org/docs/latest/gazebo_classic_migration?utm_source=gazebo_ros_pkgs&utm_medium=cli)
[gzserver-1] 
[gzserver-1] [0m[1;33m
[gzserver-1] [1;32m[Msg] [0m[1;32mWaiting for master.[0m[1;32m
[gzserver-1] [0m[1;32m[0m[1;32m[0m[1;32m[Msg] [0m[1;32mConnected to gazebo master @ [0m[1;32mhttp://127.0.0.1:11345[0m[1;32m
[gzserver-1] [0m[1;32m[0m[1;32m[0m[1;32m[Msg] [0m[1;32mPublicized address: [0m[1;32m172.19.10.153[0m[1;32m
[gzserver-1] [0m[1;32m[0m[1;32m[0m[1;32m[Msg] [0m[1;32mLoading world file [[0m[1;32m/home/wj/work/multi-robot-exploration-rl/install/start_rl_environment_tb3/share/start_rl_environment_tb3/worlds/interaction_hub.world[0m[1;32m][0m[1;32m
[gzserver-1] [0m[1;33m[0m[1;33m[0m[WARN] [1780927494.751360971] [rcl]: Found remap rule 'model_states:=model_states_demo'. This syntax is deprecated. Use '--ros-args --remap model_states:=model_states_demo' instead.
[spawn_entity.py-6] [INFO] [1780927494.756214394] [tb3_1.spawn_entity]: Calling service /spawn_entity
[gzserver-1] [INFO] [1780927494.764019662] [gazebo_ros_state]: Publishing states of gazebo models at [/model_states_demo]
[gzserver-1] [INFO] [1780927494.765124589] [gazebo_ros_state]: Publishing states of gazebo links at [/link_states]
[obstacle_mover.py-16] [INFO] [1780927494.913064916] [obstacle_mover]: [obstacle_mover] map=6  0 个障碍物  速度=0.000 m/s (scale×0.0)  30 Hz  随机游走模式
[obstacle_mover.py-16] [INFO] [1780927494.915872435] [obstacle_mover]: [obstacle_mover] ✅ dyn_obs_0~dyn_obs_7 已下沉至 z=-10.0
[spawn_entity.py-9] [INFO] [1780927494.960539327] [tb3_2.spawn_entity]: Calling service /spawn_entity
[spawn_entity.py-3] [INFO] [1780927494.962488995] [tb3_0.spawn_entity]: Calling service /spawn_entity
[spawn_entity.py-12] [INFO] [1780927494.979574619] [tb3_3.spawn_entity]: Calling service /spawn_entity
[gzserver-1] [INFO] [1780927495.059651816] [tb3_1.turtlebot3_imu]: <initial_orientation_as_reference> is unset, using default value of false to comply with REP 145 (world as orientation reference)
[spawn_entity.py-6] [INFO] [1780927495.161927205] [tb3_1.spawn_entity]: Spawn status: SpawnEntity: Successfully spawned entity [tb3_1]
[gzserver-1] [INFO] [1780927495.289075493] [tb3_1.turtlebot3_diff_drive]: Wheel pair 1 separation set to [0.160000m]
[gzserver-1] [INFO] [1780927495.289122770] [tb3_1.turtlebot3_diff_drive]: Wheel pair 1 diameter set to [0.066000m]
[gzserver-1] [INFO] [1780927495.290427705] [tb3_1.turtlebot3_diff_drive]: Subscribed to [/tb3_1/cmd_vel]
[gzserver-1] [INFO] [1780927495.293253276] [tb3_1.turtlebot3_diff_drive]: Advertise odometry on [/tb3_1/odom]
[gzserver-1] [INFO] [1780927495.296869458] [tb3_1.turtlebot3_diff_drive]: Publishing odom transforms between [tb3_1/odom] and [tb3_1/base_footprint]
[gzserver-1] [INFO] [1780927495.311992496] [tb3_1.turtlebot3_joint_state]: Going to publish joint [wheel_left_joint]
[gzserver-1] [INFO] [1780927495.312032220] [tb3_1.turtlebot3_joint_state]: Going to publish joint [wheel_right_joint]
[INFO] [spawn_entity.py-6]: process has finished cleanly [pid 2758739]
[gzserver-1] [INFO] [1780927495.641701465] [tb3_2.turtlebot3_imu]: <initial_orientation_as_reference> is unset, using default value of false to comply with REP 145 (world as orientation reference)
[spawn_entity.py-9] [INFO] [1780927495.754975614] [tb3_2.spawn_entity]: Spawn status: SpawnEntity: Successfully spawned entity [tb3_2]
[gzserver-1] [INFO] [1780927495.862576721] [tb3_2.turtlebot3_diff_drive]: Wheel pair 1 separation set to [0.160000m]
[gzserver-1] [INFO] [1780927495.862632138] [tb3_2.turtlebot3_diff_drive]: Wheel pair 1 diameter set to [0.066000m]
[gzserver-1] [INFO] [1780927495.863085930] [tb3_2.turtlebot3_diff_drive]: Subscribed to [/tb3_2/cmd_vel]
[gzserver-1] [INFO] [1780927495.863580256] [tb3_2.turtlebot3_diff_drive]: Advertise odometry on [/tb3_2/odom]
[gzserver-1] [INFO] [1780927495.865703590] [tb3_2.turtlebot3_diff_drive]: Publishing odom transforms between [tb3_2/odom] and [tb3_2/base_footprint]
[gzserver-1] [INFO] [1780927495.878677579] [tb3_2.turtlebot3_joint_state]: Going to publish joint [wheel_left_joint]
[gzserver-1] [INFO] [1780927495.878744067] [tb3_2.turtlebot3_joint_state]: Going to publish joint [wheel_right_joint]
[INFO] [spawn_entity.py-9]: process has finished cleanly [pid 2758745]
[gzserver-1] [INFO] [1780927496.182849825] [tb3_0.turtlebot3_imu]: <initial_orientation_as_reference> is unset, using default value of false to comply with REP 145 (world as orientation reference)
[spawn_entity.py-3] [INFO] [1780927496.300770182] [tb3_0.spawn_entity]: Spawn status: SpawnEntity: Successfully spawned entity [tb3_0]
[INFO] [spawn_entity.py-3]: process has finished cleanly [pid 2758733]
[gzserver-1] [INFO] [1780927496.665479295] [tb3_0.turtlebot3_diff_drive]: Wheel pair 1 separation set to [0.160000m]
[gzserver-1] [INFO] [1780927496.665543085] [tb3_0.turtlebot3_diff_drive]: Wheel pair 1 diameter set to [0.066000m]
[gzserver-1] [INFO] [1780927496.666072868] [tb3_0.turtlebot3_diff_drive]: Subscribed to [/tb3_0/cmd_vel]
[gzserver-1] [INFO] [1780927496.666633536] [tb3_0.turtlebot3_diff_drive]: Advertise odometry on [/tb3_0/odom]
[gzserver-1] [INFO] [1780927496.667498864] [tb3_0.turtlebot3_diff_drive]: Publishing odom transforms between [tb3_0/odom] and [tb3_0/base_footprint]
[gzserver-1] [INFO] [1780927496.678427641] [tb3_0.turtlebot3_joint_state]: Going to publish joint [wheel_left_joint]
[gzserver-1] [INFO] [1780927496.678492530] [tb3_0.turtlebot3_joint_state]: Going to publish joint [wheel_right_joint]
[gzserver-1] [INFO] [1780927496.975576268] [tb3_3.turtlebot3_imu]: <initial_orientation_as_reference> is unset, using default value of false to comply with REP 145 (world as orientation reference)
[spawn_entity.py-12] [INFO] [1780927497.091678127] [tb3_3.spawn_entity]: Spawn status: SpawnEntity: Successfully spawned entity [tb3_3]
[gzserver-1] [INFO] [1780927497.203691219] [tb3_3.turtlebot3_diff_drive]: Wheel pair 1 separation set to [0.160000m]
[gzserver-1] [INFO] [1780927497.203763478] [tb3_3.turtlebot3_diff_drive]: Wheel pair 1 diameter set to [0.066000m]
[gzserver-1] [INFO] [1780927497.204836619] [tb3_3.turtlebot3_diff_drive]: Subscribed to [/tb3_3/cmd_vel]
[gzserver-1] [INFO] [1780927497.206168823] [tb3_3.turtlebot3_diff_drive]: Advertise odometry on [/tb3_3/odom]
[gzserver-1] [INFO] [1780927497.209254387] [tb3_3.turtlebot3_diff_drive]: Publishing odom transforms between [tb3_3/odom] and [tb3_3/base_footprint]
[gzserver-1] [INFO] [1780927497.224444132] [tb3_3.turtlebot3_joint_state]: Going to publish joint [wheel_left_joint]
[gzserver-1] [INFO] [1780927497.224489322] [tb3_3.turtlebot3_joint_state]: Going to publish joint [wheel_right_joint]
[INFO] [spawn_entity.py-12]: process has finished cleanly [pid 2758751]
