2026-06-08 22:48:06,173	INFO worker.py:2013 -- Started a local Ray instance.
[INFO] [1780930086.916656621] [gym_env_robot_0_49331]: ✅ 路径可视化器已启动，路径话题: /waypoint_markers, tracking话题: /rolling_subgoal_markers
[INFO] [1780930086.951548857] [gym_env_robot_1_58415]: ✅ 路径可视化器已启动，路径话题: /waypoint_markers, tracking话题: /rolling_subgoal_markers
[INFO] [1780930086.974700037] [gym_env_robot_2_984]: ✅ 路径可视化器已启动，路径话题: /waypoint_markers, tracking话题: /rolling_subgoal_markers
[INFO] [1780930086.998989652] [gym_env_robot_3_69980]: ✅ 路径可视化器已启动，路径话题: /waypoint_markers, tracking话题: /rolling_subgoal_markers
ℹ️ Method3 + map6(interaction_hub) 自动启用交互专项默认值: num_obstacles=0, obs_speed_scale=0.0
🧭 Effective curriculum config: stage=1 (Stage 1 · 静态入门) map_number=6 num_obstacles=0 obs_speed_scale=0.0 max_episode_steps=2000 high_conflict=off:0.00 corner=0:0.00 failure_replay=0
🧮 Reward aggregation overrides: {"timeout_penalty_scale": 1.0}
🧮 Interaction potential overrides: {}
⚠️ minibatch_size=1024 > train_batch_size=200，自动裁剪为 200
================================================================================
🚀 GNN-MAPPO 课程学习训练  [最近邻感知图]
================================================================================
  环境阶段:     1 · Stage 1 · 静态入门
  机器人数量:   4
  通信范围:     3.5 m
  感知邻域:     3.5 m
  并行Workers:  1
  采样设置:     timeout=1200s fragment=50 mode=truncate_episodes
  训练步数:     200
  动作模式:     interaction_mode
  PPO配置:      interaction_mode  (clip=0.2, ent=0.008, mb=200, epochs=8)
  GAT Actor:    neighbor  bias=2.50
  GAT Critic:   mlp
  需要环境:     ros2 launch start_rl_environment_tb3 main.launch.py map_number:=6 robot_number:=4 num_obstacles:=0 obs_speed_scale:=0.0
  通信设置:     mode=decentralized graph_source=comm_only  (dropout=5%, latency=1, jitter=1, noise=0.05, max_age=0.30s)
  冲突路线:     mode=off prob=0.00
================================================================================

🤖 环境初始化: Namespace='/tb3_0', ModelName='tb3_0'
✅ Map 6: 预计算安全 spawn 点 11100 个 (clearance=0.40m)
✅ Robot 0: A*规划器初始化完成
🧮 Robot 0: reward_aggregation_overrides={'timeout_penalty_scale': 1.0} interaction_potential_overrides={}
🤖 环境初始化: Namespace='/tb3_1', ModelName='tb3_1'
✅ Map 6: 预计算安全 spawn 点 11100 个 (clearance=0.40m)
✅ Robot 1: A*规划器初始化完成
🧮 Robot 1: reward_aggregation_overrides={'timeout_penalty_scale': 1.0} interaction_potential_overrides={}
🤖 环境初始化: Namespace='/tb3_2', ModelName='tb3_2'
✅ Map 6: 预计算安全 spawn 点 11100 个 (clearance=0.40m)
✅ Robot 2: A*规划器初始化完成
🧮 Robot 2: reward_aggregation_overrides={'timeout_penalty_scale': 1.0} interaction_potential_overrides={}
🤖 环境初始化: Namespace='/tb3_3', ModelName='tb3_3'
✅ Map 6: 预计算安全 spawn 点 11100 个 (clearance=0.40m)
✅ Robot 3: A*规划器初始化完成
🧮 Robot 3: reward_aggregation_overrides={'timeout_penalty_scale': 1.0} interaction_potential_overrides={}
[graph] step=   0 source=comm_only comm_range=3.5m
  robot_0 pos=(-4.800,-0.450) status=active
    adj=[1  0  0  0]  dist=[ 0.00   5.63   4.04   8.81]  quality=[1.00  0.00  0.00  0.00]  neighbors=[]
  robot_1 pos=( 0.600, 1.150) status=active
    adj=[0  1  1  1]  dist=[ 5.63   0.00   3.05   3.40]  quality=[0.00  1.00  1.00  1.00]  neighbors=[2, 3]
  robot_2 pos=(-0.900,-1.500) status=active
    adj=[0  1  1  0]  dist=[ 4.04   3.05   0.00   5.27]  quality=[0.00  1.00  1.00  0.00]  neighbors=[1]
  robot_3 pos=( 3.950, 0.550) status=active
    adj=[0  1  0  1]  dist=[ 8.81   3.40   5.27   0.00]  quality=[0.00  1.00  0.00  1.00]  neighbors=[1]
[comm_only] step=   0  agent_0  my_pos=(-4.800,-0.450)  received=0 fallback=0
    (无有效邻居: 范围外/丢包/延迟/消息过期，slot 填零)
[comm_only] step=   0  agent_1  my_pos=(0.600,1.150)  received=2 fallback=0
    slot[0] neighbor=agent_2 dist=3.045m age=0.150s quality=1.00  n_pos=(-0.869,-1.477)  rel_pos=(-1.469,-2.627)
    slot[1] neighbor=agent_3 dist=3.403m age=0.150s quality=1.00  n_pos=(3.964,0.610)  rel_pos=(3.364,-0.540)
[comm_only] step=   0  agent_2  my_pos=(-0.900,-1.500)  received=1 fallback=0
    slot[0] neighbor=agent_1 dist=3.045m age=0.150s quality=1.00  n_pos=(0.680,1.169)  rel_pos=(1.580,2.669)
[comm_only] step=   0  agent_3  my_pos=(3.950,0.550)  received=1 fallback=0
    slot[0] neighbor=agent_1 dist=3.403m age=0.150s quality=1.00  n_pos=(0.614,1.224)  rel_pos=(-3.336,0.674)
[graph] step=   1 source=comm_only comm_range=3.5m
  robot_0 pos=(-4.800,-0.450) status=active
    adj=[1  0  0  0]  dist=[ 0.00   5.63   4.04   8.81]  quality=[1.00  0.00  0.00  0.00]  neighbors=[]
  robot_1 pos=( 0.600, 1.150) status=active
    adj=[0  1  1  1]  dist=[ 5.63   0.00   3.05   3.40]  quality=[0.00  1.00  1.00  1.00]  neighbors=[2, 3]
  robot_2 pos=(-0.900,-1.500) status=active
    adj=[0  1  1  0]  dist=[ 4.04   3.05   0.00   5.27]  quality=[0.00  1.00  1.00  0.00]  neighbors=[1]
  robot_3 pos=( 3.950, 0.550) status=active
    adj=[0  1  0  1]  dist=[ 8.81   3.40   5.27   0.00]  quality=[0.00  1.00  0.00  1.00]  neighbors=[1]
[comm_only] step=   1  agent_0  my_pos=(-4.800,-0.450)  received=0 fallback=0
    (无有效邻居: 范围外/丢包/延迟/消息过期，slot 填零)
[comm_only] step=   1  agent_1  my_pos=(0.600,1.150)  received=1 fallback=0
    slot[0] neighbor=agent_3 dist=3.403m age=0.150s quality=1.00  n_pos=(3.911,0.513)  rel_pos=(3.311,-0.637)
[comm_only] step=   1  agent_2  my_pos=(-0.900,-1.500)  received=1 fallback=0
    slot[0] neighbor=agent_1 dist=3.045m age=0.150s quality=1.00  n_pos=(0.561,1.182)  rel_pos=(1.461,2.682)
[comm_only] step=   1  agent_3  my_pos=(3.950,0.550)  received=1 fallback=0
    slot[0] neighbor=agent_1 dist=3.403m age=0.150s quality=1.00  n_pos=(0.652,1.139)  rel_pos=(-3.298,0.589)
[graph] step=   2 source=comm_only comm_range=3.5m
  robot_0 pos=(-4.800,-0.450) status=active
    adj=[1  0  0  0]  dist=[ 0.00   5.63   4.04   8.81]  quality=[1.00  0.00  0.00  0.00]  neighbors=[]
  robot_1 pos=( 0.600, 1.150) status=active
    adj=[0  1  0  1]  dist=[ 5.63   0.00   3.05   3.40]  quality=[0.00  1.00  0.00  1.00]  neighbors=[3]
  robot_2 pos=(-0.900,-1.500) status=active
    adj=[0  1  1  0]  dist=[ 4.04   3.05   0.00   5.27]  quality=[0.00  1.00  1.00  0.00]  neighbors=[1]
  robot_3 pos=( 3.950, 0.550) status=active
    adj=[0  1  0  1]  dist=[ 8.81   3.40   5.27   0.00]  quality=[0.00  1.00  0.00  1.00]  neighbors=[1]
[comm_only] step=   2  agent_0  my_pos=(-4.800,-0.450)  received=0 fallback=0
    (无有效邻居: 范围外/丢包/延迟/消息过期，slot 填零)
[comm_only] step=   2  agent_1  my_pos=(0.600,1.150)  received=1 fallback=0
    slot[0] neighbor=agent_3 dist=3.403m age=0.150s quality=1.00  n_pos=(3.928,0.549)  rel_pos=(3.328,-0.601)
[comm_only] step=   2  agent_2  my_pos=(-0.900,-1.500)  received=0 fallback=0
    (无有效邻居: 范围外/丢包/延迟/消息过期，slot 填零)
[comm_only] step=   2  agent_3  my_pos=(3.950,0.550)  received=1 fallback=0
    slot[0] neighbor=agent_1 dist=3.403m age=0.150s quality=1.00  n_pos=(0.565,1.050)  rel_pos=(-3.385,0.500)
[graph] step=   3 source=comm_only comm_range=3.5m
  robot_0 pos=(-4.799,-0.452) status=active
    adj=[1  0  0  0]  dist=[ 0.00   5.63   4.04   8.81]  quality=[1.00  0.00  0.00  0.00]  neighbors=[]
  robot_1 pos=( 0.599, 1.150) status=active
    adj=[0  1  1  1]  dist=[ 5.63   0.00   3.04   3.40]  quality=[0.00  1.00  1.00  1.00]  neighbors=[2, 3]
  robot_2 pos=(-0.902,-1.500) status=active
    adj=[0  1  1  0]  dist=[ 4.04   3.05   0.00   5.27]  quality=[0.00  1.00  1.00  0.00]  neighbors=[1]
  robot_3 pos=( 3.951, 0.549) status=active
    adj=[0  1  0  1]  dist=[ 8.81   3.40   5.27   0.00]  quality=[0.00  1.00  0.00  1.00]  neighbors=[1]
[comm_only] step=   3  agent_0  my_pos=(-4.799,-0.452)  received=0 fallback=0
    (无有效邻居: 范围外/丢包/延迟/消息过期，slot 填零)
[comm_only] step=   3  agent_1  my_pos=(0.599,1.150)  received=2 fallback=0
    slot[0] neighbor=agent_2 dist=3.045m age=0.150s quality=1.00  n_pos=(-0.850,-1.638)  rel_pos=(-1.449,-2.789)
    slot[1] neighbor=agent_3 dist=3.404m age=0.150s quality=1.00  n_pos=(3.916,0.564)  rel_pos=(3.318,-0.586)
[comm_only] step=   3  agent_2  my_pos=(-0.902,-1.500)  received=1 fallback=0
    slot[0] neighbor=agent_1 dist=3.046m age=0.150s quality=1.00  n_pos=(0.610,1.160)  rel_pos=(1.511,2.660)
[comm_only] step=   3  agent_3  my_pos=(3.951,0.549)  received=1 fallback=0
    slot[0] neighbor=agent_1 dist=3.404m age=0.150s quality=1.00  n_pos=(0.597,1.149)  rel_pos=(-3.354,0.600)

================================================================================
✅ Direct env sanity completed
  completed_steps: 120
  episodes_started: 1
  active_agents: 4
================================================================================

