running egg_info
creating ../../build/sb3_training/sb3_training.egg-info
writing ../../build/sb3_training/sb3_training.egg-info/PKG-INFO
writing dependency_links to ../../build/sb3_training/sb3_training.egg-info/dependency_links.txt
writing entry points to ../../build/sb3_training/sb3_training.egg-info/entry_points.txt
writing requirements to ../../build/sb3_training/sb3_training.egg-info/requires.txt
writing top-level names to ../../build/sb3_training/sb3_training.egg-info/top_level.txt
writing manifest file '../../build/sb3_training/sb3_training.egg-info/SOURCES.txt'
reading manifest file '../../build/sb3_training/sb3_training.egg-info/SOURCES.txt'
writing manifest file '../../build/sb3_training/sb3_training.egg-info/SOURCES.txt'
running build
running build_py
creating /home/wj/work/multi-robot-exploration-rl/build/sb3_training/build
creating /home/wj/work/multi-robot-exploration-rl/build/sb3_training/build/lib
creating /home/wj/work/multi-robot-exploration-rl/build/sb3_training/build/lib/sb3_training
copying sb3_training/independent_env.py -> /home/wj/work/multi-robot-exploration-rl/build/sb3_training/build/lib/sb3_training
copying sb3_training/global_planner.py -> /home/wj/work/multi-robot-exploration-rl/build/sb3_training/build/lib/sb3_training
copying sb3_training/waypoint_visualizer_OLD.py -> /home/wj/work/multi-robot-exploration-rl/build/sb3_training/build/lib/sb3_training
copying sb3_training/__init__.py -> /home/wj/work/multi-robot-exploration-rl/build/sb3_training/build/lib/sb3_training
copying sb3_training/train_ppo.py -> /home/wj/work/multi-robot-exploration-rl/build/sb3_training/build/lib/sb3_training
copying sb3_training/single_robot_env.py -> /home/wj/work/multi-robot-exploration-rl/build/sb3_training/build/lib/sb3_training
copying sb3_training/waypoint_visualizer.py -> /home/wj/work/multi-robot-exploration-rl/build/sb3_training/build/lib/sb3_training
copying sb3_training/test_ppo.py -> /home/wj/work/multi-robot-exploration-rl/build/sb3_training/build/lib/sb3_training
running install
running install_lib
creating /home/wj/work/multi-robot-exploration-rl/install/sb3_training/lib/python3.10/site-packages/sb3_training
copying /home/wj/work/multi-robot-exploration-rl/build/sb3_training/build/lib/sb3_training/independent_env.py -> /home/wj/work/multi-robot-exploration-rl/install/sb3_training/lib/python3.10/site-packages/sb3_training
copying /home/wj/work/multi-robot-exploration-rl/build/sb3_training/build/lib/sb3_training/global_planner.py -> /home/wj/work/multi-robot-exploration-rl/install/sb3_training/lib/python3.10/site-packages/sb3_training
copying /home/wj/work/multi-robot-exploration-rl/build/sb3_training/build/lib/sb3_training/waypoint_visualizer_OLD.py -> /home/wj/work/multi-robot-exploration-rl/install/sb3_training/lib/python3.10/site-packages/sb3_training
copying /home/wj/work/multi-robot-exploration-rl/build/sb3_training/build/lib/sb3_training/__init__.py -> /home/wj/work/multi-robot-exploration-rl/install/sb3_training/lib/python3.10/site-packages/sb3_training
copying /home/wj/work/multi-robot-exploration-rl/build/sb3_training/build/lib/sb3_training/train_ppo.py -> /home/wj/work/multi-robot-exploration-rl/install/sb3_training/lib/python3.10/site-packages/sb3_training
copying /home/wj/work/multi-robot-exploration-rl/build/sb3_training/build/lib/sb3_training/single_robot_env.py -> /home/wj/work/multi-robot-exploration-rl/install/sb3_training/lib/python3.10/site-packages/sb3_training
copying /home/wj/work/multi-robot-exploration-rl/build/sb3_training/build/lib/sb3_training/waypoint_visualizer.py -> /home/wj/work/multi-robot-exploration-rl/install/sb3_training/lib/python3.10/site-packages/sb3_training
copying /home/wj/work/multi-robot-exploration-rl/build/sb3_training/build/lib/sb3_training/test_ppo.py -> /home/wj/work/multi-robot-exploration-rl/install/sb3_training/lib/python3.10/site-packages/sb3_training
byte-compiling /home/wj/work/multi-robot-exploration-rl/install/sb3_training/lib/python3.10/site-packages/sb3_training/independent_env.py to independent_env.cpython-310.pyc
byte-compiling /home/wj/work/multi-robot-exploration-rl/install/sb3_training/lib/python3.10/site-packages/sb3_training/global_planner.py to global_planner.cpython-310.pyc
byte-compiling /home/wj/work/multi-robot-exploration-rl/install/sb3_training/lib/python3.10/site-packages/sb3_training/waypoint_visualizer_OLD.py to waypoint_visualizer_OLD.cpython-310.pyc
byte-compiling /home/wj/work/multi-robot-exploration-rl/install/sb3_training/lib/python3.10/site-packages/sb3_training/__init__.py to __init__.cpython-310.pyc
byte-compiling /home/wj/work/multi-robot-exploration-rl/install/sb3_training/lib/python3.10/site-packages/sb3_training/train_ppo.py to train_ppo.cpython-310.pyc
byte-compiling /home/wj/work/multi-robot-exploration-rl/install/sb3_training/lib/python3.10/site-packages/sb3_training/single_robot_env.py to single_robot_env.cpython-310.pyc
byte-compiling /home/wj/work/multi-robot-exploration-rl/install/sb3_training/lib/python3.10/site-packages/sb3_training/waypoint_visualizer.py to waypoint_visualizer.cpython-310.pyc
byte-compiling /home/wj/work/multi-robot-exploration-rl/install/sb3_training/lib/python3.10/site-packages/sb3_training/test_ppo.py to test_ppo.cpython-310.pyc
running install_data
creating /home/wj/work/multi-robot-exploration-rl/install/sb3_training/share/ament_index
creating /home/wj/work/multi-robot-exploration-rl/install/sb3_training/share/ament_index/resource_index
creating /home/wj/work/multi-robot-exploration-rl/install/sb3_training/share/ament_index/resource_index/packages
copying resource/sb3_training -> /home/wj/work/multi-robot-exploration-rl/install/sb3_training/share/ament_index/resource_index/packages
copying package.xml -> /home/wj/work/multi-robot-exploration-rl/install/sb3_training/share/sb3_training
creating /home/wj/work/multi-robot-exploration-rl/install/sb3_training/share/sb3_training/launch
copying launch/train_ppo.launch.py -> /home/wj/work/multi-robot-exploration-rl/install/sb3_training/share/sb3_training/launch
running install_egg_info
Copying ../../build/sb3_training/sb3_training.egg-info to /home/wj/work/multi-robot-exploration-rl/install/sb3_training/lib/python3.10/site-packages/sb3_training-0.0.1-py3.10.egg-info
running install_scripts
Installing train_ppo script to /home/wj/work/multi-robot-exploration-rl/install/sb3_training/lib/sb3_training
writing list of installed files to '/home/wj/work/multi-robot-exploration-rl/build/sb3_training/install.log'
