[INFO] [launch]: All log files can be found below /home/wj/.ros/log/2026-05-22-16-37-58-193064-wj-Default-string-3512983
[INFO] [launch]: Default logging verbosity is set to INFO
[INFO] Loading world (HEADLESS): /home/wj/work/multi-robot-exploration-rl/install/start_rl_environment_tb3/share/start_rl_environment_tb3/worlds/interaction_hub.world
[INFO] Using GAZEBO_MASTER_URI: http://127.0.0.1:11345
[INFO] Spawning 4 TurtleBot3 robots on interaction_hub...
[INFO] Using random positions
[INFO] Using fixed positions for 4 robots
[INFO]   Robot 0: Robot 0 - west lower at (-5.10, -0.85)
[INFO]   Robot 1: Robot 1 - west upper at (-5.10, 0.85)
[INFO]   Robot 2: Robot 2 - east upper at (5.10, 0.85)
[INFO]   Robot 3: Robot 3 - east lower at (5.10, -0.85)
[spawn_robots] Created modified SDF for tb3_0 at /tmp/tb3_0_mwf1jq38.sdf
[spawn_robots] Created modified SDF for tb3_1 at /tmp/tb3_1_2cc0miw3.sdf
[spawn_robots] Created modified SDF for tb3_2 at /tmp/tb3_2_do4knoo7.sdf
[spawn_robots] Created modified SDF for tb3_3 at /tmp/tb3_3_qheyrskp.sdf
[INFO] Map Server loading: /home/wj/work/multi-robot-exploration-rl/install/start_rl_environment_tb3/share/start_rl_environment_tb3/maps/interaction_hub.yaml
[INFO] [gzserver-1]: process started with pid [3513082]
[INFO] [robot_state_publisher-2]: process started with pid [3513085]
[INFO] [spawn_entity.py-3]: process started with pid [3513087]
[INFO] [static_transform_publisher-4]: process started with pid [3513089]
[INFO] [robot_state_publisher-5]: process started with pid [3513091]
[INFO] [spawn_entity.py-6]: process started with pid [3513093]
[INFO] [static_transform_publisher-7]: process started with pid [3513095]
[INFO] [robot_state_publisher-8]: process started with pid [3513097]
[INFO] [spawn_entity.py-9]: process started with pid [3513099]
[INFO] [static_transform_publisher-10]: process started with pid [3513101]
[INFO] [robot_state_publisher-11]: process started with pid [3513103]
[INFO] [spawn_entity.py-12]: process started with pid [3513105]
[INFO] [static_transform_publisher-13]: process started with pid [3513107]
[INFO] [map_server-14]: process started with pid [3513114]
[INFO] [lifecycle_manager-15]: process started with pid [3513120]
[INFO] [obstacle_mover.py-16]: process started with pid [3513143]
[static_transform_publisher-4] [WARN] [1779439078.444827433] []: Old-style arguments are deprecated; see --help for new-style arguments
[static_transform_publisher-7] [WARN] [1779439078.451889661] []: Old-style arguments are deprecated; see --help for new-style arguments
[static_transform_publisher-10] [WARN] [1779439078.453000751] []: Old-style arguments are deprecated; see --help for new-style arguments
[static_transform_publisher-4] [INFO] [1779439078.473056948] [static_tf_tb3_0]: Spinning until stopped - publishing transform
[static_transform_publisher-4] translation: ('0.000000', '0.000000', '0.000000')
[static_transform_publisher-4] rotation: ('0.000000', '0.000000', '0.000000', '1.000000')
[static_transform_publisher-4] from 'map' to 'tb3_0/odom'
[static_transform_publisher-13] [WARN] [1779439078.475355008] []: Old-style arguments are deprecated; see --help for new-style arguments
[robot_state_publisher-5] [INFO] [1779439078.499946152] [tb3_1.robot_state_publisher]: got segment base_footprint
[robot_state_publisher-5] [INFO] [1779439078.500120346] [tb3_1.robot_state_publisher]: got segment base_link
[robot_state_publisher-5] [INFO] [1779439078.500142646] [tb3_1.robot_state_publisher]: got segment base_scan
[robot_state_publisher-5] [INFO] [1779439078.500156110] [tb3_1.robot_state_publisher]: got segment caster_back_link
[robot_state_publisher-5] [INFO] [1779439078.500167284] [tb3_1.robot_state_publisher]: got segment imu_link
[robot_state_publisher-5] [INFO] [1779439078.500178167] [tb3_1.robot_state_publisher]: got segment wheel_left_link
[robot_state_publisher-5] [INFO] [1779439078.500188401] [tb3_1.robot_state_publisher]: got segment wheel_right_link
[static_transform_publisher-7] [INFO] [1779439078.501345615] [static_tf_tb3_1]: Spinning until stopped - publishing transform
[static_transform_publisher-7] translation: ('0.000000', '0.000000', '0.000000')
[static_transform_publisher-7] rotation: ('0.000000', '0.000000', '0.000000', '1.000000')
[static_transform_publisher-7] from 'map' to 'tb3_1/odom'
[robot_state_publisher-11] [INFO] [1779439078.507825389] [tb3_3.robot_state_publisher]: got segment base_footprint
[robot_state_publisher-11] [INFO] [1779439078.508013833] [tb3_3.robot_state_publisher]: got segment base_link
[robot_state_publisher-11] [INFO] [1779439078.508037450] [tb3_3.robot_state_publisher]: got segment base_scan
[robot_state_publisher-11] [INFO] [1779439078.508051348] [tb3_3.robot_state_publisher]: got segment caster_back_link
[robot_state_publisher-11] [INFO] [1779439078.508063763] [tb3_3.robot_state_publisher]: got segment imu_link
[robot_state_publisher-11] [INFO] [1779439078.508075077] [tb3_3.robot_state_publisher]: got segment wheel_left_link
[robot_state_publisher-11] [INFO] [1779439078.508086125] [tb3_3.robot_state_publisher]: got segment wheel_right_link
[robot_state_publisher-2] [INFO] [1779439078.517195507] [tb3_0.robot_state_publisher]: got segment base_footprint
[robot_state_publisher-2] [INFO] [1779439078.518734144] [tb3_0.robot_state_publisher]: got segment base_link
[robot_state_publisher-2] [INFO] [1779439078.518759961] [tb3_0.robot_state_publisher]: got segment base_scan
[robot_state_publisher-2] [INFO] [1779439078.518774752] [tb3_0.robot_state_publisher]: got segment caster_back_link
[robot_state_publisher-2] [INFO] [1779439078.518787428] [tb3_0.robot_state_publisher]: got segment imu_link
[robot_state_publisher-2] [INFO] [1779439078.518853648] [tb3_0.robot_state_publisher]: got segment wheel_left_link
[robot_state_publisher-2] [INFO] [1779439078.518872228] [tb3_0.robot_state_publisher]: got segment wheel_right_link
[static_transform_publisher-10] [INFO] [1779439078.537081409] [static_tf_tb3_2]: Spinning until stopped - publishing transform
[static_transform_publisher-10] translation: ('0.000000', '0.000000', '0.000000')
[static_transform_publisher-10] rotation: ('0.000000', '0.000000', '0.000000', '1.000000')
[static_transform_publisher-10] from 'map' to 'tb3_2/odom'
[robot_state_publisher-8] [INFO] [1779439078.537472632] [tb3_2.robot_state_publisher]: got segment base_footprint
[robot_state_publisher-8] [INFO] [1779439078.537646066] [tb3_2.robot_state_publisher]: got segment base_link
[robot_state_publisher-8] [INFO] [1779439078.537669719] [tb3_2.robot_state_publisher]: got segment base_scan
[robot_state_publisher-8] [INFO] [1779439078.537684040] [tb3_2.robot_state_publisher]: got segment caster_back_link
[robot_state_publisher-8] [INFO] [1779439078.537695913] [tb3_2.robot_state_publisher]: got segment imu_link
[robot_state_publisher-8] [INFO] [1779439078.537707055] [tb3_2.robot_state_publisher]: got segment wheel_left_link
[robot_state_publisher-8] [INFO] [1779439078.537718247] [tb3_2.robot_state_publisher]: got segment wheel_right_link
[static_transform_publisher-13] [INFO] [1779439078.540949100] [static_tf_tb3_3]: Spinning until stopped - publishing transform
[static_transform_publisher-13] translation: ('0.000000', '0.000000', '0.000000')
[static_transform_publisher-13] rotation: ('0.000000', '0.000000', '0.000000', '1.000000')
[static_transform_publisher-13] from 'map' to 'tb3_3/odom'
[lifecycle_manager-15] [INFO] [1779439078.542467943] [lifecycle_manager_map]: Creating
[lifecycle_manager-15] [INFO] [1779439078.546364395] [lifecycle_manager_map]: [34m[1mCreating and initializing lifecycle service clients[0m[0m
[lifecycle_manager-15] [INFO] [1779439078.548917866] [lifecycle_manager_map]: [34m[1mStarting managed nodes bringup...[0m[0m
[lifecycle_manager-15] [INFO] [1779439078.548991168] [lifecycle_manager_map]: [34m[1mConfiguring map_server[0m[0m
[map_server-14] [INFO] [1779439078.552774597] [map_server]: 
[map_server-14] 	map_server lifecycle node launched. 
[map_server-14] 	Waiting on external lifecycle transitions to activate
[map_server-14] 	See https://design.ros2.org/articles/node_lifecycle.html for more information.
[map_server-14] [INFO] [1779439078.553038004] [map_server]: Creating
[map_server-14] [INFO] [1779439078.553551414] [map_server]: Configuring
[map_server-14] [INFO] [1779439078.553626486] [map_io]: Loading yaml file: /home/wj/work/multi-robot-exploration-rl/install/start_rl_environment_tb3/share/start_rl_environment_tb3/maps/interaction_hub.yaml
[map_server-14] [INFO] [1779439078.554100697] [map_io]: resolution: 0.05
[map_server-14] [INFO] [1779439078.554120982] [map_io]: origin[0]: -6
[map_server-14] [INFO] [1779439078.554131884] [map_io]: origin[1]: -6
[map_server-14] [INFO] [1779439078.554141319] [map_io]: origin[2]: 0
[map_server-14] [INFO] [1779439078.554151329] [map_io]: free_thresh: 0.196
[map_server-14] [INFO] [1779439078.554161657] [map_io]: occupied_thresh: 0.65
[map_server-14] [INFO] [1779439078.554172277] [map_io]: mode: trinary
[map_server-14] [INFO] [1779439078.554184146] [map_io]: negate: 0
[map_server-14] [INFO] [1779439078.554659526] [map_io]: Loading image_file: /home/wj/work/multi-robot-exploration-rl/install/start_rl_environment_tb3/share/start_rl_environment_tb3/maps/interaction_hub.pgm
[map_server-14] [INFO] [1779439078.571228765] [map_io]: Read map /home/wj/work/multi-robot-exploration-rl/install/start_rl_environment_tb3/share/start_rl_environment_tb3/maps/interaction_hub.pgm: 240 X 240 map @ 0.05 m/cell
[lifecycle_manager-15] [INFO] [1779439078.585645513] [lifecycle_manager_map]: [34m[1mActivating map_server[0m[0m
[map_server-14] [INFO] [1779439078.585844014] [map_server]: Activating
[map_server-14] [INFO] [1779439078.586091069] [map_server]: Creating bond (map_server) to lifecycle manager.
[lifecycle_manager-15] [INFO] [1779439078.694033999] [lifecycle_manager_map]: Server map_server connected with bond.
[lifecycle_manager-15] [INFO] [1779439078.694089743] [lifecycle_manager_map]: [34m[1mManaged nodes are active[0m[0m
[lifecycle_manager-15] [INFO] [1779439078.694108473] [lifecycle_manager_map]: [34m[1mCreating bond timer...[0m[0m
[gzserver-1] Gazebo multi-robot simulator, version 11.10.2
[gzserver-1] Copyright (C) 2012 Open Source Robotics Foundation.
[gzserver-1] Released under the Apache 2 License.
[gzserver-1] http://gazebosim.org
[gzserver-1] 
[spawn_entity.py-6] [INFO] [1779439079.085123362] [tb3_1.spawn_entity]: Spawn Entity started
[spawn_entity.py-6] [INFO] [1779439079.085620454] [tb3_1.spawn_entity]: Loading entity XML from file /tmp/tb3_1_2cc0miw3.sdf
[spawn_entity.py-6] [INFO] [1779439079.087060135] [tb3_1.spawn_entity]: Waiting for service /spawn_entity, timeout = 30
[spawn_entity.py-6] [INFO] [1779439079.087854790] [tb3_1.spawn_entity]: Waiting for service /spawn_entity
[spawn_entity.py-9] [INFO] [1779439079.106338604] [tb3_2.spawn_entity]: Spawn Entity started
[spawn_entity.py-9] [INFO] [1779439079.106781846] [tb3_2.spawn_entity]: Loading entity XML from file /tmp/tb3_2_do4knoo7.sdf
[spawn_entity.py-9] [INFO] [1779439079.107730745] [tb3_2.spawn_entity]: Waiting for service /spawn_entity, timeout = 30
[spawn_entity.py-9] [INFO] [1779439079.108101322] [tb3_2.spawn_entity]: Waiting for service /spawn_entity
[spawn_entity.py-12] [INFO] [1779439079.121096710] [tb3_3.spawn_entity]: Spawn Entity started
[spawn_entity.py-12] [INFO] [1779439079.121732062] [tb3_3.spawn_entity]: Loading entity XML from file /tmp/tb3_3_qheyrskp.sdf
[spawn_entity.py-12] [INFO] [1779439079.122678272] [tb3_3.spawn_entity]: Waiting for service /spawn_entity, timeout = 30
[spawn_entity.py-12] [INFO] [1779439079.123017674] [tb3_3.spawn_entity]: Waiting for service /spawn_entity
[spawn_entity.py-3] [INFO] [1779439079.241803460] [tb3_0.spawn_entity]: Spawn Entity started
[spawn_entity.py-3] [INFO] [1779439079.242327851] [tb3_0.spawn_entity]: Loading entity XML from file /tmp/tb3_0_mwf1jq38.sdf
[spawn_entity.py-3] [INFO] [1779439079.243218730] [tb3_0.spawn_entity]: Waiting for service /spawn_entity, timeout = 30
[spawn_entity.py-3] [INFO] [1779439079.243560818] [tb3_0.spawn_entity]: Waiting for service /spawn_entity
[gzserver-1] [1;33m[Wrn] [gazebo_ros_init.cpp:178] [0m[1;33m
[gzserver-1] #     # ####### ####### ###  #####  #######
[gzserver-1] ##    # #     #    #     #  #     # #
[gzserver-1] # #   # #     #    #     #  #       #
[gzserver-1] #  #  # #     #    #     #  #       #####
[gzserver-1] #   # # #     #    #     #  #       #
[gzserver-1] #    ## #     #    #     #  #     # #
[gzserver-1] #     # #######    #    ###  #####  #######
[gzserver-1] 
[gzserver-1] This version of Gazebo, now called Gazebo classic, reaches end-of-life
[gzserver-1] in January 2025. Users are highly encouraged to migrate to the new Gazebo
[gzserver-1] using our migration guides (https://gazebosim.org/docs/latest/gazebo_classic_migration?utm_source=gazebo_ros_pkgs&utm_medium=cli)
[gzserver-1] 
[gzserver-1] [0m[1;33m
[gzserver-1] [1;32m[Msg] [0m[1;32mWaiting for master.[0m[1;32m
[gzserver-1] [0m[1;32m[0m[1;32m[0m[1;32m[Msg] [0m[1;32mConnected to gazebo master @ [0m[1;32mhttp://127.0.0.1:11345[0m[1;32m
[gzserver-1] [0m[1;32m[0m[1;32m[0m[1;32m[Msg] [0m[1;32mPublicized address: [0m[1;32m172.19.10.153[0m[1;32m
[gzserver-1] [0m[1;32m[0m[1;32m[0m[1;32m[Msg] [0m[1;32mLoading world file [[0m[1;32m/home/wj/work/multi-robot-exploration-rl/install/start_rl_environment_tb3/share/start_rl_environment_tb3/worlds/interaction_hub.world[0m[1;32m][0m[1;32m
[gzserver-1] [0m[1;33m[0m[1;33m[0m[WARN] [1779439080.756960663] [rcl]: Found remap rule 'model_states:=model_states_demo'. This syntax is deprecated. Use '--ros-args --remap model_states:=model_states_demo' instead.
[spawn_entity.py-3] [INFO] [1779439080.757342838] [tb3_0.spawn_entity]: Calling service /spawn_entity
[gzserver-1] [INFO] [1779439080.771498722] [gazebo_ros_state]: Publishing states of gazebo models at [/model_states_demo]
[gzserver-1] [INFO] [1779439080.772314905] [gazebo_ros_state]: Publishing states of gazebo links at [/link_states]
[spawn_entity.py-6] [INFO] [1779439080.851005243] [tb3_1.spawn_entity]: Calling service /spawn_entity
[spawn_entity.py-9] [INFO] [1779439080.870557150] [tb3_2.spawn_entity]: Calling service /spawn_entity
[spawn_entity.py-12] [INFO] [1779439080.885086756] [tb3_3.spawn_entity]: Calling service /spawn_entity
[obstacle_mover.py-16] [INFO] [1779439081.065013677] [obstacle_mover]: [obstacle_mover] map=6  0 个障碍物  速度=0.000 m/s (scale×0.0)  30 Hz  随机游走模式
[obstacle_mover.py-16] [INFO] [1779439081.068426005] [obstacle_mover]: [obstacle_mover] ✅ dyn_obs_0~dyn_obs_7 已下沉至 z=-10.0
[gzserver-1] [INFO] [1779439081.104473780] [tb3_0.turtlebot3_imu]: <initial_orientation_as_reference> is unset, using default value of false to comply with REP 145 (world as orientation reference)
[spawn_entity.py-3] [INFO] [1779439081.224517886] [tb3_0.spawn_entity]: Spawn status: SpawnEntity: Successfully spawned entity [tb3_0]
[gzserver-1] [INFO] [1779439081.353300905] [tb3_0.turtlebot3_diff_drive]: Wheel pair 1 separation set to [0.160000m]
[gzserver-1] [INFO] [1779439081.353355443] [tb3_0.turtlebot3_diff_drive]: Wheel pair 1 diameter set to [0.066000m]
[gzserver-1] [INFO] [1779439081.354971344] [tb3_0.turtlebot3_diff_drive]: Subscribed to [/tb3_0/cmd_vel]
[gzserver-1] [INFO] [1779439081.359516247] [tb3_0.turtlebot3_diff_drive]: Advertise odometry on [/tb3_0/odom]
[gzserver-1] [INFO] [1779439081.364455608] [tb3_0.turtlebot3_diff_drive]: Publishing odom transforms between [tb3_0/odom] and [tb3_0/base_footprint]
[gzserver-1] [INFO] [1779439081.381581440] [tb3_0.turtlebot3_joint_state]: Going to publish joint [wheel_left_joint]
[gzserver-1] [INFO] [1779439081.381625594] [tb3_0.turtlebot3_joint_state]: Going to publish joint [wheel_right_joint]
[INFO] [spawn_entity.py-3]: process has finished cleanly [pid 3513087]
[gzserver-1] [INFO] [1779439081.711436800] [tb3_1.turtlebot3_imu]: <initial_orientation_as_reference> is unset, using default value of false to comply with REP 145 (world as orientation reference)
[spawn_entity.py-6] [INFO] [1779439081.853823303] [tb3_1.spawn_entity]: Spawn status: SpawnEntity: Successfully spawned entity [tb3_1]
[INFO] [spawn_entity.py-6]: process has finished cleanly [pid 3513093]
[gzserver-1] [INFO] [1779439082.055276418] [tb3_1.turtlebot3_diff_drive]: Wheel pair 1 separation set to [0.160000m]
[gzserver-1] [INFO] [1779439082.055361545] [tb3_1.turtlebot3_diff_drive]: Wheel pair 1 diameter set to [0.066000m]
[gzserver-1] [INFO] [1779439082.056308000] [tb3_1.turtlebot3_diff_drive]: Subscribed to [/tb3_1/cmd_vel]
[gzserver-1] [INFO] [1779439082.065800820] [tb3_1.turtlebot3_diff_drive]: Advertise odometry on [/tb3_1/odom]
[gzserver-1] [INFO] [1779439082.100851434] [tb3_1.turtlebot3_diff_drive]: Publishing odom transforms between [tb3_1/odom] and [tb3_1/base_footprint]
[gzserver-1] [INFO] [1779439082.235489097] [tb3_1.turtlebot3_joint_state]: Going to publish joint [wheel_left_joint]
[gzserver-1] [INFO] [1779439082.235564963] [tb3_1.turtlebot3_joint_state]: Going to publish joint [wheel_right_joint]
[gzserver-1] [INFO] [1779439082.561171953] [tb3_2.turtlebot3_imu]: <initial_orientation_as_reference> is unset, using default value of false to comply with REP 145 (world as orientation reference)
[spawn_entity.py-9] [INFO] [1779439082.698074031] [tb3_2.spawn_entity]: Spawn status: SpawnEntity: Successfully spawned entity [tb3_2]
[gzserver-1] [INFO] [1779439082.811814575] [tb3_2.turtlebot3_diff_drive]: Wheel pair 1 separation set to [0.160000m]
[gzserver-1] [INFO] [1779439082.811883369] [tb3_2.turtlebot3_diff_drive]: Wheel pair 1 diameter set to [0.066000m]
[gzserver-1] [INFO] [1779439082.812925554] [tb3_2.turtlebot3_diff_drive]: Subscribed to [/tb3_2/cmd_vel]
[gzserver-1] [INFO] [1779439082.813839538] [tb3_2.turtlebot3_diff_drive]: Advertise odometry on [/tb3_2/odom]
[gzserver-1] [INFO] [1779439082.815570498] [tb3_2.turtlebot3_diff_drive]: Publishing odom transforms between [tb3_2/odom] and [tb3_2/base_footprint]
[gzserver-1] [INFO] [1779439082.830136291] [tb3_2.turtlebot3_joint_state]: Going to publish joint [wheel_left_joint]
[gzserver-1] [INFO] [1779439082.830181232] [tb3_2.turtlebot3_joint_state]: Going to publish joint [wheel_right_joint]
[INFO] [spawn_entity.py-9]: process has finished cleanly [pid 3513099]
[gzserver-1] [INFO] [1779439083.123882842] [tb3_3.turtlebot3_imu]: <initial_orientation_as_reference> is unset, using default value of false to comply with REP 145 (world as orientation reference)
[spawn_entity.py-12] [INFO] [1779439083.246062140] [tb3_3.spawn_entity]: Spawn status: SpawnEntity: Successfully spawned entity [tb3_3]
[gzserver-1] [INFO] [1779439083.358811546] [tb3_3.turtlebot3_diff_drive]: Wheel pair 1 separation set to [0.160000m]
[gzserver-1] [INFO] [1779439083.358875455] [tb3_3.turtlebot3_diff_drive]: Wheel pair 1 diameter set to [0.066000m]
[gzserver-1] [INFO] [1779439083.359633589] [tb3_3.turtlebot3_diff_drive]: Subscribed to [/tb3_3/cmd_vel]
[gzserver-1] [INFO] [1779439083.360441771] [tb3_3.turtlebot3_diff_drive]: Advertise odometry on [/tb3_3/odom]
[gzserver-1] [INFO] [1779439083.362607323] [tb3_3.turtlebot3_diff_drive]: Publishing odom transforms between [tb3_3/odom] and [tb3_3/base_footprint]
[gzserver-1] [INFO] [1779439083.376536593] [tb3_3.turtlebot3_joint_state]: Going to publish joint [wheel_left_joint]
[gzserver-1] [INFO] [1779439083.376601264] [tb3_3.turtlebot3_joint_state]: Going to publish joint [wheel_right_joint]
[INFO] [spawn_entity.py-12]: process has finished cleanly [pid 3513105]
