[INFO] [launch]: All log files can be found below /home/wj/.ros/log/2026-06-07-12-11-05-540575-wj-Default-string-1122541
[INFO] [launch]: Default logging verbosity is set to INFO
[INFO] Loading world for TurtleBot3: /home/wj/work/multi-robot-exploration-rl/install/start_rl_environment_tb3/share/start_rl_environment_tb3/worlds/interaction_hub.world
[INFO] Spawning 4 TurtleBot3 robots on interaction_hub...
[INFO] Using random positions
[INFO] Using fixed positions for 4 robots
[INFO]   Robot 0: Robot 0 - west lower at (-5.10, -0.85)
[INFO]   Robot 1: Robot 1 - west upper at (-5.10, 0.85)
[INFO]   Robot 2: Robot 2 - east upper at (5.10, 0.85)
[INFO]   Robot 3: Robot 3 - east lower at (5.10, -0.85)
[spawn_robots] Created modified SDF for tb3_0 at /tmp/tb3_0_2sh3rt01.sdf
[spawn_robots] Created modified SDF for tb3_1 at /tmp/tb3_1_gs_3bg4b.sdf
[spawn_robots] Created modified SDF for tb3_2 at /tmp/tb3_2_dqwkqxwl.sdf
[spawn_robots] Created modified SDF for tb3_3 at /tmp/tb3_3_2u4svjpp.sdf
[INFO] Map Server loading: /home/wj/work/multi-robot-exploration-rl/install/start_rl_environment_tb3/share/start_rl_environment_tb3/maps/interaction_hub.yaml
[INFO] [gzserver-1]: process started with pid [1122780]
[INFO] [gzclient-2]: process started with pid [1122782]
[INFO] [robot_state_publisher-3]: process started with pid [1122784]
[INFO] [spawn_entity.py-4]: process started with pid [1122786]
[INFO] [static_transform_publisher-5]: process started with pid [1122788]
[INFO] [robot_state_publisher-6]: process started with pid [1122790]
[INFO] [spawn_entity.py-7]: process started with pid [1122792]
[INFO] [static_transform_publisher-8]: process started with pid [1122795]
[INFO] [robot_state_publisher-9]: process started with pid [1122798]
[INFO] [spawn_entity.py-10]: process started with pid [1122805]
[INFO] [static_transform_publisher-11]: process started with pid [1122810]
[INFO] [robot_state_publisher-12]: process started with pid [1122813]
[INFO] [spawn_entity.py-13]: process started with pid [1122820]
[INFO] [static_transform_publisher-14]: process started with pid [1122823]
[INFO] [map_server-15]: process started with pid [1122825]
[INFO] [lifecycle_manager-16]: process started with pid [1122833]
[INFO] [rviz2-17]: process started with pid [1122835]
[INFO] [obstacle_mover.py-18]: process started with pid [1122844]
[robot_state_publisher-3] [INFO] [1780805466.507453675] [tb3_0.robot_state_publisher]: got segment base_footprint
[robot_state_publisher-3] [INFO] [1780805466.507626940] [tb3_0.robot_state_publisher]: got segment base_link
[robot_state_publisher-3] [INFO] [1780805466.507644491] [tb3_0.robot_state_publisher]: got segment base_scan
[robot_state_publisher-3] [INFO] [1780805466.507653933] [tb3_0.robot_state_publisher]: got segment caster_back_link
[robot_state_publisher-3] [INFO] [1780805466.507662778] [tb3_0.robot_state_publisher]: got segment imu_link
[robot_state_publisher-3] [INFO] [1780805466.507671260] [tb3_0.robot_state_publisher]: got segment wheel_left_link
[robot_state_publisher-3] [INFO] [1780805466.507679502] [tb3_0.robot_state_publisher]: got segment wheel_right_link
[static_transform_publisher-5] [WARN] [1780805466.479149203] []: Old-style arguments are deprecated; see --help for new-style arguments
[static_transform_publisher-5] [INFO] [1780805466.541542635] [static_tf_tb3_0]: Spinning until stopped - publishing transform
[static_transform_publisher-5] translation: ('0.000000', '0.000000', '0.000000')
[static_transform_publisher-5] rotation: ('0.000000', '0.000000', '0.000000', '1.000000')
[static_transform_publisher-5] from 'map' to 'tb3_0/odom'
[static_transform_publisher-8] [WARN] [1780805466.511071575] []: Old-style arguments are deprecated; see --help for new-style arguments
[static_transform_publisher-11] [WARN] [1780805466.523959207] []: Old-style arguments are deprecated; see --help for new-style arguments
[static_transform_publisher-14] [WARN] [1780805466.513130797] []: Old-style arguments are deprecated; see --help for new-style arguments
[static_transform_publisher-14] [INFO] [1780805466.549927673] [static_tf_tb3_3]: Spinning until stopped - publishing transform
[static_transform_publisher-14] translation: ('0.000000', '0.000000', '0.000000')
[static_transform_publisher-14] rotation: ('0.000000', '0.000000', '0.000000', '1.000000')
[static_transform_publisher-14] from 'map' to 'tb3_3/odom'
[robot_state_publisher-6] [INFO] [1780805466.567466386] [tb3_1.robot_state_publisher]: got segment base_footprint
[robot_state_publisher-6] [INFO] [1780805466.567756153] [tb3_1.robot_state_publisher]: got segment base_link
[robot_state_publisher-6] [INFO] [1780805466.567777174] [tb3_1.robot_state_publisher]: got segment base_scan
[robot_state_publisher-6] [INFO] [1780805466.567787777] [tb3_1.robot_state_publisher]: got segment caster_back_link
[robot_state_publisher-6] [INFO] [1780805466.567797897] [tb3_1.robot_state_publisher]: got segment imu_link
[robot_state_publisher-6] [INFO] [1780805466.567807437] [tb3_1.robot_state_publisher]: got segment wheel_left_link
[robot_state_publisher-6] [INFO] [1780805466.567816534] [tb3_1.robot_state_publisher]: got segment wheel_right_link
[static_transform_publisher-8] [INFO] [1780805466.600665350] [static_tf_tb3_1]: Spinning until stopped - publishing transform
[static_transform_publisher-8] translation: ('0.000000', '0.000000', '0.000000')
[static_transform_publisher-8] rotation: ('0.000000', '0.000000', '0.000000', '1.000000')
[static_transform_publisher-8] from 'map' to 'tb3_1/odom'
[static_transform_publisher-11] [INFO] [1780805466.609976875] [static_tf_tb3_2]: Spinning until stopped - publishing transform
[static_transform_publisher-11] translation: ('0.000000', '0.000000', '0.000000')
[static_transform_publisher-11] rotation: ('0.000000', '0.000000', '0.000000', '1.000000')
[static_transform_publisher-11] from 'map' to 'tb3_2/odom'
[robot_state_publisher-12] [INFO] [1780805466.616641239] [tb3_3.robot_state_publisher]: got segment base_footprint
[robot_state_publisher-12] [INFO] [1780805466.617242362] [tb3_3.robot_state_publisher]: got segment base_link
[robot_state_publisher-12] [INFO] [1780805466.617268212] [tb3_3.robot_state_publisher]: got segment base_scan
[robot_state_publisher-12] [INFO] [1780805466.617280992] [tb3_3.robot_state_publisher]: got segment caster_back_link
[robot_state_publisher-12] [INFO] [1780805466.617293062] [tb3_3.robot_state_publisher]: got segment imu_link
[robot_state_publisher-12] [INFO] [1780805466.617307085] [tb3_3.robot_state_publisher]: got segment wheel_left_link
[robot_state_publisher-12] [INFO] [1780805466.617315498] [tb3_3.robot_state_publisher]: got segment wheel_right_link
[lifecycle_manager-16] [INFO] [1780805466.626168820] [lifecycle_manager_map]: Creating
[lifecycle_manager-16] [INFO] [1780805466.637563268] [lifecycle_manager_map]: [34m[1mCreating and initializing lifecycle service clients[0m[0m
[robot_state_publisher-9] [INFO] [1780805466.641175155] [tb3_2.robot_state_publisher]: got segment base_footprint
[robot_state_publisher-9] [INFO] [1780805466.642532704] [tb3_2.robot_state_publisher]: got segment base_link
[robot_state_publisher-9] [INFO] [1780805466.642562223] [tb3_2.robot_state_publisher]: got segment base_scan
[robot_state_publisher-9] [INFO] [1780805466.642574210] [tb3_2.robot_state_publisher]: got segment caster_back_link
[robot_state_publisher-9] [INFO] [1780805466.642584830] [tb3_2.robot_state_publisher]: got segment imu_link
[robot_state_publisher-9] [INFO] [1780805466.642594810] [tb3_2.robot_state_publisher]: got segment wheel_left_link
[robot_state_publisher-9] [INFO] [1780805466.642604900] [tb3_2.robot_state_publisher]: got segment wheel_right_link
[lifecycle_manager-16] [INFO] [1780805466.658329423] [lifecycle_manager_map]: [34m[1mStarting managed nodes bringup...[0m[0m
[lifecycle_manager-16] [INFO] [1780805466.658444635] [lifecycle_manager_map]: [34m[1mConfiguring map_server[0m[0m
[map_server-15] [INFO] [1780805466.675060325] [map_server]: 
[map_server-15] 	map_server lifecycle node launched. 
[map_server-15] 	Waiting on external lifecycle transitions to activate
[map_server-15] 	See https://design.ros2.org/articles/node_lifecycle.html for more information.
[map_server-15] [INFO] [1780805466.675359271] [map_server]: Creating
[map_server-15] [INFO] [1780805466.677616639] [map_server]: Configuring
[map_server-15] [INFO] [1780805466.677750850] [map_io]: Loading yaml file: /home/wj/work/multi-robot-exploration-rl/install/start_rl_environment_tb3/share/start_rl_environment_tb3/maps/interaction_hub.yaml
[map_server-15] [INFO] [1780805466.679459296] [map_io]: resolution: 0.05
[map_server-15] [INFO] [1780805466.679491474] [map_io]: origin[0]: -6
[map_server-15] [INFO] [1780805466.679503671] [map_io]: origin[1]: -6
[map_server-15] [INFO] [1780805466.679512238] [map_io]: origin[2]: 0
[map_server-15] [INFO] [1780805466.679521069] [map_io]: free_thresh: 0.196
[map_server-15] [INFO] [1780805466.679528920] [map_io]: occupied_thresh: 0.65
[map_server-15] [INFO] [1780805466.679538189] [map_io]: mode: trinary
[map_server-15] [INFO] [1780805466.679547605] [map_io]: negate: 0
[map_server-15] [INFO] [1780805466.679826253] [map_io]: Loading image_file: /home/wj/work/multi-robot-exploration-rl/install/start_rl_environment_tb3/share/start_rl_environment_tb3/maps/interaction_hub.pgm
[map_server-15] [INFO] [1780805466.704518066] [map_io]: Read map /home/wj/work/multi-robot-exploration-rl/install/start_rl_environment_tb3/share/start_rl_environment_tb3/maps/interaction_hub.pgm: 240 X 240 map @ 0.05 m/cell
[lifecycle_manager-16] [INFO] [1780805466.725088134] [lifecycle_manager_map]: [34m[1mActivating map_server[0m[0m
[map_server-15] [INFO] [1780805466.726628225] [map_server]: Activating
[map_server-15] [INFO] [1780805466.726920705] [map_server]: Creating bond (map_server) to lifecycle manager.
[lifecycle_manager-16] [INFO] [1780805466.842545108] [lifecycle_manager_map]: Server map_server connected with bond.
[lifecycle_manager-16] [INFO] [1780805466.842596728] [lifecycle_manager_map]: [34m[1mManaged nodes are active[0m[0m
[lifecycle_manager-16] [INFO] [1780805466.842614366] [lifecycle_manager_map]: [34m[1mCreating bond timer...[0m[0m
[spawn_entity.py-4] [INFO] [1780805467.308974168] [tb3_0.spawn_entity]: Spawn Entity started
[spawn_entity.py-4] [INFO] [1780805467.309717910] [tb3_0.spawn_entity]: Loading entity XML from file /tmp/tb3_0_2sh3rt01.sdf
[spawn_entity.py-4] [INFO] [1780805467.311529081] [tb3_0.spawn_entity]: Waiting for service /spawn_entity, timeout = 30
[spawn_entity.py-4] [INFO] [1780805467.311932253] [tb3_0.spawn_entity]: Waiting for service /spawn_entity
[spawn_entity.py-10] [INFO] [1780805467.356609594] [tb3_2.spawn_entity]: Spawn Entity started
[spawn_entity.py-10] [INFO] [1780805467.357204967] [tb3_2.spawn_entity]: Loading entity XML from file /tmp/tb3_2_dqwkqxwl.sdf
[spawn_entity.py-7] [INFO] [1780805467.357438540] [tb3_1.spawn_entity]: Spawn Entity started
[spawn_entity.py-7] [INFO] [1780805467.358154645] [tb3_1.spawn_entity]: Loading entity XML from file /tmp/tb3_1_gs_3bg4b.sdf
[spawn_entity.py-7] [INFO] [1780805467.359537713] [tb3_1.spawn_entity]: Waiting for service /spawn_entity, timeout = 30
[spawn_entity.py-7] [INFO] [1780805467.360575543] [tb3_1.spawn_entity]: Waiting for service /spawn_entity
[spawn_entity.py-10] [INFO] [1780805467.360158526] [tb3_2.spawn_entity]: Waiting for service /spawn_entity, timeout = 30
[spawn_entity.py-10] [INFO] [1780805467.361914647] [tb3_2.spawn_entity]: Waiting for service /spawn_entity
[spawn_entity.py-13] [INFO] [1780805467.461777824] [tb3_3.spawn_entity]: Spawn Entity started
[spawn_entity.py-13] [INFO] [1780805467.464113459] [tb3_3.spawn_entity]: Loading entity XML from file /tmp/tb3_3_2u4svjpp.sdf
[spawn_entity.py-13] [INFO] [1780805467.465766775] [tb3_3.spawn_entity]: Waiting for service /spawn_entity, timeout = 30
[spawn_entity.py-13] [INFO] [1780805467.466127791] [tb3_3.spawn_entity]: Waiting for service /spawn_entity
[rviz2-17] [INFO] [1780805467.744106069] [rviz2]: Stereo is NOT SUPPORTED
[rviz2-17] [INFO] [1780805467.744281755] [rviz2]: OpenGl version: 4.6 (GLSL 4.6)
[rviz2-17] [INFO] [1780805467.931618214] [rviz2]: Stereo is NOT SUPPORTED
[gzserver-1] [WARN] [1780805469.366002826] [rcl]: Found remap rule 'model_states:=model_states_demo'. This syntax is deprecated. Use '--ros-args --remap model_states:=model_states_demo' instead.
[spawn_entity.py-7] [INFO] [1780805469.373259095] [tb3_1.spawn_entity]: Calling service /spawn_entity
[spawn_entity.py-10] [INFO] [1780805469.375559931] [tb3_2.spawn_entity]: Calling service /spawn_entity
[gzserver-1] [INFO] [1780805469.389769287] [gazebo_ros_state]: Publishing states of gazebo models at [/model_states_demo]
[gzserver-1] [INFO] [1780805469.391201056] [gazebo_ros_state]: Publishing states of gazebo links at [/link_states]
[spawn_entity.py-13] [INFO] [1780805469.477924607] [tb3_3.spawn_entity]: Calling service /spawn_entity
[spawn_entity.py-4] [INFO] [1780805469.570942893] [tb3_0.spawn_entity]: Calling service /spawn_entity
[obstacle_mover.py-18] [INFO] [1780805469.635147791] [obstacle_mover]: [obstacle_mover] map=6  0 个障碍物  速度=0.000 m/s (scale×0.0)  30 Hz  随机游走模式
[obstacle_mover.py-18] [INFO] [1780805469.644979875] [obstacle_mover]: [obstacle_mover] ✅ dyn_obs_0~dyn_obs_7 已下沉至 z=-10.0
[gzserver-1] [INFO] [1780805469.713065293] [tb3_1.turtlebot3_imu]: <initial_orientation_as_reference> is unset, using default value of false to comply with REP 145 (world as orientation reference)
[spawn_entity.py-7] [INFO] [1780805469.845247861] [tb3_1.spawn_entity]: Spawn status: SpawnEntity: Successfully spawned entity [tb3_1]
[gzserver-1] [INFO] [1780805469.991018571] [tb3_1.turtlebot3_diff_drive]: Wheel pair 1 separation set to [0.160000m]
[gzserver-1] [INFO] [1780805469.991078903] [tb3_1.turtlebot3_diff_drive]: Wheel pair 1 diameter set to [0.066000m]
[gzserver-1] [INFO] [1780805469.993803012] [tb3_1.turtlebot3_diff_drive]: Subscribed to [/tb3_1/cmd_vel]
[gzserver-1] [INFO] [1780805469.998171307] [tb3_1.turtlebot3_diff_drive]: Advertise odometry on [/tb3_1/odom]
[gzserver-1] [INFO] [1780805470.007057285] [tb3_1.turtlebot3_diff_drive]: Publishing odom transforms between [tb3_1/odom] and [tb3_1/base_footprint]
[gzserver-1] [INFO] [1780805470.034459331] [tb3_1.turtlebot3_joint_state]: Going to publish joint [wheel_left_joint]
[gzserver-1] [INFO] [1780805470.034519146] [tb3_1.turtlebot3_joint_state]: Going to publish joint [wheel_right_joint]
[INFO] [spawn_entity.py-7]: process has finished cleanly [pid 1122792]
[gzserver-1] [INFO] [1780805470.353133755] [tb3_2.turtlebot3_imu]: <initial_orientation_as_reference> is unset, using default value of false to comply with REP 145 (world as orientation reference)
[spawn_entity.py-10] [INFO] [1780805470.474983807] [tb3_2.spawn_entity]: Spawn status: SpawnEntity: Successfully spawned entity [tb3_2]
[gzserver-1] [INFO] [1780805470.592999560] [tb3_2.turtlebot3_diff_drive]: Wheel pair 1 separation set to [0.160000m]
[gzserver-1] [INFO] [1780805470.593101710] [tb3_2.turtlebot3_diff_drive]: Wheel pair 1 diameter set to [0.066000m]
[gzserver-1] [INFO] [1780805470.594469854] [tb3_2.turtlebot3_diff_drive]: Subscribed to [/tb3_2/cmd_vel]
[gzserver-1] [INFO] [1780805470.595816323] [tb3_2.turtlebot3_diff_drive]: Advertise odometry on [/tb3_2/odom]
[gzserver-1] [INFO] [1780805470.598078023] [tb3_2.turtlebot3_diff_drive]: Publishing odom transforms between [tb3_2/odom] and [tb3_2/base_footprint]
[gzserver-1] [INFO] [1780805470.612693999] [tb3_2.turtlebot3_joint_state]: Going to publish joint [wheel_left_joint]
[gzserver-1] [INFO] [1780805470.612754263] [tb3_2.turtlebot3_joint_state]: Going to publish joint [wheel_right_joint]
[INFO] [spawn_entity.py-10]: process has finished cleanly [pid 1122805]
[gzserver-1] [INFO] [1780805470.944904658] [tb3_3.turtlebot3_imu]: <initial_orientation_as_reference> is unset, using default value of false to comply with REP 145 (world as orientation reference)
[spawn_entity.py-13] [INFO] [1780805471.102950048] [tb3_3.spawn_entity]: Spawn status: SpawnEntity: Successfully spawned entity [tb3_3]
[gzserver-1] [INFO] [1780805471.234901395] [tb3_3.turtlebot3_diff_drive]: Wheel pair 1 separation set to [0.160000m]
[gzserver-1] [INFO] [1780805471.234989352] [tb3_3.turtlebot3_diff_drive]: Wheel pair 1 diameter set to [0.066000m]
[gzserver-1] [INFO] [1780805471.236069563] [tb3_3.turtlebot3_diff_drive]: Subscribed to [/tb3_3/cmd_vel]
[gzserver-1] [INFO] [1780805471.239033325] [tb3_3.turtlebot3_diff_drive]: Advertise odometry on [/tb3_3/odom]
[gzserver-1] [INFO] [1780805471.248353521] [tb3_3.turtlebot3_diff_drive]: Publishing odom transforms between [tb3_3/odom] and [tb3_3/base_footprint]
[gzserver-1] [INFO] [1780805471.277766380] [tb3_3.turtlebot3_joint_state]: Going to publish joint [wheel_left_joint]
[gzserver-1] [INFO] [1780805471.277835129] [tb3_3.turtlebot3_joint_state]: Going to publish joint [wheel_right_joint]
[INFO] [spawn_entity.py-13]: process has finished cleanly [pid 1122820]
[gzserver-1] [INFO] [1780805471.600042205] [tb3_0.turtlebot3_imu]: <initial_orientation_as_reference> is unset, using default value of false to comply with REP 145 (world as orientation reference)
[spawn_entity.py-4] [INFO] [1780805471.726842620] [tb3_0.spawn_entity]: Spawn status: SpawnEntity: Successfully spawned entity [tb3_0]
[gzserver-1] [INFO] [1780805471.838636531] [tb3_0.turtlebot3_diff_drive]: Wheel pair 1 separation set to [0.160000m]
[gzserver-1] [INFO] [1780805471.838701233] [tb3_0.turtlebot3_diff_drive]: Wheel pair 1 diameter set to [0.066000m]
[gzserver-1] [INFO] [1780805471.839642071] [tb3_0.turtlebot3_diff_drive]: Subscribed to [/tb3_0/cmd_vel]
[gzserver-1] [INFO] [1780805471.840822843] [tb3_0.turtlebot3_diff_drive]: Advertise odometry on [/tb3_0/odom]
[gzserver-1] [INFO] [1780805471.844163469] [tb3_0.turtlebot3_diff_drive]: Publishing odom transforms between [tb3_0/odom] and [tb3_0/base_footprint]
[gzserver-1] [INFO] [1780805471.864284927] [tb3_0.turtlebot3_joint_state]: Going to publish joint [wheel_left_joint]
[gzserver-1] [INFO] [1780805471.864351027] [tb3_0.turtlebot3_joint_state]: Going to publish joint [wheel_right_joint]
[INFO] [spawn_entity.py-4]: process has finished cleanly [pid 1122786]
[rviz2-17] [INFO] [1780805481.604223193] [rviz2]: Message Filter dropping message: frame 'tb3_2/base_scan' at time 0.372 for reason 'the timestamp on the message is earlier than all the data in the transform cache'
[rviz2-17] [INFO] [1780805481.806441269] [rviz2]: Message Filter dropping message: frame 'tb3_3/base_scan' at time 0.573 for reason 'the timestamp on the message is earlier than all the data in the transform cache'
[rviz2-17] [INFO] [1780805482.008413792] [rviz2]: Message Filter dropping message: frame 'tb3_0/base_scan' at time 0.774 for reason 'the timestamp on the message is earlier than all the data in the transform cache'
[gzclient-2] 
[gzclient-2] libcurl: (56) OpenSSL SSL_read: error:0A000126:SSL routines::unexpected eof while reading, errno 0
