/home/wj/work/multi-robot-exploration-rl/install/start_orca_nav/lib/python3.10/site-packages/start_orca_nav/dwa_planner.py
/home/wj/work/multi-robot-exploration-rl/install/start_orca_nav/lib/python3.10/site-packages/start_orca_nav/orca_algorithm.py
/home/wj/work/multi-robot-exploration-rl/install/start_orca_nav/lib/python3.10/site-packages/start_orca_nav/global_planner.py
/home/wj/work/multi-robot-exploration-rl/install/start_orca_nav/lib/python3.10/site-packages/start_orca_nav/__init__.py
/home/wj/work/multi-robot-exploration-rl/install/start_orca_nav/lib/python3.10/site-packages/start_orca_nav/orca_nav_node_nav2.py
/home/wj/work/multi-robot-exploration-rl/install/start_orca_nav/lib/python3.10/site-packages/start_orca_nav/orca_nav_node.py
/home/wj/work/multi-robot-exploration-rl/install/start_orca_nav/lib/python3.10/site-packages/start_orca_nav/__pycache__/dwa_planner.cpython-310.pyc
/home/wj/work/multi-robot-exploration-rl/install/start_orca_nav/lib/python3.10/site-packages/start_orca_nav/__pycache__/orca_algorithm.cpython-310.pyc
/home/wj/work/multi-robot-exploration-rl/install/start_orca_nav/lib/python3.10/site-packages/start_orca_nav/__pycache__/global_planner.cpython-310.pyc
/home/wj/work/multi-robot-exploration-rl/install/start_orca_nav/lib/python3.10/site-packages/start_orca_nav/__pycache__/__init__.cpython-310.pyc
/home/wj/work/multi-robot-exploration-rl/install/start_orca_nav/lib/python3.10/site-packages/start_orca_nav/__pycache__/orca_nav_node_nav2.cpython-310.pyc
/home/wj/work/multi-robot-exploration-rl/install/start_orca_nav/lib/python3.10/site-packages/start_orca_nav/__pycache__/orca_nav_node.cpython-310.pyc
/home/wj/work/multi-robot-exploration-rl/install/start_orca_nav/share/ament_index/resource_index/packages/start_orca_nav
/home/wj/work/multi-robot-exploration-rl/install/start_orca_nav/share/start_orca_nav/package.xml
/home/wj/work/multi-robot-exploration-rl/install/start_orca_nav/share/start_orca_nav/launch/orca_nav2_simple.launch.py
/home/wj/work/multi-robot-exploration-rl/install/start_orca_nav/share/start_orca_nav/launch/nav2_multi_robot.launch.py
/home/wj/work/multi-robot-exploration-rl/install/start_orca_nav/share/start_orca_nav/launch/orca_nav2.launch.py
/home/wj/work/multi-robot-exploration-rl/install/start_orca_nav/share/start_orca_nav/launch/start_orca_nav.launch.py
/home/wj/work/multi-robot-exploration-rl/install/start_orca_nav/share/start_orca_nav/rviz/multi_robot_nav.rviz
/home/wj/work/multi-robot-exploration-rl/install/start_orca_nav/lib/python3.10/site-packages/start_orca_nav-0.0.1-py3.10.egg-info/SOURCES.txt
/home/wj/work/multi-robot-exploration-rl/install/start_orca_nav/lib/python3.10/site-packages/start_orca_nav-0.0.1-py3.10.egg-info/entry_points.txt
/home/wj/work/multi-robot-exploration-rl/install/start_orca_nav/lib/python3.10/site-packages/start_orca_nav-0.0.1-py3.10.egg-info/zip-safe
/home/wj/work/multi-robot-exploration-rl/install/start_orca_nav/lib/python3.10/site-packages/start_orca_nav-0.0.1-py3.10.egg-info/PKG-INFO
/home/wj/work/multi-robot-exploration-rl/install/start_orca_nav/lib/python3.10/site-packages/start_orca_nav-0.0.1-py3.10.egg-info/dependency_links.txt
/home/wj/work/multi-robot-exploration-rl/install/start_orca_nav/lib/python3.10/site-packages/start_orca_nav-0.0.1-py3.10.egg-info/requires.txt
/home/wj/work/multi-robot-exploration-rl/install/start_orca_nav/lib/python3.10/site-packages/start_orca_nav-0.0.1-py3.10.egg-info/top_level.txt
/home/wj/work/multi-robot-exploration-rl/install/start_orca_nav/lib/start_orca_nav/orca_nav_node
/home/wj/work/multi-robot-exploration-rl/install/start_orca_nav/lib/start_orca_nav/orca_nav_node_nav2
