[INFO] [launch]: All log files can be found below /home/wj/.ros/log/2026-05-03-17-30-12-413753-wj-Default-string-3519526
[INFO] [launch]: Default logging verbosity is set to INFO
[INFO] Loading world for TurtleBot3: /home/wj/work/multi-robot-exploration-rl/install/start_rl_environment_tb3/share/start_rl_environment_tb3/worlds/corridor_swap.world
[INFO] Spawning 4 TurtleBot3 robots on corridor_swap...
[INFO] Using random positions
[INFO] Using fixed positions for 4 robots
[INFO]   Robot 0: Robot 0 - 左侧中间 at (-4.50, 0.00)
[INFO]   Robot 1: Robot 1 - 右侧中间 at (4.50, 0.00)
[INFO]   Robot 2: Robot 2 - 左下 at (-4.50, -3.00)
[INFO]   Robot 3: Robot 3 - 左上 at (-4.50, 3.00)
[spawn_robots] Created modified SDF for tb3_0 at /tmp/tb3_0_186sjdn2.sdf
[spawn_robots] Created modified SDF for tb3_1 at /tmp/tb3_1_z8jwvocz.sdf
[spawn_robots] Created modified SDF for tb3_2 at /tmp/tb3_2_lr46b4pk.sdf
[spawn_robots] Created modified SDF for tb3_3 at /tmp/tb3_3_7_kzt1f2.sdf
[INFO] Map Server loading: /home/wj/work/multi-robot-exploration-rl/install/start_rl_environment_tb3/share/start_rl_environment_tb3/maps/corridor_swap.yaml
[INFO] [gzserver-1]: process started with pid [3519635]
[INFO] [gzclient-2]: process started with pid [3519637]
[INFO] [robot_state_publisher-3]: process started with pid [3519639]
[INFO] [spawn_entity.py-4]: process started with pid [3519641]
[INFO] [static_transform_publisher-5]: process started with pid [3519643]
[INFO] [robot_state_publisher-6]: process started with pid [3519645]
[INFO] [spawn_entity.py-7]: process started with pid [3519647]
[INFO] [static_transform_publisher-8]: process started with pid [3519649]
[INFO] [robot_state_publisher-9]: process started with pid [3519651]
[INFO] [spawn_entity.py-10]: process started with pid [3519653]
[INFO] [static_transform_publisher-11]: process started with pid [3519655]
[INFO] [robot_state_publisher-12]: process started with pid [3519657]
[INFO] [spawn_entity.py-13]: process started with pid [3519659]
[INFO] [static_transform_publisher-14]: process started with pid [3519661]
[INFO] [map_server-15]: process started with pid [3519667]
[INFO] [lifecycle_manager-16]: process started with pid [3519682]
[INFO] [rviz2-17]: process started with pid [3519697]
[INFO] [obstacle_mover.py-18]: process started with pid [3519707]
[static_transform_publisher-5] [WARN] [1777800613.241150127] []: Old-style arguments are deprecated; see --help for new-style arguments
[static_transform_publisher-8] [WARN] [1777800613.248100740] []: Old-style arguments are deprecated; see --help for new-style arguments
[static_transform_publisher-11] [WARN] [1777800613.251513809] []: Old-style arguments are deprecated; see --help for new-style arguments
[static_transform_publisher-14] [WARN] [1777800613.258296425] []: Old-style arguments are deprecated; see --help for new-style arguments
[static_transform_publisher-11] [INFO] [1777800613.277144648] [static_tf_tb3_2]: Spinning until stopped - publishing transform
[static_transform_publisher-11] translation: ('0.000000', '0.000000', '0.000000')
[static_transform_publisher-11] rotation: ('0.000000', '0.000000', '0.000000', '1.000000')
[static_transform_publisher-11] from 'map' to 'tb3_2/odom'
[robot_state_publisher-6] [INFO] [1777800613.281153051] [tb3_1.robot_state_publisher]: got segment base_footprint
[robot_state_publisher-6] [INFO] [1777800613.281313716] [tb3_1.robot_state_publisher]: got segment base_link
[robot_state_publisher-6] [INFO] [1777800613.281334377] [tb3_1.robot_state_publisher]: got segment base_scan
[robot_state_publisher-6] [INFO] [1777800613.281345894] [tb3_1.robot_state_publisher]: got segment caster_back_link
[robot_state_publisher-6] [INFO] [1777800613.281356647] [tb3_1.robot_state_publisher]: got segment imu_link
[robot_state_publisher-6] [INFO] [1777800613.281366622] [tb3_1.robot_state_publisher]: got segment wheel_left_link
[robot_state_publisher-6] [INFO] [1777800613.281377098] [tb3_1.robot_state_publisher]: got segment wheel_right_link
[static_transform_publisher-14] [INFO] [1777800613.289062239] [static_tf_tb3_3]: Spinning until stopped - publishing transform
[static_transform_publisher-14] translation: ('0.000000', '0.000000', '0.000000')
[static_transform_publisher-14] rotation: ('0.000000', '0.000000', '0.000000', '1.000000')
[static_transform_publisher-14] from 'map' to 'tb3_3/odom'
[static_transform_publisher-5] [INFO] [1777800613.292334329] [static_tf_tb3_0]: Spinning until stopped - publishing transform
[static_transform_publisher-5] translation: ('0.000000', '0.000000', '0.000000')
[static_transform_publisher-5] rotation: ('0.000000', '0.000000', '0.000000', '1.000000')
[static_transform_publisher-5] from 'map' to 'tb3_0/odom'
[robot_state_publisher-12] [INFO] [1777800613.295143372] [tb3_3.robot_state_publisher]: got segment base_footprint
[robot_state_publisher-12] [INFO] [1777800613.295303673] [tb3_3.robot_state_publisher]: got segment base_link
[robot_state_publisher-12] [INFO] [1777800613.295325342] [tb3_3.robot_state_publisher]: got segment base_scan
[robot_state_publisher-12] [INFO] [1777800613.295337251] [tb3_3.robot_state_publisher]: got segment caster_back_link
[robot_state_publisher-12] [INFO] [1777800613.295347082] [tb3_3.robot_state_publisher]: got segment imu_link
[robot_state_publisher-12] [INFO] [1777800613.295356682] [tb3_3.robot_state_publisher]: got segment wheel_left_link
[robot_state_publisher-12] [INFO] [1777800613.295365562] [tb3_3.robot_state_publisher]: got segment wheel_right_link
[robot_state_publisher-9] [INFO] [1777800613.306081391] [tb3_2.robot_state_publisher]: got segment base_footprint
[robot_state_publisher-9] [INFO] [1777800613.306237555] [tb3_2.robot_state_publisher]: got segment base_link
[robot_state_publisher-9] [INFO] [1777800613.306264163] [tb3_2.robot_state_publisher]: got segment base_scan
[robot_state_publisher-9] [INFO] [1777800613.306278223] [tb3_2.robot_state_publisher]: got segment caster_back_link
[robot_state_publisher-9] [INFO] [1777800613.306288551] [tb3_2.robot_state_publisher]: got segment imu_link
[robot_state_publisher-9] [INFO] [1777800613.306298255] [tb3_2.robot_state_publisher]: got segment wheel_left_link
[robot_state_publisher-9] [INFO] [1777800613.306308352] [tb3_2.robot_state_publisher]: got segment wheel_right_link
[lifecycle_manager-16] [INFO] [1777800613.308140631] [lifecycle_manager_map]: Creating
[robot_state_publisher-3] [INFO] [1777800613.310061116] [tb3_0.robot_state_publisher]: got segment base_footprint
[robot_state_publisher-3] [INFO] [1777800613.310216267] [tb3_0.robot_state_publisher]: got segment base_link
[robot_state_publisher-3] [INFO] [1777800613.310280233] [tb3_0.robot_state_publisher]: got segment base_scan
[robot_state_publisher-3] [INFO] [1777800613.310295891] [tb3_0.robot_state_publisher]: got segment caster_back_link
[robot_state_publisher-3] [INFO] [1777800613.310449675] [tb3_0.robot_state_publisher]: got segment imu_link
[robot_state_publisher-3] [INFO] [1777800613.310475839] [tb3_0.robot_state_publisher]: got segment wheel_left_link
[robot_state_publisher-3] [INFO] [1777800613.310489144] [tb3_0.robot_state_publisher]: got segment wheel_right_link
[lifecycle_manager-16] [INFO] [1777800613.316233539] [lifecycle_manager_map]: [34m[1mCreating and initializing lifecycle service clients[0m[0m
[static_transform_publisher-8] [INFO] [1777800613.318371187] [static_tf_tb3_1]: Spinning until stopped - publishing transform
[static_transform_publisher-8] translation: ('0.000000', '0.000000', '0.000000')
[static_transform_publisher-8] rotation: ('0.000000', '0.000000', '0.000000', '1.000000')
[static_transform_publisher-8] from 'map' to 'tb3_1/odom'
[lifecycle_manager-16] [INFO] [1777800613.330234863] [lifecycle_manager_map]: [34m[1mStarting managed nodes bringup...[0m[0m
[lifecycle_manager-16] [INFO] [1777800613.330307936] [lifecycle_manager_map]: [34m[1mConfiguring map_server[0m[0m
[map_server-15] [INFO] [1777800613.334558462] [map_server]: 
[map_server-15] 	map_server lifecycle node launched. 
[map_server-15] 	Waiting on external lifecycle transitions to activate
[map_server-15] 	See https://design.ros2.org/articles/node_lifecycle.html for more information.
[map_server-15] [INFO] [1777800613.334851983] [map_server]: Creating
[map_server-15] [INFO] [1777800613.335976875] [map_server]: Configuring
[map_server-15] [INFO] [1777800613.336050578] [map_io]: Loading yaml file: /home/wj/work/multi-robot-exploration-rl/install/start_rl_environment_tb3/share/start_rl_environment_tb3/maps/corridor_swap.yaml
[map_server-15] [INFO] [1777800613.336502460] [map_io]: resolution: 0.05
[map_server-15] [INFO] [1777800613.336564247] [map_io]: origin[0]: -6
[map_server-15] [INFO] [1777800613.336575482] [map_io]: origin[1]: -6
[map_server-15] [INFO] [1777800613.336583979] [map_io]: origin[2]: 0
[map_server-15] [INFO] [1777800613.336592979] [map_io]: free_thresh: 0.196
[map_server-15] [INFO] [1777800613.336602518] [map_io]: occupied_thresh: 0.65
[map_server-15] [INFO] [1777800613.336613271] [map_io]: mode: trinary
[map_server-15] [INFO] [1777800613.336623046] [map_io]: negate: 0
[map_server-15] [INFO] [1777800613.336901242] [map_io]: Loading image_file: /home/wj/work/multi-robot-exploration-rl/install/start_rl_environment_tb3/share/start_rl_environment_tb3/maps/corridor_swap.pgm
[map_server-15] [INFO] [1777800613.345785112] [map_io]: Read map /home/wj/work/multi-robot-exploration-rl/install/start_rl_environment_tb3/share/start_rl_environment_tb3/maps/corridor_swap.pgm: 240 X 240 map @ 0.05 m/cell
[lifecycle_manager-16] [INFO] [1777800613.352524397] [lifecycle_manager_map]: [34m[1mActivating map_server[0m[0m
[map_server-15] [INFO] [1777800613.353650233] [map_server]: Activating
[map_server-15] [INFO] [1777800613.353877011] [map_server]: Creating bond (map_server) to lifecycle manager.
[lifecycle_manager-16] [INFO] [1777800613.459208831] [lifecycle_manager_map]: Server map_server connected with bond.
[lifecycle_manager-16] [INFO] [1777800613.459294722] [lifecycle_manager_map]: [34m[1mManaged nodes are active[0m[0m
[lifecycle_manager-16] [INFO] [1777800613.459319827] [lifecycle_manager_map]: [34m[1mCreating bond timer...[0m[0m
[spawn_entity.py-13] [INFO] [1777800613.840037177] [tb3_3.spawn_entity]: Spawn Entity started
[spawn_entity.py-13] [INFO] [1777800613.840771446] [tb3_3.spawn_entity]: Loading entity XML from file /tmp/tb3_3_7_kzt1f2.sdf
[spawn_entity.py-13] [INFO] [1777800613.842238830] [tb3_3.spawn_entity]: Waiting for service /spawn_entity, timeout = 30
[spawn_entity.py-13] [INFO] [1777800613.842907153] [tb3_3.spawn_entity]: Waiting for service /spawn_entity
[spawn_entity.py-7] [INFO] [1777800613.930896774] [tb3_1.spawn_entity]: Spawn Entity started
[spawn_entity.py-7] [INFO] [1777800613.931302087] [tb3_1.spawn_entity]: Loading entity XML from file /tmp/tb3_1_z8jwvocz.sdf
[spawn_entity.py-7] [INFO] [1777800613.932212166] [tb3_1.spawn_entity]: Waiting for service /spawn_entity, timeout = 30
[spawn_entity.py-7] [INFO] [1777800613.932660837] [tb3_1.spawn_entity]: Waiting for service /spawn_entity
[spawn_entity.py-10] [INFO] [1777800613.939822297] [tb3_2.spawn_entity]: Spawn Entity started
[spawn_entity.py-10] [INFO] [1777800613.940583275] [tb3_2.spawn_entity]: Loading entity XML from file /tmp/tb3_2_lr46b4pk.sdf
[spawn_entity.py-10] [INFO] [1777800613.942133252] [tb3_2.spawn_entity]: Waiting for service /spawn_entity, timeout = 30
[spawn_entity.py-10] [INFO] [1777800613.942810564] [tb3_2.spawn_entity]: Waiting for service /spawn_entity
[spawn_entity.py-4] [INFO] [1777800613.986672066] [tb3_0.spawn_entity]: Spawn Entity started
[spawn_entity.py-4] [INFO] [1777800613.987457487] [tb3_0.spawn_entity]: Loading entity XML from file /tmp/tb3_0_186sjdn2.sdf
[spawn_entity.py-4] [INFO] [1777800613.988873984] [tb3_0.spawn_entity]: Waiting for service /spawn_entity, timeout = 30
[spawn_entity.py-4] [INFO] [1777800613.989552530] [tb3_0.spawn_entity]: Waiting for service /spawn_entity
[rviz2-17] [INFO] [1777800614.077696779] [rviz2]: Stereo is NOT SUPPORTED
[rviz2-17] [INFO] [1777800614.077867167] [rviz2]: OpenGl version: 4.6 (GLSL 4.6)
[rviz2-17] [INFO] [1777800614.197786731] [rviz2]: Stereo is NOT SUPPORTED
[gzserver-1] [WARN] [1777800615.427837321] [rcl]: Found remap rule 'model_states:=model_states_demo'. This syntax is deprecated. Use '--ros-args --remap model_states:=model_states_demo' instead.
[spawn_entity.py-7] [INFO] [1777800615.441747893] [tb3_1.spawn_entity]: Calling service /spawn_entity
[gzserver-1] [INFO] [1777800615.445486922] [gazebo_ros_state]: Publishing states of gazebo models at [/model_states_demo]
[gzserver-1] [INFO] [1777800615.446593158] [gazebo_ros_state]: Publishing states of gazebo links at [/link_states]
[spawn_entity.py-10] [INFO] [1777800615.451371041] [tb3_2.spawn_entity]: Calling service /spawn_entity
[spawn_entity.py-4] [INFO] [1777800615.498252188] [tb3_0.spawn_entity]: Calling service /spawn_entity
[spawn_entity.py-13] [INFO] [1777800615.601589234] [tb3_3.spawn_entity]: Calling service /spawn_entity
[obstacle_mover.py-18] [INFO] [1777800615.729941428] [obstacle_mover]: [obstacle_mover] map=3  2 个障碍物  速度=0.038 m/s (scale×0.35)  30 Hz  随机游走模式
[obstacle_mover.py-18] [INFO] [1777800615.731799886] [obstacle_mover]: [obstacle_mover] ✅ dyn_obs_2~dyn_obs_7 已下沉至 z=-10.0
[gzserver-1] [INFO] [1777800615.800945090] [tb3_1.turtlebot3_imu]: <initial_orientation_as_reference> is unset, using default value of false to comply with REP 145 (world as orientation reference)
[spawn_entity.py-7] [INFO] [1777800615.925417507] [tb3_1.spawn_entity]: Spawn status: SpawnEntity: Successfully spawned entity [tb3_1]
[gzserver-1] [INFO] [1777800616.058306045] [tb3_1.turtlebot3_diff_drive]: Wheel pair 1 separation set to [0.160000m]
[gzserver-1] [INFO] [1777800616.058361915] [tb3_1.turtlebot3_diff_drive]: Wheel pair 1 diameter set to [0.066000m]
[gzserver-1] [INFO] [1777800616.060323260] [tb3_1.turtlebot3_diff_drive]: Subscribed to [/tb3_1/cmd_vel]
[gzserver-1] [INFO] [1777800616.063947111] [tb3_1.turtlebot3_diff_drive]: Advertise odometry on [/tb3_1/odom]
[gzserver-1] [INFO] [1777800616.068880116] [tb3_1.turtlebot3_diff_drive]: Publishing odom transforms between [tb3_1/odom] and [tb3_1/base_footprint]
[gzserver-1] [INFO] [1777800616.090713082] [tb3_1.turtlebot3_joint_state]: Going to publish joint [wheel_left_joint]
[gzserver-1] [INFO] [1777800616.090765358] [tb3_1.turtlebot3_joint_state]: Going to publish joint [wheel_right_joint]
[INFO] [spawn_entity.py-7]: process has finished cleanly [pid 3519647]
[gzserver-1] [INFO] [1777800616.420638343] [tb3_2.turtlebot3_imu]: <initial_orientation_as_reference> is unset, using default value of false to comply with REP 145 (world as orientation reference)
[spawn_entity.py-10] [INFO] [1777800616.533524286] [tb3_2.spawn_entity]: Spawn status: SpawnEntity: Successfully spawned entity [tb3_2]
[gzserver-1] [INFO] [1777800616.645544117] [tb3_2.turtlebot3_diff_drive]: Wheel pair 1 separation set to [0.160000m]
[gzserver-1] [INFO] [1777800616.645620363] [tb3_2.turtlebot3_diff_drive]: Wheel pair 1 diameter set to [0.066000m]
[gzserver-1] [INFO] [1777800616.647203945] [tb3_2.turtlebot3_diff_drive]: Subscribed to [/tb3_2/cmd_vel]
[gzserver-1] [INFO] [1777800616.648370209] [tb3_2.turtlebot3_diff_drive]: Advertise odometry on [/tb3_2/odom]
[gzserver-1] [INFO] [1777800616.650908444] [tb3_2.turtlebot3_diff_drive]: Publishing odom transforms between [tb3_2/odom] and [tb3_2/base_footprint]
[gzserver-1] [INFO] [1777800616.664523544] [tb3_2.turtlebot3_joint_state]: Going to publish joint [wheel_left_joint]
[gzserver-1] [INFO] [1777800616.664577747] [tb3_2.turtlebot3_joint_state]: Going to publish joint [wheel_right_joint]
[INFO] [spawn_entity.py-10]: process has finished cleanly [pid 3519653]
[gzserver-1] [INFO] [1777800616.967908587] [tb3_0.turtlebot3_imu]: <initial_orientation_as_reference> is unset, using default value of false to comply with REP 145 (world as orientation reference)
[spawn_entity.py-4] [INFO] [1777800617.089417598] [tb3_0.spawn_entity]: Spawn status: SpawnEntity: Successfully spawned entity [tb3_0]
[gzserver-1] [INFO] [1777800617.200888446] [tb3_0.turtlebot3_diff_drive]: Wheel pair 1 separation set to [0.160000m]
[gzserver-1] [INFO] [1777800617.200955258] [tb3_0.turtlebot3_diff_drive]: Wheel pair 1 diameter set to [0.066000m]
[gzserver-1] [INFO] [1777800617.201907476] [tb3_0.turtlebot3_diff_drive]: Subscribed to [/tb3_0/cmd_vel]
[gzserver-1] [INFO] [1777800617.203088562] [tb3_0.turtlebot3_diff_drive]: Advertise odometry on [/tb3_0/odom]
[gzserver-1] [INFO] [1777800617.205230928] [tb3_0.turtlebot3_diff_drive]: Publishing odom transforms between [tb3_0/odom] and [tb3_0/base_footprint]
[gzserver-1] [INFO] [1777800617.228709330] [tb3_0.turtlebot3_joint_state]: Going to publish joint [wheel_left_joint]
[gzserver-1] [INFO] [1777800617.228760240] [tb3_0.turtlebot3_joint_state]: Going to publish joint [wheel_right_joint]
[INFO] [spawn_entity.py-4]: process has finished cleanly [pid 3519641]
[gzserver-1] [INFO] [1777800617.540660892] [tb3_3.turtlebot3_imu]: <initial_orientation_as_reference> is unset, using default value of false to comply with REP 145 (world as orientation reference)
[spawn_entity.py-13] [INFO] [1777800617.644056173] [tb3_3.spawn_entity]: Spawn status: SpawnEntity: Successfully spawned entity [tb3_3]
[gzserver-1] [INFO] [1777800617.757612320] [tb3_3.turtlebot3_diff_drive]: Wheel pair 1 separation set to [0.160000m]
[gzserver-1] [INFO] [1777800617.757679111] [tb3_3.turtlebot3_diff_drive]: Wheel pair 1 diameter set to [0.066000m]
[gzserver-1] [INFO] [1777800617.758590841] [tb3_3.turtlebot3_diff_drive]: Subscribed to [/tb3_3/cmd_vel]
[gzserver-1] [INFO] [1777800617.759472619] [tb3_3.turtlebot3_diff_drive]: Advertise odometry on [/tb3_3/odom]
[gzserver-1] [INFO] [1777800617.761733722] [tb3_3.turtlebot3_diff_drive]: Publishing odom transforms between [tb3_3/odom] and [tb3_3/base_footprint]
[gzserver-1] [INFO] [1777800617.783176580] [tb3_3.turtlebot3_joint_state]: Going to publish joint [wheel_left_joint]
[gzserver-1] [INFO] [1777800617.783241179] [tb3_3.turtlebot3_joint_state]: Going to publish joint [wheel_right_joint]
[INFO] [spawn_entity.py-13]: process has finished cleanly [pid 3519659]
[rviz2-17] [INFO] [1777800627.578656255] [rviz2]: Message Filter dropping message: frame 'tb3_2/base_scan' at time 0.396 for reason 'the timestamp on the message is earlier than all the data in the transform cache'
[rviz2-17] [INFO] [1777800627.778587079] [rviz2]: Message Filter dropping message: frame 'tb3_0/base_scan' at time 0.595 for reason 'the timestamp on the message is earlier than all the data in the transform cache'
[rviz2-17] [INFO] [1777800627.981633583] [rviz2]: Message Filter dropping message: frame 'tb3_3/base_scan' at time 0.794 for reason 'the timestamp on the message is earlier than all the data in the transform cache'
