[INFO] [launch]: All log files can be found below /home/wj/.ros/log/2026-05-07-12-01-21-213913-wj-Default-string-3170982
[INFO] [launch]: Default logging verbosity is set to INFO
[INFO] Loading world for TurtleBot3: /home/wj/work/multi-robot-exploration-rl/install/start_rl_environment_tb3/share/start_rl_environment_tb3/worlds/warehouse_aisles.world
[INFO] Spawning 4 TurtleBot3 robots on warehouse_aisles...
[INFO] Using random positions
[INFO] Using fixed positions for 4 robots
[spawn_robots] Created modified SDF for tb3_0 at /tmp/tb3_0_t2ut0563.sdf
[spawn_robots] Created modified SDF for tb3_1 at /tmp/tb3_1_o2a858a9.sdf
[spawn_robots] Created modified SDF for tb3_2 at /tmp/tb3_2_qvjlv7eo.sdf
[spawn_robots] Created modified SDF for tb3_3 at /tmp/tb3_3_d5t7lnfz.sdf
[INFO] Map Server loading: /home/wj/work/multi-robot-exploration-rl/install/start_rl_environment_tb3/share/start_rl_environment_tb3/maps/warehouse_aisles.yaml
[INFO] [gzserver-1]: process started with pid [3171065]
[INFO] [gzclient-2]: process started with pid [3171067]
[INFO] [robot_state_publisher-3]: process started with pid [3171069]
[INFO] [spawn_entity.py-4]: process started with pid [3171071]
[INFO] [static_transform_publisher-5]: process started with pid [3171073]
[INFO] [robot_state_publisher-6]: process started with pid [3171075]
[INFO] [spawn_entity.py-7]: process started with pid [3171077]
[INFO] [static_transform_publisher-8]: process started with pid [3171079]
[INFO] [robot_state_publisher-9]: process started with pid [3171081]
[INFO] [spawn_entity.py-10]: process started with pid [3171083]
[INFO] [static_transform_publisher-11]: process started with pid [3171085]
[INFO] [robot_state_publisher-12]: process started with pid [3171087]
[INFO] [spawn_entity.py-13]: process started with pid [3171089]
[INFO] [static_transform_publisher-14]: process started with pid [3171092]
[INFO] [map_server-15]: process started with pid [3171097]
[INFO] [lifecycle_manager-16]: process started with pid [3171108]
[INFO] [rviz2-17]: process started with pid [3171119]
[INFO] [obstacle_mover.py-18]: process started with pid [3171141]
[static_transform_publisher-5] [WARN] [1778126482.035143656] []: Old-style arguments are deprecated; see --help for new-style arguments
[static_transform_publisher-5] [INFO] [1778126482.058268101] [static_tf_tb3_0]: Spinning until stopped - publishing transform
[static_transform_publisher-5] translation: ('0.000000', '0.000000', '0.000000')
[static_transform_publisher-5] rotation: ('0.000000', '0.000000', '0.000000', '1.000000')
[static_transform_publisher-5] from 'map' to 'tb3_0/odom'
[static_transform_publisher-8] [WARN] [1778126482.037301625] []: Old-style arguments are deprecated; see --help for new-style arguments
[static_transform_publisher-11] [WARN] [1778126482.044987872] []: Old-style arguments are deprecated; see --help for new-style arguments
[static_transform_publisher-14] [WARN] [1778126482.055685577] []: Old-style arguments are deprecated; see --help for new-style arguments
[robot_state_publisher-3] [INFO] [1778126482.079647451] [tb3_0.robot_state_publisher]: got segment base_footprint
[robot_state_publisher-3] [INFO] [1778126482.079797688] [tb3_0.robot_state_publisher]: got segment base_link
[robot_state_publisher-3] [INFO] [1778126482.079819548] [tb3_0.robot_state_publisher]: got segment base_scan
[robot_state_publisher-3] [INFO] [1778126482.079831184] [tb3_0.robot_state_publisher]: got segment caster_back_link
[robot_state_publisher-3] [INFO] [1778126482.079841875] [tb3_0.robot_state_publisher]: got segment imu_link
[robot_state_publisher-3] [INFO] [1778126482.079851708] [tb3_0.robot_state_publisher]: got segment wheel_left_link
[robot_state_publisher-3] [INFO] [1778126482.079861294] [tb3_0.robot_state_publisher]: got segment wheel_right_link
[static_transform_publisher-8] [INFO] [1778126482.088544703] [static_tf_tb3_1]: Spinning until stopped - publishing transform
[static_transform_publisher-8] translation: ('0.000000', '0.000000', '0.000000')
[static_transform_publisher-8] rotation: ('0.000000', '0.000000', '0.000000', '1.000000')
[static_transform_publisher-8] from 'map' to 'tb3_1/odom'
[robot_state_publisher-12] [INFO] [1778126482.105743828] [tb3_3.robot_state_publisher]: got segment base_footprint
[robot_state_publisher-12] [INFO] [1778126482.105913981] [tb3_3.robot_state_publisher]: got segment base_link
[robot_state_publisher-12] [INFO] [1778126482.105937867] [tb3_3.robot_state_publisher]: got segment base_scan
[robot_state_publisher-12] [INFO] [1778126482.105951172] [tb3_3.robot_state_publisher]: got segment caster_back_link
[robot_state_publisher-12] [INFO] [1778126482.105962260] [tb3_3.robot_state_publisher]: got segment imu_link
[robot_state_publisher-12] [INFO] [1778126482.105972771] [tb3_3.robot_state_publisher]: got segment wheel_left_link
[robot_state_publisher-12] [INFO] [1778126482.105983809] [tb3_3.robot_state_publisher]: got segment wheel_right_link
[robot_state_publisher-6] [INFO] [1778126482.106972098] [tb3_1.robot_state_publisher]: got segment base_footprint
[robot_state_publisher-6] [INFO] [1778126482.107103790] [tb3_1.robot_state_publisher]: got segment base_link
[static_transform_publisher-14] [INFO] [1778126482.109976611] [static_tf_tb3_3]: Spinning until stopped - publishing transform
[static_transform_publisher-14] translation: ('0.000000', '0.000000', '0.000000')
[static_transform_publisher-14] rotation: ('0.000000', '0.000000', '0.000000', '1.000000')
[static_transform_publisher-14] from 'map' to 'tb3_3/odom'
[robot_state_publisher-6] [INFO] [1778126482.107125494] [tb3_1.robot_state_publisher]: got segment base_scan
[robot_state_publisher-6] [INFO] [1778126482.112237094] [tb3_1.robot_state_publisher]: got segment caster_back_link
[robot_state_publisher-6] [INFO] [1778126482.112252518] [tb3_1.robot_state_publisher]: got segment imu_link
[robot_state_publisher-6] [INFO] [1778126482.112263914] [tb3_1.robot_state_publisher]: got segment wheel_left_link
[robot_state_publisher-6] [INFO] [1778126482.112275540] [tb3_1.robot_state_publisher]: got segment wheel_right_link
[lifecycle_manager-16] [INFO] [1778126482.116156660] [lifecycle_manager_map]: Creating
[lifecycle_manager-16] [INFO] [1778126482.119969406] [lifecycle_manager_map]: [34m[1mCreating and initializing lifecycle service clients[0m[0m
[static_transform_publisher-11] [INFO] [1778126482.117428353] [static_tf_tb3_2]: Spinning until stopped - publishing transform
[static_transform_publisher-11] translation: ('0.000000', '0.000000', '0.000000')
[static_transform_publisher-11] rotation: ('0.000000', '0.000000', '0.000000', '1.000000')
[static_transform_publisher-11] from 'map' to 'tb3_2/odom'
[lifecycle_manager-16] [INFO] [1778126482.130396833] [lifecycle_manager_map]: [34m[1mStarting managed nodes bringup...[0m[0m
[lifecycle_manager-16] [INFO] [1778126482.130448882] [lifecycle_manager_map]: [34m[1mConfiguring map_server[0m[0m
[robot_state_publisher-9] [INFO] [1778126482.133116006] [tb3_2.robot_state_publisher]: got segment base_footprint
[map_server-15] [INFO] [1778126482.133160935] [map_server]: 
[map_server-15] 	map_server lifecycle node launched. 
[map_server-15] 	Waiting on external lifecycle transitions to activate
[map_server-15] 	See https://design.ros2.org/articles/node_lifecycle.html for more information.
[robot_state_publisher-9] [INFO] [1778126482.133279219] [tb3_2.robot_state_publisher]: got segment base_link
[robot_state_publisher-9] [INFO] [1778126482.133302458] [tb3_2.robot_state_publisher]: got segment base_scan
[robot_state_publisher-9] [INFO] [1778126482.133315521] [tb3_2.robot_state_publisher]: got segment caster_back_link
[robot_state_publisher-9] [INFO] [1778126482.133327017] [tb3_2.robot_state_publisher]: got segment imu_link
[robot_state_publisher-9] [INFO] [1778126482.133337159] [tb3_2.robot_state_publisher]: got segment wheel_left_link
[robot_state_publisher-9] [INFO] [1778126482.133347623] [tb3_2.robot_state_publisher]: got segment wheel_right_link
[map_server-15] [INFO] [1778126482.133299199] [map_server]: Creating
[map_server-15] [INFO] [1778126482.133933832] [map_server]: Configuring
[map_server-15] [INFO] [1778126482.133981856] [map_io]: Loading yaml file: /home/wj/work/multi-robot-exploration-rl/install/start_rl_environment_tb3/share/start_rl_environment_tb3/maps/warehouse_aisles.yaml
[map_server-15] [INFO] [1778126482.134227507] [map_io]: resolution: 0.05
[map_server-15] [INFO] [1778126482.134239435] [map_io]: origin[0]: -6
[map_server-15] [INFO] [1778126482.134244539] [map_io]: origin[1]: -6
[map_server-15] [INFO] [1778126482.134249159] [map_io]: origin[2]: 0
[map_server-15] [INFO] [1778126482.134254029] [map_io]: free_thresh: 0.196
[map_server-15] [INFO] [1778126482.134259024] [map_io]: occupied_thresh: 0.65
[map_server-15] [INFO] [1778126482.134264449] [map_io]: mode: trinary
[map_server-15] [INFO] [1778126482.134270593] [map_io]: negate: 0
[map_server-15] [INFO] [1778126482.134467563] [map_io]: Loading image_file: /home/wj/work/multi-robot-exploration-rl/install/start_rl_environment_tb3/share/start_rl_environment_tb3/maps/warehouse_aisles.pgm
[map_server-15] [INFO] [1778126482.142863516] [map_io]: Read map /home/wj/work/multi-robot-exploration-rl/install/start_rl_environment_tb3/share/start_rl_environment_tb3/maps/warehouse_aisles.pgm: 240 X 240 map @ 0.05 m/cell
[lifecycle_manager-16] [INFO] [1778126482.151774553] [lifecycle_manager_map]: [34m[1mActivating map_server[0m[0m
[map_server-15] [INFO] [1778126482.152868982] [map_server]: Activating
[map_server-15] [INFO] [1778126482.153224717] [map_server]: Creating bond (map_server) to lifecycle manager.
[lifecycle_manager-16] [INFO] [1778126482.262052128] [lifecycle_manager_map]: Server map_server connected with bond.
[lifecycle_manager-16] [INFO] [1778126482.262107475] [lifecycle_manager_map]: [34m[1mManaged nodes are active[0m[0m
[lifecycle_manager-16] [INFO] [1778126482.262128416] [lifecycle_manager_map]: [34m[1mCreating bond timer...[0m[0m
[spawn_entity.py-7] [INFO] [1778126482.659747425] [tb3_1.spawn_entity]: Spawn Entity started
[spawn_entity.py-7] [INFO] [1778126482.660148672] [tb3_1.spawn_entity]: Loading entity XML from file /tmp/tb3_1_o2a858a9.sdf
[spawn_entity.py-7] [INFO] [1778126482.661107985] [tb3_1.spawn_entity]: Waiting for service /spawn_entity, timeout = 30
[spawn_entity.py-7] [INFO] [1778126482.661475031] [tb3_1.spawn_entity]: Waiting for service /spawn_entity
[spawn_entity.py-13] [INFO] [1778126482.670533222] [tb3_3.spawn_entity]: Spawn Entity started
[spawn_entity.py-13] [INFO] [1778126482.670970798] [tb3_3.spawn_entity]: Loading entity XML from file /tmp/tb3_3_d5t7lnfz.sdf
[spawn_entity.py-13] [INFO] [1778126482.672111768] [tb3_3.spawn_entity]: Waiting for service /spawn_entity, timeout = 30
[spawn_entity.py-13] [INFO] [1778126482.672596740] [tb3_3.spawn_entity]: Waiting for service /spawn_entity
[spawn_entity.py-4] [INFO] [1778126482.792261496] [tb3_0.spawn_entity]: Spawn Entity started
[spawn_entity.py-4] [INFO] [1778126482.792974216] [tb3_0.spawn_entity]: Loading entity XML from file /tmp/tb3_0_t2ut0563.sdf
[spawn_entity.py-4] [INFO] [1778126482.794374663] [tb3_0.spawn_entity]: Waiting for service /spawn_entity, timeout = 30
[spawn_entity.py-4] [INFO] [1778126482.795017870] [tb3_0.spawn_entity]: Waiting for service /spawn_entity
[spawn_entity.py-10] [INFO] [1778126482.796572984] [tb3_2.spawn_entity]: Spawn Entity started
[spawn_entity.py-10] [INFO] [1778126482.797188081] [tb3_2.spawn_entity]: Loading entity XML from file /tmp/tb3_2_qvjlv7eo.sdf
[spawn_entity.py-10] [INFO] [1778126482.798533623] [tb3_2.spawn_entity]: Waiting for service /spawn_entity, timeout = 30
[spawn_entity.py-10] [INFO] [1778126482.799182948] [tb3_2.spawn_entity]: Waiting for service /spawn_entity
[rviz2-17] [INFO] [1778126483.253740817] [rviz2]: Stereo is NOT SUPPORTED
[rviz2-17] [INFO] [1778126483.254026233] [rviz2]: OpenGl version: 4.6 (GLSL 4.6)
[rviz2-17] [INFO] [1778126483.359862561] [rviz2]: Stereo is NOT SUPPORTED
[spawn_entity.py-4] [INFO] [1778126484.052989659] [tb3_0.spawn_entity]: Calling service /spawn_entity
[spawn_entity.py-10] [INFO] [1778126484.054944691] [tb3_2.spawn_entity]: Calling service /spawn_entity
[gzserver-1] [WARN] [1778126484.059403706] [rcl]: Found remap rule 'model_states:=model_states_demo'. This syntax is deprecated. Use '--ros-args --remap model_states:=model_states_demo' instead.
[gzserver-1] [INFO] [1778126484.076236581] [gazebo_ros_state]: Publishing states of gazebo models at [/model_states_demo]
[gzserver-1] [INFO] [1778126484.077367036] [gazebo_ros_state]: Publishing states of gazebo links at [/link_states]
[spawn_entity.py-7] [INFO] [1778126484.169794762] [tb3_1.spawn_entity]: Calling service /spawn_entity
[obstacle_mover.py-18] [INFO] [1778126484.171242123] [obstacle_mover]: [obstacle_mover] map=5  0 个障碍物  速度=0.000 m/s (scale×0.0)  30 Hz  随机游走模式
[spawn_entity.py-13] [INFO] [1778126484.180856710] [tb3_3.spawn_entity]: Calling service /spawn_entity
[obstacle_mover.py-18] [INFO] [1778126484.181541215] [obstacle_mover]: [obstacle_mover] ✅ dyn_obs_0~dyn_obs_7 已下沉至 z=-10.0
[gzserver-1] [INFO] [1778126484.386783601] [tb3_0.turtlebot3_imu]: <initial_orientation_as_reference> is unset, using default value of false to comply with REP 145 (world as orientation reference)
[spawn_entity.py-4] [INFO] [1778126484.503197557] [tb3_0.spawn_entity]: Spawn status: SpawnEntity: Successfully spawned entity [tb3_0]
[gzserver-1] [INFO] [1778126484.635454570] [tb3_0.turtlebot3_diff_drive]: Wheel pair 1 separation set to [0.160000m]
[gzserver-1] [INFO] [1778126484.635519209] [tb3_0.turtlebot3_diff_drive]: Wheel pair 1 diameter set to [0.066000m]
[gzserver-1] [INFO] [1778126484.637617996] [tb3_0.turtlebot3_diff_drive]: Subscribed to [/tb3_0/cmd_vel]
[gzserver-1] [INFO] [1778126484.642242302] [tb3_0.turtlebot3_diff_drive]: Advertise odometry on [/tb3_0/odom]
[gzserver-1] [INFO] [1778126484.647419533] [tb3_0.turtlebot3_diff_drive]: Publishing odom transforms between [tb3_0/odom] and [tb3_0/base_footprint]
[gzserver-1] [INFO] [1778126484.667544485] [tb3_0.turtlebot3_joint_state]: Going to publish joint [wheel_left_joint]
[gzserver-1] [INFO] [1778126484.667605889] [tb3_0.turtlebot3_joint_state]: Going to publish joint [wheel_right_joint]
[INFO] [spawn_entity.py-4]: process has finished cleanly [pid 3171071]
[gzserver-1] [INFO] [1778126484.966696358] [tb3_2.turtlebot3_imu]: <initial_orientation_as_reference> is unset, using default value of false to comply with REP 145 (world as orientation reference)
[spawn_entity.py-10] [INFO] [1778126485.102021058] [tb3_2.spawn_entity]: Spawn status: SpawnEntity: Successfully spawned entity [tb3_2]
[gzserver-1] [INFO] [1778126485.211805406] [tb3_2.turtlebot3_diff_drive]: Wheel pair 1 separation set to [0.160000m]
[gzserver-1] [INFO] [1778126485.211882458] [tb3_2.turtlebot3_diff_drive]: Wheel pair 1 diameter set to [0.066000m]
[gzserver-1] [INFO] [1778126485.212620194] [tb3_2.turtlebot3_diff_drive]: Subscribed to [/tb3_2/cmd_vel]
[gzserver-1] [INFO] [1778126485.213642062] [tb3_2.turtlebot3_diff_drive]: Advertise odometry on [/tb3_2/odom]
[gzserver-1] [INFO] [1778126485.216612448] [tb3_2.turtlebot3_diff_drive]: Publishing odom transforms between [tb3_2/odom] and [tb3_2/base_footprint]
[gzserver-1] [INFO] [1778126485.228579033] [tb3_2.turtlebot3_joint_state]: Going to publish joint [wheel_left_joint]
[gzserver-1] [INFO] [1778126485.228633090] [tb3_2.turtlebot3_joint_state]: Going to publish joint [wheel_right_joint]
[INFO] [spawn_entity.py-10]: process has finished cleanly [pid 3171083]
[gzserver-1] [INFO] [1778126485.554837262] [tb3_1.turtlebot3_imu]: <initial_orientation_as_reference> is unset, using default value of false to comply with REP 145 (world as orientation reference)
[spawn_entity.py-7] [INFO] [1778126485.729514092] [tb3_1.spawn_entity]: Spawn status: SpawnEntity: Successfully spawned entity [tb3_1]
[gzserver-1] [INFO] [1778126485.853255076] [tb3_1.turtlebot3_diff_drive]: Wheel pair 1 separation set to [0.160000m]
[gzserver-1] [INFO] [1778126485.853333302] [tb3_1.turtlebot3_diff_drive]: Wheel pair 1 diameter set to [0.066000m]
[gzserver-1] [INFO] [1778126485.854308623] [tb3_1.turtlebot3_diff_drive]: Subscribed to [/tb3_1/cmd_vel]
[gzserver-1] [INFO] [1778126485.855539285] [tb3_1.turtlebot3_diff_drive]: Advertise odometry on [/tb3_1/odom]
[gzserver-1] [INFO] [1778126485.857782398] [tb3_1.turtlebot3_diff_drive]: Publishing odom transforms between [tb3_1/odom] and [tb3_1/base_footprint]
[gzserver-1] [INFO] [1778126485.878696211] [tb3_1.turtlebot3_joint_state]: Going to publish joint [wheel_left_joint]
[gzserver-1] [INFO] [1778126485.878753165] [tb3_1.turtlebot3_joint_state]: Going to publish joint [wheel_right_joint]
[INFO] [spawn_entity.py-7]: process has finished cleanly [pid 3171077]
[gzserver-1] [INFO] [1778126486.207519090] [tb3_3.turtlebot3_imu]: <initial_orientation_as_reference> is unset, using default value of false to comply with REP 145 (world as orientation reference)
[spawn_entity.py-13] [INFO] [1778126486.327491607] [tb3_3.spawn_entity]: Spawn status: SpawnEntity: Successfully spawned entity [tb3_3]
[gzserver-1] [INFO] [1778126486.442905400] [tb3_3.turtlebot3_diff_drive]: Wheel pair 1 separation set to [0.160000m]
[gzserver-1] [INFO] [1778126486.442962666] [tb3_3.turtlebot3_diff_drive]: Wheel pair 1 diameter set to [0.066000m]
[gzserver-1] [INFO] [1778126486.443767013] [tb3_3.turtlebot3_diff_drive]: Subscribed to [/tb3_3/cmd_vel]
[gzserver-1] [INFO] [1778126486.444536575] [tb3_3.turtlebot3_diff_drive]: Advertise odometry on [/tb3_3/odom]
[gzserver-1] [INFO] [1778126486.447028405] [tb3_3.turtlebot3_diff_drive]: Publishing odom transforms between [tb3_3/odom] and [tb3_3/base_footprint]
[gzserver-1] [INFO] [1778126486.461771378] [tb3_3.turtlebot3_joint_state]: Going to publish joint [wheel_left_joint]
[gzserver-1] [INFO] [1778126486.461886256] [tb3_3.turtlebot3_joint_state]: Going to publish joint [wheel_right_joint]
[INFO] [spawn_entity.py-13]: process has finished cleanly [pid 3171089]
[rviz2-17] [INFO] [1778126496.218905949] [rviz2]: Message Filter dropping message: frame 'tb3_2/base_scan' at time 0.397 for reason 'the timestamp on the message is earlier than all the data in the transform cache'
[rviz2-17] [INFO] [1778126496.421096367] [rviz2]: Message Filter dropping message: frame 'tb3_1/base_scan' at time 0.598 for reason 'the timestamp on the message is earlier than all the data in the transform cache'
[rviz2-17] [INFO] [1778126496.624536958] [rviz2]: Message Filter dropping message: frame 'tb3_3/base_scan' at time 0.798 for reason 'the timestamp on the message is earlier than all the data in the transform cache'
