[INFO] [launch]: All log files can be found below /home/wj/.ros/log/2026-05-04-16-57-14-381372-wj-Default-string-3501122
[INFO] [launch]: Default logging verbosity is set to INFO
[INFO] Loading world for TurtleBot3: /home/wj/work/multi-robot-exploration-rl/install/start_rl_environment_tb3/share/start_rl_environment_tb3/worlds/corridor_swap.world
[INFO] Spawning 4 TurtleBot3 robots on corridor_swap...
[INFO] Using random positions
[INFO] Using fixed positions for 4 robots
[INFO]   Robot 0: Robot 0 - 左侧中间 at (-4.50, 0.00)
[INFO]   Robot 1: Robot 1 - 右侧中间 at (4.50, 0.00)
[INFO]   Robot 2: Robot 2 - 左下 at (-4.50, -3.00)
[INFO]   Robot 3: Robot 3 - 左上 at (-4.50, 3.00)
[spawn_robots] Created modified SDF for tb3_0 at /tmp/tb3_0_xo1aw9hv.sdf
[spawn_robots] Created modified SDF for tb3_1 at /tmp/tb3_1_7atvc3l3.sdf
[spawn_robots] Created modified SDF for tb3_2 at /tmp/tb3_2_3xx9477g.sdf
[spawn_robots] Created modified SDF for tb3_3 at /tmp/tb3_3_gkw014eh.sdf
[INFO] Map Server loading: /home/wj/work/multi-robot-exploration-rl/install/start_rl_environment_tb3/share/start_rl_environment_tb3/maps/corridor_swap.yaml
[INFO] [gzserver-1]: process started with pid [3501229]
[INFO] [gzclient-2]: process started with pid [3501231]
[INFO] [robot_state_publisher-3]: process started with pid [3501233]
[INFO] [spawn_entity.py-4]: process started with pid [3501235]
[INFO] [static_transform_publisher-5]: process started with pid [3501237]
[INFO] [robot_state_publisher-6]: process started with pid [3501239]
[INFO] [spawn_entity.py-7]: process started with pid [3501241]
[INFO] [static_transform_publisher-8]: process started with pid [3501243]
[INFO] [robot_state_publisher-9]: process started with pid [3501245]
[INFO] [spawn_entity.py-10]: process started with pid [3501247]
[INFO] [static_transform_publisher-11]: process started with pid [3501249]
[INFO] [robot_state_publisher-12]: process started with pid [3501251]
[INFO] [spawn_entity.py-13]: process started with pid [3501253]
[INFO] [static_transform_publisher-14]: process started with pid [3501255]
[INFO] [map_server-15]: process started with pid [3501257]
[INFO] [lifecycle_manager-16]: process started with pid [3501259]
[INFO] [rviz2-17]: process started with pid [3501263]
[INFO] [obstacle_mover.py-18]: process started with pid [3501268]
[static_transform_publisher-5] [WARN] [1777885035.218525985] []: Old-style arguments are deprecated; see --help for new-style arguments
[static_transform_publisher-8] [WARN] [1777885035.226163408] []: Old-style arguments are deprecated; see --help for new-style arguments
[static_transform_publisher-11] [WARN] [1777885035.226707845] []: Old-style arguments are deprecated; see --help for new-style arguments
[static_transform_publisher-14] [WARN] [1777885035.231072015] []: Old-style arguments are deprecated; see --help for new-style arguments
[static_transform_publisher-5] [INFO] [1777885035.248980560] [static_tf_tb3_0]: Spinning until stopped - publishing transform
[static_transform_publisher-5] translation: ('0.000000', '0.000000', '0.000000')
[static_transform_publisher-5] rotation: ('0.000000', '0.000000', '0.000000', '1.000000')
[static_transform_publisher-5] from 'map' to 'tb3_0/odom'
[static_transform_publisher-11] [INFO] [1777885035.260194453] [static_tf_tb3_2]: Spinning until stopped - publishing transform
[static_transform_publisher-11] translation: ('0.000000', '0.000000', '0.000000')
[static_transform_publisher-11] rotation: ('0.000000', '0.000000', '0.000000', '1.000000')
[static_transform_publisher-11] from 'map' to 'tb3_2/odom'
[robot_state_publisher-3] [INFO] [1777885035.260529348] [tb3_0.robot_state_publisher]: got segment base_footprint
[robot_state_publisher-3] [INFO] [1777885035.260705531] [tb3_0.robot_state_publisher]: got segment base_link
[robot_state_publisher-3] [INFO] [1777885035.260729733] [tb3_0.robot_state_publisher]: got segment base_scan
[robot_state_publisher-3] [INFO] [1777885035.260743840] [tb3_0.robot_state_publisher]: got segment caster_back_link
[robot_state_publisher-3] [INFO] [1777885035.260755507] [tb3_0.robot_state_publisher]: got segment imu_link
[robot_state_publisher-3] [INFO] [1777885035.260765903] [tb3_0.robot_state_publisher]: got segment wheel_left_link
[robot_state_publisher-3] [INFO] [1777885035.260776891] [tb3_0.robot_state_publisher]: got segment wheel_right_link
[robot_state_publisher-9] [INFO] [1777885035.268455344] [tb3_2.robot_state_publisher]: got segment base_footprint
[robot_state_publisher-9] [INFO] [1777885035.268660954] [tb3_2.robot_state_publisher]: got segment base_link
[robot_state_publisher-9] [INFO] [1777885035.268685083] [tb3_2.robot_state_publisher]: got segment base_scan
[robot_state_publisher-9] [INFO] [1777885035.268700093] [tb3_2.robot_state_publisher]: got segment caster_back_link
[robot_state_publisher-9] [INFO] [1777885035.268713367] [tb3_2.robot_state_publisher]: got segment imu_link
[robot_state_publisher-9] [INFO] [1777885035.268725755] [tb3_2.robot_state_publisher]: got segment wheel_left_link
[robot_state_publisher-9] [INFO] [1777885035.268738074] [tb3_2.robot_state_publisher]: got segment wheel_right_link
[static_transform_publisher-8] [INFO] [1777885035.270691672] [static_tf_tb3_1]: Spinning until stopped - publishing transform
[static_transform_publisher-8] translation: ('0.000000', '0.000000', '0.000000')
[static_transform_publisher-8] rotation: ('0.000000', '0.000000', '0.000000', '1.000000')
[static_transform_publisher-8] from 'map' to 'tb3_1/odom'
[static_transform_publisher-14] [INFO] [1777885035.279295550] [static_tf_tb3_3]: Spinning until stopped - publishing transform
[static_transform_publisher-14] translation: ('0.000000', '0.000000', '0.000000')
[static_transform_publisher-14] rotation: ('0.000000', '0.000000', '0.000000', '1.000000')
[robot_state_publisher-6] [INFO] [1777885035.279568533] [tb3_1.robot_state_publisher]: got segment base_footprint
[robot_state_publisher-6] [INFO] [1777885035.279736946] [tb3_1.robot_state_publisher]: got segment base_link
[robot_state_publisher-6] [INFO] [1777885035.279756642] [tb3_1.robot_state_publisher]: got segment base_scan
[robot_state_publisher-6] [INFO] [1777885035.279768387] [tb3_1.robot_state_publisher]: got segment caster_back_link
[robot_state_publisher-6] [INFO] [1777885035.279778598] [tb3_1.robot_state_publisher]: got segment imu_link
[robot_state_publisher-6] [INFO] [1777885035.279787880] [tb3_1.robot_state_publisher]: got segment wheel_left_link
[robot_state_publisher-6] [INFO] [1777885035.279796880] [tb3_1.robot_state_publisher]: got segment wheel_right_link
[static_transform_publisher-14] from 'map' to 'tb3_3/odom'
[robot_state_publisher-12] [INFO] [1777885035.297459635] [tb3_3.robot_state_publisher]: got segment base_footprint
[robot_state_publisher-12] [INFO] [1777885035.297639814] [tb3_3.robot_state_publisher]: got segment base_link
[robot_state_publisher-12] [INFO] [1777885035.297660469] [tb3_3.robot_state_publisher]: got segment base_scan
[robot_state_publisher-12] [INFO] [1777885035.297671854] [tb3_3.robot_state_publisher]: got segment caster_back_link
[robot_state_publisher-12] [INFO] [1777885035.297681560] [tb3_3.robot_state_publisher]: got segment imu_link
[robot_state_publisher-12] [INFO] [1777885035.297689760] [tb3_3.robot_state_publisher]: got segment wheel_left_link
[robot_state_publisher-12] [INFO] [1777885035.297697910] [tb3_3.robot_state_publisher]: got segment wheel_right_link
[lifecycle_manager-16] [INFO] [1777885035.307770139] [lifecycle_manager_map]: Creating
[lifecycle_manager-16] [INFO] [1777885035.311488372] [lifecycle_manager_map]: [34m[1mCreating and initializing lifecycle service clients[0m[0m
[lifecycle_manager-16] [INFO] [1777885035.315631360] [lifecycle_manager_map]: [34m[1mStarting managed nodes bringup...[0m[0m
[lifecycle_manager-16] [INFO] [1777885035.315692526] [lifecycle_manager_map]: [34m[1mConfiguring map_server[0m[0m
[map_server-15] [INFO] [1777885035.317650758] [map_server]: 
[map_server-15] 	map_server lifecycle node launched. 
[map_server-15] 	Waiting on external lifecycle transitions to activate
[map_server-15] 	See https://design.ros2.org/articles/node_lifecycle.html for more information.
[map_server-15] [INFO] [1777885035.317813873] [map_server]: Creating
[map_server-15] [INFO] [1777885035.318309257] [map_server]: Configuring
[map_server-15] [INFO] [1777885035.318354734] [map_io]: Loading yaml file: /home/wj/work/multi-robot-exploration-rl/install/start_rl_environment_tb3/share/start_rl_environment_tb3/maps/corridor_swap.yaml
[map_server-15] [INFO] [1777885035.318611430] [map_io]: resolution: 0.05
[map_server-15] [INFO] [1777885035.318622873] [map_io]: origin[0]: -6
[map_server-15] [INFO] [1777885035.318627959] [map_io]: origin[1]: -6
[map_server-15] [INFO] [1777885035.318632378] [map_io]: origin[2]: 0
[map_server-15] [INFO] [1777885035.318636989] [map_io]: free_thresh: 0.196
[map_server-15] [INFO] [1777885035.318641682] [map_io]: occupied_thresh: 0.65
[map_server-15] [INFO] [1777885035.318646743] [map_io]: mode: trinary
[map_server-15] [INFO] [1777885035.318652232] [map_io]: negate: 0
[map_server-15] [INFO] [1777885035.318821163] [map_io]: Loading image_file: /home/wj/work/multi-robot-exploration-rl/install/start_rl_environment_tb3/share/start_rl_environment_tb3/maps/corridor_swap.pgm
[map_server-15] [INFO] [1777885035.325842088] [map_io]: Read map /home/wj/work/multi-robot-exploration-rl/install/start_rl_environment_tb3/share/start_rl_environment_tb3/maps/corridor_swap.pgm: 240 X 240 map @ 0.05 m/cell
[lifecycle_manager-16] [INFO] [1777885035.330012125] [lifecycle_manager_map]: [34m[1mActivating map_server[0m[0m
[map_server-15] [INFO] [1777885035.330165448] [map_server]: Activating
[map_server-15] [INFO] [1777885035.330426848] [map_server]: Creating bond (map_server) to lifecycle manager.
[lifecycle_manager-16] [INFO] [1777885035.436009002] [lifecycle_manager_map]: Server map_server connected with bond.
[lifecycle_manager-16] [INFO] [1777885035.436049899] [lifecycle_manager_map]: [34m[1mManaged nodes are active[0m[0m
[lifecycle_manager-16] [INFO] [1777885035.436067457] [lifecycle_manager_map]: [34m[1mCreating bond timer...[0m[0m
[spawn_entity.py-7] [INFO] [1777885035.835725345] [tb3_1.spawn_entity]: Spawn Entity started
[spawn_entity.py-7] [INFO] [1777885035.836438908] [tb3_1.spawn_entity]: Loading entity XML from file /tmp/tb3_1_7atvc3l3.sdf
[spawn_entity.py-7] [INFO] [1777885035.837838214] [tb3_1.spawn_entity]: Waiting for service /spawn_entity, timeout = 30
[spawn_entity.py-7] [INFO] [1777885035.838480762] [tb3_1.spawn_entity]: Waiting for service /spawn_entity
[spawn_entity.py-10] [INFO] [1777885035.858837502] [tb3_2.spawn_entity]: Spawn Entity started
[spawn_entity.py-10] [INFO] [1777885035.859277490] [tb3_2.spawn_entity]: Loading entity XML from file /tmp/tb3_2_3xx9477g.sdf
[spawn_entity.py-10] [INFO] [1777885035.860275640] [tb3_2.spawn_entity]: Waiting for service /spawn_entity, timeout = 30
[spawn_entity.py-10] [INFO] [1777885035.860641230] [tb3_2.spawn_entity]: Waiting for service /spawn_entity
[spawn_entity.py-13] [INFO] [1777885035.884049208] [tb3_3.spawn_entity]: Spawn Entity started
[spawn_entity.py-13] [INFO] [1777885035.884543758] [tb3_3.spawn_entity]: Loading entity XML from file /tmp/tb3_3_gkw014eh.sdf
[spawn_entity.py-13] [INFO] [1777885035.885874574] [tb3_3.spawn_entity]: Waiting for service /spawn_entity, timeout = 30
[spawn_entity.py-13] [INFO] [1777885035.886681006] [tb3_3.spawn_entity]: Waiting for service /spawn_entity
[spawn_entity.py-4] [INFO] [1777885035.925641119] [tb3_0.spawn_entity]: Spawn Entity started
[spawn_entity.py-4] [INFO] [1777885035.926373351] [tb3_0.spawn_entity]: Loading entity XML from file /tmp/tb3_0_xo1aw9hv.sdf
[spawn_entity.py-4] [INFO] [1777885035.927789971] [tb3_0.spawn_entity]: Waiting for service /spawn_entity, timeout = 30
[spawn_entity.py-4] [INFO] [1777885035.928434729] [tb3_0.spawn_entity]: Waiting for service /spawn_entity
[rviz2-17] [INFO] [1777885035.935816366] [rviz2]: Stereo is NOT SUPPORTED
[rviz2-17] [INFO] [1777885035.935969851] [rviz2]: OpenGl version: 4.6 (GLSL 4.6)
[rviz2-17] [INFO] [1777885035.957983864] [rviz2]: Stereo is NOT SUPPORTED
[gzserver-1] [WARN] [1777885037.231267297] [rcl]: Found remap rule 'model_states:=model_states_demo'. This syntax is deprecated. Use '--ros-args --remap model_states:=model_states_demo' instead.
[gzserver-1] [INFO] [1777885037.248894633] [gazebo_ros_state]: Publishing states of gazebo models at [/model_states_demo]
[gzserver-1] [INFO] [1777885037.250181310] [gazebo_ros_state]: Publishing states of gazebo links at [/link_states]
[obstacle_mover.py-18] [INFO] [1777885037.303385647] [obstacle_mover]: [obstacle_mover] map=3  8 个障碍物  速度=0.143 m/s (scale×1.3)  30 Hz  随机游走模式
[spawn_entity.py-7] [INFO] [1777885037.347840996] [tb3_1.spawn_entity]: Calling service /spawn_entity
[spawn_entity.py-10] [INFO] [1777885037.368766155] [tb3_2.spawn_entity]: Calling service /spawn_entity
[spawn_entity.py-13] [INFO] [1777885037.394659373] [tb3_3.spawn_entity]: Calling service /spawn_entity
[spawn_entity.py-4] [INFO] [1777885037.437947779] [tb3_0.spawn_entity]: Calling service /spawn_entity
[gzserver-1] [INFO] [1777885037.572069769] [tb3_1.turtlebot3_imu]: <initial_orientation_as_reference> is unset, using default value of false to comply with REP 145 (world as orientation reference)
[spawn_entity.py-7] [INFO] [1777885037.682268819] [tb3_1.spawn_entity]: Spawn status: SpawnEntity: Successfully spawned entity [tb3_1]
[gzserver-1] [INFO] [1777885037.814835283] [tb3_1.turtlebot3_diff_drive]: Wheel pair 1 separation set to [0.160000m]
[gzserver-1] [INFO] [1777885037.814891540] [tb3_1.turtlebot3_diff_drive]: Wheel pair 1 diameter set to [0.066000m]
[gzserver-1] [INFO] [1777885037.816785520] [tb3_1.turtlebot3_diff_drive]: Subscribed to [/tb3_1/cmd_vel]
[gzserver-1] [INFO] [1777885037.819864469] [tb3_1.turtlebot3_diff_drive]: Advertise odometry on [/tb3_1/odom]
[gzserver-1] [INFO] [1777885037.823770993] [tb3_1.turtlebot3_diff_drive]: Publishing odom transforms between [tb3_1/odom] and [tb3_1/base_footprint]
[gzserver-1] [INFO] [1777885037.843259064] [tb3_1.turtlebot3_joint_state]: Going to publish joint [wheel_left_joint]
[gzserver-1] [INFO] [1777885037.843331720] [tb3_1.turtlebot3_joint_state]: Going to publish joint [wheel_right_joint]
[INFO] [spawn_entity.py-7]: process has finished cleanly [pid 3501241]
[gzserver-1] [INFO] [1777885038.163461423] [tb3_2.turtlebot3_imu]: <initial_orientation_as_reference> is unset, using default value of false to comply with REP 145 (world as orientation reference)
[spawn_entity.py-10] [INFO] [1777885038.288440273] [tb3_2.spawn_entity]: Spawn status: SpawnEntity: Successfully spawned entity [tb3_2]
[gzserver-1] [INFO] [1777885038.397952476] [tb3_2.turtlebot3_diff_drive]: Wheel pair 1 separation set to [0.160000m]
[gzserver-1] [INFO] [1777885038.398006934] [tb3_2.turtlebot3_diff_drive]: Wheel pair 1 diameter set to [0.066000m]
[gzserver-1] [INFO] [1777885038.398689904] [tb3_2.turtlebot3_diff_drive]: Subscribed to [/tb3_2/cmd_vel]
[gzserver-1] [INFO] [1777885038.399572515] [tb3_2.turtlebot3_diff_drive]: Advertise odometry on [/tb3_2/odom]
[gzserver-1] [INFO] [1777885038.401322558] [tb3_2.turtlebot3_diff_drive]: Publishing odom transforms between [tb3_2/odom] and [tb3_2/base_footprint]
[gzserver-1] [INFO] [1777885038.413266809] [tb3_2.turtlebot3_joint_state]: Going to publish joint [wheel_left_joint]
[gzserver-1] [INFO] [1777885038.413325105] [tb3_2.turtlebot3_joint_state]: Going to publish joint [wheel_right_joint]
[INFO] [spawn_entity.py-10]: process has finished cleanly [pid 3501247]
[gzserver-1] [INFO] [1777885038.718186017] [tb3_3.turtlebot3_imu]: <initial_orientation_as_reference> is unset, using default value of false to comply with REP 145 (world as orientation reference)
[spawn_entity.py-13] [INFO] [1777885038.833657085] [tb3_3.spawn_entity]: Spawn status: SpawnEntity: Successfully spawned entity [tb3_3]
[gzserver-1] [INFO] [1777885038.945610153] [tb3_3.turtlebot3_diff_drive]: Wheel pair 1 separation set to [0.160000m]
[gzserver-1] [INFO] [1777885038.945747056] [tb3_3.turtlebot3_diff_drive]: Wheel pair 1 diameter set to [0.066000m]
[gzserver-1] [INFO] [1777885038.946586824] [tb3_3.turtlebot3_diff_drive]: Subscribed to [/tb3_3/cmd_vel]
[gzserver-1] [INFO] [1777885038.947715409] [tb3_3.turtlebot3_diff_drive]: Advertise odometry on [/tb3_3/odom]
[gzserver-1] [INFO] [1777885038.949733572] [tb3_3.turtlebot3_diff_drive]: Publishing odom transforms between [tb3_3/odom] and [tb3_3/base_footprint]
[gzserver-1] [INFO] [1777885038.965371100] [tb3_3.turtlebot3_joint_state]: Going to publish joint [wheel_left_joint]
[gzserver-1] [INFO] [1777885038.965431620] [tb3_3.turtlebot3_joint_state]: Going to publish joint [wheel_right_joint]
[INFO] [spawn_entity.py-13]: process has finished cleanly [pid 3501253]
[gzserver-1] [INFO] [1777885039.265242921] [tb3_0.turtlebot3_imu]: <initial_orientation_as_reference> is unset, using default value of false to comply with REP 145 (world as orientation reference)
[spawn_entity.py-4] [INFO] [1777885039.399590617] [tb3_0.spawn_entity]: Spawn status: SpawnEntity: Successfully spawned entity [tb3_0]
[gzserver-1] [INFO] [1777885039.511771631] [tb3_0.turtlebot3_diff_drive]: Wheel pair 1 separation set to [0.160000m]
[gzserver-1] [INFO] [1777885039.511853371] [tb3_0.turtlebot3_diff_drive]: Wheel pair 1 diameter set to [0.066000m]
[gzserver-1] [INFO] [1777885039.513086999] [tb3_0.turtlebot3_diff_drive]: Subscribed to [/tb3_0/cmd_vel]
[gzserver-1] [INFO] [1777885039.514676642] [tb3_0.turtlebot3_diff_drive]: Advertise odometry on [/tb3_0/odom]
[gzserver-1] [INFO] [1777885039.520291079] [tb3_0.turtlebot3_diff_drive]: Publishing odom transforms between [tb3_0/odom] and [tb3_0/base_footprint]
[gzserver-1] [INFO] [1777885039.533411745] [tb3_0.turtlebot3_joint_state]: Going to publish joint [wheel_left_joint]
[gzserver-1] [INFO] [1777885039.533455019] [tb3_0.turtlebot3_joint_state]: Going to publish joint [wheel_right_joint]
[INFO] [spawn_entity.py-4]: process has finished cleanly [pid 3501235]
[rviz2-17] [INFO] [1777885049.354753608] [rviz2]: Message Filter dropping message: frame 'tb3_2/base_scan' at time 0.379 for reason 'the timestamp on the message is earlier than all the data in the transform cache'
[rviz2-17] [INFO] [1777885049.559389509] [rviz2]: Message Filter dropping message: frame 'tb3_3/base_scan' at time 0.580 for reason 'the timestamp on the message is earlier than all the data in the transform cache'
[rviz2-17] [INFO] [1777885049.760661798] [rviz2]: Message Filter dropping message: frame 'tb3_0/base_scan' at time 0.779 for reason 'the timestamp on the message is earlier than all the data in the transform cache'
