[INFO] [launch]: All log files can be found below /home/wj/.ros/log/2026-06-08-16-07-08-775801-wj-Default-string-1936527
[INFO] [launch]: Default logging verbosity is set to INFO
[INFO] Loading world for TurtleBot3: /home/wj/work/multi-robot-exploration-rl/install/start_rl_environment_tb3/share/start_rl_environment_tb3/worlds/interaction_hub.world
[INFO] Spawning 4 TurtleBot3 robots on interaction_hub...
[INFO] Using random positions
[INFO] Using fixed positions for 4 robots
[INFO]   Robot 0: Robot 0 - west lower at (-5.10, -0.85)
[INFO]   Robot 1: Robot 1 - west upper at (-5.10, 0.85)
[INFO]   Robot 2: Robot 2 - east upper at (5.10, 0.85)
[INFO]   Robot 3: Robot 3 - east lower at (5.10, -0.85)
[spawn_robots] Created modified SDF for tb3_0 at /tmp/tb3_0_z3n3zejo.sdf
[spawn_robots] Created modified SDF for tb3_1 at /tmp/tb3_1_31z70_tr.sdf
[spawn_robots] Created modified SDF for tb3_2 at /tmp/tb3_2__9mkld_m.sdf
[spawn_robots] Created modified SDF for tb3_3 at /tmp/tb3_3_m1b83vnv.sdf
[INFO] Map Server loading: /home/wj/work/multi-robot-exploration-rl/install/start_rl_environment_tb3/share/start_rl_environment_tb3/maps/interaction_hub.yaml
[INFO] [gzserver-1]: process started with pid [1936675]
[INFO] [gzclient-2]: process started with pid [1936677]
[INFO] [robot_state_publisher-3]: process started with pid [1936679]
[INFO] [spawn_entity.py-4]: process started with pid [1936681]
[INFO] [static_transform_publisher-5]: process started with pid [1936683]
[INFO] [robot_state_publisher-6]: process started with pid [1936685]
[INFO] [spawn_entity.py-7]: process started with pid [1936687]
[INFO] [static_transform_publisher-8]: process started with pid [1936689]
[INFO] [robot_state_publisher-9]: process started with pid [1936691]
[INFO] [spawn_entity.py-10]: process started with pid [1936693]
[INFO] [static_transform_publisher-11]: process started with pid [1936695]
[INFO] [robot_state_publisher-12]: process started with pid [1936697]
[INFO] [spawn_entity.py-13]: process started with pid [1936699]
[INFO] [static_transform_publisher-14]: process started with pid [1936701]
[INFO] [map_server-15]: process started with pid [1936703]
[INFO] [lifecycle_manager-16]: process started with pid [1936708]
[INFO] [rviz2-17]: process started with pid [1936724]
[INFO] [obstacle_mover.py-18]: process started with pid [1936729]
[static_transform_publisher-5] [WARN] [1780906029.621382168] []: Old-style arguments are deprecated; see --help for new-style arguments
[static_transform_publisher-8] [WARN] [1780906029.640514847] []: Old-style arguments are deprecated; see --help for new-style arguments
[static_transform_publisher-11] [WARN] [1780906029.639681825] []: Old-style arguments are deprecated; see --help for new-style arguments
[static_transform_publisher-14] [WARN] [1780906029.634954777] []: Old-style arguments are deprecated; see --help for new-style arguments
[static_transform_publisher-5] [INFO] [1780906029.651951451] [static_tf_tb3_0]: Spinning until stopped - publishing transform
[static_transform_publisher-5] translation: ('0.000000', '0.000000', '0.000000')
[static_transform_publisher-5] rotation: ('0.000000', '0.000000', '0.000000', '1.000000')
[static_transform_publisher-5] from 'map' to 'tb3_0/odom'
[robot_state_publisher-9] [INFO] [1780906029.681114225] [tb3_2.robot_state_publisher]: got segment base_footprint
[robot_state_publisher-9] [INFO] [1780906029.681296851] [tb3_2.robot_state_publisher]: got segment base_link
[robot_state_publisher-9] [INFO] [1780906029.681319973] [tb3_2.robot_state_publisher]: got segment base_scan
[robot_state_publisher-9] [INFO] [1780906029.681334014] [tb3_2.robot_state_publisher]: got segment caster_back_link
[robot_state_publisher-9] [INFO] [1780906029.681345421] [tb3_2.robot_state_publisher]: got segment imu_link
[robot_state_publisher-9] [INFO] [1780906029.681355766] [tb3_2.robot_state_publisher]: got segment wheel_left_link
[robot_state_publisher-9] [INFO] [1780906029.681365866] [tb3_2.robot_state_publisher]: got segment wheel_right_link
[robot_state_publisher-6] [INFO] [1780906029.690562347] [tb3_1.robot_state_publisher]: got segment base_footprint
[robot_state_publisher-6] [INFO] [1780906029.690930680] [tb3_1.robot_state_publisher]: got segment base_link
[robot_state_publisher-6] [INFO] [1780906029.690956923] [tb3_1.robot_state_publisher]: got segment base_scan
[robot_state_publisher-6] [INFO] [1780906029.690971448] [tb3_1.robot_state_publisher]: got segment caster_back_link
[robot_state_publisher-6] [INFO] [1780906029.690982243] [tb3_1.robot_state_publisher]: got segment imu_link
[robot_state_publisher-6] [INFO] [1780906029.690992167] [tb3_1.robot_state_publisher]: got segment wheel_left_link
[robot_state_publisher-6] [INFO] [1780906029.691003907] [tb3_1.robot_state_publisher]: got segment wheel_right_link
[robot_state_publisher-3] [INFO] [1780906029.694474253] [tb3_0.robot_state_publisher]: got segment base_footprint
[robot_state_publisher-3] [INFO] [1780906029.696864026] [tb3_0.robot_state_publisher]: got segment base_link
[robot_state_publisher-3] [INFO] [1780906029.696908937] [tb3_0.robot_state_publisher]: got segment base_scan
[robot_state_publisher-3] [INFO] [1780906029.696923854] [tb3_0.robot_state_publisher]: got segment caster_back_link
[robot_state_publisher-3] [INFO] [1780906029.696937777] [tb3_0.robot_state_publisher]: got segment imu_link
[robot_state_publisher-3] [INFO] [1780906029.696948900] [tb3_0.robot_state_publisher]: got segment wheel_left_link
[robot_state_publisher-3] [INFO] [1780906029.696959800] [tb3_0.robot_state_publisher]: got segment wheel_right_link
[static_transform_publisher-14] [INFO] [1780906029.695097707] [static_tf_tb3_3]: Spinning until stopped - publishing transform
[static_transform_publisher-14] translation: ('0.000000', '0.000000', '0.000000')
[static_transform_publisher-14] rotation: ('0.000000', '0.000000', '0.000000', '1.000000')
[static_transform_publisher-14] from 'map' to 'tb3_3/odom'
[robot_state_publisher-12] [INFO] [1780906029.696057578] [tb3_3.robot_state_publisher]: got segment base_footprint
[robot_state_publisher-12] [INFO] [1780906029.696336945] [tb3_3.robot_state_publisher]: got segment base_link
[robot_state_publisher-12] [INFO] [1780906029.696359862] [tb3_3.robot_state_publisher]: got segment base_scan
[robot_state_publisher-12] [INFO] [1780906029.696372356] [tb3_3.robot_state_publisher]: got segment caster_back_link
[robot_state_publisher-12] [INFO] [1780906029.696383368] [tb3_3.robot_state_publisher]: got segment imu_link
[robot_state_publisher-12] [INFO] [1780906029.696393039] [tb3_3.robot_state_publisher]: got segment wheel_left_link
[robot_state_publisher-12] [INFO] [1780906029.696402563] [tb3_3.robot_state_publisher]: got segment wheel_right_link
[static_transform_publisher-11] [INFO] [1780906029.703786596] [static_tf_tb3_2]: Spinning until stopped - publishing transform
[static_transform_publisher-11] translation: ('0.000000', '0.000000', '0.000000')
[static_transform_publisher-11] rotation: ('0.000000', '0.000000', '0.000000', '1.000000')
[static_transform_publisher-11] from 'map' to 'tb3_2/odom'
[static_transform_publisher-8] [INFO] [1780906029.720879852] [static_tf_tb3_1]: Spinning until stopped - publishing transform
[static_transform_publisher-8] translation: ('0.000000', '0.000000', '0.000000')
[static_transform_publisher-8] rotation: ('0.000000', '0.000000', '0.000000', '1.000000')
[static_transform_publisher-8] from 'map' to 'tb3_1/odom'
[lifecycle_manager-16] [INFO] [1780906029.744994908] [lifecycle_manager_map]: Creating
[lifecycle_manager-16] [INFO] [1780906029.750573779] [lifecycle_manager_map]: [34m[1mCreating and initializing lifecycle service clients[0m[0m
[map_server-15] [INFO] [1780906029.753807061] [map_server]: 
[map_server-15] 	map_server lifecycle node launched. 
[map_server-15] 	Waiting on external lifecycle transitions to activate
[map_server-15] 	See https://design.ros2.org/articles/node_lifecycle.html for more information.
[map_server-15] [INFO] [1780906029.754018426] [map_server]: Creating
[map_server-15] [INFO] [1780906029.756371468] [map_server]: Configuring
[map_server-15] [INFO] [1780906029.756462455] [map_io]: Loading yaml file: /home/wj/work/multi-robot-exploration-rl/install/start_rl_environment_tb3/share/start_rl_environment_tb3/maps/interaction_hub.yaml
[map_server-15] [INFO] [1780906029.756976737] [map_io]: resolution: 0.05
[map_server-15] [INFO] [1780906029.757001004] [map_io]: origin[0]: -6
[map_server-15] [INFO] [1780906029.757012291] [map_io]: origin[1]: -6
[map_server-15] [INFO] [1780906029.757021828] [map_io]: origin[2]: 0
[map_server-15] [INFO] [1780906029.757032598] [map_io]: free_thresh: 0.196
[map_server-15] [INFO] [1780906029.757042847] [map_io]: occupied_thresh: 0.65
[map_server-15] [INFO] [1780906029.757054411] [map_io]: mode: trinary
[map_server-15] [INFO] [1780906029.757068682] [map_io]: negate: 0
[map_server-15] [INFO] [1780906029.757473554] [map_io]: Loading image_file: /home/wj/work/multi-robot-exploration-rl/install/start_rl_environment_tb3/share/start_rl_environment_tb3/maps/interaction_hub.pgm
[lifecycle_manager-16] [INFO] [1780906029.755698966] [lifecycle_manager_map]: [34m[1mStarting managed nodes bringup...[0m[0m
[lifecycle_manager-16] [INFO] [1780906029.755793435] [lifecycle_manager_map]: [34m[1mConfiguring map_server[0m[0m
[map_server-15] [INFO] [1780906029.771387815] [map_io]: Read map /home/wj/work/multi-robot-exploration-rl/install/start_rl_environment_tb3/share/start_rl_environment_tb3/maps/interaction_hub.pgm: 240 X 240 map @ 0.05 m/cell
[lifecycle_manager-16] [INFO] [1780906029.783314753] [lifecycle_manager_map]: [34m[1mActivating map_server[0m[0m
[map_server-15] [INFO] [1780906029.783467589] [map_server]: Activating
[map_server-15] [INFO] [1780906029.783636659] [map_server]: Creating bond (map_server) to lifecycle manager.
[lifecycle_manager-16] [INFO] [1780906029.890595103] [lifecycle_manager_map]: Server map_server connected with bond.
[lifecycle_manager-16] [INFO] [1780906029.890696579] [lifecycle_manager_map]: [34m[1mManaged nodes are active[0m[0m
[lifecycle_manager-16] [INFO] [1780906029.890719098] [lifecycle_manager_map]: [34m[1mCreating bond timer...[0m[0m
[spawn_entity.py-7] [INFO] [1780906030.249403254] [tb3_1.spawn_entity]: Spawn Entity started
[spawn_entity.py-7] [INFO] [1780906030.250169215] [tb3_1.spawn_entity]: Loading entity XML from file /tmp/tb3_1_31z70_tr.sdf
[spawn_entity.py-7] [INFO] [1780906030.251649560] [tb3_1.spawn_entity]: Waiting for service /spawn_entity, timeout = 30
[spawn_entity.py-7] [INFO] [1780906030.252346807] [tb3_1.spawn_entity]: Waiting for service /spawn_entity
[spawn_entity.py-4] [INFO] [1780906030.291638382] [tb3_0.spawn_entity]: Spawn Entity started
[spawn_entity.py-4] [INFO] [1780906030.292046081] [tb3_0.spawn_entity]: Loading entity XML from file /tmp/tb3_0_z3n3zejo.sdf
[spawn_entity.py-4] [INFO] [1780906030.292918336] [tb3_0.spawn_entity]: Waiting for service /spawn_entity, timeout = 30
[spawn_entity.py-4] [INFO] [1780906030.293308250] [tb3_0.spawn_entity]: Waiting for service /spawn_entity
[spawn_entity.py-13] [INFO] [1780906030.344766439] [tb3_3.spawn_entity]: Spawn Entity started
[spawn_entity.py-13] [INFO] [1780906030.345720646] [tb3_3.spawn_entity]: Loading entity XML from file /tmp/tb3_3_m1b83vnv.sdf
[spawn_entity.py-13] [INFO] [1780906030.347707268] [tb3_3.spawn_entity]: Waiting for service /spawn_entity, timeout = 30
[spawn_entity.py-13] [INFO] [1780906030.348457740] [tb3_3.spawn_entity]: Waiting for service /spawn_entity
[spawn_entity.py-10] [INFO] [1780906030.374884567] [tb3_2.spawn_entity]: Spawn Entity started
[spawn_entity.py-10] [INFO] [1780906030.375393896] [tb3_2.spawn_entity]: Loading entity XML from file /tmp/tb3_2__9mkld_m.sdf
[spawn_entity.py-10] [INFO] [1780906030.376351347] [tb3_2.spawn_entity]: Waiting for service /spawn_entity, timeout = 30
[spawn_entity.py-10] [INFO] [1780906030.376712295] [tb3_2.spawn_entity]: Waiting for service /spawn_entity
[rviz2-17] [INFO] [1780906030.633741089] [rviz2]: Stereo is NOT SUPPORTED
[rviz2-17] [INFO] [1780906030.633976510] [rviz2]: OpenGl version: 4.6 (GLSL 4.6)
[rviz2-17] [INFO] [1780906030.772007783] [rviz2]: Stereo is NOT SUPPORTED
[gzserver-1] [WARN] [1780906032.286878618] [rcl]: Found remap rule 'model_states:=model_states_demo'. This syntax is deprecated. Use '--ros-args --remap model_states:=model_states_demo' instead.
[spawn_entity.py-4] [INFO] [1780906032.301369815] [tb3_0.spawn_entity]: Calling service /spawn_entity
[gzserver-1] [INFO] [1780906032.311856759] [gazebo_ros_state]: Publishing states of gazebo models at [/model_states_demo]
[gzserver-1] [INFO] [1780906032.313347305] [gazebo_ros_state]: Publishing states of gazebo links at [/link_states]
[spawn_entity.py-13] [INFO] [1780906032.359427035] [tb3_3.spawn_entity]: Calling service /spawn_entity
[spawn_entity.py-10] [INFO] [1780906032.384343015] [tb3_2.spawn_entity]: Calling service /spawn_entity
[spawn_entity.py-7] [INFO] [1780906032.511907183] [tb3_1.spawn_entity]: Calling service /spawn_entity
[obstacle_mover.py-18] [INFO] [1780906032.523139109] [obstacle_mover]: [obstacle_mover] map=6  0 个障碍物  速度=0.000 m/s (scale×0.0)  30 Hz  随机游走模式
[obstacle_mover.py-18] [INFO] [1780906032.526025580] [obstacle_mover]: [obstacle_mover] ✅ dyn_obs_0~dyn_obs_7 已下沉至 z=-10.0
[gzserver-1] [INFO] [1780906032.664791125] [tb3_0.turtlebot3_imu]: <initial_orientation_as_reference> is unset, using default value of false to comply with REP 145 (world as orientation reference)
[spawn_entity.py-4] [INFO] [1780906032.797798073] [tb3_0.spawn_entity]: Spawn status: SpawnEntity: Successfully spawned entity [tb3_0]
[gzserver-1] [INFO] [1780906032.936656281] [tb3_0.turtlebot3_diff_drive]: Wheel pair 1 separation set to [0.160000m]
[gzserver-1] [INFO] [1780906032.936709255] [tb3_0.turtlebot3_diff_drive]: Wheel pair 1 diameter set to [0.066000m]
[gzserver-1] [INFO] [1780906032.939008267] [tb3_0.turtlebot3_diff_drive]: Subscribed to [/tb3_0/cmd_vel]
[gzserver-1] [INFO] [1780906032.943957699] [tb3_0.turtlebot3_diff_drive]: Advertise odometry on [/tb3_0/odom]
[gzserver-1] [INFO] [1780906032.949301189] [tb3_0.turtlebot3_diff_drive]: Publishing odom transforms between [tb3_0/odom] and [tb3_0/base_footprint]
[gzserver-1] [INFO] [1780906032.970868217] [tb3_0.turtlebot3_joint_state]: Going to publish joint [wheel_left_joint]
[gzserver-1] [INFO] [1780906032.970926104] [tb3_0.turtlebot3_joint_state]: Going to publish joint [wheel_right_joint]
[INFO] [spawn_entity.py-4]: process has finished cleanly [pid 1936681]
[gzserver-1] [INFO] [1780906033.270254549] [tb3_3.turtlebot3_imu]: <initial_orientation_as_reference> is unset, using default value of false to comply with REP 145 (world as orientation reference)
[spawn_entity.py-13] [INFO] [1780906033.392525132] [tb3_3.spawn_entity]: Spawn status: SpawnEntity: Successfully spawned entity [tb3_3]
[gzserver-1] [INFO] [1780906033.502807211] [tb3_3.turtlebot3_diff_drive]: Wheel pair 1 separation set to [0.160000m]
[gzserver-1] [INFO] [1780906033.502870217] [tb3_3.turtlebot3_diff_drive]: Wheel pair 1 diameter set to [0.066000m]
[gzserver-1] [INFO] [1780906033.504382363] [tb3_3.turtlebot3_diff_drive]: Subscribed to [/tb3_3/cmd_vel]
[gzserver-1] [INFO] [1780906033.505494232] [tb3_3.turtlebot3_diff_drive]: Advertise odometry on [/tb3_3/odom]
[gzserver-1] [INFO] [1780906033.507723676] [tb3_3.turtlebot3_diff_drive]: Publishing odom transforms between [tb3_3/odom] and [tb3_3/base_footprint]
[gzserver-1] [INFO] [1780906033.520808230] [tb3_3.turtlebot3_joint_state]: Going to publish joint [wheel_left_joint]
[gzserver-1] [INFO] [1780906033.520863161] [tb3_3.turtlebot3_joint_state]: Going to publish joint [wheel_right_joint]
[INFO] [spawn_entity.py-13]: process has finished cleanly [pid 1936699]
[gzserver-1] [INFO] [1780906033.840929868] [tb3_2.turtlebot3_imu]: <initial_orientation_as_reference> is unset, using default value of false to comply with REP 145 (world as orientation reference)
[spawn_entity.py-10] [INFO] [1780906033.948917006] [tb3_2.spawn_entity]: Spawn status: SpawnEntity: Successfully spawned entity [tb3_2]
[gzserver-1] [INFO] [1780906034.063682202] [tb3_2.turtlebot3_diff_drive]: Wheel pair 1 separation set to [0.160000m]
[gzserver-1] [INFO] [1780906034.063745517] [tb3_2.turtlebot3_diff_drive]: Wheel pair 1 diameter set to [0.066000m]
[gzserver-1] [INFO] [1780906034.064754968] [tb3_2.turtlebot3_diff_drive]: Subscribed to [/tb3_2/cmd_vel]
[gzserver-1] [INFO] [1780906034.065829689] [tb3_2.turtlebot3_diff_drive]: Advertise odometry on [/tb3_2/odom]
[gzserver-1] [INFO] [1780906034.067670373] [tb3_2.turtlebot3_diff_drive]: Publishing odom transforms between [tb3_2/odom] and [tb3_2/base_footprint]
[gzserver-1] [INFO] [1780906034.079038325] [tb3_2.turtlebot3_joint_state]: Going to publish joint [wheel_left_joint]
[gzserver-1] [INFO] [1780906034.079102386] [tb3_2.turtlebot3_joint_state]: Going to publish joint [wheel_right_joint]
[INFO] [spawn_entity.py-10]: process has finished cleanly [pid 1936693]
[gzserver-1] [INFO] [1780906034.386105188] [tb3_1.turtlebot3_imu]: <initial_orientation_as_reference> is unset, using default value of false to comply with REP 145 (world as orientation reference)
[spawn_entity.py-7] [INFO] [1780906034.497609385] [tb3_1.spawn_entity]: Spawn status: SpawnEntity: Successfully spawned entity [tb3_1]
[gzserver-1] [INFO] [1780906034.611334909] [tb3_1.turtlebot3_diff_drive]: Wheel pair 1 separation set to [0.160000m]
[gzserver-1] [INFO] [1780906034.611409027] [tb3_1.turtlebot3_diff_drive]: Wheel pair 1 diameter set to [0.066000m]
[gzserver-1] [INFO] [1780906034.612175825] [tb3_1.turtlebot3_diff_drive]: Subscribed to [/tb3_1/cmd_vel]
[gzserver-1] [INFO] [1780906034.613000584] [tb3_1.turtlebot3_diff_drive]: Advertise odometry on [/tb3_1/odom]
[gzserver-1] [INFO] [1780906034.616190493] [tb3_1.turtlebot3_diff_drive]: Publishing odom transforms between [tb3_1/odom] and [tb3_1/base_footprint]
[gzserver-1] [INFO] [1780906034.631717548] [tb3_1.turtlebot3_joint_state]: Going to publish joint [wheel_left_joint]
[gzserver-1] [INFO] [1780906034.631765635] [tb3_1.turtlebot3_joint_state]: Going to publish joint [wheel_right_joint]
[INFO] [spawn_entity.py-7]: process has finished cleanly [pid 1936687]
[rviz2-17] [INFO] [1780906044.343790355] [rviz2]: Message Filter dropping message: frame 'tb3_3/base_scan' at time 0.396 for reason 'the timestamp on the message is earlier than all the data in the transform cache'
[rviz2-17] [INFO] [1780906044.544859973] [rviz2]: Message Filter dropping message: frame 'tb3_2/base_scan' at time 0.596 for reason 'the timestamp on the message is earlier than all the data in the transform cache'
[rviz2-17] [INFO] [1780906044.746471790] [rviz2]: Message Filter dropping message: frame 'tb3_1/base_scan' at time 0.797 for reason 'the timestamp on the message is earlier than all the data in the transform cache'
[gzclient-2] 
[gzclient-2] libcurl: (56) OpenSSL SSL_read: error:0A000126:SSL routines::unexpected eof while reading, errno 0
