[INFO] [launch]: All log files can be found below /home/wj/.ros/log/2026-04-28-21-15-43-633368-wj-Default-string-2827883
[INFO] [launch]: Default logging verbosity is set to INFO
[INFO] Loading world for TurtleBot3: /home/wj/work/multi-robot-exploration-rl/install/start_rl_environment_tb3/share/start_rl_environment_tb3/worlds/corridor_swap.world
[INFO] Spawning 4 TurtleBot3 robots on corridor_swap...
[INFO] Using random positions
[INFO] Using fixed positions for 4 robots
[INFO]   Robot 0: Robot 0 - 左侧中间 at (-4.50, 0.00)
[INFO]   Robot 1: Robot 1 - 右侧中间 at (4.50, 0.00)
[INFO]   Robot 2: Robot 2 - 左下 at (-4.50, -3.00)
[INFO]   Robot 3: Robot 3 - 左上 at (-4.50, 3.00)
[spawn_robots] Created modified SDF for tb3_0 at /tmp/tb3_0_aj5pnk16.sdf
[spawn_robots] Created modified SDF for tb3_1 at /tmp/tb3_1_5ymzc96c.sdf
[spawn_robots] Created modified SDF for tb3_2 at /tmp/tb3_2_qbuek3uh.sdf
[spawn_robots] Created modified SDF for tb3_3 at /tmp/tb3_3_hvga1eaz.sdf
[INFO] Map Server loading: /home/wj/work/multi-robot-exploration-rl/install/start_rl_environment_tb3/share/start_rl_environment_tb3/maps/corridor_swap.yaml
[INFO] [gzserver-1]: process started with pid [2827972]
[INFO] [gzclient-2]: process started with pid [2827974]
[INFO] [robot_state_publisher-3]: process started with pid [2827976]
[INFO] [spawn_entity.py-4]: process started with pid [2827978]
[INFO] [static_transform_publisher-5]: process started with pid [2827980]
[INFO] [robot_state_publisher-6]: process started with pid [2827982]
[INFO] [spawn_entity.py-7]: process started with pid [2827984]
[INFO] [static_transform_publisher-8]: process started with pid [2827986]
[INFO] [robot_state_publisher-9]: process started with pid [2827988]
[INFO] [spawn_entity.py-10]: process started with pid [2827990]
[INFO] [static_transform_publisher-11]: process started with pid [2827992]
[INFO] [robot_state_publisher-12]: process started with pid [2827994]
[INFO] [spawn_entity.py-13]: process started with pid [2827996]
[INFO] [static_transform_publisher-14]: process started with pid [2827998]
[INFO] [map_server-15]: process started with pid [2828000]
[INFO] [lifecycle_manager-16]: process started with pid [2828002]
[INFO] [rviz2-17]: process started with pid [2828011]
[INFO] [obstacle_mover.py-18]: process started with pid [2828036]
[static_transform_publisher-5] [WARN] [1777382144.469784765] []: Old-style arguments are deprecated; see --help for new-style arguments
[static_transform_publisher-8] [WARN] [1777382144.476065058] []: Old-style arguments are deprecated; see --help for new-style arguments
[static_transform_publisher-11] [WARN] [1777382144.490290346] []: Old-style arguments are deprecated; see --help for new-style arguments
[static_transform_publisher-14] [WARN] [1777382144.494059795] []: Old-style arguments are deprecated; see --help for new-style arguments
[static_transform_publisher-5] [INFO] [1777382144.503569835] [static_tf_tb3_0]: Spinning until stopped - publishing transform
[static_transform_publisher-5] translation: ('0.000000', '0.000000', '0.000000')
[static_transform_publisher-5] rotation: ('0.000000', '0.000000', '0.000000', '1.000000')
[static_transform_publisher-5] from 'map' to 'tb3_0/odom'
[static_transform_publisher-8] [INFO] [1777382144.510552565] [static_tf_tb3_1]: Spinning until stopped - publishing transform
[static_transform_publisher-8] translation: ('0.000000', '0.000000', '0.000000')
[static_transform_publisher-8] rotation: ('0.000000', '0.000000', '0.000000', '1.000000')
[static_transform_publisher-8] from 'map' to 'tb3_1/odom'
[robot_state_publisher-6] [INFO] [1777382144.521808457] [tb3_1.robot_state_publisher]: got segment base_footprint
[robot_state_publisher-6] [INFO] [1777382144.522003731] [tb3_1.robot_state_publisher]: got segment base_link
[robot_state_publisher-6] [INFO] [1777382144.522026509] [tb3_1.robot_state_publisher]: got segment base_scan
[robot_state_publisher-6] [INFO] [1777382144.522038041] [tb3_1.robot_state_publisher]: got segment caster_back_link
[robot_state_publisher-6] [INFO] [1777382144.522049056] [tb3_1.robot_state_publisher]: got segment imu_link
[robot_state_publisher-6] [INFO] [1777382144.522058778] [tb3_1.robot_state_publisher]: got segment wheel_left_link
[robot_state_publisher-6] [INFO] [1777382144.522068488] [tb3_1.robot_state_publisher]: got segment wheel_right_link
[robot_state_publisher-3] [INFO] [1777382144.522081034] [tb3_0.robot_state_publisher]: got segment base_footprint
[robot_state_publisher-3] [INFO] [1777382144.522224097] [tb3_0.robot_state_publisher]: got segment base_link
[robot_state_publisher-3] [INFO] [1777382144.522245601] [tb3_0.robot_state_publisher]: got segment base_scan
[robot_state_publisher-3] [INFO] [1777382144.522257043] [tb3_0.robot_state_publisher]: got segment caster_back_link
[robot_state_publisher-3] [INFO] [1777382144.522268107] [tb3_0.robot_state_publisher]: got segment imu_link
[robot_state_publisher-3] [INFO] [1777382144.522278567] [tb3_0.robot_state_publisher]: got segment wheel_left_link
[robot_state_publisher-3] [INFO] [1777382144.522288802] [tb3_0.robot_state_publisher]: got segment wheel_right_link
[static_transform_publisher-11] [INFO] [1777382144.524657874] [static_tf_tb3_2]: Spinning until stopped - publishing transform
[static_transform_publisher-11] translation: ('0.000000', '0.000000', '0.000000')
[static_transform_publisher-11] rotation: ('0.000000', '0.000000', '0.000000', '1.000000')
[static_transform_publisher-11] from 'map' to 'tb3_2/odom'
[robot_state_publisher-12] [INFO] [1777382144.536076375] [tb3_3.robot_state_publisher]: got segment base_footprint
[robot_state_publisher-12] [INFO] [1777382144.536233037] [tb3_3.robot_state_publisher]: got segment base_link
[robot_state_publisher-12] [INFO] [1777382144.536253060] [tb3_3.robot_state_publisher]: got segment base_scan
[robot_state_publisher-12] [INFO] [1777382144.536265532] [tb3_3.robot_state_publisher]: got segment caster_back_link
[robot_state_publisher-12] [INFO] [1777382144.536276997] [tb3_3.robot_state_publisher]: got segment imu_link
[robot_state_publisher-12] [INFO] [1777382144.536288434] [tb3_3.robot_state_publisher]: got segment wheel_left_link
[robot_state_publisher-12] [INFO] [1777382144.536300321] [tb3_3.robot_state_publisher]: got segment wheel_right_link
[robot_state_publisher-9] [INFO] [1777382144.547277704] [tb3_2.robot_state_publisher]: got segment base_footprint
[robot_state_publisher-9] [INFO] [1777382144.547512948] [tb3_2.robot_state_publisher]: got segment base_link
[robot_state_publisher-9] [INFO] [1777382144.547536291] [tb3_2.robot_state_publisher]: got segment base_scan
[robot_state_publisher-9] [INFO] [1777382144.547548594] [tb3_2.robot_state_publisher]: got segment caster_back_link
[robot_state_publisher-9] [INFO] [1777382144.547559805] [tb3_2.robot_state_publisher]: got segment imu_link
[robot_state_publisher-9] [INFO] [1777382144.547568838] [tb3_2.robot_state_publisher]: got segment wheel_left_link
[robot_state_publisher-9] [INFO] [1777382144.547575533] [tb3_2.robot_state_publisher]: got segment wheel_right_link
[static_transform_publisher-14] [INFO] [1777382144.547540354] [static_tf_tb3_3]: Spinning until stopped - publishing transform
[static_transform_publisher-14] translation: ('0.000000', '0.000000', '0.000000')
[static_transform_publisher-14] rotation: ('0.000000', '0.000000', '0.000000', '1.000000')
[static_transform_publisher-14] from 'map' to 'tb3_3/odom'
[map_server-15] [INFO] [1777382144.548192637] [map_server]: 
[map_server-15] 	map_server lifecycle node launched. 
[map_server-15] 	Waiting on external lifecycle transitions to activate
[map_server-15] 	See https://design.ros2.org/articles/node_lifecycle.html for more information.
[map_server-15] [INFO] [1777382144.548343075] [map_server]: Creating
[lifecycle_manager-16] [INFO] [1777382144.598668890] [lifecycle_manager_map]: Creating
[lifecycle_manager-16] [INFO] [1777382144.605975842] [lifecycle_manager_map]: [34m[1mCreating and initializing lifecycle service clients[0m[0m
[lifecycle_manager-16] [INFO] [1777382144.613582427] [lifecycle_manager_map]: [34m[1mStarting managed nodes bringup...[0m[0m
[lifecycle_manager-16] [INFO] [1777382144.613637616] [lifecycle_manager_map]: [34m[1mConfiguring map_server[0m[0m
[map_server-15] [INFO] [1777382144.613967773] [map_server]: Configuring
[map_server-15] [INFO] [1777382144.614052590] [map_io]: Loading yaml file: /home/wj/work/multi-robot-exploration-rl/install/start_rl_environment_tb3/share/start_rl_environment_tb3/maps/corridor_swap.yaml
[map_server-15] [INFO] [1777382144.614471671] [map_io]: resolution: 0.05
[map_server-15] [INFO] [1777382144.614491978] [map_io]: origin[0]: -6
[map_server-15] [INFO] [1777382144.614503594] [map_io]: origin[1]: -6
[map_server-15] [INFO] [1777382144.614513803] [map_io]: origin[2]: 0
[map_server-15] [INFO] [1777382144.614524215] [map_io]: free_thresh: 0.196
[map_server-15] [INFO] [1777382144.614534261] [map_io]: occupied_thresh: 0.65
[map_server-15] [INFO] [1777382144.614545061] [map_io]: mode: trinary
[map_server-15] [INFO] [1777382144.614558309] [map_io]: negate: 0
[map_server-15] [INFO] [1777382144.614890401] [map_io]: Loading image_file: /home/wj/work/multi-robot-exploration-rl/install/start_rl_environment_tb3/share/start_rl_environment_tb3/maps/corridor_swap.pgm
[map_server-15] [INFO] [1777382144.630367143] [map_io]: Read map /home/wj/work/multi-robot-exploration-rl/install/start_rl_environment_tb3/share/start_rl_environment_tb3/maps/corridor_swap.pgm: 240 X 240 map @ 0.05 m/cell
[lifecycle_manager-16] [INFO] [1777382144.640124244] [lifecycle_manager_map]: [34m[1mActivating map_server[0m[0m
[map_server-15] [INFO] [1777382144.640280970] [map_server]: Activating
[map_server-15] [INFO] [1777382144.640470833] [map_server]: Creating bond (map_server) to lifecycle manager.
[lifecycle_manager-16] [INFO] [1777382144.748247196] [lifecycle_manager_map]: Server map_server connected with bond.
[lifecycle_manager-16] [INFO] [1777382144.748290029] [lifecycle_manager_map]: [34m[1mManaged nodes are active[0m[0m
[lifecycle_manager-16] [INFO] [1777382144.748301036] [lifecycle_manager_map]: [34m[1mCreating bond timer...[0m[0m
[spawn_entity.py-13] [INFO] [1777382145.164350915] [tb3_3.spawn_entity]: Spawn Entity started
[spawn_entity.py-13] [INFO] [1777382145.164796001] [tb3_3.spawn_entity]: Loading entity XML from file /tmp/tb3_3_hvga1eaz.sdf
[spawn_entity.py-13] [INFO] [1777382145.165799637] [tb3_3.spawn_entity]: Waiting for service /spawn_entity, timeout = 30
[spawn_entity.py-13] [INFO] [1777382145.166152135] [tb3_3.spawn_entity]: Waiting for service /spawn_entity
[spawn_entity.py-7] [INFO] [1777382145.199766743] [tb3_1.spawn_entity]: Spawn Entity started
[spawn_entity.py-7] [INFO] [1777382145.200173935] [tb3_1.spawn_entity]: Loading entity XML from file /tmp/tb3_1_5ymzc96c.sdf
[spawn_entity.py-7] [INFO] [1777382145.201094404] [tb3_1.spawn_entity]: Waiting for service /spawn_entity, timeout = 30
[spawn_entity.py-7] [INFO] [1777382145.201459323] [tb3_1.spawn_entity]: Waiting for service /spawn_entity
[spawn_entity.py-4] [INFO] [1777382145.215486759] [tb3_0.spawn_entity]: Spawn Entity started
[spawn_entity.py-4] [INFO] [1777382145.215930135] [tb3_0.spawn_entity]: Loading entity XML from file /tmp/tb3_0_aj5pnk16.sdf
[spawn_entity.py-4] [INFO] [1777382145.216939179] [tb3_0.spawn_entity]: Waiting for service /spawn_entity, timeout = 30
[spawn_entity.py-4] [INFO] [1777382145.217358403] [tb3_0.spawn_entity]: Waiting for service /spawn_entity
[spawn_entity.py-10] [INFO] [1777382145.223333704] [tb3_2.spawn_entity]: Spawn Entity started
[spawn_entity.py-10] [INFO] [1777382145.223796250] [tb3_2.spawn_entity]: Loading entity XML from file /tmp/tb3_2_qbuek3uh.sdf
[spawn_entity.py-10] [INFO] [1777382145.224699001] [tb3_2.spawn_entity]: Waiting for service /spawn_entity, timeout = 30
[spawn_entity.py-10] [INFO] [1777382145.225057482] [tb3_2.spawn_entity]: Waiting for service /spawn_entity
[rviz2-17] [INFO] [1777382145.425162704] [rviz2]: Stereo is NOT SUPPORTED
[rviz2-17] [INFO] [1777382145.425349021] [rviz2]: OpenGl version: 4.6 (GLSL 4.6)
[rviz2-17] [INFO] [1777382145.526915082] [rviz2]: Stereo is NOT SUPPORTED
[gzserver-1] [WARN] [1777382146.666453692] [rcl]: Found remap rule 'model_states:=model_states_demo'. This syntax is deprecated. Use '--ros-args --remap model_states:=model_states_demo' instead.
[spawn_entity.py-13] [INFO] [1777382146.673657237] [tb3_3.spawn_entity]: Calling service /spawn_entity
[gzserver-1] [INFO] [1777382146.684988652] [gazebo_ros_state]: Publishing states of gazebo models at [/model_states_demo]
[gzserver-1] [INFO] [1777382146.686277716] [gazebo_ros_state]: Publishing states of gazebo links at [/link_states]
[spawn_entity.py-7] [INFO] [1777382146.708893127] [tb3_1.spawn_entity]: Calling service /spawn_entity
[spawn_entity.py-4] [INFO] [1777382146.725476246] [tb3_0.spawn_entity]: Calling service /spawn_entity
[spawn_entity.py-10] [INFO] [1777382146.732839830] [tb3_2.spawn_entity]: Calling service /spawn_entity
[obstacle_mover.py-18] [INFO] [1777382146.773933594] [obstacle_mover]: [obstacle_mover] map=3  6 个障碍物  速度=0.099 m/s (scale×0.9)  30 Hz  随机游走模式
[obstacle_mover.py-18] [INFO] [1777382146.779973402] [obstacle_mover]: [obstacle_mover] ✅ dyn_obs_6~dyn_obs_7 已下沉至 z=-10.0
[gzserver-1] [INFO] [1777382147.037336124] [tb3_3.turtlebot3_imu]: <initial_orientation_as_reference> is unset, using default value of false to comply with REP 145 (world as orientation reference)
[spawn_entity.py-13] [INFO] [1777382147.158812469] [tb3_3.spawn_entity]: Spawn status: SpawnEntity: Successfully spawned entity [tb3_3]
[gzserver-1] [INFO] [1777382147.297826641] [tb3_3.turtlebot3_diff_drive]: Wheel pair 1 separation set to [0.160000m]
[gzserver-1] [INFO] [1777382147.297878068] [tb3_3.turtlebot3_diff_drive]: Wheel pair 1 diameter set to [0.066000m]
[gzserver-1] [INFO] [1777382147.299992755] [tb3_3.turtlebot3_diff_drive]: Subscribed to [/tb3_3/cmd_vel]
[gzserver-1] [INFO] [1777382147.304363348] [tb3_3.turtlebot3_diff_drive]: Advertise odometry on [/tb3_3/odom]
[gzserver-1] [INFO] [1777382147.309697223] [tb3_3.turtlebot3_diff_drive]: Publishing odom transforms between [tb3_3/odom] and [tb3_3/base_footprint]
[gzserver-1] [INFO] [1777382147.330010967] [tb3_3.turtlebot3_joint_state]: Going to publish joint [wheel_left_joint]
[gzserver-1] [INFO] [1777382147.330056121] [tb3_3.turtlebot3_joint_state]: Going to publish joint [wheel_right_joint]
[INFO] [spawn_entity.py-13]: process has finished cleanly [pid 2827996]
[gzserver-1] [INFO] [1777382147.640742741] [tb3_1.turtlebot3_imu]: <initial_orientation_as_reference> is unset, using default value of false to comply with REP 145 (world as orientation reference)
[spawn_entity.py-7] [INFO] [1777382147.760915171] [tb3_1.spawn_entity]: Spawn status: SpawnEntity: Successfully spawned entity [tb3_1]
[gzserver-1] [INFO] [1777382147.872231404] [tb3_1.turtlebot3_diff_drive]: Wheel pair 1 separation set to [0.160000m]
[gzserver-1] [INFO] [1777382147.872309880] [tb3_1.turtlebot3_diff_drive]: Wheel pair 1 diameter set to [0.066000m]
[gzserver-1] [INFO] [1777382147.873492089] [tb3_1.turtlebot3_diff_drive]: Subscribed to [/tb3_1/cmd_vel]
[gzserver-1] [INFO] [1777382147.874922437] [tb3_1.turtlebot3_diff_drive]: Advertise odometry on [/tb3_1/odom]
[gzserver-1] [INFO] [1777382147.877994215] [tb3_1.turtlebot3_diff_drive]: Publishing odom transforms between [tb3_1/odom] and [tb3_1/base_footprint]
[gzserver-1] [INFO] [1777382147.897225460] [tb3_1.turtlebot3_joint_state]: Going to publish joint [wheel_left_joint]
[gzserver-1] [INFO] [1777382147.897296299] [tb3_1.turtlebot3_joint_state]: Going to publish joint [wheel_right_joint]
[INFO] [spawn_entity.py-7]: process has finished cleanly [pid 2827984]
[gzserver-1] [INFO] [1777382148.195167091] [tb3_0.turtlebot3_imu]: <initial_orientation_as_reference> is unset, using default value of false to comply with REP 145 (world as orientation reference)
[spawn_entity.py-4] [INFO] [1777382148.321000169] [tb3_0.spawn_entity]: Spawn status: SpawnEntity: Successfully spawned entity [tb3_0]
[gzserver-1] [INFO] [1777382148.431439221] [tb3_0.turtlebot3_diff_drive]: Wheel pair 1 separation set to [0.160000m]
[gzserver-1] [INFO] [1777382148.431510528] [tb3_0.turtlebot3_diff_drive]: Wheel pair 1 diameter set to [0.066000m]
[gzserver-1] [INFO] [1777382148.432440242] [tb3_0.turtlebot3_diff_drive]: Subscribed to [/tb3_0/cmd_vel]
[gzserver-1] [INFO] [1777382148.433786382] [tb3_0.turtlebot3_diff_drive]: Advertise odometry on [/tb3_0/odom]
[gzserver-1] [INFO] [1777382148.436478176] [tb3_0.turtlebot3_diff_drive]: Publishing odom transforms between [tb3_0/odom] and [tb3_0/base_footprint]
[gzserver-1] [INFO] [1777382148.453472603] [tb3_0.turtlebot3_joint_state]: Going to publish joint [wheel_left_joint]
[gzserver-1] [INFO] [1777382148.453534181] [tb3_0.turtlebot3_joint_state]: Going to publish joint [wheel_right_joint]
[INFO] [spawn_entity.py-4]: process has finished cleanly [pid 2827978]
[gzserver-1] [INFO] [1777382148.803190071] [tb3_2.turtlebot3_imu]: <initial_orientation_as_reference> is unset, using default value of false to comply with REP 145 (world as orientation reference)
[spawn_entity.py-10] [INFO] [1777382148.918639605] [tb3_2.spawn_entity]: Spawn status: SpawnEntity: Successfully spawned entity [tb3_2]
[gzserver-1] [INFO] [1777382149.033288192] [tb3_2.turtlebot3_diff_drive]: Wheel pair 1 separation set to [0.160000m]
[gzserver-1] [INFO] [1777382149.033416086] [tb3_2.turtlebot3_diff_drive]: Wheel pair 1 diameter set to [0.066000m]
[gzserver-1] [INFO] [1777382149.035111867] [tb3_2.turtlebot3_diff_drive]: Subscribed to [/tb3_2/cmd_vel]
[gzserver-1] [INFO] [1777382149.036679944] [tb3_2.turtlebot3_diff_drive]: Advertise odometry on [/tb3_2/odom]
[gzserver-1] [INFO] [1777382149.039015639] [tb3_2.turtlebot3_diff_drive]: Publishing odom transforms between [tb3_2/odom] and [tb3_2/base_footprint]
[gzserver-1] [INFO] [1777382149.051134626] [tb3_2.turtlebot3_joint_state]: Going to publish joint [wheel_left_joint]
[gzserver-1] [INFO] [1777382149.051199778] [tb3_2.turtlebot3_joint_state]: Going to publish joint [wheel_right_joint]
[INFO] [spawn_entity.py-10]: process has finished cleanly [pid 2827990]
[rviz2-17] [INFO] [1777382158.857537541] [rviz2]: Message Filter dropping message: frame 'tb3_1/base_scan' at time 0.322 for reason 'the timestamp on the message is earlier than all the data in the transform cache'
[rviz2-17] [INFO] [1777382159.062244293] [rviz2]: Message Filter dropping message: frame 'tb3_0/base_scan' at time 0.522 for reason 'the timestamp on the message is earlier than all the data in the transform cache'
[rviz2-17] [INFO] [1777382159.261684594] [rviz2]: Message Filter dropping message: frame 'tb3_2/base_scan' at time 0.721 for reason 'the timestamp on the message is earlier than all the data in the transform cache'
