2026-04-13 21:05:08,187	INFO worker.py:2013 -- Started a local Ray instance.
/home/wj/anaconda3/envs/ros2/lib/python3.10/site-packages/ray/rllib/algorithms/algorithm.py:527: RayDeprecationWarning: This API is deprecated and may be removed in future Ray releases. You could suppress this warning by setting env variable PYTHONWARNINGS="ignore::DeprecationWarning"
`UnifiedLogger` will be removed in Ray 2.7.
  return UnifiedLogger(config, logdir, loggers=None)
/home/wj/anaconda3/envs/ros2/lib/python3.10/site-packages/ray/tune/logger/unified.py:53: RayDeprecationWarning: This API is deprecated and may be removed in future Ray releases. You could suppress this warning by setting env variable PYTHONWARNINGS="ignore::DeprecationWarning"
The `JsonLogger interface is deprecated in favor of the `ray.tune.json.JsonLoggerCallback` interface and will be removed in Ray 2.7.
  self._loggers.append(cls(self.config, self.logdir, self.trial))
/home/wj/anaconda3/envs/ros2/lib/python3.10/site-packages/ray/tune/logger/unified.py:53: RayDeprecationWarning: This API is deprecated and may be removed in future Ray releases. You could suppress this warning by setting env variable PYTHONWARNINGS="ignore::DeprecationWarning"
The `CSVLogger interface is deprecated in favor of the `ray.tune.csv.CSVLoggerCallback` interface and will be removed in Ray 2.7.
  self._loggers.append(cls(self.config, self.logdir, self.trial))
/home/wj/anaconda3/envs/ros2/lib/python3.10/site-packages/ray/tune/logger/unified.py:53: RayDeprecationWarning: This API is deprecated and may be removed in future Ray releases. You could suppress this warning by setting env variable PYTHONWARNINGS="ignore::DeprecationWarning"
The `TBXLogger interface is deprecated in favor of the `ray.tune.tensorboardx.TBXLoggerCallback` interface and will be removed in Ray 2.7.
  self._loggers.append(cls(self.config, self.logdir, self.trial))
[2026-04-13 21:05:09,881 E 413557 413557] core_worker.cc:2232: Actor with class name: 'RolloutWorker' and ID: 'd001c4f9d0898bb4c45b975401000000' has constructor arguments in the object store and max_restarts > 0. If the arguments in the object store go out of scope or are lost, the actor restart will fail. See https://github.com/ray-project/ray/issues/53727 for more details.
[36m(RolloutWorker pid=415916)[0m [INFO] [1776085515.755638141] [gym_env_robot_0_13780]: ✅ 路径可视化器已启动，路径话题: /waypoint_markers, tracking话题: /rolling_subgoal_markers
[36m(RolloutWorker pid=415916)[0m [INFO] [1776085515.806885994] [gym_env_robot_1_27878]: ✅ 路径可视化器已启动，路径话题: /waypoint_markers, tracking话题: /rolling_subgoal_markers
[36m(RolloutWorker pid=415916)[0m [INFO] [1776085515.831898920] [gym_env_robot_2_34376]: ✅ 路径可视化器已启动，路径话题: /waypoint_markers, tracking话题: /rolling_subgoal_markers
[36m(RolloutWorker pid=415916)[0m [INFO] [1776085515.866020785] [gym_env_robot_3_39168]: ✅ 路径可视化器已启动，路径话题: /waypoint_markers, tracking话题: /rolling_subgoal_markers
[INFO] [1776085518.686907239] [gym_env_robot_0_31064]: ✅ 路径可视化器已启动，路径话题: /waypoint_markers, tracking话题: /rolling_subgoal_markers
[INFO] [1776085518.751391231] [gym_env_robot_1_3215]: ✅ 路径可视化器已启动，路径话题: /waypoint_markers, tracking话题: /rolling_subgoal_markers
[INFO] [1776085518.812487091] [gym_env_robot_2_61481]: ✅ 路径可视化器已启动，路径话题: /waypoint_markers, tracking话题: /rolling_subgoal_markers
[INFO] [1776085518.863594279] [gym_env_robot_3_72744]: ✅ 路径可视化器已启动，路径话题: /waypoint_markers, tracking话题: /rolling_subgoal_markers
2026-04-13 21:05:22,148	INFO trainable.py:161 -- Trainable.setup took 12.350 seconds. If your trainable is slow to initialize, consider setting reuse_actors=True to reduce actor creation overheads.
2026-04-13 21:05:22,149	WARNING util.py:62 -- Install gputil for GPU system monitoring.
================================================================================
🚀 GNN-MAPPO 课程学习训练  [阶段1 (导航优先 + 邻居关系增强)]
================================================================================
  环境阶段:     1 · Stage 1 · 静态入门
  机器人数量:   4
  通信范围:     3.5 m
  并行Workers:  1
  采样设置:     timeout=1200s fragment=1000 mode=truncate_episodes
  训练步数:     1,000,000
  动作模式:     continuous
  PPO配置:      continuous_baseline  (clip=0.2, ent=0.005, mb=512, epochs=10)
  GAT Actor:    neighbor  bias=2.50
  GAT Critic:   mlp
  需要环境:     ros2 launch start_rl_environment_tb3 main.launch.py map_number:=3 robot_number:=4 num_obstacles:=0 obs_speed_scale:=0.0
  comm_dropout: 5%  ← Stage1 保留轻度邻居信息
  冲突路线:     mode=mixed prob=0.75
================================================================================

📚 阶段1：本地导航主干 + 轻度邻居关系增强，先把导航学稳...

[36m(RolloutWorker pid=415916)[0m 🤖 环境初始化: Namespace='/tb3_0', ModelName='tb3_0'
[36m(RolloutWorker pid=415916)[0m ✅ Map 3: 预计算安全 spawn 点 42748 个 (clearance=0.40m)
[36m(RolloutWorker pid=415916)[0m ✅ Robot 0: A*规划器初始化完成
[36m(RolloutWorker pid=415916)[0m 🤖 环境初始化: Namespace='/tb3_1', ModelName='tb3_1'
[36m(RolloutWorker pid=415916)[0m ✅ Map 3: 预计算安全 spawn 点 42748 个 (clearance=0.40m)
[36m(RolloutWorker pid=415916)[0m ✅ Robot 1: A*规划器初始化完成
[36m(RolloutWorker pid=415916)[0m 🤖 环境初始化: Namespace='/tb3_2', ModelName='tb3_2'
[36m(RolloutWorker pid=415916)[0m ✅ Map 3: 预计算安全 spawn 点 42748 个 (clearance=0.40m)
[36m(RolloutWorker pid=415916)[0m ✅ Robot 2: A*规划器初始化完成
[36m(RolloutWorker pid=415916)[0m 🤖 环境初始化: Namespace='/tb3_3', ModelName='tb3_3'
[36m(RolloutWorker pid=415916)[0m ✅ Map 3: 预计算安全 spawn 点 42748 个 (clearance=0.40m)
[36m(RolloutWorker pid=415916)[0m ✅ Robot 3: A*规划器初始化完成
🤖 环境初始化: Namespace='/tb3_0', ModelName='tb3_0'
✅ Map 3: 预计算安全 spawn 点 42748 个 (clearance=0.40m)
✅ Robot 0: A*规划器初始化完成
🤖 环境初始化: Namespace='/tb3_1', ModelName='tb3_1'
✅ Map 3: 预计算安全 spawn 点 42748 个 (clearance=0.40m)
✅ Robot 1: A*规划器初始化完成
🤖 环境初始化: Namespace='/tb3_2', ModelName='tb3_2'
✅ Map 3: 预计算安全 spawn 点 42748 个 (clearance=0.40m)
✅ Robot 2: A*规划器初始化完成
🤖 环境初始化: Namespace='/tb3_3', ModelName='tb3_3'
✅ Map 3: 预计算安全 spawn 点 42748 个 (clearance=0.40m)
✅ Robot 3: A*规划器初始化完成
[36m(RolloutWorker pid=415916)[0m [graph] step=   0  comm_range=3.5m
[36m(RolloutWorker pid=415916)[0m   robot_0 pos=( 3.800, 2.400)
[36m(RolloutWorker pid=415916)[0m     adj=[1  0  0  0]  dist=[ 0.00   8.93   8.99   4.26]  neighbors=[]
[36m(RolloutWorker pid=415916)[0m   robot_1 pos=(-4.800, 0.000)
[36m(RolloutWorker pid=415916)[0m     adj=[0  1  1  0]  dist=[ 8.93   0.00   2.60   9.47]  neighbors=[2]
[36m(RolloutWorker pid=415916)[0m   robot_2 pos=(-3.800,-2.400)
[36m(RolloutWorker pid=415916)[0m     adj=[0  1  1  0]  dist=[ 8.99   2.60   0.00   8.32]  neighbors=[1]
[36m(RolloutWorker pid=415916)[0m   robot_3 pos=( 4.500,-1.800)
[36m(RolloutWorker pid=415916)[0m     adj=[0  0  0  1]  dist=[ 4.26   9.47   8.32   0.00]  neighbors=[]
[36m(RolloutWorker pid=415916)[0m [comm] step=   0  agent_0  my_pos=(3.800,2.400)  candidates=[]  received=0/0
[36m(RolloutWorker pid=415916)[0m     (无有效邻居: 范围外/丢包/延迟填零)
[36m(RolloutWorker pid=415916)[0m [comm] step=   0  agent_1  my_pos=(-4.800,0.000)  candidates=[np.int64(2)]  received=1/1
[36m(RolloutWorker pid=415916)[0m     slot[0] dist=2.606m  n_pos=(-3.742,-2.382)  rel_pos=(1.058,-2.382)
[36m(RolloutWorker pid=415916)[0m [comm] step=   0  agent_2  my_pos=(-3.800,-2.400)  candidates=[np.int64(1)]  received=1/1
[36m(RolloutWorker pid=415916)[0m     slot[0] dist=2.644m  n_pos=(-4.797,0.050)  rel_pos=(-0.997,2.450)
[36m(RolloutWorker pid=415916)[0m [comm] step=   0  agent_3  my_pos=(4.500,-1.800)  candidates=[]  received=0/0
[36m(RolloutWorker pid=415916)[0m     (无有效邻居: 范围外/丢包/延迟填零)
[36m(RolloutWorker pid=415916)[0m [graph] step=   1  comm_range=3.5m
[36m(RolloutWorker pid=415916)[0m   robot_0 pos=( 3.800, 2.400)
[36m(RolloutWorker pid=415916)[0m     adj=[1  0  0  0]  dist=[ 0.00   8.93   8.99   4.26]  neighbors=[]
[36m(RolloutWorker pid=415916)[0m   robot_1 pos=(-4.800,-0.000)
[36m(RolloutWorker pid=415916)[0m     adj=[0  1  1  0]  dist=[ 8.93   0.00   2.60   9.47]  neighbors=[2]
[36m(RolloutWorker pid=415916)[0m   robot_2 pos=(-3.800,-2.400)
[36m(RolloutWorker pid=415916)[0m     adj=[0  1  1  0]  dist=[ 8.99   2.60   0.00   8.32]  neighbors=[1]
[36m(RolloutWorker pid=415916)[0m   robot_3 pos=( 4.500,-1.800)
[36m(RolloutWorker pid=415916)[0m     adj=[0  0  0  1]  dist=[ 4.26   9.47   8.32   0.00]  neighbors=[]
[36m(RolloutWorker pid=415916)[0m [comm] step=   1  agent_0  my_pos=(3.800,2.400)  candidates=[]  received=0/0
[36m(RolloutWorker pid=415916)[0m     (无有效邻居: 范围外/丢包/延迟填零)
[36m(RolloutWorker pid=415916)[0m [comm] step=   1  agent_1  my_pos=(-4.800,-0.000)  candidates=[np.int64(2)]  received=1/1
[36m(RolloutWorker pid=415916)[0m     slot[0] dist=2.611m  n_pos=(-3.751,-2.391)  rel_pos=(1.049,-2.391)
[36m(RolloutWorker pid=415916)[0m [comm] step=   1  agent_2  my_pos=(-3.800,-2.400)  candidates=[np.int64(1)]  received=1/1
[36m(RolloutWorker pid=415916)[0m     slot[0] dist=2.588m  n_pos=(-4.766,0.001)  rel_pos=(-0.966,2.401)
[36m(RolloutWorker pid=415916)[0m [comm] step=   1  agent_3  my_pos=(4.500,-1.800)  candidates=[]  received=0/0
[36m(RolloutWorker pid=415916)[0m     (无有效邻居: 范围外/丢包/延迟填零)
[36m(RolloutWorker pid=415916)[0m [graph] step=   2  comm_range=3.5m
[36m(RolloutWorker pid=415916)[0m   robot_0 pos=( 3.801, 2.402)
[36m(RolloutWorker pid=415916)[0m     adj=[1  0  0  0]  dist=[ 0.00   8.93   8.99   4.26]  neighbors=[]
[36m(RolloutWorker pid=415916)[0m   robot_1 pos=(-4.797,-0.001)
[36m(RolloutWorker pid=415916)[0m     adj=[0  1  1  0]  dist=[ 8.93   0.00   2.60   9.47]  neighbors=[2]
[36m(RolloutWorker pid=415916)[0m   robot_2 pos=(-3.800,-2.399)
[36m(RolloutWorker pid=415916)[0m     adj=[0  1  1  0]  dist=[ 8.99   2.60   0.00   8.32]  neighbors=[1]
[36m(RolloutWorker pid=415916)[0m   robot_3 pos=( 4.500,-1.800)
[36m(RolloutWorker pid=415916)[0m     adj=[0  0  0  1]  dist=[ 4.26   9.47   8.32   0.00]  neighbors=[]
[36m(RolloutWorker pid=415916)[0m [comm] step=   2  agent_0  my_pos=(3.801,2.402)  candidates=[]  received=0/0
[36m(RolloutWorker pid=415916)[0m     (无有效邻居: 范围外/丢包/延迟填零)
[36m(RolloutWorker pid=415916)[0m [comm] step=   2  agent_1  my_pos=(-4.797,-0.001)  candidates=[np.int64(2)]  received=1/1
[36m(RolloutWorker pid=415916)[0m     slot[0] dist=2.555m  n_pos=(-3.831,-2.366)  rel_pos=(0.966,-2.366)
[36m(RolloutWorker pid=415916)[0m [comm] step=   2  agent_2  my_pos=(-3.800,-2.399)  candidates=[np.int64(1)]  received=1/1
[36m(RolloutWorker pid=415916)[0m     slot[0] dist=2.612m  n_pos=(-4.782,0.021)  rel_pos=(-0.982,2.420)
[36m(RolloutWorker pid=415916)[0m [comm] step=   2  agent_3  my_pos=(4.500,-1.800)  candidates=[]  received=0/0
[36m(RolloutWorker pid=415916)[0m     (无有效邻居: 范围外/丢包/延迟填零)
[36m(RolloutWorker pid=415916)[0m [graph] step=   3  comm_range=3.5m
[36m(RolloutWorker pid=415916)[0m   robot_0 pos=( 3.802, 2.405)
[36m(RolloutWorker pid=415916)[0m     adj=[1  0  0  0]  dist=[ 0.00   8.92   8.99   4.26]  neighbors=[]
[36m(RolloutWorker pid=415916)[0m   robot_1 pos=(-4.790,-0.002)
[36m(RolloutWorker pid=415916)[0m     adj=[0  1  1  0]  dist=[ 8.92   0.00   2.59   9.46]  neighbors=[2]
[36m(RolloutWorker pid=415916)[0m   robot_2 pos=(-3.800,-2.400)
[36m(RolloutWorker pid=415916)[0m     adj=[0  1  1  0]  dist=[ 8.99   2.59   0.00   8.32]  neighbors=[1]
[36m(RolloutWorker pid=415916)[0m   robot_3 pos=( 4.503,-1.800)
[36m(RolloutWorker pid=415916)[0m     adj=[0  0  0  1]  dist=[ 4.26   9.46   8.32   0.00]  neighbors=[]
[36m(RolloutWorker pid=415916)[0m [comm] step=   3  agent_0  my_pos=(3.802,2.405)  candidates=[]  received=0/0
[36m(RolloutWorker pid=415916)[0m     (无有效邻居: 范围外/丢包/延迟填零)
[36m(RolloutWorker pid=415916)[0m [comm] step=   3  agent_1  my_pos=(-4.790,-0.002)  candidates=[np.int64(2)]  received=1/1
[36m(RolloutWorker pid=415916)[0m     slot[0] dist=2.548m  n_pos=(-3.818,-2.358)  rel_pos=(0.971,-2.356)
[36m(RolloutWorker pid=415916)[0m [comm] step=   3  agent_2  my_pos=(-3.800,-2.400)  candidates=[np.int64(1)]  received=1/1
[36m(RolloutWorker pid=415916)[0m     slot[0] dist=2.596m  n_pos=(-4.780,0.003)  rel_pos=(-0.980,2.403)
[36m(RolloutWorker pid=415916)[0m [comm] step=   3  agent_3  my_pos=(4.503,-1.800)  candidates=[]  received=0/0
[36m(RolloutWorker pid=415916)[0m     (无有效邻居: 范围外/丢包/延迟填零)
[36m(RolloutWorker pid=415916)[0m ⚠️ Robot 2: 强制路线非法，回退随机安全采样 start=(4.20,-1.00) goal=(-4.20,1.00)
[36m(RolloutWorker pid=415916)[0m 
[36m(RolloutWorker pid=415916)[0m ============================================================
[36m(RolloutWorker pid=415916)[0m 🏁 Episode 结束 (timeout)
[36m(RolloutWorker pid=415916)[0m    步数: 2000/2000
[36m(RolloutWorker pid=415916)[0m    完成: 0/4
[36m(RolloutWorker pid=415916)[0m ============================================================
[36m(RolloutWorker pid=415916)[0m 
[36m(RolloutWorker pid=415916)[0m [graph] step=   0  comm_range=3.5m
[36m(RolloutWorker pid=415916)[0m   robot_0 pos=(-4.500,-1.600)
[36m(RolloutWorker pid=415916)[0m     adj=[1  0  0  0]  dist=[ 0.00   3.89   7.31   5.41]  neighbors=[]
[36m(RolloutWorker pid=415916)[0m   robot_1 pos=(-1.900, 1.300)
[36m(RolloutWorker pid=415916)[0m     adj=[0  1  0  0]  dist=[ 3.89   0.00   3.56   3.82]  neighbors=[]
[36m(RolloutWorker pid=415916)[0m   robot_2 pos=( 1.300, 2.850)
[36m(RolloutWorker pid=415916)[0m     adj=[0  0  1  0]  dist=[ 7.31   3.56   0.00   4.17]  neighbors=[]
[36m(RolloutWorker pid=415916)[0m   robot_3 pos=( 0.900,-1.300)
[36m(RolloutWorker pid=415916)[0m     adj=[0  0  0  1]  dist=[ 5.41   3.82   4.17   0.00]  neighbors=[]
[36m(RolloutWorker pid=415916)[0m [comm] step=   0  agent_0  my_pos=(-4.500,-1.600)  candidates=[]  received=0/0
[36m(RolloutWorker pid=415916)[0m     (无有效邻居: 范围外/丢包/延迟填零)
[36m(RolloutWorker pid=415916)[0m [comm] step=   0  agent_1  my_pos=(-1.900,1.300)  candidates=[]  received=0/0
[36m(RolloutWorker pid=415916)[0m     (无有效邻居: 范围外/丢包/延迟填零)
[36m(RolloutWorker pid=415916)[0m [comm] step=   0  agent_2  my_pos=(1.300,2.850)  candidates=[]  received=0/0
[36m(RolloutWorker pid=415916)[0m     (无有效邻居: 范围外/丢包/延迟填零)
[36m(RolloutWorker pid=415916)[0m [comm] step=   0  agent_3  my_pos=(0.900,-1.300)  candidates=[]  received=0/0
[36m(RolloutWorker pid=415916)[0m     (无有效邻居: 范围外/丢包/延迟填零)
[36m(RolloutWorker pid=415916)[0m [graph] step=   1  comm_range=3.5m
[36m(RolloutWorker pid=415916)[0m   robot_0 pos=(-4.500,-1.600)
[36m(RolloutWorker pid=415916)[0m     adj=[1  0  0  0]  dist=[ 0.00   3.89   7.31   5.41]  neighbors=[]
[36m(RolloutWorker pid=415916)[0m   robot_1 pos=(-1.900, 1.300)
[36m(RolloutWorker pid=415916)[0m     adj=[0  1  0  0]  dist=[ 3.89   0.00   3.56   3.82]  neighbors=[]
[36m(RolloutWorker pid=415916)[0m   robot_2 pos=( 1.300, 2.850)
[36m(RolloutWorker pid=415916)[0m     adj=[0  0  1  0]  dist=[ 7.31   3.56   0.00   4.17]  neighbors=[]
[36m(RolloutWorker pid=415916)[0m   robot_3 pos=( 0.900,-1.300)
[36m(RolloutWorker pid=415916)[0m     adj=[0  0  0  1]  dist=[ 5.41   3.82   4.17   0.00]  neighbors=[]
[36m(RolloutWorker pid=415916)[0m [comm] step=   1  agent_0  my_pos=(-4.500,-1.600)  candidates=[]  received=0/0
[36m(RolloutWorker pid=415916)[0m     (无有效邻居: 范围外/丢包/延迟填零)
[36m(RolloutWorker pid=415916)[0m [comm] step=   1  agent_1  my_pos=(-1.900,1.300)  candidates=[]  received=0/0
[36m(RolloutWorker pid=415916)[0m     (无有效邻居: 范围外/丢包/延迟填零)
[36m(RolloutWorker pid=415916)[0m [comm] step=   1  agent_2  my_pos=(1.300,2.850)  candidates=[]  received=0/0
[36m(RolloutWorker pid=415916)[0m     (无有效邻居: 范围外/丢包/延迟填零)
[36m(RolloutWorker pid=415916)[0m [comm] step=   1  agent_3  my_pos=(0.900,-1.300)  candidates=[]  received=0/0
[36m(RolloutWorker pid=415916)[0m     (无有效邻居: 范围外/丢包/延迟填零)
[36m(RolloutWorker pid=415916)[0m [graph] step=   2  comm_range=3.5m
[36m(RolloutWorker pid=415916)[0m   robot_0 pos=(-4.500,-1.600)
[36m(RolloutWorker pid=415916)[0m     adj=[1  0  0  0]  dist=[ 0.00   3.89   7.31   5.41]  neighbors=[]
[36m(RolloutWorker pid=415916)[0m   robot_1 pos=(-1.900, 1.300)
[36m(RolloutWorker pid=415916)[0m     adj=[0  1  0  0]  dist=[ 3.89   0.00   3.56   3.82]  neighbors=[]
[36m(RolloutWorker pid=415916)[0m   robot_2 pos=( 1.300, 2.850)
[36m(RolloutWorker pid=415916)[0m     adj=[0  0  1  0]  dist=[ 7.31   3.56   0.00   4.17]  neighbors=[]
[36m(RolloutWorker pid=415916)[0m   robot_3 pos=( 0.900,-1.300)
[36m(RolloutWorker pid=415916)[0m     adj=[0  0  0  1]  dist=[ 5.41   3.82   4.17   0.00]  neighbors=[]
[36m(RolloutWorker pid=415916)[0m [comm] step=   2  agent_0  my_pos=(-4.500,-1.600)  candidates=[]  received=0/0
[36m(RolloutWorker pid=415916)[0m     (无有效邻居: 范围外/丢包/延迟填零)
[36m(RolloutWorker pid=415916)[0m [comm] step=   2  agent_1  my_pos=(-1.900,1.300)  candidates=[]  received=0/0
[36m(RolloutWorker pid=415916)[0m     (无有效邻居: 范围外/丢包/延迟填零)
[36m(RolloutWorker pid=415916)[0m [comm] step=   2  agent_2  my_pos=(1.300,2.850)  candidates=[]  received=0/0
[36m(RolloutWorker pid=415916)[0m     (无有效邻居: 范围外/丢包/延迟填零)
[36m(RolloutWorker pid=415916)[0m [comm] step=   2  agent_3  my_pos=(0.900,-1.300)  candidates=[]  received=0/0
[36m(RolloutWorker pid=415916)[0m     (无有效邻居: 范围外/丢包/延迟填零)
[36m(RolloutWorker pid=415916)[0m [graph] step=   3  comm_range=3.5m
[36m(RolloutWorker pid=415916)[0m   robot_0 pos=(-4.500,-1.600)
[36m(RolloutWorker pid=415916)[0m     adj=[1  0  0  0]  dist=[ 0.00   3.89   7.31   5.41]  neighbors=[]
[36m(RolloutWorker pid=415916)[0m   robot_1 pos=(-1.900, 1.300)
[36m(RolloutWorker pid=415916)[0m     adj=[0  1  0  0]  dist=[ 3.89   0.00   3.56   3.82]  neighbors=[]
[36m(RolloutWorker pid=415916)[0m   robot_2 pos=( 1.300, 2.850)
[36m(RolloutWorker pid=415916)[0m     adj=[0  0  1  0]  dist=[ 7.31   3.56   0.00   4.17]  neighbors=[]
[36m(RolloutWorker pid=415916)[0m   robot_3 pos=( 0.900,-1.300)
[36m(RolloutWorker pid=415916)[0m     adj=[0  0  0  1]  dist=[ 5.41   3.82   4.17   0.00]  neighbors=[]
[36m(RolloutWorker pid=415916)[0m [comm] step=   3  agent_0  my_pos=(-4.500,-1.600)  candidates=[]  received=0/0
[36m(RolloutWorker pid=415916)[0m     (无有效邻居: 范围外/丢包/延迟填零)
[36m(RolloutWorker pid=415916)[0m [comm] step=   3  agent_1  my_pos=(-1.900,1.300)  candidates=[]  received=0/0
[36m(RolloutWorker pid=415916)[0m     (无有效邻居: 范围外/丢包/延迟填零)
[36m(RolloutWorker pid=415916)[0m [comm] step=   3  agent_2  my_pos=(1.300,2.850)  candidates=[]  received=0/0
[36m(RolloutWorker pid=415916)[0m     (无有效邻居: 范围外/丢包/延迟填零)
[36m(RolloutWorker pid=415916)[0m [comm] step=   3  agent_3  my_pos=(0.900,-1.300)  candidates=[]  received=0/0
[36m(RolloutWorker pid=415916)[0m     (无有效邻居: 范围外/丢包/延迟填零)
[36m(RolloutWorker pid=415916)[0m ⚠️ Robot 0: 强制路线非法，回退随机安全采样 start=(4.80,0.20) goal=(-4.80,0.20)
[36m(RolloutWorker pid=415916)[0m 
[36m(RolloutWorker pid=415916)[0m ============================================================
[36m(RolloutWorker pid=415916)[0m 🏁 Episode 结束 (timeout)
[36m(RolloutWorker pid=415916)[0m    步数: 2000/2000
[36m(RolloutWorker pid=415916)[0m    完成: 0/4
[36m(RolloutWorker pid=415916)[0m ============================================================
[36m(RolloutWorker pid=415916)[0m 
[36m(RolloutWorker pid=415916)[0m ⚠️ Robot 3: 强制路线非法，回退随机安全采样 start=(-4.20,1.00) goal=(4.20,-1.00)
[36m(RolloutWorker pid=415916)[0m [graph] step=   0  comm_range=3.5m
[36m(RolloutWorker pid=415916)[0m   robot_0 pos=( 4.800, 0.200)
[36m(RolloutWorker pid=415916)[0m     adj=[1  0  1  0]  dist=[ 0.00   9.44   2.42   9.92]  neighbors=[2]
[36m(RolloutWorker pid=415916)[0m   robot_1 pos=(-4.500, 1.800)
[36m(RolloutWorker pid=415916)[0m     adj=[0  1  0  1]  dist=[ 9.44   0.00   8.32   2.33]  neighbors=[3]
[36m(RolloutWorker pid=415916)[0m   robot_2 pos=( 3.800, 2.400)
[36m(RolloutWorker pid=415916)[0m     adj=[1  0  1  0]  dist=[ 2.42   8.32   0.00   9.35]  neighbors=[0]
[36m(RolloutWorker pid=415916)[0m   robot_3 pos=(-5.100,-0.450)
[36m(RolloutWorker pid=415916)[0m     adj=[0  1  0  1]  dist=[ 9.92   2.33   9.35   0.00]  neighbors=[1]
[36m(RolloutWorker pid=415916)[0m [comm] step=   0  agent_0  my_pos=(4.800,0.200)  candidates=[np.int64(2)]  received=0/1
[36m(RolloutWorker pid=415916)[0m     (无有效邻居: 范围外/丢包/延迟填零)
[36m(RolloutWorker pid=415916)[0m [comm] step=   0  agent_1  my_pos=(-4.500,1.800)  candidates=[np.int64(3)]  received=1/1
[36m(RolloutWorker pid=415916)[0m     slot[0] dist=2.276m  n_pos=(-5.105,-0.394)  rel_pos=(-0.605,-2.194)
[36m(RolloutWorker pid=415916)[0m [comm] step=   0  agent_2  my_pos=(3.800,2.400)  candidates=[np.int64(0)]  received=1/1
[36m(RolloutWorker pid=415916)[0m     slot[0] dist=2.469m  n_pos=(4.779,0.133)  rel_pos=(0.979,-2.267)
[36m(RolloutWorker pid=415916)[0m [comm] step=   0  agent_3  my_pos=(-5.100,-0.450)  candidates=[np.int64(1)]  received=1/1
[36m(RolloutWorker pid=415916)[0m     slot[0] dist=2.380m  n_pos=(-4.473,1.845)  rel_pos=(0.627,2.295)
[36m(RolloutWorker pid=415916)[0m [graph] step=   1  comm_range=3.5m
[36m(RolloutWorker pid=415916)[0m   robot_0 pos=( 4.800, 0.200)
[36m(RolloutWorker pid=415916)[0m     adj=[1  0  1  0]  dist=[ 0.00   9.44   2.42   9.92]  neighbors=[2]
[36m(RolloutWorker pid=415916)[0m   robot_1 pos=(-4.500, 1.800)
[36m(RolloutWorker pid=415916)[0m     adj=[0  1  0  1]  dist=[ 9.44   0.00   8.32   2.33]  neighbors=[3]
[36m(RolloutWorker pid=415916)[0m   robot_2 pos=( 3.800, 2.400)
[36m(RolloutWorker pid=415916)[0m     adj=[1  0  1  0]  dist=[ 2.42   8.32   0.00   9.35]  neighbors=[0]
[36m(RolloutWorker pid=415916)[0m   robot_3 pos=(-5.100,-0.450)
[36m(RolloutWorker pid=415916)[0m     adj=[0  1  0  1]  dist=[ 9.92   2.33   9.35   0.00]  neighbors=[1]
[36m(RolloutWorker pid=415916)[0m [comm] step=   1  agent_0  my_pos=(4.800,0.200)  candidates=[np.int64(2)]  received=1/1
[36m(RolloutWorker pid=415916)[0m     slot[0] dist=2.413m  n_pos=(3.733,2.364)  rel_pos=(-1.067,2.164)
[36m(RolloutWorker pid=415916)[0m [comm] step=   1  agent_1  my_pos=(-4.500,1.800)  candidates=[np.int64(3)]  received=1/1
[36m(RolloutWorker pid=415916)[0m     slot[0] dist=2.356m  n_pos=(-5.060,-0.489)  rel_pos=(-0.560,-2.289)
[36m(RolloutWorker pid=415916)[0m [comm] step=   1  agent_2  my_pos=(3.800,2.400)  candidates=[np.int64(0)]  received=1/1
[36m(RolloutWorker pid=415916)[0m     slot[0] dist=2.512m  n_pos=(4.854,0.121)  rel_pos=(1.054,-2.279)
[36m(RolloutWorker pid=415916)[0m [comm] step=   1  agent_3  my_pos=(-5.100,-0.450)  candidates=[np.int64(1)]  received=1/1
[36m(RolloutWorker pid=415916)[0m     slot[0] dist=2.308m  n_pos=(-4.448,1.764)  rel_pos=(0.652,2.214)
[36m(RolloutWorker pid=415916)[0m [graph] step=   2  comm_range=3.5m
[36m(RolloutWorker pid=415916)[0m   robot_0 pos=( 4.800, 0.200)
[36m(RolloutWorker pid=415916)[0m     adj=[1  0  1  0]  dist=[ 0.00   9.44   2.42   9.92]  neighbors=[2]
[36m(RolloutWorker pid=415916)[0m   robot_1 pos=(-4.500, 1.800)
[36m(RolloutWorker pid=415916)[0m     adj=[0  1  0  1]  dist=[ 9.44   0.00   8.32   2.33]  neighbors=[3]
[36m(RolloutWorker pid=415916)[0m   robot_2 pos=( 3.800, 2.400)
[36m(RolloutWorker pid=415916)[0m     adj=[1  0  1  0]  dist=[ 2.42   8.32   0.00   9.35]  neighbors=[0]
[36m(RolloutWorker pid=415916)[0m   robot_3 pos=(-5.100,-0.450)
[36m(RolloutWorker pid=415916)[0m     adj=[0  1  0  1]  dist=[ 9.92   2.33   9.35   0.00]  neighbors=[1]
[36m(RolloutWorker pid=415916)[0m [comm] step=   2  agent_0  my_pos=(4.800,0.200)  candidates=[np.int64(2)]  received=1/1
[36m(RolloutWorker pid=415916)[0m     slot[0] dist=2.460m  n_pos=(3.754,2.427)  rel_pos=(-1.046,2.227)
[36m(RolloutWorker pid=415916)[0m [comm] step=   2  agent_1  my_pos=(-4.500,1.800)  candidates=[np.int64(3)]  received=1/1
[36m(RolloutWorker pid=415916)[0m     slot[0] dist=2.385m  n_pos=(-5.141,-0.498)  rel_pos=(-0.641,-2.298)
[36m(RolloutWorker pid=415916)[0m [comm] step=   2  agent_2  my_pos=(3.800,2.400)  candidates=[np.int64(0)]  received=1/1
[36m(RolloutWorker pid=415916)[0m     slot[0] dist=2.428m  n_pos=(4.876,0.224)  rel_pos=(1.076,-2.176)
[36m(RolloutWorker pid=415916)[0m [comm] step=   2  agent_3  my_pos=(-5.100,-0.450)  candidates=[np.int64(1)]  received=1/1
[36m(RolloutWorker pid=415916)[0m     slot[0] dist=2.298m  n_pos=(-4.541,1.779)  rel_pos=(0.559,2.229)
[36m(RolloutWorker pid=415916)[0m [graph] step=   3  comm_range=3.5m
[36m(RolloutWorker pid=415916)[0m   robot_0 pos=( 4.806, 0.205)
[36m(RolloutWorker pid=415916)[0m     adj=[1  0  1  0]  dist=[ 0.00   9.44   2.42   9.93]  neighbors=[2]
[36m(RolloutWorker pid=415916)[0m   robot_1 pos=(-4.493, 1.814)
[36m(RolloutWorker pid=415916)[0m     adj=[0  1  0  1]  dist=[ 9.44   0.00   8.31   2.35]  neighbors=[3]
[36m(RolloutWorker pid=415916)[0m   robot_2 pos=( 3.795, 2.403)
[36m(RolloutWorker pid=415916)[0m     adj=[1  0  1  0]  dist=[ 2.42   8.31   0.00   9.35]  neighbors=[0]
[36m(RolloutWorker pid=415916)[0m   robot_3 pos=(-5.102,-0.457)
[36m(RolloutWorker pid=415916)[0m     adj=[0  1  0  1]  dist=[ 9.93   2.35   9.35   0.00]  neighbors=[1]
[36m(RolloutWorker pid=415916)[0m [comm] step=   3  agent_0  my_pos=(4.806,0.205)  candidates=[np.int64(2)]  received=1/1
[36m(RolloutWorker pid=415916)[0m     slot[0] dist=2.381m  n_pos=(3.856,2.388)  rel_pos=(-0.950,2.183)
[36m(RolloutWorker pid=415916)[0m [comm] step=   3  agent_1  my_pos=(-4.493,1.814)  candidates=[np.int64(3)]  received=1/1
[36m(RolloutWorker pid=415916)[0m     slot[0] dist=2.244m  n_pos=(-5.078,-0.352)  rel_pos=(-0.585,-2.166)
[36m(RolloutWorker pid=415916)[0m [comm] step=   3  agent_2  my_pos=(3.795,2.403)  candidates=[np.int64(0)]  received=1/1
[36m(RolloutWorker pid=415916)[0m     slot[0] dist=2.369m  n_pos=(4.716,0.220)  rel_pos=(0.920,-2.183)
[36m(RolloutWorker pid=415916)[0m [comm] step=   3  agent_3  my_pos=(-5.102,-0.457)  candidates=[np.int64(1)]  received=1/1
[36m(RolloutWorker pid=415916)[0m     slot[0] dist=2.273m  n_pos=(-4.461,1.723)  rel_pos=(0.641,2.180)
[36m(RolloutWorker pid=415916)[0m ⚠️ Robot 3: 强制路线非法，回退随机安全采样 start=(3.80,2.40) goal=(-3.80,-2.40)
  [░░░░░░░░░░░░░░░░░░░░░░░░░░░░░░]   0.5%     5,000 / 1,000,000 步  回报 -370.17  ETA 33:42:36