[INFO] [launch]: All log files can be found below /home/wj/.ros/log/2026-06-08-23-32-04-104114-wj-Default-string-3347727
[INFO] [launch]: Default logging verbosity is set to INFO
[INFO] Loading world for TurtleBot3: /home/wj/work/multi-robot-exploration-rl/install/start_rl_environment_tb3/share/start_rl_environment_tb3/worlds/interaction_hub.world
[INFO] Spawning 4 TurtleBot3 robots on interaction_hub...
[INFO] Using random positions
[INFO] Using fixed positions for 4 robots
[INFO]   Robot 0: Robot 0 - west lower at (-5.10, -0.85)
[INFO]   Robot 1: Robot 1 - west upper at (-5.10, 0.85)
[INFO]   Robot 2: Robot 2 - east upper at (5.10, 0.85)
[INFO]   Robot 3: Robot 3 - east lower at (5.10, -0.85)
[spawn_robots] Created modified SDF for tb3_0 at /tmp/tb3_0_qen9598_.sdf
[spawn_robots] Created modified SDF for tb3_1 at /tmp/tb3_1_iyevt5x0.sdf
[spawn_robots] Created modified SDF for tb3_2 at /tmp/tb3_2_q6wttpj6.sdf
[spawn_robots] Created modified SDF for tb3_3 at /tmp/tb3_3_socjp4fj.sdf
[INFO] Map Server loading: /home/wj/work/multi-robot-exploration-rl/install/start_rl_environment_tb3/share/start_rl_environment_tb3/maps/interaction_hub.yaml
[INFO] [gzserver-1]: process started with pid [3347886]
[INFO] [gzclient-2]: process started with pid [3347888]
[INFO] [robot_state_publisher-3]: process started with pid [3347890]
[INFO] [spawn_entity.py-4]: process started with pid [3347892]
[INFO] [static_transform_publisher-5]: process started with pid [3347894]
[INFO] [robot_state_publisher-6]: process started with pid [3347896]
[INFO] [spawn_entity.py-7]: process started with pid [3347898]
[INFO] [static_transform_publisher-8]: process started with pid [3347900]
[INFO] [robot_state_publisher-9]: process started with pid [3347902]
[INFO] [spawn_entity.py-10]: process started with pid [3347904]
[INFO] [static_transform_publisher-11]: process started with pid [3347906]
[INFO] [robot_state_publisher-12]: process started with pid [3347909]
[INFO] [spawn_entity.py-13]: process started with pid [3347911]
[INFO] [static_transform_publisher-14]: process started with pid [3347918]
[INFO] [map_server-15]: process started with pid [3347921]
[INFO] [lifecycle_manager-16]: process started with pid [3347931]
[INFO] [rviz2-17]: process started with pid [3347946]
[INFO] [obstacle_mover.py-18]: process started with pid [3347951]
[static_transform_publisher-5] [WARN] [1780932724.998448661] []: Old-style arguments are deprecated; see --help for new-style arguments
[static_transform_publisher-8] [WARN] [1780932725.012136922] []: Old-style arguments are deprecated; see --help for new-style arguments
[static_transform_publisher-11] [WARN] [1780932725.007650410] []: Old-style arguments are deprecated; see --help for new-style arguments
[static_transform_publisher-14] [WARN] [1780932725.042320512] []: Old-style arguments are deprecated; see --help for new-style arguments
[robot_state_publisher-3] [INFO] [1780932725.042342863] [tb3_0.robot_state_publisher]: got segment base_footprint
[robot_state_publisher-3] [INFO] [1780932725.042501097] [tb3_0.robot_state_publisher]: got segment base_link
[robot_state_publisher-3] [INFO] [1780932725.042524112] [tb3_0.robot_state_publisher]: got segment base_scan
[robot_state_publisher-3] [INFO] [1780932725.042537423] [tb3_0.robot_state_publisher]: got segment caster_back_link
[robot_state_publisher-3] [INFO] [1780932725.042550085] [tb3_0.robot_state_publisher]: got segment imu_link
[robot_state_publisher-3] [INFO] [1780932725.042560878] [tb3_0.robot_state_publisher]: got segment wheel_left_link
[robot_state_publisher-3] [INFO] [1780932725.042571094] [tb3_0.robot_state_publisher]: got segment wheel_right_link
[static_transform_publisher-8] [INFO] [1780932725.043614517] [static_tf_tb3_1]: Spinning until stopped - publishing transform
[static_transform_publisher-8] translation: ('0.000000', '0.000000', '0.000000')
[static_transform_publisher-8] rotation: ('0.000000', '0.000000', '0.000000', '1.000000')
[static_transform_publisher-8] from 'map' to 'tb3_1/odom'
[static_transform_publisher-5] [INFO] [1780932725.045852348] [static_tf_tb3_0]: Spinning until stopped - publishing transform
[static_transform_publisher-5] translation: ('0.000000', '0.000000', '0.000000')
[static_transform_publisher-5] rotation: ('0.000000', '0.000000', '0.000000', '1.000000')
[static_transform_publisher-5] from 'map' to 'tb3_0/odom'
[robot_state_publisher-9] [INFO] [1780932725.056758834] [tb3_2.robot_state_publisher]: got segment base_footprint
[robot_state_publisher-9] [INFO] [1780932725.056928745] [tb3_2.robot_state_publisher]: got segment base_link
[robot_state_publisher-9] [INFO] [1780932725.056953627] [tb3_2.robot_state_publisher]: got segment base_scan
[robot_state_publisher-9] [INFO] [1780932725.056968021] [tb3_2.robot_state_publisher]: got segment caster_back_link
[robot_state_publisher-9] [INFO] [1780932725.056980364] [tb3_2.robot_state_publisher]: got segment imu_link
[robot_state_publisher-9] [INFO] [1780932725.056991316] [tb3_2.robot_state_publisher]: got segment wheel_left_link
[robot_state_publisher-9] [INFO] [1780932725.057003790] [tb3_2.robot_state_publisher]: got segment wheel_right_link
[static_transform_publisher-11] [INFO] [1780932725.057633792] [static_tf_tb3_2]: Spinning until stopped - publishing transform
[static_transform_publisher-11] translation: ('0.000000', '0.000000', '0.000000')
[static_transform_publisher-11] rotation: ('0.000000', '0.000000', '0.000000', '1.000000')
[static_transform_publisher-11] from 'map' to 'tb3_2/odom'
[robot_state_publisher-6] [INFO] [1780932725.078307179] [tb3_1.robot_state_publisher]: got segment base_footprint
[robot_state_publisher-6] [INFO] [1780932725.078662643] [tb3_1.robot_state_publisher]: got segment base_link
[robot_state_publisher-6] [INFO] [1780932725.078690703] [tb3_1.robot_state_publisher]: got segment base_scan
[robot_state_publisher-6] [INFO] [1780932725.078706294] [tb3_1.robot_state_publisher]: got segment caster_back_link
[robot_state_publisher-6] [INFO] [1780932725.078720156] [tb3_1.robot_state_publisher]: got segment imu_link
[robot_state_publisher-6] [INFO] [1780932725.078732805] [tb3_1.robot_state_publisher]: got segment wheel_left_link
[robot_state_publisher-6] [INFO] [1780932725.078746057] [tb3_1.robot_state_publisher]: got segment wheel_right_link
[static_transform_publisher-14] [INFO] [1780932725.080125733] [static_tf_tb3_3]: Spinning until stopped - publishing transform
[static_transform_publisher-14] translation: ('0.000000', '0.000000', '0.000000')
[static_transform_publisher-14] rotation: ('0.000000', '0.000000', '0.000000', '1.000000')
[static_transform_publisher-14] from 'map' to 'tb3_3/odom'
[lifecycle_manager-16] [INFO] [1780932725.082649106] [lifecycle_manager_map]: Creating
[robot_state_publisher-12] [INFO] [1780932725.097057804] [tb3_3.robot_state_publisher]: got segment base_footprint
[robot_state_publisher-12] [INFO] [1780932725.097241618] [tb3_3.robot_state_publisher]: got segment base_link
[robot_state_publisher-12] [INFO] [1780932725.097264315] [tb3_3.robot_state_publisher]: got segment base_scan
[robot_state_publisher-12] [INFO] [1780932725.097276842] [tb3_3.robot_state_publisher]: got segment caster_back_link
[robot_state_publisher-12] [INFO] [1780932725.097288766] [tb3_3.robot_state_publisher]: got segment imu_link
[robot_state_publisher-12] [INFO] [1780932725.097299781] [tb3_3.robot_state_publisher]: got segment wheel_left_link
[robot_state_publisher-12] [INFO] [1780932725.097310493] [tb3_3.robot_state_publisher]: got segment wheel_right_link
[map_server-15] [INFO] [1780932725.099409710] [map_server]: 
[map_server-15] 	map_server lifecycle node launched. 
[map_server-15] 	Waiting on external lifecycle transitions to activate
[map_server-15] 	See https://design.ros2.org/articles/node_lifecycle.html for more information.
[map_server-15] [INFO] [1780932725.099615781] [map_server]: Creating
[lifecycle_manager-16] [INFO] [1780932725.101410490] [lifecycle_manager_map]: [34m[1mCreating and initializing lifecycle service clients[0m[0m
[lifecycle_manager-16] [INFO] [1780932725.109294747] [lifecycle_manager_map]: [34m[1mStarting managed nodes bringup...[0m[0m
[lifecycle_manager-16] [INFO] [1780932725.109353520] [lifecycle_manager_map]: [34m[1mConfiguring map_server[0m[0m
[map_server-15] [INFO] [1780932725.109678068] [map_server]: Configuring
[map_server-15] [INFO] [1780932725.109774342] [map_io]: Loading yaml file: /home/wj/work/multi-robot-exploration-rl/install/start_rl_environment_tb3/share/start_rl_environment_tb3/maps/interaction_hub.yaml
[map_server-15] [INFO] [1780932725.110057663] [map_io]: resolution: 0.05
[map_server-15] [INFO] [1780932725.110070351] [map_io]: origin[0]: -6
[map_server-15] [INFO] [1780932725.110082536] [map_io]: origin[1]: -6
[map_server-15] [INFO] [1780932725.110087904] [map_io]: origin[2]: 0
[map_server-15] [INFO] [1780932725.110093120] [map_io]: free_thresh: 0.196
[map_server-15] [INFO] [1780932725.110098283] [map_io]: occupied_thresh: 0.65
[map_server-15] [INFO] [1780932725.110104292] [map_io]: mode: trinary
[map_server-15] [INFO] [1780932725.110221704] [map_io]: negate: 0
[map_server-15] [INFO] [1780932725.110447864] [map_io]: Loading image_file: /home/wj/work/multi-robot-exploration-rl/install/start_rl_environment_tb3/share/start_rl_environment_tb3/maps/interaction_hub.pgm
[map_server-15] [INFO] [1780932725.119722221] [map_io]: Read map /home/wj/work/multi-robot-exploration-rl/install/start_rl_environment_tb3/share/start_rl_environment_tb3/maps/interaction_hub.pgm: 240 X 240 map @ 0.05 m/cell
[lifecycle_manager-16] [INFO] [1780932725.128726071] [lifecycle_manager_map]: [34m[1mActivating map_server[0m[0m
[map_server-15] [INFO] [1780932725.128907233] [map_server]: Activating
[map_server-15] [INFO] [1780932725.129150176] [map_server]: Creating bond (map_server) to lifecycle manager.
[lifecycle_manager-16] [INFO] [1780932725.238453884] [lifecycle_manager_map]: Server map_server connected with bond.
[lifecycle_manager-16] [INFO] [1780932725.238513571] [lifecycle_manager_map]: [34m[1mManaged nodes are active[0m[0m
[lifecycle_manager-16] [INFO] [1780932725.238532137] [lifecycle_manager_map]: [34m[1mCreating bond timer...[0m[0m
[spawn_entity.py-4] [INFO] [1780932725.694141926] [tb3_0.spawn_entity]: Spawn Entity started
[spawn_entity.py-4] [INFO] [1780932725.694699163] [tb3_0.spawn_entity]: Loading entity XML from file /tmp/tb3_0_qen9598_.sdf
[spawn_entity.py-4] [INFO] [1780932725.695737188] [tb3_0.spawn_entity]: Waiting for service /spawn_entity, timeout = 30
[spawn_entity.py-4] [INFO] [1780932725.696159629] [tb3_0.spawn_entity]: Waiting for service /spawn_entity
[spawn_entity.py-10] [INFO] [1780932725.711545339] [tb3_2.spawn_entity]: Spawn Entity started
[spawn_entity.py-10] [INFO] [1780932725.712008000] [tb3_2.spawn_entity]: Loading entity XML from file /tmp/tb3_2_q6wttpj6.sdf
[spawn_entity.py-10] [INFO] [1780932725.712857585] [tb3_2.spawn_entity]: Waiting for service /spawn_entity, timeout = 30
[spawn_entity.py-10] [INFO] [1780932725.713207027] [tb3_2.spawn_entity]: Waiting for service /spawn_entity
[spawn_entity.py-7] [INFO] [1780932725.734655511] [tb3_1.spawn_entity]: Spawn Entity started
[spawn_entity.py-7] [INFO] [1780932725.735373575] [tb3_1.spawn_entity]: Loading entity XML from file /tmp/tb3_1_iyevt5x0.sdf
[spawn_entity.py-7] [INFO] [1780932725.736729950] [tb3_1.spawn_entity]: Waiting for service /spawn_entity, timeout = 30
[spawn_entity.py-7] [INFO] [1780932725.737405677] [tb3_1.spawn_entity]: Waiting for service /spawn_entity
[spawn_entity.py-13] [INFO] [1780932725.751614304] [tb3_3.spawn_entity]: Spawn Entity started
[spawn_entity.py-13] [INFO] [1780932725.752390260] [tb3_3.spawn_entity]: Loading entity XML from file /tmp/tb3_3_socjp4fj.sdf
[spawn_entity.py-13] [INFO] [1780932725.753700448] [tb3_3.spawn_entity]: Waiting for service /spawn_entity, timeout = 30
[spawn_entity.py-13] [INFO] [1780932725.754110853] [tb3_3.spawn_entity]: Waiting for service /spawn_entity
[rviz2-17] [INFO] [1780932726.217209954] [rviz2]: Stereo is NOT SUPPORTED
[rviz2-17] [INFO] [1780932726.217463164] [rviz2]: OpenGl version: 4.6 (GLSL 4.6)
[rviz2-17] [INFO] [1780932726.360328145] [rviz2]: Stereo is NOT SUPPORTED
[gzserver-1] [WARN] [1780932727.559244329] [rcl]: Found remap rule 'model_states:=model_states_demo'. This syntax is deprecated. Use '--ros-args --remap model_states:=model_states_demo' instead.
[gzserver-1] [INFO] [1780932727.578723334] [gazebo_ros_state]: Publishing states of gazebo models at [/model_states_demo]
[gzserver-1] [INFO] [1780932727.580341307] [gazebo_ros_state]: Publishing states of gazebo links at [/link_states]
[obstacle_mover.py-18] [INFO] [1780932727.653927614] [obstacle_mover]: [obstacle_mover] map=6  0 个障碍物  速度=0.000 m/s (scale×0.0)  30 Hz  随机游走模式
[obstacle_mover.py-18] [INFO] [1780932727.655998073] [obstacle_mover]: [obstacle_mover] ✅ dyn_obs_0~dyn_obs_7 已下沉至 z=-10.0
[spawn_entity.py-4] [INFO] [1780932727.704489201] [tb3_0.spawn_entity]: Calling service /spawn_entity
[spawn_entity.py-10] [INFO] [1780932727.720953140] [tb3_2.spawn_entity]: Calling service /spawn_entity
[spawn_entity.py-7] [INFO] [1780932727.746102955] [tb3_1.spawn_entity]: Calling service /spawn_entity
[spawn_entity.py-13] [INFO] [1780932727.763130282] [tb3_3.spawn_entity]: Calling service /spawn_entity
[gzserver-1] [INFO] [1780932727.921236342] [tb3_0.turtlebot3_imu]: <initial_orientation_as_reference> is unset, using default value of false to comply with REP 145 (world as orientation reference)
[spawn_entity.py-4] [INFO] [1780932728.027869241] [tb3_0.spawn_entity]: Spawn status: SpawnEntity: Successfully spawned entity [tb3_0]
[gzserver-1] [INFO] [1780932728.167993501] [tb3_0.turtlebot3_diff_drive]: Wheel pair 1 separation set to [0.160000m]
[gzserver-1] [INFO] [1780932728.168063881] [tb3_0.turtlebot3_diff_drive]: Wheel pair 1 diameter set to [0.066000m]
[gzserver-1] [INFO] [1780932728.170233153] [tb3_0.turtlebot3_diff_drive]: Subscribed to [/tb3_0/cmd_vel]
[gzserver-1] [INFO] [1780932728.174401152] [tb3_0.turtlebot3_diff_drive]: Advertise odometry on [/tb3_0/odom]
[gzserver-1] [INFO] [1780932728.179853670] [tb3_0.turtlebot3_diff_drive]: Publishing odom transforms between [tb3_0/odom] and [tb3_0/base_footprint]
[gzserver-1] [INFO] [1780932728.205157013] [tb3_0.turtlebot3_joint_state]: Going to publish joint [wheel_left_joint]
[gzserver-1] [INFO] [1780932728.205221721] [tb3_0.turtlebot3_joint_state]: Going to publish joint [wheel_right_joint]
[INFO] [spawn_entity.py-4]: process has finished cleanly [pid 3347892]
[gzserver-1] [INFO] [1780932728.533691361] [tb3_2.turtlebot3_imu]: <initial_orientation_as_reference> is unset, using default value of false to comply with REP 145 (world as orientation reference)
[spawn_entity.py-10] [INFO] [1780932728.672180730] [tb3_2.spawn_entity]: Spawn status: SpawnEntity: Successfully spawned entity [tb3_2]
[gzserver-1] [INFO] [1780932728.786754108] [tb3_2.turtlebot3_diff_drive]: Wheel pair 1 separation set to [0.160000m]
[gzserver-1] [INFO] [1780932728.786842525] [tb3_2.turtlebot3_diff_drive]: Wheel pair 1 diameter set to [0.066000m]
[gzserver-1] [INFO] [1780932728.787833452] [tb3_2.turtlebot3_diff_drive]: Subscribed to [/tb3_2/cmd_vel]
[gzserver-1] [INFO] [1780932728.789143712] [tb3_2.turtlebot3_diff_drive]: Advertise odometry on [/tb3_2/odom]
[gzserver-1] [INFO] [1780932728.791450661] [tb3_2.turtlebot3_diff_drive]: Publishing odom transforms between [tb3_2/odom] and [tb3_2/base_footprint]
[gzserver-1] [INFO] [1780932728.808539875] [tb3_2.turtlebot3_joint_state]: Going to publish joint [wheel_left_joint]
[gzserver-1] [INFO] [1780932728.808606620] [tb3_2.turtlebot3_joint_state]: Going to publish joint [wheel_right_joint]
[INFO] [spawn_entity.py-10]: process has finished cleanly [pid 3347904]
[gzserver-1] [INFO] [1780932729.170091294] [tb3_1.turtlebot3_imu]: <initial_orientation_as_reference> is unset, using default value of false to comply with REP 145 (world as orientation reference)
[spawn_entity.py-7] [INFO] [1780932729.298490695] [tb3_1.spawn_entity]: Spawn status: SpawnEntity: Successfully spawned entity [tb3_1]
[gzserver-1] [INFO] [1780932729.410091620] [tb3_1.turtlebot3_diff_drive]: Wheel pair 1 separation set to [0.160000m]
[gzserver-1] [INFO] [1780932729.410211349] [tb3_1.turtlebot3_diff_drive]: Wheel pair 1 diameter set to [0.066000m]
[gzserver-1] [INFO] [1780932729.411862320] [tb3_1.turtlebot3_diff_drive]: Subscribed to [/tb3_1/cmd_vel]
[gzserver-1] [INFO] [1780932729.413201223] [tb3_1.turtlebot3_diff_drive]: Advertise odometry on [/tb3_1/odom]
[gzserver-1] [INFO] [1780932729.416633171] [tb3_1.turtlebot3_diff_drive]: Publishing odom transforms between [tb3_1/odom] and [tb3_1/base_footprint]
[gzserver-1] [INFO] [1780932729.434386050] [tb3_1.turtlebot3_joint_state]: Going to publish joint [wheel_left_joint]
[gzserver-1] [INFO] [1780932729.434492678] [tb3_1.turtlebot3_joint_state]: Going to publish joint [wheel_right_joint]
[INFO] [spawn_entity.py-7]: process has finished cleanly [pid 3347898]
[gzserver-1] [INFO] [1780932729.743751220] [tb3_3.turtlebot3_imu]: <initial_orientation_as_reference> is unset, using default value of false to comply with REP 145 (world as orientation reference)
[spawn_entity.py-13] [INFO] [1780932729.859922680] [tb3_3.spawn_entity]: Spawn status: SpawnEntity: Successfully spawned entity [tb3_3]
[gzserver-1] [INFO] [1780932729.973156675] [tb3_3.turtlebot3_diff_drive]: Wheel pair 1 separation set to [0.160000m]
[gzserver-1] [INFO] [1780932729.973269289] [tb3_3.turtlebot3_diff_drive]: Wheel pair 1 diameter set to [0.066000m]
[gzserver-1] [INFO] [1780932729.974799872] [tb3_3.turtlebot3_diff_drive]: Subscribed to [/tb3_3/cmd_vel]
[gzserver-1] [INFO] [1780932729.976048376] [tb3_3.turtlebot3_diff_drive]: Advertise odometry on [/tb3_3/odom]
[gzserver-1] [INFO] [1780932729.978461997] [tb3_3.turtlebot3_diff_drive]: Publishing odom transforms between [tb3_3/odom] and [tb3_3/base_footprint]
[gzserver-1] [INFO] [1780932729.991473313] [tb3_3.turtlebot3_joint_state]: Going to publish joint [wheel_left_joint]
[gzserver-1] [INFO] [1780932729.991539423] [tb3_3.turtlebot3_joint_state]: Going to publish joint [wheel_right_joint]
[INFO] [spawn_entity.py-13]: process has finished cleanly [pid 3347911]
[rviz2-17] [INFO] [1780932739.699292005] [rviz2]: Message Filter dropping message: frame 'tb3_2/base_scan' at time 0.390 for reason 'the timestamp on the message is earlier than all the data in the transform cache'
[rviz2-17] [INFO] [1780932739.900407686] [rviz2]: Message Filter dropping message: frame 'tb3_1/base_scan' at time 0.590 for reason 'the timestamp on the message is earlier than all the data in the transform cache'
[rviz2-17] [INFO] [1780932740.099651537] [rviz2]: Message Filter dropping message: frame 'tb3_3/base_scan' at time 0.788 for reason 'the timestamp on the message is earlier than all the data in the transform cache'
[gzclient-2] 
[gzclient-2] libcurl: (56) OpenSSL SSL_read: error:0A000126:SSL routines::unexpected eof while reading, errno 0
