[INFO] [launch]: All log files can be found below /home/wj/.ros/log/2026-04-16-21-16-46-080572-wj-Default-string-3581941
[INFO] [launch]: Default logging verbosity is set to INFO
[INFO] Loading world (HEADLESS): /home/wj/work/multi-robot-exploration-rl/install/start_rl_environment_tb3/share/start_rl_environment_tb3/worlds/corridor_swap.world
[INFO] Using GAZEBO_MASTER_URI: http://127.0.0.1:11655
[INFO] Spawning 4 TurtleBot3 robots on corridor_swap...
[INFO] Using random positions
[INFO] Using fixed positions for 4 robots
[INFO]   Robot 0: Robot 0 - 左侧中间 at (-4.50, 0.00)
[INFO]   Robot 1: Robot 1 - 右侧中间 at (4.50, 0.00)
[INFO]   Robot 2: Robot 2 - 左下 at (-4.50, -3.00)
[INFO]   Robot 3: Robot 3 - 左上 at (-4.50, 3.00)
[spawn_robots] Created modified SDF for tb3_0 at /tmp/tb3_0_0xtd_rya.sdf
[spawn_robots] Created modified SDF for tb3_1 at /tmp/tb3_1_xapm_qpn.sdf
[spawn_robots] Created modified SDF for tb3_2 at /tmp/tb3_2_sk0iwyr5.sdf
[spawn_robots] Created modified SDF for tb3_3 at /tmp/tb3_3_5a80zpdx.sdf
[INFO] Map Server loading: /home/wj/work/multi-robot-exploration-rl/install/start_rl_environment_tb3/share/start_rl_environment_tb3/maps/corridor_swap.yaml
[INFO] [gzserver-1]: process started with pid [3582007]
[INFO] [robot_state_publisher-2]: process started with pid [3582010]
[INFO] [spawn_entity.py-3]: process started with pid [3582015]
[INFO] [static_transform_publisher-4]: process started with pid [3582017]
[INFO] [robot_state_publisher-5]: process started with pid [3582019]
[INFO] [spawn_entity.py-6]: process started with pid [3582021]
[INFO] [static_transform_publisher-7]: process started with pid [3582023]
[INFO] [robot_state_publisher-8]: process started with pid [3582025]
[INFO] [spawn_entity.py-9]: process started with pid [3582027]
[INFO] [static_transform_publisher-10]: process started with pid [3582029]
[INFO] [robot_state_publisher-11]: process started with pid [3582031]
[INFO] [spawn_entity.py-12]: process started with pid [3582035]
[INFO] [static_transform_publisher-13]: process started with pid [3582046]
[INFO] [map_server-14]: process started with pid [3582057]
[INFO] [lifecycle_manager-15]: process started with pid [3582067]
[INFO] [rviz2-16]: process started with pid [3582075]
[INFO] [obstacle_mover.py-17]: process started with pid [3582083]
[static_transform_publisher-4] [WARN] [1776345406.344646399] []: Old-style arguments are deprecated; see --help for new-style arguments
[static_transform_publisher-7] [WARN] [1776345406.348612345] []: Old-style arguments are deprecated; see --help for new-style arguments
[static_transform_publisher-10] [WARN] [1776345406.364081731] []: Old-style arguments are deprecated; see --help for new-style arguments
[static_transform_publisher-13] [WARN] [1776345406.377627709] []: Old-style arguments are deprecated; see --help for new-style arguments
[static_transform_publisher-7] [INFO] [1776345406.389855216] [static_tf_tb3_1]: Spinning until stopped - publishing transform
[static_transform_publisher-7] translation: ('0.000000', '0.000000', '0.000000')
[static_transform_publisher-7] rotation: ('0.000000', '0.000000', '0.000000', '1.000000')
[static_transform_publisher-7] from 'map' to 'tb3_1/odom'
[static_transform_publisher-10] [INFO] [1776345406.393644718] [static_tf_tb3_2]: Spinning until stopped - publishing transform
[static_transform_publisher-10] translation: ('0.000000', '0.000000', '0.000000')
[static_transform_publisher-10] rotation: ('0.000000', '0.000000', '0.000000', '1.000000')
[static_transform_publisher-10] from 'map' to 'tb3_2/odom'
[robot_state_publisher-5] [INFO] [1776345406.406676614] [tb3_1.robot_state_publisher]: got segment base_footprint
[robot_state_publisher-5] [INFO] [1776345406.406876835] [tb3_1.robot_state_publisher]: got segment base_link
[robot_state_publisher-5] [INFO] [1776345406.406900443] [tb3_1.robot_state_publisher]: got segment base_scan
[robot_state_publisher-5] [INFO] [1776345406.406913621] [tb3_1.robot_state_publisher]: got segment caster_back_link
[robot_state_publisher-5] [INFO] [1776345406.406925192] [tb3_1.robot_state_publisher]: got segment imu_link
[robot_state_publisher-5] [INFO] [1776345406.406935559] [tb3_1.robot_state_publisher]: got segment wheel_left_link
[robot_state_publisher-5] [INFO] [1776345406.406946892] [tb3_1.robot_state_publisher]: got segment wheel_right_link
[static_transform_publisher-4] [INFO] [1776345406.409446564] [static_tf_tb3_0]: Spinning until stopped - publishing transform
[static_transform_publisher-4] translation: ('0.000000', '0.000000', '0.000000')
[static_transform_publisher-4] rotation: ('0.000000', '0.000000', '0.000000', '1.000000')
[static_transform_publisher-4] from 'map' to 'tb3_0/odom'
[robot_state_publisher-8] [INFO] [1776345406.416746537] [tb3_2.robot_state_publisher]: got segment base_footprint
[robot_state_publisher-8] [INFO] [1776345406.416922115] [tb3_2.robot_state_publisher]: got segment base_link
[robot_state_publisher-8] [INFO] [1776345406.416943495] [tb3_2.robot_state_publisher]: got segment base_scan
[robot_state_publisher-8] [INFO] [1776345406.416955100] [tb3_2.robot_state_publisher]: got segment caster_back_link
[robot_state_publisher-8] [INFO] [1776345406.416966385] [tb3_2.robot_state_publisher]: got segment imu_link
[robot_state_publisher-8] [INFO] [1776345406.416977337] [tb3_2.robot_state_publisher]: got segment wheel_left_link
[robot_state_publisher-8] [INFO] [1776345406.416988187] [tb3_2.robot_state_publisher]: got segment wheel_right_link
[robot_state_publisher-2] [INFO] [1776345406.431020533] [tb3_0.robot_state_publisher]: got segment base_footprint
[lifecycle_manager-15] [INFO] [1776345406.437830916] [lifecycle_manager_map]: Creating
[robot_state_publisher-2] [INFO] [1776345406.440381874] [tb3_0.robot_state_publisher]: got segment base_link
[robot_state_publisher-2] [INFO] [1776345406.440416859] [tb3_0.robot_state_publisher]: got segment base_scan
[robot_state_publisher-2] [INFO] [1776345406.440429640] [tb3_0.robot_state_publisher]: got segment caster_back_link
[robot_state_publisher-2] [INFO] [1776345406.440440564] [tb3_0.robot_state_publisher]: got segment imu_link
[robot_state_publisher-2] [INFO] [1776345406.440450200] [tb3_0.robot_state_publisher]: got segment wheel_left_link
[robot_state_publisher-2] [INFO] [1776345406.440459799] [tb3_0.robot_state_publisher]: got segment wheel_right_link
[static_transform_publisher-13] [INFO] [1776345406.447000041] [static_tf_tb3_3]: Spinning until stopped - publishing transform
[static_transform_publisher-13] translation: ('0.000000', '0.000000', '0.000000')
[static_transform_publisher-13] rotation: ('0.000000', '0.000000', '0.000000', '1.000000')
[static_transform_publisher-13] from 'map' to 'tb3_3/odom'
[lifecycle_manager-15] [INFO] [1776345406.447329675] [lifecycle_manager_map]: [34m[1mCreating and initializing lifecycle service clients[0m[0m
[lifecycle_manager-15] [INFO] [1776345406.467001322] [lifecycle_manager_map]: [34m[1mStarting managed nodes bringup...[0m[0m
[lifecycle_manager-15] [INFO] [1776345406.467066281] [lifecycle_manager_map]: [34m[1mConfiguring map_server[0m[0m
[map_server-14] [INFO] [1776345406.473979873] [map_server]: 
[map_server-14] 	map_server lifecycle node launched. 
[map_server-14] 	Waiting on external lifecycle transitions to activate
[map_server-14] 	See https://design.ros2.org/articles/node_lifecycle.html for more information.
[map_server-14] [INFO] [1776345406.474252246] [map_server]: Creating
[map_server-14] [INFO] [1776345406.475966802] [map_server]: Configuring
[map_server-14] [INFO] [1776345406.476061011] [map_io]: Loading yaml file: /home/wj/work/multi-robot-exploration-rl/install/start_rl_environment_tb3/share/start_rl_environment_tb3/maps/corridor_swap.yaml
[map_server-14] [INFO] [1776345406.476569013] [map_io]: resolution: 0.05
[map_server-14] [INFO] [1776345406.476587784] [map_io]: origin[0]: -6
[map_server-14] [INFO] [1776345406.476657707] [map_io]: origin[1]: -6
[map_server-14] [INFO] [1776345406.476693894] [map_io]: origin[2]: 0
[map_server-14] [INFO] [1776345406.476702786] [map_io]: free_thresh: 0.196
[map_server-14] [INFO] [1776345406.476711352] [map_io]: occupied_thresh: 0.65
[map_server-14] [INFO] [1776345406.476722015] [map_io]: mode: trinary
[map_server-14] [INFO] [1776345406.476731735] [map_io]: negate: 0
[map_server-14] [INFO] [1776345406.477013809] [map_io]: Loading image_file: /home/wj/work/multi-robot-exploration-rl/install/start_rl_environment_tb3/share/start_rl_environment_tb3/maps/corridor_swap.pgm
[robot_state_publisher-11] [INFO] [1776345406.488269381] [tb3_3.robot_state_publisher]: got segment base_footprint
[robot_state_publisher-11] [INFO] [1776345406.488540288] [tb3_3.robot_state_publisher]: got segment base_link
[robot_state_publisher-11] [INFO] [1776345406.488564894] [tb3_3.robot_state_publisher]: got segment base_scan
[robot_state_publisher-11] [INFO] [1776345406.488578441] [tb3_3.robot_state_publisher]: got segment caster_back_link
[robot_state_publisher-11] [INFO] [1776345406.488590081] [tb3_3.robot_state_publisher]: got segment imu_link
[robot_state_publisher-11] [INFO] [1776345406.488601253] [tb3_3.robot_state_publisher]: got segment wheel_left_link
[robot_state_publisher-11] [INFO] [1776345406.488612175] [tb3_3.robot_state_publisher]: got segment wheel_right_link
[map_server-14] [INFO] [1776345406.490594120] [map_io]: Read map /home/wj/work/multi-robot-exploration-rl/install/start_rl_environment_tb3/share/start_rl_environment_tb3/maps/corridor_swap.pgm: 240 X 240 map @ 0.05 m/cell
[lifecycle_manager-15] [INFO] [1776345406.503914008] [lifecycle_manager_map]: [34m[1mActivating map_server[0m[0m
[map_server-14] [INFO] [1776345406.504073799] [map_server]: Activating
[map_server-14] [INFO] [1776345406.504452899] [map_server]: Creating bond (map_server) to lifecycle manager.
[lifecycle_manager-15] [INFO] [1776345406.610121773] [lifecycle_manager_map]: Server map_server connected with bond.
[lifecycle_manager-15] [INFO] [1776345406.610168578] [lifecycle_manager_map]: [34m[1mManaged nodes are active[0m[0m
[lifecycle_manager-15] [INFO] [1776345406.610181276] [lifecycle_manager_map]: [34m[1mCreating bond timer...[0m[0m
[gzserver-1] Gazebo multi-robot simulator, version 11.10.2
[gzserver-1] Copyright (C) 2012 Open Source Robotics Foundation.
[gzserver-1] Released under the Apache 2 License.
[gzserver-1] http://gazebosim.org
[gzserver-1] 
[spawn_entity.py-9] [INFO] [1776345407.150993229] [tb3_2.spawn_entity]: Spawn Entity started
[spawn_entity.py-9] [INFO] [1776345407.151737389] [tb3_2.spawn_entity]: Loading entity XML from file /tmp/tb3_2_sk0iwyr5.sdf
[spawn_entity.py-9] [INFO] [1776345407.153203780] [tb3_2.spawn_entity]: Waiting for service /spawn_entity, timeout = 30
[spawn_entity.py-9] [INFO] [1776345407.153992857] [tb3_2.spawn_entity]: Waiting for service /spawn_entity
[spawn_entity.py-6] [INFO] [1776345407.164431317] [tb3_1.spawn_entity]: Spawn Entity started
[spawn_entity.py-6] [INFO] [1776345407.164852017] [tb3_1.spawn_entity]: Loading entity XML from file /tmp/tb3_1_xapm_qpn.sdf
[spawn_entity.py-6] [INFO] [1776345407.165863883] [tb3_1.spawn_entity]: Waiting for service /spawn_entity, timeout = 30
[spawn_entity.py-6] [INFO] [1776345407.166331552] [tb3_1.spawn_entity]: Waiting for service /spawn_entity
[spawn_entity.py-3] [INFO] [1776345407.205605111] [tb3_0.spawn_entity]: Spawn Entity started
[spawn_entity.py-3] [INFO] [1776345407.206338150] [tb3_0.spawn_entity]: Loading entity XML from file /tmp/tb3_0_0xtd_rya.sdf
[spawn_entity.py-3] [INFO] [1776345407.207706314] [tb3_0.spawn_entity]: Waiting for service /spawn_entity, timeout = 30
[spawn_entity.py-3] [INFO] [1776345407.208322462] [tb3_0.spawn_entity]: Waiting for service /spawn_entity
[spawn_entity.py-12] [INFO] [1776345407.211021275] [tb3_3.spawn_entity]: Spawn Entity started
[spawn_entity.py-12] [INFO] [1776345407.211450710] [tb3_3.spawn_entity]: Loading entity XML from file /tmp/tb3_3_5a80zpdx.sdf
[spawn_entity.py-12] [INFO] [1776345407.212317842] [tb3_3.spawn_entity]: Waiting for service /spawn_entity, timeout = 30
[spawn_entity.py-12] [INFO] [1776345407.212746918] [tb3_3.spawn_entity]: Waiting for service /spawn_entity
[gzserver-1] [1;33m[Wrn] [gazebo_ros_init.cpp:178] [0m[1;33m
[gzserver-1] #     # ####### ####### ###  #####  #######
[gzserver-1] ##    # #     #    #     #  #     # #
[gzserver-1] # #   # #     #    #     #  #       #
[gzserver-1] #  #  # #     #    #     #  #       #####
[gzserver-1] #   # # #     #    #     #  #       #
[gzserver-1] #    ## #     #    #     #  #     # #
[gzserver-1] #     # #######    #    ###  #####  #######
[gzserver-1] 
[gzserver-1] This version of Gazebo, now called Gazebo classic, reaches end-of-life
[gzserver-1] in January 2025. Users are highly encouraged to migrate to the new Gazebo
[gzserver-1] using our migration guides (https://gazebosim.org/docs/latest/gazebo_classic_migration?utm_source=gazebo_ros_pkgs&utm_medium=cli)
[gzserver-1] 
[gzserver-1] [0m[1;33m
[gzserver-1] [1;32m[Msg] [0m[1;32mWaiting for master.[0m[1;32m
[gzserver-1] [0m[1;32m[0m[1;32m[0m[1;32m[Msg] [0m[1;32mConnected to gazebo master @ [0m[1;32mhttp://127.0.0.1:11655[0m[1;32m
[gzserver-1] [0m[1;32m[0m[1;32m[0m[1;32m[Msg] [0m[1;32mPublicized address: [0m[1;32m172.19.10.153[0m[1;32m
[rviz2-16] [INFO] [1776345407.831272462] [rviz2]: Stereo is NOT SUPPORTED
[rviz2-16] [INFO] [1776345407.831369400] [rviz2]: OpenGl version: 4.6 (GLSL 4.6)
[rviz2-16] [INFO] [1776345407.946793098] [rviz2]: Stereo is NOT SUPPORTED
[gzserver-1] [0m[1;32m[0m[1;32m[0m[1;32m[Msg] [0m[1;32mLoading world file [[0m[1;32m/home/wj/work/multi-robot-exploration-rl/install/start_rl_environment_tb3/share/start_rl_environment_tb3/worlds/corridor_swap.world[0m[1;32m][0m[1;32m
[spawn_entity.py-3] [INFO] [1776345408.716687616] [tb3_0.spawn_entity]: Calling service /spawn_entity
[spawn_entity.py-12] [INFO] [1776345408.719620407] [tb3_3.spawn_entity]: Calling service /spawn_entity
[gzserver-1] [0m[1;33m[0m[1;33m[0m[WARN] [1776345408.721939316] [rcl]: Found remap rule 'model_states:=model_states_demo'. This syntax is deprecated. Use '--ros-args --remap model_states:=model_states_demo' instead.
[gzserver-1] [INFO] [1776345408.739310558] [gazebo_ros_state]: Publishing states of gazebo models at [/model_states_demo]
[gzserver-1] [INFO] [1776345408.740417440] [gazebo_ros_state]: Publishing states of gazebo links at [/link_states]
[obstacle_mover.py-17] [INFO] [1776345408.868537476] [obstacle_mover]: [obstacle_mover] map=3  4 个障碍物  速度=0.110 m/s (scale×1.0)  30 Hz  随机游走模式
[obstacle_mover.py-17] [INFO] [1776345408.870862418] [obstacle_mover]: [obstacle_mover] ✅ dyn_obs_4~dyn_obs_7 已下沉至 z=-10.0
[spawn_entity.py-9] [INFO] [1776345408.913727279] [tb3_2.spawn_entity]: Calling service /spawn_entity
[spawn_entity.py-6] [INFO] [1776345408.923258268] [tb3_1.spawn_entity]: Calling service /spawn_entity
[gzserver-1] [INFO] [1776345409.069313349] [tb3_0.turtlebot3_imu]: <initial_orientation_as_reference> is unset, using default value of false to comply with REP 145 (world as orientation reference)
[spawn_entity.py-3] [INFO] [1776345409.235743415] [tb3_0.spawn_entity]: Spawn status: SpawnEntity: Successfully spawned entity [tb3_0]
[gzserver-1] [INFO] [1776345409.368844305] [tb3_0.turtlebot3_diff_drive]: Wheel pair 1 separation set to [0.160000m]
[gzserver-1] [INFO] [1776345409.368955442] [tb3_0.turtlebot3_diff_drive]: Wheel pair 1 diameter set to [0.066000m]
[gzserver-1] [INFO] [1776345409.371578409] [tb3_0.turtlebot3_diff_drive]: Subscribed to [/tb3_0/cmd_vel]
[gzserver-1] [INFO] [1776345409.376729266] [tb3_0.turtlebot3_diff_drive]: Advertise odometry on [/tb3_0/odom]
[gzserver-1] [INFO] [1776345409.382039832] [tb3_0.turtlebot3_diff_drive]: Publishing odom transforms between [tb3_0/odom] and [tb3_0/base_footprint]
[gzserver-1] [INFO] [1776345409.403232147] [tb3_0.turtlebot3_joint_state]: Going to publish joint [wheel_left_joint]
[gzserver-1] [INFO] [1776345409.403321761] [tb3_0.turtlebot3_joint_state]: Going to publish joint [wheel_right_joint]
[INFO] [spawn_entity.py-3]: process has finished cleanly [pid 3582015]
[gzserver-1] [INFO] [1776345409.724721892] [tb3_3.turtlebot3_imu]: <initial_orientation_as_reference> is unset, using default value of false to comply with REP 145 (world as orientation reference)
[spawn_entity.py-12] [INFO] [1776345409.848619221] [tb3_3.spawn_entity]: Spawn status: SpawnEntity: Successfully spawned entity [tb3_3]
[gzserver-1] [INFO] [1776345409.959459199] [tb3_3.turtlebot3_diff_drive]: Wheel pair 1 separation set to [0.160000m]
[gzserver-1] [INFO] [1776345409.959518260] [tb3_3.turtlebot3_diff_drive]: Wheel pair 1 diameter set to [0.066000m]
[gzserver-1] [INFO] [1776345409.960270413] [tb3_3.turtlebot3_diff_drive]: Subscribed to [/tb3_3/cmd_vel]
[gzserver-1] [INFO] [1776345409.961363525] [tb3_3.turtlebot3_diff_drive]: Advertise odometry on [/tb3_3/odom]
[gzserver-1] [INFO] [1776345409.963055494] [tb3_3.turtlebot3_diff_drive]: Publishing odom transforms between [tb3_3/odom] and [tb3_3/base_footprint]
[gzserver-1] [INFO] [1776345409.974615665] [tb3_3.turtlebot3_joint_state]: Going to publish joint [wheel_left_joint]
[gzserver-1] [INFO] [1776345409.974668199] [tb3_3.turtlebot3_joint_state]: Going to publish joint [wheel_right_joint]
[INFO] [spawn_entity.py-12]: process has finished cleanly [pid 3582035]
[gzserver-1] [INFO] [1776345410.275715962] [tb3_2.turtlebot3_imu]: <initial_orientation_as_reference> is unset, using default value of false to comply with REP 145 (world as orientation reference)
[spawn_entity.py-9] [INFO] [1776345410.397226659] [tb3_2.spawn_entity]: Spawn status: SpawnEntity: Successfully spawned entity [tb3_2]
[gzserver-1] [INFO] [1776345410.514643406] [tb3_2.turtlebot3_diff_drive]: Wheel pair 1 separation set to [0.160000m]
[gzserver-1] [INFO] [1776345410.514778852] [tb3_2.turtlebot3_diff_drive]: Wheel pair 1 diameter set to [0.066000m]
[gzserver-1] [INFO] [1776345410.516350668] [tb3_2.turtlebot3_diff_drive]: Subscribed to [/tb3_2/cmd_vel]
[gzserver-1] [INFO] [1776345410.517516308] [tb3_2.turtlebot3_diff_drive]: Advertise odometry on [/tb3_2/odom]
[gzserver-1] [INFO] [1776345410.520023449] [tb3_2.turtlebot3_diff_drive]: Publishing odom transforms between [tb3_2/odom] and [tb3_2/base_footprint]
[gzserver-1] [INFO] [1776345410.534848246] [tb3_2.turtlebot3_joint_state]: Going to publish joint [wheel_left_joint]
[gzserver-1] [INFO] [1776345410.534980517] [tb3_2.turtlebot3_joint_state]: Going to publish joint [wheel_right_joint]
[INFO] [spawn_entity.py-9]: process has finished cleanly [pid 3582027]
[gzserver-1] [INFO] [1776345410.841717521] [tb3_1.turtlebot3_imu]: <initial_orientation_as_reference> is unset, using default value of false to comply with REP 145 (world as orientation reference)
[spawn_entity.py-6] [INFO] [1776345410.953867456] [tb3_1.spawn_entity]: Spawn status: SpawnEntity: Successfully spawned entity [tb3_1]
[gzserver-1] [INFO] [1776345411.066427878] [tb3_1.turtlebot3_diff_drive]: Wheel pair 1 separation set to [0.160000m]
[gzserver-1] [INFO] [1776345411.066514365] [tb3_1.turtlebot3_diff_drive]: Wheel pair 1 diameter set to [0.066000m]
[gzserver-1] [INFO] [1776345411.067836392] [tb3_1.turtlebot3_diff_drive]: Subscribed to [/tb3_1/cmd_vel]
[gzserver-1] [INFO] [1776345411.069198058] [tb3_1.turtlebot3_diff_drive]: Advertise odometry on [/tb3_1/odom]
[gzserver-1] [INFO] [1776345411.073276833] [tb3_1.turtlebot3_diff_drive]: Publishing odom transforms between [tb3_1/odom] and [tb3_1/base_footprint]
[gzserver-1] [INFO] [1776345411.095633451] [tb3_1.turtlebot3_joint_state]: Going to publish joint [wheel_left_joint]
[gzserver-1] [INFO] [1776345411.095678127] [tb3_1.turtlebot3_joint_state]: Going to publish joint [wheel_right_joint]
[INFO] [spawn_entity.py-6]: process has finished cleanly [pid 3582021]
[rviz2-16] [INFO] [1776345420.888550084] [rviz2_gat_s1_continuous_cfadv005]: Message Filter dropping message: frame 'tb3_3/base_scan' at time 0.396 for reason 'the timestamp on the message is earlier than all the data in the transform cache'
[rviz2-16] [INFO] [1776345421.088729492] [rviz2_gat_s1_continuous_cfadv005]: Message Filter dropping message: frame 'tb3_2/base_scan' at time 0.596 for reason 'the timestamp on the message is earlier than all the data in the transform cache'
[rviz2-16] [INFO] [1776345421.287307525] [rviz2_gat_s1_continuous_cfadv005]: Message Filter dropping message: frame 'tb3_1/base_scan' at time 0.794 for reason 'the timestamp on the message is earlier than all the data in the transform cache'
