[INFO] [launch]: All log files can be found below /home/wj/.ros/log/2026-05-23-20-35-18-213879-wj-Default-string-2477683
[INFO] [launch]: Default logging verbosity is set to INFO
[INFO] Loading world (HEADLESS): /home/wj/work/multi-robot-exploration-rl/install/start_rl_environment_tb3/share/start_rl_environment_tb3/worlds/interaction_hub.world
[INFO] Using GAZEBO_MASTER_URI: http://127.0.0.1:11345
[INFO] Spawning 4 TurtleBot3 robots on interaction_hub...
[INFO] Using random positions
[INFO] Using fixed positions for 4 robots
[INFO]   Robot 0: Robot 0 - west lower at (-5.10, -0.85)
[INFO]   Robot 1: Robot 1 - west upper at (-5.10, 0.85)
[INFO]   Robot 2: Robot 2 - east upper at (5.10, 0.85)
[INFO]   Robot 3: Robot 3 - east lower at (5.10, -0.85)
[spawn_robots] Created modified SDF for tb3_0 at /tmp/tb3_0_a2gxh8j1.sdf
[spawn_robots] Created modified SDF for tb3_1 at /tmp/tb3_1_0sj2hna4.sdf
[spawn_robots] Created modified SDF for tb3_2 at /tmp/tb3_2_bt2wn97k.sdf
[spawn_robots] Created modified SDF for tb3_3 at /tmp/tb3_3_9mvpzjyo.sdf
[INFO] Map Server loading: /home/wj/work/multi-robot-exploration-rl/install/start_rl_environment_tb3/share/start_rl_environment_tb3/maps/interaction_hub.yaml
[INFO] [gzserver-1]: process started with pid [2477780]
[INFO] [robot_state_publisher-2]: process started with pid [2477782]
[INFO] [spawn_entity.py-3]: process started with pid [2477784]
[INFO] [static_transform_publisher-4]: process started with pid [2477786]
[INFO] [robot_state_publisher-5]: process started with pid [2477788]
[INFO] [spawn_entity.py-6]: process started with pid [2477790]
[INFO] [static_transform_publisher-7]: process started with pid [2477792]
[INFO] [robot_state_publisher-8]: process started with pid [2477794]
[INFO] [spawn_entity.py-9]: process started with pid [2477796]
[INFO] [static_transform_publisher-10]: process started with pid [2477798]
[INFO] [robot_state_publisher-11]: process started with pid [2477800]
[INFO] [spawn_entity.py-12]: process started with pid [2477803]
[INFO] [static_transform_publisher-13]: process started with pid [2477805]
[INFO] [map_server-14]: process started with pid [2477809]
[INFO] [lifecycle_manager-15]: process started with pid [2477812]
[INFO] [obstacle_mover.py-16]: process started with pid [2477815]
[static_transform_publisher-4] [WARN] [1779539718.511944536] []: Old-style arguments are deprecated; see --help for new-style arguments
[static_transform_publisher-7] [WARN] [1779539718.516314029] []: Old-style arguments are deprecated; see --help for new-style arguments
[static_transform_publisher-10] [WARN] [1779539718.516991260] []: Old-style arguments are deprecated; see --help for new-style arguments
[static_transform_publisher-13] [WARN] [1779539718.560467397] []: Old-style arguments are deprecated; see --help for new-style arguments
[static_transform_publisher-4] [INFO] [1779539718.561054553] [static_tf_tb3_0]: Spinning until stopped - publishing transform
[static_transform_publisher-4] translation: ('0.000000', '0.000000', '0.000000')
[static_transform_publisher-4] rotation: ('0.000000', '0.000000', '0.000000', '1.000000')
[static_transform_publisher-4] from 'map' to 'tb3_0/odom'
[static_transform_publisher-10] [INFO] [1779539718.577431333] [static_tf_tb3_2]: Spinning until stopped - publishing transform
[static_transform_publisher-10] translation: ('0.000000', '0.000000', '0.000000')
[static_transform_publisher-10] rotation: ('0.000000', '0.000000', '0.000000', '1.000000')
[static_transform_publisher-10] from 'map' to 'tb3_2/odom'
[robot_state_publisher-2] [INFO] [1779539718.577405059] [tb3_0.robot_state_publisher]: got segment base_footprint
[robot_state_publisher-2] [INFO] [1779539718.577642793] [tb3_0.robot_state_publisher]: got segment base_link
[robot_state_publisher-2] [INFO] [1779539718.577664296] [tb3_0.robot_state_publisher]: got segment base_scan
[robot_state_publisher-2] [INFO] [1779539718.577676872] [tb3_0.robot_state_publisher]: got segment caster_back_link
[robot_state_publisher-2] [INFO] [1779539718.577687759] [tb3_0.robot_state_publisher]: got segment imu_link
[robot_state_publisher-2] [INFO] [1779539718.577697017] [tb3_0.robot_state_publisher]: got segment wheel_left_link
[robot_state_publisher-2] [INFO] [1779539718.577706355] [tb3_0.robot_state_publisher]: got segment wheel_right_link
[static_transform_publisher-7] [INFO] [1779539718.582284266] [static_tf_tb3_1]: Spinning until stopped - publishing transform
[static_transform_publisher-7] translation: ('0.000000', '0.000000', '0.000000')
[static_transform_publisher-7] rotation: ('0.000000', '0.000000', '0.000000', '1.000000')
[static_transform_publisher-7] from 'map' to 'tb3_1/odom'
[robot_state_publisher-5] [INFO] [1779539718.582829142] [tb3_1.robot_state_publisher]: got segment base_footprint
[robot_state_publisher-5] [INFO] [1779539718.584860427] [tb3_1.robot_state_publisher]: got segment base_link
[robot_state_publisher-5] [INFO] [1779539718.584892393] [tb3_1.robot_state_publisher]: got segment base_scan
[robot_state_publisher-5] [INFO] [1779539718.584906861] [tb3_1.robot_state_publisher]: got segment caster_back_link
[robot_state_publisher-5] [INFO] [1779539718.584918257] [tb3_1.robot_state_publisher]: got segment imu_link
[robot_state_publisher-5] [INFO] [1779539718.584929363] [tb3_1.robot_state_publisher]: got segment wheel_left_link
[robot_state_publisher-5] [INFO] [1779539718.584940414] [tb3_1.robot_state_publisher]: got segment wheel_right_link
[robot_state_publisher-8] [INFO] [1779539718.590672244] [tb3_2.robot_state_publisher]: got segment base_footprint
[robot_state_publisher-8] [INFO] [1779539718.590836407] [tb3_2.robot_state_publisher]: got segment base_link
[robot_state_publisher-8] [INFO] [1779539718.590859420] [tb3_2.robot_state_publisher]: got segment base_scan
[robot_state_publisher-8] [INFO] [1779539718.590872879] [tb3_2.robot_state_publisher]: got segment caster_back_link
[robot_state_publisher-8] [INFO] [1779539718.590884445] [tb3_2.robot_state_publisher]: got segment imu_link
[robot_state_publisher-8] [INFO] [1779539718.590895623] [tb3_2.robot_state_publisher]: got segment wheel_left_link
[robot_state_publisher-8] [INFO] [1779539718.590907033] [tb3_2.robot_state_publisher]: got segment wheel_right_link
[static_transform_publisher-13] [INFO] [1779539718.607090360] [static_tf_tb3_3]: Spinning until stopped - publishing transform
[static_transform_publisher-13] translation: ('0.000000', '0.000000', '0.000000')
[static_transform_publisher-13] rotation: ('0.000000', '0.000000', '0.000000', '1.000000')
[static_transform_publisher-13] from 'map' to 'tb3_3/odom'
[lifecycle_manager-15] [INFO] [1779539718.613170835] [lifecycle_manager_map]: Creating
[lifecycle_manager-15] [INFO] [1779539718.625611808] [lifecycle_manager_map]: [34m[1mCreating and initializing lifecycle service clients[0m[0m
[lifecycle_manager-15] [INFO] [1779539718.654697355] [lifecycle_manager_map]: [34m[1mStarting managed nodes bringup...[0m[0m
[lifecycle_manager-15] [INFO] [1779539718.654766011] [lifecycle_manager_map]: [34m[1mConfiguring map_server[0m[0m
[map_server-14] [INFO] [1779539718.661791615] [map_server]: 
[map_server-14] 	map_server lifecycle node launched. 
[map_server-14] 	Waiting on external lifecycle transitions to activate
[map_server-14] 	See https://design.ros2.org/articles/node_lifecycle.html for more information.
[map_server-14] [INFO] [1779539718.663116059] [map_server]: Creating
[map_server-14] [INFO] [1779539718.666677740] [map_server]: Configuring
[map_server-14] [INFO] [1779539718.666760415] [map_io]: Loading yaml file: /home/wj/work/multi-robot-exploration-rl/install/start_rl_environment_tb3/share/start_rl_environment_tb3/maps/interaction_hub.yaml
[map_server-14] [INFO] [1779539718.667231471] [map_io]: resolution: 0.05
[map_server-14] [INFO] [1779539718.667255080] [map_io]: origin[0]: -6
[map_server-14] [INFO] [1779539718.667264426] [map_io]: origin[1]: -6
[map_server-14] [INFO] [1779539718.667272650] [map_io]: origin[2]: 0
[map_server-14] [INFO] [1779539718.667281144] [map_io]: free_thresh: 0.196
[map_server-14] [INFO] [1779539718.667290166] [map_io]: occupied_thresh: 0.65
[map_server-14] [INFO] [1779539718.667299348] [map_io]: mode: trinary
[map_server-14] [INFO] [1779539718.667309138] [map_io]: negate: 0
[map_server-14] [INFO] [1779539718.667635494] [map_io]: Loading image_file: /home/wj/work/multi-robot-exploration-rl/install/start_rl_environment_tb3/share/start_rl_environment_tb3/maps/interaction_hub.pgm
[robot_state_publisher-11] [INFO] [1779539718.681988063] [tb3_3.robot_state_publisher]: got segment base_footprint
[robot_state_publisher-11] [INFO] [1779539718.683112396] [tb3_3.robot_state_publisher]: got segment base_link
[robot_state_publisher-11] [INFO] [1779539718.683138074] [tb3_3.robot_state_publisher]: got segment base_scan
[robot_state_publisher-11] [INFO] [1779539718.683151246] [tb3_3.robot_state_publisher]: got segment caster_back_link
[robot_state_publisher-11] [INFO] [1779539718.683162804] [tb3_3.robot_state_publisher]: got segment imu_link
[robot_state_publisher-11] [INFO] [1779539718.683174250] [tb3_3.robot_state_publisher]: got segment wheel_left_link
[robot_state_publisher-11] [INFO] [1779539718.683184882] [tb3_3.robot_state_publisher]: got segment wheel_right_link
[map_server-14] [INFO] [1779539718.685203800] [map_io]: Read map /home/wj/work/multi-robot-exploration-rl/install/start_rl_environment_tb3/share/start_rl_environment_tb3/maps/interaction_hub.pgm: 240 X 240 map @ 0.05 m/cell
[lifecycle_manager-15] [INFO] [1779539718.699482929] [lifecycle_manager_map]: [34m[1mActivating map_server[0m[0m
[map_server-14] [INFO] [1779539718.701098978] [map_server]: Activating
[map_server-14] [INFO] [1779539718.701391291] [map_server]: Creating bond (map_server) to lifecycle manager.
[lifecycle_manager-15] [INFO] [1779539718.817964392] [lifecycle_manager_map]: Server map_server connected with bond.
[lifecycle_manager-15] [INFO] [1779539718.818042708] [lifecycle_manager_map]: [34m[1mManaged nodes are active[0m[0m
[lifecycle_manager-15] [INFO] [1779539718.818059348] [lifecycle_manager_map]: [34m[1mCreating bond timer...[0m[0m
[gzserver-1] Gazebo multi-robot simulator, version 11.10.2
[gzserver-1] Copyright (C) 2012 Open Source Robotics Foundation.
[gzserver-1] Released under the Apache 2 License.
[gzserver-1] http://gazebosim.org
[gzserver-1] 
[spawn_entity.py-6] [INFO] [1779539719.212306707] [tb3_1.spawn_entity]: Spawn Entity started
[spawn_entity.py-6] [INFO] [1779539719.212707736] [tb3_1.spawn_entity]: Loading entity XML from file /tmp/tb3_1_0sj2hna4.sdf
[spawn_entity.py-6] [INFO] [1779539719.213726043] [tb3_1.spawn_entity]: Waiting for service /spawn_entity, timeout = 30
[spawn_entity.py-6] [INFO] [1779539719.214194662] [tb3_1.spawn_entity]: Waiting for service /spawn_entity
[spawn_entity.py-9] [INFO] [1779539719.263211077] [tb3_2.spawn_entity]: Spawn Entity started
[spawn_entity.py-9] [INFO] [1779539719.263936097] [tb3_2.spawn_entity]: Loading entity XML from file /tmp/tb3_2_bt2wn97k.sdf
[spawn_entity.py-9] [INFO] [1779539719.265464461] [tb3_2.spawn_entity]: Waiting for service /spawn_entity, timeout = 30
[spawn_entity.py-9] [INFO] [1779539719.266196898] [tb3_2.spawn_entity]: Waiting for service /spawn_entity
[gzserver-1] [1;33m[Wrn] [gazebo_ros_init.cpp:178] [0m[1;33m
[gzserver-1] #     # ####### ####### ###  #####  #######
[gzserver-1] ##    # #     #    #     #  #     # #
[gzserver-1] # #   # #     #    #     #  #       #
[gzserver-1] #  #  # #     #    #     #  #       #####
[gzserver-1] #   # # #     #    #     #  #       #
[gzserver-1] #    ## #     #    #     #  #     # #
[gzserver-1] #     # #######    #    ###  #####  #######
[gzserver-1] 
[gzserver-1] This version of Gazebo, now called Gazebo classic, reaches end-of-life
[gzserver-1] in January 2025. Users are highly encouraged to migrate to the new Gazebo
[gzserver-1] using our migration guides (https://gazebosim.org/docs/latest/gazebo_classic_migration?utm_source=gazebo_ros_pkgs&utm_medium=cli)
[gzserver-1] 
[gzserver-1] [0m[1;33m
[spawn_entity.py-3] [INFO] [1779539719.348190784] [tb3_0.spawn_entity]: Spawn Entity started
[spawn_entity.py-3] [INFO] [1779539719.348602636] [tb3_0.spawn_entity]: Loading entity XML from file /tmp/tb3_0_a2gxh8j1.sdf
[gzserver-1] [1;32m[Msg] [0m[1;32mWaiting for master.[0m[1;32m
[spawn_entity.py-3] [INFO] [1779539719.349484524] [tb3_0.spawn_entity]: Waiting for service /spawn_entity, timeout = 30
[spawn_entity.py-3] [INFO] [1779539719.349938396] [tb3_0.spawn_entity]: Waiting for service /spawn_entity
[gzserver-1] [0m[1;32m[0m[1;32m[0m[1;32m[Msg] [0m[1;32mConnected to gazebo master @ [0m[1;32mhttp://127.0.0.1:11345[0m[1;32m
[gzserver-1] [0m[1;32m[0m[1;32m[0m[1;32m[Msg] [0m[1;32mPublicized address: [0m[1;32m172.19.10.153[0m[1;32m
[spawn_entity.py-12] [INFO] [1779539719.364458290] [tb3_3.spawn_entity]: Spawn Entity started
[spawn_entity.py-12] [INFO] [1779539719.364881913] [tb3_3.spawn_entity]: Loading entity XML from file /tmp/tb3_3_9mvpzjyo.sdf
[spawn_entity.py-12] [INFO] [1779539719.365775153] [tb3_3.spawn_entity]: Waiting for service /spawn_entity, timeout = 30
[spawn_entity.py-12] [INFO] [1779539719.366128762] [tb3_3.spawn_entity]: Waiting for service /spawn_entity
[gzserver-1] [0m[1;32m[0m[1;32m[0m[1;32m[Msg] [0m[1;32mLoading world file [[0m[1;32m/home/wj/work/multi-robot-exploration-rl/install/start_rl_environment_tb3/share/start_rl_environment_tb3/worlds/interaction_hub.world[0m[1;32m][0m[1;32m
[gzserver-1] [0m[1;33m[0m[1;33m[0m[WARN] [1779539720.705642529] [rcl]: Found remap rule 'model_states:=model_states_demo'. This syntax is deprecated. Use '--ros-args --remap model_states:=model_states_demo' instead.
[spawn_entity.py-6] [INFO] [1779539720.727108205] [tb3_1.spawn_entity]: Calling service /spawn_entity
[gzserver-1] [INFO] [1779539720.745937904] [gazebo_ros_state]: Publishing states of gazebo models at [/model_states_demo]
[gzserver-1] [INFO] [1779539720.748534255] [gazebo_ros_state]: Publishing states of gazebo links at [/link_states]
[spawn_entity.py-9] [INFO] [1779539720.786964114] [tb3_2.spawn_entity]: Calling service /spawn_entity
[obstacle_mover.py-16] [INFO] [1779539720.821197062] [obstacle_mover]: [obstacle_mover] map=6  0 个障碍物  速度=0.000 m/s (scale×0.0)  30 Hz  随机游走模式
[obstacle_mover.py-16] [INFO] [1779539720.833229689] [obstacle_mover]: [obstacle_mover] ✅ dyn_obs_0~dyn_obs_7 已下沉至 z=-10.0
[spawn_entity.py-3] [INFO] [1779539720.861983706] [tb3_0.spawn_entity]: Calling service /spawn_entity
[spawn_entity.py-12] [INFO] [1779539720.879470052] [tb3_3.spawn_entity]: Calling service /spawn_entity
[gzserver-1] [INFO] [1779539721.060507028] [tb3_1.turtlebot3_imu]: <initial_orientation_as_reference> is unset, using default value of false to comply with REP 145 (world as orientation reference)
[spawn_entity.py-6] [INFO] [1779539721.192130037] [tb3_1.spawn_entity]: Spawn status: SpawnEntity: Successfully spawned entity [tb3_1]
[gzserver-1] [INFO] [1779539721.328953079] [tb3_1.turtlebot3_diff_drive]: Wheel pair 1 separation set to [0.160000m]
[gzserver-1] [INFO] [1779539721.329029739] [tb3_1.turtlebot3_diff_drive]: Wheel pair 1 diameter set to [0.066000m]
[gzserver-1] [INFO] [1779539721.331417050] [tb3_1.turtlebot3_diff_drive]: Subscribed to [/tb3_1/cmd_vel]
[gzserver-1] [INFO] [1779539721.335144827] [tb3_1.turtlebot3_diff_drive]: Advertise odometry on [/tb3_1/odom]
[gzserver-1] [INFO] [1779539721.339379967] [tb3_1.turtlebot3_diff_drive]: Publishing odom transforms between [tb3_1/odom] and [tb3_1/base_footprint]
[gzserver-1] [INFO] [1779539721.363035767] [tb3_1.turtlebot3_joint_state]: Going to publish joint [wheel_left_joint]
[gzserver-1] [INFO] [1779539721.363083569] [tb3_1.turtlebot3_joint_state]: Going to publish joint [wheel_right_joint]
[INFO] [spawn_entity.py-6]: process has finished cleanly [pid 2477790]
[gzserver-1] [INFO] [1779539721.757206927] [tb3_2.turtlebot3_imu]: <initial_orientation_as_reference> is unset, using default value of false to comply with REP 145 (world as orientation reference)
[spawn_entity.py-9] [INFO] [1779539721.960039096] [tb3_2.spawn_entity]: Spawn status: SpawnEntity: Successfully spawned entity [tb3_2]
[gzserver-1] [INFO] [1779539722.072851667] [tb3_2.turtlebot3_diff_drive]: Wheel pair 1 separation set to [0.160000m]
[gzserver-1] [INFO] [1779539722.072924501] [tb3_2.turtlebot3_diff_drive]: Wheel pair 1 diameter set to [0.066000m]
[gzserver-1] [INFO] [1779539722.073949576] [tb3_2.turtlebot3_diff_drive]: Subscribed to [/tb3_2/cmd_vel]
[gzserver-1] [INFO] [1779539722.075028960] [tb3_2.turtlebot3_diff_drive]: Advertise odometry on [/tb3_2/odom]
[gzserver-1] [INFO] [1779539722.077251064] [tb3_2.turtlebot3_diff_drive]: Publishing odom transforms between [tb3_2/odom] and [tb3_2/base_footprint]
[gzserver-1] [INFO] [1779539722.091812623] [tb3_2.turtlebot3_joint_state]: Going to publish joint [wheel_left_joint]
[gzserver-1] [INFO] [1779539722.091869093] [tb3_2.turtlebot3_joint_state]: Going to publish joint [wheel_right_joint]
[INFO] [spawn_entity.py-9]: process has finished cleanly [pid 2477796]
[gzserver-1] [INFO] [1779539722.404098164] [tb3_0.turtlebot3_imu]: <initial_orientation_as_reference> is unset, using default value of false to comply with REP 145 (world as orientation reference)
[spawn_entity.py-3] [INFO] [1779539722.536234859] [tb3_0.spawn_entity]: Spawn status: SpawnEntity: Successfully spawned entity [tb3_0]
[gzserver-1] [INFO] [1779539722.646798592] [tb3_0.turtlebot3_diff_drive]: Wheel pair 1 separation set to [0.160000m]
[gzserver-1] [INFO] [1779539722.646847874] [tb3_0.turtlebot3_diff_drive]: Wheel pair 1 diameter set to [0.066000m]
[gzserver-1] [INFO] [1779539722.647575424] [tb3_0.turtlebot3_diff_drive]: Subscribed to [/tb3_0/cmd_vel]
[gzserver-1] [INFO] [1779539722.648506303] [tb3_0.turtlebot3_diff_drive]: Advertise odometry on [/tb3_0/odom]
[gzserver-1] [INFO] [1779539722.650535460] [tb3_0.turtlebot3_diff_drive]: Publishing odom transforms between [tb3_0/odom] and [tb3_0/base_footprint]
[gzserver-1] [INFO] [1779539722.664915622] [tb3_0.turtlebot3_joint_state]: Going to publish joint [wheel_left_joint]
[gzserver-1] [INFO] [1779539722.664962628] [tb3_0.turtlebot3_joint_state]: Going to publish joint [wheel_right_joint]
[INFO] [spawn_entity.py-3]: process has finished cleanly [pid 2477784]
[gzserver-1] [INFO] [1779539722.972285515] [tb3_3.turtlebot3_imu]: <initial_orientation_as_reference> is unset, using default value of false to comply with REP 145 (world as orientation reference)
[spawn_entity.py-12] [INFO] [1779539723.107791150] [tb3_3.spawn_entity]: Spawn status: SpawnEntity: Successfully spawned entity [tb3_3]
[gzserver-1] [INFO] [1779539723.220836941] [tb3_3.turtlebot3_diff_drive]: Wheel pair 1 separation set to [0.160000m]
[gzserver-1] [INFO] [1779539723.220907419] [tb3_3.turtlebot3_diff_drive]: Wheel pair 1 diameter set to [0.066000m]
[gzserver-1] [INFO] [1779539723.221937867] [tb3_3.turtlebot3_diff_drive]: Subscribed to [/tb3_3/cmd_vel]
[gzserver-1] [INFO] [1779539723.222930908] [tb3_3.turtlebot3_diff_drive]: Advertise odometry on [/tb3_3/odom]
[gzserver-1] [INFO] [1779539723.225480904] [tb3_3.turtlebot3_diff_drive]: Publishing odom transforms between [tb3_3/odom] and [tb3_3/base_footprint]
[gzserver-1] [INFO] [1779539723.246096676] [tb3_3.turtlebot3_joint_state]: Going to publish joint [wheel_left_joint]
[gzserver-1] [INFO] [1779539723.246143996] [tb3_3.turtlebot3_joint_state]: Going to publish joint [wheel_right_joint]
[INFO] [spawn_entity.py-12]: process has finished cleanly [pid 2477803]
