
[1m[0;36m═══ 环境检查 ═══[0m

[0;32m[✓][0m 环境检查通过
[0;36m[INFO][0m   ROS_DOMAIN_ID: 42
[0;36m[INFO][0m   GAZEBO_MASTER_URI: http://127.0.0.1:11655
[0;36m[INFO][0m   Ray 输出目录: /home/wj/work/multi-robot-exploration-rl/ray_results/gat_s1_continuous_highcfg
[0;36m[INFO][0m   课程日志目录: /home/wj/work/multi-robot-exploration-rl/curriculum_logs/gat_s1_continuous_highcfg

[0;36m[INFO][0m 正在停止当前脚本启动的 ROS2/Gazebo 进程...
🛑 正在清理 ROS2 进程...
🧭 清理范围: port_only
🎯 目标 Gazebo 端口: 11655
✅ 目标 Gazebo 端口 11655 已清理完毕

[1m[0;36m  启动 Gazebo 环境 (Stage 1 · Stage 1 · 静态入门)[0m

🛑 正在清理 ROS2 进程...
🧭 清理范围: port_only
🎯 目标 Gazebo 端口: 11655
✅ 目标 Gazebo 端口 11655 已清理完毕
[0;36m[INFO][0m 等待 Gazebo 就绪（最多 60s）...
=== Stage 1: Stage 1 · 静态入门 ===
[INFO] [launch]: All log files can be found below /home/wj/.ros/log/2026-04-21-14-44-00-061683-wj-Default-string-1692456
[INFO] [launch]: Default logging verbosity is set to INFO
[INFO] Loading world (HEADLESS): /home/wj/work/multi-robot-exploration-rl/install/start_rl_environment_tb3/share/start_rl_environment_tb3/worlds/corridor_swap.world
[INFO] Using GAZEBO_MASTER_URI: http://127.0.0.1:11655
[INFO] Spawning 4 TurtleBot3 robots on corridor_swap...
[INFO] Using random positions
[INFO] Using fixed positions for 4 robots
[INFO]   Robot 0: Robot 0 - 左侧中间 at (-4.50, 0.00)
[INFO]   Robot 1: Robot 1 - 右侧中间 at (4.50, 0.00)
[INFO]   Robot 2: Robot 2 - 左下 at (-4.50, -3.00)
[INFO]   Robot 3: Robot 3 - 左上 at (-4.50, 3.00)
[spawn_robots] Created modified SDF for tb3_0 at /tmp/tb3_0_i5e27ycb.sdf
[spawn_robots] Created modified SDF for tb3_1 at /tmp/tb3_1_poj0kxfk.sdf
[spawn_robots] Created modified SDF for tb3_2 at /tmp/tb3_2_xg9_9yvj.sdf
[spawn_robots] Created modified SDF for tb3_3 at /tmp/tb3_3_is8s8ru3.sdf
[INFO] Map Server loading: /home/wj/work/multi-robot-exploration-rl/install/start_rl_environment_tb3/share/start_rl_environment_tb3/maps/corridor_swap.yaml
[INFO] [gzserver-1]: process started with pid [1692487]
[INFO] [robot_state_publisher-2]: process started with pid [1692489]
[INFO] [spawn_entity.py-3]: process started with pid [1692491]
[INFO] [static_transform_publisher-4]: process started with pid [1692493]
[INFO] [robot_state_publisher-5]: process started with pid [1692495]
[INFO] [spawn_entity.py-6]: process started with pid [1692497]
[INFO] [static_transform_publisher-7]: process started with pid [1692499]
[INFO] [robot_state_publisher-8]: process started with pid [1692501]
[INFO] [spawn_entity.py-9]: process started with pid [1692503]
[INFO] [static_transform_publisher-10]: process started with pid [1692505]
[INFO] [robot_state_publisher-11]: process started with pid [1692508]
[INFO] [spawn_entity.py-12]: process started with pid [1692510]
[INFO] [static_transform_publisher-13]: process started with pid [1692512]
[INFO] [map_server-14]: process started with pid [1692517]
[INFO] [lifecycle_manager-15]: process started with pid [1692532]
[INFO] [rviz2-16]: process started with pid [1692538]
[INFO] [obstacle_mover.py-17]: process started with pid [1692541]
[static_transform_publisher-4] [WARN] [1776753840.410912136] []: Old-style arguments are deprecated; see --help for new-style arguments
[static_transform_publisher-7] [WARN] [1776753840.400220475] []: Old-style arguments are deprecated; see --help for new-style arguments
[static_transform_publisher-10] [WARN] [1776753840.421776619] []: Old-style arguments are deprecated; see --help for new-style arguments
[static_transform_publisher-7] [INFO] [1776753840.436875862] [static_tf_tb3_1]: Spinning until stopped - publishing transform
[static_transform_publisher-7] translation: ('0.000000', '0.000000', '0.000000')
[static_transform_publisher-7] rotation: ('0.000000', '0.000000', '0.000000', '1.000000')
[static_transform_publisher-7] from 'map' to 'tb3_1/odom'
[static_transform_publisher-13] [WARN] [1776753840.440096947] []: Old-style arguments are deprecated; see --help for new-style arguments
[robot_state_publisher-2] [INFO] [1776753840.464600085] [tb3_0.robot_state_publisher]: got segment base_footprint
[robot_state_publisher-2] [INFO] [1776753840.464772638] [tb3_0.robot_state_publisher]: got segment base_link
[robot_state_publisher-2] [INFO] [1776753840.464795862] [tb3_0.robot_state_publisher]: got segment base_scan
[robot_state_publisher-2] [INFO] [1776753840.464808825] [tb3_0.robot_state_publisher]: got segment caster_back_link
[robot_state_publisher-2] [INFO] [1776753840.464820910] [tb3_0.robot_state_publisher]: got segment imu_link
[robot_state_publisher-2] [INFO] [1776753840.464831505] [tb3_0.robot_state_publisher]: got segment wheel_left_link
[robot_state_publisher-2] [INFO] [1776753840.464841925] [tb3_0.robot_state_publisher]: got segment wheel_right_link
[robot_state_publisher-8] [INFO] [1776753840.471910464] [tb3_2.robot_state_publisher]: got segment base_footprint
[robot_state_publisher-8] [INFO] [1776753840.472072265] [tb3_2.robot_state_publisher]: got segment base_link
[robot_state_publisher-8] [INFO] [1776753840.472090199] [tb3_2.robot_state_publisher]: got segment base_scan
[robot_state_publisher-8] [INFO] [1776753840.472100879] [tb3_2.robot_state_publisher]: got segment caster_back_link
[robot_state_publisher-8] [INFO] [1776753840.472109987] [tb3_2.robot_state_publisher]: got segment imu_link
[robot_state_publisher-8] [INFO] [1776753840.472118441] [tb3_2.robot_state_publisher]: got segment wheel_left_link
[robot_state_publisher-8] [INFO] [1776753840.472127344] [tb3_2.robot_state_publisher]: got segment wheel_right_link
[static_transform_publisher-10] [INFO] [1776753840.477856146] [static_tf_tb3_2]: Spinning until stopped - publishing transform
[static_transform_publisher-10] translation: ('0.000000', '0.000000', '0.000000')
[static_transform_publisher-10] rotation: ('0.000000', '0.000000', '0.000000', '1.000000')
[static_transform_publisher-10] from 'map' to 'tb3_2/odom'
[robot_state_publisher-5] [INFO] [1776753840.490726637] [tb3_1.robot_state_publisher]: got segment base_footprint
[robot_state_publisher-5] [INFO] [1776753840.490883531] [tb3_1.robot_state_publisher]: got segment base_link
[robot_state_publisher-5] [INFO] [1776753840.490907910] [tb3_1.robot_state_publisher]: got segment base_scan
[robot_state_publisher-5] [INFO] [1776753840.490922268] [tb3_1.robot_state_publisher]: got segment caster_back_link
[robot_state_publisher-5] [INFO] [1776753840.490935104] [tb3_1.robot_state_publisher]: got segment imu_link
[robot_state_publisher-5] [INFO] [1776753840.490947664] [tb3_1.robot_state_publisher]: got segment wheel_left_link
[robot_state_publisher-5] [INFO] [1776753840.490959155] [tb3_1.robot_state_publisher]: got segment wheel_right_link
[static_transform_publisher-4] [INFO] [1776753840.493224324] [static_tf_tb3_0]: Spinning until stopped - publishing transform
[static_transform_publisher-4] translation: ('0.000000', '0.000000', '0.000000')
[static_transform_publisher-4] rotation: ('0.000000', '0.000000', '0.000000', '1.000000')
[static_transform_publisher-4] from 'map' to 'tb3_0/odom'
[static_transform_publisher-13] [INFO] [1776753840.512942491] [static_tf_tb3_3]: Spinning until stopped - publishing transform
[static_transform_publisher-13] translation: ('0.000000', '0.000000', '0.000000')
[static_transform_publisher-13] rotation: ('0.000000', '0.000000', '0.000000', '1.000000')
[static_transform_publisher-13] from 'map' to 'tb3_3/odom'
[lifecycle_manager-15] [INFO] [1776753840.517923673] [lifecycle_manager_map]: Creating
[map_server-14] [INFO] [1776753840.520243774] [map_server]: 
[map_server-14] 	map_server lifecycle node launched. 
[map_server-14] 	Waiting on external lifecycle transitions to activate
[map_server-14] 	See https://design.ros2.org/articles/node_lifecycle.html for more information.
[map_server-14] [INFO] [1776753840.520513023] [map_server]: Creating
[robot_state_publisher-11] [INFO] [1776753840.526586140] [tb3_3.robot_state_publisher]: got segment base_footprint
[robot_state_publisher-11] [INFO] [1776753840.526812427] [tb3_3.robot_state_publisher]: got segment base_link
[robot_state_publisher-11] [INFO] [1776753840.526835435] [tb3_3.robot_state_publisher]: got segment base_scan
[robot_state_publisher-11] [INFO] [1776753840.526847110] [tb3_3.robot_state_publisher]: got segment caster_back_link
[robot_state_publisher-11] [INFO] [1776753840.526856316] [tb3_3.robot_state_publisher]: got segment imu_link
[robot_state_publisher-11] [INFO] [1776753840.526864070] [tb3_3.robot_state_publisher]: got segment wheel_left_link
[robot_state_publisher-11] [INFO] [1776753840.526872440] [tb3_3.robot_state_publisher]: got segment wheel_right_link
[lifecycle_manager-15] [INFO] [1776753840.531442460] [lifecycle_manager_map]: [34m[1mCreating and initializing lifecycle service clients[0m[0m
[lifecycle_manager-15] [INFO] [1776753840.542667477] [lifecycle_manager_map]: [34m[1mStarting managed nodes bringup...[0m[0m
[lifecycle_manager-15] [INFO] [1776753840.542738989] [lifecycle_manager_map]: [34m[1mConfiguring map_server[0m[0m
[map_server-14] [INFO] [1776753840.543872021] [map_server]: Configuring
[map_server-14] [INFO] [1776753840.543999590] [map_io]: Loading yaml file: /home/wj/work/multi-robot-exploration-rl/install/start_rl_environment_tb3/share/start_rl_environment_tb3/maps/corridor_swap.yaml
[map_server-14] [INFO] [1776753840.544494729] [map_io]: resolution: 0.05
[map_server-14] [INFO] [1776753840.544516725] [map_io]: origin[0]: -6
[map_server-14] [INFO] [1776753840.544527618] [map_io]: origin[1]: -6
[map_server-14] [INFO] [1776753840.544536242] [map_io]: origin[2]: 0
[map_server-14] [INFO] [1776753840.544545994] [map_io]: free_thresh: 0.196
[map_server-14] [INFO] [1776753840.544556192] [map_io]: occupied_thresh: 0.65
[map_server-14] [INFO] [1776753840.544566674] [map_io]: mode: trinary
[map_server-14] [INFO] [1776753840.544577010] [map_io]: negate: 0
[map_server-14] [INFO] [1776753840.544873029] [map_io]: Loading image_file: /home/wj/work/multi-robot-exploration-rl/install/start_rl_environment_tb3/share/start_rl_environment_tb3/maps/corridor_swap.pgm
[map_server-14] [INFO] [1776753840.558537230] [map_io]: Read map /home/wj/work/multi-robot-exploration-rl/install/start_rl_environment_tb3/share/start_rl_environment_tb3/maps/corridor_swap.pgm: 240 X 240 map @ 0.05 m/cell
[lifecycle_manager-15] [INFO] [1776753840.571358839] [lifecycle_manager_map]: [34m[1mActivating map_server[0m[0m
[map_server-14] [INFO] [1776753840.571624521] [map_server]: Activating
[map_server-14] [INFO] [1776753840.571961325] [map_server]: Creating bond (map_server) to lifecycle manager.
/home/wj/work/multi-robot-exploration-rl/src/gnn_marl_training/run_curriculum.sh: 行 360: [[: 0
0: 表达式中有语法错误（错误记号是 "0"）
[lifecycle_manager-15] [INFO] [1776753840.686013799] [lifecycle_manager_map]: Server map_server connected with bond.
[lifecycle_manager-15] [INFO] [1776753840.686105258] [lifecycle_manager_map]: [34m[1mManaged nodes are active[0m[0m
[lifecycle_manager-15] [INFO] [1776753840.686127509] [lifecycle_manager_map]: [34m[1mCreating bond timer...[0m[0m
[gzserver-1] Gazebo multi-robot simulator, version 11.10.2
[gzserver-1] Copyright (C) 2012 Open Source Robotics Foundation.
[gzserver-1] Released under the Apache 2 License.
[gzserver-1] http://gazebosim.org
[gzserver-1] 
[spawn_entity.py-12] [INFO] [1776753841.200077011] [tb3_3.spawn_entity]: Spawn Entity started
[spawn_entity.py-12] [INFO] [1776753841.201714542] [tb3_3.spawn_entity]: Loading entity XML from file /tmp/tb3_3_is8s8ru3.sdf
[spawn_entity.py-12] [INFO] [1776753841.203767039] [tb3_3.spawn_entity]: Waiting for service /spawn_entity, timeout = 30
[spawn_entity.py-12] [INFO] [1776753841.204430555] [tb3_3.spawn_entity]: Waiting for service /spawn_entity
[spawn_entity.py-3] [INFO] [1776753841.218418350] [tb3_0.spawn_entity]: Spawn Entity started
[spawn_entity.py-3] [INFO] [1776753841.219801521] [tb3_0.spawn_entity]: Loading entity XML from file /tmp/tb3_0_i5e27ycb.sdf
[spawn_entity.py-3] [INFO] [1776753841.220996212] [tb3_0.spawn_entity]: Waiting for service /spawn_entity, timeout = 30
[spawn_entity.py-3] [INFO] [1776753841.222451133] [tb3_0.spawn_entity]: Waiting for service /spawn_entity
[spawn_entity.py-6] [INFO] [1776753841.248660722] [tb3_1.spawn_entity]: Spawn Entity started
[spawn_entity.py-6] [INFO] [1776753841.249073603] [tb3_1.spawn_entity]: Loading entity XML from file /tmp/tb3_1_poj0kxfk.sdf
[spawn_entity.py-6] [INFO] [1776753841.250223270] [tb3_1.spawn_entity]: Waiting for service /spawn_entity, timeout = 30
[spawn_entity.py-6] [INFO] [1776753841.250877521] [tb3_1.spawn_entity]: Waiting for service /spawn_entity
[spawn_entity.py-9] [INFO] [1776753841.256894009] [tb3_2.spawn_entity]: Spawn Entity started
[spawn_entity.py-9] [INFO] [1776753841.257570313] [tb3_2.spawn_entity]: Loading entity XML from file /tmp/tb3_2_xg9_9yvj.sdf
[spawn_entity.py-9] [INFO] [1776753841.259969226] [tb3_2.spawn_entity]: Waiting for service /spawn_entity, timeout = 30
[spawn_entity.py-9] [INFO] [1776753841.260667872] [tb3_2.spawn_entity]: Waiting for service /spawn_entity
[gzserver-1] [1;33m[Wrn] [gazebo_ros_init.cpp:178] [0m[1;33m
[gzserver-1] #     # ####### ####### ###  #####  #######
[gzserver-1] ##    # #     #    #     #  #     # #
[gzserver-1] # #   # #     #    #     #  #       #
[gzserver-1] #  #  # #     #    #     #  #       #####
[gzserver-1] #   # # #     #    #     #  #       #
[gzserver-1] #    ## #     #    #     #  #     # #
[gzserver-1] #     # #######    #    ###  #####  #######
[gzserver-1] 
[gzserver-1] This version of Gazebo, now called Gazebo classic, reaches end-of-life
[gzserver-1] in January 2025. Users are highly encouraged to migrate to the new Gazebo
[gzserver-1] using our migration guides (https://gazebosim.org/docs/latest/gazebo_classic_migration?utm_source=gazebo_ros_pkgs&utm_medium=cli)
[gzserver-1] 
[gzserver-1] [0m[1;33m
[gzserver-1] [1;32m[Msg] [0m[1;32mWaiting for master.[0m[1;32m
[gzserver-1] [0m[1;32m[0m[1;32m[0m[1;32m[Msg] [0m[1;32mConnected to gazebo master @ [0m[1;32mhttp://127.0.0.1:11655[0m[1;32m
[gzserver-1] [0m[1;32m[0m[1;32m[0m[1;32m[Msg] [0m[1;32mPublicized address: [0m[1;32m172.19.10.153[0m[1;32m
[rviz2-16] [INFO] [1776753841.981966517] [rviz2]: Stereo is NOT SUPPORTED
[rviz2-16] [INFO] [1776753841.982056117] [rviz2]: OpenGl version: 4.6 (GLSL 4.6)
[rviz2-16] [INFO] [1776753842.104552900] [rviz2]: Stereo is NOT SUPPORTED
[gzserver-1] [0m[1;32m[0m[1;32m[0m[1;32m[Msg] [0m[1;32mLoading world file [[0m[1;32m/home/wj/work/multi-robot-exploration-rl/install/start_rl_environment_tb3/share/start_rl_environment_tb3/worlds/corridor_swap.world[0m[1;32m][0m[1;32m
  等待中... 2s / 60s[gzserver-1] [0m[1;33m[0m[1;33m[0m[WARN] [1776753842.696449385] [rcl]: Found remap rule 'model_states:=model_states_demo'. This syntax is deprecated. Use '--ros-args --remap model_states:=model_states_demo' instead.
[gzserver-1] [INFO] [1776753842.712037487] [gazebo_ros_state]: Publishing states of gazebo models at [/model_states_demo]
[gzserver-1] [INFO] [1776753842.713500983] [gazebo_ros_state]: Publishing states of gazebo links at [/link_states]
[spawn_entity.py-12] [INFO] [1776753842.714106127] [tb3_3.spawn_entity]: Calling service /spawn_entity
[spawn_entity.py-3] [INFO] [1776753842.733178776] [tb3_0.spawn_entity]: Calling service /spawn_entity
[spawn_entity.py-6] [INFO] [1776753842.761943733] [tb3_1.spawn_entity]: Calling service /spawn_entity
[spawn_entity.py-9] [INFO] [1776753842.770447970] [tb3_2.spawn_entity]: Calling service /spawn_entity
[obstacle_mover.py-17] [INFO] [1776753842.865804033] [obstacle_mover]: [obstacle_mover] map=3  8 个障碍物  速度=0.110 m/s (scale×1.0)  30 Hz  随机游走模式
[gzserver-1] [INFO] [1776753842.930516774] [tb3_3.turtlebot3_imu]: <initial_orientation_as_reference> is unset, using default value of false to comply with REP 145 (world as orientation reference)
[spawn_entity.py-12] [INFO] [1776753843.117557270] [tb3_3.spawn_entity]: Spawn status: SpawnEntity: Successfully spawned entity [tb3_3]
[gzserver-1] [INFO] [1776753843.289870956] [tb3_3.turtlebot3_diff_drive]: Wheel pair 1 separation set to [0.160000m]
[gzserver-1] [INFO] [1776753843.289988184] [tb3_3.turtlebot3_diff_drive]: Wheel pair 1 diameter set to [0.066000m]
[gzserver-1] [INFO] [1776753843.293094481] [tb3_3.turtlebot3_diff_drive]: Subscribed to [/tb3_3/cmd_vel]
[gzserver-1] [INFO] [1776753843.299599668] [tb3_3.turtlebot3_diff_drive]: Advertise odometry on [/tb3_3/odom]
[gzserver-1] [INFO] [1776753843.305266317] [tb3_3.turtlebot3_diff_drive]: Publishing odom transforms between [tb3_3/odom] and [tb3_3/base_footprint]
[gzserver-1] [INFO] [1776753843.327493791] [tb3_3.turtlebot3_joint_state]: Going to publish joint [wheel_left_joint]
[gzserver-1] [INFO] [1776753843.327581814] [tb3_3.turtlebot3_joint_state]: Going to publish joint [wheel_right_joint]
[INFO] [spawn_entity.py-12]: process has finished cleanly [pid 1692510]
[gzserver-1] [INFO] [1776753843.629708933] [tb3_0.turtlebot3_imu]: <initial_orientation_as_reference> is unset, using default value of false to comply with REP 145 (world as orientation reference)
[spawn_entity.py-3] [INFO] [1776753843.756863474] [tb3_0.spawn_entity]: Spawn status: SpawnEntity: Successfully spawned entity [tb3_0]
[gzserver-1] [INFO] [1776753843.869702935] [tb3_0.turtlebot3_diff_drive]: Wheel pair 1 separation set to [0.160000m]
[gzserver-1] [INFO] [1776753843.869787681] [tb3_0.turtlebot3_diff_drive]: Wheel pair 1 diameter set to [0.066000m]
[gzserver-1] [INFO] [1776753843.870735851] [tb3_0.turtlebot3_diff_drive]: Subscribed to [/tb3_0/cmd_vel]
[gzserver-1] [INFO] [1776753843.871769403] [tb3_0.turtlebot3_diff_drive]: Advertise odometry on [/tb3_0/odom]
[gzserver-1] [INFO] [1776753843.873649994] [tb3_0.turtlebot3_diff_drive]: Publishing odom transforms between [tb3_0/odom] and [tb3_0/base_footprint]
[gzserver-1] [INFO] [1776753843.886118151] [tb3_0.turtlebot3_joint_state]: Going to publish joint [wheel_left_joint]
[gzserver-1] [INFO] [1776753843.886187405] [tb3_0.turtlebot3_joint_state]: Going to publish joint [wheel_right_joint]
[INFO] [spawn_entity.py-3]: process has finished cleanly [pid 1692491]
[gzserver-1] [INFO] [1776753844.194260677] [tb3_1.turtlebot3_imu]: <initial_orientation_as_reference> is unset, using default value of false to comply with REP 145 (world as orientation reference)
[spawn_entity.py-6] [INFO] [1776753844.323177517] [tb3_1.spawn_entity]: Spawn status: SpawnEntity: Successfully spawned entity [tb3_1]
[gzserver-1] [INFO] [1776753844.434748614] [tb3_1.turtlebot3_diff_drive]: Wheel pair 1 separation set to [0.160000m]
[gzserver-1] [INFO] [1776753844.434828456] [tb3_1.turtlebot3_diff_drive]: Wheel pair 1 diameter set to [0.066000m]
[gzserver-1] [INFO] [1776753844.435946140] [tb3_1.turtlebot3_diff_drive]: Subscribed to [/tb3_1/cmd_vel]
[gzserver-1] [INFO] [1776753844.436950477] [tb3_1.turtlebot3_diff_drive]: Advertise odometry on [/tb3_1/odom]
[gzserver-1] [INFO] [1776753844.442055516] [tb3_1.turtlebot3_diff_drive]: Publishing odom transforms between [tb3_1/odom] and [tb3_1/base_footprint]
[gzserver-1] [INFO] [1776753844.461966036] [tb3_1.turtlebot3_joint_state]: Going to publish joint [wheel_left_joint]
[gzserver-1] [INFO] [1776753844.462016609] [tb3_1.turtlebot3_joint_state]: Going to publish joint [wheel_right_joint]
[INFO] [spawn_entity.py-6]: process has finished cleanly [pid 1692497]
[gzserver-1] [INFO] [1776753844.837683853] [tb3_2.turtlebot3_imu]: <initial_orientation_as_reference> is unset, using default value of false to comply with REP 145 (world as orientation reference)
[spawn_entity.py-9] [INFO] [1776753844.948166375] [tb3_2.spawn_entity]: Spawn status: SpawnEntity: Successfully spawned entity [tb3_2]
[gzserver-1] [INFO] [1776753845.063165397] [tb3_2.turtlebot3_diff_drive]: Wheel pair 1 separation set to [0.160000m]
[gzserver-1] [INFO] [1776753845.063235837] [tb3_2.turtlebot3_diff_drive]: Wheel pair 1 diameter set to [0.066000m]
[gzserver-1] [INFO] [1776753845.064201596] [tb3_2.turtlebot3_diff_drive]: Subscribed to [/tb3_2/cmd_vel]
[gzserver-1] [INFO] [1776753845.065341151] [tb3_2.turtlebot3_diff_drive]: Advertise odometry on [/tb3_2/odom]
[gzserver-1] [INFO] [1776753845.067571909] [tb3_2.turtlebot3_diff_drive]: Publishing odom transforms between [tb3_2/odom] and [tb3_2/base_footprint]
[gzserver-1] [INFO] [1776753845.084994199] [tb3_2.turtlebot3_joint_state]: Going to publish joint [wheel_left_joint]
[gzserver-1] [INFO] [1776753845.085057806] [tb3_2.turtlebot3_joint_state]: Going to publish joint [wheel_right_joint]
[INFO] [spawn_entity.py-9]: process has finished cleanly [pid 1692503]
  等待中... 4s / 60s[0;32m[✓][0m Gazebo 就绪！（4s，已生成 4/4 台机器人）

[1m[0;36m═══ Stage 1 · Stage 1 · 静态入门 ═══[0m

[0;36m[INFO][0m 当前超参 -> LR: 3e-4 | Clip: 0.20
[0;36m[INFO][0m 训练命令: python3 /home/wj/work/multi-robot-exploration-rl/src/gnn_marl_training/gnn_marl_training/train_gnn_mappo_full.py --model_type gat --env_stage 1 --num_agents 4 --num_workers 1 --train_steps 955000 --train_batch_size 5000 --checkpoint_freq 20 --hidden_dim 512 --lr 3e-4 --clip_param 0.20 --sample_timeout_s 1200 --rollout_fragment_length 1000 --batch_mode truncate_episodes --map_number 3 --action_mode continuous --ppo_profile auto --obstacle_filter_range 1.2 --obstacle_filter_fov_deg 360 --obstacle_top_k 9 --rolling_lookahead_dist 0.8 --safety_filter_enable 0 --gat_actor_graph social_risk --gat_critic_mode mlp --curriculum_stage 1
[rviz2-16] [INFO] [1776753854.859706191] [rviz2_gat_s1_continuous_highcfg]: Message Filter dropping message: frame 'tb3_0/base_scan' at time 0.294 for reason 'the timestamp on the message is earlier than all the data in the transform cache'
[rviz2-16] [INFO] [1776753855.105332469] [rviz2_gat_s1_continuous_highcfg]: Message Filter dropping message: frame 'tb3_1/base_scan' at time 0.491 for reason 'the timestamp on the message is earlier than all the data in the transform cache'
usage: train_gnn_mappo_full.py [-h] [--model_type {mlp,gat}]
                               [--num_agents NUM_AGENTS]
                               [--communication_range COMMUNICATION_RANGE]
                               [--num_workers NUM_WORKERS]
                               [--sample_timeout_s SAMPLE_TIMEOUT_S]
                               [--rollout_fragment_length ROLLOUT_FRAGMENT_LENGTH]
                               [--batch_mode {truncate_episodes,complete_episodes}]
                               [--train_steps TRAIN_STEPS]
                               [--checkpoint_freq CHECKPOINT_FREQ] [--lr LR]
                               [--train_batch_size TRAIN_BATCH_SIZE]
                               [--action_mode {discrete_primitive,continuous}]
                               [--ppo_profile {auto,discrete,continuous}]
                               [--clip_param CLIP_PARAM]
                               [--entropy_coeff ENTROPY_COEFF]
                               [--vf_clip_param VF_CLIP_PARAM]
                               [--grad_clip GRAD_CLIP]
                               [--minibatch_size MINIBATCH_SIZE]
                               [--num_epochs NUM_EPOCHS]
                               [--monitor_print_every MONITOR_PRINT_EVERY]
                               [--monitor_plot_every MONITOR_PLOT_EVERY]
                               [--early_stop_patience_iters EARLY_STOP_PATIENCE_ITERS]
                               [--early_stop_min_steps EARLY_STOP_MIN_STEPS]
                               [--early_stop_min_delta EARLY_STOP_MIN_DELTA]
                               [--early_stop_abs_drop EARLY_STOP_ABS_DROP]
                               [--early_stop_drop_ratio EARLY_STOP_DROP_RATIO]
                               [--early_stop_plateau_window_iters EARLY_STOP_PLATEAU_WINDOW_ITERS]
                               [--early_stop_plateau_min_gain EARLY_STOP_PLATEAU_MIN_GAIN]
                               [--hidden_dim HIDDEN_DIM]
                               [--rolling_lookahead_dist ROLLING_LOOKAHEAD_DIST]
                               [--obstacle_filter_range OBSTACLE_FILTER_RANGE]
                               [--obstacle_filter_fov_deg OBSTACLE_FILTER_FOV_DEG]
                               [--obstacle_top_k OBSTACLE_TOP_K]
                               [--disable_obstacle_motion_features]
                               [--safety_filter_enable SAFETY_FILTER_ENABLE]
                               [--allow_shield_during_training ALLOW_SHIELD_DURING_TRAINING]
                               [--shield_front_slow_dist SHIELD_FRONT_SLOW_DIST]
                               [--shield_front_stop_dist SHIELD_FRONT_STOP_DIST]
                               [--shield_neighbor_slow_dist SHIELD_NEIGHBOR_SLOW_DIST]
                               [--shield_linear_slow SHIELD_LINEAR_SLOW]
                               [--shield_linear_stop SHIELD_LINEAR_STOP]
                               [--shield_turn_bias SHIELD_TURN_BIAS]
                               [--turn_in_place_front_dist TURN_IN_PLACE_FRONT_DIST]
                               [--turn_in_place_angle_thresh TURN_IN_PLACE_ANGLE_THRESH]
                               [--turn_in_place_w TURN_IN_PLACE_W]
                               [--predictive_horizon_sec PREDICTIVE_HORIZON_SEC]
                               [--predictive_social_ttc_safe PREDICTIVE_SOCIAL_TTC_SAFE]
                               [--predictive_front_ttc_safe PREDICTIVE_FRONT_TTC_SAFE]
                               [--predictive_min_sep PREDICTIVE_MIN_SEP]
                               [--predictive_social_range PREDICTIVE_SOCIAL_RANGE]
                               [--predictive_social_penalty_scale PREDICTIVE_SOCIAL_PENALTY_SCALE]
                               [--predictive_front_penalty_scale PREDICTIVE_FRONT_PENALTY_SCALE]
                               [--social_proximity_risk_scale SOCIAL_PROXIMITY_RISK_SCALE]
                               [--env_stage {1,2,3,4}]
                               [--map_number MAP_NUMBER]
                               [--curriculum_stage {1,2}]
                               [--resume_checkpoint RESUME_CHECKPOINT]
                               [--comm_mode {decentralized,centralized_oracle,ros2_bridge}]
                               [--comm_dropout_prob COMM_DROPOUT_PROB]
                               [--comm_latency_steps COMM_LATENCY_STEPS]
                               [--comm_jitter_steps COMM_JITTER_STEPS]
                               [--comm_noise_std COMM_NOISE_STD]
                               [--gat_actor_graph {local_risk,neighbor}]
                               [--gat_critic_mode {mlp,gat}]
                               [--gat_risk_bias_scale GAT_RISK_BIAS_SCALE]
                               [--high_conflict_mode {off,mixed,aggressive}]
                               [--high_conflict_prob HIGH_CONFLICT_PROB]
train_gnn_mappo_full.py: error: argument --gat_actor_graph: invalid choice: 'social_risk' (choose from 'local_risk', 'neighbor')
[rviz2-16] [INFO] [1776753855.280360947] [rviz2_gat_s1_continuous_highcfg]: Message Filter dropping message: frame 'tb3_2/base_scan' at time 0.667 for reason 'the timestamp on the message is earlier than all the data in the transform cache'
[0;31m[✗][0m Stage 1 训练异常退出 (code=2)，检查日志: /home/wj/work/multi-robot-exploration-rl/curriculum_logs/gat_s1_continuous_highcfg/stage1_train.log
[INFO] [rviz2-16]: process has finished cleanly [pid 1692538]
