
[1m[0;36m═══ 环境检查 ═══[0m

[0;32m[✓][0m 环境检查通过
[0;36m[INFO][0m   ROS_DOMAIN_ID: 12
[0;36m[INFO][0m   GAZEBO_MASTER_URI: http://127.0.0.1:11355
[0;36m[INFO][0m   Ray 输出目录: /home/wj/work/multi-robot-exploration-rl/ray_results/gat_s1_continuous
[0;36m[INFO][0m   课程日志目录: /home/wj/work/multi-robot-exploration-rl/curriculum_logs/gat_s1_continuous

[0;36m[INFO][0m 正在停止当前脚本启动的 ROS2/Gazebo 进程...
🛑 正在清理 ROS2 进程...
🧭 清理范围: port_only
🎯 目标 Gazebo 端口: 11355
✅ 目标 Gazebo 端口 11355 已清理完毕

[1m[0;36m  启动 Gazebo 环境 (Stage 1 · Stage 1 · 静态入门)[0m

🛑 正在清理 ROS2 进程...
🧭 清理范围: port_only
🎯 目标 Gazebo 端口: 11355
✅ 目标 Gazebo 端口 11355 已清理完毕
[0;36m[INFO][0m 等待 Gazebo 就绪（最多 60s）...
=== Stage 1: Stage 1 · 静态入门 ===
[INFO] [launch]: All log files can be found below /home/wj/.ros/log/2026-04-21-14-22-06-612247-wj-Default-string-1681963
[INFO] [launch]: Default logging verbosity is set to INFO
[INFO] Loading world (HEADLESS): /home/wj/work/multi-robot-exploration-rl/install/start_rl_environment_tb3/share/start_rl_environment_tb3/worlds/corridor_swap.world
[INFO] Using GAZEBO_MASTER_URI: http://127.0.0.1:11355
[INFO] Spawning 4 TurtleBot3 robots on corridor_swap...
[INFO] Using random positions
[INFO] Using fixed positions for 4 robots
[INFO]   Robot 0: Robot 0 - 左侧中间 at (-4.50, 0.00)
[INFO]   Robot 1: Robot 1 - 右侧中间 at (4.50, 0.00)
[INFO]   Robot 2: Robot 2 - 左下 at (-4.50, -3.00)
[INFO]   Robot 3: Robot 3 - 左上 at (-4.50, 3.00)
[spawn_robots] Created modified SDF for tb3_0 at /tmp/tb3_0_scgmsb8o.sdf
/home/wj/work/multi-robot-exploration-rl/src/gnn_marl_training/run_curriculum.sh: 行 360: [[: 0
0: 表达式中有语法错误（错误记号是 "0"）
[spawn_robots] Created modified SDF for tb3_1 at /tmp/tb3_1_53anc922.sdf
[spawn_robots] Created modified SDF for tb3_2 at /tmp/tb3_2_eepjlarj.sdf
[spawn_robots] Created modified SDF for tb3_3 at /tmp/tb3_3__g2xxx9u.sdf
[INFO] Map Server loading: /home/wj/work/multi-robot-exploration-rl/install/start_rl_environment_tb3/share/start_rl_environment_tb3/maps/corridor_swap.yaml
[INFO] [gzserver-1]: process started with pid [1682065]
[INFO] [robot_state_publisher-2]: process started with pid [1682067]
[INFO] [spawn_entity.py-3]: process started with pid [1682069]
[INFO] [static_transform_publisher-4]: process started with pid [1682071]
[INFO] [robot_state_publisher-5]: process started with pid [1682073]
[INFO] [spawn_entity.py-6]: process started with pid [1682075]
[INFO] [static_transform_publisher-7]: process started with pid [1682077]
[INFO] [robot_state_publisher-8]: process started with pid [1682079]
[INFO] [spawn_entity.py-9]: process started with pid [1682081]
[INFO] [static_transform_publisher-10]: process started with pid [1682083]
[INFO] [robot_state_publisher-11]: process started with pid [1682085]
[INFO] [spawn_entity.py-12]: process started with pid [1682089]
[INFO] [static_transform_publisher-13]: process started with pid [1682092]
[INFO] [map_server-14]: process started with pid [1682100]
[INFO] [lifecycle_manager-15]: process started with pid [1682107]
[INFO] [rviz2-16]: process started with pid [1682122]
[INFO] [obstacle_mover.py-17]: process started with pid [1682129]
[static_transform_publisher-4] [WARN] [1776752526.992966348] []: Old-style arguments are deprecated; see --help for new-style arguments
[static_transform_publisher-7] [WARN] [1776752526.996969522] []: Old-style arguments are deprecated; see --help for new-style arguments
[static_transform_publisher-10] [WARN] [1776752527.010428522] []: Old-style arguments are deprecated; see --help for new-style arguments
[static_transform_publisher-13] [WARN] [1776752527.017411926] []: Old-style arguments are deprecated; see --help for new-style arguments
[static_transform_publisher-4] [INFO] [1776752527.032954649] [static_tf_tb3_0]: Spinning until stopped - publishing transform
[static_transform_publisher-4] translation: ('0.000000', '0.000000', '0.000000')
[static_transform_publisher-4] rotation: ('0.000000', '0.000000', '0.000000', '1.000000')
[static_transform_publisher-4] from 'map' to 'tb3_0/odom'
[robot_state_publisher-2] [INFO] [1776752527.044654439] [tb3_0.robot_state_publisher]: got segment base_footprint
[robot_state_publisher-2] [INFO] [1776752527.044827283] [tb3_0.robot_state_publisher]: got segment base_link
[robot_state_publisher-2] [INFO] [1776752527.044860252] [tb3_0.robot_state_publisher]: got segment base_scan
[robot_state_publisher-2] [INFO] [1776752527.044875685] [tb3_0.robot_state_publisher]: got segment caster_back_link
[robot_state_publisher-2] [INFO] [1776752527.044885879] [tb3_0.robot_state_publisher]: got segment imu_link
[robot_state_publisher-2] [INFO] [1776752527.044895410] [tb3_0.robot_state_publisher]: got segment wheel_left_link
[robot_state_publisher-2] [INFO] [1776752527.044905745] [tb3_0.robot_state_publisher]: got segment wheel_right_link
[robot_state_publisher-5] [INFO] [1776752527.046617535] [tb3_1.robot_state_publisher]: got segment base_footprint
[robot_state_publisher-5] [INFO] [1776752527.046772433] [tb3_1.robot_state_publisher]: got segment base_link
[robot_state_publisher-5] [INFO] [1776752527.046794097] [tb3_1.robot_state_publisher]: got segment base_scan
[robot_state_publisher-5] [INFO] [1776752527.046806563] [tb3_1.robot_state_publisher]: got segment caster_back_link
[robot_state_publisher-5] [INFO] [1776752527.046817265] [tb3_1.robot_state_publisher]: got segment imu_link
[robot_state_publisher-5] [INFO] [1776752527.046827940] [tb3_1.robot_state_publisher]: got segment wheel_left_link
[robot_state_publisher-5] [INFO] [1776752527.046838268] [tb3_1.robot_state_publisher]: got segment wheel_right_link
[robot_state_publisher-8] [INFO] [1776752527.049611299] [tb3_2.robot_state_publisher]: got segment base_footprint
[robot_state_publisher-8] [INFO] [1776752527.049760006] [tb3_2.robot_state_publisher]: got segment base_link
[robot_state_publisher-8] [INFO] [1776752527.049781939] [tb3_2.robot_state_publisher]: got segment base_scan
[robot_state_publisher-8] [INFO] [1776752527.049794535] [tb3_2.robot_state_publisher]: got segment caster_back_link
[robot_state_publisher-8] [INFO] [1776752527.049805585] [tb3_2.robot_state_publisher]: got segment imu_link
[robot_state_publisher-8] [INFO] [1776752527.049815900] [tb3_2.robot_state_publisher]: got segment wheel_left_link
[robot_state_publisher-8] [INFO] [1776752527.049826181] [tb3_2.robot_state_publisher]: got segment wheel_right_link
[static_transform_publisher-7] [INFO] [1776752527.052667042] [static_tf_tb3_1]: Spinning until stopped - publishing transform
[static_transform_publisher-7] translation: ('0.000000', '0.000000', '0.000000')
[static_transform_publisher-7] rotation: ('0.000000', '0.000000', '0.000000', '1.000000')
[static_transform_publisher-7] from 'map' to 'tb3_1/odom'
[static_transform_publisher-13] [INFO] [1776752527.066402550] [static_tf_tb3_3]: Spinning until stopped - publishing transform
[static_transform_publisher-13] translation: ('0.000000', '0.000000', '0.000000')
[static_transform_publisher-13] rotation: ('0.000000', '0.000000', '0.000000', '1.000000')
[static_transform_publisher-13] from 'map' to 'tb3_3/odom'
[static_transform_publisher-10] [INFO] [1776752527.072325722] [static_tf_tb3_2]: Spinning until stopped - publishing transform
[static_transform_publisher-10] translation: ('0.000000', '0.000000', '0.000000')
[static_transform_publisher-10] rotation: ('0.000000', '0.000000', '0.000000', '1.000000')
[static_transform_publisher-10] from 'map' to 'tb3_2/odom'
[robot_state_publisher-11] [INFO] [1776752527.075087554] [tb3_3.robot_state_publisher]: got segment base_footprint
[robot_state_publisher-11] [INFO] [1776752527.075240421] [tb3_3.robot_state_publisher]: got segment base_link
[robot_state_publisher-11] [INFO] [1776752527.075263301] [tb3_3.robot_state_publisher]: got segment base_scan
[robot_state_publisher-11] [INFO] [1776752527.075276609] [tb3_3.robot_state_publisher]: got segment caster_back_link
[robot_state_publisher-11] [INFO] [1776752527.075287645] [tb3_3.robot_state_publisher]: got segment imu_link
[robot_state_publisher-11] [INFO] [1776752527.076020271] [tb3_3.robot_state_publisher]: got segment wheel_left_link
[robot_state_publisher-11] [INFO] [1776752527.076034764] [tb3_3.robot_state_publisher]: got segment wheel_right_link
[lifecycle_manager-15] [INFO] [1776752527.092678439] [lifecycle_manager_map]: Creating
[lifecycle_manager-15] [INFO] [1776752527.097530107] [lifecycle_manager_map]: [34m[1mCreating and initializing lifecycle service clients[0m[0m
[lifecycle_manager-15] [INFO] [1776752527.107888127] [lifecycle_manager_map]: [34m[1mStarting managed nodes bringup...[0m[0m
[lifecycle_manager-15] [INFO] [1776752527.107949653] [lifecycle_manager_map]: [34m[1mConfiguring map_server[0m[0m
[map_server-14] [INFO] [1776752527.114813991] [map_server]: 
[map_server-14] 	map_server lifecycle node launched. 
[map_server-14] 	Waiting on external lifecycle transitions to activate
[map_server-14] 	See https://design.ros2.org/articles/node_lifecycle.html for more information.
[map_server-14] [INFO] [1776752527.115029636] [map_server]: Creating
[map_server-14] [INFO] [1776752527.115633432] [map_server]: Configuring
[map_server-14] [INFO] [1776752527.115679806] [map_io]: Loading yaml file: /home/wj/work/multi-robot-exploration-rl/install/start_rl_environment_tb3/share/start_rl_environment_tb3/maps/corridor_swap.yaml
[map_server-14] [INFO] [1776752527.115943782] [map_io]: resolution: 0.05
[map_server-14] [INFO] [1776752527.115955832] [map_io]: origin[0]: -6
[map_server-14] [INFO] [1776752527.115961200] [map_io]: origin[1]: -6
[map_server-14] [INFO] [1776752527.115965639] [map_io]: origin[2]: 0
[map_server-14] [INFO] [1776752527.115970353] [map_io]: free_thresh: 0.196
[map_server-14] [INFO] [1776752527.115975123] [map_io]: occupied_thresh: 0.65
[map_server-14] [INFO] [1776752527.115980395] [map_io]: mode: trinary
[map_server-14] [INFO] [1776752527.115985882] [map_io]: negate: 0
[map_server-14] [INFO] [1776752527.116496509] [map_io]: Loading image_file: /home/wj/work/multi-robot-exploration-rl/install/start_rl_environment_tb3/share/start_rl_environment_tb3/maps/corridor_swap.pgm
[map_server-14] [INFO] [1776752527.129470672] [map_io]: Read map /home/wj/work/multi-robot-exploration-rl/install/start_rl_environment_tb3/share/start_rl_environment_tb3/maps/corridor_swap.pgm: 240 X 240 map @ 0.05 m/cell
[lifecycle_manager-15] [INFO] [1776752527.152772183] [lifecycle_manager_map]: [34m[1mActivating map_server[0m[0m
[map_server-14] [INFO] [1776752527.153005065] [map_server]: Activating
[map_server-14] [INFO] [1776752527.153256435] [map_server]: Creating bond (map_server) to lifecycle manager.
[lifecycle_manager-15] [INFO] [1776752527.266504929] [lifecycle_manager_map]: Server map_server connected with bond.
[lifecycle_manager-15] [INFO] [1776752527.266564720] [lifecycle_manager_map]: [34m[1mManaged nodes are active[0m[0m
[lifecycle_manager-15] [INFO] [1776752527.266581961] [lifecycle_manager_map]: [34m[1mCreating bond timer...[0m[0m
[gzserver-1] Gazebo multi-robot simulator, version 11.10.2
[gzserver-1] Copyright (C) 2012 Open Source Robotics Foundation.
[gzserver-1] Released under the Apache 2 License.
[gzserver-1] http://gazebosim.org
[gzserver-1] 
[spawn_entity.py-3] [INFO] [1776752527.741715712] [tb3_0.spawn_entity]: Spawn Entity started
[spawn_entity.py-3] [INFO] [1776752527.742945229] [tb3_0.spawn_entity]: Loading entity XML from file /tmp/tb3_0_scgmsb8o.sdf
[spawn_entity.py-3] [INFO] [1776752527.744388824] [tb3_0.spawn_entity]: Waiting for service /spawn_entity, timeout = 30
[spawn_entity.py-3] [INFO] [1776752527.745016343] [tb3_0.spawn_entity]: Waiting for service /spawn_entity
[spawn_entity.py-9] [INFO] [1776752527.745624470] [tb3_2.spawn_entity]: Spawn Entity started
[spawn_entity.py-9] [INFO] [1776752527.746162792] [tb3_2.spawn_entity]: Loading entity XML from file /tmp/tb3_2_eepjlarj.sdf
[spawn_entity.py-9] [INFO] [1776752527.747251430] [tb3_2.spawn_entity]: Waiting for service /spawn_entity, timeout = 30
[spawn_entity.py-9] [INFO] [1776752527.747760910] [tb3_2.spawn_entity]: Waiting for service /spawn_entity
[spawn_entity.py-6] [INFO] [1776752527.786454210] [tb3_1.spawn_entity]: Spawn Entity started
[spawn_entity.py-6] [INFO] [1776752527.787011424] [tb3_1.spawn_entity]: Loading entity XML from file /tmp/tb3_1_53anc922.sdf
[spawn_entity.py-6] [INFO] [1776752527.787872730] [tb3_1.spawn_entity]: Waiting for service /spawn_entity, timeout = 30
[spawn_entity.py-6] [INFO] [1776752527.788382646] [tb3_1.spawn_entity]: Waiting for service /spawn_entity
[spawn_entity.py-12] [INFO] [1776752527.828317735] [tb3_3.spawn_entity]: Spawn Entity started
[spawn_entity.py-12] [INFO] [1776752527.828840635] [tb3_3.spawn_entity]: Loading entity XML from file /tmp/tb3_3__g2xxx9u.sdf
[spawn_entity.py-12] [INFO] [1776752527.829957243] [tb3_3.spawn_entity]: Waiting for service /spawn_entity, timeout = 30
[spawn_entity.py-12] [INFO] [1776752527.830424792] [tb3_3.spawn_entity]: Waiting for service /spawn_entity
[gzserver-1] [1;33m[Wrn] [gazebo_ros_init.cpp:178] [0m[1;33m
[gzserver-1] #     # ####### ####### ###  #####  #######
[gzserver-1] ##    # #     #    #     #  #     # #
[gzserver-1] # #   # #     #    #     #  #       #
[gzserver-1] #  #  # #     #    #     #  #       #####
[gzserver-1] #   # # #     #    #     #  #       #
[gzserver-1] #    ## #     #    #     #  #     # #
[gzserver-1] #     # #######    #    ###  #####  #######
[gzserver-1] 
[gzserver-1] This version of Gazebo, now called Gazebo classic, reaches end-of-life
[gzserver-1] in January 2025. Users are highly encouraged to migrate to the new Gazebo
[gzserver-1] using our migration guides (https://gazebosim.org/docs/latest/gazebo_classic_migration?utm_source=gazebo_ros_pkgs&utm_medium=cli)
[gzserver-1] 
[gzserver-1] [0m[1;33m
[gzserver-1] [1;32m[Msg] [0m[1;32mWaiting for master.[0m[1;32m
[gzserver-1] [0m[1;32m[0m[1;32m[0m[1;32m[Msg] [0m[1;32mConnected to gazebo master @ [0m[1;32mhttp://127.0.0.1:11355[0m[1;32m
[gzserver-1] [0m[1;32m[0m[1;32m[0m[1;32m[Msg] [0m[1;32mPublicized address: [0m[1;32m172.19.10.153[0m[1;32m
[rviz2-16] [INFO] [1776752528.828870699] [rviz2]: Stereo is NOT SUPPORTED
[rviz2-16] [INFO] [1776752528.829005981] [rviz2]: OpenGl version: 4.6 (GLSL 4.6)
  等待中... 2s / 60s[rviz2-16] [INFO] [1776752528.946735300] [rviz2]: Stereo is NOT SUPPORTED
[gzserver-1] [0m[1;32m[0m[1;32m[0m[1;32m[Msg] [0m[1;32mLoading world file [[0m[1;32m/home/wj/work/multi-robot-exploration-rl/install/start_rl_environment_tb3/share/start_rl_environment_tb3/worlds/corridor_swap.world[0m[1;32m][0m[1;32m
/home/wj/work/multi-robot-exploration-rl/src/gnn_marl_training/run_curriculum.sh: 行 360: [[: 0
0: 表达式中有语法错误（错误记号是 "0"）
[spawn_entity.py-3] [INFO] [1776752529.507071101] [tb3_0.spawn_entity]: Calling service /spawn_entity
[spawn_entity.py-9] [INFO] [1776752529.507861906] [tb3_2.spawn_entity]: Calling service /spawn_entity
[gzserver-1] [0m[1;33m[0m[1;33m[0m[WARN] [1776752529.525535361] [rcl]: Found remap rule 'model_states:=model_states_demo'. This syntax is deprecated. Use '--ros-args --remap model_states:=model_states_demo' instead.
[spawn_entity.py-6] [INFO] [1776752529.547403987] [tb3_1.spawn_entity]: Calling service /spawn_entity
[gzserver-1] [INFO] [1776752529.547870359] [gazebo_ros_state]: Publishing states of gazebo models at [/model_states_demo]
[gzserver-1] [INFO] [1776752529.550802852] [gazebo_ros_state]: Publishing states of gazebo links at [/link_states]
[spawn_entity.py-12] [INFO] [1776752529.587835014] [tb3_3.spawn_entity]: Calling service /spawn_entity
[gzserver-1] [INFO] [1776752529.745158078] [tb3_0.turtlebot3_imu]: <initial_orientation_as_reference> is unset, using default value of false to comply with REP 145 (world as orientation reference)
[obstacle_mover.py-17] [INFO] [1776752529.754394421] [obstacle_mover]: [obstacle_mover] map=3  8 个障碍物  速度=0.110 m/s (scale×1.0)  30 Hz  随机游走模式
[spawn_entity.py-3] [INFO] [1776752529.885765201] [tb3_0.spawn_entity]: Spawn status: SpawnEntity: Successfully spawned entity [tb3_0]
[gzserver-1] [INFO] [1776752530.020580894] [tb3_0.turtlebot3_diff_drive]: Wheel pair 1 separation set to [0.160000m]
[gzserver-1] [INFO] [1776752530.020650972] [tb3_0.turtlebot3_diff_drive]: Wheel pair 1 diameter set to [0.066000m]
[gzserver-1] [INFO] [1776752530.022680466] [tb3_0.turtlebot3_diff_drive]: Subscribed to [/tb3_0/cmd_vel]
[gzserver-1] [INFO] [1776752530.026447608] [tb3_0.turtlebot3_diff_drive]: Advertise odometry on [/tb3_0/odom]
[gzserver-1] [INFO] [1776752530.031460866] [tb3_0.turtlebot3_diff_drive]: Publishing odom transforms between [tb3_0/odom] and [tb3_0/base_footprint]
[gzserver-1] [INFO] [1776752530.049234989] [tb3_0.turtlebot3_joint_state]: Going to publish joint [wheel_left_joint]
[gzserver-1] [INFO] [1776752530.049306833] [tb3_0.turtlebot3_joint_state]: Going to publish joint [wheel_right_joint]
[INFO] [spawn_entity.py-3]: process has finished cleanly [pid 1682069]
[gzserver-1] [INFO] [1776752530.370109534] [tb3_2.turtlebot3_imu]: <initial_orientation_as_reference> is unset, using default value of false to comply with REP 145 (world as orientation reference)
[spawn_entity.py-9] [INFO] [1776752530.504697558] [tb3_2.spawn_entity]: Spawn status: SpawnEntity: Successfully spawned entity [tb3_2]
[gzserver-1] [INFO] [1776752530.675747076] [tb3_2.turtlebot3_diff_drive]: Wheel pair 1 separation set to [0.160000m]
[gzserver-1] [INFO] [1776752530.675809384] [tb3_2.turtlebot3_diff_drive]: Wheel pair 1 diameter set to [0.066000m]
[gzserver-1] [INFO] [1776752530.676542306] [tb3_2.turtlebot3_diff_drive]: Subscribed to [/tb3_2/cmd_vel]
[gzserver-1] [INFO] [1776752530.677406092] [tb3_2.turtlebot3_diff_drive]: Advertise odometry on [/tb3_2/odom]
[gzserver-1] [INFO] [1776752530.679420789] [tb3_2.turtlebot3_diff_drive]: Publishing odom transforms between [tb3_2/odom] and [tb3_2/base_footprint]
[gzserver-1] [INFO] [1776752530.691797332] [tb3_2.turtlebot3_joint_state]: Going to publish joint [wheel_left_joint]
[gzserver-1] [INFO] [1776752530.691850018] [tb3_2.turtlebot3_joint_state]: Going to publish joint [wheel_right_joint]
[INFO] [spawn_entity.py-9]: process has finished cleanly [pid 1682081]
[gzserver-1] [INFO] [1776752531.100710017] [tb3_1.turtlebot3_imu]: <initial_orientation_as_reference> is unset, using default value of false to comply with REP 145 (world as orientation reference)
[spawn_entity.py-6] [INFO] [1776752531.241300010] [tb3_1.spawn_entity]: Spawn status: SpawnEntity: Successfully spawned entity [tb3_1]
[gzserver-1] [INFO] [1776752531.362009730] [tb3_1.turtlebot3_diff_drive]: Wheel pair 1 separation set to [0.160000m]
[gzserver-1] [INFO] [1776752531.362086100] [tb3_1.turtlebot3_diff_drive]: Wheel pair 1 diameter set to [0.066000m]
[gzserver-1] [INFO] [1776752531.363399287] [tb3_1.turtlebot3_diff_drive]: Subscribed to [/tb3_1/cmd_vel]
[gzserver-1] [INFO] [1776752531.365035421] [tb3_1.turtlebot3_diff_drive]: Advertise odometry on [/tb3_1/odom]
[gzserver-1] [INFO] [1776752531.368665252] [tb3_1.turtlebot3_diff_drive]: Publishing odom transforms between [tb3_1/odom] and [tb3_1/base_footprint]
[gzserver-1] [INFO] [1776752531.387913733] [tb3_1.turtlebot3_joint_state]: Going to publish joint [wheel_left_joint]
[gzserver-1] [INFO] [1776752531.387967532] [tb3_1.turtlebot3_joint_state]: Going to publish joint [wheel_right_joint]
[INFO] [spawn_entity.py-6]: process has finished cleanly [pid 1682075]
  等待中... 4s / 60s[gzserver-1] [INFO] [1776752531.724861914] [tb3_3.turtlebot3_imu]: <initial_orientation_as_reference> is unset, using default value of false to comply with REP 145 (world as orientation reference)
[spawn_entity.py-12] [INFO] [1776752531.854140520] [tb3_3.spawn_entity]: Spawn status: SpawnEntity: Successfully spawned entity [tb3_3]
[gzserver-1] [INFO] [1776752531.966988485] [tb3_3.turtlebot3_diff_drive]: Wheel pair 1 separation set to [0.160000m]
[gzserver-1] [INFO] [1776752531.967050718] [tb3_3.turtlebot3_diff_drive]: Wheel pair 1 diameter set to [0.066000m]
[gzserver-1] [INFO] [1776752531.967917963] [tb3_3.turtlebot3_diff_drive]: Subscribed to [/tb3_3/cmd_vel]
[gzserver-1] [INFO] [1776752531.969016356] [tb3_3.turtlebot3_diff_drive]: Advertise odometry on [/tb3_3/odom]
[gzserver-1] [INFO] [1776752531.971954973] [tb3_3.turtlebot3_diff_drive]: Publishing odom transforms between [tb3_3/odom] and [tb3_3/base_footprint]
[gzserver-1] [INFO] [1776752531.988047217] [tb3_3.turtlebot3_joint_state]: Going to publish joint [wheel_left_joint]
[gzserver-1] [INFO] [1776752531.988104361] [tb3_3.turtlebot3_joint_state]: Going to publish joint [wheel_right_joint]
[INFO] [spawn_entity.py-12]: process has finished cleanly [pid 1682089]
[0;32m[✓][0m Gazebo 就绪！（4s，已生成 4/4 台机器人）

[1m[0;36m═══ Stage 1 · Stage 1 · 静态入门 ═══[0m

[0;36m[INFO][0m 当前超参 -> LR: 3e-4 | Clip: 0.20
[0;36m[INFO][0m 训练命令: python3 /home/wj/work/multi-robot-exploration-rl/src/gnn_marl_training/gnn_marl_training/train_gnn_mappo_full.py --model_type gat --env_stage 1 --num_agents 4 --num_workers 1 --train_steps 1000000 --train_batch_size 5000 --checkpoint_freq 5000 --hidden_dim 512 --lr 3e-4 --clip_param 0.20 --sample_timeout_s 1200 --rollout_fragment_length 1000 --batch_mode truncate_episodes --map_number 3 --action_mode continuous --ppo_profile auto --obstacle_filter_range 1.2 --obstacle_filter_fov_deg 360 --obstacle_top_k 9 --rolling_lookahead_dist 0.8 --safety_filter_enable 0 --gat_actor_graph local_risk --gat_critic_mode mlp --curriculum_stage 1
[rviz2-16] [INFO] [1776752541.917317394] [rviz2_gat_s1_continuous]: Message Filter dropping message: frame 'tb3_2/base_scan' at time 0.282 for reason 'the timestamp on the message is earlier than all the data in the transform cache'
[rviz2-16] [INFO] [1776752542.116356571] [rviz2_gat_s1_continuous]: Message Filter dropping message: frame 'tb3_1/base_scan' at time 0.482 for reason 'the timestamp on the message is earlier than all the data in the transform cache'
[rviz2-16] [INFO] [1776752542.351307798] [rviz2_gat_s1_continuous]: Message Filter dropping message: frame 'tb3_3/base_scan' at time 0.683 for reason 'the timestamp on the message is earlier than all the data in the transform cache'
2026-04-21 14:22:33,331	INFO worker.py:2013 -- Started a local Ray instance.
/home/wj/anaconda3/envs/ros2/lib/python3.10/site-packages/ray/rllib/algorithms/algorithm.py:527: RayDeprecationWarning: This API is deprecated and may be removed in future Ray releases. You could suppress this warning by setting env variable PYTHONWARNINGS="ignore::DeprecationWarning"
`UnifiedLogger` will be removed in Ray 2.7.
  return UnifiedLogger(config, logdir, loggers=None)
/home/wj/anaconda3/envs/ros2/lib/python3.10/site-packages/ray/tune/logger/unified.py:53: RayDeprecationWarning: This API is deprecated and may be removed in future Ray releases. You could suppress this warning by setting env variable PYTHONWARNINGS="ignore::DeprecationWarning"
The `JsonLogger interface is deprecated in favor of the `ray.tune.json.JsonLoggerCallback` interface and will be removed in Ray 2.7.
  self._loggers.append(cls(self.config, self.logdir, self.trial))
/home/wj/anaconda3/envs/ros2/lib/python3.10/site-packages/ray/tune/logger/unified.py:53: RayDeprecationWarning: This API is deprecated and may be removed in future Ray releases. You could suppress this warning by setting env variable PYTHONWARNINGS="ignore::DeprecationWarning"
The `CSVLogger interface is deprecated in favor of the `ray.tune.csv.CSVLoggerCallback` interface and will be removed in Ray 2.7.
  self._loggers.append(cls(self.config, self.logdir, self.trial))
/home/wj/anaconda3/envs/ros2/lib/python3.10/site-packages/ray/tune/logger/unified.py:53: RayDeprecationWarning: This API is deprecated and may be removed in future Ray releases. You could suppress this warning by setting env variable PYTHONWARNINGS="ignore::DeprecationWarning"
The `TBXLogger interface is deprecated in favor of the `ray.tune.tensorboardx.TBXLoggerCallback` interface and will be removed in Ray 2.7.
  self._loggers.append(cls(self.config, self.logdir, self.trial))
[2026-04-21 14:22:34,914 E 1682559 1682559] core_worker.cc:2232: Actor with class name: 'RolloutWorker' and ID: '394039654dd745216776ac1701000000' has constructor arguments in the object store and max_restarts > 0. If the arguments in the object store go out of scope or are lost, the actor restart will fail. See https://github.com/ray-project/ray/issues/53727 for more details.
[36m(RolloutWorker pid=1683807)[0m [INFO] [1776752560.466660612] [gym_env_robot_0_3354]: ✅ 路径可视化器已启动，路径话题: /waypoint_markers, tracking话题: /rolling_subgoal_markers
[36m(RolloutWorker pid=1683807)[0m [INFO] [1776752560.505620942] [gym_env_robot_1_95927]: ✅ 路径可视化器已启动，路径话题: /waypoint_markers, tracking话题: /rolling_subgoal_markers
[36m(RolloutWorker pid=1683807)[0m [INFO] [1776752560.547165307] [gym_env_robot_2_94112]: ✅ 路径可视化器已启动，路径话题: /waypoint_markers, tracking话题: /rolling_subgoal_markers
[36m(RolloutWorker pid=1683807)[0m [INFO] [1776752560.584069571] [gym_env_robot_3_24762]: ✅ 路径可视化器已启动，路径话题: /waypoint_markers, tracking话题: /rolling_subgoal_markers
[INFO] [1776752562.956474971] [gym_env_robot_0_92371]: ✅ 路径可视化器已启动，路径话题: /waypoint_markers, tracking话题: /rolling_subgoal_markers
[INFO] [1776752563.005998533] [gym_env_robot_1_1205]: ✅ 路径可视化器已启动，路径话题: /waypoint_markers, tracking话题: /rolling_subgoal_markers
[INFO] [1776752563.043972285] [gym_env_robot_2_94185]: ✅ 路径可视化器已启动，路径话题: /waypoint_markers, tracking话题: /rolling_subgoal_markers
[INFO] [1776752563.078071433] [gym_env_robot_3_15202]: ✅ 路径可视化器已启动，路径话题: /waypoint_markers, tracking话题: /rolling_subgoal_markers
2026-04-21 14:22:46,055	INFO trainable.py:161 -- Trainable.setup took 11.223 seconds. If your trainable is slow to initialize, consider setting reuse_actors=True to reduce actor creation overheads.
2026-04-21 14:22:46,055	WARNING util.py:62 -- Install gputil for GPU system monitoring.
================================================================================
🚀 GNN-MAPPO 课程学习训练  [局部风险注意力 (无通信)]
================================================================================
  环境阶段:     1 · Stage 1 · 静态入门
  机器人数量:   4
  通信范围:     3.5 m
  并行Workers:  1
  采样设置:     timeout=1200s fragment=1000 mode=truncate_episodes
  训练步数:     1,000,000
  动作模式:     continuous
  PPO配置:      continuous_baseline  (clip=0.2, ent=0.005, mb=512, epochs=10)
  GAT Actor:    local_risk  bias=2.50
  GAT Critic:   mlp
  需要环境:     ros2 launch start_rl_environment_tb3 main.launch.py map_number:=3 robot_number:=4 num_obstacles:=0 obs_speed_scale:=0.0
  comm_dropout: 100%  ← Actor 不用通信图，强制100%丢包
  冲突路线:     mode=mixed prob=0.75
================================================================================

🎯 局部风险图注意力：不依赖通信，直接训练 actor 的风险关注模式...

[36m(RolloutWorker pid=1683807)[0m 🤖 环境初始化: Namespace='/tb3_0', ModelName='tb3_0'
[36m(RolloutWorker pid=1683807)[0m ✅ Map 3: 预计算安全 spawn 点 42748 个 (clearance=0.40m)
[36m(RolloutWorker pid=1683807)[0m ✅ Robot 0: A*规划器初始化完成
[36m(RolloutWorker pid=1683807)[0m 🤖 环境初始化: Namespace='/tb3_1', ModelName='tb3_1'
[36m(RolloutWorker pid=1683807)[0m ✅ Map 3: 预计算安全 spawn 点 42748 个 (clearance=0.40m)
[36m(RolloutWorker pid=1683807)[0m ✅ Robot 1: A*规划器初始化完成
[36m(RolloutWorker pid=1683807)[0m 🤖 环境初始化: Namespace='/tb3_2', ModelName='tb3_2'
[36m(RolloutWorker pid=1683807)[0m ✅ Map 3: 预计算安全 spawn 点 42748 个 (clearance=0.40m)
[36m(RolloutWorker pid=1683807)[0m ✅ Robot 2: A*规划器初始化完成
[36m(RolloutWorker pid=1683807)[0m 🤖 环境初始化: Namespace='/tb3_3', ModelName='tb3_3'
[36m(RolloutWorker pid=1683807)[0m ✅ Map 3: 预计算安全 spawn 点 42748 个 (clearance=0.40m)
[36m(RolloutWorker pid=1683807)[0m ✅ Robot 3: A*规划器初始化完成
🤖 环境初始化: Namespace='/tb3_0', ModelName='tb3_0'
✅ Map 3: 预计算安全 spawn 点 42748 个 (clearance=0.40m)
✅ Robot 0: A*规划器初始化完成
🤖 环境初始化: Namespace='/tb3_1', ModelName='tb3_1'
✅ Map 3: 预计算安全 spawn 点 42748 个 (clearance=0.40m)
✅ Robot 1: A*规划器初始化完成
🤖 环境初始化: Namespace='/tb3_2', ModelName='tb3_2'
✅ Map 3: 预计算安全 spawn 点 42748 个 (clearance=0.40m)
✅ Robot 2: A*规划器初始化完成
🤖 环境初始化: Namespace='/tb3_3', ModelName='tb3_3'
✅ Map 3: 预计算安全 spawn 点 42748 个 (clearance=0.40m)
✅ Robot 3: A*规划器初始化完成
[36m(RolloutWorker pid=1683807)[0m [graph] step=   0  comm_range=3.5m
[36m(RolloutWorker pid=1683807)[0m   robot_0 pos=(-3.300, 0.800)
[36m(RolloutWorker pid=1683807)[0m     adj=[1  1  0  0]  dist=[ 0.00   1.95  10.19   4.22]  neighbors=[1]
[36m(RolloutWorker pid=1683807)[0m   robot_1 pos=(-2.350, 2.500)
[36m(RolloutWorker pid=1683807)[0m     adj=[1  1  0  0]  dist=[ 1.95   0.00  10.66   4.43]  neighbors=[0]
[36m(RolloutWorker pid=1683807)[0m   robot_2 pos=( 4.750,-5.450)
[36m(RolloutWorker pid=1683807)[0m     adj=[0  0  1  0]  dist=[10.19  10.66   0.00   6.23]  neighbors=[]
[36m(RolloutWorker pid=1683807)[0m   robot_3 pos=( 0.600,-0.800)
[36m(RolloutWorker pid=1683807)[0m     adj=[0  0  0  1]  dist=[ 4.22   4.43   6.23   0.00]  neighbors=[]
[36m(RolloutWorker pid=1683807)[0m [comm] step=   0  agent_0  my_pos=(-3.300,0.800)  candidates=[np.int64(1)]  received=0/1
[36m(RolloutWorker pid=1683807)[0m     (无有效邻居: 范围外/丢包/延迟填零)
[36m(RolloutWorker pid=1683807)[0m [comm] step=   0  agent_1  my_pos=(-2.350,2.500)  candidates=[np.int64(0)]  received=0/1
[36m(RolloutWorker pid=1683807)[0m     (无有效邻居: 范围外/丢包/延迟填零)
[36m(RolloutWorker pid=1683807)[0m [comm] step=   0  agent_2  my_pos=(4.750,-5.450)  candidates=[]  received=0/0
[36m(RolloutWorker pid=1683807)[0m     (无有效邻居: 范围外/丢包/延迟填零)
[36m(RolloutWorker pid=1683807)[0m [comm] step=   0  agent_3  my_pos=(0.600,-0.800)  candidates=[]  received=0/0
[36m(RolloutWorker pid=1683807)[0m     (无有效邻居: 范围外/丢包/延迟填零)
[36m(RolloutWorker pid=1683807)[0m [graph] step=   1  comm_range=3.5m
[36m(RolloutWorker pid=1683807)[0m   robot_0 pos=(-3.300, 0.800)
[36m(RolloutWorker pid=1683807)[0m     adj=[1  1  0  0]  dist=[ 0.00   1.95  10.19   4.22]  neighbors=[1]
[36m(RolloutWorker pid=1683807)[0m   robot_1 pos=(-2.350, 2.500)
[36m(RolloutWorker pid=1683807)[0m     adj=[1  1  0  0]  dist=[ 1.95   0.00  10.66   4.43]  neighbors=[0]
[36m(RolloutWorker pid=1683807)[0m   robot_2 pos=( 4.750,-5.450)
[36m(RolloutWorker pid=1683807)[0m     adj=[0  0  1  0]  dist=[10.19  10.66   0.00   6.23]  neighbors=[]
[36m(RolloutWorker pid=1683807)[0m   robot_3 pos=( 0.600,-0.800)
[36m(RolloutWorker pid=1683807)[0m     adj=[0  0  0  1]  dist=[ 4.22   4.43   6.23   0.00]  neighbors=[]
[36m(RolloutWorker pid=1683807)[0m [comm] step=   1  agent_0  my_pos=(-3.300,0.800)  candidates=[np.int64(1)]  received=0/1
[36m(RolloutWorker pid=1683807)[0m     (无有效邻居: 范围外/丢包/延迟填零)
[36m(RolloutWorker pid=1683807)[0m [comm] step=   1  agent_1  my_pos=(-2.350,2.500)  candidates=[np.int64(0)]  received=0/1
[36m(RolloutWorker pid=1683807)[0m     (无有效邻居: 范围外/丢包/延迟填零)
[36m(RolloutWorker pid=1683807)[0m [comm] step=   1  agent_2  my_pos=(4.750,-5.450)  candidates=[]  received=0/0
[36m(RolloutWorker pid=1683807)[0m     (无有效邻居: 范围外/丢包/延迟填零)
[36m(RolloutWorker pid=1683807)[0m [comm] step=   1  agent_3  my_pos=(0.600,-0.800)  candidates=[]  received=0/0
[36m(RolloutWorker pid=1683807)[0m     (无有效邻居: 范围外/丢包/延迟填零)
[36m(RolloutWorker pid=1683807)[0m [graph] step=   2  comm_range=3.5m
[36m(RolloutWorker pid=1683807)[0m   robot_0 pos=(-3.300, 0.801)
[36m(RolloutWorker pid=1683807)[0m     adj=[1  1  0  0]  dist=[ 0.00   1.95  10.19   4.22]  neighbors=[1]
[36m(RolloutWorker pid=1683807)[0m   robot_1 pos=(-2.350, 2.500)
[36m(RolloutWorker pid=1683807)[0m     adj=[1  1  0  0]  dist=[ 1.95   0.00  10.66   4.43]  neighbors=[0]
[36m(RolloutWorker pid=1683807)[0m   robot_2 pos=( 4.750,-5.450)
[36m(RolloutWorker pid=1683807)[0m     adj=[0  0  1  0]  dist=[10.19  10.66   0.00   6.23]  neighbors=[]
[36m(RolloutWorker pid=1683807)[0m   robot_3 pos=( 0.600,-0.799)
[36m(RolloutWorker pid=1683807)[0m     adj=[0  0  0  1]  dist=[ 4.22   4.43   6.23   0.00]  neighbors=[]
[36m(RolloutWorker pid=1683807)[0m [comm] step=   2  agent_0  my_pos=(-3.300,0.801)  candidates=[np.int64(1)]  received=0/1
[36m(RolloutWorker pid=1683807)[0m     (无有效邻居: 范围外/丢包/延迟填零)
[36m(RolloutWorker pid=1683807)[0m [comm] step=   2  agent_1  my_pos=(-2.350,2.500)  candidates=[np.int64(0)]  received=0/1
[36m(RolloutWorker pid=1683807)[0m     (无有效邻居: 范围外/丢包/延迟填零)
[36m(RolloutWorker pid=1683807)[0m [comm] step=   2  agent_2  my_pos=(4.750,-5.450)  candidates=[]  received=0/0
[36m(RolloutWorker pid=1683807)[0m     (无有效邻居: 范围外/丢包/延迟填零)
[36m(RolloutWorker pid=1683807)[0m [comm] step=   2  agent_3  my_pos=(0.600,-0.799)  candidates=[]  received=0/0
[36m(RolloutWorker pid=1683807)[0m     (无有效邻居: 范围外/丢包/延迟填零)
[36m(RolloutWorker pid=1683807)[0m [graph] step=   3  comm_range=3.5m
[36m(RolloutWorker pid=1683807)[0m   robot_0 pos=(-3.303, 0.808)
[36m(RolloutWorker pid=1683807)[0m     adj=[1  1  0  0]  dist=[ 0.00   1.94  10.20   4.22]  neighbors=[1]
[36m(RolloutWorker pid=1683807)[0m   robot_1 pos=(-2.348, 2.497)
[36m(RolloutWorker pid=1683807)[0m     adj=[1  1  0  0]  dist=[ 1.94   0.00  10.66   4.42]  neighbors=[0]
[36m(RolloutWorker pid=1683807)[0m   robot_2 pos=( 4.747,-5.454)
已终止

[1;33m[⚠][0m 收到中断信号，正在清理...
[0;36m[INFO][0m 已清理，退出。
