
[1m[0;36m═══ 环境检查 ═══[0m

[0;32m[✓][0m 环境检查通过
[0;36m[INFO][0m   ROS_DOMAIN_ID: 11
[0;36m[INFO][0m   GAZEBO_MASTER_URI: http://127.0.0.1:11345
[0;36m[INFO][0m   Ray 输出目录: /home/wj/work/multi-robot-exploration-rl/ray_results/mlp_s1_continuous
[0;36m[INFO][0m   课程日志目录: /home/wj/work/multi-robot-exploration-rl/curriculum_logs/mlp_s1_continuous

[0;36m[INFO][0m 正在停止当前脚本启动的 ROS2/Gazebo 进程...
🛑 正在清理 ROS2 进程...
🧭 清理范围: port_only
🎯 目标 Gazebo 端口: 11345
✅ 目标 Gazebo 端口 11345 已清理完毕

[1m[0;36m  启动 Gazebo 环境 (Stage 1 · Stage 1 · 静态入门)[0m

🛑 正在清理 ROS2 进程...
🧭 清理范围: port_only
🎯 目标 Gazebo 端口: 11345
✅ 目标 Gazebo 端口 11345 已清理完毕
[0;36m[INFO][0m 等待 Gazebo 就绪（最多 60s）...
=== Stage 1: Stage 1 · 静态入门 ===
[INFO] [launch]: All log files can be found below /home/wj/.ros/log/2026-04-21-14-22-05-681817-wj-Default-string-1681798
[INFO] [launch]: Default logging verbosity is set to INFO
[INFO] Loading world (HEADLESS): /home/wj/work/multi-robot-exploration-rl/install/start_rl_environment_tb3/share/start_rl_environment_tb3/worlds/corridor_swap.world
[INFO] Using GAZEBO_MASTER_URI: http://127.0.0.1:11345
[INFO] Spawning 4 TurtleBot3 robots on corridor_swap...
[INFO] Using random positions
[INFO] Using fixed positions for 4 robots
[INFO]   Robot 0: Robot 0 - 左侧中间 at (-4.50, 0.00)
[INFO]   Robot 1: Robot 1 - 右侧中间 at (4.50, 0.00)
[INFO]   Robot 2: Robot 2 - 左下 at (-4.50, -3.00)
[INFO]   Robot 3: Robot 3 - 左上 at (-4.50, 3.00)
[spawn_robots] Created modified SDF for tb3_0 at /tmp/tb3_0_k0gtt0x5.sdf
[spawn_robots] Created modified SDF for tb3_1 at /tmp/tb3_1_5quzzc_y.sdf
[spawn_robots] Created modified SDF for tb3_2 at /tmp/tb3_2_skieqtux.sdf
[spawn_robots] Created modified SDF for tb3_3 at /tmp/tb3_3_jm0qie59.sdf
[INFO] Map Server loading: /home/wj/work/multi-robot-exploration-rl/install/start_rl_environment_tb3/share/start_rl_environment_tb3/maps/corridor_swap.yaml
[INFO] [gzserver-1]: process started with pid [1681850]
[INFO] [robot_state_publisher-2]: process started with pid [1681852]
[INFO] [spawn_entity.py-3]: process started with pid [1681854]
[INFO] [static_transform_publisher-4]: process started with pid [1681856]
[INFO] [robot_state_publisher-5]: process started with pid [1681858]
[INFO] [spawn_entity.py-6]: process started with pid [1681860]
[INFO] [static_transform_publisher-7]: process started with pid [1681862]
[INFO] [robot_state_publisher-8]: process started with pid [1681864]
[INFO] [spawn_entity.py-9]: process started with pid [1681866]
[INFO] [static_transform_publisher-10]: process started with pid [1681868]
[INFO] [robot_state_publisher-11]: process started with pid [1681870]
[INFO] [spawn_entity.py-12]: process started with pid [1681873]
[INFO] [static_transform_publisher-13]: process started with pid [1681881]
[INFO] [map_server-14]: process started with pid [1681896]
[INFO] [lifecycle_manager-15]: process started with pid [1681903]
[INFO] [rviz2-16]: process started with pid [1681914]
[INFO] [obstacle_mover.py-17]: process started with pid [1681930]
[static_transform_publisher-4] [WARN] [1776752525.928384346] []: Old-style arguments are deprecated; see --help for new-style arguments
[static_transform_publisher-4] [INFO] [1776752525.952266046] [static_tf_tb3_0]: Spinning until stopped - publishing transform
[static_transform_publisher-4] translation: ('0.000000', '0.000000', '0.000000')
[static_transform_publisher-4] rotation: ('0.000000', '0.000000', '0.000000', '1.000000')
[static_transform_publisher-4] from 'map' to 'tb3_0/odom'
[static_transform_publisher-7] [WARN] [1776752525.943641813] []: Old-style arguments are deprecated; see --help for new-style arguments
[static_transform_publisher-10] [WARN] [1776752525.939761676] []: Old-style arguments are deprecated; see --help for new-style arguments
[static_transform_publisher-13] [WARN] [1776752525.956837180] []: Old-style arguments are deprecated; see --help for new-style arguments
[robot_state_publisher-2] [INFO] [1776752525.971270974] [tb3_0.robot_state_publisher]: got segment base_footprint
[robot_state_publisher-2] [INFO] [1776752525.971472009] [tb3_0.robot_state_publisher]: got segment base_link
[robot_state_publisher-2] [INFO] [1776752525.971493471] [tb3_0.robot_state_publisher]: got segment base_scan
[robot_state_publisher-2] [INFO] [1776752525.971504871] [tb3_0.robot_state_publisher]: got segment caster_back_link
[robot_state_publisher-2] [INFO] [1776752525.971515415] [tb3_0.robot_state_publisher]: got segment imu_link
[robot_state_publisher-2] [INFO] [1776752525.971525097] [tb3_0.robot_state_publisher]: got segment wheel_left_link
[robot_state_publisher-2] [INFO] [1776752525.971534504] [tb3_0.robot_state_publisher]: got segment wheel_right_link
[robot_state_publisher-5] [INFO] [1776752525.995688341] [tb3_1.robot_state_publisher]: got segment base_footprint
[robot_state_publisher-5] [INFO] [1776752525.995850446] [tb3_1.robot_state_publisher]: got segment base_link
[robot_state_publisher-5] [INFO] [1776752525.995871307] [tb3_1.robot_state_publisher]: got segment base_scan
[robot_state_publisher-5] [INFO] [1776752525.995882467] [tb3_1.robot_state_publisher]: got segment caster_back_link
[robot_state_publisher-5] [INFO] [1776752525.995892509] [tb3_1.robot_state_publisher]: got segment imu_link
[robot_state_publisher-5] [INFO] [1776752525.995902746] [tb3_1.robot_state_publisher]: got segment wheel_left_link
[robot_state_publisher-5] [INFO] [1776752525.995913171] [tb3_1.robot_state_publisher]: got segment wheel_right_link
[static_transform_publisher-7] [INFO] [1776752525.997224414] [static_tf_tb3_1]: Spinning until stopped - publishing transform
[static_transform_publisher-7] translation: ('0.000000', '0.000000', '0.000000')
[static_transform_publisher-7] rotation: ('0.000000', '0.000000', '0.000000', '1.000000')
[static_transform_publisher-7] from 'map' to 'tb3_1/odom'
[robot_state_publisher-8] [INFO] [1776752526.004923911] [tb3_2.robot_state_publisher]: got segment base_footprint
[robot_state_publisher-8] [INFO] [1776752526.005090689] [tb3_2.robot_state_publisher]: got segment base_link
[robot_state_publisher-8] [INFO] [1776752526.005115566] [tb3_2.robot_state_publisher]: got segment base_scan
[robot_state_publisher-8] [INFO] [1776752526.005129874] [tb3_2.robot_state_publisher]: got segment caster_back_link
[robot_state_publisher-8] [INFO] [1776752526.005141581] [tb3_2.robot_state_publisher]: got segment imu_link
[robot_state_publisher-8] [INFO] [1776752526.005152225] [tb3_2.robot_state_publisher]: got segment wheel_left_link
[robot_state_publisher-8] [INFO] [1776752526.005162669] [tb3_2.robot_state_publisher]: got segment wheel_right_link
[static_transform_publisher-13] [INFO] [1776752526.008637670] [static_tf_tb3_3]: Spinning until stopped - publishing transform
[static_transform_publisher-13] translation: ('0.000000', '0.000000', '0.000000')
[static_transform_publisher-13] rotation: ('0.000000', '0.000000', '0.000000', '1.000000')
[static_transform_publisher-13] from 'map' to 'tb3_3/odom'
[robot_state_publisher-11] [INFO] [1776752526.011666051] [tb3_3.robot_state_publisher]: got segment base_footprint
[robot_state_publisher-11] [INFO] [1776752526.011866039] [tb3_3.robot_state_publisher]: got segment base_link
[robot_state_publisher-11] [INFO] [1776752526.011889574] [tb3_3.robot_state_publisher]: got segment base_scan
[robot_state_publisher-11] [INFO] [1776752526.011902346] [tb3_3.robot_state_publisher]: got segment caster_back_link
[robot_state_publisher-11] [INFO] [1776752526.011914464] [tb3_3.robot_state_publisher]: got segment imu_link
[robot_state_publisher-11] [INFO] [1776752526.011925240] [tb3_3.robot_state_publisher]: got segment wheel_left_link
[robot_state_publisher-11] [INFO] [1776752526.011935962] [tb3_3.robot_state_publisher]: got segment wheel_right_link
[static_transform_publisher-10] [INFO] [1776752526.012569972] [static_tf_tb3_2]: Spinning until stopped - publishing transform
[static_transform_publisher-10] translation: ('0.000000', '0.000000', '0.000000')
[static_transform_publisher-10] rotation: ('0.000000', '0.000000', '0.000000', '1.000000')
[static_transform_publisher-10] from 'map' to 'tb3_2/odom'
[map_server-14] [INFO] [1776752526.026328941] [map_server]: 
[map_server-14] 	map_server lifecycle node launched. 
[map_server-14] 	Waiting on external lifecycle transitions to activate
[map_server-14] 	See https://design.ros2.org/articles/node_lifecycle.html for more information.
[lifecycle_manager-15] [INFO] [1776752526.027564179] [lifecycle_manager_map]: Creating
[map_server-14] [INFO] [1776752526.027705998] [map_server]: Creating
[lifecycle_manager-15] [INFO] [1776752526.029973627] [lifecycle_manager_map]: [34m[1mCreating and initializing lifecycle service clients[0m[0m
/home/wj/work/multi-robot-exploration-rl/src/gnn_marl_training/run_curriculum.sh: 行 360: [[: 0
0: 表达式中有语法错误（错误记号是 "0"）
[lifecycle_manager-15] [INFO] [1776752526.164286027] [lifecycle_manager_map]: [34m[1mStarting managed nodes bringup...[0m[0m
[lifecycle_manager-15] [INFO] [1776752526.164398424] [lifecycle_manager_map]: [34m[1mConfiguring map_server[0m[0m
[map_server-14] [INFO] [1776752526.168712476] [map_server]: Configuring
[map_server-14] [INFO] [1776752526.168822194] [map_io]: Loading yaml file: /home/wj/work/multi-robot-exploration-rl/install/start_rl_environment_tb3/share/start_rl_environment_tb3/maps/corridor_swap.yaml
[map_server-14] [INFO] [1776752526.169457508] [map_io]: resolution: 0.05
[map_server-14] [INFO] [1776752526.169478149] [map_io]: origin[0]: -6
[map_server-14] [INFO] [1776752526.169488562] [map_io]: origin[1]: -6
[map_server-14] [INFO] [1776752526.169497930] [map_io]: origin[2]: 0
[map_server-14] [INFO] [1776752526.171341964] [map_io]: free_thresh: 0.196
[map_server-14] [INFO] [1776752526.171367253] [map_io]: occupied_thresh: 0.65
[map_server-14] [INFO] [1776752526.171381213] [map_io]: mode: trinary
[map_server-14] [INFO] [1776752526.171393197] [map_io]: negate: 0
[map_server-14] [INFO] [1776752526.171659576] [map_io]: Loading image_file: /home/wj/work/multi-robot-exploration-rl/install/start_rl_environment_tb3/share/start_rl_environment_tb3/maps/corridor_swap.pgm
[map_server-14] [INFO] [1776752526.189982941] [map_io]: Read map /home/wj/work/multi-robot-exploration-rl/install/start_rl_environment_tb3/share/start_rl_environment_tb3/maps/corridor_swap.pgm: 240 X 240 map @ 0.05 m/cell
[lifecycle_manager-15] [INFO] [1776752526.197626825] [lifecycle_manager_map]: [34m[1mActivating map_server[0m[0m
[map_server-14] [INFO] [1776752526.197759592] [map_server]: Activating
[map_server-14] [INFO] [1776752526.197968961] [map_server]: Creating bond (map_server) to lifecycle manager.
[lifecycle_manager-15] [INFO] [1776752526.303781096] [lifecycle_manager_map]: Server map_server connected with bond.
[lifecycle_manager-15] [INFO] [1776752526.303835877] [lifecycle_manager_map]: [34m[1mManaged nodes are active[0m[0m
[lifecycle_manager-15] [INFO] [1776752526.303855402] [lifecycle_manager_map]: [34m[1mCreating bond timer...[0m[0m
[gzserver-1] Gazebo multi-robot simulator, version 11.10.2
[gzserver-1] Copyright (C) 2012 Open Source Robotics Foundation.
[gzserver-1] Released under the Apache 2 License.
[gzserver-1] http://gazebosim.org
[gzserver-1] 
[spawn_entity.py-9] [INFO] [1776752526.679432946] [tb3_2.spawn_entity]: Spawn Entity started
[spawn_entity.py-9] [INFO] [1776752526.680037547] [tb3_2.spawn_entity]: Loading entity XML from file /tmp/tb3_2_skieqtux.sdf
[spawn_entity.py-9] [INFO] [1776752526.681241774] [tb3_2.spawn_entity]: Waiting for service /spawn_entity, timeout = 30
[spawn_entity.py-9] [INFO] [1776752526.681723152] [tb3_2.spawn_entity]: Waiting for service /spawn_entity
[spawn_entity.py-12] [INFO] [1776752526.684760944] [tb3_3.spawn_entity]: Spawn Entity started
[spawn_entity.py-12] [INFO] [1776752526.685274912] [tb3_3.spawn_entity]: Loading entity XML from file /tmp/tb3_3_jm0qie59.sdf
[spawn_entity.py-12] [INFO] [1776752526.687247968] [tb3_3.spawn_entity]: Waiting for service /spawn_entity, timeout = 30
[spawn_entity.py-12] [INFO] [1776752526.688056091] [tb3_3.spawn_entity]: Waiting for service /spawn_entity
[gzserver-1] [1;33m[Wrn] [gazebo_ros_init.cpp:178] [0m[1;33m
[gzserver-1] #     # ####### ####### ###  #####  #######
[gzserver-1] ##    # #     #    #     #  #     # #
[gzserver-1] # #   # #     #    #     #  #       #
[gzserver-1] #  #  # #     #    #     #  #       #####
[gzserver-1] #   # # #     #    #     #  #       #
[gzserver-1] #    ## #     #    #     #  #     # #
[gzserver-1] #     # #######    #    ###  #####  #######
[gzserver-1] 
[gzserver-1] This version of Gazebo, now called Gazebo classic, reaches end-of-life
[gzserver-1] in January 2025. Users are highly encouraged to migrate to the new Gazebo
[gzserver-1] using our migration guides (https://gazebosim.org/docs/latest/gazebo_classic_migration?utm_source=gazebo_ros_pkgs&utm_medium=cli)
[gzserver-1] 
[gzserver-1] [0m[1;33m
[spawn_entity.py-6] [INFO] [1776752526.722628171] [tb3_1.spawn_entity]: Spawn Entity started
[spawn_entity.py-6] [INFO] [1776752526.723263038] [tb3_1.spawn_entity]: Loading entity XML from file /tmp/tb3_1_5quzzc_y.sdf
[spawn_entity.py-6] [INFO] [1776752526.724422987] [tb3_1.spawn_entity]: Waiting for service /spawn_entity, timeout = 30
[spawn_entity.py-6] [INFO] [1776752526.724913880] [tb3_1.spawn_entity]: Waiting for service /spawn_entity
[spawn_entity.py-3] [INFO] [1776752526.729727469] [tb3_0.spawn_entity]: Spawn Entity started
[spawn_entity.py-3] [INFO] [1776752526.730317425] [tb3_0.spawn_entity]: Loading entity XML from file /tmp/tb3_0_k0gtt0x5.sdf
[spawn_entity.py-3] [INFO] [1776752526.732234090] [tb3_0.spawn_entity]: Waiting for service /spawn_entity, timeout = 30
[spawn_entity.py-3] [INFO] [1776752526.732760938] [tb3_0.spawn_entity]: Waiting for service /spawn_entity
[gzserver-1] [1;32m[Msg] [0m[1;32mWaiting for master.[0m[1;32m
[gzserver-1] [0m[1;32m[0m[1;32m[0m[1;32m[Msg] [0m[1;32mConnected to gazebo master @ [0m[1;32mhttp://127.0.0.1:11345[0m[1;32m
[gzserver-1] [0m[1;32m[0m[1;32m[0m[1;32m[Msg] [0m[1;32mPublicized address: [0m[1;32m172.19.10.153[0m[1;32m
[rviz2-16] [INFO] [1776752527.410271998] [rviz2]: Stereo is NOT SUPPORTED
[rviz2-16] [INFO] [1776752527.410393303] [rviz2]: OpenGl version: 4.6 (GLSL 4.6)
[rviz2-16] [INFO] [1776752527.543393834] [rviz2]: Stereo is NOT SUPPORTED
  等待中... 2s / 60s/home/wj/work/multi-robot-exploration-rl/src/gnn_marl_training/run_curriculum.sh: 行 360: [[: 0
0: 表达式中有语法错误（错误记号是 "0"）
[gzserver-1] [0m[1;32m[0m[1;32m[0m[1;32m[Msg] [0m[1;32mLoading world file [[0m[1;32m/home/wj/work/multi-robot-exploration-rl/install/start_rl_environment_tb3/share/start_rl_environment_tb3/worlds/corridor_swap.world[0m[1;32m][0m[1;32m
[spawn_entity.py-6] [INFO] [1776752529.236300908] [tb3_1.spawn_entity]: Calling service /spawn_entity
[gzserver-1] [0m[1;33m[0m[1;33m[0m[WARN] [1776752529.237792319] [rcl]: Found remap rule 'model_states:=model_states_demo'. This syntax is deprecated. Use '--ros-args --remap model_states:=model_states_demo' instead.
[spawn_entity.py-3] [INFO] [1776752529.244982928] [tb3_0.spawn_entity]: Calling service /spawn_entity
[gzserver-1] [INFO] [1776752529.264324961] [gazebo_ros_state]: Publishing states of gazebo models at [/model_states_demo]
[gzserver-1] [INFO] [1776752529.265758309] [gazebo_ros_state]: Publishing states of gazebo links at [/link_states]
[obstacle_mover.py-17] [INFO] [1776752529.372521789] [obstacle_mover]: [obstacle_mover] map=3  8 个障碍物  速度=0.110 m/s (scale×1.0)  30 Hz  随机游走模式
[spawn_entity.py-9] [INFO] [1776752529.446753220] [tb3_2.spawn_entity]: Calling service /spawn_entity
[spawn_entity.py-12] [INFO] [1776752529.450101757] [tb3_3.spawn_entity]: Calling service /spawn_entity
[gzserver-1] [INFO] [1776752529.606119659] [tb3_1.turtlebot3_imu]: <initial_orientation_as_reference> is unset, using default value of false to comply with REP 145 (world as orientation reference)
[spawn_entity.py-6] [INFO] [1776752529.755904864] [tb3_1.spawn_entity]: Spawn status: SpawnEntity: Successfully spawned entity [tb3_1]
[gzserver-1] [INFO] [1776752529.892029195] [tb3_1.turtlebot3_diff_drive]: Wheel pair 1 separation set to [0.160000m]
[gzserver-1] [INFO] [1776752529.892108796] [tb3_1.turtlebot3_diff_drive]: Wheel pair 1 diameter set to [0.066000m]
[gzserver-1] [INFO] [1776752529.895300595] [tb3_1.turtlebot3_diff_drive]: Subscribed to [/tb3_1/cmd_vel]
[gzserver-1] [INFO] [1776752529.901417756] [tb3_1.turtlebot3_diff_drive]: Advertise odometry on [/tb3_1/odom]
[gzserver-1] [INFO] [1776752529.909058178] [tb3_1.turtlebot3_diff_drive]: Publishing odom transforms between [tb3_1/odom] and [tb3_1/base_footprint]
[gzserver-1] [INFO] [1776752529.936736013] [tb3_1.turtlebot3_joint_state]: Going to publish joint [wheel_left_joint]
[gzserver-1] [INFO] [1776752529.936804847] [tb3_1.turtlebot3_joint_state]: Going to publish joint [wheel_right_joint]
[INFO] [spawn_entity.py-6]: process has finished cleanly [pid 1681860]
[gzserver-1] [INFO] [1776752530.252190695] [tb3_0.turtlebot3_imu]: <initial_orientation_as_reference> is unset, using default value of false to comply with REP 145 (world as orientation reference)
[spawn_entity.py-3] [INFO] [1776752530.418779717] [tb3_0.spawn_entity]: Spawn status: SpawnEntity: Successfully spawned entity [tb3_0]
[gzserver-1] [INFO] [1776752530.532322050] [tb3_0.turtlebot3_diff_drive]: Wheel pair 1 separation set to [0.160000m]
[gzserver-1] [INFO] [1776752530.532407619] [tb3_0.turtlebot3_diff_drive]: Wheel pair 1 diameter set to [0.066000m]
[gzserver-1] [INFO] [1776752530.533469049] [tb3_0.turtlebot3_diff_drive]: Subscribed to [/tb3_0/cmd_vel]
[gzserver-1] [INFO] [1776752530.534759013] [tb3_0.turtlebot3_diff_drive]: Advertise odometry on [/tb3_0/odom]
[gzserver-1] [INFO] [1776752530.537834197] [tb3_0.turtlebot3_diff_drive]: Publishing odom transforms between [tb3_0/odom] and [tb3_0/base_footprint]
[gzserver-1] [INFO] [1776752530.557623539] [tb3_0.turtlebot3_joint_state]: Going to publish joint [wheel_left_joint]
[gzserver-1] [INFO] [1776752530.557694805] [tb3_0.turtlebot3_joint_state]: Going to publish joint [wheel_right_joint]
[INFO] [spawn_entity.py-3]: process has finished cleanly [pid 1681854]
  等待中... 4s / 60s[gzserver-1] [INFO] [1776752530.936051443] [tb3_2.turtlebot3_imu]: <initial_orientation_as_reference> is unset, using default value of false to comply with REP 145 (world as orientation reference)
[spawn_entity.py-9] [INFO] [1776752531.139169644] [tb3_2.spawn_entity]: Spawn status: SpawnEntity: Successfully spawned entity [tb3_2]
[gzserver-1] [INFO] [1776752531.269818922] [tb3_2.turtlebot3_diff_drive]: Wheel pair 1 separation set to [0.160000m]
[gzserver-1] [INFO] [1776752531.269892447] [tb3_2.turtlebot3_diff_drive]: Wheel pair 1 diameter set to [0.066000m]
[gzserver-1] [INFO] [1776752531.271816818] [tb3_2.turtlebot3_diff_drive]: Subscribed to [/tb3_2/cmd_vel]
[gzserver-1] [INFO] [1776752531.276600941] [tb3_2.turtlebot3_diff_drive]: Advertise odometry on [/tb3_2/odom]
[gzserver-1] [INFO] [1776752531.280854196] [tb3_2.turtlebot3_diff_drive]: Publishing odom transforms between [tb3_2/odom] and [tb3_2/base_footprint]
[gzserver-1] [INFO] [1776752531.302198032] [tb3_2.turtlebot3_joint_state]: Going to publish joint [wheel_left_joint]
[gzserver-1] [INFO] [1776752531.302302949] [tb3_2.turtlebot3_joint_state]: Going to publish joint [wheel_right_joint]
[INFO] [spawn_entity.py-9]: process has finished cleanly [pid 1681866]
[0;32m[✓][0m Gazebo 已完成机器人生成（topic 检测，4s，spawn=3/4）
[gzserver-1] [INFO] [1776752531.622525093] [tb3_3.turtlebot3_imu]: <initial_orientation_as_reference> is unset, using default value of false to comply with REP 145 (world as orientation reference)
[spawn_entity.py-12] [INFO] [1776752531.755017917] [tb3_3.spawn_entity]: Spawn status: SpawnEntity: Successfully spawned entity [tb3_3]
[gzserver-1] [INFO] [1776752531.875355088] [tb3_3.turtlebot3_diff_drive]: Wheel pair 1 separation set to [0.160000m]
[gzserver-1] [INFO] [1776752531.875432980] [tb3_3.turtlebot3_diff_drive]: Wheel pair 1 diameter set to [0.066000m]
[gzserver-1] [INFO] [1776752531.876608803] [tb3_3.turtlebot3_diff_drive]: Subscribed to [/tb3_3/cmd_vel]
[gzserver-1] [INFO] [1776752531.877641984] [tb3_3.turtlebot3_diff_drive]: Advertise odometry on [/tb3_3/odom]
[gzserver-1] [INFO] [1776752531.880831205] [tb3_3.turtlebot3_diff_drive]: Publishing odom transforms between [tb3_3/odom] and [tb3_3/base_footprint]
[gzserver-1] [INFO] [1776752531.899316321] [tb3_3.turtlebot3_joint_state]: Going to publish joint [wheel_left_joint]
[gzserver-1] [INFO] [1776752531.899366212] [tb3_3.turtlebot3_joint_state]: Going to publish joint [wheel_right_joint]
[INFO] [spawn_entity.py-12]: process has finished cleanly [pid 1681873]

[1m[0;36m═══ Stage 1 · Stage 1 · 静态入门 ═══[0m

[0;36m[INFO][0m 当前超参 -> LR: 3e-4 | Clip: 0.20
[0;36m[INFO][0m 训练命令: python3 /home/wj/work/multi-robot-exploration-rl/src/gnn_marl_training/gnn_marl_training/train_gnn_mappo_full.py --model_type mlp --env_stage 1 --num_agents 4 --num_workers 1 --train_steps 1000000 --train_batch_size 5000 --checkpoint_freq 5000 --hidden_dim 512 --lr 3e-4 --clip_param 0.20 --sample_timeout_s 1200 --rollout_fragment_length 1000 --batch_mode truncate_episodes --map_number 3 --action_mode continuous --ppo_profile auto --obstacle_filter_range 1.2 --obstacle_filter_fov_deg 360 --obstacle_top_k 9 --rolling_lookahead_dist 0.8 --safety_filter_enable 0
[rviz2-16] [INFO] [1776752541.808355937] [rviz2_mlp_s1_continuous]: Message Filter dropping message: frame 'tb3_0/base_scan' at time 0.396 for reason 'the timestamp on the message is earlier than all the data in the transform cache'
[rviz2-16] [INFO] [1776752542.010321868] [rviz2_mlp_s1_continuous]: Message Filter dropping message: frame 'tb3_2/base_scan' at time 0.597 for reason 'the timestamp on the message is earlier than all the data in the transform cache'
[rviz2-16] [INFO] [1776752542.208127097] [rviz2_mlp_s1_continuous]: Message Filter dropping message: frame 'tb3_3/base_scan' at time 0.796 for reason 'the timestamp on the message is earlier than all the data in the transform cache'
Traceback (most recent call last):
  File "/home/wj/work/multi-robot-exploration-rl/src/gnn_marl_training/gnn_marl_training/train_gnn_mappo_full.py", line 1590, in <module>
    main()
  File "/home/wj/work/multi-robot-exploration-rl/src/gnn_marl_training/gnn_marl_training/train_gnn_mappo_full.py", line 1221, in main
    ray.init(
  File "/home/wj/anaconda3/envs/ros2/lib/python3.10/site-packages/ray/_private/client_mode_hook.py", line 104, in wrapper
    return func(*args, **kwargs)
  File "/home/wj/anaconda3/envs/ros2/lib/python3.10/site-packages/ray/_private/worker.py", line 1908, in init
    _global_node = ray._private.node.Node(
  File "/home/wj/anaconda3/envs/ros2/lib/python3.10/site-packages/ray/_private/node.py", line 353, in __init__
    self.start_head_processes()
  File "/home/wj/anaconda3/envs/ros2/lib/python3.10/site-packages/ray/_private/node.py", line 1317, in start_head_processes
    self.start_gcs_server()
  File "/home/wj/anaconda3/envs/ros2/lib/python3.10/site-packages/ray/_private/node.py", line 1097, in start_gcs_server
    self._ray_params.gcs_server_port = wait_for_persisted_port(
  File "python/ray/_raylet.pyx", line 426, in ray._raylet.wait_for_persisted_port
RuntimeError: Timed out waiting for file /tmp/ray/session_2026-04-21_14-22-22_837856_1682528/gcs_server_port_4c73c3e0f2af84cfd1398136a52013fa0ced8658aef960e1c79708b1
[0;31m[✗][0m Stage 1 训练异常退出 (code=1)，检查日志: /home/wj/work/multi-robot-exploration-rl/curriculum_logs/mlp_s1_continuous/stage1_train.log
[INFO] [rviz2-16]: process has finished cleanly [pid 1681914]
