2026-06-03 08:50:11,943	INFO worker.py:2013 -- Started a local Ray instance.
[INFO] [1780447812.979720259] [gym_env_robot_0_42919]: ✅ 路径可视化器已启动，路径话题: /waypoint_markers, tracking话题: /rolling_subgoal_markers
[INFO] [1780447813.013964580] [gym_env_robot_1_82763]: ✅ 路径可视化器已启动，路径话题: /waypoint_markers, tracking话题: /rolling_subgoal_markers
[INFO] [1780447813.035917167] [gym_env_robot_2_27354]: ✅ 路径可视化器已启动，路径话题: /waypoint_markers, tracking话题: /rolling_subgoal_markers
================================================================================
🚀 GNN-MAPPO 课程学习训练  [局部风险注意力 (感知版 token)]
================================================================================
  环境阶段:     1 · Stage 1 · 静态入门
  机器人数量:   3
  通信范围:     3.5 m
  感知邻域:     3.5 m
  并行Workers:  0
  采样设置:     timeout=1800s fragment=200 mode=truncate_episodes
  训练步数:     1
  动作模式:     interaction_mode
  PPO配置:      interaction_mode  (clip=0.15, ent=0.008, mb=1024, epochs=8)
  GAT Actor:    local_risk  bias=2.50
  GAT Critic:   mlp
  需要环境:     ros2 launch start_rl_environment_tb3 main.launch.py map_number:=5 robot_number:=3 num_obstacles:=0 obs_speed_scale:=0.0
  通信设置:     perfect_comm  (dropout=0%, latency=0, jitter=0, noise=0.00)
  冲突路线:     mode=mixed prob=0.85
================================================================================

🤖 环境初始化: Namespace='/tb3_0', ModelName='tb3_0'
✅ Map 5: 预计算安全 spawn 点 13443 个 (clearance=0.40m)
✅ Robot 0: A*规划器初始化完成
🤖 环境初始化: Namespace='/tb3_1', ModelName='tb3_1'
✅ Map 5: 预计算安全 spawn 点 13443 个 (clearance=0.40m)
✅ Robot 1: A*规划器初始化完成
🤖 环境初始化: Namespace='/tb3_2', ModelName='tb3_2'
✅ Map 5: 预计算安全 spawn 点 13443 个 (clearance=0.40m)
✅ Robot 2: A*规划器初始化完成
⚠️ Robot 0: 强制路线非法，回退随机安全采样 start=(-2.00,-3.80) goal=(2.00,3.80)
⚠️ Robot 1: 强制路线非法，回退随机安全采样 start=(-5.00,-2.80) goal=(5.00,-2.80)
⚠️ Robot 2: 强制路线非法，回退随机安全采样 start=(-4.60,2.20) goal=(4.60,2.20)
[graph] step=   0  comm_range=3.5m
  robot_0 pos=( 4.750, 4.850) status=active
    adj=[1  0  0]  dist=[ 0.00   7.60   7.40]  neighbors=[]
  robot_1 pos=(-2.650, 3.100) status=active
    adj=[0  1  0]  dist=[ 7.60   0.00   9.35]  neighbors=[]
  robot_2 pos=( 4.800,-2.550) status=active
    adj=[0  0  1]  dist=[ 7.40   9.35   0.00]  neighbors=[]
[perception] step=   0  agent_0  my_pos=(4.750,4.850)  received=0
    (无有效近邻: 超出局部感知半径，回退 ego-guidance)
[perception] step=   0  agent_1  my_pos=(-2.650,3.100)  received=0
    (无有效近邻: 超出局部感知半径，回退 ego-guidance)
[perception] step=   0  agent_2  my_pos=(4.800,-2.550)  received=0
    (无有效近邻: 超出局部感知半径，回退 ego-guidance)
Traceback (most recent call last):
  File "/home/wj/work/multi-robot-exploration-rl/src/gnn_marl_training/gnn_marl_training/train_gnn_mappo_full.py", line 2195, in <module>
    main()
  File "/home/wj/work/multi-robot-exploration-rl/src/gnn_marl_training/gnn_marl_training/train_gnn_mappo_full.py", line 2083, in main
    summary = _run_direct_env_sanity(env_config, sanity_steps=args.direct_env_sanity_steps)
  File "/home/wj/work/multi-robot-exploration-rl/src/gnn_marl_training/gnn_marl_training/train_gnn_mappo_full.py", line 1278, in _run_direct_env_sanity
    space = env.action_space[agent_id]
TypeError: 'Discrete' object is not subscriptable
