[INFO] [launch]: All log files can be found below /home/wj/.ros/log/2026-05-27-10-15-21-985071-wj-Default-string-3090429
[INFO] [launch]: Default logging verbosity is set to INFO
[INFO] Loading world (HEADLESS): /home/wj/work/multi-robot-exploration-rl/install/start_rl_environment_tb3/share/start_rl_environment_tb3/worlds/interaction_hub.world
[INFO] Using GAZEBO_MASTER_URI: http://127.0.0.1:11345
[INFO] Spawning 4 TurtleBot3 robots on interaction_hub...
[INFO] Using random positions
[INFO] Using fixed positions for 4 robots
[INFO]   Robot 0: Robot 0 - west lower at (-5.10, -0.85)
[INFO]   Robot 1: Robot 1 - west upper at (-5.10, 0.85)
[INFO]   Robot 2: Robot 2 - east upper at (5.10, 0.85)
[INFO]   Robot 3: Robot 3 - east lower at (5.10, -0.85)
[spawn_robots] Created modified SDF for tb3_0 at /tmp/tb3_0_y1_y21vj.sdf
[spawn_robots] Created modified SDF for tb3_1 at /tmp/tb3_1_bq2fck7x.sdf
[spawn_robots] Created modified SDF for tb3_2 at /tmp/tb3_2_jlhthgep.sdf
[spawn_robots] Created modified SDF for tb3_3 at /tmp/tb3_3_y_2bbffi.sdf
[INFO] Map Server loading: /home/wj/work/multi-robot-exploration-rl/install/start_rl_environment_tb3/share/start_rl_environment_tb3/maps/interaction_hub.yaml
[INFO] [gzserver-1]: process started with pid [3090520]
[INFO] [robot_state_publisher-2]: process started with pid [3090522]
[INFO] [spawn_entity.py-3]: process started with pid [3090524]
[INFO] [static_transform_publisher-4]: process started with pid [3090526]
[INFO] [robot_state_publisher-5]: process started with pid [3090529]
[INFO] [spawn_entity.py-6]: process started with pid [3090531]
[INFO] [static_transform_publisher-7]: process started with pid [3090533]
[INFO] [robot_state_publisher-8]: process started with pid [3090535]
[INFO] [spawn_entity.py-9]: process started with pid [3090537]
[INFO] [static_transform_publisher-10]: process started with pid [3090539]
[INFO] [robot_state_publisher-11]: process started with pid [3090541]
[INFO] [spawn_entity.py-12]: process started with pid [3090543]
[INFO] [static_transform_publisher-13]: process started with pid [3090545]
[INFO] [map_server-14]: process started with pid [3090549]
[INFO] [lifecycle_manager-15]: process started with pid [3090559]
[INFO] [obstacle_mover.py-16]: process started with pid [3090576]
[static_transform_publisher-4] [WARN] [1779848122.243484325] []: Old-style arguments are deprecated; see --help for new-style arguments
[static_transform_publisher-7] [WARN] [1779848122.247948243] []: Old-style arguments are deprecated; see --help for new-style arguments
[static_transform_publisher-10] [WARN] [1779848122.250973418] []: Old-style arguments are deprecated; see --help for new-style arguments
[static_transform_publisher-13] [WARN] [1779848122.258726954] []: Old-style arguments are deprecated; see --help for new-style arguments
[static_transform_publisher-4] [INFO] [1779848122.277278328] [static_tf_tb3_0]: Spinning until stopped - publishing transform
[static_transform_publisher-4] translation: ('0.000000', '0.000000', '0.000000')
[static_transform_publisher-4] rotation: ('0.000000', '0.000000', '0.000000', '1.000000')
[static_transform_publisher-4] from 'map' to 'tb3_0/odom'
[static_transform_publisher-10] [INFO] [1779848122.285821727] [static_tf_tb3_2]: Spinning until stopped - publishing transform
[static_transform_publisher-10] translation: ('0.000000', '0.000000', '0.000000')
[static_transform_publisher-10] rotation: ('0.000000', '0.000000', '0.000000', '1.000000')
[static_transform_publisher-10] from 'map' to 'tb3_2/odom'
[static_transform_publisher-13] [INFO] [1779848122.312523202] [static_tf_tb3_3]: Spinning until stopped - publishing transform
[static_transform_publisher-13] translation: ('0.000000', '0.000000', '0.000000')
[static_transform_publisher-13] rotation: ('0.000000', '0.000000', '0.000000', '1.000000')
[static_transform_publisher-13] from 'map' to 'tb3_3/odom'
[robot_state_publisher-2] [INFO] [1779848122.318522935] [tb3_0.robot_state_publisher]: got segment base_footprint
[robot_state_publisher-2] [INFO] [1779848122.318708025] [tb3_0.robot_state_publisher]: got segment base_link
[robot_state_publisher-2] [INFO] [1779848122.318731006] [tb3_0.robot_state_publisher]: got segment base_scan
[robot_state_publisher-2] [INFO] [1779848122.318742193] [tb3_0.robot_state_publisher]: got segment caster_back_link
[robot_state_publisher-2] [INFO] [1779848122.318752352] [tb3_0.robot_state_publisher]: got segment imu_link
[robot_state_publisher-2] [INFO] [1779848122.318762873] [tb3_0.robot_state_publisher]: got segment wheel_left_link
[robot_state_publisher-2] [INFO] [1779848122.318773804] [tb3_0.robot_state_publisher]: got segment wheel_right_link
[static_transform_publisher-7] [INFO] [1779848122.322485692] [static_tf_tb3_1]: Spinning until stopped - publishing transform
[static_transform_publisher-7] translation: ('0.000000', '0.000000', '0.000000')
[static_transform_publisher-7] rotation: ('0.000000', '0.000000', '0.000000', '1.000000')
[static_transform_publisher-7] from 'map' to 'tb3_1/odom'
[robot_state_publisher-8] [INFO] [1779848122.326190388] [tb3_2.robot_state_publisher]: got segment base_footprint
[robot_state_publisher-8] [INFO] [1779848122.330776422] [tb3_2.robot_state_publisher]: got segment base_link
[robot_state_publisher-8] [INFO] [1779848122.330804937] [tb3_2.robot_state_publisher]: got segment base_scan
[robot_state_publisher-8] [INFO] [1779848122.330817254] [tb3_2.robot_state_publisher]: got segment caster_back_link
[robot_state_publisher-8] [INFO] [1779848122.330827694] [tb3_2.robot_state_publisher]: got segment imu_link
[robot_state_publisher-8] [INFO] [1779848122.330837621] [tb3_2.robot_state_publisher]: got segment wheel_left_link
[robot_state_publisher-8] [INFO] [1779848122.330847465] [tb3_2.robot_state_publisher]: got segment wheel_right_link
[robot_state_publisher-5] [INFO] [1779848122.336803845] [tb3_1.robot_state_publisher]: got segment base_footprint
[robot_state_publisher-5] [INFO] [1779848122.336992453] [tb3_1.robot_state_publisher]: got segment base_link
[robot_state_publisher-5] [INFO] [1779848122.337016824] [tb3_1.robot_state_publisher]: got segment base_scan
[robot_state_publisher-5] [INFO] [1779848122.337030864] [tb3_1.robot_state_publisher]: got segment caster_back_link
[robot_state_publisher-5] [INFO] [1779848122.337041928] [tb3_1.robot_state_publisher]: got segment imu_link
[robot_state_publisher-5] [INFO] [1779848122.337053002] [tb3_1.robot_state_publisher]: got segment wheel_left_link
[robot_state_publisher-5] [INFO] [1779848122.337064028] [tb3_1.robot_state_publisher]: got segment wheel_right_link
[robot_state_publisher-11] [INFO] [1779848122.340696896] [tb3_3.robot_state_publisher]: got segment base_footprint
[robot_state_publisher-11] [INFO] [1779848122.340843730] [tb3_3.robot_state_publisher]: got segment base_link
[robot_state_publisher-11] [INFO] [1779848122.340861797] [tb3_3.robot_state_publisher]: got segment base_scan
[robot_state_publisher-11] [INFO] [1779848122.340868769] [tb3_3.robot_state_publisher]: got segment caster_back_link
[robot_state_publisher-11] [INFO] [1779848122.340875043] [tb3_3.robot_state_publisher]: got segment imu_link
[robot_state_publisher-11] [INFO] [1779848122.340881287] [tb3_3.robot_state_publisher]: got segment wheel_left_link
[robot_state_publisher-11] [INFO] [1779848122.340889948] [tb3_3.robot_state_publisher]: got segment wheel_right_link
[lifecycle_manager-15] [INFO] [1779848122.355329524] [lifecycle_manager_map]: Creating
[map_server-14] [INFO] [1779848122.357822249] [map_server]: 
[map_server-14] 	map_server lifecycle node launched. 
[map_server-14] 	Waiting on external lifecycle transitions to activate
[map_server-14] 	See https://design.ros2.org/articles/node_lifecycle.html for more information.
[map_server-14] [INFO] [1779848122.358315164] [map_server]: Creating
[lifecycle_manager-15] [INFO] [1779848122.365268765] [lifecycle_manager_map]: [34m[1mCreating and initializing lifecycle service clients[0m[0m
[lifecycle_manager-15] [INFO] [1779848122.369624772] [lifecycle_manager_map]: [34m[1mStarting managed nodes bringup...[0m[0m
[lifecycle_manager-15] [INFO] [1779848122.369699343] [lifecycle_manager_map]: [34m[1mConfiguring map_server[0m[0m
[map_server-14] [INFO] [1779848122.370216652] [map_server]: Configuring
[map_server-14] [INFO] [1779848122.370300507] [map_io]: Loading yaml file: /home/wj/work/multi-robot-exploration-rl/install/start_rl_environment_tb3/share/start_rl_environment_tb3/maps/interaction_hub.yaml
[map_server-14] [INFO] [1779848122.370710358] [map_io]: resolution: 0.05
[map_server-14] [INFO] [1779848122.370729763] [map_io]: origin[0]: -6
[map_server-14] [INFO] [1779848122.370739440] [map_io]: origin[1]: -6
[map_server-14] [INFO] [1779848122.370748043] [map_io]: origin[2]: 0
[map_server-14] [INFO] [1779848122.370757679] [map_io]: free_thresh: 0.196
[map_server-14] [INFO] [1779848122.370766712] [map_io]: occupied_thresh: 0.65
[map_server-14] [INFO] [1779848122.370776952] [map_io]: mode: trinary
[map_server-14] [INFO] [1779848122.370787019] [map_io]: negate: 0
[map_server-14] [INFO] [1779848122.371103197] [map_io]: Loading image_file: /home/wj/work/multi-robot-exploration-rl/install/start_rl_environment_tb3/share/start_rl_environment_tb3/maps/interaction_hub.pgm
[map_server-14] [INFO] [1779848122.386122507] [map_io]: Read map /home/wj/work/multi-robot-exploration-rl/install/start_rl_environment_tb3/share/start_rl_environment_tb3/maps/interaction_hub.pgm: 240 X 240 map @ 0.05 m/cell
[lifecycle_manager-15] [INFO] [1779848122.396597926] [lifecycle_manager_map]: [34m[1mActivating map_server[0m[0m
[map_server-14] [INFO] [1779848122.396753286] [map_server]: Activating
[map_server-14] [INFO] [1779848122.396997730] [map_server]: Creating bond (map_server) to lifecycle manager.
[lifecycle_manager-15] [INFO] [1779848122.501953186] [lifecycle_manager_map]: Server map_server connected with bond.
[lifecycle_manager-15] [INFO] [1779848122.502022013] [lifecycle_manager_map]: [34m[1mManaged nodes are active[0m[0m
[lifecycle_manager-15] [INFO] [1779848122.502041530] [lifecycle_manager_map]: [34m[1mCreating bond timer...[0m[0m
[gzserver-1] Gazebo multi-robot simulator, version 11.10.2
[gzserver-1] Copyright (C) 2012 Open Source Robotics Foundation.
[gzserver-1] Released under the Apache 2 License.
[gzserver-1] http://gazebosim.org
[gzserver-1] 
[spawn_entity.py-9] [INFO] [1779848122.909635394] [tb3_2.spawn_entity]: Spawn Entity started
[spawn_entity.py-9] [INFO] [1779848122.910366161] [tb3_2.spawn_entity]: Loading entity XML from file /tmp/tb3_2_jlhthgep.sdf
[spawn_entity.py-9] [INFO] [1779848122.911788102] [tb3_2.spawn_entity]: Waiting for service /spawn_entity, timeout = 30
[spawn_entity.py-6] [INFO] [1779848122.912411689] [tb3_1.spawn_entity]: Spawn Entity started
[spawn_entity.py-9] [INFO] [1779848122.912439171] [tb3_2.spawn_entity]: Waiting for service /spawn_entity
[spawn_entity.py-6] [INFO] [1779848122.912804724] [tb3_1.spawn_entity]: Loading entity XML from file /tmp/tb3_1_bq2fck7x.sdf
[spawn_entity.py-6] [INFO] [1779848122.913635485] [tb3_1.spawn_entity]: Waiting for service /spawn_entity, timeout = 30
[spawn_entity.py-6] [INFO] [1779848122.913987199] [tb3_1.spawn_entity]: Waiting for service /spawn_entity
[spawn_entity.py-3] [INFO] [1779848122.922463600] [tb3_0.spawn_entity]: Spawn Entity started
[spawn_entity.py-3] [INFO] [1779848122.922930060] [tb3_0.spawn_entity]: Loading entity XML from file /tmp/tb3_0_y1_y21vj.sdf
[spawn_entity.py-3] [INFO] [1779848122.923879979] [tb3_0.spawn_entity]: Waiting for service /spawn_entity, timeout = 30
[spawn_entity.py-3] [INFO] [1779848122.924356963] [tb3_0.spawn_entity]: Waiting for service /spawn_entity
[spawn_entity.py-12] [INFO] [1779848122.981610092] [tb3_3.spawn_entity]: Spawn Entity started
[spawn_entity.py-12] [INFO] [1779848122.982031072] [tb3_3.spawn_entity]: Loading entity XML from file /tmp/tb3_3_y_2bbffi.sdf
[spawn_entity.py-12] [INFO] [1779848122.982869028] [tb3_3.spawn_entity]: Waiting for service /spawn_entity, timeout = 30
[spawn_entity.py-12] [INFO] [1779848122.983225535] [tb3_3.spawn_entity]: Waiting for service /spawn_entity
[gzserver-1] [1;33m[Wrn] [gazebo_ros_init.cpp:178] [0m[1;33m
[gzserver-1] #     # ####### ####### ###  #####  #######
[gzserver-1] ##    # #     #    #     #  #     # #
[gzserver-1] # #   # #     #    #     #  #       #
[gzserver-1] #  #  # #     #    #     #  #       #####
[gzserver-1] #   # # #     #    #     #  #       #
[gzserver-1] #    ## #     #    #     #  #     # #
[gzserver-1] #     # #######    #    ###  #####  #######
[gzserver-1] 
[gzserver-1] This version of Gazebo, now called Gazebo classic, reaches end-of-life
[gzserver-1] in January 2025. Users are highly encouraged to migrate to the new Gazebo
[gzserver-1] using our migration guides (https://gazebosim.org/docs/latest/gazebo_classic_migration?utm_source=gazebo_ros_pkgs&utm_medium=cli)
[gzserver-1] 
[gzserver-1] [0m[1;33m
[gzserver-1] [1;32m[Msg] [0m[1;32mWaiting for master.[0m[1;32m
[gzserver-1] [0m[1;32m[0m[1;32m[0m[1;32m[Msg] [0m[1;32mConnected to gazebo master @ [0m[1;32mhttp://127.0.0.1:11345[0m[1;32m
[gzserver-1] [0m[1;32m[0m[1;32m[0m[1;32m[Msg] [0m[1;32mPublicized address: [0m[1;32m172.19.10.153[0m[1;32m
[gzserver-1] [0m[1;32m[0m[1;32m[0m[1;32m[Msg] [0m[1;32mLoading world file [[0m[1;32m/home/wj/work/multi-robot-exploration-rl/install/start_rl_environment_tb3/share/start_rl_environment_tb3/worlds/interaction_hub.world[0m[1;32m][0m[1;32m
[gzserver-1] [0m[1;33m[0m[1;33m[0m[WARN] [1779848124.526979219] [rcl]: Found remap rule 'model_states:=model_states_demo'. This syntax is deprecated. Use '--ros-args --remap model_states:=model_states_demo' instead.
[gzserver-1] [INFO] [1779848124.540030214] [gazebo_ros_state]: Publishing states of gazebo models at [/model_states_demo]
[gzserver-1] [INFO] [1779848124.540863594] [gazebo_ros_state]: Publishing states of gazebo links at [/link_states]
[obstacle_mover.py-16] [INFO] [1779848124.656778971] [obstacle_mover]: [obstacle_mover] map=6  0 个障碍物  速度=0.000 m/s (scale×0.0)  30 Hz  随机游走模式
[obstacle_mover.py-16] [INFO] [1779848124.658724130] [obstacle_mover]: [obstacle_mover] ✅ dyn_obs_0~dyn_obs_7 已下沉至 z=-10.0
[spawn_entity.py-6] [INFO] [1779848124.674643618] [tb3_1.spawn_entity]: Calling service /spawn_entity
[spawn_entity.py-9] [INFO] [1779848124.675924093] [tb3_2.spawn_entity]: Calling service /spawn_entity
[spawn_entity.py-3] [INFO] [1779848124.688287567] [tb3_0.spawn_entity]: Calling service /spawn_entity
[spawn_entity.py-12] [INFO] [1779848124.746139352] [tb3_3.spawn_entity]: Calling service /spawn_entity
[gzserver-1] [INFO] [1779848125.083017425] [tb3_1.turtlebot3_imu]: <initial_orientation_as_reference> is unset, using default value of false to comply with REP 145 (world as orientation reference)
[spawn_entity.py-6] [INFO] [1779848125.219839180] [tb3_1.spawn_entity]: Spawn status: SpawnEntity: Successfully spawned entity [tb3_1]
[gzserver-1] [INFO] [1779848125.347278900] [tb3_1.turtlebot3_diff_drive]: Wheel pair 1 separation set to [0.160000m]
[gzserver-1] [INFO] [1779848125.347350016] [tb3_1.turtlebot3_diff_drive]: Wheel pair 1 diameter set to [0.066000m]
[gzserver-1] [INFO] [1779848125.349122273] [tb3_1.turtlebot3_diff_drive]: Subscribed to [/tb3_1/cmd_vel]
[gzserver-1] [INFO] [1779848125.352781327] [tb3_1.turtlebot3_diff_drive]: Advertise odometry on [/tb3_1/odom]
[gzserver-1] [INFO] [1779848125.356778522] [tb3_1.turtlebot3_diff_drive]: Publishing odom transforms between [tb3_1/odom] and [tb3_1/base_footprint]
[gzserver-1] [INFO] [1779848125.377091927] [tb3_1.turtlebot3_joint_state]: Going to publish joint [wheel_left_joint]
[gzserver-1] [INFO] [1779848125.377145891] [tb3_1.turtlebot3_joint_state]: Going to publish joint [wheel_right_joint]
[INFO] [spawn_entity.py-6]: process has finished cleanly [pid 3090531]
[gzserver-1] [INFO] [1779848125.695827534] [tb3_2.turtlebot3_imu]: <initial_orientation_as_reference> is unset, using default value of false to comply with REP 145 (world as orientation reference)
[spawn_entity.py-9] [INFO] [1779848125.863240035] [tb3_2.spawn_entity]: Spawn status: SpawnEntity: Successfully spawned entity [tb3_2]
[gzserver-1] [INFO] [1779848125.971575371] [tb3_2.turtlebot3_diff_drive]: Wheel pair 1 separation set to [0.160000m]
[gzserver-1] [INFO] [1779848125.971623062] [tb3_2.turtlebot3_diff_drive]: Wheel pair 1 diameter set to [0.066000m]
[gzserver-1] [INFO] [1779848125.972138532] [tb3_2.turtlebot3_diff_drive]: Subscribed to [/tb3_2/cmd_vel]
[gzserver-1] [INFO] [1779848125.972874176] [tb3_2.turtlebot3_diff_drive]: Advertise odometry on [/tb3_2/odom]
[gzserver-1] [INFO] [1779848125.974031866] [tb3_2.turtlebot3_diff_drive]: Publishing odom transforms between [tb3_2/odom] and [tb3_2/base_footprint]
[gzserver-1] [INFO] [1779848125.984997735] [tb3_2.turtlebot3_joint_state]: Going to publish joint [wheel_left_joint]
[gzserver-1] [INFO] [1779848125.985048713] [tb3_2.turtlebot3_joint_state]: Going to publish joint [wheel_right_joint]
[INFO] [spawn_entity.py-9]: process has finished cleanly [pid 3090537]
[gzserver-1] [INFO] [1779848126.310266124] [tb3_0.turtlebot3_imu]: <initial_orientation_as_reference> is unset, using default value of false to comply with REP 145 (world as orientation reference)
[spawn_entity.py-3] [INFO] [1779848126.424663837] [tb3_0.spawn_entity]: Spawn status: SpawnEntity: Successfully spawned entity [tb3_0]
[gzserver-1] [INFO] [1779848126.535296356] [tb3_0.turtlebot3_diff_drive]: Wheel pair 1 separation set to [0.160000m]
[gzserver-1] [INFO] [1779848126.535360083] [tb3_0.turtlebot3_diff_drive]: Wheel pair 1 diameter set to [0.066000m]
[gzserver-1] [INFO] [1779848126.536145065] [tb3_0.turtlebot3_diff_drive]: Subscribed to [/tb3_0/cmd_vel]
[gzserver-1] [INFO] [1779848126.537274704] [tb3_0.turtlebot3_diff_drive]: Advertise odometry on [/tb3_0/odom]
[gzserver-1] [INFO] [1779848126.539828578] [tb3_0.turtlebot3_diff_drive]: Publishing odom transforms between [tb3_0/odom] and [tb3_0/base_footprint]
[gzserver-1] [INFO] [1779848126.553393209] [tb3_0.turtlebot3_joint_state]: Going to publish joint [wheel_left_joint]
[gzserver-1] [INFO] [1779848126.553439330] [tb3_0.turtlebot3_joint_state]: Going to publish joint [wheel_right_joint]
[INFO] [spawn_entity.py-3]: process has finished cleanly [pid 3090524]
[gzserver-1] [INFO] [1779848126.868939525] [tb3_3.turtlebot3_imu]: <initial_orientation_as_reference> is unset, using default value of false to comply with REP 145 (world as orientation reference)
[spawn_entity.py-12] [INFO] [1779848126.999388830] [tb3_3.spawn_entity]: Spawn status: SpawnEntity: Successfully spawned entity [tb3_3]
[gzserver-1] [INFO] [1779848127.116438462] [tb3_3.turtlebot3_diff_drive]: Wheel pair 1 separation set to [0.160000m]
[gzserver-1] [INFO] [1779848127.116504659] [tb3_3.turtlebot3_diff_drive]: Wheel pair 1 diameter set to [0.066000m]
[gzserver-1] [INFO] [1779848127.117494915] [tb3_3.turtlebot3_diff_drive]: Subscribed to [/tb3_3/cmd_vel]
[gzserver-1] [INFO] [1779848127.118582170] [tb3_3.turtlebot3_diff_drive]: Advertise odometry on [/tb3_3/odom]
[gzserver-1] [INFO] [1779848127.120812441] [tb3_3.turtlebot3_diff_drive]: Publishing odom transforms between [tb3_3/odom] and [tb3_3/base_footprint]
[gzserver-1] [INFO] [1779848127.132689843] [tb3_3.turtlebot3_joint_state]: Going to publish joint [wheel_left_joint]
[gzserver-1] [INFO] [1779848127.132740127] [tb3_3.turtlebot3_joint_state]: Going to publish joint [wheel_right_joint]
[INFO] [spawn_entity.py-12]: process has finished cleanly [pid 3090543]
