[INFO] [launch]: All log files can be found below /home/wj/.ros/log/2026-05-14-10-51-38-517665-wj-Default-string-2355670
[INFO] [launch]: Default logging verbosity is set to INFO
[INFO] Loading world for TurtleBot3: /home/wj/work/multi-robot-exploration-rl/install/start_rl_environment_tb3/share/start_rl_environment_tb3/worlds/interaction_hub.world
[INFO] Spawning 4 TurtleBot3 robots on interaction_hub...
[INFO] Using random positions
[INFO] Using fixed positions for 4 robots
[INFO]   Robot 0: Robot 0 - west lower at (-5.10, -0.85)
[INFO]   Robot 1: Robot 1 - west upper at (-5.10, 0.85)
[INFO]   Robot 2: Robot 2 - east upper at (5.10, 0.85)
[INFO]   Robot 3: Robot 3 - east lower at (5.10, -0.85)
[spawn_robots] Created modified SDF for tb3_0 at /tmp/tb3_0_t9hfy5qn.sdf
[spawn_robots] Created modified SDF for tb3_1 at /tmp/tb3_1_c70kvpiw.sdf
[spawn_robots] Created modified SDF for tb3_2 at /tmp/tb3_2_n7q3gt4p.sdf
[spawn_robots] Created modified SDF for tb3_3 at /tmp/tb3_3_twj4x_xn.sdf
[INFO] Map Server loading: /home/wj/work/multi-robot-exploration-rl/install/start_rl_environment_tb3/share/start_rl_environment_tb3/maps/interaction_hub.yaml
[INFO] [gzserver-1]: process started with pid [2355784]
[INFO] [gzclient-2]: process started with pid [2355786]
[INFO] [robot_state_publisher-3]: process started with pid [2355788]
[INFO] [spawn_entity.py-4]: process started with pid [2355790]
[INFO] [static_transform_publisher-5]: process started with pid [2355792]
[INFO] [robot_state_publisher-6]: process started with pid [2355794]
[INFO] [spawn_entity.py-7]: process started with pid [2355796]
[INFO] [static_transform_publisher-8]: process started with pid [2355798]
[INFO] [robot_state_publisher-9]: process started with pid [2355800]
[INFO] [spawn_entity.py-10]: process started with pid [2355802]
[INFO] [static_transform_publisher-11]: process started with pid [2355804]
[INFO] [robot_state_publisher-12]: process started with pid [2355806]
[INFO] [spawn_entity.py-13]: process started with pid [2355808]
[INFO] [static_transform_publisher-14]: process started with pid [2355811]
[INFO] [map_server-15]: process started with pid [2355815]
[INFO] [lifecycle_manager-16]: process started with pid [2355834]
[INFO] [rviz2-17]: process started with pid [2355839]
[INFO] [obstacle_mover.py-18]: process started with pid [2355848]
[static_transform_publisher-5] [WARN] [1778727099.402403861] []: Old-style arguments are deprecated; see --help for new-style arguments
[static_transform_publisher-8] [WARN] [1778727099.412893716] []: Old-style arguments are deprecated; see --help for new-style arguments
[static_transform_publisher-11] [WARN] [1778727099.421944942] []: Old-style arguments are deprecated; see --help for new-style arguments
[static_transform_publisher-14] [WARN] [1778727099.422665898] []: Old-style arguments are deprecated; see --help for new-style arguments
[robot_state_publisher-6] [INFO] [1778727099.440713173] [tb3_1.robot_state_publisher]: got segment base_footprint
[robot_state_publisher-6] [INFO] [1778727099.441063630] [tb3_1.robot_state_publisher]: got segment base_link
[robot_state_publisher-6] [INFO] [1778727099.441086349] [tb3_1.robot_state_publisher]: got segment base_scan
[robot_state_publisher-6] [INFO] [1778727099.441111348] [tb3_1.robot_state_publisher]: got segment caster_back_link
[robot_state_publisher-6] [INFO] [1778727099.441285789] [tb3_1.robot_state_publisher]: got segment imu_link
[robot_state_publisher-6] [INFO] [1778727099.441300694] [tb3_1.robot_state_publisher]: got segment wheel_left_link
[robot_state_publisher-6] [INFO] [1778727099.441312904] [tb3_1.robot_state_publisher]: got segment wheel_right_link
[static_transform_publisher-5] [INFO] [1778727099.451277067] [static_tf_tb3_0]: Spinning until stopped - publishing transform
[static_transform_publisher-5] translation: ('0.000000', '0.000000', '0.000000')
[static_transform_publisher-5] rotation: ('0.000000', '0.000000', '0.000000', '1.000000')
[static_transform_publisher-5] from 'map' to 'tb3_0/odom'
[static_transform_publisher-8] [INFO] [1778727099.456437346] [static_tf_tb3_1]: Spinning until stopped - publishing transform
[static_transform_publisher-8] translation: ('0.000000', '0.000000', '0.000000')
[static_transform_publisher-8] rotation: ('0.000000', '0.000000', '0.000000', '1.000000')
[static_transform_publisher-8] from 'map' to 'tb3_1/odom'
[static_transform_publisher-11] [INFO] [1778727099.466206028] [static_tf_tb3_2]: Spinning until stopped - publishing transform
[static_transform_publisher-11] translation: ('0.000000', '0.000000', '0.000000')
[static_transform_publisher-11] rotation: ('0.000000', '0.000000', '0.000000', '1.000000')
[static_transform_publisher-11] from 'map' to 'tb3_2/odom'
[robot_state_publisher-9] [INFO] [1778727099.475522203] [tb3_2.robot_state_publisher]: got segment base_footprint
[robot_state_publisher-9] [INFO] [1778727099.475691458] [tb3_2.robot_state_publisher]: got segment base_link
[robot_state_publisher-9] [INFO] [1778727099.475712657] [tb3_2.robot_state_publisher]: got segment base_scan
[robot_state_publisher-9] [INFO] [1778727099.475726141] [tb3_2.robot_state_publisher]: got segment caster_back_link
[robot_state_publisher-9] [INFO] [1778727099.475737783] [tb3_2.robot_state_publisher]: got segment imu_link
[robot_state_publisher-9] [INFO] [1778727099.475748945] [tb3_2.robot_state_publisher]: got segment wheel_left_link
[robot_state_publisher-9] [INFO] [1778727099.475760319] [tb3_2.robot_state_publisher]: got segment wheel_right_link
[static_transform_publisher-14] [INFO] [1778727099.481502639] [static_tf_tb3_3]: Spinning until stopped - publishing transform
[static_transform_publisher-14] translation: ('0.000000', '0.000000', '0.000000')
[static_transform_publisher-14] rotation: ('0.000000', '0.000000', '0.000000', '1.000000')
[static_transform_publisher-14] from 'map' to 'tb3_3/odom'
[robot_state_publisher-12] [INFO] [1778727099.482998337] [tb3_3.robot_state_publisher]: got segment base_footprint
[robot_state_publisher-12] [INFO] [1778727099.483190871] [tb3_3.robot_state_publisher]: got segment base_link
[robot_state_publisher-12] [INFO] [1778727099.483216459] [tb3_3.robot_state_publisher]: got segment base_scan
[robot_state_publisher-12] [INFO] [1778727099.483230526] [tb3_3.robot_state_publisher]: got segment caster_back_link
[robot_state_publisher-12] [INFO] [1778727099.483242298] [tb3_3.robot_state_publisher]: got segment imu_link
[robot_state_publisher-12] [INFO] [1778727099.483253758] [tb3_3.robot_state_publisher]: got segment wheel_left_link
[robot_state_publisher-12] [INFO] [1778727099.483265162] [tb3_3.robot_state_publisher]: got segment wheel_right_link
[robot_state_publisher-3] [INFO] [1778727099.486294819] [tb3_0.robot_state_publisher]: got segment base_footprint
[robot_state_publisher-3] [INFO] [1778727099.487232583] [tb3_0.robot_state_publisher]: got segment base_link
[robot_state_publisher-3] [INFO] [1778727099.487261305] [tb3_0.robot_state_publisher]: got segment base_scan
[robot_state_publisher-3] [INFO] [1778727099.487275253] [tb3_0.robot_state_publisher]: got segment caster_back_link
[robot_state_publisher-3] [INFO] [1778727099.487287291] [tb3_0.robot_state_publisher]: got segment imu_link
[robot_state_publisher-3] [INFO] [1778727099.487298620] [tb3_0.robot_state_publisher]: got segment wheel_left_link
[robot_state_publisher-3] [INFO] [1778727099.487310174] [tb3_0.robot_state_publisher]: got segment wheel_right_link
[lifecycle_manager-16] [INFO] [1778727099.490761297] [lifecycle_manager_map]: Creating
[lifecycle_manager-16] [INFO] [1778727099.497462110] [lifecycle_manager_map]: [34m[1mCreating and initializing lifecycle service clients[0m[0m
[map_server-15] [INFO] [1778727099.518028547] [map_server]: 
[map_server-15] 	map_server lifecycle node launched. 
[map_server-15] 	Waiting on external lifecycle transitions to activate
[map_server-15] 	See https://design.ros2.org/articles/node_lifecycle.html for more information.
[map_server-15] [INFO] [1778727099.518232313] [map_server]: Creating
[lifecycle_manager-16] [INFO] [1778727099.555338715] [lifecycle_manager_map]: [34m[1mStarting managed nodes bringup...[0m[0m
[lifecycle_manager-16] [INFO] [1778727099.555405478] [lifecycle_manager_map]: [34m[1mConfiguring map_server[0m[0m
[map_server-15] [INFO] [1778727099.705065838] [map_server]: Configuring
[map_server-15] [INFO] [1778727099.706354939] [map_io]: Loading yaml file: /home/wj/work/multi-robot-exploration-rl/install/start_rl_environment_tb3/share/start_rl_environment_tb3/maps/interaction_hub.yaml
[map_server-15] [INFO] [1778727099.706764290] [map_io]: resolution: 0.05
[map_server-15] [INFO] [1778727099.706783606] [map_io]: origin[0]: -6
[map_server-15] [INFO] [1778727099.706794510] [map_io]: origin[1]: -6
[map_server-15] [INFO] [1778727099.706803387] [map_io]: origin[2]: 0
[map_server-15] [INFO] [1778727099.706812935] [map_io]: free_thresh: 0.196
[map_server-15] [INFO] [1778727099.706821689] [map_io]: occupied_thresh: 0.65
[map_server-15] [INFO] [1778727099.706831711] [map_io]: mode: trinary
[map_server-15] [INFO] [1778727099.706841634] [map_io]: negate: 0
[map_server-15] [INFO] [1778727099.707120992] [map_io]: Loading image_file: /home/wj/work/multi-robot-exploration-rl/install/start_rl_environment_tb3/share/start_rl_environment_tb3/maps/interaction_hub.pgm
[map_server-15] [INFO] [1778727099.719631275] [map_io]: Read map /home/wj/work/multi-robot-exploration-rl/install/start_rl_environment_tb3/share/start_rl_environment_tb3/maps/interaction_hub.pgm: 240 X 240 map @ 0.05 m/cell
[lifecycle_manager-16] [INFO] [1778727099.736842095] [lifecycle_manager_map]: [34m[1mActivating map_server[0m[0m
[map_server-15] [INFO] [1778727099.737061843] [map_server]: Activating
[map_server-15] [INFO] [1778727099.737399089] [map_server]: Creating bond (map_server) to lifecycle manager.
[lifecycle_manager-16] [INFO] [1778727099.844640015] [lifecycle_manager_map]: Server map_server connected with bond.
[lifecycle_manager-16] [INFO] [1778727099.844700265] [lifecycle_manager_map]: [34m[1mManaged nodes are active[0m[0m
[lifecycle_manager-16] [INFO] [1778727099.844718666] [lifecycle_manager_map]: [34m[1mCreating bond timer...[0m[0m
[spawn_entity.py-10] [INFO] [1778727100.023727625] [tb3_2.spawn_entity]: Spawn Entity started
[spawn_entity.py-10] [INFO] [1778727100.024334356] [tb3_2.spawn_entity]: Loading entity XML from file /tmp/tb3_2_n7q3gt4p.sdf
[spawn_entity.py-10] [INFO] [1778727100.025533496] [tb3_2.spawn_entity]: Waiting for service /spawn_entity, timeout = 30
[spawn_entity.py-10] [INFO] [1778727100.026050185] [tb3_2.spawn_entity]: Waiting for service /spawn_entity
[spawn_entity.py-7] [INFO] [1778727100.079048026] [tb3_1.spawn_entity]: Spawn Entity started
[spawn_entity.py-7] [INFO] [1778727100.079450487] [tb3_1.spawn_entity]: Loading entity XML from file /tmp/tb3_1_c70kvpiw.sdf
[spawn_entity.py-7] [INFO] [1778727100.080278459] [tb3_1.spawn_entity]: Waiting for service /spawn_entity, timeout = 30
[spawn_entity.py-7] [INFO] [1778727100.080609220] [tb3_1.spawn_entity]: Waiting for service /spawn_entity
[spawn_entity.py-4] [INFO] [1778727100.150941040] [tb3_0.spawn_entity]: Spawn Entity started
[spawn_entity.py-4] [INFO] [1778727100.151363491] [tb3_0.spawn_entity]: Loading entity XML from file /tmp/tb3_0_t9hfy5qn.sdf
[spawn_entity.py-4] [INFO] [1778727100.152208794] [tb3_0.spawn_entity]: Waiting for service /spawn_entity, timeout = 30
[spawn_entity.py-4] [INFO] [1778727100.152551139] [tb3_0.spawn_entity]: Waiting for service /spawn_entity
[spawn_entity.py-13] [INFO] [1778727100.197205605] [tb3_3.spawn_entity]: Spawn Entity started
[spawn_entity.py-13] [INFO] [1778727100.197794544] [tb3_3.spawn_entity]: Loading entity XML from file /tmp/tb3_3_twj4x_xn.sdf
[spawn_entity.py-13] [INFO] [1778727100.198757490] [tb3_3.spawn_entity]: Waiting for service /spawn_entity, timeout = 30
[spawn_entity.py-13] [INFO] [1778727100.199188182] [tb3_3.spawn_entity]: Waiting for service /spawn_entity
[rviz2-17] [INFO] [1778727100.824822267] [rviz2]: Stereo is NOT SUPPORTED
[rviz2-17] [INFO] [1778727100.825054902] [rviz2]: OpenGl version: 4.6 (GLSL 4.6)
[rviz2-17] [INFO] [1778727100.906108940] [rviz2]: Stereo is NOT SUPPORTED
[gzserver-1] [WARN] [1778727102.081617473] [rcl]: Found remap rule 'model_states:=model_states_demo'. This syntax is deprecated. Use '--ros-args --remap model_states:=model_states_demo' instead.
[spawn_entity.py-7] [INFO] [1778727102.088075309] [tb3_1.spawn_entity]: Calling service /spawn_entity
[gzserver-1] [INFO] [1778727102.098099633] [gazebo_ros_state]: Publishing states of gazebo models at [/model_states_demo]
[gzserver-1] [INFO] [1778727102.099174892] [gazebo_ros_state]: Publishing states of gazebo links at [/link_states]
[spawn_entity.py-4] [INFO] [1778727102.161911791] [tb3_0.spawn_entity]: Calling service /spawn_entity
[spawn_entity.py-13] [INFO] [1778727102.207705957] [tb3_3.spawn_entity]: Calling service /spawn_entity
[spawn_entity.py-10] [INFO] [1778727102.285680058] [tb3_2.spawn_entity]: Calling service /spawn_entity
[obstacle_mover.py-18] [INFO] [1778727102.335974276] [obstacle_mover]: [obstacle_mover] map=6  0 个障碍物  速度=0.000 m/s (scale×0.0)  30 Hz  随机游走模式
[obstacle_mover.py-18] [INFO] [1778727102.345757962] [obstacle_mover]: [obstacle_mover] ✅ dyn_obs_0~dyn_obs_7 已下沉至 z=-10.0
[gzserver-1] [INFO] [1778727102.450449488] [tb3_1.turtlebot3_imu]: <initial_orientation_as_reference> is unset, using default value of false to comply with REP 145 (world as orientation reference)
[spawn_entity.py-7] [INFO] [1778727102.578424853] [tb3_1.spawn_entity]: Spawn status: SpawnEntity: Successfully spawned entity [tb3_1]
[gzserver-1] [INFO] [1778727102.712627302] [tb3_1.turtlebot3_diff_drive]: Wheel pair 1 separation set to [0.160000m]
[gzserver-1] [INFO] [1778727102.712693461] [tb3_1.turtlebot3_diff_drive]: Wheel pair 1 diameter set to [0.066000m]
[gzserver-1] [INFO] [1778727102.715429049] [tb3_1.turtlebot3_diff_drive]: Subscribed to [/tb3_1/cmd_vel]
[gzserver-1] [INFO] [1778727102.720749156] [tb3_1.turtlebot3_diff_drive]: Advertise odometry on [/tb3_1/odom]
[gzserver-1] [INFO] [1778727102.726725409] [tb3_1.turtlebot3_diff_drive]: Publishing odom transforms between [tb3_1/odom] and [tb3_1/base_footprint]
[gzserver-1] [INFO] [1778727102.747459525] [tb3_1.turtlebot3_joint_state]: Going to publish joint [wheel_left_joint]
[gzserver-1] [INFO] [1778727102.747533298] [tb3_1.turtlebot3_joint_state]: Going to publish joint [wheel_right_joint]
[INFO] [spawn_entity.py-7]: process has finished cleanly [pid 2355796]
[gzserver-1] [INFO] [1778727103.073451725] [tb3_0.turtlebot3_imu]: <initial_orientation_as_reference> is unset, using default value of false to comply with REP 145 (world as orientation reference)
[spawn_entity.py-4] [INFO] [1778727103.248203273] [tb3_0.spawn_entity]: Spawn status: SpawnEntity: Successfully spawned entity [tb3_0]
[gzserver-1] [INFO] [1778727103.358618086] [tb3_0.turtlebot3_diff_drive]: Wheel pair 1 separation set to [0.160000m]
[gzserver-1] [INFO] [1778727103.358704892] [tb3_0.turtlebot3_diff_drive]: Wheel pair 1 diameter set to [0.066000m]
[gzserver-1] [INFO] [1778727103.360028538] [tb3_0.turtlebot3_diff_drive]: Subscribed to [/tb3_0/cmd_vel]
[gzserver-1] [INFO] [1778727103.361963874] [tb3_0.turtlebot3_diff_drive]: Advertise odometry on [/tb3_0/odom]
[gzserver-1] [INFO] [1778727103.365008362] [tb3_0.turtlebot3_diff_drive]: Publishing odom transforms between [tb3_0/odom] and [tb3_0/base_footprint]
[gzserver-1] [INFO] [1778727103.381879815] [tb3_0.turtlebot3_joint_state]: Going to publish joint [wheel_left_joint]
[gzserver-1] [INFO] [1778727103.381943235] [tb3_0.turtlebot3_joint_state]: Going to publish joint [wheel_right_joint]
[INFO] [spawn_entity.py-4]: process has finished cleanly [pid 2355790]
[gzserver-1] [INFO] [1778727103.695164730] [tb3_3.turtlebot3_imu]: <initial_orientation_as_reference> is unset, using default value of false to comply with REP 145 (world as orientation reference)
[spawn_entity.py-13] [INFO] [1778727103.817790386] [tb3_3.spawn_entity]: Spawn status: SpawnEntity: Successfully spawned entity [tb3_3]
[gzserver-1] [INFO] [1778727103.931389565] [tb3_3.turtlebot3_diff_drive]: Wheel pair 1 separation set to [0.160000m]
[gzserver-1] [INFO] [1778727103.931465556] [tb3_3.turtlebot3_diff_drive]: Wheel pair 1 diameter set to [0.066000m]
[gzserver-1] [INFO] [1778727103.932889105] [tb3_3.turtlebot3_diff_drive]: Subscribed to [/tb3_3/cmd_vel]
[gzserver-1] [INFO] [1778727103.934432558] [tb3_3.turtlebot3_diff_drive]: Advertise odometry on [/tb3_3/odom]
[gzserver-1] [INFO] [1778727103.936552175] [tb3_3.turtlebot3_diff_drive]: Publishing odom transforms between [tb3_3/odom] and [tb3_3/base_footprint]
[gzserver-1] [INFO] [1778727103.950068462] [tb3_3.turtlebot3_joint_state]: Going to publish joint [wheel_left_joint]
[gzserver-1] [INFO] [1778727103.950127830] [tb3_3.turtlebot3_joint_state]: Going to publish joint [wheel_right_joint]
[INFO] [spawn_entity.py-13]: process has finished cleanly [pid 2355808]
[gzserver-1] [INFO] [1778727104.271845330] [tb3_2.turtlebot3_imu]: <initial_orientation_as_reference> is unset, using default value of false to comply with REP 145 (world as orientation reference)
[spawn_entity.py-10] [INFO] [1778727104.373604577] [tb3_2.spawn_entity]: Spawn status: SpawnEntity: Successfully spawned entity [tb3_2]
[gzserver-1] [INFO] [1778727104.484288863] [tb3_2.turtlebot3_diff_drive]: Wheel pair 1 separation set to [0.160000m]
[gzserver-1] [INFO] [1778727104.484343660] [tb3_2.turtlebot3_diff_drive]: Wheel pair 1 diameter set to [0.066000m]
[gzserver-1] [INFO] [1778727104.485081900] [tb3_2.turtlebot3_diff_drive]: Subscribed to [/tb3_2/cmd_vel]
[gzserver-1] [INFO] [1778727104.485883347] [tb3_2.turtlebot3_diff_drive]: Advertise odometry on [/tb3_2/odom]
[gzserver-1] [INFO] [1778727104.488494756] [tb3_2.turtlebot3_diff_drive]: Publishing odom transforms between [tb3_2/odom] and [tb3_2/base_footprint]
[gzserver-1] [INFO] [1778727104.503363842] [tb3_2.turtlebot3_joint_state]: Going to publish joint [wheel_left_joint]
[gzserver-1] [INFO] [1778727104.503416550] [tb3_2.turtlebot3_joint_state]: Going to publish joint [wheel_right_joint]
[INFO] [spawn_entity.py-10]: process has finished cleanly [pid 2355802]
[rviz2-17] [INFO] [1778727114.222626582] [rviz2]: Message Filter dropping message: frame 'tb3_0/base_scan' at time 0.390 for reason 'the timestamp on the message is earlier than all the data in the transform cache'
[rviz2-17] [INFO] [1778727114.425642013] [rviz2]: Message Filter dropping message: frame 'tb3_3/base_scan' at time 0.591 for reason 'the timestamp on the message is earlier than all the data in the transform cache'
[rviz2-17] [INFO] [1778727114.627511321] [rviz2]: Message Filter dropping message: frame 'tb3_2/base_scan' at time 0.790 for reason 'the timestamp on the message is earlier than all the data in the transform cache'
