[INFO] [launch]: All log files can be found below /home/wj/.ros/log/2026-05-13-19-39-21-341686-wj-Default-string-424397
[INFO] [launch]: Default logging verbosity is set to INFO
[INFO] Loading world for TurtleBot3: /home/wj/work/multi-robot-exploration-rl/install/start_rl_environment_tb3/share/start_rl_environment_tb3/worlds/interaction_hub.world
[INFO] Spawning 4 TurtleBot3 robots on interaction_hub...
[INFO] Using random positions
[INFO] Using fixed positions for 4 robots
[INFO]   Robot 0: Robot 0 - west lower at (-5.10, -0.85)
[INFO]   Robot 1: Robot 1 - west upper at (-5.10, 0.85)
[INFO]   Robot 2: Robot 2 - east upper at (5.10, 0.85)
[INFO]   Robot 3: Robot 3 - east lower at (5.10, -0.85)
[spawn_robots] Created modified SDF for tb3_0 at /tmp/tb3_0_r4bq_a8h.sdf
[spawn_robots] Created modified SDF for tb3_1 at /tmp/tb3_1_1jillydk.sdf
[spawn_robots] Created modified SDF for tb3_2 at /tmp/tb3_2_9ksj7z8r.sdf
[spawn_robots] Created modified SDF for tb3_3 at /tmp/tb3_3_t8alj7b6.sdf
[INFO] Map Server loading: /home/wj/work/multi-robot-exploration-rl/install/start_rl_environment_tb3/share/start_rl_environment_tb3/maps/interaction_hub.yaml
[INFO] [gzserver-1]: process started with pid [424530]
[INFO] [gzclient-2]: process started with pid [424532]
[INFO] [robot_state_publisher-3]: process started with pid [424534]
[INFO] [spawn_entity.py-4]: process started with pid [424536]
[INFO] [static_transform_publisher-5]: process started with pid [424538]
[INFO] [robot_state_publisher-6]: process started with pid [424540]
[INFO] [spawn_entity.py-7]: process started with pid [424542]
[INFO] [static_transform_publisher-8]: process started with pid [424544]
[INFO] [robot_state_publisher-9]: process started with pid [424546]
[INFO] [spawn_entity.py-10]: process started with pid [424548]
[INFO] [static_transform_publisher-11]: process started with pid [424550]
[INFO] [robot_state_publisher-12]: process started with pid [424552]
[INFO] [spawn_entity.py-13]: process started with pid [424554]
[INFO] [static_transform_publisher-14]: process started with pid [424557]
[INFO] [map_server-15]: process started with pid [424561]
[INFO] [lifecycle_manager-16]: process started with pid [424566]
[INFO] [rviz2-17]: process started with pid [424579]
[INFO] [obstacle_mover.py-18]: process started with pid [424592]
[static_transform_publisher-5] [WARN] [1778672362.200646820] []: Old-style arguments are deprecated; see --help for new-style arguments
[static_transform_publisher-8] [WARN] [1778672362.206172938] []: Old-style arguments are deprecated; see --help for new-style arguments
[static_transform_publisher-11] [WARN] [1778672362.210785865] []: Old-style arguments are deprecated; see --help for new-style arguments
[static_transform_publisher-14] [WARN] [1778672362.218809570] []: Old-style arguments are deprecated; see --help for new-style arguments
[static_transform_publisher-5] [INFO] [1778672362.238746021] [static_tf_tb3_0]: Spinning until stopped - publishing transform
[static_transform_publisher-5] translation: ('0.000000', '0.000000', '0.000000')
[static_transform_publisher-5] rotation: ('0.000000', '0.000000', '0.000000', '1.000000')
[static_transform_publisher-5] from 'map' to 'tb3_0/odom'
[static_transform_publisher-14] [INFO] [1778672362.255597124] [static_tf_tb3_3]: Spinning until stopped - publishing transform
[static_transform_publisher-14] translation: ('0.000000', '0.000000', '0.000000')
[static_transform_publisher-14] rotation: ('0.000000', '0.000000', '0.000000', '1.000000')
[static_transform_publisher-14] from 'map' to 'tb3_3/odom'
[static_transform_publisher-8] [INFO] [1778672362.256416090] [static_tf_tb3_1]: Spinning until stopped - publishing transform
[static_transform_publisher-8] translation: ('0.000000', '0.000000', '0.000000')
[static_transform_publisher-8] rotation: ('0.000000', '0.000000', '0.000000', '1.000000')
[static_transform_publisher-8] from 'map' to 'tb3_1/odom'
[static_transform_publisher-11] [INFO] [1778672362.268294028] [static_tf_tb3_2]: Spinning until stopped - publishing transform
[static_transform_publisher-11] translation: ('0.000000', '0.000000', '0.000000')
[static_transform_publisher-11] rotation: ('0.000000', '0.000000', '0.000000', '1.000000')
[static_transform_publisher-11] from 'map' to 'tb3_2/odom'
[robot_state_publisher-3] [INFO] [1778672362.273543377] [tb3_0.robot_state_publisher]: got segment base_footprint
[robot_state_publisher-3] [INFO] [1778672362.273700449] [tb3_0.robot_state_publisher]: got segment base_link
[robot_state_publisher-3] [INFO] [1778672362.273722086] [tb3_0.robot_state_publisher]: got segment base_scan
[robot_state_publisher-3] [INFO] [1778672362.273732810] [tb3_0.robot_state_publisher]: got segment caster_back_link
[robot_state_publisher-3] [INFO] [1778672362.273742992] [tb3_0.robot_state_publisher]: got segment imu_link
[robot_state_publisher-3] [INFO] [1778672362.273752575] [tb3_0.robot_state_publisher]: got segment wheel_left_link
[robot_state_publisher-3] [INFO] [1778672362.273762388] [tb3_0.robot_state_publisher]: got segment wheel_right_link
[robot_state_publisher-6] [INFO] [1778672362.275191568] [tb3_1.robot_state_publisher]: got segment base_footprint
[robot_state_publisher-6] [INFO] [1778672362.275337575] [tb3_1.robot_state_publisher]: got segment base_link
[robot_state_publisher-6] [INFO] [1778672362.275361454] [tb3_1.robot_state_publisher]: got segment base_scan
[robot_state_publisher-6] [INFO] [1778672362.275375636] [tb3_1.robot_state_publisher]: got segment caster_back_link
[robot_state_publisher-6] [INFO] [1778672362.275386248] [tb3_1.robot_state_publisher]: got segment imu_link
[robot_state_publisher-6] [INFO] [1778672362.275396350] [tb3_1.robot_state_publisher]: got segment wheel_left_link
[robot_state_publisher-6] [INFO] [1778672362.275406667] [tb3_1.robot_state_publisher]: got segment wheel_right_link
[lifecycle_manager-16] [INFO] [1778672362.284871138] [lifecycle_manager_map]: Creating
[map_server-15] [INFO] [1778672362.287522168] [map_server]: 
[map_server-15] 	map_server lifecycle node launched. 
[map_server-15] 	Waiting on external lifecycle transitions to activate
[map_server-15] 	See https://design.ros2.org/articles/node_lifecycle.html for more information.
[map_server-15] [INFO] [1778672362.287706437] [map_server]: Creating
[robot_state_publisher-9] [INFO] [1778672362.293538165] [tb3_2.robot_state_publisher]: got segment base_footprint
[robot_state_publisher-9] [INFO] [1778672362.293804388] [tb3_2.robot_state_publisher]: got segment base_link
[robot_state_publisher-9] [INFO] [1778672362.293831083] [tb3_2.robot_state_publisher]: got segment base_scan
[robot_state_publisher-9] [INFO] [1778672362.293845552] [tb3_2.robot_state_publisher]: got segment caster_back_link
[robot_state_publisher-9] [INFO] [1778672362.293858818] [tb3_2.robot_state_publisher]: got segment imu_link
[robot_state_publisher-9] [INFO] [1778672362.293870867] [tb3_2.robot_state_publisher]: got segment wheel_left_link
[robot_state_publisher-9] [INFO] [1778672362.293882439] [tb3_2.robot_state_publisher]: got segment wheel_right_link
[lifecycle_manager-16] [INFO] [1778672362.295080068] [lifecycle_manager_map]: [34m[1mCreating and initializing lifecycle service clients[0m[0m
[robot_state_publisher-12] [INFO] [1778672362.299475117] [tb3_3.robot_state_publisher]: got segment base_footprint
[robot_state_publisher-12] [INFO] [1778672362.299648858] [tb3_3.robot_state_publisher]: got segment base_link
[robot_state_publisher-12] [INFO] [1778672362.299670069] [tb3_3.robot_state_publisher]: got segment base_scan
[robot_state_publisher-12] [INFO] [1778672362.299681256] [tb3_3.robot_state_publisher]: got segment caster_back_link
[robot_state_publisher-12] [INFO] [1778672362.299691267] [tb3_3.robot_state_publisher]: got segment imu_link
[robot_state_publisher-12] [INFO] [1778672362.299700738] [tb3_3.robot_state_publisher]: got segment wheel_left_link
[robot_state_publisher-12] [INFO] [1778672362.299710096] [tb3_3.robot_state_publisher]: got segment wheel_right_link
[lifecycle_manager-16] [INFO] [1778672362.301722918] [lifecycle_manager_map]: [34m[1mStarting managed nodes bringup...[0m[0m
[lifecycle_manager-16] [INFO] [1778672362.301774118] [lifecycle_manager_map]: [34m[1mConfiguring map_server[0m[0m
[map_server-15] [INFO] [1778672362.302082128] [map_server]: Configuring
[map_server-15] [INFO] [1778672362.302164581] [map_io]: Loading yaml file: /home/wj/work/multi-robot-exploration-rl/install/start_rl_environment_tb3/share/start_rl_environment_tb3/maps/interaction_hub.yaml
[map_server-15] [INFO] [1778672362.302559016] [map_io]: resolution: 0.05
[map_server-15] [INFO] [1778672362.302580207] [map_io]: origin[0]: -6
[map_server-15] [INFO] [1778672362.302591700] [map_io]: origin[1]: -6
[map_server-15] [INFO] [1778672362.302601126] [map_io]: origin[2]: 0
[map_server-15] [INFO] [1778672362.302611184] [map_io]: free_thresh: 0.196
[map_server-15] [INFO] [1778672362.302620890] [map_io]: occupied_thresh: 0.65
[map_server-15] [INFO] [1778672362.302631223] [map_io]: mode: trinary
[map_server-15] [INFO] [1778672362.302640529] [map_io]: negate: 0
[map_server-15] [INFO] [1778672362.302902883] [map_io]: Loading image_file: /home/wj/work/multi-robot-exploration-rl/install/start_rl_environment_tb3/share/start_rl_environment_tb3/maps/interaction_hub.pgm
[map_server-15] [INFO] [1778672362.314849781] [map_io]: Read map /home/wj/work/multi-robot-exploration-rl/install/start_rl_environment_tb3/share/start_rl_environment_tb3/maps/interaction_hub.pgm: 240 X 240 map @ 0.05 m/cell
[lifecycle_manager-16] [INFO] [1778672362.322372854] [lifecycle_manager_map]: [34m[1mActivating map_server[0m[0m
[map_server-15] [INFO] [1778672362.322628330] [map_server]: Activating
[map_server-15] [INFO] [1778672362.322801763] [map_server]: Creating bond (map_server) to lifecycle manager.
[lifecycle_manager-16] [INFO] [1778672362.427977488] [lifecycle_manager_map]: Server map_server connected with bond.
[lifecycle_manager-16] [INFO] [1778672362.428020976] [lifecycle_manager_map]: [34m[1mManaged nodes are active[0m[0m
[lifecycle_manager-16] [INFO] [1778672362.428034143] [lifecycle_manager_map]: [34m[1mCreating bond timer...[0m[0m
[spawn_entity.py-13] [INFO] [1778672362.791802105] [tb3_3.spawn_entity]: Spawn Entity started
[spawn_entity.py-13] [INFO] [1778672362.792393835] [tb3_3.spawn_entity]: Loading entity XML from file /tmp/tb3_3_t8alj7b6.sdf
[spawn_entity.py-13] [INFO] [1778672362.793372157] [tb3_3.spawn_entity]: Waiting for service /spawn_entity, timeout = 30
[spawn_entity.py-13] [INFO] [1778672362.793786615] [tb3_3.spawn_entity]: Waiting for service /spawn_entity
[spawn_entity.py-7] [INFO] [1778672362.864275759] [tb3_1.spawn_entity]: Spawn Entity started
[spawn_entity.py-7] [INFO] [1778672362.865803925] [tb3_1.spawn_entity]: Loading entity XML from file /tmp/tb3_1_1jillydk.sdf
[spawn_entity.py-7] [INFO] [1778672362.866905711] [tb3_1.spawn_entity]: Waiting for service /spawn_entity, timeout = 30
[spawn_entity.py-7] [INFO] [1778672362.867468860] [tb3_1.spawn_entity]: Waiting for service /spawn_entity
[spawn_entity.py-4] [INFO] [1778672362.962406161] [tb3_0.spawn_entity]: Spawn Entity started
[spawn_entity.py-4] [INFO] [1778672362.962809673] [tb3_0.spawn_entity]: Loading entity XML from file /tmp/tb3_0_r4bq_a8h.sdf
[spawn_entity.py-4] [INFO] [1778672362.963751608] [tb3_0.spawn_entity]: Waiting for service /spawn_entity, timeout = 30
[spawn_entity.py-4] [INFO] [1778672362.964124013] [tb3_0.spawn_entity]: Waiting for service /spawn_entity
[spawn_entity.py-10] [INFO] [1778672362.966483031] [tb3_2.spawn_entity]: Spawn Entity started
[spawn_entity.py-10] [INFO] [1778672362.967009362] [tb3_2.spawn_entity]: Loading entity XML from file /tmp/tb3_2_9ksj7z8r.sdf
[spawn_entity.py-10] [INFO] [1778672362.968192452] [tb3_2.spawn_entity]: Waiting for service /spawn_entity, timeout = 30
[spawn_entity.py-10] [INFO] [1778672362.968694512] [tb3_2.spawn_entity]: Waiting for service /spawn_entity
[rviz2-17] [INFO] [1778672362.996056414] [rviz2]: Stereo is NOT SUPPORTED
[rviz2-17] [INFO] [1778672362.996236158] [rviz2]: OpenGl version: 4.6 (GLSL 4.6)
[rviz2-17] [INFO] [1778672363.018864235] [rviz2]: Stereo is NOT SUPPORTED
[gzserver-1] [WARN] [1778672364.028814816] [rcl]: Found remap rule 'model_states:=model_states_demo'. This syntax is deprecated. Use '--ros-args --remap model_states:=model_states_demo' instead.
[gzserver-1] [INFO] [1778672364.047725551] [gazebo_ros_state]: Publishing states of gazebo models at [/model_states_demo]
[gzserver-1] [INFO] [1778672364.048749922] [gazebo_ros_state]: Publishing states of gazebo links at [/link_states]
[spawn_entity.py-13] [INFO] [1778672364.053915670] [tb3_3.spawn_entity]: Calling service /spawn_entity
[obstacle_mover.py-18] [INFO] [1778672364.084156407] [obstacle_mover]: [obstacle_mover] map=6  2 个障碍物  速度=0.038 m/s (scale×0.35)  30 Hz  随机游走模式
[obstacle_mover.py-18] [INFO] [1778672364.096937921] [obstacle_mover]: [obstacle_mover] ✅ dyn_obs_2~dyn_obs_7 已下沉至 z=-10.0
[spawn_entity.py-7] [INFO] [1778672364.125794670] [tb3_1.spawn_entity]: Calling service /spawn_entity
[spawn_entity.py-4] [INFO] [1778672364.221056899] [tb3_0.spawn_entity]: Calling service /spawn_entity
[spawn_entity.py-10] [INFO] [1778672364.224543975] [tb3_2.spawn_entity]: Calling service /spawn_entity
[gzserver-1] [INFO] [1778672364.351937589] [tb3_3.turtlebot3_imu]: <initial_orientation_as_reference> is unset, using default value of false to comply with REP 145 (world as orientation reference)
[spawn_entity.py-13] [INFO] [1778672364.471816448] [tb3_3.spawn_entity]: Spawn status: SpawnEntity: Successfully spawned entity [tb3_3]
[gzserver-1] [INFO] [1778672364.608690310] [tb3_3.turtlebot3_diff_drive]: Wheel pair 1 separation set to [0.160000m]
[gzserver-1] [INFO] [1778672364.608784395] [tb3_3.turtlebot3_diff_drive]: Wheel pair 1 diameter set to [0.066000m]
[gzserver-1] [INFO] [1778672364.611626546] [tb3_3.turtlebot3_diff_drive]: Subscribed to [/tb3_3/cmd_vel]
[gzserver-1] [INFO] [1778672364.616228548] [tb3_3.turtlebot3_diff_drive]: Advertise odometry on [/tb3_3/odom]
[gzserver-1] [INFO] [1778672364.620614149] [tb3_3.turtlebot3_diff_drive]: Publishing odom transforms between [tb3_3/odom] and [tb3_3/base_footprint]
[gzserver-1] [INFO] [1778672364.640004954] [tb3_3.turtlebot3_joint_state]: Going to publish joint [wheel_left_joint]
[gzserver-1] [INFO] [1778672364.640054175] [tb3_3.turtlebot3_joint_state]: Going to publish joint [wheel_right_joint]
[INFO] [spawn_entity.py-13]: process has finished cleanly [pid 424554]
[gzserver-1] [INFO] [1778672364.932527740] [tb3_1.turtlebot3_imu]: <initial_orientation_as_reference> is unset, using default value of false to comply with REP 145 (world as orientation reference)
[spawn_entity.py-7] [INFO] [1778672365.046946722] [tb3_1.spawn_entity]: Spawn status: SpawnEntity: Successfully spawned entity [tb3_1]
[gzserver-1] [INFO] [1778672365.156039788] [tb3_1.turtlebot3_diff_drive]: Wheel pair 1 separation set to [0.160000m]
[gzserver-1] [INFO] [1778672365.156116141] [tb3_1.turtlebot3_diff_drive]: Wheel pair 1 diameter set to [0.066000m]
[gzserver-1] [INFO] [1778672365.156930884] [tb3_1.turtlebot3_diff_drive]: Subscribed to [/tb3_1/cmd_vel]
[gzserver-1] [INFO] [1778672365.158058854] [tb3_1.turtlebot3_diff_drive]: Advertise odometry on [/tb3_1/odom]
[gzserver-1] [INFO] [1778672365.160524738] [tb3_1.turtlebot3_diff_drive]: Publishing odom transforms between [tb3_1/odom] and [tb3_1/base_footprint]
[gzserver-1] [INFO] [1778672365.175529870] [tb3_1.turtlebot3_joint_state]: Going to publish joint [wheel_left_joint]
[gzserver-1] [INFO] [1778672365.175587551] [tb3_1.turtlebot3_joint_state]: Going to publish joint [wheel_right_joint]
[INFO] [spawn_entity.py-7]: process has finished cleanly [pid 424542]
[gzserver-1] [INFO] [1778672365.481552255] [tb3_0.turtlebot3_imu]: <initial_orientation_as_reference> is unset, using default value of false to comply with REP 145 (world as orientation reference)
[spawn_entity.py-4] [INFO] [1778672365.580610061] [tb3_0.spawn_entity]: Spawn status: SpawnEntity: Successfully spawned entity [tb3_0]
[gzserver-1] [INFO] [1778672365.690885453] [tb3_0.turtlebot3_diff_drive]: Wheel pair 1 separation set to [0.160000m]
[gzserver-1] [INFO] [1778672365.690951489] [tb3_0.turtlebot3_diff_drive]: Wheel pair 1 diameter set to [0.066000m]
[gzserver-1] [INFO] [1778672365.691869255] [tb3_0.turtlebot3_diff_drive]: Subscribed to [/tb3_0/cmd_vel]
[gzserver-1] [INFO] [1778672365.693158958] [tb3_0.turtlebot3_diff_drive]: Advertise odometry on [/tb3_0/odom]
[gzserver-1] [INFO] [1778672365.696133963] [tb3_0.turtlebot3_diff_drive]: Publishing odom transforms between [tb3_0/odom] and [tb3_0/base_footprint]
[gzserver-1] [INFO] [1778672365.710226703] [tb3_0.turtlebot3_joint_state]: Going to publish joint [wheel_left_joint]
[gzserver-1] [INFO] [1778672365.710274085] [tb3_0.turtlebot3_joint_state]: Going to publish joint [wheel_right_joint]
[INFO] [spawn_entity.py-4]: process has finished cleanly [pid 424536]
[gzserver-1] [INFO] [1778672366.019076148] [tb3_2.turtlebot3_imu]: <initial_orientation_as_reference> is unset, using default value of false to comply with REP 145 (world as orientation reference)
[spawn_entity.py-10] [INFO] [1778672366.129375396] [tb3_2.spawn_entity]: Spawn status: SpawnEntity: Successfully spawned entity [tb3_2]
[gzserver-1] [INFO] [1778672366.243315027] [tb3_2.turtlebot3_diff_drive]: Wheel pair 1 separation set to [0.160000m]
[gzserver-1] [INFO] [1778672366.243428307] [tb3_2.turtlebot3_diff_drive]: Wheel pair 1 diameter set to [0.066000m]
[gzserver-1] [INFO] [1778672366.244754872] [tb3_2.turtlebot3_diff_drive]: Subscribed to [/tb3_2/cmd_vel]
[gzserver-1] [INFO] [1778672366.246174076] [tb3_2.turtlebot3_diff_drive]: Advertise odometry on [/tb3_2/odom]
[gzserver-1] [INFO] [1778672366.248446145] [tb3_2.turtlebot3_diff_drive]: Publishing odom transforms between [tb3_2/odom] and [tb3_2/base_footprint]
[gzserver-1] [INFO] [1778672366.260082598] [tb3_2.turtlebot3_joint_state]: Going to publish joint [wheel_left_joint]
[gzserver-1] [INFO] [1778672366.260134938] [tb3_2.turtlebot3_joint_state]: Going to publish joint [wheel_right_joint]
[INFO] [spawn_entity.py-10]: process has finished cleanly [pid 424548]
[rviz2-17] [INFO] [1778672376.072142500] [rviz2]: Message Filter dropping message: frame 'tb3_1/base_scan' at time 0.342 for reason 'the timestamp on the message is earlier than all the data in the transform cache'
[rviz2-17] [INFO] [1778672376.274026933] [rviz2]: Message Filter dropping message: frame 'tb3_0/base_scan' at time 0.543 for reason 'the timestamp on the message is earlier than all the data in the transform cache'
[rviz2-17] [INFO] [1778672376.475336359] [rviz2]: Message Filter dropping message: frame 'tb3_2/base_scan' at time 0.743 for reason 'the timestamp on the message is earlier than all the data in the transform cache'
