[INFO] [launch]: All log files can be found below /home/wj/.ros/log/2026-05-13-16-36-49-547306-wj-Default-string-3793239
[INFO] [launch]: Default logging verbosity is set to INFO
[INFO] Loading world for TurtleBot3: /home/wj/work/multi-robot-exploration-rl/install/start_rl_environment_tb3/share/start_rl_environment_tb3/worlds/interaction_hub.world
[INFO] Spawning 4 TurtleBot3 robots on interaction_hub...
[INFO] Using random positions
[INFO] Using fixed positions for 4 robots
[INFO]   Robot 0: Robot 0 - west lower at (-5.10, -0.85)
[INFO]   Robot 1: Robot 1 - west upper at (-5.10, 0.85)
[INFO]   Robot 2: Robot 2 - east upper at (5.10, 0.85)
[INFO]   Robot 3: Robot 3 - east lower at (5.10, -0.85)
[spawn_robots] Created modified SDF for tb3_0 at /tmp/tb3_0_yomca1o5.sdf
[spawn_robots] Created modified SDF for tb3_1 at /tmp/tb3_1_74vo7thx.sdf
[spawn_robots] Created modified SDF for tb3_2 at /tmp/tb3_2_57ejy2j3.sdf
[spawn_robots] Created modified SDF for tb3_3 at /tmp/tb3_3_yk9ztt47.sdf
[INFO] Map Server loading: /home/wj/work/multi-robot-exploration-rl/install/start_rl_environment_tb3/share/start_rl_environment_tb3/maps/interaction_hub.yaml
[INFO] [gzserver-1]: process started with pid [3793318]
[INFO] [gzclient-2]: process started with pid [3793320]
[INFO] [robot_state_publisher-3]: process started with pid [3793322]
[INFO] [spawn_entity.py-4]: process started with pid [3793324]
[INFO] [static_transform_publisher-5]: process started with pid [3793326]
[INFO] [robot_state_publisher-6]: process started with pid [3793328]
[INFO] [spawn_entity.py-7]: process started with pid [3793330]
[INFO] [static_transform_publisher-8]: process started with pid [3793332]
[INFO] [robot_state_publisher-9]: process started with pid [3793334]
[INFO] [spawn_entity.py-10]: process started with pid [3793336]
[INFO] [static_transform_publisher-11]: process started with pid [3793339]
[INFO] [robot_state_publisher-12]: process started with pid [3793345]
[INFO] [spawn_entity.py-13]: process started with pid [3793347]
[INFO] [static_transform_publisher-14]: process started with pid [3793349]
[INFO] [map_server-15]: process started with pid [3793354]
[INFO] [lifecycle_manager-16]: process started with pid [3793356]
[INFO] [rviz2-17]: process started with pid [3793363]
[INFO] [obstacle_mover.py-18]: process started with pid [3793376]
[static_transform_publisher-5] [WARN] [1778661410.379633768] []: Old-style arguments are deprecated; see --help for new-style arguments
[static_transform_publisher-8] [WARN] [1778661410.393750359] []: Old-style arguments are deprecated; see --help for new-style arguments
[static_transform_publisher-11] [WARN] [1778661410.395137191] []: Old-style arguments are deprecated; see --help for new-style arguments
[static_transform_publisher-14] [WARN] [1778661410.411113633] []: Old-style arguments are deprecated; see --help for new-style arguments
[static_transform_publisher-5] [INFO] [1778661410.414490737] [static_tf_tb3_0]: Spinning until stopped - publishing transform
[static_transform_publisher-5] translation: ('0.000000', '0.000000', '0.000000')
[static_transform_publisher-5] rotation: ('0.000000', '0.000000', '0.000000', '1.000000')
[static_transform_publisher-5] from 'map' to 'tb3_0/odom'
[static_transform_publisher-8] [INFO] [1778661410.436597524] [static_tf_tb3_1]: Spinning until stopped - publishing transform
[static_transform_publisher-8] translation: ('0.000000', '0.000000', '0.000000')
[static_transform_publisher-8] rotation: ('0.000000', '0.000000', '0.000000', '1.000000')
[static_transform_publisher-8] from 'map' to 'tb3_1/odom'
[static_transform_publisher-11] [INFO] [1778661410.442015972] [static_tf_tb3_2]: Spinning until stopped - publishing transform
[static_transform_publisher-11] translation: ('0.000000', '0.000000', '0.000000')
[static_transform_publisher-11] rotation: ('0.000000', '0.000000', '0.000000', '1.000000')
[static_transform_publisher-11] from 'map' to 'tb3_2/odom'
[robot_state_publisher-9] [INFO] [1778661410.445884085] [tb3_2.robot_state_publisher]: got segment base_footprint
[robot_state_publisher-9] [INFO] [1778661410.447624020] [tb3_2.robot_state_publisher]: got segment base_link
[robot_state_publisher-9] [INFO] [1778661410.447655883] [tb3_2.robot_state_publisher]: got segment base_scan
[robot_state_publisher-9] [INFO] [1778661410.447671669] [tb3_2.robot_state_publisher]: got segment caster_back_link
[robot_state_publisher-9] [INFO] [1778661410.447683635] [tb3_2.robot_state_publisher]: got segment imu_link
[robot_state_publisher-9] [INFO] [1778661410.447694991] [tb3_2.robot_state_publisher]: got segment wheel_left_link
[robot_state_publisher-9] [INFO] [1778661410.447706267] [tb3_2.robot_state_publisher]: got segment wheel_right_link
[robot_state_publisher-12] [INFO] [1778661410.451510535] [tb3_3.robot_state_publisher]: got segment base_footprint
[robot_state_publisher-12] [INFO] [1778661410.451716827] [tb3_3.robot_state_publisher]: got segment base_link
[robot_state_publisher-12] [INFO] [1778661410.451743667] [tb3_3.robot_state_publisher]: got segment base_scan
[robot_state_publisher-12] [INFO] [1778661410.451758006] [tb3_3.robot_state_publisher]: got segment caster_back_link
[robot_state_publisher-12] [INFO] [1778661410.451769707] [tb3_3.robot_state_publisher]: got segment imu_link
[robot_state_publisher-12] [INFO] [1778661410.451780191] [tb3_3.robot_state_publisher]: got segment wheel_left_link
[robot_state_publisher-12] [INFO] [1778661410.451790219] [tb3_3.robot_state_publisher]: got segment wheel_right_link
[robot_state_publisher-6] [INFO] [1778661410.456110341] [tb3_1.robot_state_publisher]: got segment base_footprint
[robot_state_publisher-6] [INFO] [1778661410.456309196] [tb3_1.robot_state_publisher]: got segment base_link
[robot_state_publisher-6] [INFO] [1778661410.456333250] [tb3_1.robot_state_publisher]: got segment base_scan
[robot_state_publisher-6] [INFO] [1778661410.456347386] [tb3_1.robot_state_publisher]: got segment caster_back_link
[robot_state_publisher-6] [INFO] [1778661410.456359362] [tb3_1.robot_state_publisher]: got segment imu_link
[robot_state_publisher-6] [INFO] [1778661410.456370746] [tb3_1.robot_state_publisher]: got segment wheel_left_link
[robot_state_publisher-6] [INFO] [1778661410.456381504] [tb3_1.robot_state_publisher]: got segment wheel_right_link
[static_transform_publisher-14] [INFO] [1778661410.456987577] [static_tf_tb3_3]: Spinning until stopped - publishing transform
[static_transform_publisher-14] translation: ('0.000000', '0.000000', '0.000000')
[static_transform_publisher-14] rotation: ('0.000000', '0.000000', '0.000000', '1.000000')
[static_transform_publisher-14] from 'map' to 'tb3_3/odom'
[robot_state_publisher-3] [INFO] [1778661410.467823876] [tb3_0.robot_state_publisher]: got segment base_footprint
[robot_state_publisher-3] [INFO] [1778661410.468016507] [tb3_0.robot_state_publisher]: got segment base_link
[robot_state_publisher-3] [INFO] [1778661410.468039390] [tb3_0.robot_state_publisher]: got segment base_scan
[robot_state_publisher-3] [INFO] [1778661410.468051729] [tb3_0.robot_state_publisher]: got segment caster_back_link
[robot_state_publisher-3] [INFO] [1778661410.468095221] [tb3_0.robot_state_publisher]: got segment imu_link
[robot_state_publisher-3] [INFO] [1778661410.468111847] [tb3_0.robot_state_publisher]: got segment wheel_left_link
[robot_state_publisher-3] [INFO] [1778661410.468122782] [tb3_0.robot_state_publisher]: got segment wheel_right_link
[lifecycle_manager-16] [INFO] [1778661410.477305215] [lifecycle_manager_map]: Creating
[map_server-15] [INFO] [1778661410.480083304] [map_server]: 
[map_server-15] 	map_server lifecycle node launched. 
[map_server-15] 	Waiting on external lifecycle transitions to activate
[map_server-15] 	See https://design.ros2.org/articles/node_lifecycle.html for more information.
[map_server-15] [INFO] [1778661410.480309745] [map_server]: Creating
[lifecycle_manager-16] [INFO] [1778661410.486284088] [lifecycle_manager_map]: [34m[1mCreating and initializing lifecycle service clients[0m[0m
[lifecycle_manager-16] [INFO] [1778661410.491883558] [lifecycle_manager_map]: [34m[1mStarting managed nodes bringup...[0m[0m
[lifecycle_manager-16] [INFO] [1778661410.491967115] [lifecycle_manager_map]: [34m[1mConfiguring map_server[0m[0m
[map_server-15] [INFO] [1778661410.615796596] [map_server]: Configuring
[map_server-15] [INFO] [1778661410.615890805] [map_io]: Loading yaml file: /home/wj/work/multi-robot-exploration-rl/install/start_rl_environment_tb3/share/start_rl_environment_tb3/maps/interaction_hub.yaml
[map_server-15] [INFO] [1778661410.616286318] [map_io]: resolution: 0.05
[map_server-15] [INFO] [1778661410.616303995] [map_io]: origin[0]: -6
[map_server-15] [INFO] [1778661410.616312858] [map_io]: origin[1]: -6
[map_server-15] [INFO] [1778661410.616321027] [map_io]: origin[2]: 0
[map_server-15] [INFO] [1778661410.616329778] [map_io]: free_thresh: 0.196
[map_server-15] [INFO] [1778661410.616338482] [map_io]: occupied_thresh: 0.65
[map_server-15] [INFO] [1778661410.616348023] [map_io]: mode: trinary
[map_server-15] [INFO] [1778661410.616357686] [map_io]: negate: 0
[map_server-15] [INFO] [1778661410.616679424] [map_io]: Loading image_file: /home/wj/work/multi-robot-exploration-rl/install/start_rl_environment_tb3/share/start_rl_environment_tb3/maps/interaction_hub.pgm
[map_server-15] [INFO] [1778661410.632363548] [map_io]: Read map /home/wj/work/multi-robot-exploration-rl/install/start_rl_environment_tb3/share/start_rl_environment_tb3/maps/interaction_hub.pgm: 240 X 240 map @ 0.05 m/cell
[lifecycle_manager-16] [INFO] [1778661410.643734623] [lifecycle_manager_map]: [34m[1mActivating map_server[0m[0m
[map_server-15] [INFO] [1778661410.644786683] [map_server]: Activating
[map_server-15] [INFO] [1778661410.645075605] [map_server]: Creating bond (map_server) to lifecycle manager.
[lifecycle_manager-16] [INFO] [1778661410.761114144] [lifecycle_manager_map]: Server map_server connected with bond.
[lifecycle_manager-16] [INFO] [1778661410.761171223] [lifecycle_manager_map]: [34m[1mManaged nodes are active[0m[0m
[lifecycle_manager-16] [INFO] [1778661410.761187147] [lifecycle_manager_map]: [34m[1mCreating bond timer...[0m[0m
[spawn_entity.py-4] [INFO] [1778661411.127845832] [tb3_0.spawn_entity]: Spawn Entity started
[spawn_entity.py-4] [INFO] [1778661411.128303009] [tb3_0.spawn_entity]: Loading entity XML from file /tmp/tb3_0_yomca1o5.sdf
[spawn_entity.py-4] [INFO] [1778661411.129338574] [tb3_0.spawn_entity]: Waiting for service /spawn_entity, timeout = 30
[spawn_entity.py-4] [INFO] [1778661411.129814802] [tb3_0.spawn_entity]: Waiting for service /spawn_entity
[spawn_entity.py-10] [INFO] [1778661411.133218748] [tb3_2.spawn_entity]: Spawn Entity started
[spawn_entity.py-10] [INFO] [1778661411.133623734] [tb3_2.spawn_entity]: Loading entity XML from file /tmp/tb3_2_57ejy2j3.sdf
[spawn_entity.py-10] [INFO] [1778661411.134883147] [tb3_2.spawn_entity]: Waiting for service /spawn_entity, timeout = 30
[spawn_entity.py-10] [INFO] [1778661411.135488628] [tb3_2.spawn_entity]: Waiting for service /spawn_entity
[spawn_entity.py-7] [INFO] [1778661411.139798536] [tb3_1.spawn_entity]: Spawn Entity started
[spawn_entity.py-7] [INFO] [1778661411.140523443] [tb3_1.spawn_entity]: Loading entity XML from file /tmp/tb3_1_74vo7thx.sdf
[spawn_entity.py-7] [INFO] [1778661411.141904904] [tb3_1.spawn_entity]: Waiting for service /spawn_entity, timeout = 30
[spawn_entity.py-7] [INFO] [1778661411.142543522] [tb3_1.spawn_entity]: Waiting for service /spawn_entity
[spawn_entity.py-13] [INFO] [1778661411.154106968] [tb3_3.spawn_entity]: Spawn Entity started
[spawn_entity.py-13] [INFO] [1778661411.154531100] [tb3_3.spawn_entity]: Loading entity XML from file /tmp/tb3_3_yk9ztt47.sdf
[spawn_entity.py-13] [INFO] [1778661411.155466381] [tb3_3.spawn_entity]: Waiting for service /spawn_entity, timeout = 30
[spawn_entity.py-13] [INFO] [1778661411.155818433] [tb3_3.spawn_entity]: Waiting for service /spawn_entity
[rviz2-17] [INFO] [1778661411.786420003] [rviz2]: Stereo is NOT SUPPORTED
[rviz2-17] [INFO] [1778661411.786584543] [rviz2]: OpenGl version: 4.6 (GLSL 4.6)
[rviz2-17] [INFO] [1778661411.974685000] [rviz2]: Stereo is NOT SUPPORTED
[gzserver-1] [WARN] [1778661412.687690471] [rcl]: Found remap rule 'model_states:=model_states_demo'. This syntax is deprecated. Use '--ros-args --remap model_states:=model_states_demo' instead.
[gzserver-1] [INFO] [1778661412.702387062] [gazebo_ros_state]: Publishing states of gazebo models at [/model_states_demo]
[gzserver-1] [INFO] [1778661412.703750090] [gazebo_ros_state]: Publishing states of gazebo links at [/link_states]
[obstacle_mover.py-18] [INFO] [1778661412.867442748] [obstacle_mover]: [obstacle_mover] map=6  0 个障碍物  速度=0.000 m/s (scale×0.0)  30 Hz  随机游走模式
[obstacle_mover.py-18] [INFO] [1778661412.870483944] [obstacle_mover]: [obstacle_mover] ✅ dyn_obs_0~dyn_obs_7 已下沉至 z=-10.0
[spawn_entity.py-4] [INFO] [1778661412.888286198] [tb3_0.spawn_entity]: Calling service /spawn_entity
[spawn_entity.py-10] [INFO] [1778661412.893337038] [tb3_2.spawn_entity]: Calling service /spawn_entity
[spawn_entity.py-7] [INFO] [1778661412.902768805] [tb3_1.spawn_entity]: Calling service /spawn_entity
[spawn_entity.py-13] [INFO] [1778661412.912884651] [tb3_3.spawn_entity]: Calling service /spawn_entity
[gzserver-1] [INFO] [1778661413.230827937] [tb3_0.turtlebot3_imu]: <initial_orientation_as_reference> is unset, using default value of false to comply with REP 145 (world as orientation reference)
[spawn_entity.py-4] [INFO] [1778661413.424309248] [tb3_0.spawn_entity]: Spawn status: SpawnEntity: Successfully spawned entity [tb3_0]
[gzserver-1] [INFO] [1778661413.472386208] [tb3_0.turtlebot3_diff_drive]: Wheel pair 1 separation set to [0.160000m]
[gzserver-1] [INFO] [1778661413.472470692] [tb3_0.turtlebot3_diff_drive]: Wheel pair 1 diameter set to [0.066000m]
[gzserver-1] [INFO] [1778661413.475592675] [tb3_0.turtlebot3_diff_drive]: Subscribed to [/tb3_0/cmd_vel]
[gzserver-1] [INFO] [1778661413.480455858] [tb3_0.turtlebot3_diff_drive]: Advertise odometry on [/tb3_0/odom]
[gzserver-1] [INFO] [1778661413.487820328] [tb3_0.turtlebot3_diff_drive]: Publishing odom transforms between [tb3_0/odom] and [tb3_0/base_footprint]
[gzserver-1] [INFO] [1778661413.508934890] [tb3_0.turtlebot3_joint_state]: Going to publish joint [wheel_left_joint]
[gzserver-1] [INFO] [1778661413.509002257] [tb3_0.turtlebot3_joint_state]: Going to publish joint [wheel_right_joint]
[INFO] [spawn_entity.py-4]: process has finished cleanly [pid 3793324]
[gzserver-1] [INFO] [1778661413.809472652] [tb3_2.turtlebot3_imu]: <initial_orientation_as_reference> is unset, using default value of false to comply with REP 145 (world as orientation reference)
[spawn_entity.py-10] [INFO] [1778661413.959606850] [tb3_2.spawn_entity]: Spawn status: SpawnEntity: Successfully spawned entity [tb3_2]
[gzserver-1] [INFO] [1778661414.168251037] [tb3_2.turtlebot3_diff_drive]: Wheel pair 1 separation set to [0.160000m]
[gzserver-1] [INFO] [1778661414.168310314] [tb3_2.turtlebot3_diff_drive]: Wheel pair 1 diameter set to [0.066000m]
[gzserver-1] [INFO] [1778661414.169001786] [tb3_2.turtlebot3_diff_drive]: Subscribed to [/tb3_2/cmd_vel]
[gzserver-1] [INFO] [1778661414.170033044] [tb3_2.turtlebot3_diff_drive]: Advertise odometry on [/tb3_2/odom]
[gzserver-1] [INFO] [1778661414.171653442] [tb3_2.turtlebot3_diff_drive]: Publishing odom transforms between [tb3_2/odom] and [tb3_2/base_footprint]
[gzserver-1] [INFO] [1778661414.187962209] [tb3_2.turtlebot3_joint_state]: Going to publish joint [wheel_left_joint]
[gzserver-1] [INFO] [1778661414.188024770] [tb3_2.turtlebot3_joint_state]: Going to publish joint [wheel_right_joint]
[INFO] [spawn_entity.py-10]: process has finished cleanly [pid 3793336]
[gzserver-1] [INFO] [1778661414.520183672] [tb3_1.turtlebot3_imu]: <initial_orientation_as_reference> is unset, using default value of false to comply with REP 145 (world as orientation reference)
[spawn_entity.py-7] [INFO] [1778661414.650942631] [tb3_1.spawn_entity]: Spawn status: SpawnEntity: Successfully spawned entity [tb3_1]
[gzserver-1] [INFO] [1778661414.765459802] [tb3_1.turtlebot3_diff_drive]: Wheel pair 1 separation set to [0.160000m]
[gzserver-1] [INFO] [1778661414.765533602] [tb3_1.turtlebot3_diff_drive]: Wheel pair 1 diameter set to [0.066000m]
[gzserver-1] [INFO] [1778661414.767960864] [tb3_1.turtlebot3_diff_drive]: Subscribed to [/tb3_1/cmd_vel]
[gzserver-1] [INFO] [1778661414.769603498] [tb3_1.turtlebot3_diff_drive]: Advertise odometry on [/tb3_1/odom]
[gzserver-1] [INFO] [1778661414.772141538] [tb3_1.turtlebot3_diff_drive]: Publishing odom transforms between [tb3_1/odom] and [tb3_1/base_footprint]
[gzserver-1] [INFO] [1778661414.786004813] [tb3_1.turtlebot3_joint_state]: Going to publish joint [wheel_left_joint]
[gzserver-1] [INFO] [1778661414.786061793] [tb3_1.turtlebot3_joint_state]: Going to publish joint [wheel_right_joint]
[INFO] [spawn_entity.py-7]: process has finished cleanly [pid 3793330]
[gzserver-1] [INFO] [1778661415.111076418] [tb3_3.turtlebot3_imu]: <initial_orientation_as_reference> is unset, using default value of false to comply with REP 145 (world as orientation reference)
[spawn_entity.py-13] [INFO] [1778661415.221252409] [tb3_3.spawn_entity]: Spawn status: SpawnEntity: Successfully spawned entity [tb3_3]
[gzserver-1] [INFO] [1778661415.337120579] [tb3_3.turtlebot3_diff_drive]: Wheel pair 1 separation set to [0.160000m]
[gzserver-1] [INFO] [1778661415.337178986] [tb3_3.turtlebot3_diff_drive]: Wheel pair 1 diameter set to [0.066000m]
[gzserver-1] [INFO] [1778661415.337931289] [tb3_3.turtlebot3_diff_drive]: Subscribed to [/tb3_3/cmd_vel]
[gzserver-1] [INFO] [1778661415.339058325] [tb3_3.turtlebot3_diff_drive]: Advertise odometry on [/tb3_3/odom]
[gzserver-1] [INFO] [1778661415.341813618] [tb3_3.turtlebot3_diff_drive]: Publishing odom transforms between [tb3_3/odom] and [tb3_3/base_footprint]
[gzserver-1] [INFO] [1778661415.354867298] [tb3_3.turtlebot3_joint_state]: Going to publish joint [wheel_left_joint]
[gzserver-1] [INFO] [1778661415.354922462] [tb3_3.turtlebot3_joint_state]: Going to publish joint [wheel_right_joint]
[INFO] [spawn_entity.py-13]: process has finished cleanly [pid 3793347]
[rviz2-17] [INFO] [1778661424.902362130] [rviz2]: Message Filter dropping message: frame 'tb3_0/base_scan' at time 0.396 for reason 'the timestamp on the message is earlier than all the data in the transform cache'
[rviz2-17] [INFO] [1778661425.103931048] [rviz2]: Message Filter dropping message: frame 'tb3_2/base_scan' at time 0.596 for reason 'the timestamp on the message is earlier than all the data in the transform cache'
[rviz2-17] [INFO] [1778661425.306267520] [rviz2]: Message Filter dropping message: frame 'tb3_1/base_scan' at time 0.796 for reason 'the timestamp on the message is earlier than all the data in the transform cache'
[rviz2-17] [INFO] [1778661425.509383731] [rviz2]: Message Filter dropping message: frame 'tb3_3/base_scan' at time 0.997 for reason 'the timestamp on the message is earlier than all the data in the transform cache'
