2026-04-21 14:22:33,331	INFO worker.py:2013 -- Started a local Ray instance.
/home/wj/anaconda3/envs/ros2/lib/python3.10/site-packages/ray/rllib/algorithms/algorithm.py:527: RayDeprecationWarning: This API is deprecated and may be removed in future Ray releases. You could suppress this warning by setting env variable PYTHONWARNINGS="ignore::DeprecationWarning"
`UnifiedLogger` will be removed in Ray 2.7.
  return UnifiedLogger(config, logdir, loggers=None)
/home/wj/anaconda3/envs/ros2/lib/python3.10/site-packages/ray/tune/logger/unified.py:53: RayDeprecationWarning: This API is deprecated and may be removed in future Ray releases. You could suppress this warning by setting env variable PYTHONWARNINGS="ignore::DeprecationWarning"
The `JsonLogger interface is deprecated in favor of the `ray.tune.json.JsonLoggerCallback` interface and will be removed in Ray 2.7.
  self._loggers.append(cls(self.config, self.logdir, self.trial))
/home/wj/anaconda3/envs/ros2/lib/python3.10/site-packages/ray/tune/logger/unified.py:53: RayDeprecationWarning: This API is deprecated and may be removed in future Ray releases. You could suppress this warning by setting env variable PYTHONWARNINGS="ignore::DeprecationWarning"
The `CSVLogger interface is deprecated in favor of the `ray.tune.csv.CSVLoggerCallback` interface and will be removed in Ray 2.7.
  self._loggers.append(cls(self.config, self.logdir, self.trial))
/home/wj/anaconda3/envs/ros2/lib/python3.10/site-packages/ray/tune/logger/unified.py:53: RayDeprecationWarning: This API is deprecated and may be removed in future Ray releases. You could suppress this warning by setting env variable PYTHONWARNINGS="ignore::DeprecationWarning"
The `TBXLogger interface is deprecated in favor of the `ray.tune.tensorboardx.TBXLoggerCallback` interface and will be removed in Ray 2.7.
  self._loggers.append(cls(self.config, self.logdir, self.trial))
[2026-04-21 14:22:34,914 E 1682559 1682559] core_worker.cc:2232: Actor with class name: 'RolloutWorker' and ID: '394039654dd745216776ac1701000000' has constructor arguments in the object store and max_restarts > 0. If the arguments in the object store go out of scope or are lost, the actor restart will fail. See https://github.com/ray-project/ray/issues/53727 for more details.
[36m(RolloutWorker pid=1683807)[0m [INFO] [1776752560.466660612] [gym_env_robot_0_3354]: ✅ 路径可视化器已启动，路径话题: /waypoint_markers, tracking话题: /rolling_subgoal_markers
[36m(RolloutWorker pid=1683807)[0m [INFO] [1776752560.505620942] [gym_env_robot_1_95927]: ✅ 路径可视化器已启动，路径话题: /waypoint_markers, tracking话题: /rolling_subgoal_markers
[36m(RolloutWorker pid=1683807)[0m [INFO] [1776752560.547165307] [gym_env_robot_2_94112]: ✅ 路径可视化器已启动，路径话题: /waypoint_markers, tracking话题: /rolling_subgoal_markers
[36m(RolloutWorker pid=1683807)[0m [INFO] [1776752560.584069571] [gym_env_robot_3_24762]: ✅ 路径可视化器已启动，路径话题: /waypoint_markers, tracking话题: /rolling_subgoal_markers
[INFO] [1776752562.956474971] [gym_env_robot_0_92371]: ✅ 路径可视化器已启动，路径话题: /waypoint_markers, tracking话题: /rolling_subgoal_markers
[INFO] [1776752563.005998533] [gym_env_robot_1_1205]: ✅ 路径可视化器已启动，路径话题: /waypoint_markers, tracking话题: /rolling_subgoal_markers
[INFO] [1776752563.043972285] [gym_env_robot_2_94185]: ✅ 路径可视化器已启动，路径话题: /waypoint_markers, tracking话题: /rolling_subgoal_markers
[INFO] [1776752563.078071433] [gym_env_robot_3_15202]: ✅ 路径可视化器已启动，路径话题: /waypoint_markers, tracking话题: /rolling_subgoal_markers
2026-04-21 14:22:46,055	INFO trainable.py:161 -- Trainable.setup took 11.223 seconds. If your trainable is slow to initialize, consider setting reuse_actors=True to reduce actor creation overheads.
2026-04-21 14:22:46,055	WARNING util.py:62 -- Install gputil for GPU system monitoring.
================================================================================
🚀 GNN-MAPPO 课程学习训练  [局部风险注意力 (无通信)]
================================================================================
  环境阶段:     1 · Stage 1 · 静态入门
  机器人数量:   4
  通信范围:     3.5 m
  并行Workers:  1
  采样设置:     timeout=1200s fragment=1000 mode=truncate_episodes
  训练步数:     1,000,000
  动作模式:     continuous
  PPO配置:      continuous_baseline  (clip=0.2, ent=0.005, mb=512, epochs=10)
  GAT Actor:    local_risk  bias=2.50
  GAT Critic:   mlp
  需要环境:     ros2 launch start_rl_environment_tb3 main.launch.py map_number:=3 robot_number:=4 num_obstacles:=0 obs_speed_scale:=0.0
  comm_dropout: 100%  ← Actor 不用通信图，强制100%丢包
  冲突路线:     mode=mixed prob=0.75
================================================================================

🎯 局部风险图注意力：不依赖通信，直接训练 actor 的风险关注模式...

[36m(RolloutWorker pid=1683807)[0m 🤖 环境初始化: Namespace='/tb3_0', ModelName='tb3_0'
[36m(RolloutWorker pid=1683807)[0m ✅ Map 3: 预计算安全 spawn 点 42748 个 (clearance=0.40m)
[36m(RolloutWorker pid=1683807)[0m ✅ Robot 0: A*规划器初始化完成
[36m(RolloutWorker pid=1683807)[0m 🤖 环境初始化: Namespace='/tb3_1', ModelName='tb3_1'
[36m(RolloutWorker pid=1683807)[0m ✅ Map 3: 预计算安全 spawn 点 42748 个 (clearance=0.40m)
[36m(RolloutWorker pid=1683807)[0m ✅ Robot 1: A*规划器初始化完成
[36m(RolloutWorker pid=1683807)[0m 🤖 环境初始化: Namespace='/tb3_2', ModelName='tb3_2'
[36m(RolloutWorker pid=1683807)[0m ✅ Map 3: 预计算安全 spawn 点 42748 个 (clearance=0.40m)
[36m(RolloutWorker pid=1683807)[0m ✅ Robot 2: A*规划器初始化完成
[36m(RolloutWorker pid=1683807)[0m 🤖 环境初始化: Namespace='/tb3_3', ModelName='tb3_3'
[36m(RolloutWorker pid=1683807)[0m ✅ Map 3: 预计算安全 spawn 点 42748 个 (clearance=0.40m)
[36m(RolloutWorker pid=1683807)[0m ✅ Robot 3: A*规划器初始化完成
🤖 环境初始化: Namespace='/tb3_0', ModelName='tb3_0'
✅ Map 3: 预计算安全 spawn 点 42748 个 (clearance=0.40m)
✅ Robot 0: A*规划器初始化完成
🤖 环境初始化: Namespace='/tb3_1', ModelName='tb3_1'
✅ Map 3: 预计算安全 spawn 点 42748 个 (clearance=0.40m)
✅ Robot 1: A*规划器初始化完成
🤖 环境初始化: Namespace='/tb3_2', ModelName='tb3_2'
✅ Map 3: 预计算安全 spawn 点 42748 个 (clearance=0.40m)
✅ Robot 2: A*规划器初始化完成
🤖 环境初始化: Namespace='/tb3_3', ModelName='tb3_3'
✅ Map 3: 预计算安全 spawn 点 42748 个 (clearance=0.40m)
✅ Robot 3: A*规划器初始化完成
[36m(RolloutWorker pid=1683807)[0m [graph] step=   0  comm_range=3.5m
[36m(RolloutWorker pid=1683807)[0m   robot_0 pos=(-3.300, 0.800)
[36m(RolloutWorker pid=1683807)[0m     adj=[1  1  0  0]  dist=[ 0.00   1.95  10.19   4.22]  neighbors=[1]
[36m(RolloutWorker pid=1683807)[0m   robot_1 pos=(-2.350, 2.500)
[36m(RolloutWorker pid=1683807)[0m     adj=[1  1  0  0]  dist=[ 1.95   0.00  10.66   4.43]  neighbors=[0]
[36m(RolloutWorker pid=1683807)[0m   robot_2 pos=( 4.750,-5.450)
[36m(RolloutWorker pid=1683807)[0m     adj=[0  0  1  0]  dist=[10.19  10.66   0.00   6.23]  neighbors=[]
[36m(RolloutWorker pid=1683807)[0m   robot_3 pos=( 0.600,-0.800)
[36m(RolloutWorker pid=1683807)[0m     adj=[0  0  0  1]  dist=[ 4.22   4.43   6.23   0.00]  neighbors=[]
[36m(RolloutWorker pid=1683807)[0m [comm] step=   0  agent_0  my_pos=(-3.300,0.800)  candidates=[np.int64(1)]  received=0/1
[36m(RolloutWorker pid=1683807)[0m     (无有效邻居: 范围外/丢包/延迟填零)
[36m(RolloutWorker pid=1683807)[0m [comm] step=   0  agent_1  my_pos=(-2.350,2.500)  candidates=[np.int64(0)]  received=0/1
[36m(RolloutWorker pid=1683807)[0m     (无有效邻居: 范围外/丢包/延迟填零)
[36m(RolloutWorker pid=1683807)[0m [comm] step=   0  agent_2  my_pos=(4.750,-5.450)  candidates=[]  received=0/0
[36m(RolloutWorker pid=1683807)[0m     (无有效邻居: 范围外/丢包/延迟填零)
[36m(RolloutWorker pid=1683807)[0m [comm] step=   0  agent_3  my_pos=(0.600,-0.800)  candidates=[]  received=0/0
[36m(RolloutWorker pid=1683807)[0m     (无有效邻居: 范围外/丢包/延迟填零)
[36m(RolloutWorker pid=1683807)[0m [graph] step=   1  comm_range=3.5m
[36m(RolloutWorker pid=1683807)[0m   robot_0 pos=(-3.300, 0.800)
[36m(RolloutWorker pid=1683807)[0m     adj=[1  1  0  0]  dist=[ 0.00   1.95  10.19   4.22]  neighbors=[1]
[36m(RolloutWorker pid=1683807)[0m   robot_1 pos=(-2.350, 2.500)
[36m(RolloutWorker pid=1683807)[0m     adj=[1  1  0  0]  dist=[ 1.95   0.00  10.66   4.43]  neighbors=[0]
[36m(RolloutWorker pid=1683807)[0m   robot_2 pos=( 4.750,-5.450)
[36m(RolloutWorker pid=1683807)[0m     adj=[0  0  1  0]  dist=[10.19  10.66   0.00   6.23]  neighbors=[]
[36m(RolloutWorker pid=1683807)[0m   robot_3 pos=( 0.600,-0.800)
[36m(RolloutWorker pid=1683807)[0m     adj=[0  0  0  1]  dist=[ 4.22   4.43   6.23   0.00]  neighbors=[]
[36m(RolloutWorker pid=1683807)[0m [comm] step=   1  agent_0  my_pos=(-3.300,0.800)  candidates=[np.int64(1)]  received=0/1
[36m(RolloutWorker pid=1683807)[0m     (无有效邻居: 范围外/丢包/延迟填零)
[36m(RolloutWorker pid=1683807)[0m [comm] step=   1  agent_1  my_pos=(-2.350,2.500)  candidates=[np.int64(0)]  received=0/1
[36m(RolloutWorker pid=1683807)[0m     (无有效邻居: 范围外/丢包/延迟填零)
[36m(RolloutWorker pid=1683807)[0m [comm] step=   1  agent_2  my_pos=(4.750,-5.450)  candidates=[]  received=0/0
[36m(RolloutWorker pid=1683807)[0m     (无有效邻居: 范围外/丢包/延迟填零)
[36m(RolloutWorker pid=1683807)[0m [comm] step=   1  agent_3  my_pos=(0.600,-0.800)  candidates=[]  received=0/0
[36m(RolloutWorker pid=1683807)[0m     (无有效邻居: 范围外/丢包/延迟填零)
[36m(RolloutWorker pid=1683807)[0m [graph] step=   2  comm_range=3.5m
[36m(RolloutWorker pid=1683807)[0m   robot_0 pos=(-3.300, 0.801)
[36m(RolloutWorker pid=1683807)[0m     adj=[1  1  0  0]  dist=[ 0.00   1.95  10.19   4.22]  neighbors=[1]
[36m(RolloutWorker pid=1683807)[0m   robot_1 pos=(-2.350, 2.500)
[36m(RolloutWorker pid=1683807)[0m     adj=[1  1  0  0]  dist=[ 1.95   0.00  10.66   4.43]  neighbors=[0]
[36m(RolloutWorker pid=1683807)[0m   robot_2 pos=( 4.750,-5.450)
[36m(RolloutWorker pid=1683807)[0m     adj=[0  0  1  0]  dist=[10.19  10.66   0.00   6.23]  neighbors=[]
[36m(RolloutWorker pid=1683807)[0m   robot_3 pos=( 0.600,-0.799)
[36m(RolloutWorker pid=1683807)[0m     adj=[0  0  0  1]  dist=[ 4.22   4.43   6.23   0.00]  neighbors=[]
[36m(RolloutWorker pid=1683807)[0m [comm] step=   2  agent_0  my_pos=(-3.300,0.801)  candidates=[np.int64(1)]  received=0/1
[36m(RolloutWorker pid=1683807)[0m     (无有效邻居: 范围外/丢包/延迟填零)
[36m(RolloutWorker pid=1683807)[0m [comm] step=   2  agent_1  my_pos=(-2.350,2.500)  candidates=[np.int64(0)]  received=0/1
[36m(RolloutWorker pid=1683807)[0m     (无有效邻居: 范围外/丢包/延迟填零)
[36m(RolloutWorker pid=1683807)[0m [comm] step=   2  agent_2  my_pos=(4.750,-5.450)  candidates=[]  received=0/0
[36m(RolloutWorker pid=1683807)[0m     (无有效邻居: 范围外/丢包/延迟填零)
[36m(RolloutWorker pid=1683807)[0m [comm] step=   2  agent_3  my_pos=(0.600,-0.799)  candidates=[]  received=0/0
[36m(RolloutWorker pid=1683807)[0m     (无有效邻居: 范围外/丢包/延迟填零)
[36m(RolloutWorker pid=1683807)[0m [graph] step=   3  comm_range=3.5m
[36m(RolloutWorker pid=1683807)[0m   robot_0 pos=(-3.303, 0.808)
[36m(RolloutWorker pid=1683807)[0m     adj=[1  1  0  0]  dist=[ 0.00   1.94  10.20   4.22]  neighbors=[1]
[36m(RolloutWorker pid=1683807)[0m   robot_1 pos=(-2.348, 2.497)
[36m(RolloutWorker pid=1683807)[0m     adj=[1  1  0  0]  dist=[ 1.94   0.00  10.66   4.42]  neighbors=[0]
[36m(RolloutWorker pid=1683807)[0m   robot_2 pos=( 4.747,-5.454)
