2026-06-08 22:52:07,701	INFO worker.py:2013 -- Started a local Ray instance.
/home/wj/anaconda3/envs/ros2/lib/python3.10/site-packages/ray/rllib/algorithms/algorithm.py:527: RayDeprecationWarning: This API is deprecated and may be removed in future Ray releases. You could suppress this warning by setting env variable PYTHONWARNINGS="ignore::DeprecationWarning"
`UnifiedLogger` will be removed in Ray 2.7.
  return UnifiedLogger(config, logdir, loggers=None)
/home/wj/anaconda3/envs/ros2/lib/python3.10/site-packages/ray/tune/logger/unified.py:53: RayDeprecationWarning: This API is deprecated and may be removed in future Ray releases. You could suppress this warning by setting env variable PYTHONWARNINGS="ignore::DeprecationWarning"
The `JsonLogger interface is deprecated in favor of the `ray.tune.json.JsonLoggerCallback` interface and will be removed in Ray 2.7.
  self._loggers.append(cls(self.config, self.logdir, self.trial))
/home/wj/anaconda3/envs/ros2/lib/python3.10/site-packages/ray/tune/logger/unified.py:53: RayDeprecationWarning: This API is deprecated and may be removed in future Ray releases. You could suppress this warning by setting env variable PYTHONWARNINGS="ignore::DeprecationWarning"
The `CSVLogger interface is deprecated in favor of the `ray.tune.csv.CSVLoggerCallback` interface and will be removed in Ray 2.7.
  self._loggers.append(cls(self.config, self.logdir, self.trial))
/home/wj/anaconda3/envs/ros2/lib/python3.10/site-packages/ray/tune/logger/unified.py:53: RayDeprecationWarning: This API is deprecated and may be removed in future Ray releases. You could suppress this warning by setting env variable PYTHONWARNINGS="ignore::DeprecationWarning"
The `TBXLogger interface is deprecated in favor of the `ray.tune.tensorboardx.TBXLoggerCallback` interface and will be removed in Ray 2.7.
  self._loggers.append(cls(self.config, self.logdir, self.trial))
[2026-06-08 22:52:08,413 E 3078104 3078104] core_worker.cc:2232: Actor with class name: 'RolloutWorker' and ID: '78a0b6c2eff6ed82c0306ba301000000' has constructor arguments in the object store and max_restarts > 0. If the arguments in the object store go out of scope or are lost, the actor restart will fail. See https://github.com/ray-project/ray/issues/53727 for more details.
[36m(RolloutWorker pid=3079393)[0m [INFO] [1780930332.675633800] [gym_env_robot_0_12180]: ✅ 路径可视化器已启动，路径话题: /waypoint_markers, tracking话题: /rolling_subgoal_markers
[36m(RolloutWorker pid=3079393)[0m [INFO] [1780930332.704428599] [gym_env_robot_1_57584]: ✅ 路径可视化器已启动，路径话题: /waypoint_markers, tracking话题: /rolling_subgoal_markers
[36m(RolloutWorker pid=3079393)[0m [INFO] [1780930332.722888684] [gym_env_robot_2_75135]: ✅ 路径可视化器已启动，路径话题: /waypoint_markers, tracking话题: /rolling_subgoal_markers
[36m(RolloutWorker pid=3079393)[0m [INFO] [1780930332.741522442] [gym_env_robot_3_98213]: ✅ 路径可视化器已启动，路径话题: /waypoint_markers, tracking话题: /rolling_subgoal_markers
[36m(RolloutWorker pid=3079393)[0m /home/wj/anaconda3/envs/ros2/lib/python3.10/site-packages/torch/nn/modules/linear.py:124: UserWarning: Initializing zero-element tensors is a no-op
[36m(RolloutWorker pid=3079393)[0m   init.kaiming_uniform_(self.weight, a=math.sqrt(5))
[INFO] [1780930334.577553203] [gym_env_robot_0_53959]: ✅ 路径可视化器已启动，路径话题: /waypoint_markers, tracking话题: /rolling_subgoal_markers
[INFO] [1780930334.613833539] [gym_env_robot_1_22325]: ✅ 路径可视化器已启动，路径话题: /waypoint_markers, tracking话题: /rolling_subgoal_markers
[INFO] [1780930334.640175801] [gym_env_robot_2_29789]: ✅ 路径可视化器已启动，路径话题: /waypoint_markers, tracking话题: /rolling_subgoal_markers
[INFO] [1780930334.664483759] [gym_env_robot_3_50022]: ✅ 路径可视化器已启动，路径话题: /waypoint_markers, tracking话题: /rolling_subgoal_markers
/home/wj/anaconda3/envs/ros2/lib/python3.10/site-packages/torch/nn/modules/linear.py:124: UserWarning: Initializing zero-element tensors is a no-op
  init.kaiming_uniform_(self.weight, a=math.sqrt(5))
2026-06-08 22:52:17,056	WARNING util.py:62 -- Install gputil for GPU system monitoring.
ℹ️ Method3 + map6(interaction_hub) 自动启用交互专项默认值: num_obstacles=0, obs_speed_scale=0.0
🧭 Effective curriculum config: stage=1 (Stage 1 · 静态入门) map_number=6 num_obstacles=0 obs_speed_scale=0.0 max_episode_steps=2000 high_conflict=off:0.00 corner=0:0.00 failure_replay=0
🧮 Reward aggregation overrides: {"timeout_penalty_scale": 1.0}
🧮 Interaction potential overrides: {}
⚠️ minibatch_size=1024 > train_batch_size=500，自动裁剪为 500
================================================================================
🚀 GNN-MAPPO 课程学习训练  [最近邻感知图]
================================================================================
  环境阶段:     1 · Stage 1 · 静态入门
  机器人数量:   4
  通信范围:     3.5 m
  感知邻域:     3.5 m
  并行Workers:  1
  采样设置:     timeout=1200s fragment=100 mode=truncate_episodes
  训练步数:     1,000
  动作模式:     interaction_mode
  PPO配置:      interaction_mode  (clip=0.2, ent=0.008, mb=500, epochs=8)
  GAT Actor:    neighbor  bias=2.50
  GAT Critic:   mlp
  需要环境:     ros2 launch start_rl_environment_tb3 main.launch.py map_number:=6 robot_number:=4 num_obstacles:=0 obs_speed_scale:=0.0
  通信设置:     mode=decentralized graph_source=comm_only  (dropout=5%, latency=1, jitter=1, noise=0.05, max_age=0.30s)
  冲突路线:     mode=off prob=0.00
================================================================================

⚠️ minibatch_size=1024 > train_batch_size=500，自动裁剪为 500
📚 阶段1：保持完美通信，直接学习通信版 social-risk 图...

[36m(RolloutWorker pid=3079393)[0m 🤖 环境初始化: Namespace='/tb3_0', ModelName='tb3_0'
[36m(RolloutWorker pid=3079393)[0m ✅ Map 6: 预计算安全 spawn 点 11100 个 (clearance=0.40m)
[36m(RolloutWorker pid=3079393)[0m ✅ Robot 0: A*规划器初始化完成
[36m(RolloutWorker pid=3079393)[0m 🧮 Robot 0: reward_aggregation_overrides={'timeout_penalty_scale': 1.0} interaction_potential_overrides={}
[36m(RolloutWorker pid=3079393)[0m 🤖 环境初始化: Namespace='/tb3_1', ModelName='tb3_1'
[36m(RolloutWorker pid=3079393)[0m ✅ Map 6: 预计算安全 spawn 点 11100 个 (clearance=0.40m)
[36m(RolloutWorker pid=3079393)[0m ✅ Robot 1: A*规划器初始化完成
[36m(RolloutWorker pid=3079393)[0m 🧮 Robot 1: reward_aggregation_overrides={'timeout_penalty_scale': 1.0} interaction_potential_overrides={}
[36m(RolloutWorker pid=3079393)[0m 🤖 环境初始化: Namespace='/tb3_2', ModelName='tb3_2'
[36m(RolloutWorker pid=3079393)[0m ✅ Map 6: 预计算安全 spawn 点 11100 个 (clearance=0.40m)
[36m(RolloutWorker pid=3079393)[0m ✅ Robot 2: A*规划器初始化完成
[36m(RolloutWorker pid=3079393)[0m 🧮 Robot 2: reward_aggregation_overrides={'timeout_penalty_scale': 1.0} interaction_potential_overrides={}
[36m(RolloutWorker pid=3079393)[0m 🤖 环境初始化: Namespace='/tb3_3', ModelName='tb3_3'
[36m(RolloutWorker pid=3079393)[0m ✅ Map 6: 预计算安全 spawn 点 11100 个 (clearance=0.40m)
[36m(RolloutWorker pid=3079393)[0m ✅ Robot 3: A*规划器初始化完成
[36m(RolloutWorker pid=3079393)[0m 🧮 Robot 3: reward_aggregation_overrides={'timeout_penalty_scale': 1.0} interaction_potential_overrides={}
🤖 环境初始化: Namespace='/tb3_0', ModelName='tb3_0'
✅ Map 6: 预计算安全 spawn 点 11100 个 (clearance=0.40m)
✅ Robot 0: A*规划器初始化完成
🧮 Robot 0: reward_aggregation_overrides={'timeout_penalty_scale': 1.0} interaction_potential_overrides={}
🤖 环境初始化: Namespace='/tb3_1', ModelName='tb3_1'
✅ Map 6: 预计算安全 spawn 点 11100 个 (clearance=0.40m)
✅ Robot 1: A*规划器初始化完成
🧮 Robot 1: reward_aggregation_overrides={'timeout_penalty_scale': 1.0} interaction_potential_overrides={}
🤖 环境初始化: Namespace='/tb3_2', ModelName='tb3_2'
✅ Map 6: 预计算安全 spawn 点 11100 个 (clearance=0.40m)
✅ Robot 2: A*规划器初始化完成
🧮 Robot 2: reward_aggregation_overrides={'timeout_penalty_scale': 1.0} interaction_potential_overrides={}
🤖 环境初始化: Namespace='/tb3_3', ModelName='tb3_3'
✅ Map 6: 预计算安全 spawn 点 11100 个 (clearance=0.40m)
✅ Robot 3: A*规划器初始化完成
🧮 Robot 3: reward_aggregation_overrides={'timeout_penalty_scale': 1.0} interaction_potential_overrides={}
[36m(RolloutWorker pid=3079393)[0m [graph] step=   0 source=comm_only comm_range=3.5m
[36m(RolloutWorker pid=3079393)[0m   robot_0 pos=(-0.850,-0.650) status=active
[36m(RolloutWorker pid=3079393)[0m     adj=[1  0  0  1]  dist=[ 0.00   5.11   3.65   2.77]  quality=[1.00  0.00  0.00  1.00]  neighbors=[3]
[36m(RolloutWorker pid=3079393)[0m   robot_1 pos=( 4.050, 0.800) status=active
[36m(RolloutWorker pid=3079393)[0m     adj=[0  1  0  0]  dist=[ 5.11   0.00   8.65   2.45]  quality=[0.00  1.00  0.00  0.00]  neighbors=[]
[36m(RolloutWorker pid=3079393)[0m   robot_2 pos=(-4.500,-0.500) status=active
[36m(RolloutWorker pid=3079393)[0m     adj=[0  0  1  0]  dist=[ 3.65   8.65   0.00   6.21]  quality=[0.00  0.00  1.00  0.00]  neighbors=[]
[36m(RolloutWorker pid=3079393)[0m   robot_3 pos=( 1.600, 0.650) status=active
[36m(RolloutWorker pid=3079393)[0m     adj=[1  1  0  1]  dist=[ 2.77   2.45   6.21   0.00]  quality=[1.00  1.00  0.00  1.00]  neighbors=[0, 1]
[36m(RolloutWorker pid=3079393)[0m [comm_only] step=   0  agent_0  my_pos=(-0.850,-0.650)  received=1 fallback=0
[36m(RolloutWorker pid=3079393)[0m     slot[0] neighbor=agent_3 dist=2.774m age=0.150s quality=1.00  n_pos=(1.602,0.616)  rel_pos=(2.452,1.266)
[36m(RolloutWorker pid=3079393)[0m [comm_only] step=   0  agent_1  my_pos=(4.050,0.800)  received=0 fallback=0
[36m(RolloutWorker pid=3079393)[0m     (无有效邻居: 范围外/丢包/延迟/消息过期，slot 填零)
[36m(RolloutWorker pid=3079393)[0m [comm_only] step=   0  agent_2  my_pos=(-4.500,-0.500)  received=0 fallback=0
[36m(RolloutWorker pid=3079393)[0m     (无有效邻居: 范围外/丢包/延迟/消息过期，slot 填零)
[36m(RolloutWorker pid=3079393)[0m [comm_only] step=   0  agent_3  my_pos=(1.600,0.650)  received=2 fallback=0
[36m(RolloutWorker pid=3079393)[0m     slot[0] neighbor=agent_1 dist=2.455m age=0.150s quality=1.00  n_pos=(4.009,0.878)  rel_pos=(2.409,0.228)
[36m(RolloutWorker pid=3079393)[0m     slot[1] neighbor=agent_0 dist=2.774m age=0.150s quality=1.00  n_pos=(-0.905,-0.665)  rel_pos=(-2.505,-1.315)
[36m(RolloutWorker pid=3079393)[0m [graph] step=   1 source=comm_only comm_range=3.5m
[36m(RolloutWorker pid=3079393)[0m   robot_0 pos=(-0.850,-0.650) status=active
[36m(RolloutWorker pid=3079393)[0m     adj=[1  0  0  1]  dist=[ 0.00   5.11   3.65   2.77]  quality=[1.00  0.00  0.00  1.00]  neighbors=[3]
[36m(RolloutWorker pid=3079393)[0m   robot_1 pos=( 4.050, 0.800) status=active
[36m(RolloutWorker pid=3079393)[0m     adj=[0  1  0  1]  dist=[ 5.11   0.00   8.65   2.45]  quality=[0.00  1.00  0.00  1.00]  neighbors=[3]
[36m(RolloutWorker pid=3079393)[0m   robot_2 pos=(-4.500,-0.500) status=active
[36m(RolloutWorker pid=3079393)[0m     adj=[0  0  1  0]  dist=[ 3.65   8.65   0.00   6.21]  quality=[0.00  0.00  1.00  0.00]  neighbors=[]
[36m(RolloutWorker pid=3079393)[0m   robot_3 pos=( 1.600, 0.650) status=active
[36m(RolloutWorker pid=3079393)[0m     adj=[1  1  0  1]  dist=[ 2.77   2.45   6.21   0.00]  quality=[1.00  1.00  0.00  1.00]  neighbors=[0, 1]
[36m(RolloutWorker pid=3079393)[0m [comm_only] step=   1  agent_0  my_pos=(-0.850,-0.650)  received=1 fallback=0
[36m(RolloutWorker pid=3079393)[0m     slot[0] neighbor=agent_3 dist=2.774m age=0.150s quality=1.00  n_pos=(1.595,0.610)  rel_pos=(2.446,1.260)
[36m(RolloutWorker pid=3079393)[0m [comm_only] step=   1  agent_1  my_pos=(4.050,0.800)  received=1 fallback=0
[36m(RolloutWorker pid=3079393)[0m     slot[0] neighbor=agent_3 dist=2.455m age=0.150s quality=1.00  n_pos=(1.652,0.769)  rel_pos=(-2.398,-0.031)
[36m(RolloutWorker pid=3079393)[0m [comm_only] step=   1  agent_2  my_pos=(-4.500,-0.500)  received=0 fallback=0
[36m(RolloutWorker pid=3079393)[0m     (无有效邻居: 范围外/丢包/延迟/消息过期，slot 填零)
[36m(RolloutWorker pid=3079393)[0m [comm_only] step=   1  agent_3  my_pos=(1.600,0.650)  received=2 fallback=0
[36m(RolloutWorker pid=3079393)[0m     slot[0] neighbor=agent_1 dist=2.455m age=0.150s quality=1.00  n_pos=(4.100,0.733)  rel_pos=(2.500,0.083)
[36m(RolloutWorker pid=3079393)[0m     slot[1] neighbor=agent_0 dist=2.774m age=0.150s quality=1.00  n_pos=(-0.796,-0.681)  rel_pos=(-2.396,-1.331)
[36m(RolloutWorker pid=3079393)[0m [graph] step=   2 source=comm_only comm_range=3.5m
[36m(RolloutWorker pid=3079393)[0m   robot_0 pos=(-0.850,-0.650) status=active
[36m(RolloutWorker pid=3079393)[0m     adj=[1  0  0  1]  dist=[ 0.00   5.11   3.65   2.77]  quality=[1.00  0.00  0.00  1.00]  neighbors=[3]
[36m(RolloutWorker pid=3079393)[0m   robot_1 pos=( 4.050, 0.800) status=active
[36m(RolloutWorker pid=3079393)[0m     adj=[0  1  0  1]  dist=[ 5.11   0.00   8.65   2.45]  quality=[0.00  1.00  0.00  1.00]  neighbors=[3]
[36m(RolloutWorker pid=3079393)[0m   robot_2 pos=(-4.500,-0.500) status=active
[36m(RolloutWorker pid=3079393)[0m     adj=[0  0  1  0]  dist=[ 3.65   8.65   0.00   6.21]  quality=[0.00  0.00  1.00  0.00]  neighbors=[]
[36m(RolloutWorker pid=3079393)[0m   robot_3 pos=( 1.600, 0.650) status=active
[36m(RolloutWorker pid=3079393)[0m     adj=[1  1  0  1]  dist=[ 2.77   2.45   6.21   0.00]  quality=[1.00  1.00  0.00  1.00]  neighbors=[0, 1]
[36m(RolloutWorker pid=3079393)[0m [comm_only] step=   2  agent_0  my_pos=(-0.850,-0.650)  received=1 fallback=0
[36m(RolloutWorker pid=3079393)[0m     slot[0] neighbor=agent_3 dist=2.774m age=0.150s quality=1.00  n_pos=(1.532,0.582)  rel_pos=(2.382,1.232)
[36m(RolloutWorker pid=3079393)[0m [comm_only] step=   2  agent_1  my_pos=(4.050,0.800)  received=1 fallback=0
[36m(RolloutWorker pid=3079393)[0m     slot[0] neighbor=agent_3 dist=2.455m age=0.150s quality=1.00  n_pos=(1.528,0.719)  rel_pos=(-2.522,-0.081)
[36m(RolloutWorker pid=3079393)[0m [comm_only] step=   2  agent_2  my_pos=(-4.500,-0.500)  received=0 fallback=0
[36m(RolloutWorker pid=3079393)[0m     (无有效邻居: 范围外/丢包/延迟/消息过期，slot 填零)
[36m(RolloutWorker pid=3079393)[0m [comm_only] step=   2  agent_3  my_pos=(1.600,0.650)  received=2 fallback=0
[36m(RolloutWorker pid=3079393)[0m     slot[0] neighbor=agent_1 dist=2.455m age=0.150s quality=1.00  n_pos=(4.085,0.779)  rel_pos=(2.485,0.129)
[36m(RolloutWorker pid=3079393)[0m     slot[1] neighbor=agent_0 dist=2.774m age=0.150s quality=1.00  n_pos=(-0.860,-0.614)  rel_pos=(-2.460,-1.264)
[36m(RolloutWorker pid=3079393)[0m [graph] step=   3 source=comm_only comm_range=3.5m
[36m(RolloutWorker pid=3079393)[0m   robot_0 pos=(-0.851,-0.650) status=active
[36m(RolloutWorker pid=3079393)[0m     adj=[1  0  0  1]  dist=[ 0.00   5.11   3.65   2.77]  quality=[1.00  0.00  0.00  1.00]  neighbors=[3]
[36m(RolloutWorker pid=3079393)[0m   robot_1 pos=( 4.051, 0.801) status=active
[36m(RolloutWorker pid=3079393)[0m     adj=[0  1  0  1]  dist=[ 5.11   0.00   8.65   2.46]  quality=[0.00  1.00  0.00  1.00]  neighbors=[3]
[36m(RolloutWorker pid=3079393)[0m   robot_2 pos=(-4.500,-0.500) status=active
[36m(RolloutWorker pid=3079393)[0m     adj=[0  0  1  0]  dist=[ 3.65   8.65   0.00   6.21]  quality=[0.00  0.00  1.00  0.00]  neighbors=[]
[36m(RolloutWorker pid=3079393)[0m   robot_3 pos=( 1.601, 0.650) status=active
[36m(RolloutWorker pid=3079393)[0m     adj=[1  1  0  1]  dist=[ 2.77   2.45   6.21   0.00]  quality=[1.00  1.00  0.00  1.00]  neighbors=[0, 1]
[36m(RolloutWorker pid=3079393)[0m [comm_only] step=   3  agent_0  my_pos=(-0.851,-0.650)  received=1 fallback=0
[36m(RolloutWorker pid=3079393)[0m     slot[0] neighbor=agent_3 dist=2.775m age=0.150s quality=1.00  n_pos=(1.607,0.627)  rel_pos=(2.459,1.277)
[36m(RolloutWorker pid=3079393)[0m [comm_only] step=   3  agent_1  my_pos=(4.051,0.801)  received=1 fallback=0
[36m(RolloutWorker pid=3079393)[0m     slot[0] neighbor=agent_3 dist=2.456m age=0.150s quality=1.00  n_pos=(1.572,0.674)  rel_pos=(-2.479,-0.127)
[36m(RolloutWorker pid=3079393)[0m [comm_only] step=   3  agent_2  my_pos=(-4.500,-0.500)  received=0 fallback=0
[36m(RolloutWorker pid=3079393)[0m     (无有效邻居: 范围外/丢包/延迟/消息过期，slot 填零)
[36m(RolloutWorker pid=3079393)[0m [comm_only] step=   3  agent_3  my_pos=(1.601,0.650)  received=2 fallback=0
[36m(RolloutWorker pid=3079393)[0m     slot[0] neighbor=agent_1 dist=2.453m age=0.150s quality=1.00  n_pos=(4.076,0.807)  rel_pos=(2.474,0.157)
[36m(RolloutWorker pid=3079393)[0m     slot[1] neighbor=agent_0 dist=2.775m age=0.150s quality=1.00  n_pos=(-0.826,-0.735)  rel_pos=(-2.427,-1.385)
  [██████████████░░░░░░░░░░░░░░]  50.0% iter=1 steps=500/1,000 reward=0.00 best=0.00 len=NA ent=1.785 ETA 00:01:00  [████████████████████████████] 100.0% iter=2 steps=1,000/1,000 reward=0.00 best=0.00 len=NA ent=1.773 ETA 00:00:00
  平均回报: 0.00
  训练步数: 1,000
  最佳 Checkpoint: TrainingResult(checkpoint=Checkpoint(filesystem=local, path=/home/wj/work/multi-robot-exploration-rl/ray_results/smoke_avoidance_profile/GNN_MAPPO_Stage1_Interact_smoke_avoidance_profile_EnvStage1), metrics={'custom_metrics': {}, 'episode_media': {}, 'info': {'learner': {'shared_policy': {'learner_stats': {'allreduce_latency': np.float64(0.0), 'grad_gnorm': np.float64(0.5956762369722128), 'cur_kl_coeff': np.float64(0.2), 'cur_lr': np.float64(0.0003), 'total_loss': np.float64(-0.024394465377554297), 'policy_loss': np.float64(-0.013931479770690203), 'vf_loss': np.float64(0.0020297660084906965), 'vf_explained_var': np.float64(0.7308010067790747), 'kl': np.float64(0.008466561193699818), 'entropy': np.float64(1.7732577100396156), 'entropy_coeff': np.float64(0.008), 'counterfactual_credit_mean': np.float64(-0.033289163606241345), 'counterfactual_credit_std': np.float64(0.02974727051332593), 'counterfactual_bonus_mean': np.float64(3.939528985023866e-06), 'counterfactual_bonus_abs_mean': np.float64(0.026092060608789325), 'counterfactual_mixed_adv_mean': np.float64(3.941822797060013e-06)}, 'model': {}, 'custom_metrics': {}, 'num_agent_steps_trained': np.float64(500.0), 'num_grad_updates_lifetime': np.float64(48.5), 'diff_num_grad_updates_vs_sampler_policy': np.float64(15.5)}}, 'num_env_steps_sampled': 1000, 'num_env_steps_trained': 1000, 'num_agent_steps_sampled': 4000, 'num_agent_steps_trained': 4000}, 'env_runners': {'episode_reward_max': nan, 'episode_reward_min': nan, 'episode_reward_mean': nan, 'episode_len_mean': nan, 'episode_media': {}, 'episodes_timesteps_total': 0, 'policy_reward_min': {}, 'policy_reward_max': {}, 'policy_reward_mean': {}, 'custom_metrics': {}, 'hist_stats': {'episode_reward': [], 'episode_lengths': []}, 'sampler_perf': {}, 'num_faulty_episodes': 0, 'connector_metrics': {}, 'num_episodes': 0, 'episode_return_max': nan, 'episode_return_min': nan, 'episode_return_mean': nan, 'episodes_this_iter': 0}, 'num_healthy_workers': 1, 'actor_manager_num_outstanding_async_reqs': 0, 'num_remote_worker_restarts': 0, 'num_agent_steps_sampled': 4000, 'num_agent_steps_trained': 4000, 'num_env_steps_sampled': 1000, 'num_env_steps_trained': 1000, 'num_env_steps_sampled_this_iter': 500, 'num_env_steps_trained_this_iter': 500, 'num_env_steps_sampled_throughput_per_sec': 8.727603407092648, 'num_env_steps_trained_throughput_per_sec': 8.727603407092648, 'timesteps_total': 1000, 'num_env_steps_sampled_lifetime': 1000, 'num_agent_steps_sampled_lifetime': 4000, 'num_steps_trained_this_iter': 500, 'agent_timesteps_total': 4000, 'timers': {'training_iteration_time_ms': 58897.445, 'restore_workers_time_ms': 0.019, 'training_step_time_ms': 58897.37, 'sample_time_ms': 50841.453, 'learn_time_ms': 8041.268, 'learn_throughput': 62.179, 'synch_weights_time_ms': 8.373}, 'counters': {'num_env_steps_sampled': 1000, 'num_env_steps_trained': 1000, 'num_agent_steps_sampled': 4000, 'num_agent_steps_trained': 4000}, 'done': False, 'training_iteration': 2, 'trial_id': 'default', 'date': '2026-06-08_22-54-14', 'timestamp': 1780930454, 'time_this_iter_s': 57.29145669937134, 'time_total_s': 117.79935383796692, 'pid': 3078104, 'hostname': 'wj-Default-string', 'node_ip': '198.18.0.1', 'config': {'exploration_config': {'type': 'StochasticSampling'}, 'extra_python_environs_for_driver': {}, 'extra_python_environs_for_worker': {}, 'placement_strategy': 'PACK', 'num_gpus': 1, '_fake_gpus': False, 'num_cpus_for_main_process': 1, 'eager_tracing': True, 'eager_max_retraces': 20, 'tf_session_args': {'intra_op_parallelism_threads': 2, 'inter_op_parallelism_threads': 2, 'gpu_options': {'allow_growth': True}, 'log_device_placement': False, 'device_count': {'CPU': 1}, 'allow_soft_placement': True}, 'local_tf_session_args': {'intra_op_parallelism_threads': 8, 'inter_op_parallelism_threads': 8}, 'torch_compile_learner': False, 'torch_compile_learner_what_to_compile': <TorchCompileWhatToCompile.FORWARD_TRAIN: 'forward_train'>, 'torch_compile_learner_dynamo_backend': 'inductor', 'torch_compile_learner_dynamo_mode': None, 'torch_compile_worker': False, 'torch_compile_worker_dynamo_backend': 'onnxrt', 'torch_compile_worker_dynamo_mode': None, 'torch_ddp_kwargs': {}, 'torch_skip_nan_gradients': False, 'env': 'gnn_marl', 'env_config': {'num_agents': 4, 'map_number': 6, 'max_episode_steps': 2000, 'communication_range': 3.5, 'interaction_neighbor_perception_range': 3.5, 'enable_neighbor_obs': True, 'enable_local_map': False, 'comm_mode': 'decentralized', 'comm_dropout_prob': 0.05, 'comm_latency_steps': 1, 'comm_jitter_steps': 1, 'comm_noise_std': 0.05, 'graph_source': 'comm_only', 'comm_msg_max_age_sec': 0.3, 'comm_control_rate_hz': 10.0, 'comm_reliable_range_m': 3.5, 'comm_max_range_m': 8.0, 'comm_distance_falloff_enable': False, 'comm_min_success_prob': 0.2, 'reset_on_collision_event': True, 'collision_hard_dist': 0.22, 'collision_persist_dist': 0.24, 'collision_persist_steps': 2, 'rolling_lookahead_dist': 0.8, 'action_mode': 'interaction_mode', 'obstacle_filter_range': 1.2, 'obstacle_filter_fov_deg': 360.0, 'obstacle_top_k': 9, 'angular_bins': 64, 'predictive_feature_enable': False, 'predictive_horizon_sec': 1.2, 'predictive_social_ttc_safe': 2.2, 'predictive_front_ttc_safe': 1.2, 'predictive_min_sep': 0.55, 'predictive_social_range': 2.5, 'predictive_social_penalty_scale': 0.2, 'predictive_front_penalty_scale': 0.2, 'social_proximity_risk_scale': 0.4, 'gap_feature_enable': False, 'yielding_enable': True, 'yielding_soft_dist': 1.05, 'yielding_stop_dist': 0.58, 'yielding_hard_stop_dist': 0.34, 'yielding_ttc': 2.8, 'yielding_commit_steps': 5, 'replan_fixed_cost': 0.03, 'replan_freq_cost': 0.012, 'replan_time_cost': 0.015, 'replan_time_budget_sec': 0.08, 'replan_window_steps': 80, 'method3_reward_window_steps': 8, 'neighbor_prediction_top_k': 0, 'obstacle_motion_feature_enable': False, 'obstacle_motion_top_k': 0, 'obs_target_dist_clip': 6.0, 'obs_target_filter_alpha': 0.35, 'obs_target_max_step': 0.45, 'progress_reward_scale': 3.0, 'path_progress_reward_scale': 0.0, 'goal_progress_reward_scale': 0.0, 'goal_reach_radius': 0.45, 'goal_reward': 40.0, 'collision_penalty': 20.0, 'time_penalty': -0.002, 'close_obstacle_penalty_scale': 0.45, 'close_obstacle_dist': 0.65, 'subgoal_block_front_dist': 0.55, 'subgoal_deadlock_front_dist': 0.52, 'subgoal_deadlock_steps': 5, 'subgoal_detour_lateral_gain': 1.1, 'subgoal_detour_hold_steps': 12, 'dynamic_replan_neighbor_dist': 1.8, 'dynamic_replan_ttc': 2.6, 'dynamic_replan_block_radius': 0.55, 'subgoal_progress_reward_scale': 1.4, 'detour_progress_relax': 0.35, 'risk_aware_forward_penalty_scale': 0.32, 'safe_turn_reward_scale': 0.16, 'head_on_avoidance_reward_scale': 1.1, 'risk_gate_soft': 0.08, 'risk_gate_hard': 0.5, 'avoidance_low_risk_scale': 0.45, 'navigation_high_risk_scale': 0.8, 'time_penalty_risk_relax': 0.65, 'team_reward_lambda': 1.0, 'reward_aggregation_overrides': {'timeout_penalty_scale': 1.0}, 'interaction_potential_overrides': None, 'auto_reset_agents': True, 'min_active_agents_to_continue': 0, 'max_failed_agents_before_cutoff': 0, 'high_conflict_mode': 'off', 'high_conflict_prob': 0.0, 'failure_replay_enable': False, 'failure_replay_buffer_size': 96, 'failure_replay_base_prob': 0.3, 'failure_replay_max_prob': 0.85, 'failure_replay_success_threshold': 0.6, 'corner_curriculum_enable': False, 'corner_curriculum_prob': 0.0, 'corner_curriculum_set': 'corner_curriculum_v1', 'corner_curriculum_mix_conflict': True, 'stall_global_replan_enable': True, 'stall_global_replan_sec': 3.0, 'num_dynamic_obstacles': 0, 'obs_speed': 0.0}, 'observation_space': None, 'action_space': None, 'clip_rewards': None, 'normalize_actions': True, 'clip_actions': False, '_is_atari': None, 'disable_env_checking': True, 'render_env': False, 'action_mask_key': 'action_mask', 'env_runner_cls': None, 'num_env_runners': 1, 'create_local_env_runner': True, 'num_envs_per_env_runner': 1, 'gym_env_vectorize_mode': 'sync', 'num_cpus_per_env_runner': 1, 'num_gpus_per_env_runner': 0, 'custom_resources_per_env_runner': {}, 'validate_env_runners_after_construction': True, 'episodes_to_numpy': True, 'max_requests_in_flight_per_env_runner': 1, 'sample_timeout_s': 1200, '_env_to_module_connector': None, 'add_default_connectors_to_env_to_module_pipeline': True, '_module_to_env_connector': None, 'add_default_connectors_to_module_to_env_pipeline': True, 'merge_env_runner_states': 'training_only', 'broadcast_env_runner_states': True, 'episode_lookback_horizon': 1, 'rollout_fragment_length': 100, 'batch_mode': 'truncate_episodes', 'compress_observations': False, 'remote_worker_envs': False, 'remote_env_batch_wait_ms': 0, 'enable_tf1_exec_eagerly': False, 'sample_collector': <class 'ray.rllib.evaluation.collectors.simple_list_collector.SimpleListCollector'>, 'preprocessor_pref': 'deepmind', 'observation_filter': 'NoFilter', 'update_worker_filter_stats': True, 'use_worker_filter_stats': True, 'sampler_perf_stats_ema_coef': None, '_is_online': True, 'num_learners': 0, 'num_gpus_per_learner': 0, 'num_cpus_per_learner': 'auto', 'num_aggregator_actors_per_learner': 0, 'max_requests_in_flight_per_aggregator_actor': 3, 'local_gpu_idx': 0, 'max_requests_in_flight_per_learner': 3, 'gamma': 0.99, 'lr': 0.0003, 'grad_clip': 0.7, 'grad_clip_by': 'global_norm', '_train_batch_size_per_learner': None, 'train_batch_size': 500, 'num_epochs': 8, 'minibatch_size': 500, 'shuffle_batch_per_epoch': True, 'model': {'fcnet_hiddens': [256, 256], 'fcnet_activation': 'tanh', 'fcnet_weights_initializer': None, 'fcnet_weights_initializer_config': None, 'fcnet_bias_initializer': None, 'fcnet_bias_initializer_config': None, 'conv_filters': None, 'conv_activation': 'relu', 'conv_kernel_initializer': None, 'conv_kernel_initializer_config': None, 'conv_bias_initializer': None, 'conv_bias_initializer_config': None, 'conv_transpose_kernel_initializer': None, 'conv_transpose_kernel_initializer_config': None, 'conv_transpose_bias_initializer': None, 'conv_transpose_bias_initializer_config': None, 'post_fcnet_hiddens': [], 'post_fcnet_activation': 'relu', 'post_fcnet_weights_initializer': None, 'post_fcnet_weights_initializer_config': None, 'post_fcnet_bias_initializer': None, 'post_fcnet_bias_initializer_config': None, 'free_log_std': False, 'log_std_clip_param': 20.0, 'no_final_linear': False, 'vf_share_layers': False, 'use_lstm': False, 'max_seq_len': 32, 'lstm_cell_size': 256, 'lstm_use_prev_action': False, 'lstm_use_prev_reward': False, 'lstm_weights_initializer': None, 'lstm_weights_initializer_config': None, 'lstm_bias_initializer': None, 'lstm_bias_initializer_config': None, '_time_major': False, 'use_attention': False, 'attention_num_transformer_units': 1, 'attention_dim': 64, 'attention_num_heads': 1, 'attention_head_dim': 32, 'attention_memory_inference': 50, 'attention_memory_training': 50, 'attention_position_wise_mlp_dim': 32, 'attention_init_gru_gate_bias': 2.0, 'attention_use_n_prev_actions': 0, 'attention_use_n_prev_rewards': 0, 'framestack': True, 'dim': 84, 'grayscale': False, 'zero_mean': True, 'custom_model': 'gat_model', 'custom_model_config': {'num_agents': 4, 'max_neighbors': 3, 'neighbor_feature_dim': 12, 'action_mode': 'interaction_mode', 'hidden_dim': 128, 'gat_hidden_dim': 128, 'lstm_hidden_dim': 256, 'n_gat_heads': 4, 'actor_graph_mode': 'neighbor', 'critic_mode': 'mlp', 'risk_bias_scale': 2.5, 'scan_history_len': 4, 'base_safety_feature_dim': 14, 'predictive_feature_dim': 0, 'gap_feature_dim': 0, 'neighbor_prediction_dim': 0, 'neighbor_prediction_feature_dim': 0, 'obstacle_motion_dim': 0, 'obstacle_motion_feature_dim': 0, 'obstacle_top_k': 9, 'angular_bins': 64, 'scan_emb_dim': 128, 'interaction_base_ego_dim': 8, 'interaction_ego_state_dim': 27, 'option_state_dim': 11}, 'custom_action_dist': None, 'custom_preprocessor': None, 'encoder_latent_dim': None, 'always_check_shapes': False, 'lstm_use_prev_action_reward': -1, '_use_default_native_models': -1, '_disable_preprocessor_api': False, '_disable_action_flattening': False}, '_learner_connector': None, 'add_default_connectors_to_learner_pipeline': True, 'learner_config_dict': {}, 'optimizer': {}, '_learner_class': None, 'callbacks_on_algorithm_init': None, 'callbacks_on_env_runners_recreated': None, 'callbacks_on_offline_eval_runners_recreated': None, 'callbacks_on_checkpoint_loaded': None, 'callbacks_on_environment_created': None, 'callbacks_on_episode_created': None, 'callbacks_on_episode_start': None, 'callbacks_on_episode_step': None, 'callbacks_on_episode_end': None, 'callbacks_on_evaluate_start': None, 'callbacks_on_evaluate_end': None, 'callbacks_on_evaluate_offline_start': None, 'callbacks_on_evaluate_offline_end': None, 'callbacks_on_sample_end': None, 'callbacks_on_train_result': None, 'explore': True, 'enable_rl_module_and_learner': False, 'enable_env_runner_and_connector_v2': False, '_prior_exploration_config': None, 'count_steps_by': 'env_steps', 'policy_map_capacity': 100, 'policy_mapping_fn': <function _build_ppo_config.<locals>.<lambda> at 0x72cff8083d00>, 'policies_to_train': ['shared_policy'], 'policy_states_are_swappable': False, 'observation_fn': None, 'offline_data_class': None, 'input_read_method': 'read_parquet', 'input_read_method_kwargs': {}, 'input_read_schema': {}, 'input_read_episodes': False, 'input_read_sample_batches': False, 'input_read_batch_size': None, 'input_filesystem': None, 'input_filesystem_kwargs': {}, 'input_compress_columns': ['obs', 'new_obs'], 'input_spaces_jsonable': True, 'materialize_data': False, 'materialize_mapped_data': True, 'map_batches_kwargs': {}, 'iter_batches_kwargs': {}, 'ignore_final_observation': False, 'prelearner_class': None, 'prelearner_buffer_class': None, 'prelearner_buffer_kwargs': {}, 'prelearner_module_synch_period': 10, 'prelearner_use_recorded_module_states': False, 'dataset_num_iters_per_learner': None, 'input_config': {}, 'actions_in_input_normalized': False, 'postprocess_inputs': False, 'shuffle_buffer_size': 0, 'output': None, 'output_config': {}, 'output_compress_columns': ['obs', 'new_obs'], 'output_max_file_size': 67108864, 'output_max_rows_per_file': None, 'output_write_remaining_data': False, 'output_write_method': 'write_parquet', 'output_write_method_kwargs': {}, 'output_filesystem': None, 'output_filesystem_kwargs': {}, 'output_write_episodes': True, 'offline_sampling': False, 'evaluation_interval': None, 'evaluation_duration': 10, 'evaluation_duration_unit': 'episodes', 'evaluation_sample_timeout_s': 120.0, 'evaluation_auto_duration_min_env_steps_per_sample': 100, 'evaluation_auto_duration_max_env_steps_per_sample': 2000, 'evaluation_parallel_to_training': False, 'evaluation_force_reset_envs_before_iteration': True, 'evaluation_config': None, 'off_policy_estimation_methods': {}, 'ope_split_batch_by_episode': True, 'evaluation_num_env_runners': 0, 'in_evaluation': False, 'sync_filters_on_rollout_workers_timeout_s': 10.0, 'offline_evaluation_interval': None, 'num_offline_eval_runners': 0, 'offline_evaluation_type': 'eval_loss', 'offline_eval_runner_class': None, 'offline_loss_for_module_fn': None, 'offline_evaluation_duration': 1, 'offline_evaluation_parallel_to_training': False, 'offline_evaluation_timeout_s': 120.0, 'num_cpus_per_offline_eval_runner': 1, 'num_gpus_per_offline_eval_runner': 0, 'custom_resources_per_offline_eval_runner': {}, 'restart_failed_offline_eval_runners': True, 'ignore_offline_eval_runner_failures': False, 'max_num_offline_eval_runner_restarts': 1000, 'offline_eval_runner_restore_timeout_s': 1800.0, 'max_requests_in_flight_per_offline_eval_runner': 1, 'validate_offline_eval_runners_after_construction': True, 'offline_eval_runner_health_probe_timeout_s': 30.0, 'offline_eval_rl_module_inference_only': False, 'broadcast_offline_eval_runner_states': False, 'offline_eval_batch_size_per_runner': 256, 'dataset_num_iters_per_eval_runner': 1, 'keep_per_episode_custom_metrics': False, 'metrics_episode_collection_timeout_s': 60.0, 'metrics_num_episodes_for_smoothing': 100, 'min_time_s_per_iteration': None, 'min_train_timesteps_per_iteration': 0, 'min_sample_timesteps_per_iteration': 0, 'log_gradients': False, 'stats_cls_lookup': {'mean': <class 'ray.rllib.utils.metrics.stats.mean.MeanStats'>, 'ema': <class 'ray.rllib.utils.metrics.stats.ema.EmaStats'>, 'min': <class 'ray.rllib.utils.metrics.stats.min.MinStats'>, 'max': <class 'ray.rllib.utils.metrics.stats.max.MaxStats'>, 'sum': <class 'ray.rllib.utils.metrics.stats.sum.SumStats'>, 'lifetime_sum': <class 'ray.rllib.utils.metrics.stats.lifetime_sum.LifetimeSumStats'>, 'percentiles': <class 'ray.rllib.utils.metrics.stats.percentiles.PercentilesStats'>, 'item': <class 'ray.rllib.utils.metrics.stats.item.ItemStats'>, 'item_series': <class 'ray.rllib.utils.metrics.stats.item_series.ItemSeriesStats'>}, 'export_native_model_files': False, 'checkpoint_trainable_policies_only': False, 'logger_creator': None, 'logger_config': None, 'log_level': 'WARN', 'log_sys_usage': True, 'fake_sampler': False, 'seed': None, 'restart_failed_env_runners': True, 'ignore_env_runner_failures': False, 'max_num_env_runner_restarts': 1000, 'delay_between_env_runner_restarts_s': 60.0, 'restart_failed_sub_environments': False, 'num_consecutive_env_runner_failures_tolerance': 100, 'env_runner_health_probe_timeout_s': 30.0, 'env_runner_restore_timeout_s': 1800.0, '_model_config': {}, '_rl_module_spec': None, 'algorithm_config_overrides_per_module': {}, '_per_module_overrides': {}, '_validate_config': True, '_use_msgpack_checkpoints': False, '_torch_grad_scaler_class': None, '_torch_lr_scheduler_classes': None, '_tf_policy_handles_more_than_one_loss': False, '_disable_preprocessor_api': False, '_disable_action_flattening': False, '_disable_initialize_loss_from_dummy_batch': False, '_dont_auto_sync_env_runner_states': False, 'env_task_fn': -1, 'enable_connectors': -1, 'simple_optimizer': True, 'policy_map_cache': -1, 'worker_cls': -1, 'synchronize_filters': -1, 'enable_async_evaluation': -1, 'custom_async_evaluation_function': -1, '_enable_rl_module_api': -1, 'auto_wrap_old_gym_envs': -1, 'always_attach_evaluation_results': -1, 'replay_sequence_length': None, '_disable_execution_plan_api': -1, 'use_critic': True, 'use_gae': True, 'use_kl_loss': True, 'kl_coeff': 0.2, 'kl_target': 0.01, 'vf_loss_coeff': 1.0, 'entropy_coeff': 0.008, 'clip_param': 0.2, 'vf_clip_param': 20.0, 'entropy_coeff_schedule': None, 'lr_schedule': None, 'sgd_minibatch_size': -1, 'vf_share_layers': -1, 'class': <class 'ray.rllib.algorithms.ppo.ppo.PPOConfig'>, 'lambda': 0.95, 'input': 'sampler', 'policies': {'shared_policy': (<class 'gnn_marl_training.counterfactual_ppo_policy.CounterfactualPPOTorchPolicy'>, None, None, {'counterfactual_advantage_coef': 0.03, 'counterfactual_credit_clip': 2.5})}, 'callbacks': <class '__main__.MARLMetricsCallback'>, 'create_env_on_driver': False, 'custom_eval_function': None, 'framework': 'torch'}, 'time_since_restore': 117.79935383796692, 'iterations_since_restore': 2, 'perf': {'cpu_util_percent': np.float64(19.120731707317074), 'ram_util_percent': np.float64(53.46707317073171)}})
  监控日志(JSONL): /home/wj/work/multi-robot-exploration-rl/ray_results/smoke_avoidance_profile/GNN_MAPPO_Stage1_Interact_smoke_avoidance_profile_EnvStage1/training_monitor.jsonl
  监控日志(CSV):   /home/wj/work/multi-robot-exploration-rl/ray_results/smoke_avoidance_profile/GNN_MAPPO_Stage1_Interact_smoke_avoidance_profile_EnvStage1/training_monitor.csv
  监控图像(PNG):   /home/wj/work/multi-robot-exploration-rl/ray_results/smoke_avoidance_profile/GNN_MAPPO_Stage1_Interact_smoke_avoidance_profile_EnvStage1/training_monitor.png
  TensorBoard:     /home/wj/work/multi-robot-exploration-rl/ray_results/smoke_avoidance_profile/GNN_MAPPO_Stage1_Interact_smoke_avoidance_profile_EnvStage1/tensorboard

================================================================================
✅ 阶段1 完成！下一步：
   先重启环境：ros2 launch start_rl_environment_tb3 main.launch.py map_number:=3 robot_number:=4 num_obstacles:=2 obs_speed_scale:=0.3
   python train_gnn_mappo_full.py --model_type gat \
     --env_stage 2 --curriculum_stage 2 \
     --resume_checkpoint TrainingResult(checkpoint=Checkpoint(filesystem=local, path=/home/wj/work/multi-robot-exploration-rl/ray_results/smoke_avoidance_profile/GNN_MAPPO_Stage1_Interact_smoke_avoidance_profile_EnvStage1), metrics={'custom_metrics': {}, 'episode_media': {}, 'info': {'learner': {'shared_policy': {'learner_stats': {'allreduce_latency': np.float64(0.0), 'grad_gnorm': np.float64(0.5956762369722128), 'cur_kl_coeff': np.float64(0.2), 'cur_lr': np.float64(0.0003), 'total_loss': np.float64(-0.024394465377554297), 'policy_loss': np.float64(-0.013931479770690203), 'vf_loss': np.float64(0.0020297660084906965), 'vf_explained_var': np.float64(0.7308010067790747), 'kl': np.float64(0.008466561193699818), 'entropy': np.float64(1.7732577100396156), 'entropy_coeff': np.float64(0.008), 'counterfactual_credit_mean': np.float64(-0.033289163606241345), 'counterfactual_credit_std': np.float64(0.02974727051332593), 'counterfactual_bonus_mean': np.float64(3.939528985023866e-06), 'counterfactual_bonus_abs_mean': np.float64(0.026092060608789325), 'counterfactual_mixed_adv_mean': np.float64(3.941822797060013e-06)}, 'model': {}, 'custom_metrics': {}, 'num_agent_steps_trained': np.float64(500.0), 'num_grad_updates_lifetime': np.float64(48.5), 'diff_num_grad_updates_vs_sampler_policy': np.float64(15.5)}}, 'num_env_steps_sampled': 1000, 'num_env_steps_trained': 1000, 'num_agent_steps_sampled': 4000, 'num_agent_steps_trained': 4000}, 'env_runners': {'episode_reward_max': nan, 'episode_reward_min': nan, 'episode_reward_mean': nan, 'episode_len_mean': nan, 'episode_media': {}, 'episodes_timesteps_total': 0, 'policy_reward_min': {}, 'policy_reward_max': {}, 'policy_reward_mean': {}, 'custom_metrics': {}, 'hist_stats': {'episode_reward': [], 'episode_lengths': []}, 'sampler_perf': {}, 'num_faulty_episodes': 0, 'connector_metrics': {}, 'num_episodes': 0, 'episode_return_max': nan, 'episode_return_min': nan, 'episode_return_mean': nan, 'episodes_this_iter': 0}, 'num_healthy_workers': 1, 'actor_manager_num_outstanding_async_reqs': 0, 'num_remote_worker_restarts': 0, 'num_agent_steps_sampled': 4000, 'num_agent_steps_trained': 4000, 'num_env_steps_sampled': 1000, 'num_env_steps_trained': 1000, 'num_env_steps_sampled_this_iter': 500, 'num_env_steps_trained_this_iter': 500, 'num_env_steps_sampled_throughput_per_sec': 8.727603407092648, 'num_env_steps_trained_throughput_per_sec': 8.727603407092648, 'timesteps_total': 1000, 'num_env_steps_sampled_lifetime': 1000, 'num_agent_steps_sampled_lifetime': 4000, 'num_steps_trained_this_iter': 500, 'agent_timesteps_total': 4000, 'timers': {'training_iteration_time_ms': 58897.445, 'restore_workers_time_ms': 0.019, 'training_step_time_ms': 58897.37, 'sample_time_ms': 50841.453, 'learn_time_ms': 8041.268, 'learn_throughput': 62.179, 'synch_weights_time_ms': 8.373}, 'counters': {'num_env_steps_sampled': 1000, 'num_env_steps_trained': 1000, 'num_agent_steps_sampled': 4000, 'num_agent_steps_trained': 4000}, 'done': False, 'training_iteration': 2, 'trial_id': 'default', 'date': '2026-06-08_22-54-14', 'timestamp': 1780930454, 'time_this_iter_s': 57.29145669937134, 'time_total_s': 117.79935383796692, 'pid': 3078104, 'hostname': 'wj-Default-string', 'node_ip': '198.18.0.1', 'config': {'exploration_config': {'type': 'StochasticSampling'}, 'extra_python_environs_for_driver': {}, 'extra_python_environs_for_worker': {}, 'placement_strategy': 'PACK', 'num_gpus': 1, '_fake_gpus': False, 'num_cpus_for_main_process': 1, 'eager_tracing': True, 'eager_max_retraces': 20, 'tf_session_args': {'intra_op_parallelism_threads': 2, 'inter_op_parallelism_threads': 2, 'gpu_options': {'allow_growth': True}, 'log_device_placement': False, 'device_count': {'CPU': 1}, 'allow_soft_placement': True}, 'local_tf_session_args': {'intra_op_parallelism_threads': 8, 'inter_op_parallelism_threads': 8}, 'torch_compile_learner': False, 'torch_compile_learner_what_to_compile': <TorchCompileWhatToCompile.FORWARD_TRAIN: 'forward_train'>, 'torch_compile_learner_dynamo_backend': 'inductor', 'torch_compile_learner_dynamo_mode': None, 'torch_compile_worker': False, 'torch_compile_worker_dynamo_backend': 'onnxrt', 'torch_compile_worker_dynamo_mode': None, 'torch_ddp_kwargs': {}, 'torch_skip_nan_gradients': False, 'env': 'gnn_marl', 'env_config': {'num_agents': 4, 'map_number': 6, 'max_episode_steps': 2000, 'communication_range': 3.5, 'interaction_neighbor_perception_range': 3.5, 'enable_neighbor_obs': True, 'enable_local_map': False, 'comm_mode': 'decentralized', 'comm_dropout_prob': 0.05, 'comm_latency_steps': 1, 'comm_jitter_steps': 1, 'comm_noise_std': 0.05, 'graph_source': 'comm_only', 'comm_msg_max_age_sec': 0.3, 'comm_control_rate_hz': 10.0, 'comm_reliable_range_m': 3.5, 'comm_max_range_m': 8.0, 'comm_distance_falloff_enable': False, 'comm_min_success_prob': 0.2, 'reset_on_collision_event': True, 'collision_hard_dist': 0.22, 'collision_persist_dist': 0.24, 'collision_persist_steps': 2, 'rolling_lookahead_dist': 0.8, 'action_mode': 'interaction_mode', 'obstacle_filter_range': 1.2, 'obstacle_filter_fov_deg': 360.0, 'obstacle_top_k': 9, 'angular_bins': 64, 'predictive_feature_enable': False, 'predictive_horizon_sec': 1.2, 'predictive_social_ttc_safe': 2.2, 'predictive_front_ttc_safe': 1.2, 'predictive_min_sep': 0.55, 'predictive_social_range': 2.5, 'predictive_social_penalty_scale': 0.2, 'predictive_front_penalty_scale': 0.2, 'social_proximity_risk_scale': 0.4, 'gap_feature_enable': False, 'yielding_enable': True, 'yielding_soft_dist': 1.05, 'yielding_stop_dist': 0.58, 'yielding_hard_stop_dist': 0.34, 'yielding_ttc': 2.8, 'yielding_commit_steps': 5, 'replan_fixed_cost': 0.03, 'replan_freq_cost': 0.012, 'replan_time_cost': 0.015, 'replan_time_budget_sec': 0.08, 'replan_window_steps': 80, 'method3_reward_window_steps': 8, 'neighbor_prediction_top_k': 0, 'obstacle_motion_feature_enable': False, 'obstacle_motion_top_k': 0, 'obs_target_dist_clip': 6.0, 'obs_target_filter_alpha': 0.35, 'obs_target_max_step': 0.45, 'progress_reward_scale': 3.0, 'path_progress_reward_scale': 0.0, 'goal_progress_reward_scale': 0.0, 'goal_reach_radius': 0.45, 'goal_reward': 40.0, 'collision_penalty': 20.0, 'time_penalty': -0.002, 'close_obstacle_penalty_scale': 0.45, 'close_obstacle_dist': 0.65, 'subgoal_block_front_dist': 0.55, 'subgoal_deadlock_front_dist': 0.52, 'subgoal_deadlock_steps': 5, 'subgoal_detour_lateral_gain': 1.1, 'subgoal_detour_hold_steps': 12, 'dynamic_replan_neighbor_dist': 1.8, 'dynamic_replan_ttc': 2.6, 'dynamic_replan_block_radius': 0.55, 'subgoal_progress_reward_scale': 1.4, 'detour_progress_relax': 0.35, 'risk_aware_forward_penalty_scale': 0.32, 'safe_turn_reward_scale': 0.16, 'head_on_avoidance_reward_scale': 1.1, 'risk_gate_soft': 0.08, 'risk_gate_hard': 0.5, 'avoidance_low_risk_scale': 0.45, 'navigation_high_risk_scale': 0.8, 'time_penalty_risk_relax': 0.65, 'team_reward_lambda': 1.0, 'reward_aggregation_overrides': {'timeout_penalty_scale': 1.0}, 'interaction_potential_overrides': None, 'auto_reset_agents': True, 'min_active_agents_to_continue': 0, 'max_failed_agents_before_cutoff': 0, 'high_conflict_mode': 'off', 'high_conflict_prob': 0.0, 'failure_replay_enable': False, 'failure_replay_buffer_size': 96, 'failure_replay_base_prob': 0.3, 'failure_replay_max_prob': 0.85, 'failure_replay_success_threshold': 0.6, 'corner_curriculum_enable': False, 'corner_curriculum_prob': 0.0, 'corner_curriculum_set': 'corner_curriculum_v1', 'corner_curriculum_mix_conflict': True, 'stall_global_replan_enable': True, 'stall_global_replan_sec': 3.0, 'num_dynamic_obstacles': 0, 'obs_speed': 0.0}, 'observation_space': None, 'action_space': None, 'clip_rewards': None, 'normalize_actions': True, 'clip_actions': False, '_is_atari': None, 'disable_env_checking': True, 'render_env': False, 'action_mask_key': 'action_mask', 'env_runner_cls': None, 'num_env_runners': 1, 'create_local_env_runner': True, 'num_envs_per_env_runner': 1, 'gym_env_vectorize_mode': 'sync', 'num_cpus_per_env_runner': 1, 'num_gpus_per_env_runner': 0, 'custom_resources_per_env_runner': {}, 'validate_env_runners_after_construction': True, 'episodes_to_numpy': True, 'max_requests_in_flight_per_env_runner': 1, 'sample_timeout_s': 1200, '_env_to_module_connector': None, 'add_default_connectors_to_env_to_module_pipeline': True, '_module_to_env_connector': None, 'add_default_connectors_to_module_to_env_pipeline': True, 'merge_env_runner_states': 'training_only', 'broadcast_env_runner_states': True, 'episode_lookback_horizon': 1, 'rollout_fragment_length': 100, 'batch_mode': 'truncate_episodes', 'compress_observations': False, 'remote_worker_envs': False, 'remote_env_batch_wait_ms': 0, 'enable_tf1_exec_eagerly': False, 'sample_collector': <class 'ray.rllib.evaluation.collectors.simple_list_collector.SimpleListCollector'>, 'preprocessor_pref': 'deepmind', 'observation_filter': 'NoFilter', 'update_worker_filter_stats': True, 'use_worker_filter_stats': True, 'sampler_perf_stats_ema_coef': None, '_is_online': True, 'num_learners': 0, 'num_gpus_per_learner': 0, 'num_cpus_per_learner': 'auto', 'num_aggregator_actors_per_learner': 0, 'max_requests_in_flight_per_aggregator_actor': 3, 'local_gpu_idx': 0, 'max_requests_in_flight_per_learner': 3, 'gamma': 0.99, 'lr': 0.0003, 'grad_clip': 0.7, 'grad_clip_by': 'global_norm', '_train_batch_size_per_learner': None, 'train_batch_size': 500, 'num_epochs': 8, 'minibatch_size': 500, 'shuffle_batch_per_epoch': True, 'model': {'fcnet_hiddens': [256, 256], 'fcnet_activation': 'tanh', 'fcnet_weights_initializer': None, 'fcnet_weights_initializer_config': None, 'fcnet_bias_initializer': None, 'fcnet_bias_initializer_config': None, 'conv_filters': None, 'conv_activation': 'relu', 'conv_kernel_initializer': None, 'conv_kernel_initializer_config': None, 'conv_bias_initializer': None, 'conv_bias_initializer_config': None, 'conv_transpose_kernel_initializer': None, 'conv_transpose_kernel_initializer_config': None, 'conv_transpose_bias_initializer': None, 'conv_transpose_bias_initializer_config': None, 'post_fcnet_hiddens': [], 'post_fcnet_activation': 'relu', 'post_fcnet_weights_initializer': None, 'post_fcnet_weights_initializer_config': None, 'post_fcnet_bias_initializer': None, 'post_fcnet_bias_initializer_config': None, 'free_log_std': False, 'log_std_clip_param': 20.0, 'no_final_linear': False, 'vf_share_layers': False, 'use_lstm': False, 'max_seq_len': 32, 'lstm_cell_size': 256, 'lstm_use_prev_action': False, 'lstm_use_prev_reward': False, 'lstm_weights_initializer': None, 'lstm_weights_initializer_config': None, 'lstm_bias_initializer': None, 'lstm_bias_initializer_config': None, '_time_major': False, 'use_attention': False, 'attention_num_transformer_units': 1, 'attention_dim': 64, 'attention_num_heads': 1, 'attention_head_dim': 32, 'attention_memory_inference': 50, 'attention_memory_training': 50, 'attention_position_wise_mlp_dim': 32, 'attention_init_gru_gate_bias': 2.0, 'attention_use_n_prev_actions': 0, 'attention_use_n_prev_rewards': 0, 'framestack': True, 'dim': 84, 'grayscale': False, 'zero_mean': True, 'custom_model': 'gat_model', 'custom_model_config': {'num_agents': 4, 'max_neighbors': 3, 'neighbor_feature_dim': 12, 'action_mode': 'interaction_mode', 'hidden_dim': 128, 'gat_hidden_dim': 128, 'lstm_hidden_dim': 256, 'n_gat_heads': 4, 'actor_graph_mode': 'neighbor', 'critic_mode': 'mlp', 'risk_bias_scale': 2.5, 'scan_history_len': 4, 'base_safety_feature_dim': 14, 'predictive_feature_dim': 0, 'gap_feature_dim': 0, 'neighbor_prediction_dim': 0, 'neighbor_prediction_feature_dim': 0, 'obstacle_motion_dim': 0, 'obstacle_motion_feature_dim': 0, 'obstacle_top_k': 9, 'angular_bins': 64, 'scan_emb_dim': 128, 'interaction_base_ego_dim': 8, 'interaction_ego_state_dim': 27, 'option_state_dim': 11}, 'custom_action_dist': None, 'custom_preprocessor': None, 'encoder_latent_dim': None, 'always_check_shapes': False, 'lstm_use_prev_action_reward': -1, '_use_default_native_models': -1, '_disable_preprocessor_api': False, '_disable_action_flattening': False}, '_learner_connector': None, 'add_default_connectors_to_learner_pipeline': True, 'learner_config_dict': {}, 'optimizer': {}, '_learner_class': None, 'callbacks_on_algorithm_init': None, 'callbacks_on_env_runners_recreated': None, 'callbacks_on_offline_eval_runners_recreated': None, 'callbacks_on_checkpoint_loaded': None, 'callbacks_on_environment_created': None, 'callbacks_on_episode_created': None, 'callbacks_on_episode_start': None, 'callbacks_on_episode_step': None, 'callbacks_on_episode_end': None, 'callbacks_on_evaluate_start': None, 'callbacks_on_evaluate_end': None, 'callbacks_on_evaluate_offline_start': None, 'callbacks_on_evaluate_offline_end': None, 'callbacks_on_sample_end': None, 'callbacks_on_train_result': None, 'explore': True, 'enable_rl_module_and_learner': False, 'enable_env_runner_and_connector_v2': False, '_prior_exploration_config': None, 'count_steps_by': 'env_steps', 'policy_map_capacity': 100, 'policy_mapping_fn': <function _build_ppo_config.<locals>.<lambda> at 0x72cff8083d00>, 'policies_to_train': ['shared_policy'], 'policy_states_are_swappable': False, 'observation_fn': None, 'offline_data_class': None, 'input_read_method': 'read_parquet', 'input_read_method_kwargs': {}, 'input_read_schema': {}, 'input_read_episodes': False, 'input_read_sample_batches': False, 'input_read_batch_size': None, 'input_filesystem': None, 'input_filesystem_kwargs': {}, 'input_compress_columns': ['obs', 'new_obs'], 'input_spaces_jsonable': True, 'materialize_data': False, 'materialize_mapped_data': True, 'map_batches_kwargs': {}, 'iter_batches_kwargs': {}, 'ignore_final_observation': False, 'prelearner_class': None, 'prelearner_buffer_class': None, 'prelearner_buffer_kwargs': {}, 'prelearner_module_synch_period': 10, 'prelearner_use_recorded_module_states': False, 'dataset_num_iters_per_learner': None, 'input_config': {}, 'actions_in_input_normalized': False, 'postprocess_inputs': False, 'shuffle_buffer_size': 0, 'output': None, 'output_config': {}, 'output_compress_columns': ['obs', 'new_obs'], 'output_max_file_size': 67108864, 'output_max_rows_per_file': None, 'output_write_remaining_data': False, 'output_write_method': 'write_parquet', 'output_write_method_kwargs': {}, 'output_filesystem': None, 'output_filesystem_kwargs': {}, 'output_write_episodes': True, 'offline_sampling': False, 'evaluation_interval': None, 'evaluation_duration': 10, 'evaluation_duration_unit': 'episodes', 'evaluation_sample_timeout_s': 120.0, 'evaluation_auto_duration_min_env_steps_per_sample': 100, 'evaluation_auto_duration_max_env_steps_per_sample': 2000, 'evaluation_parallel_to_training': False, 'evaluation_force_reset_envs_before_iteration': True, 'evaluation_config': None, 'off_policy_estimation_methods': {}, 'ope_split_batch_by_episode': True, 'evaluation_num_env_runners': 0, 'in_evaluation': False, 'sync_filters_on_rollout_workers_timeout_s': 10.0, 'offline_evaluation_interval': None, 'num_offline_eval_runners': 0, 'offline_evaluation_type': 'eval_loss', 'offline_eval_runner_class': None, 'offline_loss_for_module_fn': None, 'offline_evaluation_duration': 1, 'offline_evaluation_parallel_to_training': False, 'offline_evaluation_timeout_s': 120.0, 'num_cpus_per_offline_eval_runner': 1, 'num_gpus_per_offline_eval_runner': 0, 'custom_resources_per_offline_eval_runner': {}, 'restart_failed_offline_eval_runners': True, 'ignore_offline_eval_runner_failures': False, 'max_num_offline_eval_runner_restarts': 1000, 'offline_eval_runner_restore_timeout_s': 1800.0, 'max_requests_in_flight_per_offline_eval_runner': 1, 'validate_offline_eval_runners_after_construction': True, 'offline_eval_runner_health_probe_timeout_s': 30.0, 'offline_eval_rl_module_inference_only': False, 'broadcast_offline_eval_runner_states': False, 'offline_eval_batch_size_per_runner': 256, 'dataset_num_iters_per_eval_runner': 1, 'keep_per_episode_custom_metrics': False, 'metrics_episode_collection_timeout_s': 60.0, 'metrics_num_episodes_for_smoothing': 100, 'min_time_s_per_iteration': None, 'min_train_timesteps_per_iteration': 0, 'min_sample_timesteps_per_iteration': 0, 'log_gradients': False, 'stats_cls_lookup': {'mean': <class 'ray.rllib.utils.metrics.stats.mean.MeanStats'>, 'ema': <class 'ray.rllib.utils.metrics.stats.ema.EmaStats'>, 'min': <class 'ray.rllib.utils.metrics.stats.min.MinStats'>, 'max': <class 'ray.rllib.utils.metrics.stats.max.MaxStats'>, 'sum': <class 'ray.rllib.utils.metrics.stats.sum.SumStats'>, 'lifetime_sum': <class 'ray.rllib.utils.metrics.stats.lifetime_sum.LifetimeSumStats'>, 'percentiles': <class 'ray.rllib.utils.metrics.stats.percentiles.PercentilesStats'>, 'item': <class 'ray.rllib.utils.metrics.stats.item.ItemStats'>, 'item_series': <class 'ray.rllib.utils.metrics.stats.item_series.ItemSeriesStats'>}, 'export_native_model_files': False, 'checkpoint_trainable_policies_only': False, 'logger_creator': None, 'logger_config': None, 'log_level': 'WARN', 'log_sys_usage': True, 'fake_sampler': False, 'seed': None, 'restart_failed_env_runners': True, 'ignore_env_runner_failures': False, 'max_num_env_runner_restarts': 1000, 'delay_between_env_runner_restarts_s': 60.0, 'restart_failed_sub_environments': False, 'num_consecutive_env_runner_failures_tolerance': 100, 'env_runner_health_probe_timeout_s': 30.0, 'env_runner_restore_timeout_s': 1800.0, '_model_config': {}, '_rl_module_spec': None, 'algorithm_config_overrides_per_module': {}, '_per_module_overrides': {}, '_validate_config': True, '_use_msgpack_checkpoints': False, '_torch_grad_scaler_class': None, '_torch_lr_scheduler_classes': None, '_tf_policy_handles_more_than_one_loss': False, '_disable_preprocessor_api': False, '_disable_action_flattening': False, '_disable_initialize_loss_from_dummy_batch': False, '_dont_auto_sync_env_runner_states': False, 'env_task_fn': -1, 'enable_connectors': -1, 'simple_optimizer': True, 'policy_map_cache': -1, 'worker_cls': -1, 'synchronize_filters': -1, 'enable_async_evaluation': -1, 'custom_async_evaluation_function': -1, '_enable_rl_module_api': -1, 'auto_wrap_old_gym_envs': -1, 'always_attach_evaluation_results': -1, 'replay_sequence_length': None, '_disable_execution_plan_api': -1, 'use_critic': True, 'use_gae': True, 'use_kl_loss': True, 'kl_coeff': 0.2, 'kl_target': 0.01, 'vf_loss_coeff': 1.0, 'entropy_coeff': 0.008, 'clip_param': 0.2, 'vf_clip_param': 20.0, 'entropy_coeff_schedule': None, 'lr_schedule': None, 'sgd_minibatch_size': -1, 'vf_share_layers': -1, 'class': <class 'ray.rllib.algorithms.ppo.ppo.PPOConfig'>, 'lambda': 0.95, 'input': 'sampler', 'policies': {'shared_policy': (<class 'gnn_marl_training.counterfactual_ppo_policy.CounterfactualPPOTorchPolicy'>, None, None, {'counterfactual_advantage_coef': 0.03, 'counterfactual_credit_clip': 2.5})}, 'callbacks': <class '__main__.MARLMetricsCallback'>, 'create_env_on_driver': False, 'custom_eval_function': None, 'framework': 'torch'}, 'time_since_restore': 117.79935383796692, 'iterations_since_restore': 2, 'perf': {'cpu_util_percent': np.float64(19.120731707317074), 'ram_util_percent': np.float64(53.46707317073171)}}) \
     --num_agents 4 --num_workers 1 \
     --ppo_profile auto
================================================================================

