[INFO] [launch]: All log files can be found below /home/wj/.ros/log/2026-05-29-13-33-34-666936-wj-Default-string-1283019
[INFO] [launch]: Default logging verbosity is set to INFO
[INFO] Loading world (HEADLESS): /home/wj/work/multi-robot-exploration-rl/install/start_rl_environment_tb3/share/start_rl_environment_tb3/worlds/interaction_hub.world
[INFO] Using GAZEBO_MASTER_URI: http://127.0.0.1:11345
[INFO] Spawning 4 TurtleBot3 robots on interaction_hub...
[INFO] Using random positions
[INFO] Using fixed positions for 4 robots
[INFO]   Robot 0: Robot 0 - west lower at (-5.10, -0.85)
[INFO]   Robot 1: Robot 1 - west upper at (-5.10, 0.85)
[INFO]   Robot 2: Robot 2 - east upper at (5.10, 0.85)
[INFO]   Robot 3: Robot 3 - east lower at (5.10, -0.85)
[spawn_robots] Created modified SDF for tb3_0 at /tmp/tb3_0_w77wz01n.sdf
[spawn_robots] Created modified SDF for tb3_1 at /tmp/tb3_1_57f5apno.sdf
[spawn_robots] Created modified SDF for tb3_2 at /tmp/tb3_2_2hz9hscy.sdf
[spawn_robots] Created modified SDF for tb3_3 at /tmp/tb3_3_b64mgnv3.sdf
[INFO] Map Server loading: /home/wj/work/multi-robot-exploration-rl/install/start_rl_environment_tb3/share/start_rl_environment_tb3/maps/interaction_hub.yaml
[INFO] [gzserver-1]: process started with pid [1283130]
[INFO] [robot_state_publisher-2]: process started with pid [1283132]
[INFO] [spawn_entity.py-3]: process started with pid [1283134]
[INFO] [static_transform_publisher-4]: process started with pid [1283136]
[INFO] [robot_state_publisher-5]: process started with pid [1283138]
[INFO] [spawn_entity.py-6]: process started with pid [1283140]
[INFO] [static_transform_publisher-7]: process started with pid [1283143]
[INFO] [robot_state_publisher-8]: process started with pid [1283146]
[INFO] [spawn_entity.py-9]: process started with pid [1283148]
[INFO] [static_transform_publisher-10]: process started with pid [1283154]
[INFO] [robot_state_publisher-11]: process started with pid [1283169]
[INFO] [spawn_entity.py-12]: process started with pid [1283175]
[INFO] [static_transform_publisher-13]: process started with pid [1283183]
[INFO] [map_server-14]: process started with pid [1283200]
[INFO] [lifecycle_manager-15]: process started with pid [1283209]
[INFO] [obstacle_mover.py-16]: process started with pid [1283214]
[robot_state_publisher-2] [INFO] [1780032815.013458555] [tb3_0.robot_state_publisher]: got segment base_footprint
[robot_state_publisher-2] [INFO] [1780032815.014268014] [tb3_0.robot_state_publisher]: got segment base_link
[robot_state_publisher-2] [INFO] [1780032815.014292631] [tb3_0.robot_state_publisher]: got segment base_scan
[robot_state_publisher-2] [INFO] [1780032815.014302799] [tb3_0.robot_state_publisher]: got segment caster_back_link
[robot_state_publisher-2] [INFO] [1780032815.014311669] [tb3_0.robot_state_publisher]: got segment imu_link
[robot_state_publisher-2] [INFO] [1780032815.014320557] [tb3_0.robot_state_publisher]: got segment wheel_left_link
[robot_state_publisher-2] [INFO] [1780032815.014330533] [tb3_0.robot_state_publisher]: got segment wheel_right_link
[static_transform_publisher-4] [WARN] [1780032814.983028127] []: Old-style arguments are deprecated; see --help for new-style arguments
[static_transform_publisher-7] [WARN] [1780032814.990939224] []: Old-style arguments are deprecated; see --help for new-style arguments
[static_transform_publisher-7] [INFO] [1780032815.030113542] [static_tf_tb3_1]: Spinning until stopped - publishing transform
[static_transform_publisher-7] translation: ('0.000000', '0.000000', '0.000000')
[static_transform_publisher-7] rotation: ('0.000000', '0.000000', '0.000000', '1.000000')
[static_transform_publisher-7] from 'map' to 'tb3_1/odom'
[static_transform_publisher-10] [WARN] [1780032815.006140964] []: Old-style arguments are deprecated; see --help for new-style arguments
[static_transform_publisher-4] [INFO] [1780032815.060205654] [static_tf_tb3_0]: Spinning until stopped - publishing transform
[static_transform_publisher-4] translation: ('0.000000', '0.000000', '0.000000')
[static_transform_publisher-4] rotation: ('0.000000', '0.000000', '0.000000', '1.000000')
[static_transform_publisher-4] from 'map' to 'tb3_0/odom'
[static_transform_publisher-13] [WARN] [1780032815.078245640] []: Old-style arguments are deprecated; see --help for new-style arguments
[robot_state_publisher-5] [INFO] [1780032815.083915317] [tb3_1.robot_state_publisher]: got segment base_footprint
[robot_state_publisher-5] [INFO] [1780032815.084123819] [tb3_1.robot_state_publisher]: got segment base_link
[robot_state_publisher-5] [INFO] [1780032815.084147749] [tb3_1.robot_state_publisher]: got segment base_scan
[robot_state_publisher-5] [INFO] [1780032815.084162064] [tb3_1.robot_state_publisher]: got segment caster_back_link
[robot_state_publisher-5] [INFO] [1780032815.084174783] [tb3_1.robot_state_publisher]: got segment imu_link
[robot_state_publisher-5] [INFO] [1780032815.084195206] [tb3_1.robot_state_publisher]: got segment wheel_left_link
[robot_state_publisher-5] [INFO] [1780032815.084206584] [tb3_1.robot_state_publisher]: got segment wheel_right_link
[static_transform_publisher-10] [INFO] [1780032815.088728545] [static_tf_tb3_2]: Spinning until stopped - publishing transform
[static_transform_publisher-10] translation: ('0.000000', '0.000000', '0.000000')
[static_transform_publisher-10] rotation: ('0.000000', '0.000000', '0.000000', '1.000000')
[static_transform_publisher-10] from 'map' to 'tb3_2/odom'
[robot_state_publisher-11] [INFO] [1780032815.143674579] [tb3_3.robot_state_publisher]: got segment base_footprint
[robot_state_publisher-8] [INFO] [1780032815.144737276] [tb3_2.robot_state_publisher]: got segment base_footprint
[robot_state_publisher-8] [INFO] [1780032815.144911908] [tb3_2.robot_state_publisher]: got segment base_link
[robot_state_publisher-8] [INFO] [1780032815.144932218] [tb3_2.robot_state_publisher]: got segment base_scan
[robot_state_publisher-8] [INFO] [1780032815.144941877] [tb3_2.robot_state_publisher]: got segment caster_back_link
[robot_state_publisher-8] [INFO] [1780032815.144950408] [tb3_2.robot_state_publisher]: got segment imu_link
[robot_state_publisher-8] [INFO] [1780032815.144958587] [tb3_2.robot_state_publisher]: got segment wheel_left_link
[robot_state_publisher-8] [INFO] [1780032815.144966875] [tb3_2.robot_state_publisher]: got segment wheel_right_link
[robot_state_publisher-11] [INFO] [1780032815.148311465] [tb3_3.robot_state_publisher]: got segment base_link
[robot_state_publisher-11] [INFO] [1780032815.148345948] [tb3_3.robot_state_publisher]: got segment base_scan
[robot_state_publisher-11] [INFO] [1780032815.148359334] [tb3_3.robot_state_publisher]: got segment caster_back_link
[robot_state_publisher-11] [INFO] [1780032815.148370352] [tb3_3.robot_state_publisher]: got segment imu_link
[robot_state_publisher-11] [INFO] [1780032815.148380559] [tb3_3.robot_state_publisher]: got segment wheel_left_link
[robot_state_publisher-11] [INFO] [1780032815.148390307] [tb3_3.robot_state_publisher]: got segment wheel_right_link
[static_transform_publisher-13] [INFO] [1780032815.187015519] [static_tf_tb3_3]: Spinning until stopped - publishing transform
[static_transform_publisher-13] translation: ('0.000000', '0.000000', '0.000000')
[static_transform_publisher-13] rotation: ('0.000000', '0.000000', '0.000000', '1.000000')
[static_transform_publisher-13] from 'map' to 'tb3_3/odom'
[lifecycle_manager-15] [INFO] [1780032815.209131457] [lifecycle_manager_map]: Creating
[lifecycle_manager-15] [INFO] [1780032815.220552944] [lifecycle_manager_map]: [34m[1mCreating and initializing lifecycle service clients[0m[0m
[map_server-14] [INFO] [1780032815.227729242] [map_server]: 
[map_server-14] 	map_server lifecycle node launched. 
[map_server-14] 	Waiting on external lifecycle transitions to activate
[map_server-14] 	See https://design.ros2.org/articles/node_lifecycle.html for more information.
[map_server-14] [INFO] [1780032815.227963571] [map_server]: Creating
[lifecycle_manager-15] [INFO] [1780032815.230265663] [lifecycle_manager_map]: [34m[1mStarting managed nodes bringup...[0m[0m
[lifecycle_manager-15] [INFO] [1780032815.230319250] [lifecycle_manager_map]: [34m[1mConfiguring map_server[0m[0m
[map_server-14] [INFO] [1780032815.230854530] [map_server]: Configuring
[map_server-14] [INFO] [1780032815.230926074] [map_io]: Loading yaml file: /home/wj/work/multi-robot-exploration-rl/install/start_rl_environment_tb3/share/start_rl_environment_tb3/maps/interaction_hub.yaml
[map_server-14] [INFO] [1780032815.232046603] [map_io]: resolution: 0.05
[map_server-14] [INFO] [1780032815.232068995] [map_io]: origin[0]: -6
[map_server-14] [INFO] [1780032815.232080644] [map_io]: origin[1]: -6
[map_server-14] [INFO] [1780032815.232092113] [map_io]: origin[2]: 0
[map_server-14] [INFO] [1780032815.232101797] [map_io]: free_thresh: 0.196
[map_server-14] [INFO] [1780032815.232111182] [map_io]: occupied_thresh: 0.65
[map_server-14] [INFO] [1780032815.232121790] [map_io]: mode: trinary
[map_server-14] [INFO] [1780032815.232133340] [map_io]: negate: 0
[map_server-14] [INFO] [1780032815.233155956] [map_io]: Loading image_file: /home/wj/work/multi-robot-exploration-rl/install/start_rl_environment_tb3/share/start_rl_environment_tb3/maps/interaction_hub.pgm
[map_server-14] [INFO] [1780032815.250877378] [map_io]: Read map /home/wj/work/multi-robot-exploration-rl/install/start_rl_environment_tb3/share/start_rl_environment_tb3/maps/interaction_hub.pgm: 240 X 240 map @ 0.05 m/cell
[lifecycle_manager-15] [INFO] [1780032815.271303568] [lifecycle_manager_map]: [34m[1mActivating map_server[0m[0m
[map_server-14] [INFO] [1780032815.274283858] [map_server]: Activating
[map_server-14] [INFO] [1780032815.274550065] [map_server]: Creating bond (map_server) to lifecycle manager.
[lifecycle_manager-15] [INFO] [1780032815.385560756] [lifecycle_manager_map]: Server map_server connected with bond.
[lifecycle_manager-15] [INFO] [1780032815.385620594] [lifecycle_manager_map]: [34m[1mManaged nodes are active[0m[0m
[lifecycle_manager-15] [INFO] [1780032815.385639676] [lifecycle_manager_map]: [34m[1mCreating bond timer...[0m[0m
[gzserver-1] Gazebo multi-robot simulator, version 11.10.2
[gzserver-1] Copyright (C) 2012 Open Source Robotics Foundation.
[gzserver-1] Released under the Apache 2 License.
[gzserver-1] http://gazebosim.org
[gzserver-1] 
[spawn_entity.py-12] [INFO] [1780032816.237553231] [tb3_3.spawn_entity]: Spawn Entity started
[spawn_entity.py-12] [INFO] [1780032816.239903740] [tb3_3.spawn_entity]: Loading entity XML from file /tmp/tb3_3_b64mgnv3.sdf
[spawn_entity.py-12] [INFO] [1780032816.243864725] [tb3_3.spawn_entity]: Waiting for service /spawn_entity, timeout = 30
[spawn_entity.py-12] [INFO] [1780032816.244554732] [tb3_3.spawn_entity]: Waiting for service /spawn_entity
[spawn_entity.py-3] [INFO] [1780032816.271372058] [tb3_0.spawn_entity]: Spawn Entity started
[spawn_entity.py-3] [INFO] [1780032816.272752391] [tb3_0.spawn_entity]: Loading entity XML from file /tmp/tb3_0_w77wz01n.sdf
[spawn_entity.py-3] [INFO] [1780032816.274020040] [tb3_0.spawn_entity]: Waiting for service /spawn_entity, timeout = 30
[spawn_entity.py-3] [INFO] [1780032816.275330608] [tb3_0.spawn_entity]: Waiting for service /spawn_entity
[spawn_entity.py-6] [INFO] [1780032816.278126708] [tb3_1.spawn_entity]: Spawn Entity started
[spawn_entity.py-6] [INFO] [1780032816.278789524] [tb3_1.spawn_entity]: Loading entity XML from file /tmp/tb3_1_57f5apno.sdf
[spawn_entity.py-6] [INFO] [1780032816.280406388] [tb3_1.spawn_entity]: Waiting for service /spawn_entity, timeout = 30
[spawn_entity.py-6] [INFO] [1780032816.281046295] [tb3_1.spawn_entity]: Waiting for service /spawn_entity
[spawn_entity.py-9] [INFO] [1780032816.308785664] [tb3_2.spawn_entity]: Spawn Entity started
[spawn_entity.py-9] [INFO] [1780032816.309582368] [tb3_2.spawn_entity]: Loading entity XML from file /tmp/tb3_2_2hz9hscy.sdf
[spawn_entity.py-9] [INFO] [1780032816.311051456] [tb3_2.spawn_entity]: Waiting for service /spawn_entity, timeout = 30
[spawn_entity.py-9] [INFO] [1780032816.311773970] [tb3_2.spawn_entity]: Waiting for service /spawn_entity
[gzserver-1] [1;33m[Wrn] [gazebo_ros_init.cpp:178] [0m[1;33m
[gzserver-1] #     # ####### ####### ###  #####  #######
[gzserver-1] ##    # #     #    #     #  #     # #
[gzserver-1] # #   # #     #    #     #  #       #
[gzserver-1] #  #  # #     #    #     #  #       #####
[gzserver-1] #   # # #     #    #     #  #       #
[gzserver-1] #    ## #     #    #     #  #     # #
[gzserver-1] #     # #######    #    ###  #####  #######
[gzserver-1] 
[gzserver-1] This version of Gazebo, now called Gazebo classic, reaches end-of-life
[gzserver-1] in January 2025. Users are highly encouraged to migrate to the new Gazebo
[gzserver-1] using our migration guides (https://gazebosim.org/docs/latest/gazebo_classic_migration?utm_source=gazebo_ros_pkgs&utm_medium=cli)
[gzserver-1] 
[gzserver-1] [0m[1;33m
[gzserver-1] [1;32m[Msg] [0m[1;32mWaiting for master.[0m[1;32m
[gzserver-1] [0m[1;32m[0m[1;32m[0m[1;32m[Msg] [0m[1;32mConnected to gazebo master @ [0m[1;32mhttp://127.0.0.1:11345[0m[1;32m
[gzserver-1] [0m[1;32m[0m[1;32m[0m[1;32m[Msg] [0m[1;32mPublicized address: [0m[1;32m172.19.10.153[0m[1;32m
[gzserver-1] [0m[1;32m[0m[1;32m[0m[1;32m[Msg] [0m[1;32mLoading world file [[0m[1;32m/home/wj/work/multi-robot-exploration-rl/install/start_rl_environment_tb3/share/start_rl_environment_tb3/worlds/interaction_hub.world[0m[1;32m][0m[1;32m
[spawn_entity.py-9] [INFO] [1780032818.082226291] [tb3_2.spawn_entity]: Calling service /spawn_entity
[gzserver-1] [0m[1;33m[0m[1;33m[0m[WARN] [1780032818.117083399] [rcl]: Found remap rule 'model_states:=model_states_demo'. This syntax is deprecated. Use '--ros-args --remap model_states:=model_states_demo' instead.
[gzserver-1] [INFO] [1780032818.159444055] [gazebo_ros_state]: Publishing states of gazebo models at [/model_states_demo]
[gzserver-1] [INFO] [1780032818.163267510] [gazebo_ros_state]: Publishing states of gazebo links at [/link_states]
[spawn_entity.py-12] [INFO] [1780032818.273215655] [tb3_3.spawn_entity]: Calling service /spawn_entity
[spawn_entity.py-3] [INFO] [1780032818.301279015] [tb3_0.spawn_entity]: Calling service /spawn_entity
[gzserver-1] [INFO] [1780032818.302682543] [tb3_2.turtlebot3_imu]: <initial_orientation_as_reference> is unset, using default value of false to comply with REP 145 (world as orientation reference)
[spawn_entity.py-6] [INFO] [1780032818.304048319] [tb3_1.spawn_entity]: Calling service /spawn_entity
[spawn_entity.py-9] [INFO] [1780032818.519241372] [tb3_2.spawn_entity]: Spawn status: SpawnEntity: Successfully spawned entity [tb3_2]
[INFO] [spawn_entity.py-9]: process has finished cleanly [pid 1283148]
[gzserver-1] [INFO] [1780032818.979774020] [tb3_2.turtlebot3_diff_drive]: Wheel pair 1 separation set to [0.160000m]
[gzserver-1] [INFO] [1780032818.979867279] [tb3_2.turtlebot3_diff_drive]: Wheel pair 1 diameter set to [0.066000m]
[gzserver-1] [INFO] [1780032818.983575919] [tb3_2.turtlebot3_diff_drive]: Subscribed to [/tb3_2/cmd_vel]
[gzserver-1] [INFO] [1780032818.989050816] [tb3_2.turtlebot3_diff_drive]: Advertise odometry on [/tb3_2/odom]
[gzserver-1] [INFO] [1780032818.998423842] [tb3_2.turtlebot3_diff_drive]: Publishing odom transforms between [tb3_2/odom] and [tb3_2/base_footprint]
[gzserver-1] [INFO] [1780032819.054460469] [tb3_2.turtlebot3_joint_state]: Going to publish joint [wheel_left_joint]
[gzserver-1] [INFO] [1780032819.054611172] [tb3_2.turtlebot3_joint_state]: Going to publish joint [wheel_right_joint]
[obstacle_mover.py-16] [INFO] [1780032819.315450579] [obstacle_mover]: [obstacle_mover] map=6  0 个障碍物  速度=0.000 m/s (scale×0.0)  30 Hz  随机游走模式
[obstacle_mover.py-16] [INFO] [1780032819.318113305] [obstacle_mover]: [obstacle_mover] ✅ dyn_obs_0~dyn_obs_7 已下沉至 z=-10.0
[gzserver-1] [INFO] [1780032819.444910037] [tb3_3.turtlebot3_imu]: <initial_orientation_as_reference> is unset, using default value of false to comply with REP 145 (world as orientation reference)
[spawn_entity.py-12] [INFO] [1780032819.687501416] [tb3_3.spawn_entity]: Spawn status: SpawnEntity: Successfully spawned entity [tb3_3]
[gzserver-1] [INFO] [1780032819.825756375] [tb3_3.turtlebot3_diff_drive]: Wheel pair 1 separation set to [0.160000m]
[gzserver-1] [INFO] [1780032819.825828774] [tb3_3.turtlebot3_diff_drive]: Wheel pair 1 diameter set to [0.066000m]
[gzserver-1] [INFO] [1780032819.831110959] [tb3_3.turtlebot3_diff_drive]: Subscribed to [/tb3_3/cmd_vel]
[gzserver-1] [INFO] [1780032819.833789656] [tb3_3.turtlebot3_diff_drive]: Advertise odometry on [/tb3_3/odom]
[gzserver-1] [INFO] [1780032819.840572582] [tb3_3.turtlebot3_diff_drive]: Publishing odom transforms between [tb3_3/odom] and [tb3_3/base_footprint]
[gzserver-1] [INFO] [1780032819.861353346] [tb3_3.turtlebot3_joint_state]: Going to publish joint [wheel_left_joint]
[gzserver-1] [INFO] [1780032819.861461833] [tb3_3.turtlebot3_joint_state]: Going to publish joint [wheel_right_joint]
[INFO] [spawn_entity.py-12]: process has finished cleanly [pid 1283175]
[gzserver-1] [INFO] [1780032820.223666778] [tb3_0.turtlebot3_imu]: <initial_orientation_as_reference> is unset, using default value of false to comply with REP 145 (world as orientation reference)
[spawn_entity.py-3] [INFO] [1780032820.535226192] [tb3_0.spawn_entity]: Spawn status: SpawnEntity: Successfully spawned entity [tb3_0]
[gzserver-1] [INFO] [1780032820.657412098] [tb3_0.turtlebot3_diff_drive]: Wheel pair 1 separation set to [0.160000m]
[gzserver-1] [INFO] [1780032820.657507942] [tb3_0.turtlebot3_diff_drive]: Wheel pair 1 diameter set to [0.066000m]
[gzserver-1] [INFO] [1780032820.658669554] [tb3_0.turtlebot3_diff_drive]: Subscribed to [/tb3_0/cmd_vel]
[gzserver-1] [INFO] [1780032820.660156150] [tb3_0.turtlebot3_diff_drive]: Advertise odometry on [/tb3_0/odom]
[gzserver-1] [INFO] [1780032820.662171350] [tb3_0.turtlebot3_diff_drive]: Publishing odom transforms between [tb3_0/odom] and [tb3_0/base_footprint]
[gzserver-1] [INFO] [1780032820.682054135] [tb3_0.turtlebot3_joint_state]: Going to publish joint [wheel_left_joint]
[gzserver-1] [INFO] [1780032820.682107393] [tb3_0.turtlebot3_joint_state]: Going to publish joint [wheel_right_joint]
[INFO] [spawn_entity.py-3]: process has finished cleanly [pid 1283134]
[gzserver-1] [INFO] [1780032821.107582652] [tb3_1.turtlebot3_imu]: <initial_orientation_as_reference> is unset, using default value of false to comply with REP 145 (world as orientation reference)
[spawn_entity.py-6] [INFO] [1780032821.359940664] [tb3_1.spawn_entity]: Spawn status: SpawnEntity: Successfully spawned entity [tb3_1]
[gzserver-1] [INFO] [1780032821.489878801] [tb3_1.turtlebot3_diff_drive]: Wheel pair 1 separation set to [0.160000m]
[gzserver-1] [INFO] [1780032821.489948893] [tb3_1.turtlebot3_diff_drive]: Wheel pair 1 diameter set to [0.066000m]
[gzserver-1] [INFO] [1780032821.491344889] [tb3_1.turtlebot3_diff_drive]: Subscribed to [/tb3_1/cmd_vel]
[gzserver-1] [INFO] [1780032821.492756847] [tb3_1.turtlebot3_diff_drive]: Advertise odometry on [/tb3_1/odom]
[gzserver-1] [INFO] [1780032821.499520158] [tb3_1.turtlebot3_diff_drive]: Publishing odom transforms between [tb3_1/odom] and [tb3_1/base_footprint]
[gzserver-1] [INFO] [1780032821.523363579] [tb3_1.turtlebot3_joint_state]: Going to publish joint [wheel_left_joint]
[gzserver-1] [INFO] [1780032821.523427616] [tb3_1.turtlebot3_joint_state]: Going to publish joint [wheel_right_joint]
[INFO] [spawn_entity.py-6]: process has finished cleanly [pid 1283140]
