[INFO] [launch]: All log files can be found below /home/wj/.ros/log/2026-05-10-02-00-55-117766-wj-Default-string-2241932
[INFO] [launch]: Default logging verbosity is set to INFO
[INFO] Loading world for TurtleBot3: /home/wj/work/multi-robot-exploration-rl/install/start_rl_environment_tb3/share/start_rl_environment_tb3/worlds/interaction_hub.world
[INFO] Spawning 4 TurtleBot3 robots on interaction_hub...
[INFO] Using random positions
[INFO] Using fixed positions for 4 robots
[INFO]   Robot 0: Robot 0 - west lower at (-5.10, -0.85)
[INFO]   Robot 1: Robot 1 - west upper at (-5.10, 0.85)
[INFO]   Robot 2: Robot 2 - east upper at (5.10, 0.85)
[INFO]   Robot 3: Robot 3 - east lower at (5.10, -0.85)
[spawn_robots] Created modified SDF for tb3_0 at /tmp/tb3_0_xf5_on0d.sdf
[spawn_robots] Created modified SDF for tb3_1 at /tmp/tb3_1_5kdmd4_a.sdf
[spawn_robots] Created modified SDF for tb3_2 at /tmp/tb3_2_3ootdvhf.sdf
[spawn_robots] Created modified SDF for tb3_3 at /tmp/tb3_3_xjywbs77.sdf
[INFO] Map Server loading: /home/wj/work/multi-robot-exploration-rl/install/start_rl_environment_tb3/share/start_rl_environment_tb3/maps/interaction_hub.yaml
[INFO] [gzserver-1]: process started with pid [2242040]
[INFO] [gzclient-2]: process started with pid [2242042]
[INFO] [robot_state_publisher-3]: process started with pid [2242044]
[INFO] [spawn_entity.py-4]: process started with pid [2242046]
[INFO] [static_transform_publisher-5]: process started with pid [2242048]
[INFO] [robot_state_publisher-6]: process started with pid [2242050]
[INFO] [spawn_entity.py-7]: process started with pid [2242052]
[INFO] [static_transform_publisher-8]: process started with pid [2242054]
[INFO] [robot_state_publisher-9]: process started with pid [2242056]
[INFO] [spawn_entity.py-10]: process started with pid [2242058]
[INFO] [static_transform_publisher-11]: process started with pid [2242060]
[INFO] [robot_state_publisher-12]: process started with pid [2242062]
[INFO] [spawn_entity.py-13]: process started with pid [2242064]
[INFO] [static_transform_publisher-14]: process started with pid [2242066]
[INFO] [map_server-15]: process started with pid [2242068]
[INFO] [lifecycle_manager-16]: process started with pid [2242070]
[INFO] [rviz2-17]: process started with pid [2242082]
[INFO] [obstacle_mover.py-18]: process started with pid [2242102]
[static_transform_publisher-5] [WARN] [1778349655.949084306] []: Old-style arguments are deprecated; see --help for new-style arguments
[static_transform_publisher-8] [WARN] [1778349655.950823386] []: Old-style arguments are deprecated; see --help for new-style arguments
[static_transform_publisher-11] [WARN] [1778349655.966732781] []: Old-style arguments are deprecated; see --help for new-style arguments
[static_transform_publisher-14] [WARN] [1778349655.963642723] []: Old-style arguments are deprecated; see --help for new-style arguments
[static_transform_publisher-8] [INFO] [1778349655.987992559] [static_tf_tb3_1]: Spinning until stopped - publishing transform
[static_transform_publisher-8] translation: ('0.000000', '0.000000', '0.000000')
[static_transform_publisher-8] rotation: ('0.000000', '0.000000', '0.000000', '1.000000')
[static_transform_publisher-8] from 'map' to 'tb3_1/odom'
[static_transform_publisher-5] [INFO] [1778349655.997610503] [static_tf_tb3_0]: Spinning until stopped - publishing transform
[static_transform_publisher-5] translation: ('0.000000', '0.000000', '0.000000')
[static_transform_publisher-5] rotation: ('0.000000', '0.000000', '0.000000', '1.000000')
[static_transform_publisher-5] from 'map' to 'tb3_0/odom'
[robot_state_publisher-3] [INFO] [1778349655.997802788] [tb3_0.robot_state_publisher]: got segment base_footprint
[robot_state_publisher-3] [INFO] [1778349655.997942852] [tb3_0.robot_state_publisher]: got segment base_link
[robot_state_publisher-3] [INFO] [1778349655.997964436] [tb3_0.robot_state_publisher]: got segment base_scan
[robot_state_publisher-3] [INFO] [1778349655.997977010] [tb3_0.robot_state_publisher]: got segment caster_back_link
[robot_state_publisher-3] [INFO] [1778349655.997987508] [tb3_0.robot_state_publisher]: got segment imu_link
[robot_state_publisher-3] [INFO] [1778349655.997997513] [tb3_0.robot_state_publisher]: got segment wheel_left_link
[robot_state_publisher-3] [INFO] [1778349655.998006585] [tb3_0.robot_state_publisher]: got segment wheel_right_link
[robot_state_publisher-9] [INFO] [1778349656.003505723] [tb3_2.robot_state_publisher]: got segment base_footprint
[robot_state_publisher-9] [INFO] [1778349656.003667226] [tb3_2.robot_state_publisher]: got segment base_link
[robot_state_publisher-9] [INFO] [1778349656.003690799] [tb3_2.robot_state_publisher]: got segment base_scan
[robot_state_publisher-9] [INFO] [1778349656.003703813] [tb3_2.robot_state_publisher]: got segment caster_back_link
[robot_state_publisher-9] [INFO] [1778349656.003715377] [tb3_2.robot_state_publisher]: got segment imu_link
[robot_state_publisher-9] [INFO] [1778349656.003726183] [tb3_2.robot_state_publisher]: got segment wheel_left_link
[robot_state_publisher-9] [INFO] [1778349656.003737314] [tb3_2.robot_state_publisher]: got segment wheel_right_link
[robot_state_publisher-6] [INFO] [1778349656.004364995] [tb3_1.robot_state_publisher]: got segment base_footprint
[robot_state_publisher-6] [INFO] [1778349656.005125039] [tb3_1.robot_state_publisher]: got segment base_link
[robot_state_publisher-6] [INFO] [1778349656.005152938] [tb3_1.robot_state_publisher]: got segment base_scan
[robot_state_publisher-6] [INFO] [1778349656.005167740] [tb3_1.robot_state_publisher]: got segment caster_back_link
[robot_state_publisher-6] [INFO] [1778349656.005179235] [tb3_1.robot_state_publisher]: got segment imu_link
[robot_state_publisher-6] [INFO] [1778349656.005188696] [tb3_1.robot_state_publisher]: got segment wheel_left_link
[robot_state_publisher-6] [INFO] [1778349656.005200156] [tb3_1.robot_state_publisher]: got segment wheel_right_link
[robot_state_publisher-12] [INFO] [1778349656.013342998] [tb3_3.robot_state_publisher]: got segment base_footprint
[robot_state_publisher-12] [INFO] [1778349656.013539736] [tb3_3.robot_state_publisher]: got segment base_link
[robot_state_publisher-12] [INFO] [1778349656.013561536] [tb3_3.robot_state_publisher]: got segment base_scan
[robot_state_publisher-12] [INFO] [1778349656.013573024] [tb3_3.robot_state_publisher]: got segment caster_back_link
[robot_state_publisher-12] [INFO] [1778349656.013582719] [tb3_3.robot_state_publisher]: got segment imu_link
[robot_state_publisher-12] [INFO] [1778349656.013591889] [tb3_3.robot_state_publisher]: got segment wheel_left_link
[robot_state_publisher-12] [INFO] [1778349656.013601237] [tb3_3.robot_state_publisher]: got segment wheel_right_link
[static_transform_publisher-11] [INFO] [1778349656.030624744] [static_tf_tb3_2]: Spinning until stopped - publishing transform
[static_transform_publisher-11] translation: ('0.000000', '0.000000', '0.000000')
[static_transform_publisher-11] rotation: ('0.000000', '0.000000', '0.000000', '1.000000')
[static_transform_publisher-11] from 'map' to 'tb3_2/odom'
[static_transform_publisher-14] [INFO] [1778349656.035086717] [static_tf_tb3_3]: Spinning until stopped - publishing transform
[static_transform_publisher-14] translation: ('0.000000', '0.000000', '0.000000')
[static_transform_publisher-14] rotation: ('0.000000', '0.000000', '0.000000', '1.000000')
[static_transform_publisher-14] from 'map' to 'tb3_3/odom'
[lifecycle_manager-16] [INFO] [1778349656.041774538] [lifecycle_manager_map]: Creating
[lifecycle_manager-16] [INFO] [1778349656.047927372] [lifecycle_manager_map]: [34m[1mCreating and initializing lifecycle service clients[0m[0m
[map_server-15] [INFO] [1778349656.049084727] [map_server]: 
[map_server-15] 	map_server lifecycle node launched. 
[map_server-15] 	Waiting on external lifecycle transitions to activate
[map_server-15] 	See https://design.ros2.org/articles/node_lifecycle.html for more information.
[map_server-15] [INFO] [1778349656.050365869] [map_server]: Creating
[lifecycle_manager-16] [INFO] [1778349656.051581801] [lifecycle_manager_map]: [34m[1mStarting managed nodes bringup...[0m[0m
[lifecycle_manager-16] [INFO] [1778349656.051626710] [lifecycle_manager_map]: [34m[1mConfiguring map_server[0m[0m
[map_server-15] [INFO] [1778349656.174783486] [map_server]: Configuring
[map_server-15] [INFO] [1778349656.174858849] [map_io]: Loading yaml file: /home/wj/work/multi-robot-exploration-rl/install/start_rl_environment_tb3/share/start_rl_environment_tb3/maps/interaction_hub.yaml
[map_server-15] [INFO] [1778349656.175114936] [map_io]: resolution: 0.05
[map_server-15] [INFO] [1778349656.175127672] [map_io]: origin[0]: -6
[map_server-15] [INFO] [1778349656.175132733] [map_io]: origin[1]: -6
[map_server-15] [INFO] [1778349656.175137401] [map_io]: origin[2]: 0
[map_server-15] [INFO] [1778349656.175142377] [map_io]: free_thresh: 0.196
[map_server-15] [INFO] [1778349656.175147360] [map_io]: occupied_thresh: 0.65
[map_server-15] [INFO] [1778349656.175152869] [map_io]: mode: trinary
[map_server-15] [INFO] [1778349656.175158712] [map_io]: negate: 0
[map_server-15] [INFO] [1778349656.175360652] [map_io]: Loading image_file: /home/wj/work/multi-robot-exploration-rl/install/start_rl_environment_tb3/share/start_rl_environment_tb3/maps/interaction_hub.pgm
[map_server-15] [INFO] [1778349656.185867925] [map_io]: Read map /home/wj/work/multi-robot-exploration-rl/install/start_rl_environment_tb3/share/start_rl_environment_tb3/maps/interaction_hub.pgm: 240 X 240 map @ 0.05 m/cell
[lifecycle_manager-16] [INFO] [1778349656.195717740] [lifecycle_manager_map]: [34m[1mActivating map_server[0m[0m
[map_server-15] [INFO] [1778349656.195854796] [map_server]: Activating
[map_server-15] [INFO] [1778349656.196035641] [map_server]: Creating bond (map_server) to lifecycle manager.
[lifecycle_manager-16] [INFO] [1778349656.300787173] [lifecycle_manager_map]: Server map_server connected with bond.
[lifecycle_manager-16] [INFO] [1778349656.300837450] [lifecycle_manager_map]: [34m[1mManaged nodes are active[0m[0m
[lifecycle_manager-16] [INFO] [1778349656.300857850] [lifecycle_manager_map]: [34m[1mCreating bond timer...[0m[0m
[spawn_entity.py-7] [INFO] [1778349656.589642893] [tb3_1.spawn_entity]: Spawn Entity started
[spawn_entity.py-7] [INFO] [1778349656.591105151] [tb3_1.spawn_entity]: Loading entity XML from file /tmp/tb3_1_5kdmd4_a.sdf
[spawn_entity.py-7] [INFO] [1778349656.592464141] [tb3_1.spawn_entity]: Waiting for service /spawn_entity, timeout = 30
[spawn_entity.py-7] [INFO] [1778349656.593111240] [tb3_1.spawn_entity]: Waiting for service /spawn_entity
[spawn_entity.py-4] [INFO] [1778349656.593640460] [tb3_0.spawn_entity]: Spawn Entity started
[spawn_entity.py-4] [INFO] [1778349656.594330071] [tb3_0.spawn_entity]: Loading entity XML from file /tmp/tb3_0_xf5_on0d.sdf
[spawn_entity.py-4] [INFO] [1778349656.595632931] [tb3_0.spawn_entity]: Waiting for service /spawn_entity, timeout = 30
[spawn_entity.py-4] [INFO] [1778349656.596314818] [tb3_0.spawn_entity]: Waiting for service /spawn_entity
[spawn_entity.py-10] [INFO] [1778349656.626571525] [tb3_2.spawn_entity]: Spawn Entity started
[spawn_entity.py-10] [INFO] [1778349656.626964203] [tb3_2.spawn_entity]: Loading entity XML from file /tmp/tb3_2_3ootdvhf.sdf
[spawn_entity.py-10] [INFO] [1778349656.627784000] [tb3_2.spawn_entity]: Waiting for service /spawn_entity, timeout = 30
[spawn_entity.py-10] [INFO] [1778349656.628120852] [tb3_2.spawn_entity]: Waiting for service /spawn_entity
[spawn_entity.py-13] [INFO] [1778349656.628783657] [tb3_3.spawn_entity]: Spawn Entity started
[spawn_entity.py-13] [INFO] [1778349656.629186363] [tb3_3.spawn_entity]: Loading entity XML from file /tmp/tb3_3_xjywbs77.sdf
[spawn_entity.py-13] [INFO] [1778349656.630030731] [tb3_3.spawn_entity]: Waiting for service /spawn_entity, timeout = 30
[spawn_entity.py-13] [INFO] [1778349656.630383440] [tb3_3.spawn_entity]: Waiting for service /spawn_entity
[rviz2-17] [INFO] [1778349657.139726239] [rviz2]: Stereo is NOT SUPPORTED
[rviz2-17] [INFO] [1778349657.140036363] [rviz2]: OpenGl version: 4.6 (GLSL 4.6)
[rviz2-17] [INFO] [1778349657.234312315] [rviz2]: Stereo is NOT SUPPORTED
[gzserver-1] [WARN] [1778349658.020342799] [rcl]: Found remap rule 'model_states:=model_states_demo'. This syntax is deprecated. Use '--ros-args --remap model_states:=model_states_demo' instead.
[gzserver-1] [INFO] [1778349658.038229259] [gazebo_ros_state]: Publishing states of gazebo models at [/model_states_demo]
[gzserver-1] [INFO] [1778349658.039512740] [gazebo_ros_state]: Publishing states of gazebo links at [/link_states]
[spawn_entity.py-7] [INFO] [1778349658.101710018] [tb3_1.spawn_entity]: Calling service /spawn_entity
[spawn_entity.py-4] [INFO] [1778349658.105027850] [tb3_0.spawn_entity]: Calling service /spawn_entity
[spawn_entity.py-10] [INFO] [1778349658.135344582] [tb3_2.spawn_entity]: Calling service /spawn_entity
[spawn_entity.py-13] [INFO] [1778349658.137417067] [tb3_3.spawn_entity]: Calling service /spawn_entity
[obstacle_mover.py-18] [INFO] [1778349658.301786615] [obstacle_mover]: [obstacle_mover] map=6  2 个障碍物  速度=0.038 m/s (scale×0.35)  30 Hz  随机游走模式
[obstacle_mover.py-18] [INFO] [1778349658.304079763] [obstacle_mover]: [obstacle_mover] ✅ dyn_obs_2~dyn_obs_7 已下沉至 z=-10.0
[gzserver-1] [INFO] [1778349658.368990125] [tb3_1.turtlebot3_imu]: <initial_orientation_as_reference> is unset, using default value of false to comply with REP 145 (world as orientation reference)
[spawn_entity.py-7] [INFO] [1778349658.512998874] [tb3_1.spawn_entity]: Spawn status: SpawnEntity: Successfully spawned entity [tb3_1]
[gzserver-1] [INFO] [1778349658.560538361] [tb3_1.turtlebot3_diff_drive]: Wheel pair 1 separation set to [0.160000m]
[gzserver-1] [INFO] [1778349658.560593477] [tb3_1.turtlebot3_diff_drive]: Wheel pair 1 diameter set to [0.066000m]
[gzserver-1] [INFO] [1778349658.562609162] [tb3_1.turtlebot3_diff_drive]: Subscribed to [/tb3_1/cmd_vel]
[gzserver-1] [INFO] [1778349658.566930733] [tb3_1.turtlebot3_diff_drive]: Advertise odometry on [/tb3_1/odom]
[gzserver-1] [INFO] [1778349658.571538229] [tb3_1.turtlebot3_diff_drive]: Publishing odom transforms between [tb3_1/odom] and [tb3_1/base_footprint]
[gzserver-1] [INFO] [1778349658.591577474] [tb3_1.turtlebot3_joint_state]: Going to publish joint [wheel_left_joint]
[gzserver-1] [INFO] [1778349658.591637649] [tb3_1.turtlebot3_joint_state]: Going to publish joint [wheel_right_joint]
[INFO] [spawn_entity.py-7]: process has finished cleanly [pid 2242052]
[gzserver-1] [INFO] [1778349658.885370411] [tb3_0.turtlebot3_imu]: <initial_orientation_as_reference> is unset, using default value of false to comply with REP 145 (world as orientation reference)
[spawn_entity.py-4] [INFO] [1778349659.017654985] [tb3_0.spawn_entity]: Spawn status: SpawnEntity: Successfully spawned entity [tb3_0]
[gzserver-1] [INFO] [1778349659.124688140] [tb3_0.turtlebot3_diff_drive]: Wheel pair 1 separation set to [0.160000m]
[gzserver-1] [INFO] [1778349659.124773142] [tb3_0.turtlebot3_diff_drive]: Wheel pair 1 diameter set to [0.066000m]
[gzserver-1] [INFO] [1778349659.125342244] [tb3_0.turtlebot3_diff_drive]: Subscribed to [/tb3_0/cmd_vel]
[gzserver-1] [INFO] [1778349659.126002720] [tb3_0.turtlebot3_diff_drive]: Advertise odometry on [/tb3_0/odom]
[gzserver-1] [INFO] [1778349659.128005910] [tb3_0.turtlebot3_diff_drive]: Publishing odom transforms between [tb3_0/odom] and [tb3_0/base_footprint]
[gzserver-1] [INFO] [1778349659.137522102] [tb3_0.turtlebot3_joint_state]: Going to publish joint [wheel_left_joint]
[gzserver-1] [INFO] [1778349659.137572407] [tb3_0.turtlebot3_joint_state]: Going to publish joint [wheel_right_joint]
[INFO] [spawn_entity.py-4]: process has finished cleanly [pid 2242046]
[gzserver-1] [INFO] [1778349659.435202838] [tb3_2.turtlebot3_imu]: <initial_orientation_as_reference> is unset, using default value of false to comply with REP 145 (world as orientation reference)
[spawn_entity.py-10] [INFO] [1778349659.646663990] [tb3_2.spawn_entity]: Spawn status: SpawnEntity: Successfully spawned entity [tb3_2]
[INFO] [spawn_entity.py-10]: process has finished cleanly [pid 2242058]
[gzserver-1] [INFO] [1778349659.962062101] [tb3_2.turtlebot3_diff_drive]: Wheel pair 1 separation set to [0.160000m]
[gzserver-1] [INFO] [1778349659.962150035] [tb3_2.turtlebot3_diff_drive]: Wheel pair 1 diameter set to [0.066000m]
[gzserver-1] [INFO] [1778349659.965131721] [tb3_2.turtlebot3_diff_drive]: Subscribed to [/tb3_2/cmd_vel]
[gzserver-1] [INFO] [1778349659.967168876] [tb3_2.turtlebot3_diff_drive]: Advertise odometry on [/tb3_2/odom]
[gzserver-1] [INFO] [1778349659.968962776] [tb3_2.turtlebot3_diff_drive]: Publishing odom transforms between [tb3_2/odom] and [tb3_2/base_footprint]
[gzserver-1] [INFO] [1778349659.991244645] [tb3_2.turtlebot3_joint_state]: Going to publish joint [wheel_left_joint]
[gzserver-1] [INFO] [1778349659.991315074] [tb3_2.turtlebot3_joint_state]: Going to publish joint [wheel_right_joint]
[gzserver-1] [INFO] [1778349660.317278831] [tb3_3.turtlebot3_imu]: <initial_orientation_as_reference> is unset, using default value of false to comply with REP 145 (world as orientation reference)
[spawn_entity.py-13] [INFO] [1778349660.425996073] [tb3_3.spawn_entity]: Spawn status: SpawnEntity: Successfully spawned entity [tb3_3]
[gzserver-1] [INFO] [1778349660.538636009] [tb3_3.turtlebot3_diff_drive]: Wheel pair 1 separation set to [0.160000m]
[gzserver-1] [INFO] [1778349660.538705244] [tb3_3.turtlebot3_diff_drive]: Wheel pair 1 diameter set to [0.066000m]
[gzserver-1] [INFO] [1778349660.539649274] [tb3_3.turtlebot3_diff_drive]: Subscribed to [/tb3_3/cmd_vel]
[gzserver-1] [INFO] [1778349660.540450131] [tb3_3.turtlebot3_diff_drive]: Advertise odometry on [/tb3_3/odom]
[gzserver-1] [INFO] [1778349660.543451261] [tb3_3.turtlebot3_diff_drive]: Publishing odom transforms between [tb3_3/odom] and [tb3_3/base_footprint]
[gzserver-1] [INFO] [1778349660.562234483] [tb3_3.turtlebot3_joint_state]: Going to publish joint [wheel_left_joint]
[gzserver-1] [INFO] [1778349660.562305364] [tb3_3.turtlebot3_joint_state]: Going to publish joint [wheel_right_joint]
[INFO] [spawn_entity.py-13]: process has finished cleanly [pid 2242064]
[rviz2-17] [INFO] [1778349670.329919090] [rviz2]: Message Filter dropping message: frame 'tb3_0/base_scan' at time 0.396 for reason 'the timestamp on the message is earlier than all the data in the transform cache'
[rviz2-17] [INFO] [1778349670.531843249] [rviz2]: Message Filter dropping message: frame 'tb3_2/base_scan' at time 0.596 for reason 'the timestamp on the message is earlier than all the data in the transform cache'
[rviz2-17] [INFO] [1778349670.736834384] [rviz2]: Message Filter dropping message: frame 'tb3_3/base_scan' at time 0.796 for reason 'the timestamp on the message is earlier than all the data in the transform cache'
