/home/wj/work/multi-robot-exploration-rl/install/gnn_marl_training/lib/python3.10/site-packages/gnn_marl_training/train_gnn_mappo_full.py
/home/wj/work/multi-robot-exploration-rl/install/gnn_marl_training/lib/python3.10/site-packages/gnn_marl_training/option_tester.py
/home/wj/work/multi-robot-exploration-rl/install/gnn_marl_training/lib/python3.10/site-packages/gnn_marl_training/option_test_scenarios.py
/home/wj/work/multi-robot-exploration-rl/install/gnn_marl_training/lib/python3.10/site-packages/gnn_marl_training/option_feasibility.py
/home/wj/work/multi-robot-exploration-rl/install/gnn_marl_training/lib/python3.10/site-packages/gnn_marl_training/interaction_observation_utils.py
/home/wj/work/multi-robot-exploration-rl/install/gnn_marl_training/lib/python3.10/site-packages/gnn_marl_training/gat_policy.py
/home/wj/work/multi-robot-exploration-rl/install/gnn_marl_training/lib/python3.10/site-packages/gnn_marl_training/env_space_reward_utils.py
/home/wj/work/multi-robot-exploration-rl/install/gnn_marl_training/lib/python3.10/site-packages/gnn_marl_training/global_planner.py
/home/wj/work/multi-robot-exploration-rl/install/gnn_marl_training/lib/python3.10/site-packages/gnn_marl_training/option_primitives.py
/home/wj/work/multi-robot-exploration-rl/install/gnn_marl_training/lib/python3.10/site-packages/gnn_marl_training/interaction_mode_utils.py
/home/wj/work/multi-robot-exploration-rl/install/gnn_marl_training/lib/python3.10/site-packages/gnn_marl_training/__init__.py
/home/wj/work/multi-robot-exploration-rl/install/gnn_marl_training/lib/python3.10/site-packages/gnn_marl_training/gat_rllib_model.py
/home/wj/work/multi-robot-exploration-rl/install/gnn_marl_training/lib/python3.10/site-packages/gnn_marl_training/mappo_mlp_model.py
/home/wj/work/multi-robot-exploration-rl/install/gnn_marl_training/lib/python3.10/site-packages/gnn_marl_training/interaction_reward_utils.py
/home/wj/work/multi-robot-exploration-rl/install/gnn_marl_training/lib/python3.10/site-packages/gnn_marl_training/fixed_benchmark_scenarios.py
/home/wj/work/multi-robot-exploration-rl/install/gnn_marl_training/lib/python3.10/site-packages/gnn_marl_training/robot_policy_node.py
/home/wj/work/multi-robot-exploration-rl/install/gnn_marl_training/lib/python3.10/site-packages/gnn_marl_training/waypoint_visualizer.py
/home/wj/work/multi-robot-exploration-rl/install/gnn_marl_training/lib/python3.10/site-packages/gnn_marl_training/interaction_execution_utils.py
/home/wj/work/multi-robot-exploration-rl/install/gnn_marl_training/lib/python3.10/site-packages/gnn_marl_training/interaction_option_definitions.py
/home/wj/work/multi-robot-exploration-rl/install/gnn_marl_training/lib/python3.10/site-packages/gnn_marl_training/gnn_marl_env.py
/home/wj/work/multi-robot-exploration-rl/install/gnn_marl_training/lib/python3.10/site-packages/gnn_marl_training/test_gnn_mappo.py
/home/wj/work/multi-robot-exploration-rl/install/gnn_marl_training/lib/python3.10/site-packages/gnn_marl_training/counterfactual_ppo_policy.py
/home/wj/work/multi-robot-exploration-rl/install/gnn_marl_training/lib/python3.10/site-packages/gnn_marl_training/__pycache__/train_gnn_mappo_full.cpython-310.pyc
/home/wj/work/multi-robot-exploration-rl/install/gnn_marl_training/lib/python3.10/site-packages/gnn_marl_training/__pycache__/option_tester.cpython-310.pyc
/home/wj/work/multi-robot-exploration-rl/install/gnn_marl_training/lib/python3.10/site-packages/gnn_marl_training/__pycache__/option_test_scenarios.cpython-310.pyc
/home/wj/work/multi-robot-exploration-rl/install/gnn_marl_training/lib/python3.10/site-packages/gnn_marl_training/__pycache__/option_feasibility.cpython-310.pyc
/home/wj/work/multi-robot-exploration-rl/install/gnn_marl_training/lib/python3.10/site-packages/gnn_marl_training/__pycache__/interaction_observation_utils.cpython-310.pyc
/home/wj/work/multi-robot-exploration-rl/install/gnn_marl_training/lib/python3.10/site-packages/gnn_marl_training/__pycache__/gat_policy.cpython-310.pyc
/home/wj/work/multi-robot-exploration-rl/install/gnn_marl_training/lib/python3.10/site-packages/gnn_marl_training/__pycache__/env_space_reward_utils.cpython-310.pyc
/home/wj/work/multi-robot-exploration-rl/install/gnn_marl_training/lib/python3.10/site-packages/gnn_marl_training/__pycache__/global_planner.cpython-310.pyc
/home/wj/work/multi-robot-exploration-rl/install/gnn_marl_training/lib/python3.10/site-packages/gnn_marl_training/__pycache__/option_primitives.cpython-310.pyc
/home/wj/work/multi-robot-exploration-rl/install/gnn_marl_training/lib/python3.10/site-packages/gnn_marl_training/__pycache__/interaction_mode_utils.cpython-310.pyc
/home/wj/work/multi-robot-exploration-rl/install/gnn_marl_training/lib/python3.10/site-packages/gnn_marl_training/__pycache__/__init__.cpython-310.pyc
/home/wj/work/multi-robot-exploration-rl/install/gnn_marl_training/lib/python3.10/site-packages/gnn_marl_training/__pycache__/gat_rllib_model.cpython-310.pyc
/home/wj/work/multi-robot-exploration-rl/install/gnn_marl_training/lib/python3.10/site-packages/gnn_marl_training/__pycache__/mappo_mlp_model.cpython-310.pyc
/home/wj/work/multi-robot-exploration-rl/install/gnn_marl_training/lib/python3.10/site-packages/gnn_marl_training/__pycache__/interaction_reward_utils.cpython-310.pyc
/home/wj/work/multi-robot-exploration-rl/install/gnn_marl_training/lib/python3.10/site-packages/gnn_marl_training/__pycache__/fixed_benchmark_scenarios.cpython-310.pyc
/home/wj/work/multi-robot-exploration-rl/install/gnn_marl_training/lib/python3.10/site-packages/gnn_marl_training/__pycache__/robot_policy_node.cpython-310.pyc
/home/wj/work/multi-robot-exploration-rl/install/gnn_marl_training/lib/python3.10/site-packages/gnn_marl_training/__pycache__/waypoint_visualizer.cpython-310.pyc
/home/wj/work/multi-robot-exploration-rl/install/gnn_marl_training/lib/python3.10/site-packages/gnn_marl_training/__pycache__/interaction_execution_utils.cpython-310.pyc
/home/wj/work/multi-robot-exploration-rl/install/gnn_marl_training/lib/python3.10/site-packages/gnn_marl_training/__pycache__/interaction_option_definitions.cpython-310.pyc
/home/wj/work/multi-robot-exploration-rl/install/gnn_marl_training/lib/python3.10/site-packages/gnn_marl_training/__pycache__/gnn_marl_env.cpython-310.pyc
/home/wj/work/multi-robot-exploration-rl/install/gnn_marl_training/lib/python3.10/site-packages/gnn_marl_training/__pycache__/test_gnn_mappo.cpython-310.pyc
/home/wj/work/multi-robot-exploration-rl/install/gnn_marl_training/lib/python3.10/site-packages/gnn_marl_training/__pycache__/counterfactual_ppo_policy.cpython-310.pyc
/home/wj/work/multi-robot-exploration-rl/install/gnn_marl_training/share/ament_index/resource_index/packages/gnn_marl_training
/home/wj/work/multi-robot-exploration-rl/install/gnn_marl_training/share/gnn_marl_training/package.xml
/home/wj/work/multi-robot-exploration-rl/install/gnn_marl_training/lib/python3.10/site-packages/gnn_marl_training-0.0.0-py3.10.egg-info/SOURCES.txt
/home/wj/work/multi-robot-exploration-rl/install/gnn_marl_training/lib/python3.10/site-packages/gnn_marl_training-0.0.0-py3.10.egg-info/entry_points.txt
/home/wj/work/multi-robot-exploration-rl/install/gnn_marl_training/lib/python3.10/site-packages/gnn_marl_training-0.0.0-py3.10.egg-info/zip-safe
/home/wj/work/multi-robot-exploration-rl/install/gnn_marl_training/lib/python3.10/site-packages/gnn_marl_training-0.0.0-py3.10.egg-info/PKG-INFO
/home/wj/work/multi-robot-exploration-rl/install/gnn_marl_training/lib/python3.10/site-packages/gnn_marl_training-0.0.0-py3.10.egg-info/dependency_links.txt
/home/wj/work/multi-robot-exploration-rl/install/gnn_marl_training/lib/python3.10/site-packages/gnn_marl_training-0.0.0-py3.10.egg-info/requires.txt
/home/wj/work/multi-robot-exploration-rl/install/gnn_marl_training/lib/python3.10/site-packages/gnn_marl_training-0.0.0-py3.10.egg-info/top_level.txt
/home/wj/work/multi-robot-exploration-rl/install/gnn_marl_training/lib/gnn_marl_training/option_tester
/home/wj/work/multi-robot-exploration-rl/install/gnn_marl_training/lib/gnn_marl_training/robot_policy_node
/home/wj/work/multi-robot-exploration-rl/install/gnn_marl_training/lib/gnn_marl_training/test_gnn_mappo
/home/wj/work/multi-robot-exploration-rl/install/gnn_marl_training/lib/gnn_marl_training/train_gnn_mappo
/home/wj/work/multi-robot-exploration-rl/install/gnn_marl_training/lib/gnn_marl_training/train_gnn_mappo_full
