2026-04-28 16:09:22,551	INFO worker.py:2013 -- Started a local Ray instance.
/home/wj/anaconda3/envs/ros2/lib/python3.10/site-packages/ray/rllib/algorithms/algorithm.py:527: RayDeprecationWarning: This API is deprecated and may be removed in future Ray releases. You could suppress this warning by setting env variable PYTHONWARNINGS="ignore::DeprecationWarning"
`UnifiedLogger` will be removed in Ray 2.7.
  return UnifiedLogger(config, logdir, loggers=None)
/home/wj/anaconda3/envs/ros2/lib/python3.10/site-packages/ray/tune/logger/unified.py:53: RayDeprecationWarning: This API is deprecated and may be removed in future Ray releases. You could suppress this warning by setting env variable PYTHONWARNINGS="ignore::DeprecationWarning"
The `JsonLogger interface is deprecated in favor of the `ray.tune.json.JsonLoggerCallback` interface and will be removed in Ray 2.7.
  self._loggers.append(cls(self.config, self.logdir, self.trial))
/home/wj/anaconda3/envs/ros2/lib/python3.10/site-packages/ray/tune/logger/unified.py:53: RayDeprecationWarning: This API is deprecated and may be removed in future Ray releases. You could suppress this warning by setting env variable PYTHONWARNINGS="ignore::DeprecationWarning"
The `CSVLogger interface is deprecated in favor of the `ray.tune.csv.CSVLoggerCallback` interface and will be removed in Ray 2.7.
  self._loggers.append(cls(self.config, self.logdir, self.trial))
/home/wj/anaconda3/envs/ros2/lib/python3.10/site-packages/ray/tune/logger/unified.py:53: RayDeprecationWarning: This API is deprecated and may be removed in future Ray releases. You could suppress this warning by setting env variable PYTHONWARNINGS="ignore::DeprecationWarning"
The `TBXLogger interface is deprecated in favor of the `ray.tune.tensorboardx.TBXLoggerCallback` interface and will be removed in Ray 2.7.
  self._loggers.append(cls(self.config, self.logdir, self.trial))
[2026-04-28 16:09:23,950 E 1640240 1640240] core_worker.cc:2232: Actor with class name: 'RolloutWorker' and ID: 'e1c7fca30907496c2d9a59db01000000' has constructor arguments in the object store and max_restarts > 0. If the arguments in the object store go out of scope or are lost, the actor restart will fail. See https://github.com/ray-project/ray/issues/53727 for more details.
[36m(RolloutWorker pid=1642079)[0m [INFO] [1777363768.366398245] [gym_env_robot_0_53930]: ✅ 路径可视化器已启动，路径话题: /waypoint_markers, tracking话题: /rolling_subgoal_markers
[36m(RolloutWorker pid=1642079)[0m [INFO] [1777363768.405766221] [gym_env_robot_1_67043]: ✅ 路径可视化器已启动，路径话题: /waypoint_markers, tracking话题: /rolling_subgoal_markers
[36m(RolloutWorker pid=1642079)[0m [INFO] [1777363768.434239198] [gym_env_robot_2_70508]: ✅ 路径可视化器已启动，路径话题: /waypoint_markers, tracking话题: /rolling_subgoal_markers
[36m(RolloutWorker pid=1642079)[0m [INFO] [1777363768.465962180] [gym_env_robot_3_74895]: ✅ 路径可视化器已启动，路径话题: /waypoint_markers, tracking话题: /rolling_subgoal_markers
[INFO] [1777363770.452221926] [gym_env_robot_0_19748]: ✅ 路径可视化器已启动，路径话题: /waypoint_markers, tracking话题: /rolling_subgoal_markers
[INFO] [1777363770.493828263] [gym_env_robot_1_54141]: ✅ 路径可视化器已启动，路径话题: /waypoint_markers, tracking话题: /rolling_subgoal_markers
[INFO] [1777363770.520796375] [gym_env_robot_2_75489]: ✅ 路径可视化器已启动，路径话题: /waypoint_markers, tracking话题: /rolling_subgoal_markers
[INFO] [1777363770.555022056] [gym_env_robot_3_35305]: ✅ 路径可视化器已启动，路径话题: /waypoint_markers, tracking话题: /rolling_subgoal_markers
2026-04-28 16:09:32,940	WARNING util.py:62 -- Install gputil for GPU system monitoring.
================================================================================
🚀 GNN-MAPPO 课程学习训练  [局部风险注意力 (通信版 token)]
================================================================================
  环境阶段:     3 · Stage 3 · 慢速动态障碍
  机器人数量:   4
  通信范围:     3.5 m
  并行Workers:  1
  采样设置:     timeout=1200s fragment=1000 mode=truncate_episodes
  训练步数:     300,000
  动作模式:     continuous
  PPO配置:      continuous_baseline  (clip=0.05, ent=0.005, mb=512, epochs=10)
  GAT Actor:    local_risk  bias=2.50
  GAT Critic:   mlp
  需要环境:     ros2 launch start_rl_environment_tb3 main.launch.py map_number:=6 robot_number:=4 num_obstacles:=6 obs_speed_scale:=0.9
  通信设置:     perfect_comm  (dropout=0%, latency=0, jitter=0, noise=0.00)
  冲突路线:     mode=mixed prob=0.75
================================================================================

🎯 局部风险图注意力：不依赖通信，直接训练 actor 的风险关注模式...

[36m(RolloutWorker pid=1642079)[0m 🤖 环境初始化: Namespace='/tb3_0', ModelName='tb3_0'
[36m(RolloutWorker pid=1642079)[0m ✅ Map 6: 预计算安全 spawn 点 11100 个 (clearance=0.40m)
[36m(RolloutWorker pid=1642079)[0m ✅ Robot 0: A*规划器初始化完成
[36m(RolloutWorker pid=1642079)[0m 🤖 环境初始化: Namespace='/tb3_1', ModelName='tb3_1'
[36m(RolloutWorker pid=1642079)[0m ✅ Map 6: 预计算安全 spawn 点 11100 个 (clearance=0.40m)
[36m(RolloutWorker pid=1642079)[0m ✅ Robot 1: A*规划器初始化完成
[36m(RolloutWorker pid=1642079)[0m 🤖 环境初始化: Namespace='/tb3_2', ModelName='tb3_2'
[36m(RolloutWorker pid=1642079)[0m ✅ Map 6: 预计算安全 spawn 点 11100 个 (clearance=0.40m)
[36m(RolloutWorker pid=1642079)[0m ✅ Robot 2: A*规划器初始化完成
[36m(RolloutWorker pid=1642079)[0m 🤖 环境初始化: Namespace='/tb3_3', ModelName='tb3_3'
[36m(RolloutWorker pid=1642079)[0m ✅ Map 6: 预计算安全 spawn 点 11100 个 (clearance=0.40m)
[36m(RolloutWorker pid=1642079)[0m ✅ Robot 3: A*规划器初始化完成
🤖 环境初始化: Namespace='/tb3_0', ModelName='tb3_0'
✅ Map 6: 预计算安全 spawn 点 11100 个 (clearance=0.40m)
✅ Robot 0: A*规划器初始化完成
🤖 环境初始化: Namespace='/tb3_1', ModelName='tb3_1'
✅ Map 6: 预计算安全 spawn 点 11100 个 (clearance=0.40m)
✅ Robot 1: A*规划器初始化完成
🤖 环境初始化: Namespace='/tb3_2', ModelName='tb3_2'
✅ Map 6: 预计算安全 spawn 点 11100 个 (clearance=0.40m)
✅ Robot 2: A*规划器初始化完成
🤖 环境初始化: Namespace='/tb3_3', ModelName='tb3_3'
✅ Map 6: 预计算安全 spawn 点 11100 个 (clearance=0.40m)
✅ Robot 3: A*规划器初始化完成
[36m(RolloutWorker pid=1642079)[0m [graph] step=   0  comm_range=3.5m
[36m(RolloutWorker pid=1642079)[0m   robot_0 pos=(-0.450, 2.050) status=active
[36m(RolloutWorker pid=1642079)[0m     adj=[1  0  0  1]  dist=[ 0.00   3.83   5.88   2.60]  neighbors=[3]
[36m(RolloutWorker pid=1642079)[0m   robot_1 pos=(-3.350,-0.450) status=active
[36m(RolloutWorker pid=1642079)[0m     adj=[0  1  0  1]  dist=[ 3.83   0.00   8.66   1.62]  neighbors=[3]
[36m(RolloutWorker pid=1642079)[0m   robot_2 pos=( 5.250, 0.600) status=active
[36m(RolloutWorker pid=1642079)[0m     adj=[0  0  1  0]  dist=[ 5.88   8.66   0.00   7.05]  neighbors=[]
[36m(RolloutWorker pid=1642079)[0m   robot_3 pos=(-1.750,-0.200) status=active
[36m(RolloutWorker pid=1642079)[0m     adj=[1  1  0  1]  dist=[ 2.60   1.62   7.05   0.00]  neighbors=[0, 1]
[36m(RolloutWorker pid=1642079)[0m [comm] step=   0  agent_0  my_pos=(-0.450,2.050)  received=1
[36m(RolloutWorker pid=1642079)[0m     slot[0] neighbor=agent_3 dist=2.599m  n_pos=(-1.750,-0.200)  rel_pos=(-1.300,-2.250)
[36m(RolloutWorker pid=1642079)[0m [comm] step=   0  agent_1  my_pos=(-3.350,-0.450)  received=1
[36m(RolloutWorker pid=1642079)[0m     slot[0] neighbor=agent_3 dist=1.619m  n_pos=(-1.750,-0.200)  rel_pos=(1.600,0.250)
[36m(RolloutWorker pid=1642079)[0m [comm] step=   0  agent_2  my_pos=(5.250,0.600)  received=0
[36m(RolloutWorker pid=1642079)[0m     (无有效邻居: 范围外/丢包/延迟填零)
[36m(RolloutWorker pid=1642079)[0m [comm] step=   0  agent_3  my_pos=(-1.750,-0.200)  received=2
[36m(RolloutWorker pid=1642079)[0m     slot[0] neighbor=agent_1 dist=1.619m  n_pos=(-3.350,-0.450)  rel_pos=(-1.600,-0.250)
[36m(RolloutWorker pid=1642079)[0m     slot[1] neighbor=agent_0 dist=2.599m  n_pos=(-0.450,2.050)  rel_pos=(1.300,2.250)
[36m(RolloutWorker pid=1642079)[0m [graph] step=   1  comm_range=3.5m
[36m(RolloutWorker pid=1642079)[0m   robot_0 pos=(-0.450, 2.050) status=active
[36m(RolloutWorker pid=1642079)[0m     adj=[1  0  0  1]  dist=[ 0.00   3.74   5.88   2.60]  neighbors=[3]
[36m(RolloutWorker pid=1642079)[0m   robot_1 pos=(-3.362,-0.299) status=active
[36m(RolloutWorker pid=1642079)[0m     adj=[0  1  0  1]  dist=[ 3.74   0.00   8.66   1.61]  neighbors=[3]
[36m(RolloutWorker pid=1642079)[0m   robot_2 pos=( 5.250, 0.600) status=active
[36m(RolloutWorker pid=1642079)[0m     adj=[0  0  1  0]  dist=[ 5.88   8.66   0.00   7.05]  neighbors=[]
[36m(RolloutWorker pid=1642079)[0m   robot_3 pos=(-1.750,-0.200) status=active
[36m(RolloutWorker pid=1642079)[0m     adj=[1  1  0  1]  dist=[ 2.60   1.61   7.05   0.00]  neighbors=[0, 1]
[36m(RolloutWorker pid=1642079)[0m [comm] step=   1  agent_0  my_pos=(-0.450,2.050)  received=1
[36m(RolloutWorker pid=1642079)[0m     slot[0] neighbor=agent_3 dist=2.599m  n_pos=(-1.750,-0.200)  rel_pos=(-1.300,-2.250)
[36m(RolloutWorker pid=1642079)[0m [comm] step=   1  agent_1  my_pos=(-3.362,-0.299)  received=1
[36m(RolloutWorker pid=1642079)[0m     slot[0] neighbor=agent_3 dist=1.615m  n_pos=(-1.750,-0.200)  rel_pos=(1.612,0.099)
[36m(RolloutWorker pid=1642079)[0m [comm] step=   1  agent_2  my_pos=(5.250,0.600)  received=0
[36m(RolloutWorker pid=1642079)[0m     (无有效邻居: 范围外/丢包/延迟填零)
[36m(RolloutWorker pid=1642079)[0m [comm] step=   1  agent_3  my_pos=(-1.750,-0.200)  received=2
[36m(RolloutWorker pid=1642079)[0m     slot[0] neighbor=agent_1 dist=1.615m  n_pos=(-3.362,-0.299)  rel_pos=(-1.612,-0.099)
[36m(RolloutWorker pid=1642079)[0m     slot[1] neighbor=agent_0 dist=2.599m  n_pos=(-0.450,2.050)  rel_pos=(1.300,2.250)
[36m(RolloutWorker pid=1642079)[0m [graph] step=   2  comm_range=3.5m
[36m(RolloutWorker pid=1642079)[0m   robot_0 pos=(-0.451, 2.049) status=active
[36m(RolloutWorker pid=1642079)[0m     adj=[1  0  0  1]  dist=[ 0.00   3.72   5.88   2.60]  neighbors=[3]
[36m(RolloutWorker pid=1642079)[0m   robot_1 pos=(-3.356,-0.278) status=inactive
[36m(RolloutWorker pid=1642079)[0m     adj=[0  0  0  0]  dist=[ 3.72   0.00   8.65   1.61]  neighbors=[]
[36m(RolloutWorker pid=1642079)[0m   robot_2 pos=( 5.250, 0.600) status=active
[36m(RolloutWorker pid=1642079)[0m     adj=[0  0  1  0]  dist=[ 5.88   8.65   0.00   7.05]  neighbors=[]
[36m(RolloutWorker pid=1642079)[0m   robot_3 pos=(-1.751,-0.200) status=active
[36m(RolloutWorker pid=1642079)[0m     adj=[1  0  0  1]  dist=[ 2.60   1.61   7.05   0.00]  neighbors=[0]
[36m(RolloutWorker pid=1642079)[0m [comm] step=   2  agent_0  my_pos=(-0.451,2.049)  received=1
[36m(RolloutWorker pid=1642079)[0m     slot[0] neighbor=agent_3 dist=2.598m  n_pos=(-1.751,-0.200)  rel_pos=(-1.300,-2.249)
[36m(RolloutWorker pid=1642079)[0m [comm] step=   2  agent_1  my_pos=(-3.356,-0.278)  received=0
[36m(RolloutWorker pid=1642079)[0m     (无有效邻居: 范围外/丢包/延迟填零)
[36m(RolloutWorker pid=1642079)[0m [comm] step=   2  agent_2  my_pos=(5.250,0.600)  received=0
[36m(RolloutWorker pid=1642079)[0m     (无有效邻居: 范围外/丢包/延迟填零)
[36m(RolloutWorker pid=1642079)[0m [comm] step=   2  agent_3  my_pos=(-1.751,-0.200)  received=1
[36m(RolloutWorker pid=1642079)[0m     slot[0] neighbor=agent_0 dist=2.598m  n_pos=(-0.451,2.049)  rel_pos=(1.300,2.249)
[36m(RolloutWorker pid=1642079)[0m [graph] step=   3  comm_range=3.5m
[36m(RolloutWorker pid=1642079)[0m   robot_0 pos=(-0.448, 2.051) status=active
[36m(RolloutWorker pid=1642079)[0m     adj=[1  0  0  1]  dist=[ 0.00   3.73   5.88   2.60]  neighbors=[3]
[36m(RolloutWorker pid=1642079)[0m   robot_1 pos=(-3.356,-0.278) status=inactive
[36m(RolloutWorker pid=1642079)[0m     adj=[0  0  0  0]  dist=[ 3.73   0.00   8.65   1.60]  neighbors=[]
[36m(RolloutWorker pid=1642079)[0m   robot_2 pos=( 5.250, 0.595) status=active
[36m(RolloutWorker pid=1642079)[0m     adj=[0  0  1  0]  dist=[ 5.88   8.65   0.00   7.05]  neighbors=[]
[36m(RolloutWorker pid=1642079)[0m   robot_3 pos=(-1.755,-0.200) status=active
[36m(RolloutWorker pid=1642079)[0m     adj=[1  0  0  1]  dist=[ 2.60   1.60   7.05   0.00]  neighbors=[0]
[36m(RolloutWorker pid=1642079)[0m [comm] step=   3  agent_0  my_pos=(-0.448,2.051)  received=1
[36m(RolloutWorker pid=1642079)[0m     slot[0] neighbor=agent_3 dist=2.603m  n_pos=(-1.755,-0.200)  rel_pos=(-1.307,-2.251)
[36m(RolloutWorker pid=1642079)[0m [comm] step=   3  agent_2  my_pos=(5.250,0.595)  received=0
[36m(RolloutWorker pid=1642079)[0m     (无有效邻居: 范围外/丢包/延迟填零)
[36m(RolloutWorker pid=1642079)[0m [comm] step=   3  agent_3  my_pos=(-1.755,-0.200)  received=1
[36m(RolloutWorker pid=1642079)[0m     slot[0] neighbor=agent_0 dist=2.603m  n_pos=(-0.448,2.051)  rel_pos=(1.307,2.251)
[36m(RolloutWorker pid=1642079)[0m 
[36m(RolloutWorker pid=1642079)[0m ============================================================
[36m(RolloutWorker pid=1642079)[0m 🏁 Episode 结束 (all_finished)
[36m(RolloutWorker pid=1642079)[0m    步数: 557/2500
[36m(RolloutWorker pid=1642079)[0m    已结束: 4/4
[36m(RolloutWorker pid=1642079)[0m ============================================================
[36m(RolloutWorker pid=1642079)[0m 
[36m(RolloutWorker pid=1642079)[0m [graph] step=   0  comm_range=3.5m
[36m(RolloutWorker pid=1642079)[0m   robot_0 pos=( 0.000,-4.800) status=active
[36m(RolloutWorker pid=1642079)[0m     adj=[1  0  0  0]  dist=[ 0.00   7.38   7.38   9.60]  neighbors=[]
[36m(RolloutWorker pid=1642079)[0m   robot_1 pos=(-4.800, 0.800) status=active
[36m(RolloutWorker pid=1642079)[0m     adj=[0  1  0  0]  dist=[ 7.38   0.00   9.60   6.25]  neighbors=[]
[36m(RolloutWorker pid=1642079)[0m   robot_2 pos=( 4.800, 0.800) status=active
[36m(RolloutWorker pid=1642079)[0m     adj=[0  0  1  0]  dist=[ 7.38   9.60   0.00   6.25]  neighbors=[]
[36m(RolloutWorker pid=1642079)[0m   robot_3 pos=( 0.000, 4.800) status=active
[36m(RolloutWorker pid=1642079)[0m     adj=[0  0  0  1]  dist=[ 9.60   6.25   6.25   0.00]  neighbors=[]
[36m(RolloutWorker pid=1642079)[0m [comm] step=   0  agent_0  my_pos=(0.000,-4.800)  received=0
[36m(RolloutWorker pid=1642079)[0m     (无有效邻居: 范围外/丢包/延迟填零)
[36m(RolloutWorker pid=1642079)[0m [comm] step=   0  agent_1  my_pos=(-4.800,0.800)  received=0
[36m(RolloutWorker pid=1642079)[0m     (无有效邻居: 范围外/丢包/延迟填零)
[36m(RolloutWorker pid=1642079)[0m [comm] step=   0  agent_2  my_pos=(4.800,0.800)  received=0
[36m(RolloutWorker pid=1642079)[0m     (无有效邻居: 范围外/丢包/延迟填零)
[36m(RolloutWorker pid=1642079)[0m [comm] step=   0  agent_3  my_pos=(0.000,4.800)  received=0
[36m(RolloutWorker pid=1642079)[0m     (无有效邻居: 范围外/丢包/延迟填零)
[36m(RolloutWorker pid=1642079)[0m [graph] step=   1  comm_range=3.5m
[36m(RolloutWorker pid=1642079)[0m   robot_0 pos=( 0.000,-4.800) status=active
[36m(RolloutWorker pid=1642079)[0m     adj=[1  0  0  0]  dist=[ 0.00   7.38   7.38   9.60]  neighbors=[]
[36m(RolloutWorker pid=1642079)[0m   robot_1 pos=(-4.800, 0.800) status=active
[36m(RolloutWorker pid=1642079)[0m     adj=[0  1  0  0]  dist=[ 7.38   0.00   9.60   6.25]  neighbors=[]
[36m(RolloutWorker pid=1642079)[0m   robot_2 pos=( 4.800, 0.800) status=active
[36m(RolloutWorker pid=1642079)[0m     adj=[0  0  1  0]  dist=[ 7.38   9.60   0.00   6.25]  neighbors=[]
[36m(RolloutWorker pid=1642079)[0m   robot_3 pos=(-0.000, 4.800) status=active
[36m(RolloutWorker pid=1642079)[0m     adj=[0  0  0  1]  dist=[ 9.60   6.25   6.25   0.00]  neighbors=[]
[36m(RolloutWorker pid=1642079)[0m [comm] step=   1  agent_0  my_pos=(0.000,-4.800)  received=0
[36m(RolloutWorker pid=1642079)[0m     (无有效邻居: 范围外/丢包/延迟填零)
[36m(RolloutWorker pid=1642079)[0m [comm] step=   1  agent_1  my_pos=(-4.800,0.800)  received=0
[36m(RolloutWorker pid=1642079)[0m     (无有效邻居: 范围外/丢包/延迟填零)
[36m(RolloutWorker pid=1642079)[0m [comm] step=   1  agent_2  my_pos=(4.800,0.800)  received=0
[36m(RolloutWorker pid=1642079)[0m     (无有效邻居: 范围外/丢包/延迟填零)
[36m(RolloutWorker pid=1642079)[0m [comm] step=   1  agent_3  my_pos=(-0.000,4.800)  received=0
[36m(RolloutWorker pid=1642079)[0m     (无有效邻居: 范围外/丢包/延迟填零)
[36m(RolloutWorker pid=1642079)[0m [graph] step=   2  comm_range=3.5m
[36m(RolloutWorker pid=1642079)[0m   robot_0 pos=(-0.001,-4.800) status=active
[36m(RolloutWorker pid=1642079)[0m     adj=[1  0  0  0]  dist=[ 0.00   7.37   7.38   9.60]  neighbors=[]
[36m(RolloutWorker pid=1642079)[0m   robot_1 pos=(-4.800, 0.799) status=active
[36m(RolloutWorker pid=1642079)[0m     adj=[0  1  0  0]  dist=[ 7.37   0.00   9.60   6.25]  neighbors=[]
[36m(RolloutWorker pid=1642079)[0m   robot_2 pos=( 4.798, 0.803) status=active
[36m(RolloutWorker pid=1642079)[0m     adj=[0  0  1  0]  dist=[ 7.38   9.60   0.00   6.25]  neighbors=[]
[36m(RolloutWorker pid=1642079)[0m   robot_3 pos=(-0.001, 4.801) status=active
[36m(RolloutWorker pid=1642079)[0m     adj=[0  0  0  1]  dist=[ 9.60   6.25   6.25   0.00]  neighbors=[]
[36m(RolloutWorker pid=1642079)[0m [comm] step=   2  agent_0  my_pos=(-0.001,-4.800)  received=0
[36m(RolloutWorker pid=1642079)[0m     (无有效邻居: 范围外/丢包/延迟填零)
[36m(RolloutWorker pid=1642079)[0m [comm] step=   2  agent_1  my_pos=(-4.800,0.799)  received=0
[36m(RolloutWorker pid=1642079)[0m     (无有效邻居: 范围外/丢包/延迟填零)
[36m(RolloutWorker pid=1642079)[0m [comm] step=   2  agent_2  my_pos=(4.798,0.803)  received=0
[36m(RolloutWorker pid=1642079)[0m     (无有效邻居: 范围外/丢包/延迟填零)
[36m(RolloutWorker pid=1642079)[0m [comm] step=   2  agent_3  my_pos=(-0.001,4.801)  received=0
[36m(RolloutWorker pid=1642079)[0m     (无有效邻居: 范围外/丢包/延迟填零)
[36m(RolloutWorker pid=1642079)[0m [graph] step=   3  comm_range=3.5m
[36m(RolloutWorker pid=1642079)[0m   robot_0 pos=(-0.009,-4.801) status=active
[36m(RolloutWorker pid=1642079)[0m     adj=[1  0  0  0]  dist=[ 0.00   7.37   7.38   9.60]  neighbors=[]
[36m(RolloutWorker pid=1642079)[0m   robot_1 pos=(-4.800, 0.797) status=active
[36m(RolloutWorker pid=1642079)[0m     adj=[0  1  0  0]  dist=[ 7.37   0.00   9.60   6.25]  neighbors=[]
[36m(RolloutWorker pid=1642079)[0m   robot_2 pos=( 4.795, 0.807) status=active
[36m(RolloutWorker pid=1642079)[0m     adj=[0  0  1  0]  dist=[ 7.38   9.60   0.00   6.24]  neighbors=[]
[36m(RolloutWorker pid=1642079)[0m   robot_3 pos=(-0.001, 4.801) status=active
[36m(RolloutWorker pid=1642079)[0m     adj=[0  0  0  1]  dist=[ 9.60   6.25   6.24   0.00]  neighbors=[]
[36m(RolloutWorker pid=1642079)[0m [comm] step=   3  agent_0  my_pos=(-0.009,-4.801)  received=0
[36m(RolloutWorker pid=1642079)[0m     (无有效邻居: 范围外/丢包/延迟填零)
[36m(RolloutWorker pid=1642079)[0m [comm] step=   3  agent_1  my_pos=(-4.800,0.797)  received=0
[36m(RolloutWorker pid=1642079)[0m     (无有效邻居: 范围外/丢包/延迟填零)
[36m(RolloutWorker pid=1642079)[0m [comm] step=   3  agent_2  my_pos=(4.795,0.807)  received=0
[36m(RolloutWorker pid=1642079)[0m     (无有效邻居: 范围外/丢包/延迟填零)
[36m(RolloutWorker pid=1642079)[0m [comm] step=   3  agent_3  my_pos=(-0.001,4.801)  received=0
[36m(RolloutWorker pid=1642079)[0m     (无有效邻居: 范围外/丢包/延迟填零)
[36m(RolloutWorker pid=1642079)[0m 
[36m(RolloutWorker pid=1642079)[0m ============================================================
[36m(RolloutWorker pid=1642079)[0m 🏁 Episode 结束 (all_finished)
[36m(RolloutWorker pid=1642079)[0m    步数: 1517/2500
[36m(RolloutWorker pid=1642079)[0m    已结束: 4/4
[36m(RolloutWorker pid=1642079)[0m ============================================================
[36m(RolloutWorker pid=1642079)[0m 
[36m(RolloutWorker pid=1642079)[0m [graph] step=   0  comm_range=3.5m
[36m(RolloutWorker pid=1642079)[0m   robot_0 pos=(-4.800, 0.800) status=active
[36m(RolloutWorker pid=1642079)[0m     adj=[1  0  0  0]  dist=[ 0.00   9.60   6.25   7.38]  neighbors=[]
[36m(RolloutWorker pid=1642079)[0m   robot_1 pos=( 4.800, 0.800) status=active
[36m(RolloutWorker pid=1642079)[0m     adj=[0  1  0  0]  dist=[ 9.60   0.00   6.25   7.38]  neighbors=[]
[36m(RolloutWorker pid=1642079)[0m   robot_2 pos=( 0.000, 4.800) status=active
[36m(RolloutWorker pid=1642079)[0m     adj=[0  0  1  0]  dist=[ 6.25   6.25   0.00   9.60]  neighbors=[]
[36m(RolloutWorker pid=1642079)[0m   robot_3 pos=( 0.000,-4.800) status=active
[36m(RolloutWorker pid=1642079)[0m     adj=[0  0  0  1]  dist=[ 7.38   7.38   9.60   0.00]  neighbors=[]
[36m(RolloutWorker pid=1642079)[0m [comm] step=   0  agent_0  my_pos=(-4.800,0.800)  received=0
[36m(RolloutWorker pid=1642079)[0m     (无有效邻居: 范围外/丢包/延迟填零)
[36m(RolloutWorker pid=1642079)[0m [comm] step=   0  agent_1  my_pos=(4.800,0.800)  received=0
[36m(RolloutWorker pid=1642079)[0m     (无有效邻居: 范围外/丢包/延迟填零)
[36m(RolloutWorker pid=1642079)[0m [comm] step=   0  agent_2  my_pos=(0.000,4.800)  received=0
[36m(RolloutWorker pid=1642079)[0m     (无有效邻居: 范围外/丢包/延迟填零)
[36m(RolloutWorker pid=1642079)[0m [comm] step=   0  agent_3  my_pos=(0.000,-4.800)  received=0
[36m(RolloutWorker pid=1642079)[0m     (无有效邻居: 范围外/丢包/延迟填零)
[36m(RolloutWorker pid=1642079)[0m [graph] step=   1  comm_range=3.5m
[36m(RolloutWorker pid=1642079)[0m   robot_0 pos=(-4.800, 0.800) status=active
[36m(RolloutWorker pid=1642079)[0m     adj=[1  0  0  0]  dist=[ 0.00   9.60   6.25   7.38]  neighbors=[]
[36m(RolloutWorker pid=1642079)[0m   robot_1 pos=( 4.800, 0.800) status=active
[36m(RolloutWorker pid=1642079)[0m     adj=[0  1  0  0]  dist=[ 9.60   0.00   6.25   7.38]  neighbors=[]
[36m(RolloutWorker pid=1642079)[0m   robot_2 pos=( 0.000, 4.800) status=active
[36m(RolloutWorker pid=1642079)[0m     adj=[0  0  1  0]  dist=[ 6.25   6.25   0.00   9.60]  neighbors=[]
[36m(RolloutWorker pid=1642079)[0m   robot_3 pos=( 0.000,-4.800) status=active
[36m(RolloutWorker pid=1642079)[0m     adj=[0  0  0  1]  dist=[ 7.38   7.38   9.60   0.00]  neighbors=[]
[36m(RolloutWorker pid=1642079)[0m [comm] step=   1  agent_0  my_pos=(-4.800,0.800)  received=0
[36m(RolloutWorker pid=1642079)[0m     (无有效邻居: 范围外/丢包/延迟填零)
[36m(RolloutWorker pid=1642079)[0m [comm] step=   1  agent_1  my_pos=(4.800,0.800)  received=0
[36m(RolloutWorker pid=1642079)[0m     (无有效邻居: 范围外/丢包/延迟填零)
[36m(RolloutWorker pid=1642079)[0m [comm] step=   1  agent_2  my_pos=(0.000,4.800)  received=0
[36m(RolloutWorker pid=1642079)[0m     (无有效邻居: 范围外/丢包/延迟填零)
[36m(RolloutWorker pid=1642079)[0m [comm] step=   1  agent_3  my_pos=(0.000,-4.800)  received=0
[36m(RolloutWorker pid=1642079)[0m     (无有效邻居: 范围外/丢包/延迟填零)
[36m(RolloutWorker pid=1642079)[0m [graph] step=   2  comm_range=3.5m
[36m(RolloutWorker pid=1642079)[0m   robot_0 pos=(-4.802, 0.800) status=active
[36m(RolloutWorker pid=1642079)[0m     adj=[1  0  0  0]  dist=[ 0.00   9.60   6.25   7.38]  neighbors=[]
[36m(RolloutWorker pid=1642079)[0m   robot_1 pos=( 4.800, 0.800) status=active
[36m(RolloutWorker pid=1642079)[0m     adj=[0  1  0  0]  dist=[ 9.60   0.00   6.25   7.38]  neighbors=[]
[36m(RolloutWorker pid=1642079)[0m   robot_2 pos=( 0.003, 4.802) status=active
[36m(RolloutWorker pid=1642079)[0m     adj=[0  0  1  0]  dist=[ 6.25   6.25   0.00   9.60]  neighbors=[]
[36m(RolloutWorker pid=1642079)[0m   robot_3 pos=(-0.001,-4.800) status=active
[36m(RolloutWorker pid=1642079)[0m     adj=[0  0  0  1]  dist=[ 7.38   7.38   9.60   0.00]  neighbors=[]
[36m(RolloutWorker pid=1642079)[0m [comm] step=   2  agent_0  my_pos=(-4.802,0.800)  received=0
[36m(RolloutWorker pid=1642079)[0m     (无有效邻居: 范围外/丢包/延迟填零)
[36m(RolloutWorker pid=1642079)[0m [comm] step=   2  agent_1  my_pos=(4.800,0.800)  received=0
[36m(RolloutWorker pid=1642079)[0m     (无有效邻居: 范围外/丢包/延迟填零)
[36m(RolloutWorker pid=1642079)[0m [comm] step=   2  agent_2  my_pos=(0.003,4.802)  received=0
[36m(RolloutWorker pid=1642079)[0m     (无有效邻居: 范围外/丢包/延迟填零)
[36m(RolloutWorker pid=1642079)[0m [comm] step=   2  agent_3  my_pos=(-0.001,-4.800)  received=0
[36m(RolloutWorker pid=1642079)[0m     (无有效邻居: 范围外/丢包/延迟填零)
[36m(RolloutWorker pid=1642079)[0m [graph] step=   3  comm_range=3.5m
[36m(RolloutWorker pid=1642079)[0m   robot_0 pos=(-4.805, 0.801) status=active
[36m(RolloutWorker pid=1642079)[0m     adj=[1  0  0  0]  dist=[ 0.00   9.61   6.26   7.38]  neighbors=[]
[36m(RolloutWorker pid=1642079)[0m   robot_1 pos=( 4.800, 0.803) status=active
[36m(RolloutWorker pid=1642079)[0m     adj=[0  1  0  0]  dist=[ 9.61   0.00   6.25   7.38]  neighbors=[]
[36m(RolloutWorker pid=1642079)[0m   robot_2 pos=( 0.008, 4.807) status=active
[36m(RolloutWorker pid=1642079)[0m     adj=[0  0  1  0]  dist=[ 6.26   6.25   0.00   9.61]  neighbors=[]
[36m(RolloutWorker pid=1642079)[0m   robot_3 pos=( 0.001,-4.800) status=active
[36m(RolloutWorker pid=1642079)[0m     adj=[0  0  0  1]  dist=[ 7.38   7.38   9.61   0.00]  neighbors=[]
[36m(RolloutWorker pid=1642079)[0m [comm] step=   3  agent_0  my_pos=(-4.805,0.801)  received=0
[36m(RolloutWorker pid=1642079)[0m     (无有效邻居: 范围外/丢包/延迟填零)
[36m(RolloutWorker pid=1642079)[0m [comm] step=   3  agent_1  my_pos=(4.800,0.803)  received=0
[36m(RolloutWorker pid=1642079)[0m     (无有效邻居: 范围外/丢包/延迟填零)
[36m(RolloutWorker pid=1642079)[0m [comm] step=   3  agent_2  my_pos=(0.008,4.807)  received=0
[36m(RolloutWorker pid=1642079)[0m     (无有效邻居: 范围外/丢包/延迟填零)
[36m(RolloutWorker pid=1642079)[0m [comm] step=   3  agent_3  my_pos=(0.001,-4.800)  received=0
[36m(RolloutWorker pid=1642079)[0m     (无有效邻居: 范围外/丢包/延迟填零)
[36m(RolloutWorker pid=1642079)[0m 
[36m(RolloutWorker pid=1642079)[0m ============================================================
[36m(RolloutWorker pid=1642079)[0m 🏁 Episode 结束 (all_finished)
[36m(RolloutWorker pid=1642079)[0m    步数: 506/2500
[36m(RolloutWorker pid=1642079)[0m    已结束: 4/4
[36m(RolloutWorker pid=1642079)[0m ============================================================
[36m(RolloutWorker pid=1642079)[0m 
[36m(RolloutWorker pid=1642079)[0m [graph] step=   0  comm_range=3.5m
[36m(RolloutWorker pid=1642079)[0m   robot_0 pos=( 0.950,-2.950) status=active
[36m(RolloutWorker pid=1642079)[0m     adj=[1  0  1  0]  dist=[ 0.00   5.22   2.04   4.37]  neighbors=[2]
[36m(RolloutWorker pid=1642079)[0m   robot_1 pos=( 5.150, 0.150) status=active
[36m(RolloutWorker pid=1642079)[0m     adj=[0  1  0  0]  dist=[ 5.22   0.00   6.97   6.96]  neighbors=[]
[36m(RolloutWorker pid=1642079)[0m   robot_2 pos=( 0.350,-4.900) status=active
[36m(RolloutWorker pid=1642079)[0m     adj=[1  0  1  0]  dist=[ 2.04   6.97   0.00   5.77]  neighbors=[0]
[36m(RolloutWorker pid=1642079)[0m   robot_3 pos=(-1.800, 0.450) status=active
[36m(RolloutWorker pid=1642079)[0m     adj=[0  0  0  1]  dist=[ 4.37   6.96   5.77   0.00]  neighbors=[]
[36m(RolloutWorker pid=1642079)[0m [comm] step=   0  agent_0  my_pos=(0.950,-2.950)  received=1
[36m(RolloutWorker pid=1642079)[0m     slot[0] neighbor=agent_2 dist=2.040m  n_pos=(0.350,-4.900)  rel_pos=(-0.600,-1.950)
[36m(RolloutWorker pid=1642079)[0m [comm] step=   0  agent_1  my_pos=(5.150,0.150)  received=0
[36m(RolloutWorker pid=1642079)[0m     (无有效邻居: 范围外/丢包/延迟填零)
[36m(RolloutWorker pid=1642079)[0m [comm] step=   0  agent_2  my_pos=(0.350,-4.900)  received=1
[36m(RolloutWorker pid=1642079)[0m     slot[0] neighbor=agent_0 dist=2.040m  n_pos=(0.950,-2.950)  rel_pos=(0.600,1.950)
[36m(RolloutWorker pid=1642079)[0m [comm] step=   0  agent_3  my_pos=(-1.800,0.450)  received=0
[36m(RolloutWorker pid=1642079)[0m     (无有效邻居: 范围外/丢包/延迟填零)
[36m(RolloutWorker pid=1642079)[0m [graph] step=   1  comm_range=3.5m
[36m(RolloutWorker pid=1642079)[0m   robot_0 pos=( 0.950,-2.950) status=active
[36m(RolloutWorker pid=1642079)[0m     adj=[1  0  1  0]  dist=[ 0.00   5.22   2.04   4.37]  neighbors=[2]
[36m(RolloutWorker pid=1642079)[0m   robot_1 pos=( 5.150, 0.150) status=active
[36m(RolloutWorker pid=1642079)[0m     adj=[0  1  0  0]  dist=[ 5.22   0.00   6.97   6.96]  neighbors=[]
[36m(RolloutWorker pid=1642079)[0m   robot_2 pos=( 0.350,-4.900) status=active
[36m(RolloutWorker pid=1642079)[0m     adj=[1  0  1  0]  dist=[ 2.04   6.97   0.00   5.77]  neighbors=[0]
[36m(RolloutWorker pid=1642079)[0m   robot_3 pos=(-1.800, 0.450) status=active
[36m(RolloutWorker pid=1642079)[0m     adj=[0  0  0  1]  dist=[ 4.37   6.96   5.77   0.00]  neighbors=[]
[36m(RolloutWorker pid=1642079)[0m [comm] step=   1  agent_0  my_pos=(0.950,-2.950)  received=1
[36m(RolloutWorker pid=1642079)[0m     slot[0] neighbor=agent_2 dist=2.040m  n_pos=(0.350,-4.900)  rel_pos=(-0.600,-1.950)
[36m(RolloutWorker pid=1642079)[0m [comm] step=   1  agent_1  my_pos=(5.150,0.150)  received=0
[36m(RolloutWorker pid=1642079)[0m     (无有效邻居: 范围外/丢包/延迟填零)
[36m(RolloutWorker pid=1642079)[0m [comm] step=   1  agent_2  my_pos=(0.350,-4.900)  received=1
[36m(RolloutWorker pid=1642079)[0m     slot[0] neighbor=agent_0 dist=2.040m  n_pos=(0.950,-2.950)  rel_pos=(0.600,1.950)
[36m(RolloutWorker pid=1642079)[0m [comm] step=   1  agent_3  my_pos=(-1.800,0.450)  received=0
[36m(RolloutWorker pid=1642079)[0m     (无有效邻居: 范围外/丢包/延迟填零)
[36m(RolloutWorker pid=1642079)[0m [graph] step=   2  comm_range=3.5m
[36m(RolloutWorker pid=1642079)[0m   robot_0 pos=( 0.951,-2.951) status=active
[36m(RolloutWorker pid=1642079)[0m     adj=[1  0  1  0]  dist=[ 0.00   5.22   2.04   4.37]  neighbors=[2]
[36m(RolloutWorker pid=1642079)[0m   robot_1 pos=( 5.152, 0.150) status=active
[36m(RolloutWorker pid=1642079)[0m     adj=[0  1  0  0]  dist=[ 5.22   0.00   6.97   6.96]  neighbors=[]
[36m(RolloutWorker pid=1642079)[0m   robot_2 pos=( 0.350,-4.900) status=active
[36m(RolloutWorker pid=1642079)[0m     adj=[1  0  1  0]  dist=[ 2.04   6.97   0.00   5.77]  neighbors=[0]
[36m(RolloutWorker pid=1642079)[0m   robot_3 pos=(-1.799, 0.450) status=active
[36m(RolloutWorker pid=1642079)[0m     adj=[0  0  0  1]  dist=[ 4.37   6.96   5.77   0.00]  neighbors=[]
[36m(RolloutWorker pid=1642079)[0m [comm] step=   2  agent_0  my_pos=(0.951,-2.951)  received=1
[36m(RolloutWorker pid=1642079)[0m     slot[0] neighbor=agent_2 dist=2.039m  n_pos=(0.350,-4.900)  rel_pos=(-0.601,-1.949)
[36m(RolloutWorker pid=1642079)[0m [comm] step=   2  agent_1  my_pos=(5.152,0.150)  received=0
[36m(RolloutWorker pid=1642079)[0m     (无有效邻居: 范围外/丢包/延迟填零)
[36m(RolloutWorker pid=1642079)[0m [comm] step=   2  agent_2  my_pos=(0.350,-4.900)  received=1
[36m(RolloutWorker pid=1642079)[0m     slot[0] neighbor=agent_0 dist=2.039m  n_pos=(0.951,-2.951)  rel_pos=(0.601,1.949)
[36m(RolloutWorker pid=1642079)[0m [comm] step=   2  agent_3  my_pos=(-1.799,0.450)  received=0
[36m(RolloutWorker pid=1642079)[0m     (无有效邻居: 范围外/丢包/延迟填零)
[36m(RolloutWorker pid=1642079)[0m [graph] step=   3  comm_range=3.5m
[36m(RolloutWorker pid=1642079)[0m   robot_0 pos=( 0.954,-2.954) status=active
[36m(RolloutWorker pid=1642079)[0m     adj=[1  0  1  0]  dist=[ 0.00   5.22   2.04   4.38]  neighbors=[2]
[36m(RolloutWorker pid=1642079)[0m   robot_1 pos=( 5.150, 0.150) status=active
[36m(RolloutWorker pid=1642079)[0m     adj=[0  1  0  0]  dist=[ 5.22   0.00   6.97   6.95]  neighbors=[]
[36m(RolloutWorker pid=1642079)[0m   robot_2 pos=( 0.350,-4.900) status=active
[36m(RolloutWorker pid=1642079)[0m     adj=[1  0  1  0]  dist=[ 2.04   6.97   0.00   5.76]  neighbors=[0]
[36m(RolloutWorker pid=1642079)[0m   robot_3 pos=(-1.796, 0.450) status=active
[36m(RolloutWorker pid=1642079)[0m     adj=[0  0  0  1]  dist=[ 4.38   6.95   5.76   0.00]  neighbors=[]
[36m(RolloutWorker pid=1642079)[0m [comm] step=   3  agent_0  my_pos=(0.954,-2.954)  received=1
[36m(RolloutWorker pid=1642079)[0m     slot[0] neighbor=agent_2 dist=2.038m  n_pos=(0.350,-4.900)  rel_pos=(-0.604,-1.946)
[36m(RolloutWorker pid=1642079)[0m [comm] step=   3  agent_1  my_pos=(5.150,0.150)  received=0
[36m(RolloutWorker pid=1642079)[0m     (无有效邻居: 范围外/丢包/延迟填零)
[36m(RolloutWorker pid=1642079)[0m [comm] step=   3  agent_2  my_pos=(0.350,-4.900)  received=1
[36m(RolloutWorker pid=1642079)[0m     slot[0] neighbor=agent_0 dist=2.038m  n_pos=(0.954,-2.954)  rel_pos=(0.604,1.946)
[36m(RolloutWorker pid=1642079)[0m [comm] step=   3  agent_3  my_pos=(-1.796,0.450)  received=0
[36m(RolloutWorker pid=1642079)[0m     (无有效邻居: 范围外/丢包/延迟填零)
[36m(RolloutWorker pid=1642079)[0m 
[36m(RolloutWorker pid=1642079)[0m ============================================================
[36m(RolloutWorker pid=1642079)[0m 🏁 Episode 结束 (all_finished)
[36m(RolloutWorker pid=1642079)[0m    步数: 1651/2500
[36m(RolloutWorker pid=1642079)[0m    已结束: 4/4
[36m(RolloutWorker pid=1642079)[0m ============================================================
[36m(RolloutWorker pid=1642079)[0m 
[36m(RolloutWorker pid=1642079)[0m [graph] step=   0  comm_range=3.5m
[36m(RolloutWorker pid=1642079)[0m   robot_0 pos=( 0.000,-4.800) status=active
[36m(RolloutWorker pid=1642079)[0m     adj=[1  0  0  0]  dist=[ 0.00   7.38   7.38   9.60]  neighbors=[]
[36m(RolloutWorker pid=1642079)[0m   robot_1 pos=( 4.800, 0.800) status=active
[36m(RolloutWorker pid=1642079)[0m     adj=[0  1  0  0]  dist=[ 7.38   0.00   9.60   6.25]  neighbors=[]
[36m(RolloutWorker pid=1642079)[0m   robot_2 pos=(-4.800, 0.800) status=active
[36m(RolloutWorker pid=1642079)[0m     adj=[0  0  1  0]  dist=[ 7.38   9.60   0.00   6.25]  neighbors=[]
[36m(RolloutWorker pid=1642079)[0m   robot_3 pos=( 0.000, 4.800) status=active
[36m(RolloutWorker pid=1642079)[0m     adj=[0  0  0  1]  dist=[ 9.60   6.25   6.25   0.00]  neighbors=[]
[36m(RolloutWorker pid=1642079)[0m [comm] step=   0  agent_0  my_pos=(0.000,-4.800)  received=0
[36m(RolloutWorker pid=1642079)[0m     (无有效邻居: 范围外/丢包/延迟填零)
[36m(RolloutWorker pid=1642079)[0m [comm] step=   0  agent_1  my_pos=(4.800,0.800)  received=0
[36m(RolloutWorker pid=1642079)[0m     (无有效邻居: 范围外/丢包/延迟填零)
[36m(RolloutWorker pid=1642079)[0m [comm] step=   0  agent_2  my_pos=(-4.800,0.800)  received=0
[36m(RolloutWorker pid=1642079)[0m     (无有效邻居: 范围外/丢包/延迟填零)
[36m(RolloutWorker pid=1642079)[0m [comm] step=   0  agent_3  my_pos=(0.000,4.800)  received=0
[36m(RolloutWorker pid=1642079)[0m     (无有效邻居: 范围外/丢包/延迟填零)
[36m(RolloutWorker pid=1642079)[0m [graph] step=   1  comm_range=3.5m
[36m(RolloutWorker pid=1642079)[0m   robot_0 pos=( 0.000,-4.800) status=active
[36m(RolloutWorker pid=1642079)[0m     adj=[1  0  0  0]  dist=[ 0.00   7.38   7.38   9.60]  neighbors=[]
[36m(RolloutWorker pid=1642079)[0m   robot_1 pos=( 4.800, 0.800) status=active
[36m(RolloutWorker pid=1642079)[0m     adj=[0  1  0  0]  dist=[ 7.38   0.00   9.60   6.25]  neighbors=[]
[36m(RolloutWorker pid=1642079)[0m   robot_2 pos=(-4.800, 0.800) status=active
[36m(RolloutWorker pid=1642079)[0m     adj=[0  0  1  0]  dist=[ 7.38   9.60   0.00   6.25]  neighbors=[]
[36m(RolloutWorker pid=1642079)[0m   robot_3 pos=( 0.000, 4.800) status=active
[36m(RolloutWorker pid=1642079)[0m     adj=[0  0  0  1]  dist=[ 9.60   6.25   6.25   0.00]  neighbors=[]
[36m(RolloutWorker pid=1642079)[0m [comm] step=   1  agent_0  my_pos=(0.000,-4.800)  received=0
[36m(RolloutWorker pid=1642079)[0m     (无有效邻居: 范围外/丢包/延迟填零)
[36m(RolloutWorker pid=1642079)[0m [comm] step=   1  agent_1  my_pos=(4.800,0.800)  received=0
[36m(RolloutWorker pid=1642079)[0m     (无有效邻居: 范围外/丢包/延迟填零)
[36m(RolloutWorker pid=1642079)[0m [comm] step=   1  agent_2  my_pos=(-4.800,0.800)  received=0
[36m(RolloutWorker pid=1642079)[0m     (无有效邻居: 范围外/丢包/延迟填零)
[36m(RolloutWorker pid=1642079)[0m [comm] step=   1  agent_3  my_pos=(0.000,4.800)  received=0
[36m(RolloutWorker pid=1642079)[0m     (无有效邻居: 范围外/丢包/延迟填零)
[36m(RolloutWorker pid=1642079)[0m [graph] step=   2  comm_range=3.5m
[36m(RolloutWorker pid=1642079)[0m   robot_0 pos=( 0.000,-4.800) status=active
[36m(RolloutWorker pid=1642079)[0m     adj=[1  0  0  0]  dist=[ 0.00   7.38   7.38   9.60]  neighbors=[]
[36m(RolloutWorker pid=1642079)[0m   robot_1 pos=( 4.800, 0.800) status=active
[36m(RolloutWorker pid=1642079)[0m     adj=[0  1  0  0]  dist=[ 7.38   0.00   9.60   6.25]  neighbors=[]
[36m(RolloutWorker pid=1642079)[0m   robot_2 pos=(-4.800, 0.800) status=active
[36m(RolloutWorker pid=1642079)[0m     adj=[0  0  1  0]  dist=[ 7.38   9.60   0.00   6.25]  neighbors=[]
[36m(RolloutWorker pid=1642079)[0m   robot_3 pos=( 0.000, 4.800) status=active
[36m(RolloutWorker pid=1642079)[0m     adj=[0  0  0  1]  dist=[ 9.60   6.25   6.25   0.00]  neighbors=[]
[36m(RolloutWorker pid=1642079)[0m [comm] step=   2  agent_0  my_pos=(0.000,-4.800)  received=0
[36m(RolloutWorker pid=1642079)[0m     (无有效邻居: 范围外/丢包/延迟填零)
[36m(RolloutWorker pid=1642079)[0m [comm] step=   2  agent_1  my_pos=(4.800,0.800)  received=0
[36m(RolloutWorker pid=1642079)[0m     (无有效邻居: 范围外/丢包/延迟填零)
[36m(RolloutWorker pid=1642079)[0m [comm] step=   2  agent_2  my_pos=(-4.800,0.800)  received=0
[36m(RolloutWorker pid=1642079)[0m     (无有效邻居: 范围外/丢包/延迟填零)
[36m(RolloutWorker pid=1642079)[0m [comm] step=   2  agent_3  my_pos=(0.000,4.800)  received=0
[36m(RolloutWorker pid=1642079)[0m     (无有效邻居: 范围外/丢包/延迟填零)
[36m(RolloutWorker pid=1642079)[0m [graph] step=   3  comm_range=3.5m
[36m(RolloutWorker pid=1642079)[0m   robot_0 pos=( 0.001,-4.798) status=active
[36m(RolloutWorker pid=1642079)[0m     adj=[1  0  0  0]  dist=[ 0.00   7.38   7.37   9.59]  neighbors=[]
[36m(RolloutWorker pid=1642079)[0m   robot_1 pos=( 4.807, 0.806) status=active
[36m(RolloutWorker pid=1642079)[0m     adj=[0  1  0  0]  dist=[ 7.38   0.00   9.60   6.25]  neighbors=[]
[36m(RolloutWorker pid=1642079)[0m   robot_2 pos=(-4.795, 0.792) status=active
[36m(RolloutWorker pid=1642079)[0m     adj=[0  0  1  0]  dist=[ 7.37   9.60   0.00   6.25]  neighbors=[]
[36m(RolloutWorker pid=1642079)[0m   robot_3 pos=( 0.002, 4.796) status=active
[36m(RolloutWorker pid=1642079)[0m     adj=[0  0  0  1]  dist=[ 9.59   6.25   6.25   0.00]  neighbors=[]
[36m(RolloutWorker pid=1642079)[0m [comm] step=   3  agent_0  my_pos=(0.001,-4.798)  received=0
[36m(RolloutWorker pid=1642079)[0m     (无有效邻居: 范围外/丢包/延迟填零)
[36m(RolloutWorker pid=1642079)[0m [comm] step=   3  agent_1  my_pos=(4.807,0.806)  received=0
[36m(RolloutWorker pid=1642079)[0m     (无有效邻居: 范围外/丢包/延迟填零)
[36m(RolloutWorker pid=1642079)[0m [comm] step=   3  agent_2  my_pos=(-4.795,0.792)  received=0
[36m(RolloutWorker pid=1642079)[0m     (无有效邻居: 范围外/丢包/延迟填零)
[36m(RolloutWorker pid=1642079)[0m [comm] step=   3  agent_3  my_pos=(0.002,4.796)  received=0
[36m(RolloutWorker pid=1642079)[0m     (无有效邻居: 范围外/丢包/延迟填零)
  [░░░░░░░░░░░░░░░░░░░░░░░░░░░░░░]   1.7%     5,000 / 300,000 步  回报 -521.85  ETA 08:53:242026-04-28 16:18:35,402	WARNING policy.py:143 -- Can not figure out a durable policy name for <class 'gnn_marl_training.counterfactual_ppo_policy.CounterfactualPPOTorchPolicy'>. You are probably trying to checkpoint a custom policy. Raw policy class may cause problems when the checkpoint needs to be loaded in the future. To fix this, make sure you add your custom policy in rllib.algorithms.registry.POLICIES.
[36m(RolloutWorker pid=1642079)[0m 
[36m(RolloutWorker pid=1642079)[0m ============================================================
[36m(RolloutWorker pid=1642079)[0m 🏁 Episode 结束 (all_finished)
[36m(RolloutWorker pid=1642079)[0m    步数: 789/2500
[36m(RolloutWorker pid=1642079)[0m    已结束: 4/4
[36m(RolloutWorker pid=1642079)[0m ============================================================
[36m(RolloutWorker pid=1642079)[0m 
[36m(RolloutWorker pid=1642079)[0m [graph] step=   0  comm_range=3.5m
[36m(RolloutWorker pid=1642079)[0m   robot_0 pos=( 4.800, 0.800) status=active
[36m(RolloutWorker pid=1642079)[0m     adj=[1  0  0  0]  dist=[ 0.00   6.25   9.60   7.38]  neighbors=[]
[36m(RolloutWorker pid=1642079)[0m   robot_1 pos=( 0.000, 4.800) status=active
[36m(RolloutWorker pid=1642079)[0m     adj=[0  1  0  0]  dist=[ 6.25   0.00   6.25   9.60]  neighbors=[]
[36m(RolloutWorker pid=1642079)[0m   robot_2 pos=(-4.800, 0.800) status=active
[36m(RolloutWorker pid=1642079)[0m     adj=[0  0  1  0]  dist=[ 9.60   6.25   0.00   7.38]  neighbors=[]
[36m(RolloutWorker pid=1642079)[0m   robot_3 pos=( 0.000,-4.800) status=active
[36m(RolloutWorker pid=1642079)[0m     adj=[0  0  0  1]  dist=[ 7.38   9.60   7.38   0.00]  neighbors=[]
[36m(RolloutWorker pid=1642079)[0m [comm] step=   0  agent_0  my_pos=(4.800,0.800)  received=0
[36m(RolloutWorker pid=1642079)[0m     (无有效邻居: 范围外/丢包/延迟填零)
[36m(RolloutWorker pid=1642079)[0m [comm] step=   0  agent_1  my_pos=(0.000,4.800)  received=0
[36m(RolloutWorker pid=1642079)[0m     (无有效邻居: 范围外/丢包/延迟填零)
[36m(RolloutWorker pid=1642079)[0m [comm] step=   0  agent_2  my_pos=(-4.800,0.800)  received=0
[36m(RolloutWorker pid=1642079)[0m     (无有效邻居: 范围外/丢包/延迟填零)
[36m(RolloutWorker pid=1642079)[0m [comm] step=   0  agent_3  my_pos=(0.000,-4.800)  received=0
[36m(RolloutWorker pid=1642079)[0m     (无有效邻居: 范围外/丢包/延迟填零)
[36m(RolloutWorker pid=1642079)[0m [graph] step=   1  comm_range=3.5m
[36m(RolloutWorker pid=1642079)[0m   robot_0 pos=( 4.800, 0.800) status=active
[36m(RolloutWorker pid=1642079)[0m     adj=[1  0  0  0]  dist=[ 0.00   6.25   9.60   7.38]  neighbors=[]
[36m(RolloutWorker pid=1642079)[0m   robot_1 pos=( 0.000, 4.800) status=active
[36m(RolloutWorker pid=1642079)[0m     adj=[0  1  0  0]  dist=[ 6.25   0.00   6.25   9.60]  neighbors=[]
[36m(RolloutWorker pid=1642079)[0m   robot_2 pos=(-4.800, 0.800) status=active
[36m(RolloutWorker pid=1642079)[0m     adj=[0  0  1  0]  dist=[ 9.60   6.25   0.00   7.38]  neighbors=[]
[36m(RolloutWorker pid=1642079)[0m   robot_3 pos=(-0.000,-4.800) status=active
[36m(RolloutWorker pid=1642079)[0m     adj=[0  0  0  1]  dist=[ 7.38   9.60   7.38   0.00]  neighbors=[]
[36m(RolloutWorker pid=1642079)[0m [comm] step=   1  agent_0  my_pos=(4.800,0.800)  received=0
[36m(RolloutWorker pid=1642079)[0m     (无有效邻居: 范围外/丢包/延迟填零)
[36m(RolloutWorker pid=1642079)[0m [comm] step=   1  agent_1  my_pos=(0.000,4.800)  received=0
[36m(RolloutWorker pid=1642079)[0m     (无有效邻居: 范围外/丢包/延迟填零)
[36m(RolloutWorker pid=1642079)[0m [comm] step=   1  agent_2  my_pos=(-4.800,0.800)  received=0
[36m(RolloutWorker pid=1642079)[0m     (无有效邻居: 范围外/丢包/延迟填零)
[36m(RolloutWorker pid=1642079)[0m [comm] step=   1  agent_3  my_pos=(-0.000,-4.800)  received=0
[36m(RolloutWorker pid=1642079)[0m     (无有效邻居: 范围外/丢包/延迟填零)
[36m(RolloutWorker pid=1642079)[0m [graph] step=   2  comm_range=3.5m
[36m(RolloutWorker pid=1642079)[0m   robot_0 pos=( 4.799, 0.801) status=active
[36m(RolloutWorker pid=1642079)[0m     adj=[1  0  0  0]  dist=[ 0.00   6.25   9.60   7.38]  neighbors=[]
[36m(RolloutWorker pid=1642079)[0m   robot_1 pos=(-0.000, 4.801) status=active
[36m(RolloutWorker pid=1642079)[0m     adj=[0  1  0  0]  dist=[ 6.25   0.00   6.25   9.60]  neighbors=[]
[36m(RolloutWorker pid=1642079)[0m   robot_2 pos=(-4.801, 0.799) status=active
[36m(RolloutWorker pid=1642079)[0m     adj=[0  0  1  0]  dist=[ 9.60   6.25   0.00   7.37]  neighbors=[]
[36m(RolloutWorker pid=1642079)[0m   robot_3 pos=(-0.000,-4.799) status=active
[36m(RolloutWorker pid=1642079)[0m     adj=[0  0  0  1]  dist=[ 7.38   9.60   7.37   0.00]  neighbors=[]
[36m(RolloutWorker pid=1642079)[0m [comm] step=   2  agent_0  my_pos=(4.799,0.801)  received=0
[36m(RolloutWorker pid=1642079)[0m     (无有效邻居: 范围外/丢包/延迟填零)
[36m(RolloutWorker pid=1642079)[0m [comm] step=   2  agent_1  my_pos=(-0.000,4.801)  received=0
[36m(RolloutWorker pid=1642079)[0m     (无有效邻居: 范围外/丢包/延迟填零)
[36m(RolloutWorker pid=1642079)[0m [comm] step=   2  agent_2  my_pos=(-4.801,0.799)  received=0
[36m(RolloutWorker pid=1642079)[0m     (无有效邻居: 范围外/丢包/延迟填零)
[36m(RolloutWorker pid=1642079)[0m [comm] step=   2  agent_3  my_pos=(-0.000,-4.799)  received=0
[36m(RolloutWorker pid=1642079)[0m     (无有效邻居: 范围外/丢包/延迟填零)
[36m(RolloutWorker pid=1642079)[0m [graph] step=   3  comm_range=3.5m
[36m(RolloutWorker pid=1642079)[0m   robot_0 pos=( 4.792, 0.808) status=active
[36m(RolloutWorker pid=1642079)[0m     adj=[1  0  0  0]  dist=[ 0.00   6.24   9.59   7.38]  neighbors=[]
[36m(RolloutWorker pid=1642079)[0m   robot_1 pos=(-0.001, 4.804) status=active
[36m(RolloutWorker pid=1642079)[0m     adj=[0  1  0  0]  dist=[ 6.24   0.00   6.24   9.61]  neighbors=[]
[36m(RolloutWorker pid=1642079)[0m   robot_2 pos=(-4.796, 0.804) status=active
[36m(RolloutWorker pid=1642079)[0m     adj=[0  0  1  0]  dist=[ 9.59   6.24   0.00   7.38]  neighbors=[]
[36m(RolloutWorker pid=1642079)[0m   robot_3 pos=( 0.001,-4.803) status=active
[36m(RolloutWorker pid=1642079)[0m     adj=[0  0  0  1]  dist=[ 7.38   9.61   7.38   0.00]  neighbors=[]
[36m(RolloutWorker pid=1642079)[0m [comm] step=   3  agent_0  my_pos=(4.792,0.808)  received=0
[36m(RolloutWorker pid=1642079)[0m     (无有效邻居: 范围外/丢包/延迟填零)
[36m(RolloutWorker pid=1642079)[0m [comm] step=   3  agent_1  my_pos=(-0.001,4.804)  received=0
[36m(RolloutWorker pid=1642079)[0m     (无有效邻居: 范围外/丢包/延迟填零)
[36m(RolloutWorker pid=1642079)[0m [comm] step=   3  agent_2  my_pos=(-4.796,0.804)  received=0
[36m(RolloutWorker pid=1642079)[0m     (无有效邻居: 范围外/丢包/延迟填零)
[36m(RolloutWorker pid=1642079)[0m [comm] step=   3  agent_3  my_pos=(0.001,-4.803)  received=0
[36m(RolloutWorker pid=1642079)[0m     (无有效邻居: 范围外/丢包/延迟填零)
[36m(RolloutWorker pid=1642079)[0m 
[36m(RolloutWorker pid=1642079)[0m ============================================================
[36m(RolloutWorker pid=1642079)[0m 🏁 Episode 结束 (all_finished)
[36m(RolloutWorker pid=1642079)[0m    步数: 1060/2500
[36m(RolloutWorker pid=1642079)[0m    已结束: 4/4
[36m(RolloutWorker pid=1642079)[0m ============================================================
[36m(RolloutWorker pid=1642079)[0m 
[36m(RolloutWorker pid=1642079)[0m [graph] step=   0  comm_range=3.5m
[36m(RolloutWorker pid=1642079)[0m   robot_0 pos=( 0.000, 4.800) status=active
[36m(RolloutWorker pid=1642079)[0m     adj=[1  0  0  0]  dist=[ 0.00   9.60   6.25   6.25]  neighbors=[]
[36m(RolloutWorker pid=1642079)[0m   robot_1 pos=( 0.000,-4.800) status=active
[36m(RolloutWorker pid=1642079)[0m     adj=[0  1  0  0]  dist=[ 9.60   0.00   7.38   7.38]  neighbors=[]
[36m(RolloutWorker pid=1642079)[0m   robot_2 pos=(-4.800, 0.800) status=active
[36m(RolloutWorker pid=1642079)[0m     adj=[0  0  1  0]  dist=[ 6.25   7.38   0.00   9.60]  neighbors=[]
[36m(RolloutWorker pid=1642079)[0m   robot_3 pos=( 4.800, 0.800) status=active
[36m(RolloutWorker pid=1642079)[0m     adj=[0  0  0  1]  dist=[ 6.25   7.38   9.60   0.00]  neighbors=[]
[36m(RolloutWorker pid=1642079)[0m [comm] step=   0  agent_0  my_pos=(0.000,4.800)  received=0
[36m(RolloutWorker pid=1642079)[0m     (无有效邻居: 范围外/丢包/延迟填零)
[36m(RolloutWorker pid=1642079)[0m [comm] step=   0  agent_1  my_pos=(0.000,-4.800)  received=0
[36m(RolloutWorker pid=1642079)[0m     (无有效邻居: 范围外/丢包/延迟填零)
[36m(RolloutWorker pid=1642079)[0m [comm] step=   0  agent_2  my_pos=(-4.800,0.800)  received=0
[36m(RolloutWorker pid=1642079)[0m     (无有效邻居: 范围外/丢包/延迟填零)
[36m(RolloutWorker pid=1642079)[0m [comm] step=   0  agent_3  my_pos=(4.800,0.800)  received=0
[36m(RolloutWorker pid=1642079)[0m     (无有效邻居: 范围外/丢包/延迟填零)
[36m(RolloutWorker pid=1642079)[0m [graph] step=   1  comm_range=3.5m
[36m(RolloutWorker pid=1642079)[0m   robot_0 pos=(-0.000, 4.800) status=active
[36m(RolloutWorker pid=1642079)[0m     adj=[1  0  0  0]  dist=[ 0.00   9.60   6.25   6.25]  neighbors=[]
[36m(RolloutWorker pid=1642079)[0m   robot_1 pos=( 0.000,-4.800) status=active
[36m(RolloutWorker pid=1642079)[0m     adj=[0  1  0  0]  dist=[ 9.60   0.00   7.38   7.38]  neighbors=[]
[36m(RolloutWorker pid=1642079)[0m   robot_2 pos=(-4.800, 0.800) status=active
[36m(RolloutWorker pid=1642079)[0m     adj=[0  0  1  0]  dist=[ 6.25   7.38   0.00   9.60]  neighbors=[]
[36m(RolloutWorker pid=1642079)[0m   robot_3 pos=( 4.800, 0.800) status=active
[36m(RolloutWorker pid=1642079)[0m     adj=[0  0  0  1]  dist=[ 6.25   7.38   9.60   0.00]  neighbors=[]
[36m(RolloutWorker pid=1642079)[0m [comm] step=   1  agent_0  my_pos=(-0.000,4.800)  received=0
[36m(RolloutWorker pid=1642079)[0m     (无有效邻居: 范围外/丢包/延迟填零)
[36m(RolloutWorker pid=1642079)[0m [comm] step=   1  agent_1  my_pos=(0.000,-4.800)  received=0
[36m(RolloutWorker pid=1642079)[0m     (无有效邻居: 范围外/丢包/延迟填零)
[36m(RolloutWorker pid=1642079)[0m [comm] step=   1  agent_2  my_pos=(-4.800,0.800)  received=0
[36m(RolloutWorker pid=1642079)[0m     (无有效邻居: 范围外/丢包/延迟填零)
[36m(RolloutWorker pid=1642079)[0m [comm] step=   1  agent_3  my_pos=(4.800,0.800)  received=0
[36m(RolloutWorker pid=1642079)[0m     (无有效邻居: 范围外/丢包/延迟填零)
[36m(RolloutWorker pid=1642079)[0m [graph] step=   2  comm_range=3.5m
[36m(RolloutWorker pid=1642079)[0m   robot_0 pos=(-0.001, 4.800) status=active
[36m(RolloutWorker pid=1642079)[0m     adj=[1  0  0  0]  dist=[ 0.00   9.60   6.25   6.25]  neighbors=[]
[36m(RolloutWorker pid=1642079)[0m   robot_1 pos=(-0.001,-4.801) status=active
[36m(RolloutWorker pid=1642079)[0m     adj=[0  1  0  0]  dist=[ 9.60   0.00   7.38   7.37]  neighbors=[]
[36m(RolloutWorker pid=1642079)[0m   robot_2 pos=(-4.800, 0.800) status=active
[36m(RolloutWorker pid=1642079)[0m     adj=[0  0  1  0]  dist=[ 6.25   7.38   0.00   9.60]  neighbors=[]
[36m(RolloutWorker pid=1642079)[0m   robot_3 pos=( 4.797, 0.800) status=active
[36m(RolloutWorker pid=1642079)[0m     adj=[0  0  0  1]  dist=[ 6.25   7.37   9.60   0.00]  neighbors=[]
[36m(RolloutWorker pid=1642079)[0m [comm] step=   2  agent_0  my_pos=(-0.001,4.800)  received=0
[36m(RolloutWorker pid=1642079)[0m     (无有效邻居: 范围外/丢包/延迟填零)
[36m(RolloutWorker pid=1642079)[0m [comm] step=   2  agent_1  my_pos=(-0.001,-4.801)  received=0
[36m(RolloutWorker pid=1642079)[0m     (无有效邻居: 范围外/丢包/延迟填零)
[36m(RolloutWorker pid=1642079)[0m [comm] step=   2  agent_2  my_pos=(-4.800,0.800)  received=0
[36m(RolloutWorker pid=1642079)[0m     (无有效邻居: 范围外/丢包/延迟填零)
[36m(RolloutWorker pid=1642079)[0m [comm] step=   2  agent_3  my_pos=(4.797,0.800)  received=0
[36m(RolloutWorker pid=1642079)[0m     (无有效邻居: 范围外/丢包/延迟填零)
[36m(RolloutWorker pid=1642079)[0m [graph] step=   3  comm_range=3.5m
[36m(RolloutWorker pid=1642079)[0m   robot_0 pos=(-0.007, 4.798) status=active
[36m(RolloutWorker pid=1642079)[0m     adj=[1  0  0  0]  dist=[ 0.00   9.60   6.24   6.24]  neighbors=[]
[36m(RolloutWorker pid=1642079)[0m   robot_1 pos=(-0.001,-4.801) status=active
[36m(RolloutWorker pid=1642079)[0m     adj=[0  1  0  0]  dist=[ 9.60   0.00   7.38   7.37]  neighbors=[]
[36m(RolloutWorker pid=1642079)[0m   robot_2 pos=(-4.802, 0.800) status=active
[36m(RolloutWorker pid=1642079)[0m     adj=[0  0  1  0]  dist=[ 6.24   7.38   0.00   9.59]  neighbors=[]
[36m(RolloutWorker pid=1642079)[0m   robot_3 pos=( 4.790, 0.799) status=active
[36m(RolloutWorker pid=1642079)[0m     adj=[0  0  0  1]  dist=[ 6.24   7.37   9.59   0.00]  neighbors=[]
[36m(RolloutWorker pid=1642079)[0m [comm] step=   3  agent_0  my_pos=(-0.007,4.798)  received=0
[36m(RolloutWorker pid=1642079)[0m     (无有效邻居: 范围外/丢包/延迟填零)
[36m(RolloutWorker pid=1642079)[0m [comm] step=   3  agent_1  my_pos=(-0.001,-4.801)  received=0
[36m(RolloutWorker pid=1642079)[0m     (无有效邻居: 范围外/丢包/延迟填零)
[36m(RolloutWorker pid=1642079)[0m [comm] step=   3  agent_2  my_pos=(-4.802,0.800)  received=0
[36m(RolloutWorker pid=1642079)[0m     (无有效邻居: 范围外/丢包/延迟填零)
[36m(RolloutWorker pid=1642079)[0m [comm] step=   3  agent_3  my_pos=(4.790,0.799)  received=0
[36m(RolloutWorker pid=1642079)[0m     (无有效邻居: 范围外/丢包/延迟填零)
[36m(RolloutWorker pid=1642079)[0m 
[36m(RolloutWorker pid=1642079)[0m ============================================================
[36m(RolloutWorker pid=1642079)[0m 🏁 Episode 结束 (all_finished)
[36m(RolloutWorker pid=1642079)[0m    步数: 1113/2500
[36m(RolloutWorker pid=1642079)[0m    已结束: 4/4
[36m(RolloutWorker pid=1642079)[0m ============================================================
[36m(RolloutWorker pid=1642079)[0m 
[36m(RolloutWorker pid=1642079)[0m [graph] step=   0  comm_range=3.5m
[36m(RolloutWorker pid=1642079)[0m   robot_0 pos=(-0.950,-0.150) status=active
[36m(RolloutWorker pid=1642079)[0m     adj=[1  0  0  1]  dist=[ 0.00   5.17   4.31   2.79]  neighbors=[3]
[36m(RolloutWorker pid=1642079)[0m   robot_1 pos=(-0.500, 5.000) status=active
[36m(RolloutWorker pid=1642079)[0m     adj=[0  1  0  0]  dist=[ 5.17   0.00   7.19   7.50]  neighbors=[]
[36m(RolloutWorker pid=1642079)[0m   robot_2 pos=(-5.250,-0.400) status=active
[36m(RolloutWorker pid=1642079)[0m     adj=[0  0  1  0]  dist=[ 4.31   7.19   0.00   6.28]  neighbors=[]
[36m(RolloutWorker pid=1642079)[0m   robot_3 pos=( 0.700,-2.400) status=active
[36m(RolloutWorker pid=1642079)[0m     adj=[1  0  0  1]  dist=[ 2.79   7.50   6.28   0.00]  neighbors=[0]
[36m(RolloutWorker pid=1642079)[0m [comm] step=   0  agent_0  my_pos=(-0.950,-0.150)  received=1
[36m(RolloutWorker pid=1642079)[0m     slot[0] neighbor=agent_3 dist=2.790m  n_pos=(0.700,-2.400)  rel_pos=(1.650,-2.250)
[36m(RolloutWorker pid=1642079)[0m [comm] step=   0  agent_1  my_pos=(-0.500,5.000)  received=0
[36m(RolloutWorker pid=1642079)[0m     (无有效邻居: 范围外/丢包/延迟填零)
[36m(RolloutWorker pid=1642079)[0m [comm] step=   0  agent_2  my_pos=(-5.250,-0.400)  received=0
[36m(RolloutWorker pid=1642079)[0m     (无有效邻居: 范围外/丢包/延迟填零)
[36m(RolloutWorker pid=1642079)[0m [comm] step=   0  agent_3  my_pos=(0.700,-2.400)  received=1
[36m(RolloutWorker pid=1642079)[0m     slot[0] neighbor=agent_0 dist=2.790m  n_pos=(-0.950,-0.150)  rel_pos=(-1.650,2.250)
[36m(RolloutWorker pid=1642079)[0m [graph] step=   1  comm_range=3.5m
[36m(RolloutWorker pid=1642079)[0m   robot_0 pos=(-0.950,-0.150) status=active
[36m(RolloutWorker pid=1642079)[0m     adj=[1  0  0  1]  dist=[ 0.00   5.17   4.31   2.79]  neighbors=[3]
[36m(RolloutWorker pid=1642079)[0m   robot_1 pos=(-0.500, 5.000) status=active
[36m(RolloutWorker pid=1642079)[0m     adj=[0  1  0  0]  dist=[ 5.17   0.00   7.19   7.50]  neighbors=[]
[36m(RolloutWorker pid=1642079)[0m   robot_2 pos=(-5.250,-0.400) status=inactive
[36m(RolloutWorker pid=1642079)[0m     adj=[0  0  0  0]  dist=[ 4.31   7.19   0.00   6.28]  neighbors=[]
[36m(RolloutWorker pid=1642079)[0m   robot_3 pos=( 0.700,-2.400) status=active
[36m(RolloutWorker pid=1642079)[0m     adj=[1  0  0  1]  dist=[ 2.79   7.50   6.28   0.00]  neighbors=[0]
[36m(RolloutWorker pid=1642079)[0m [comm] step=   1  agent_0  my_pos=(-0.950,-0.150)  received=1
[36m(RolloutWorker pid=1642079)[0m     slot[0] neighbor=agent_3 dist=2.790m  n_pos=(0.700,-2.400)  rel_pos=(1.650,-2.250)
[36m(RolloutWorker pid=1642079)[0m [comm] step=   1  agent_1  my_pos=(-0.500,5.000)  received=0
[36m(RolloutWorker pid=1642079)[0m     (无有效邻居: 范围外/丢包/延迟填零)
[36m(RolloutWorker pid=1642079)[0m [comm] step=   1  agent_2  my_pos=(-5.250,-0.400)  received=0
[36m(RolloutWorker pid=1642079)[0m     (无有效邻居: 范围外/丢包/延迟填零)
[36m(RolloutWorker pid=1642079)[0m [comm] step=   1  agent_3  my_pos=(0.700,-2.400)  received=1
[36m(RolloutWorker pid=1642079)[0m     slot[0] neighbor=agent_0 dist=2.790m  n_pos=(-0.950,-0.150)  rel_pos=(-1.650,2.250)
[36m(RolloutWorker pid=1642079)[0m [graph] step=   2  comm_range=3.5m
[36m(RolloutWorker pid=1642079)[0m   robot_0 pos=(-0.951,-0.149) status=active
[36m(RolloutWorker pid=1642079)[0m     adj=[1  0  0  1]  dist=[ 0.00   5.17   4.31   2.79]  neighbors=[3]
[36m(RolloutWorker pid=1642079)[0m   robot_1 pos=(-0.499, 5.000) status=active
[36m(RolloutWorker pid=1642079)[0m     adj=[0  1  0  0]  dist=[ 5.17   0.00   7.19   7.50]  neighbors=[]
[36m(RolloutWorker pid=1642079)[0m   robot_2 pos=(-5.250,-0.400) status=inactive
[36m(RolloutWorker pid=1642079)[0m     adj=[0  0  0  0]  dist=[ 4.31   7.19   0.00   6.28]  neighbors=[]
[36m(RolloutWorker pid=1642079)[0m   robot_3 pos=( 0.699,-2.401) status=active
[36m(RolloutWorker pid=1642079)[0m     adj=[1  0  0  1]  dist=[ 2.79   7.50   6.28   0.00]  neighbors=[0]
[36m(RolloutWorker pid=1642079)[0m [comm] step=   2  agent_0  my_pos=(-0.951,-0.149)  received=1
[36m(RolloutWorker pid=1642079)[0m     slot[0] neighbor=agent_3 dist=2.792m  n_pos=(0.699,-2.401)  rel_pos=(1.650,-2.252)
[36m(RolloutWorker pid=1642079)[0m [comm] step=   2  agent_1  my_pos=(-0.499,5.000)  received=0
[36m(RolloutWorker pid=1642079)[0m     (无有效邻居: 范围外/丢包/延迟填零)
[36m(RolloutWorker pid=1642079)[0m [comm] step=   2  agent_3  my_pos=(0.699,-2.401)  received=1
[36m(RolloutWorker pid=1642079)[0m     slot[0] neighbor=agent_0 dist=2.792m  n_pos=(-0.951,-0.149)  rel_pos=(-1.650,2.252)
[36m(RolloutWorker pid=1642079)[0m [graph] step=   3  comm_range=3.5m
[36m(RolloutWorker pid=1642079)[0m   robot_0 pos=(-0.953,-0.143) status=active
[36m(RolloutWorker pid=1642079)[0m     adj=[1  0  0  1]  dist=[ 0.00   5.16   4.30   2.80]  neighbors=[3]
[36m(RolloutWorker pid=1642079)[0m   robot_1 pos=(-0.497, 4.999) status=active
[36m(RolloutWorker pid=1642079)[0m     adj=[0  1  0  0]  dist=[ 5.16   0.00   7.19   7.49]  neighbors=[]
[36m(RolloutWorker pid=1642079)[0m   robot_2 pos=(-5.250,-0.400) status=inactive
[36m(RolloutWorker pid=1642079)[0m     adj=[0  0  0  0]  dist=[ 4.30   7.19   0.00   6.28]  neighbors=[]
[36m(RolloutWorker pid=1642079)[0m   robot_3 pos=( 0.701,-2.399) status=active
[36m(RolloutWorker pid=1642079)[0m     adj=[1  0  0  1]  dist=[ 2.80   7.49   6.28   0.00]  neighbors=[0]
[36m(RolloutWorker pid=1642079)[0m [comm] step=   3  agent_0  my_pos=(-0.953,-0.143)  received=1
[36m(RolloutWorker pid=1642079)[0m     slot[0] neighbor=agent_3 dist=2.798m  n_pos=(0.701,-2.399)  rel_pos=(1.654,-2.256)
[36m(RolloutWorker pid=1642079)[0m [comm] step=   3  agent_1  my_pos=(-0.497,4.999)  received=0
[36m(RolloutWorker pid=1642079)[0m     (无有效邻居: 范围外/丢包/延迟填零)
[36m(RolloutWorker pid=1642079)[0m [comm] step=   3  agent_3  my_pos=(0.701,-2.399)  received=1
[36m(RolloutWorker pid=1642079)[0m     slot[0] neighbor=agent_0 dist=2.798m  n_pos=(-0.953,-0.143)  rel_pos=(-1.654,2.256)
[36m(RolloutWorker pid=1642079)[0m 
[36m(RolloutWorker pid=1642079)[0m ============================================================
[36m(RolloutWorker pid=1642079)[0m 🏁 Episode 结束 (all_finished)
[36m(RolloutWorker pid=1642079)[0m    步数: 377/2500
[36m(RolloutWorker pid=1642079)[0m    已结束: 4/4
[36m(RolloutWorker pid=1642079)[0m ============================================================
[36m(RolloutWorker pid=1642079)[0m 
[36m(RolloutWorker pid=1642079)[0m [graph] step=   0  comm_range=3.5m
[36m(RolloutWorker pid=1642079)[0m   robot_0 pos=( 0.300,-3.750) status=active
[36m(RolloutWorker pid=1642079)[0m     adj=[1  0  0  0]  dist=[ 0.00   5.21   8.82   7.59]  neighbors=[]
[36m(RolloutWorker pid=1642079)[0m   robot_1 pos=(-3.650,-0.350) status=active
[36m(RolloutWorker pid=1642079)[0m     adj=[0  1  0  0]  dist=[ 5.21   0.00   7.03   5.21]  neighbors=[]
[36m(RolloutWorker pid=1642079)[0m   robot_2 pos=( 0.850, 5.050) status=active
[36m(RolloutWorker pid=1642079)[0m     adj=[0  0  1  1]  dist=[ 8.82   7.03   0.00   1.84]  neighbors=[3]
[36m(RolloutWorker pid=1642079)[0m   robot_3 pos=(-0.500, 3.800) status=active
[36m(RolloutWorker pid=1642079)[0m     adj=[0  0  1  1]  dist=[ 7.59   5.21   1.84   0.00]  neighbors=[2]
[36m(RolloutWorker pid=1642079)[0m [comm] step=   0  agent_0  my_pos=(0.300,-3.750)  received=0
[36m(RolloutWorker pid=1642079)[0m     (无有效邻居: 范围外/丢包/延迟填零)
[36m(RolloutWorker pid=1642079)[0m [comm] step=   0  agent_1  my_pos=(-3.650,-0.350)  received=0
[36m(RolloutWorker pid=1642079)[0m     (无有效邻居: 范围外/丢包/延迟填零)
[36m(RolloutWorker pid=1642079)[0m [comm] step=   0  agent_2  my_pos=(0.850,5.050)  received=1
[36m(RolloutWorker pid=1642079)[0m     slot[0] neighbor=agent_3 dist=1.840m  n_pos=(-0.500,3.800)  rel_pos=(-1.350,-1.250)
[36m(RolloutWorker pid=1642079)[0m [comm] step=   0  agent_3  my_pos=(-0.500,3.800)  received=1
[36m(RolloutWorker pid=1642079)[0m     slot[0] neighbor=agent_2 dist=1.840m  n_pos=(0.850,5.050)  rel_pos=(1.350,1.250)
[36m(RolloutWorker pid=1642079)[0m [graph] step=   1  comm_range=3.5m
[36m(RolloutWorker pid=1642079)[0m   robot_0 pos=( 0.300,-3.750) status=active
[36m(RolloutWorker pid=1642079)[0m     adj=[1  0  0  0]  dist=[ 0.00   5.21   8.82   7.59]  neighbors=[]
[36m(RolloutWorker pid=1642079)[0m   robot_1 pos=(-3.650,-0.350) status=active
[36m(RolloutWorker pid=1642079)[0m     adj=[0  1  0  0]  dist=[ 5.21   0.00   7.03   5.21]  neighbors=[]
[36m(RolloutWorker pid=1642079)[0m   robot_2 pos=( 0.850, 5.050) status=active
[36m(RolloutWorker pid=1642079)[0m     adj=[0  0  1  1]  dist=[ 8.82   7.03   0.00   1.84]  neighbors=[3]
[36m(RolloutWorker pid=1642079)[0m   robot_3 pos=(-0.500, 3.800) status=active
[36m(RolloutWorker pid=1642079)[0m     adj=[0  0  1  1]  dist=[ 7.59   5.21   1.84   0.00]  neighbors=[2]
[36m(RolloutWorker pid=1642079)[0m [comm] step=   1  agent_0  my_pos=(0.300,-3.750)  received=0
[36m(RolloutWorker pid=1642079)[0m     (无有效邻居: 范围外/丢包/延迟填零)
[36m(RolloutWorker pid=1642079)[0m [comm] step=   1  agent_1  my_pos=(-3.650,-0.350)  received=0
[36m(RolloutWorker pid=1642079)[0m     (无有效邻居: 范围外/丢包/延迟填零)
[36m(RolloutWorker pid=1642079)[0m [comm] step=   1  agent_2  my_pos=(0.850,5.050)  received=1
[36m(RolloutWorker pid=1642079)[0m     slot[0] neighbor=agent_3 dist=1.840m  n_pos=(-0.500,3.800)  rel_pos=(-1.350,-1.250)
[36m(RolloutWorker pid=1642079)[0m [comm] step=   1  agent_3  my_pos=(-0.500,3.800)  received=1
[36m(RolloutWorker pid=1642079)[0m     slot[0] neighbor=agent_2 dist=1.840m  n_pos=(0.850,5.050)  rel_pos=(1.350,1.250)
[36m(RolloutWorker pid=1642079)[0m [graph] step=   2  comm_range=3.5m
[36m(RolloutWorker pid=1642079)[0m   robot_0 pos=( 0.300,-3.750) status=active
[36m(RolloutWorker pid=1642079)[0m     adj=[1  0  0  0]  dist=[ 0.00   5.21   8.82   7.59]  neighbors=[]
[36m(RolloutWorker pid=1642079)[0m   robot_1 pos=(-3.650,-0.350) status=active
[36m(RolloutWorker pid=1642079)[0m     adj=[0  1  0  0]  dist=[ 5.21   0.00   7.03   5.21]  neighbors=[]
[36m(RolloutWorker pid=1642079)[0m   robot_2 pos=( 0.849, 5.050) status=active
[36m(RolloutWorker pid=1642079)[0m     adj=[0  0  1  1]  dist=[ 8.82   7.03   0.00   1.84]  neighbors=[3]
[36m(RolloutWorker pid=1642079)[0m   robot_3 pos=(-0.500, 3.799) status=active
[36m(RolloutWorker pid=1642079)[0m     adj=[0  0  1  1]  dist=[ 7.59   5.21   1.84   0.00]  neighbors=[2]
[36m(RolloutWorker pid=1642079)[0m [comm] step=   2  agent_0  my_pos=(0.300,-3.750)  received=0
[36m(RolloutWorker pid=1642079)[0m     (无有效邻居: 范围外/丢包/延迟填零)
[36m(RolloutWorker pid=1642079)[0m [comm] step=   2  agent_1  my_pos=(-3.650,-0.350)  received=0
[36m(RolloutWorker pid=1642079)[0m     (无有效邻居: 范围外/丢包/延迟填零)
[36m(RolloutWorker pid=1642079)[0m [comm] step=   2  agent_2  my_pos=(0.849,5.050)  received=1
[36m(RolloutWorker pid=1642079)[0m     slot[0] neighbor=agent_3 dist=1.840m  n_pos=(-0.500,3.799)  rel_pos=(-1.349,-1.251)
[36m(RolloutWorker pid=1642079)[0m [comm] step=   2  agent_3  my_pos=(-0.500,3.799)  received=1
[36m(RolloutWorker pid=1642079)[0m     slot[0] neighbor=agent_2 dist=1.840m  n_pos=(0.849,5.050)  rel_pos=(1.349,1.251)
[36m(RolloutWorker pid=1642079)[0m [graph] step=   3  comm_range=3.5m
[36m(RolloutWorker pid=1642079)[0m   robot_0 pos=( 0.302,-3.745) status=active
[36m(RolloutWorker pid=1642079)[0m     adj=[1  0  0  0]  dist=[ 0.00   5.21   8.81   7.58]  neighbors=[]
[36m(RolloutWorker pid=1642079)[0m   robot_1 pos=(-3.647,-0.348) status=active
[36m(RolloutWorker pid=1642079)[0m     adj=[0  1  0  0]  dist=[ 5.21   0.00   7.03   5.20]  neighbors=[]
[36m(RolloutWorker pid=1642079)[0m   robot_2 pos=( 0.850, 5.050) status=active
[36m(RolloutWorker pid=1642079)[0m     adj=[0  0  1  1]  dist=[ 8.81   7.03   0.00   1.84]  neighbors=[3]
[36m(RolloutWorker pid=1642079)[0m   robot_3 pos=(-0.501, 3.796) status=active
[36m(RolloutWorker pid=1642079)[0m     adj=[0  0  1  1]  dist=[ 7.58   5.20   1.84   0.00]  neighbors=[2]
[36m(RolloutWorker pid=1642079)[0m [comm] step=   3  agent_0  my_pos=(0.302,-3.745)  received=0
[36m(RolloutWorker pid=1642079)[0m     (无有效邻居: 范围外/丢包/延迟填零)
[36m(RolloutWorker pid=1642079)[0m [comm] step=   3  agent_1  my_pos=(-3.647,-0.348)  received=0
[36m(RolloutWorker pid=1642079)[0m     (无有效邻居: 范围外/丢包/延迟填零)
[36m(RolloutWorker pid=1642079)[0m [comm] step=   3  agent_2  my_pos=(0.850,5.050)  received=1
[36m(RolloutWorker pid=1642079)[0m     slot[0] neighbor=agent_3 dist=1.843m  n_pos=(-0.501,3.796)  rel_pos=(-1.351,-1.254)
[36m(RolloutWorker pid=1642079)[0m [comm] step=   3  agent_3  my_pos=(-0.501,3.796)  received=1
[36m(RolloutWorker pid=1642079)[0m     slot[0] neighbor=agent_2 dist=1.843m  n_pos=(0.850,5.050)  rel_pos=(1.351,1.254)
[36m(RolloutWorker pid=1642079)[0m 
[36m(RolloutWorker pid=1642079)[0m ============================================================
[36m(RolloutWorker pid=1642079)[0m 🏁 Episode 结束 (all_finished)
[36m(RolloutWorker pid=1642079)[0m    步数: 897/2500
[36m(RolloutWorker pid=1642079)[0m    已结束: 4/4
[36m(RolloutWorker pid=1642079)[0m ============================================================
[36m(RolloutWorker pid=1642079)[0m 
[36m(RolloutWorker pid=1642079)[0m [graph] step=   0  comm_range=3.5m
[36m(RolloutWorker pid=1642079)[0m   robot_0 pos=( 0.000, 4.800) status=active
[36m(RolloutWorker pid=1642079)[0m     adj=[1  0  0  0]  dist=[ 0.00   6.25   9.60   6.25]  neighbors=[]
[36m(RolloutWorker pid=1642079)[0m   robot_1 pos=( 4.800, 0.800) status=active
[36m(RolloutWorker pid=1642079)[0m     adj=[0  1  0  0]  dist=[ 6.25   0.00   7.38   9.60]  neighbors=[]
[36m(RolloutWorker pid=1642079)[0m   robot_2 pos=( 0.000,-4.800) status=active
[36m(RolloutWorker pid=1642079)[0m     adj=[0  0  1  0]  dist=[ 9.60   7.38   0.00   7.38]  neighbors=[]
[36m(RolloutWorker pid=1642079)[0m   robot_3 pos=(-4.800, 0.800) status=active
[36m(RolloutWorker pid=1642079)[0m     adj=[0  0  0  1]  dist=[ 6.25   9.60   7.38   0.00]  neighbors=[]
[36m(RolloutWorker pid=1642079)[0m [comm] step=   0  agent_0  my_pos=(0.000,4.800)  received=0
[36m(RolloutWorker pid=1642079)[0m     (无有效邻居: 范围外/丢包/延迟填零)
[36m(RolloutWorker pid=1642079)[0m [comm] step=   0  agent_1  my_pos=(4.800,0.800)  received=0
[36m(RolloutWorker pid=1642079)[0m     (无有效邻居: 范围外/丢包/延迟填零)
[36m(RolloutWorker pid=1642079)[0m [comm] step=   0  agent_2  my_pos=(0.000,-4.800)  received=0
[36m(RolloutWorker pid=1642079)[0m     (无有效邻居: 范围外/丢包/延迟填零)
[36m(RolloutWorker pid=1642079)[0m [comm] step=   0  agent_3  my_pos=(-4.800,0.800)  received=0
[36m(RolloutWorker pid=1642079)[0m     (无有效邻居: 范围外/丢包/延迟填零)
[36m(RolloutWorker pid=1642079)[0m [graph] step=   1  comm_range=3.5m
[36m(RolloutWorker pid=1642079)[0m   robot_0 pos=(-0.001, 4.800) status=active
[36m(RolloutWorker pid=1642079)[0m     adj=[1  0  0  0]  dist=[ 0.00   6.25   9.60   6.25]  neighbors=[]
[36m(RolloutWorker pid=1642079)[0m   robot_1 pos=( 4.800, 0.800) status=active
[36m(RolloutWorker pid=1642079)[0m     adj=[0  1  0  0]  dist=[ 6.25   0.00   7.38   9.60]  neighbors=[]
[36m(RolloutWorker pid=1642079)[0m   robot_2 pos=( 0.000,-4.800) status=active
[36m(RolloutWorker pid=1642079)[0m     adj=[0  0  1  0]  dist=[ 9.60   7.38   0.00   7.38]  neighbors=[]
[36m(RolloutWorker pid=1642079)[0m   robot_3 pos=(-4.800, 0.800) status=active
[36m(RolloutWorker pid=1642079)[0m     adj=[0  0  0  1]  dist=[ 6.25   9.60   7.38   0.00]  neighbors=[]
[36m(RolloutWorker pid=1642079)[0m [comm] step=   1  agent_0  my_pos=(-0.001,4.800)  received=0
[36m(RolloutWorker pid=1642079)[0m     (无有效邻居: 范围外/丢包/延迟填零)
[36m(RolloutWorker pid=1642079)[0m [comm] step=   1  agent_1  my_pos=(4.800,0.800)  received=0
[36m(RolloutWorker pid=1642079)[0m     (无有效邻居: 范围外/丢包/延迟填零)
[36m(RolloutWorker pid=1642079)[0m [comm] step=   1  agent_2  my_pos=(0.000,-4.800)  received=0
[36m(RolloutWorker pid=1642079)[0m     (无有效邻居: 范围外/丢包/延迟填零)
[36m(RolloutWorker pid=1642079)[0m [comm] step=   1  agent_3  my_pos=(-4.800,0.800)  received=0
[36m(RolloutWorker pid=1642079)[0m     (无有效邻居: 范围外/丢包/延迟填零)
[36m(RolloutWorker pid=1642079)[0m [graph] step=   2  comm_range=3.5m
[36m(RolloutWorker pid=1642079)[0m   robot_0 pos=(-0.002, 4.801) status=active
[36m(RolloutWorker pid=1642079)[0m     adj=[1  0  0  0]  dist=[ 0.00   6.25   9.60   6.25]  neighbors=[]
[36m(RolloutWorker pid=1642079)[0m   robot_1 pos=( 4.801, 0.801) status=active
[36m(RolloutWorker pid=1642079)[0m     adj=[0  1  0  0]  dist=[ 6.25   0.00   7.38   9.60]  neighbors=[]
[36m(RolloutWorker pid=1642079)[0m   robot_2 pos=(-0.000,-4.800) status=active
[36m(RolloutWorker pid=1642079)[0m     adj=[0  0  1  0]  dist=[ 9.60   7.38   0.00   7.38]  neighbors=[]
[36m(RolloutWorker pid=1642079)[0m   robot_3 pos=(-4.799, 0.800) status=active
[36m(RolloutWorker pid=1642079)[0m     adj=[0  0  0  1]  dist=[ 6.25   9.60   7.38   0.00]  neighbors=[]
[36m(RolloutWorker pid=1642079)[0m [comm] step=   2  agent_0  my_pos=(-0.002,4.801)  received=0
[36m(RolloutWorker pid=1642079)[0m     (无有效邻居: 范围外/丢包/延迟填零)
[36m(RolloutWorker pid=1642079)[0m [comm] step=   2  agent_1  my_pos=(4.801,0.801)  received=0
[36m(RolloutWorker pid=1642079)[0m     (无有效邻居: 范围外/丢包/延迟填零)
[36m(RolloutWorker pid=1642079)[0m [comm] step=   2  agent_2  my_pos=(-0.000,-4.800)  received=0
[36m(RolloutWorker pid=1642079)[0m     (无有效邻居: 范围外/丢包/延迟填零)
[36m(RolloutWorker pid=1642079)[0m [comm] step=   2  agent_3  my_pos=(-4.799,0.800)  received=0
[36m(RolloutWorker pid=1642079)[0m     (无有效邻居: 范围外/丢包/延迟填零)
[36m(RolloutWorker pid=1642079)[0m [graph] step=   3  comm_range=3.5m
[36m(RolloutWorker pid=1642079)[0m   robot_0 pos=(-0.004, 4.803) status=active
[36m(RolloutWorker pid=1642079)[0m     adj=[1  0  0  0]  dist=[ 0.00   6.25   9.61   6.24]  neighbors=[]
[36m(RolloutWorker pid=1642079)[0m   robot_1 pos=( 4.804, 0.806) status=active
[36m(RolloutWorker pid=1642079)[0m     adj=[0  1  0  0]  dist=[ 6.25   0.00   7.38   9.60]  neighbors=[]
[36m(RolloutWorker pid=1642079)[0m   robot_2 pos=( 0.003,-4.803) status=active
[36m(RolloutWorker pid=1642079)[0m     adj=[0  0  1  0]  dist=[ 9.61   7.38   0.00   7.38]  neighbors=[]
[36m(RolloutWorker pid=1642079)[0m   robot_3 pos=(-4.791, 0.802) status=active
[36m(RolloutWorker pid=1642079)[0m     adj=[0  0  0  1]  dist=[ 6.24   9.60   7.38   0.00]  neighbors=[]
[36m(RolloutWorker pid=1642079)[0m [comm] step=   3  agent_0  my_pos=(-0.004,4.803)  received=0
[36m(RolloutWorker pid=1642079)[0m     (无有效邻居: 范围外/丢包/延迟填零)
[36m(RolloutWorker pid=1642079)[0m [comm] step=   3  agent_1  my_pos=(4.804,0.806)  received=0
[36m(RolloutWorker pid=1642079)[0m     (无有效邻居: 范围外/丢包/延迟填零)
[36m(RolloutWorker pid=1642079)[0m [comm] step=   3  agent_2  my_pos=(0.003,-4.803)  received=0
[36m(RolloutWorker pid=1642079)[0m     (无有效邻居: 范围外/丢包/延迟填零)
[36m(RolloutWorker pid=1642079)[0m [comm] step=   3  agent_3  my_pos=(-4.791,0.802)  received=0
[36m(RolloutWorker pid=1642079)[0m     (无有效邻居: 范围外/丢包/延迟填零)
  [█░░░░░░░░░░░░░░░░░░░░░░░░░░░░░]   3.3%    10,000 / 300,000 步  回报 -641.55  ETA 08:46:59[36m(RolloutWorker pid=1642079)[0m 
[36m(RolloutWorker pid=1642079)[0m ============================================================
[36m(RolloutWorker pid=1642079)[0m 🏁 Episode 结束 (all_finished)
[36m(RolloutWorker pid=1642079)[0m    步数: 1868/2500
[36m(RolloutWorker pid=1642079)[0m    已结束: 4/4
[36m(RolloutWorker pid=1642079)[0m ============================================================
[36m(RolloutWorker pid=1642079)[0m 
[36m(RolloutWorker pid=1642079)[0m [graph] step=   0  comm_range=3.5m
[36m(RolloutWorker pid=1642079)[0m   robot_0 pos=( 0.000,-4.800) status=active
[36m(RolloutWorker pid=1642079)[0m     adj=[1  0  0  0]  dist=[ 0.00   7.38   9.60   7.38]  neighbors=[]
[36m(RolloutWorker pid=1642079)[0m   robot_1 pos=(-4.800, 0.800) status=active
[36m(RolloutWorker pid=1642079)[0m     adj=[0  1  0  0]  dist=[ 7.38   0.00   6.25   9.60]  neighbors=[]
[36m(RolloutWorker pid=1642079)[0m   robot_2 pos=( 0.000, 4.800) status=active
[36m(RolloutWorker pid=1642079)[0m     adj=[0  0  1  0]  dist=[ 9.60   6.25   0.00   6.25]  neighbors=[]
[36m(RolloutWorker pid=1642079)[0m   robot_3 pos=( 4.800, 0.800) status=active
[36m(RolloutWorker pid=1642079)[0m     adj=[0  0  0  1]  dist=[ 7.38   9.60   6.25   0.00]  neighbors=[]
[36m(RolloutWorker pid=1642079)[0m [comm] step=   0  agent_0  my_pos=(0.000,-4.800)  received=0
[36m(RolloutWorker pid=1642079)[0m     (无有效邻居: 范围外/丢包/延迟填零)
[36m(RolloutWorker pid=1642079)[0m [comm] step=   0  agent_1  my_pos=(-4.800,0.800)  received=0
[36m(RolloutWorker pid=1642079)[0m     (无有效邻居: 范围外/丢包/延迟填零)
[36m(RolloutWorker pid=1642079)[0m [comm] step=   0  agent_2  my_pos=(0.000,4.800)  received=0
[36m(RolloutWorker pid=1642079)[0m     (无有效邻居: 范围外/丢包/延迟填零)
[36m(RolloutWorker pid=1642079)[0m [comm] step=   0  agent_3  my_pos=(4.800,0.800)  received=0
[36m(RolloutWorker pid=1642079)[0m     (无有效邻居: 范围外/丢包/延迟填零)
[36m(RolloutWorker pid=1642079)[0m [graph] step=   1  comm_range=3.5m
[36m(RolloutWorker pid=1642079)[0m   robot_0 pos=(-0.002,-4.800) status=active
[36m(RolloutWorker pid=1642079)[0m     adj=[1  0  0  0]  dist=[ 0.00   7.37   9.60   7.38]  neighbors=[]
[36m(RolloutWorker pid=1642079)[0m   robot_1 pos=(-4.800, 0.800) status=active
[36m(RolloutWorker pid=1642079)[0m     adj=[0  1  0  0]  dist=[ 7.37   0.00   6.25   9.60]  neighbors=[]
[36m(RolloutWorker pid=1642079)[0m   robot_2 pos=( 0.000, 4.800) status=active
[36m(RolloutWorker pid=1642079)[0m     adj=[0  0  1  0]  dist=[ 9.60   6.25   0.00   6.25]  neighbors=[]
[36m(RolloutWorker pid=1642079)[0m   robot_3 pos=( 4.800, 0.800) status=active
[36m(RolloutWorker pid=1642079)[0m     adj=[0  0  0  1]  dist=[ 7.38   9.60   6.25   0.00]  neighbors=[]
[36m(RolloutWorker pid=1642079)[0m [comm] step=   1  agent_0  my_pos=(-0.002,-4.800)  received=0
[36m(RolloutWorker pid=1642079)[0m     (无有效邻居: 范围外/丢包/延迟填零)
[36m(RolloutWorker pid=1642079)[0m [comm] step=   1  agent_1  my_pos=(-4.800,0.800)  received=0
[36m(RolloutWorker pid=1642079)[0m     (无有效邻居: 范围外/丢包/延迟填零)
[36m(RolloutWorker pid=1642079)[0m [comm] step=   1  agent_2  my_pos=(0.000,4.800)  received=0
[36m(RolloutWorker pid=1642079)[0m     (无有效邻居: 范围外/丢包/延迟填零)
[36m(RolloutWorker pid=1642079)[0m [comm] step=   1  agent_3  my_pos=(4.800,0.800)  received=0
[36m(RolloutWorker pid=1642079)[0m     (无有效邻居: 范围外/丢包/延迟填零)
[36m(RolloutWorker pid=1642079)[0m [graph] step=   2  comm_range=3.5m
[36m(RolloutWorker pid=1642079)[0m   robot_0 pos=(-0.002,-4.800) status=active
[36m(RolloutWorker pid=1642079)[0m     adj=[1  0  0  0]  dist=[ 0.00   7.37   9.60   7.38]  neighbors=[]
[36m(RolloutWorker pid=1642079)[0m   robot_1 pos=(-4.801, 0.798) status=active
[36m(RolloutWorker pid=1642079)[0m     adj=[0  1  0  0]  dist=[ 7.37   0.00   6.25   9.60]  neighbors=[]
[36m(RolloutWorker pid=1642079)[0m   robot_2 pos=(-0.000, 4.800) status=active
[36m(RolloutWorker pid=1642079)[0m     adj=[0  0  1  0]  dist=[ 9.60   6.25   0.00   6.25]  neighbors=[]
[36m(RolloutWorker pid=1642079)[0m   robot_3 pos=( 4.800, 0.801) status=active
[36m(RolloutWorker pid=1642079)[0m     adj=[0  0  0  1]  dist=[ 7.38   9.60   6.25   0.00]  neighbors=[]
[36m(RolloutWorker pid=1642079)[0m [comm] step=   2  agent_0  my_pos=(-0.002,-4.800)  received=0
[36m(RolloutWorker pid=1642079)[0m     (无有效邻居: 范围外/丢包/延迟填零)
[36m(RolloutWorker pid=1642079)[0m [comm] step=   2  agent_1  my_pos=(-4.801,0.798)  received=0
[36m(RolloutWorker pid=1642079)[0m     (无有效邻居: 范围外/丢包/延迟填零)
[36m(RolloutWorker pid=1642079)[0m [comm] step=   2  agent_2  my_pos=(-0.000,4.800)  received=0
[36m(RolloutWorker pid=1642079)[0m     (无有效邻居: 范围外/丢包/延迟填零)
[36m(RolloutWorker pid=1642079)[0m [comm] step=   2  agent_3  my_pos=(4.800,0.801)  received=0
[36m(RolloutWorker pid=1642079)[0m     (无有效邻居: 范围外/丢包/延迟填零)
[36m(RolloutWorker pid=1642079)[0m [graph] step=   3  comm_range=3.5m
[36m(RolloutWorker pid=1642079)[0m   robot_0 pos=(-0.007,-4.801) status=active
[36m(RolloutWorker pid=1642079)[0m     adj=[1  0  0  0]  dist=[ 0.00   7.37   9.60   7.39]  neighbors=[]
[36m(RolloutWorker pid=1642079)[0m   robot_1 pos=(-4.800, 0.799) status=active
[36m(RolloutWorker pid=1642079)[0m     adj=[0  1  0  0]  dist=[ 7.37   0.00   6.25   9.60]  neighbors=[]
[36m(RolloutWorker pid=1642079)[0m   robot_2 pos=( 0.002, 4.798) status=active
[36m(RolloutWorker pid=1642079)[0m     adj=[0  0  1  0]  dist=[ 9.60   6.25   0.00   6.24]  neighbors=[]
[36m(RolloutWorker pid=1642079)[0m   robot_3 pos=( 4.800, 0.810) status=active
[36m(RolloutWorker pid=1642079)[0m     adj=[0  0  0  1]  dist=[ 7.39   9.60   6.24   0.00]  neighbors=[]
[36m(RolloutWorker pid=1642079)[0m [comm] step=   3  agent_0  my_pos=(-0.007,-4.801)  received=0
[36m(RolloutWorker pid=1642079)[0m     (无有效邻居: 范围外/丢包/延迟填零)
[36m(RolloutWorker pid=1642079)[0m [comm] step=   3  agent_1  my_pos=(-4.800,0.799)  received=0
[36m(RolloutWorker pid=1642079)[0m     (无有效邻居: 范围外/丢包/延迟填零)
[36m(RolloutWorker pid=1642079)[0m [comm] step=   3  agent_2  my_pos=(0.002,4.798)  received=0
[36m(RolloutWorker pid=1642079)[0m     (无有效邻居: 范围外/丢包/延迟填零)
[36m(RolloutWorker pid=1642079)[0m [comm] step=   3  agent_3  my_pos=(4.800,0.810)  received=0
[36m(RolloutWorker pid=1642079)[0m     (无有效邻居: 范围外/丢包/延迟填零)
[36m(RolloutWorker pid=1642079)[0m 
[36m(RolloutWorker pid=1642079)[0m ============================================================
[36m(RolloutWorker pid=1642079)[0m 🏁 Episode 结束 (all_finished)
[36m(RolloutWorker pid=1642079)[0m    步数: 2138/2500
[36m(RolloutWorker pid=1642079)[0m    已结束: 4/4
[36m(RolloutWorker pid=1642079)[0m ============================================================
[36m(RolloutWorker pid=1642079)[0m 
[36m(RolloutWorker pid=1642079)[0m [graph] step=   0  comm_range=3.5m
[36m(RolloutWorker pid=1642079)[0m   robot_0 pos=( 4.800, 0.800) status=active
[36m(RolloutWorker pid=1642079)[0m     adj=[1  0  0  0]  dist=[ 0.00   6.25   7.38   9.60]  neighbors=[]
[36m(RolloutWorker pid=1642079)[0m   robot_1 pos=( 0.000, 4.800) status=active
[36m(RolloutWorker pid=1642079)[0m     adj=[0  1  0  0]  dist=[ 6.25   0.00   9.60   6.25]  neighbors=[]
[36m(RolloutWorker pid=1642079)[0m   robot_2 pos=( 0.000,-4.800) status=active
[36m(RolloutWorker pid=1642079)[0m     adj=[0  0  1  0]  dist=[ 7.38   9.60   0.00   7.38]  neighbors=[]
[36m(RolloutWorker pid=1642079)[0m   robot_3 pos=(-4.800, 0.800) status=active
[36m(RolloutWorker pid=1642079)[0m     adj=[0  0  0  1]  dist=[ 9.60   6.25   7.38   0.00]  neighbors=[]
[36m(RolloutWorker pid=1642079)[0m [comm] step=   0  agent_0  my_pos=(4.800,0.800)  received=0
[36m(RolloutWorker pid=1642079)[0m     (无有效邻居: 范围外/丢包/延迟填零)
[36m(RolloutWorker pid=1642079)[0m [comm] step=   0  agent_1  my_pos=(0.000,4.800)  received=0
[36m(RolloutWorker pid=1642079)[0m     (无有效邻居: 范围外/丢包/延迟填零)
[36m(RolloutWorker pid=1642079)[0m [comm] step=   0  agent_2  my_pos=(0.000,-4.800)  received=0
[36m(RolloutWorker pid=1642079)[0m     (无有效邻居: 范围外/丢包/延迟填零)
[36m(RolloutWorker pid=1642079)[0m [comm] step=   0  agent_3  my_pos=(-4.800,0.800)  received=0
[36m(RolloutWorker pid=1642079)[0m     (无有效邻居: 范围外/丢包/延迟填零)
[36m(RolloutWorker pid=1642079)[0m [graph] step=   1  comm_range=3.5m
[36m(RolloutWorker pid=1642079)[0m   robot_0 pos=( 4.800, 0.800) status=active
[36m(RolloutWorker pid=1642079)[0m     adj=[1  0  0  0]  dist=[ 0.00   6.25   7.38   9.60]  neighbors=[]
[36m(RolloutWorker pid=1642079)[0m   robot_1 pos=(-0.000, 4.800) status=active
[36m(RolloutWorker pid=1642079)[0m     adj=[0  1  0  0]  dist=[ 6.25   0.00   9.60   6.25]  neighbors=[]
[36m(RolloutWorker pid=1642079)[0m   robot_2 pos=( 0.000,-4.800) status=active
[36m(RolloutWorker pid=1642079)[0m     adj=[0  0  1  0]  dist=[ 7.38   9.60   0.00   7.38]  neighbors=[]
[36m(RolloutWorker pid=1642079)[0m   robot_3 pos=(-4.800, 0.800) status=active
[36m(RolloutWorker pid=1642079)[0m     adj=[0  0  0  1]  dist=[ 9.60   6.25   7.38   0.00]  neighbors=[]
[36m(RolloutWorker pid=1642079)[0m [comm] step=   1  agent_0  my_pos=(4.800,0.800)  received=0
[36m(RolloutWorker pid=1642079)[0m     (无有效邻居: 范围外/丢包/延迟填零)
[36m(RolloutWorker pid=1642079)[0m [comm] step=   1  agent_1  my_pos=(-0.000,4.800)  received=0
[36m(RolloutWorker pid=1642079)[0m     (无有效邻居: 范围外/丢包/延迟填零)
[36m(RolloutWorker pid=1642079)[0m [comm] step=   1  agent_2  my_pos=(0.000,-4.800)  received=0
[36m(RolloutWorker pid=1642079)[0m     (无有效邻居: 范围外/丢包/延迟填零)
[36m(RolloutWorker pid=1642079)[0m [comm] step=   1  agent_3  my_pos=(-4.800,0.800)  received=0
[36m(RolloutWorker pid=1642079)[0m     (无有效邻居: 范围外/丢包/延迟填零)
[36m(RolloutWorker pid=1642079)[0m [graph] step=   2  comm_range=3.5m
[36m(RolloutWorker pid=1642079)[0m   robot_0 pos=( 4.800, 0.800) status=active
[36m(RolloutWorker pid=1642079)[0m     adj=[1  0  0  0]  dist=[ 0.00   6.25   7.38   9.60]  neighbors=[]
[36m(RolloutWorker pid=1642079)[0m   robot_1 pos=( 0.000, 4.800) status=active
[36m(RolloutWorker pid=1642079)[0m     adj=[0  1  0  0]  dist=[ 6.25   0.00   9.60   6.25]  neighbors=[]
[36m(RolloutWorker pid=1642079)[0m   robot_2 pos=( 0.000,-4.800) status=active
[36m(RolloutWorker pid=1642079)[0m     adj=[0  0  1  0]  dist=[ 7.38   9.60   0.00   7.38]  neighbors=[]
[36m(RolloutWorker pid=1642079)[0m   robot_3 pos=(-4.800, 0.800) status=active
[36m(RolloutWorker pid=1642079)[0m     adj=[0  0  0  1]  dist=[ 9.60   6.25   7.38   0.00]  neighbors=[]
[36m(RolloutWorker pid=1642079)[0m [comm] step=   2  agent_0  my_pos=(4.800,0.800)  received=0
[36m(RolloutWorker pid=1642079)[0m     (无有效邻居: 范围外/丢包/延迟填零)
[36m(RolloutWorker pid=1642079)[0m [comm] step=   2  agent_1  my_pos=(0.000,4.800)  received=0
[36m(RolloutWorker pid=1642079)[0m     (无有效邻居: 范围外/丢包/延迟填零)
[36m(RolloutWorker pid=1642079)[0m [comm] step=   2  agent_2  my_pos=(0.000,-4.800)  received=0
[36m(RolloutWorker pid=1642079)[0m     (无有效邻居: 范围外/丢包/延迟填零)
[36m(RolloutWorker pid=1642079)[0m [comm] step=   2  agent_3  my_pos=(-4.800,0.800)  received=0
[36m(RolloutWorker pid=1642079)[0m     (无有效邻居: 范围外/丢包/延迟填零)
[36m(RolloutWorker pid=1642079)[0m [graph] step=   3  comm_range=3.5m
[36m(RolloutWorker pid=1642079)[0m   robot_0 pos=( 4.800, 0.805) status=active
[36m(RolloutWorker pid=1642079)[0m     adj=[1  0  0  0]  dist=[ 0.00   6.25   7.38   9.60]  neighbors=[]
[36m(RolloutWorker pid=1642079)[0m   robot_1 pos=(-0.000, 4.800) status=active
[36m(RolloutWorker pid=1642079)[0m     adj=[0  1  0  0]  dist=[ 6.25   0.00   9.60   6.25]  neighbors=[]
[36m(RolloutWorker pid=1642079)[0m   robot_2 pos=(-0.001,-4.800) status=active
[36m(RolloutWorker pid=1642079)[0m     adj=[0  0  1  0]  dist=[ 7.38   9.60   0.00   7.37]  neighbors=[]
[36m(RolloutWorker pid=1642079)[0m   robot_3 pos=(-4.797, 0.799) status=active
[36m(RolloutWorker pid=1642079)[0m     adj=[0  0  0  1]  dist=[ 9.60   6.25   7.37   0.00]  neighbors=[]
[36m(RolloutWorker pid=1642079)[0m [comm] step=   3  agent_0  my_pos=(4.800,0.805)  received=0
[36m(RolloutWorker pid=1642079)[0m     (无有效邻居: 范围外/丢包/延迟填零)
[36m(RolloutWorker pid=1642079)[0m [comm] step=   3  agent_1  my_pos=(-0.000,4.800)  received=0
[36m(RolloutWorker pid=1642079)[0m     (无有效邻居: 范围外/丢包/延迟填零)
[36m(RolloutWorker pid=1642079)[0m [comm] step=   3  agent_2  my_pos=(-0.001,-4.800)  received=0
[36m(RolloutWorker pid=1642079)[0m     (无有效邻居: 范围外/丢包/延迟填零)
[36m(RolloutWorker pid=1642079)[0m [comm] step=   3  agent_3  my_pos=(-4.797,0.799)  received=0
[36m(RolloutWorker pid=1642079)[0m     (无有效邻居: 范围外/丢包/延迟填零)
[36m(RolloutWorker pid=1642079)[0m 
[36m(RolloutWorker pid=1642079)[0m ============================================================
[36m(RolloutWorker pid=1642079)[0m 🏁 Episode 结束 (timeout)
[36m(RolloutWorker pid=1642079)[0m    步数: 2500/2500
[36m(RolloutWorker pid=1642079)[0m    已结束: 4/4
[36m(RolloutWorker pid=1642079)[0m ============================================================
[36m(RolloutWorker pid=1642079)[0m 
[36m(RolloutWorker pid=1642079)[0m [graph] step=   0  comm_range=3.5m
[36m(RolloutWorker pid=1642079)[0m   robot_0 pos=( 4.800, 0.800) status=active
[36m(RolloutWorker pid=1642079)[0m     adj=[1  0  0  0]  dist=[ 0.00   7.38   6.25   9.60]  neighbors=[]
[36m(RolloutWorker pid=1642079)[0m   robot_1 pos=( 0.000,-4.800) status=active
[36m(RolloutWorker pid=1642079)[0m     adj=[0  1  0  0]  dist=[ 7.38   0.00   9.60   7.38]  neighbors=[]
[36m(RolloutWorker pid=1642079)[0m   robot_2 pos=( 0.000, 4.800) status=active
[36m(RolloutWorker pid=1642079)[0m     adj=[0  0  1  0]  dist=[ 6.25   9.60   0.00   6.25]  neighbors=[]
[36m(RolloutWorker pid=1642079)[0m   robot_3 pos=(-4.800, 0.800) status=active
[36m(RolloutWorker pid=1642079)[0m     adj=[0  0  0  1]  dist=[ 9.60   7.38   6.25   0.00]  neighbors=[]
[36m(RolloutWorker pid=1642079)[0m [comm] step=   0  agent_0  my_pos=(4.800,0.800)  received=0
[36m(RolloutWorker pid=1642079)[0m     (无有效邻居: 范围外/丢包/延迟填零)
[36m(RolloutWorker pid=1642079)[0m [comm] step=   0  agent_1  my_pos=(0.000,-4.800)  received=0
[36m(RolloutWorker pid=1642079)[0m     (无有效邻居: 范围外/丢包/延迟填零)
[36m(RolloutWorker pid=1642079)[0m [comm] step=   0  agent_2  my_pos=(0.000,4.800)  received=0
[36m(RolloutWorker pid=1642079)[0m     (无有效邻居: 范围外/丢包/延迟填零)
[36m(RolloutWorker pid=1642079)[0m [comm] step=   0  agent_3  my_pos=(-4.800,0.800)  received=0
[36m(RolloutWorker pid=1642079)[0m     (无有效邻居: 范围外/丢包/延迟填零)
[36m(RolloutWorker pid=1642079)[0m [graph] step=   1  comm_range=3.5m
[36m(RolloutWorker pid=1642079)[0m   robot_0 pos=( 4.800, 0.800) status=active
[36m(RolloutWorker pid=1642079)[0m     adj=[1  0  0  0]  dist=[ 0.00   7.38   6.25   9.60]  neighbors=[]
[36m(RolloutWorker pid=1642079)[0m   robot_1 pos=(-0.000,-4.800) status=active
[36m(RolloutWorker pid=1642079)[0m     adj=[0  1  0  0]  dist=[ 7.38   0.00   9.60   7.38]  neighbors=[]
[36m(RolloutWorker pid=1642079)[0m   robot_2 pos=( 0.000, 4.800) status=active
[36m(RolloutWorker pid=1642079)[0m     adj=[0  0  1  0]  dist=[ 6.25   9.60   0.00   6.25]  neighbors=[]
[36m(RolloutWorker pid=1642079)[0m   robot_3 pos=(-4.800, 0.800) status=active
