
[1m[0;36m═══ 环境检查 ═══[0m

[0;32m[✓][0m 环境检查通过
[0;36m[INFO][0m   导入权重自: /home/wj/work/multi-robot-exploration-rl/ray_results/
[0;36m[INFO][0m   ROS_DOMAIN_ID: 41
[0;36m[INFO][0m   GAZEBO_MASTER_URI: http://127.0.0.1:11645
[0;36m[INFO][0m   Ray 输出目录: /home/wj/work/multi-robot-exploration-rl/ray_results/gat_s1_continuous
[0;36m[INFO][0m   课程日志目录: /home/wj/work/multi-robot-exploration-rl/curriculum_logs/gat_s1_continuous

[0;36m[INFO][0m 正在停止当前脚本启动的 ROS2/Gazebo 进程...

[1m[0;36m  启动 Gazebo 环境 (Stage 1 · Stage 1 · 静态入门)[0m

[0;36m[INFO][0m 等待 Gazebo 就绪（最多 60s）...
=== Stage 1: Stage 1 · 静态入门 ===
[INFO] [launch]: All log files can be found below /home/wj/.ros/log/2026-04-15-16-45-06-670961-wj-Default-string-108581
[INFO] [launch]: Default logging verbosity is set to INFO
[INFO] Loading world (HEADLESS): /home/wj/work/multi-robot-exploration-rl/install/start_rl_environment_tb3/share/start_rl_environment_tb3/worlds/corridor_swap.world
[INFO] Using GAZEBO_MASTER_URI: http://127.0.0.1:11645
[INFO] Spawning 4 TurtleBot3 robots on corridor_swap...
[INFO] Using random positions
[INFO] Using fixed positions for 4 robots
[INFO]   Robot 0: Robot 0 - 左侧中间 at (-4.50, 0.00)
[INFO]   Robot 1: Robot 1 - 右侧中间 at (4.50, 0.00)
[INFO]   Robot 2: Robot 2 - 左下 at (-4.50, -3.00)
[INFO]   Robot 3: Robot 3 - 左上 at (-4.50, 3.00)
[spawn_robots] Created modified SDF for tb3_0 at /tmp/tb3_0_uf75q818.sdf
[spawn_robots] Created modified SDF for tb3_1 at /tmp/tb3_1_g0do23ua.sdf
[spawn_robots] Created modified SDF for tb3_2 at /tmp/tb3_2__v6oanq8.sdf
[spawn_robots] Created modified SDF for tb3_3 at /tmp/tb3_3_04sj6boc.sdf
[INFO] Map Server loading: /home/wj/work/multi-robot-exploration-rl/install/start_rl_environment_tb3/share/start_rl_environment_tb3/maps/corridor_swap.yaml
[INFO] [gzserver-1]: process started with pid [108658]
[INFO] [robot_state_publisher-2]: process started with pid [108660]
[INFO] [spawn_entity.py-3]: process started with pid [108662]
[INFO] [static_transform_publisher-4]: process started with pid [108664]
[INFO] [robot_state_publisher-5]: process started with pid [108666]
[INFO] [spawn_entity.py-6]: process started with pid [108668]
[INFO] [static_transform_publisher-7]: process started with pid [108670]
[INFO] [robot_state_publisher-8]: process started with pid [108672]
[INFO] [spawn_entity.py-9]: process started with pid [108674]
[INFO] [static_transform_publisher-10]: process started with pid [108676]
[INFO] [robot_state_publisher-11]: process started with pid [108678]
[INFO] [spawn_entity.py-12]: process started with pid [108680]
[INFO] [static_transform_publisher-13]: process started with pid [108684]
[INFO] [map_server-14]: process started with pid [108689]
[INFO] [lifecycle_manager-15]: process started with pid [108702]
[INFO] [rviz2-16]: process started with pid [108719]
[INFO] [obstacle_mover.py-17]: process started with pid [108724]
[static_transform_publisher-4] [WARN] [1776242706.968199926] []: Old-style arguments are deprecated; see --help for new-style arguments
[static_transform_publisher-7] [WARN] [1776242706.968808792] []: Old-style arguments are deprecated; see --help for new-style arguments
[static_transform_publisher-10] [WARN] [1776242706.972983399] []: Old-style arguments are deprecated; see --help for new-style arguments
[static_transform_publisher-13] [WARN] [1776242706.994133346] []: Old-style arguments are deprecated; see --help for new-style arguments
[static_transform_publisher-10] [INFO] [1776242707.026651605] [static_tf_tb3_2]: Spinning until stopped - publishing transform
[static_transform_publisher-10] translation: ('0.000000', '0.000000', '0.000000')
[static_transform_publisher-10] rotation: ('0.000000', '0.000000', '0.000000', '1.000000')
[static_transform_publisher-10] from 'map' to 'tb3_2/odom'
[static_transform_publisher-4] [INFO] [1776242707.034331595] [static_tf_tb3_0]: Spinning until stopped - publishing transform
[static_transform_publisher-4] translation: ('0.000000', '0.000000', '0.000000')
[static_transform_publisher-4] rotation: ('0.000000', '0.000000', '0.000000', '1.000000')
[static_transform_publisher-4] from 'map' to 'tb3_0/odom'
[robot_state_publisher-5] [INFO] [1776242707.037201652] [tb3_1.robot_state_publisher]: got segment base_footprint
[robot_state_publisher-5] [INFO] [1776242707.037382402] [tb3_1.robot_state_publisher]: got segment base_link
[robot_state_publisher-5] [INFO] [1776242707.037405730] [tb3_1.robot_state_publisher]: got segment base_scan
[robot_state_publisher-5] [INFO] [1776242707.037418530] [tb3_1.robot_state_publisher]: got segment caster_back_link
[robot_state_publisher-5] [INFO] [1776242707.037430638] [tb3_1.robot_state_publisher]: got segment imu_link
[robot_state_publisher-5] [INFO] [1776242707.037441574] [tb3_1.robot_state_publisher]: got segment wheel_left_link
[robot_state_publisher-5] [INFO] [1776242707.037453344] [tb3_1.robot_state_publisher]: got segment wheel_right_link
[robot_state_publisher-2] [INFO] [1776242707.061701964] [tb3_0.robot_state_publisher]: got segment base_footprint
[robot_state_publisher-2] [INFO] [1776242707.061866489] [tb3_0.robot_state_publisher]: got segment base_link
[robot_state_publisher-2] [INFO] [1776242707.061891141] [tb3_0.robot_state_publisher]: got segment base_scan
[robot_state_publisher-2] [INFO] [1776242707.061904978] [tb3_0.robot_state_publisher]: got segment caster_back_link
[robot_state_publisher-2] [INFO] [1776242707.061917444] [tb3_0.robot_state_publisher]: got segment imu_link
[robot_state_publisher-2] [INFO] [1776242707.061927512] [tb3_0.robot_state_publisher]: got segment wheel_left_link
[robot_state_publisher-2] [INFO] [1776242707.061938793] [tb3_0.robot_state_publisher]: got segment wheel_right_link
[static_transform_publisher-13] [INFO] [1776242707.065094959] [static_tf_tb3_3]: Spinning until stopped - publishing transform
[static_transform_publisher-13] translation: ('0.000000', '0.000000', '0.000000')
[static_transform_publisher-13] rotation: ('0.000000', '0.000000', '0.000000', '1.000000')
[static_transform_publisher-13] from 'map' to 'tb3_3/odom'
[static_transform_publisher-7] [INFO] [1776242707.072329674] [static_tf_tb3_1]: Spinning until stopped - publishing transform
[static_transform_publisher-7] translation: ('0.000000', '0.000000', '0.000000')
[static_transform_publisher-7] rotation: ('0.000000', '0.000000', '0.000000', '1.000000')
[static_transform_publisher-7] from 'map' to 'tb3_1/odom'
[robot_state_publisher-11] [INFO] [1776242707.074317383] [tb3_3.robot_state_publisher]: got segment base_footprint
[robot_state_publisher-11] [INFO] [1776242707.075225439] [tb3_3.robot_state_publisher]: got segment base_link
[robot_state_publisher-11] [INFO] [1776242707.075249526] [tb3_3.robot_state_publisher]: got segment base_scan
[robot_state_publisher-11] [INFO] [1776242707.075260344] [tb3_3.robot_state_publisher]: got segment caster_back_link
[robot_state_publisher-11] [INFO] [1776242707.075269364] [tb3_3.robot_state_publisher]: got segment imu_link
[robot_state_publisher-11] [INFO] [1776242707.075277081] [tb3_3.robot_state_publisher]: got segment wheel_left_link
[robot_state_publisher-11] [INFO] [1776242707.075285335] [tb3_3.robot_state_publisher]: got segment wheel_right_link
[robot_state_publisher-8] [INFO] [1776242707.079038996] [tb3_2.robot_state_publisher]: got segment base_footprint
/home/wj/work/multi-robot-exploration-rl/src/gnn_marl_training/run_curriculum.sh: 行 352: [[: 0
0: 表达式中有语法错误（错误记号是 "0"）
[robot_state_publisher-8] [INFO] [1776242707.080129937] [tb3_2.robot_state_publisher]: got segment base_link
[robot_state_publisher-8] [INFO] [1776242707.080152184] [tb3_2.robot_state_publisher]: got segment base_scan
[robot_state_publisher-8] [INFO] [1776242707.080163424] [tb3_2.robot_state_publisher]: got segment caster_back_link
[robot_state_publisher-8] [INFO] [1776242707.080173512] [tb3_2.robot_state_publisher]: got segment imu_link
[robot_state_publisher-8] [INFO] [1776242707.080240846] [tb3_2.robot_state_publisher]: got segment wheel_left_link
[robot_state_publisher-8] [INFO] [1776242707.080253219] [tb3_2.robot_state_publisher]: got segment wheel_right_link
[map_server-14] [INFO] [1776242707.096654528] [map_server]: 
[map_server-14] 	map_server lifecycle node launched. 
[map_server-14] 	Waiting on external lifecycle transitions to activate
[map_server-14] 	See https://design.ros2.org/articles/node_lifecycle.html for more information.
[map_server-14] [INFO] [1776242707.096934997] [map_server]: Creating
[lifecycle_manager-15] [INFO] [1776242707.109918638] [lifecycle_manager_map]: Creating
[lifecycle_manager-15] [INFO] [1776242707.113049117] [lifecycle_manager_map]: [34m[1mCreating and initializing lifecycle service clients[0m[0m
[lifecycle_manager-15] [INFO] [1776242707.211004907] [lifecycle_manager_map]: [34m[1mStarting managed nodes bringup...[0m[0m
[lifecycle_manager-15] [INFO] [1776242707.211081838] [lifecycle_manager_map]: [34m[1mConfiguring map_server[0m[0m
[map_server-14] [INFO] [1776242707.212520142] [map_server]: Configuring
[map_server-14] [INFO] [1776242707.212602961] [map_io]: Loading yaml file: /home/wj/work/multi-robot-exploration-rl/install/start_rl_environment_tb3/share/start_rl_environment_tb3/maps/corridor_swap.yaml
[map_server-14] [INFO] [1776242707.212974533] [map_io]: resolution: 0.05
[map_server-14] [INFO] [1776242707.212993075] [map_io]: origin[0]: -6
[map_server-14] [INFO] [1776242707.213001913] [map_io]: origin[1]: -6
[map_server-14] [INFO] [1776242707.213009574] [map_io]: origin[2]: 0
[map_server-14] [INFO] [1776242707.213018003] [map_io]: free_thresh: 0.196
[map_server-14] [INFO] [1776242707.213026140] [map_io]: occupied_thresh: 0.65
[map_server-14] [INFO] [1776242707.213035853] [map_io]: mode: trinary
[map_server-14] [INFO] [1776242707.213046751] [map_io]: negate: 0
[map_server-14] [INFO] [1776242707.213282977] [map_io]: Loading image_file: /home/wj/work/multi-robot-exploration-rl/install/start_rl_environment_tb3/share/start_rl_environment_tb3/maps/corridor_swap.pgm
[map_server-14] [INFO] [1776242707.225590606] [map_io]: Read map /home/wj/work/multi-robot-exploration-rl/install/start_rl_environment_tb3/share/start_rl_environment_tb3/maps/corridor_swap.pgm: 240 X 240 map @ 0.05 m/cell
[lifecycle_manager-15] [INFO] [1776242707.248395205] [lifecycle_manager_map]: [34m[1mActivating map_server[0m[0m
[map_server-14] [INFO] [1776242707.248681388] [map_server]: Activating
[map_server-14] [INFO] [1776242707.248953265] [map_server]: Creating bond (map_server) to lifecycle manager.
[lifecycle_manager-15] [INFO] [1776242707.358091076] [lifecycle_manager_map]: Server map_server connected with bond.
[lifecycle_manager-15] [INFO] [1776242707.358166152] [lifecycle_manager_map]: [34m[1mManaged nodes are active[0m[0m
[lifecycle_manager-15] [INFO] [1776242707.358186082] [lifecycle_manager_map]: [34m[1mCreating bond timer...[0m[0m
[gzserver-1] Gazebo multi-robot simulator, version 11.10.2
[gzserver-1] Copyright (C) 2012 Open Source Robotics Foundation.
[gzserver-1] Released under the Apache 2 License.
[gzserver-1] http://gazebosim.org
[gzserver-1] 
[spawn_entity.py-3] [INFO] [1776242707.824933284] [tb3_0.spawn_entity]: Spawn Entity started
[spawn_entity.py-3] [INFO] [1776242707.825502859] [tb3_0.spawn_entity]: Loading entity XML from file /tmp/tb3_0_uf75q818.sdf
[spawn_entity.py-3] [INFO] [1776242707.828140880] [tb3_0.spawn_entity]: Waiting for service /spawn_entity, timeout = 30
[spawn_entity.py-3] [INFO] [1776242707.829754273] [tb3_0.spawn_entity]: Waiting for service /spawn_entity
[spawn_entity.py-9] [INFO] [1776242707.838335954] [tb3_2.spawn_entity]: Spawn Entity started
[spawn_entity.py-9] [INFO] [1776242707.840340705] [tb3_2.spawn_entity]: Loading entity XML from file /tmp/tb3_2__v6oanq8.sdf
[spawn_entity.py-9] [INFO] [1776242707.842986654] [tb3_2.spawn_entity]: Waiting for service /spawn_entity, timeout = 30
[spawn_entity.py-9] [INFO] [1776242707.843640434] [tb3_2.spawn_entity]: Waiting for service /spawn_entity
[spawn_entity.py-12] [INFO] [1776242707.849042267] [tb3_3.spawn_entity]: Spawn Entity started
[spawn_entity.py-12] [INFO] [1776242707.850318058] [tb3_3.spawn_entity]: Loading entity XML from file /tmp/tb3_3_04sj6boc.sdf
[spawn_entity.py-12] [INFO] [1776242707.852425179] [tb3_3.spawn_entity]: Waiting for service /spawn_entity, timeout = 30
[spawn_entity.py-12] [INFO] [1776242707.853844658] [tb3_3.spawn_entity]: Waiting for service /spawn_entity
[spawn_entity.py-6] [INFO] [1776242707.858085897] [tb3_1.spawn_entity]: Spawn Entity started
[spawn_entity.py-6] [INFO] [1776242707.858583954] [tb3_1.spawn_entity]: Loading entity XML from file /tmp/tb3_1_g0do23ua.sdf
[spawn_entity.py-6] [INFO] [1776242707.859702278] [tb3_1.spawn_entity]: Waiting for service /spawn_entity, timeout = 30
[spawn_entity.py-6] [INFO] [1776242707.860225714] [tb3_1.spawn_entity]: Waiting for service /spawn_entity
[gzserver-1] [1;33m[Wrn] [gazebo_ros_init.cpp:178] [0m[1;33m
[gzserver-1] #     # ####### ####### ###  #####  #######
[gzserver-1] ##    # #     #    #     #  #     # #
[gzserver-1] # #   # #     #    #     #  #       #
[gzserver-1] #  #  # #     #    #     #  #       #####
[gzserver-1] #   # # #     #    #     #  #       #
[gzserver-1] #    ## #     #    #     #  #     # #
[gzserver-1] #     # #######    #    ###  #####  #######
[gzserver-1] 
[gzserver-1] This version of Gazebo, now called Gazebo classic, reaches end-of-life
[gzserver-1] in January 2025. Users are highly encouraged to migrate to the new Gazebo
[gzserver-1] using our migration guides (https://gazebosim.org/docs/latest/gazebo_classic_migration?utm_source=gazebo_ros_pkgs&utm_medium=cli)
[gzserver-1] 
[gzserver-1] [0m[1;33m
[gzserver-1] [1;32m[Msg] [0m[1;32mWaiting for master.[0m[1;32m
[gzserver-1] [0m[1;32m[0m[1;32m[0m[1;32m[Msg] [0m[1;32mConnected to gazebo master @ [0m[1;32mhttp://127.0.0.1:11645[0m[1;32m
[gzserver-1] [0m[1;32m[0m[1;32m[0m[1;32m[Msg] [0m[1;32mPublicized address: [0m[1;32m172.19.10.153[0m[1;32m
[rviz2-16] [INFO] [1776242708.239637132] [rviz2]: Stereo is NOT SUPPORTED
[rviz2-16] [INFO] [1776242708.239822313] [rviz2]: OpenGl version: 4.6 (GLSL 4.6)
[rviz2-16] [INFO] [1776242708.407362959] [rviz2]: Stereo is NOT SUPPORTED
  等待中... 2s / 60s[gzserver-1] [0m[1;32m[0m[1;32m[0m[1;32m[Msg] [0m[1;32mLoading world file [[0m[1;32m/home/wj/work/multi-robot-exploration-rl/install/start_rl_environment_tb3/share/start_rl_environment_tb3/worlds/corridor_swap.world[0m[1;32m][0m[1;32m
/home/wj/work/multi-robot-exploration-rl/src/gnn_marl_training/run_curriculum.sh: 行 352: [[: 0
0: 表达式中有语法错误（错误记号是 "0"）
[gzserver-1] [0m[1;33m[0m[1;33m[0m[WARN] [1776242709.781815446] [rcl]: Found remap rule 'model_states:=model_states_demo'. This syntax is deprecated. Use '--ros-args --remap model_states:=model_states_demo' instead.
[gzserver-1] [INFO] [1776242709.797887276] [gazebo_ros_state]: Publishing states of gazebo models at [/model_states_demo]
[gzserver-1] [INFO] [1776242709.798985763] [gazebo_ros_state]: Publishing states of gazebo links at [/link_states]
[spawn_entity.py-3] [INFO] [1776242709.842302389] [tb3_0.spawn_entity]: Calling service /spawn_entity
[spawn_entity.py-9] [INFO] [1776242709.856460099] [tb3_2.spawn_entity]: Calling service /spawn_entity
[spawn_entity.py-12] [INFO] [1776242709.865648778] [tb3_3.spawn_entity]: Calling service /spawn_entity
[spawn_entity.py-6] [INFO] [1776242709.870462518] [tb3_1.spawn_entity]: Calling service /spawn_entity
[obstacle_mover.py-17] [INFO] [1776242710.054716815] [obstacle_mover]: [obstacle_mover] map=3  4 个障碍物  速度=0.110 m/s (scale×1.0)  30 Hz  随机游走模式
[obstacle_mover.py-17] [INFO] [1776242710.060655989] [obstacle_mover]: [obstacle_mover] ✅ dyn_obs_4~dyn_obs_7 已下沉至 z=-10.0
[gzserver-1] [INFO] [1776242710.067838474] [tb3_0.turtlebot3_imu]: <initial_orientation_as_reference> is unset, using default value of false to comply with REP 145 (world as orientation reference)
[spawn_entity.py-3] [INFO] [1776242710.181512413] [tb3_0.spawn_entity]: Spawn status: SpawnEntity: Successfully spawned entity [tb3_0]
[gzserver-1] [INFO] [1776242710.316175605] [tb3_0.turtlebot3_diff_drive]: Wheel pair 1 separation set to [0.160000m]
[gzserver-1] [INFO] [1776242710.316323780] [tb3_0.turtlebot3_diff_drive]: Wheel pair 1 diameter set to [0.066000m]
[gzserver-1] [INFO] [1776242710.319047234] [tb3_0.turtlebot3_diff_drive]: Subscribed to [/tb3_0/cmd_vel]
[gzserver-1] [INFO] [1776242710.324096147] [tb3_0.turtlebot3_diff_drive]: Advertise odometry on [/tb3_0/odom]
[gzserver-1] [INFO] [1776242710.329195861] [tb3_0.turtlebot3_diff_drive]: Publishing odom transforms between [tb3_0/odom] and [tb3_0/base_footprint]
[gzserver-1] [INFO] [1776242710.349162342] [tb3_0.turtlebot3_joint_state]: Going to publish joint [wheel_left_joint]
[gzserver-1] [INFO] [1776242710.349240639] [tb3_0.turtlebot3_joint_state]: Going to publish joint [wheel_right_joint]
[INFO] [spawn_entity.py-3]: process has finished cleanly [pid 108662]
[gzserver-1] [INFO] [1776242710.654703071] [tb3_2.turtlebot3_imu]: <initial_orientation_as_reference> is unset, using default value of false to comply with REP 145 (world as orientation reference)
[spawn_entity.py-9] [INFO] [1776242710.773722990] [tb3_2.spawn_entity]: Spawn status: SpawnEntity: Successfully spawned entity [tb3_2]
[gzserver-1] [INFO] [1776242710.890993847] [tb3_2.turtlebot3_diff_drive]: Wheel pair 1 separation set to [0.160000m]
[gzserver-1] [INFO] [1776242710.891079083] [tb3_2.turtlebot3_diff_drive]: Wheel pair 1 diameter set to [0.066000m]
[gzserver-1] [INFO] [1776242710.892580864] [tb3_2.turtlebot3_diff_drive]: Subscribed to [/tb3_2/cmd_vel]
[gzserver-1] [INFO] [1776242710.894048872] [tb3_2.turtlebot3_diff_drive]: Advertise odometry on [/tb3_2/odom]
[gzserver-1] [INFO] [1776242710.897698197] [tb3_2.turtlebot3_diff_drive]: Publishing odom transforms between [tb3_2/odom] and [tb3_2/base_footprint]
[gzserver-1] [INFO] [1776242710.917302768] [tb3_2.turtlebot3_joint_state]: Going to publish joint [wheel_left_joint]
[gzserver-1] [INFO] [1776242710.917367532] [tb3_2.turtlebot3_joint_state]: Going to publish joint [wheel_right_joint]
[INFO] [spawn_entity.py-9]: process has finished cleanly [pid 108674]
[gzserver-1] [INFO] [1776242711.236853433] [tb3_3.turtlebot3_imu]: <initial_orientation_as_reference> is unset, using default value of false to comply with REP 145 (world as orientation reference)
[spawn_entity.py-12] [INFO] [1776242711.346122202] [tb3_3.spawn_entity]: Spawn status: SpawnEntity: Successfully spawned entity [tb3_3]
[gzserver-1] [INFO] [1776242711.460727804] [tb3_3.turtlebot3_diff_drive]: Wheel pair 1 separation set to [0.160000m]
[gzserver-1] [INFO] [1776242711.460796018] [tb3_3.turtlebot3_diff_drive]: Wheel pair 1 diameter set to [0.066000m]
[gzserver-1] [INFO] [1776242711.461613413] [tb3_3.turtlebot3_diff_drive]: Subscribed to [/tb3_3/cmd_vel]
[gzserver-1] [INFO] [1776242711.462606879] [tb3_3.turtlebot3_diff_drive]: Advertise odometry on [/tb3_3/odom]
[gzserver-1] [INFO] [1776242711.464998373] [tb3_3.turtlebot3_diff_drive]: Publishing odom transforms between [tb3_3/odom] and [tb3_3/base_footprint]
[gzserver-1] [INFO] [1776242711.477029986] [tb3_3.turtlebot3_joint_state]: Going to publish joint [wheel_left_joint]
[gzserver-1] [INFO] [1776242711.477081780] [tb3_3.turtlebot3_joint_state]: Going to publish joint [wheel_right_joint]
[INFO] [spawn_entity.py-12]: process has finished cleanly [pid 108680]
  等待中... 4s / 60s[gzserver-1] [INFO] [1776242711.803706166] [tb3_1.turtlebot3_imu]: <initial_orientation_as_reference> is unset, using default value of false to comply with REP 145 (world as orientation reference)
[spawn_entity.py-6] [INFO] [1776242711.960560130] [tb3_1.spawn_entity]: Spawn status: SpawnEntity: Successfully spawned entity [tb3_1]
[gzserver-1] [INFO] [1776242712.071810662] [tb3_1.turtlebot3_diff_drive]: Wheel pair 1 separation set to [0.160000m]
[gzserver-1] [INFO] [1776242712.071896566] [tb3_1.turtlebot3_diff_drive]: Wheel pair 1 diameter set to [0.066000m]
[gzserver-1] [INFO] [1776242712.072770261] [tb3_1.turtlebot3_diff_drive]: Subscribed to [/tb3_1/cmd_vel]
[gzserver-1] [INFO] [1776242712.073883912] [tb3_1.turtlebot3_diff_drive]: Advertise odometry on [/tb3_1/odom]
[gzserver-1] [INFO] [1776242712.077006086] [tb3_1.turtlebot3_diff_drive]: Publishing odom transforms between [tb3_1/odom] and [tb3_1/base_footprint]
[gzserver-1] [INFO] [1776242712.094301743] [tb3_1.turtlebot3_joint_state]: Going to publish joint [wheel_left_joint]
[gzserver-1] [INFO] [1776242712.094358660] [tb3_1.turtlebot3_joint_state]: Going to publish joint [wheel_right_joint]
[INFO] [spawn_entity.py-6]: process has finished cleanly [pid 108668]
[0;32m[✓][0m Gazebo 就绪！（4s，已生成 4/4 台机器人）
[0;36m[INFO][0m 检测到 Stage 1 导入了预训练权重，自动启用防休克微调模式 (LR=1e-4, Clip=0.10)

[1m[0;36m═══ Stage 1 · Stage 1 · 静态入门 ═══[0m

[0;36m[INFO][0m 当前超参 -> LR: 1e-4 | Clip: 0.10
[0;36m[INFO][0m 训练命令: python3 /home/wj/work/multi-robot-exploration-rl/src/gnn_marl_training/gnn_marl_training/train_gnn_mappo_full.py --model_type gat --env_stage 1 --num_agents 4 --num_workers 1 --train_steps 955000 --train_batch_size 5000 --checkpoint_freq 20 --hidden_dim 512 --lr 1e-4 --clip_param 0.10 --sample_timeout_s 1200 --rollout_fragment_length 1000 --batch_mode truncate_episodes --map_number 3 --action_mode continuous --ppo_profile auto --counterfactual_advantage_coef 0.05 --counterfactual_credit_clip 2.5 --output_dir /home/wj/work/multi-robot-exploration-rl/ray_results/gat_s1_continuous --run_name_suffix gat_s1_continuous --ray_num_cpus 6 --ray_num_gpus 1 --ray_temp_dir /tmp/ray_gat_s1_continuous --ray_object_store_memory_mb 512 --obstacle_filter_range 1.2 --obstacle_filter_fov_deg 360 --obstacle_top_k 9 --rolling_lookahead_dist 0.8 --safety_filter_enable 0 --gat_actor_graph social_risk --gat_critic_mode mlp --curriculum_stage 1 --resume_checkpoint /home/wj/work/multi-robot-exploration-rl/ray_results/
[rviz2-16] [INFO] [1776242722.241865069] [rviz2_gat_s1_continuous]: Message Filter dropping message: frame 'tb3_1/base_scan' at time 0.714 for reason 'the timestamp on the message is earlier than all the data in the transform cache'
2026-04-15 16:45:24,248	INFO worker.py:2013 -- Started a local Ray instance.
/home/wj/anaconda3/envs/ros2/lib/python3.10/site-packages/ray/rllib/algorithms/algorithm.py:527: RayDeprecationWarning: This API is deprecated and may be removed in future Ray releases. You could suppress this warning by setting env variable PYTHONWARNINGS="ignore::DeprecationWarning"
`UnifiedLogger` will be removed in Ray 2.7.
  return UnifiedLogger(config, logdir, loggers=None)
/home/wj/anaconda3/envs/ros2/lib/python3.10/site-packages/ray/tune/logger/unified.py:53: RayDeprecationWarning: This API is deprecated and may be removed in future Ray releases. You could suppress this warning by setting env variable PYTHONWARNINGS="ignore::DeprecationWarning"
The `JsonLogger interface is deprecated in favor of the `ray.tune.json.JsonLoggerCallback` interface and will be removed in Ray 2.7.
  self._loggers.append(cls(self.config, self.logdir, self.trial))
/home/wj/anaconda3/envs/ros2/lib/python3.10/site-packages/ray/tune/logger/unified.py:53: RayDeprecationWarning: This API is deprecated and may be removed in future Ray releases. You could suppress this warning by setting env variable PYTHONWARNINGS="ignore::DeprecationWarning"
The `CSVLogger interface is deprecated in favor of the `ray.tune.csv.CSVLoggerCallback` interface and will be removed in Ray 2.7.
  self._loggers.append(cls(self.config, self.logdir, self.trial))
/home/wj/anaconda3/envs/ros2/lib/python3.10/site-packages/ray/tune/logger/unified.py:53: RayDeprecationWarning: This API is deprecated and may be removed in future Ray releases. You could suppress this warning by setting env variable PYTHONWARNINGS="ignore::DeprecationWarning"
The `TBXLogger interface is deprecated in favor of the `ray.tune.tensorboardx.TBXLoggerCallback` interface and will be removed in Ray 2.7.
  self._loggers.append(cls(self.config, self.logdir, self.trial))
[2026-04-15 16:45:25,079 E 109761 109761] core_worker.cc:2232: Actor with class name: 'RolloutWorker' and ID: '0d7a7a0e6c020224553644ba01000000' has constructor arguments in the object store and max_restarts > 0. If the arguments in the object store go out of scope or are lost, the actor restart will fail. See https://github.com/ray-project/ray/issues/53727 for more details.
[36m(RolloutWorker pid=110889)[0m [INFO] [1776242729.927699205] [gym_env_robot_0_73137]: ✅ 路径可视化器已启动，路径话题: /waypoint_markers, tracking话题: /rolling_subgoal_markers
[36m(RolloutWorker pid=110889)[0m [INFO] [1776242729.960918637] [gym_env_robot_1_59043]: ✅ 路径可视化器已启动，路径话题: /waypoint_markers, tracking话题: /rolling_subgoal_markers
[36m(RolloutWorker pid=110889)[0m [INFO] [1776242729.987345571] [gym_env_robot_2_19283]: ✅ 路径可视化器已启动，路径话题: /waypoint_markers, tracking话题: /rolling_subgoal_markers
[36m(RolloutWorker pid=110889)[0m [INFO] [1776242730.013562213] [gym_env_robot_3_38352]: ✅ 路径可视化器已启动，路径话题: /waypoint_markers, tracking话题: /rolling_subgoal_markers
[INFO] [1776242732.484616437] [gym_env_robot_0_93288]: ✅ 路径可视化器已启动，路径话题: /waypoint_markers, tracking话题: /rolling_subgoal_markers
[INFO] [1776242732.537097042] [gym_env_robot_1_14387]: ✅ 路径可视化器已启动，路径话题: /waypoint_markers, tracking话题: /rolling_subgoal_markers
[INFO] [1776242732.565644082] [gym_env_robot_2_95742]: ✅ 路径可视化器已启动，路径话题: /waypoint_markers, tracking话题: /rolling_subgoal_markers
[INFO] [1776242732.601909890] [gym_env_robot_3_58500]: ✅ 路径可视化器已启动，路径话题: /waypoint_markers, tracking话题: /rolling_subgoal_markers
2026-04-15 16:45:35,513	INFO trainable.py:161 -- Trainable.setup took 10.514 seconds. If your trainable is slow to initialize, consider setting reuse_actors=True to reduce actor creation overheads.
2026-04-15 16:45:35,513	WARNING util.py:62 -- Install gputil for GPU system monitoring.
2026-04-15 16:45:35,514	WARNING checkpoints.py:813 -- No `rllib_checkpoint.json` file found in checkpoint directory /home/wj/work/multi-robot-exploration-rl/ray_results! Trying to extract checkpoint info from other files found in that dir.
/home/wj/anaconda3/envs/ros2/lib/python3.10/site-packages/ray/rllib/algorithms/algorithm.py:527: RayDeprecationWarning: This API is deprecated and may be removed in future Ray releases. You could suppress this warning by setting env variable PYTHONWARNINGS="ignore::DeprecationWarning"
`UnifiedLogger` will be removed in Ray 2.7.
  return UnifiedLogger(config, logdir, loggers=None)
/home/wj/anaconda3/envs/ros2/lib/python3.10/site-packages/ray/tune/logger/unified.py:53: RayDeprecationWarning: This API is deprecated and may be removed in future Ray releases. You could suppress this warning by setting env variable PYTHONWARNINGS="ignore::DeprecationWarning"
The `JsonLogger interface is deprecated in favor of the `ray.tune.json.JsonLoggerCallback` interface and will be removed in Ray 2.7.
  self._loggers.append(cls(self.config, self.logdir, self.trial))
/home/wj/anaconda3/envs/ros2/lib/python3.10/site-packages/ray/tune/logger/unified.py:53: RayDeprecationWarning: This API is deprecated and may be removed in future Ray releases. You could suppress this warning by setting env variable PYTHONWARNINGS="ignore::DeprecationWarning"
The `CSVLogger interface is deprecated in favor of the `ray.tune.csv.CSVLoggerCallback` interface and will be removed in Ray 2.7.
  self._loggers.append(cls(self.config, self.logdir, self.trial))
/home/wj/anaconda3/envs/ros2/lib/python3.10/site-packages/ray/tune/logger/unified.py:53: RayDeprecationWarning: This API is deprecated and may be removed in future Ray releases. You could suppress this warning by setting env variable PYTHONWARNINGS="ignore::DeprecationWarning"
The `TBXLogger interface is deprecated in favor of the `ray.tune.tensorboardx.TBXLoggerCallback` interface and will be removed in Ray 2.7.
  self._loggers.append(cls(self.config, self.logdir, self.trial))
[36m(RolloutWorker pid=111701)[0m [INFO] [1776242740.561773431] [gym_env_robot_0_7793]: ✅ 路径可视化器已启动，路径话题: /waypoint_markers, tracking话题: /rolling_subgoal_markers
[36m(RolloutWorker pid=111701)[0m [INFO] [1776242740.614366130] [gym_env_robot_1_99766]: ✅ 路径可视化器已启动，路径话题: /waypoint_markers, tracking话题: /rolling_subgoal_markers
[36m(RolloutWorker pid=111701)[0m [INFO] [1776242740.656062173] [gym_env_robot_2_92591]: ✅ 路径可视化器已启动，路径话题: /waypoint_markers, tracking话题: /rolling_subgoal_markers
[36m(RolloutWorker pid=111701)[0m [INFO] [1776242740.701261482] [gym_env_robot_3_90911]: ✅ 路径可视化器已启动，路径话题: /waypoint_markers, tracking话题: /rolling_subgoal_markers
[INFO] [1776242742.788675242] [gym_env_robot_0_12806]: ✅ 路径可视化器已启动，路径话题: /waypoint_markers, tracking话题: /rolling_subgoal_markers
[INFO] [1776242742.822351501] [gym_env_robot_1_70310]: ✅ 路径可视化器已启动，路径话题: /waypoint_markers, tracking话题: /rolling_subgoal_markers
[INFO] [1776242742.858810851] [gym_env_robot_2_34687]: ✅ 路径可视化器已启动，路径话题: /waypoint_markers, tracking话题: /rolling_subgoal_markers
[INFO] [1776242742.900911444] [gym_env_robot_3_42828]: ✅ 路径可视化器已启动，路径话题: /waypoint_markers, tracking话题: /rolling_subgoal_markers
2026-04-15 16:45:43,078	WARNING util.py:62 -- Install gputil for GPU system monitoring.
⚠️ 当前 obstacle_top_k=9 -> local_obs_dim=83，与旧版默认 47 维不同；resume checkpoint 可能维度不匹配。
================================================================================
🚀 GNN-MAPPO 课程学习训练  [社交风险图注意力 (真值式 agent-agent risk)]
================================================================================
  环境阶段:     1 · Stage 1 · 静态入门
  机器人数量:   4
  通信范围:     3.5 m
  并行Workers:  1
  采样设置:     timeout=1200s fragment=1000 mode=truncate_episodes
  训练步数:     955,000
  动作模式:     continuous
  PPO配置:      continuous_baseline_gat_social_risk  (clip=0.1, ent=0.002, mb=512, epochs=6)
  Counterfactual Advantage: λ=0.050 clip=2.50
  GAT Actor:    social_risk  bias=1.00
  GAT Critic:   mlp
  需要环境:     ros2 launch start_rl_environment_tb3 main.launch.py map_number:=3 robot_number:=4 num_obstacles:=0 obs_speed_scale:=0.0
  comm_dropout: 100%  ← Actor 不读通信邻居槽位，强制100%丢包
  冲突路线:     mode=mixed prob=0.75
  恢复自:       /home/wj/work/multi-robot-exploration-rl/ray_results
================================================================================

🧭 社交风险 GAT：MLP 主干负责导航，本分支只学习 agent-agent risk 关系...

[36m(RolloutWorker pid=110889)[0m 🤖 环境初始化: Namespace='/tb3_0', ModelName='tb3_0'
[36m(RolloutWorker pid=110889)[0m ✅ Map 3: 预计算安全 spawn 点 42748 个 (clearance=0.40m)
[36m(RolloutWorker pid=110889)[0m ✅ Robot 0: A*规划器初始化完成
[36m(RolloutWorker pid=110889)[0m 🤖 环境初始化: Namespace='/tb3_1', ModelName='tb3_1'
[36m(RolloutWorker pid=110889)[0m ✅ Map 3: 预计算安全 spawn 点 42748 个 (clearance=0.40m)
[36m(RolloutWorker pid=110889)[0m ✅ Robot 1: A*规划器初始化完成
[36m(RolloutWorker pid=110889)[0m 🤖 环境初始化: Namespace='/tb3_2', ModelName='tb3_2'
[36m(RolloutWorker pid=110889)[0m ✅ Map 3: 预计算安全 spawn 点 42748 个 (clearance=0.40m)
[36m(RolloutWorker pid=110889)[0m ✅ Robot 2: A*规划器初始化完成
[36m(RolloutWorker pid=110889)[0m 🤖 环境初始化: Namespace='/tb3_3', ModelName='tb3_3'
[36m(RolloutWorker pid=110889)[0m ✅ Map 3: 预计算安全 spawn 点 42748 个 (clearance=0.40m)
[36m(RolloutWorker pid=110889)[0m ✅ Robot 3: A*规划器初始化完成
🤖 环境初始化: Namespace='/tb3_0', ModelName='tb3_0'
✅ Map 3: 预计算安全 spawn 点 42748 个 (clearance=0.40m)
✅ Robot 0: A*规划器初始化完成
🤖 环境初始化: Namespace='/tb3_1', ModelName='tb3_1'
✅ Map 3: 预计算安全 spawn 点 42748 个 (clearance=0.40m)
✅ Robot 1: A*规划器初始化完成
🤖 环境初始化: Namespace='/tb3_2', ModelName='tb3_2'
✅ Map 3: 预计算安全 spawn 点 42748 个 (clearance=0.40m)
✅ Robot 2: A*规划器初始化完成
🤖 环境初始化: Namespace='/tb3_3', ModelName='tb3_3'
✅ Map 3: 预计算安全 spawn 点 42748 个 (clearance=0.40m)
✅ Robot 3: A*规划器初始化完成
尝试从 Checkpoint 恢复: /home/wj/work/multi-robot-exploration-rl/ray_results
完整恢复失败，退化为仅迁移网络权重 (Donor Mode): Given checkpoint does not seem to be valid! No file with the name `algorithm_state.[pkl|msgpack|msgpck]` (or `checkpoint-[0-9]+`) found.
[36m(RolloutWorker pid=111701)[0m 🤖 环境初始化: Namespace='/tb3_0', ModelName='tb3_0'
[36m(RolloutWorker pid=111701)[0m ✅ Map 3: 预计算安全 spawn 点 42748 个 (clearance=0.40m)
[36m(RolloutWorker pid=111701)[0m ✅ Robot 0: A*规划器初始化完成
[36m(RolloutWorker pid=111701)[0m 🤖 环境初始化: Namespace='/tb3_1', ModelName='tb3_1'
[36m(RolloutWorker pid=111701)[0m ✅ Map 3: 预计算安全 spawn 点 42748 个 (clearance=0.40m)
[36m(RolloutWorker pid=111701)[0m ✅ Robot 1: A*规划器初始化完成
[36m(RolloutWorker pid=111701)[0m 🤖 环境初始化: Namespace='/tb3_2', ModelName='tb3_2'
[36m(RolloutWorker pid=111701)[0m ✅ Map 3: 预计算安全 spawn 点 42748 个 (clearance=0.40m)
[36m(RolloutWorker pid=111701)[0m ✅ Robot 2: A*规划器初始化完成
[36m(RolloutWorker pid=111701)[0m 🤖 环境初始化: Namespace='/tb3_3', ModelName='tb3_3'
[36m(RolloutWorker pid=111701)[0m ✅ Map 3: 预计算安全 spawn 点 42748 个 (clearance=0.40m)
[36m(RolloutWorker pid=111701)[0m ✅ Robot 3: A*规划器初始化完成
🤖 环境初始化: Namespace='/tb3_0', ModelName='tb3_0'
✅ Map 3: 预计算安全 spawn 点 42748 个 (clearance=0.40m)
✅ Robot 0: A*规划器初始化完成
🤖 环境初始化: Namespace='/tb3_1', ModelName='tb3_1'
✅ Map 3: 预计算安全 spawn 点 42748 个 (clearance=0.40m)
✅ Robot 1: A*规划器初始化完成
🤖 环境初始化: Namespace='/tb3_2', ModelName='tb3_2'
✅ Map 3: 预计算安全 spawn 点 42748 个 (clearance=0.40m)
✅ Robot 2: A*规划器初始化完成
🤖 环境初始化: Namespace='/tb3_3', ModelName='tb3_3'
✅ Map 3: 预计算安全 spawn 点 42748 个 (clearance=0.40m)
✅ Robot 3: A*规划器初始化完成
Traceback (most recent call last):
  File "/home/wj/work/multi-robot-exploration-rl/src/gnn_marl_training/gnn_marl_training/train_gnn_mappo_full.py", line 618, in _run_training
    algo.restore(init_checkpoint)
  File "/home/wj/anaconda3/envs/ros2/lib/python3.10/site-packages/ray/tune/trainable/trainable.py", line 570, in restore
    self.load_checkpoint(checkpoint_dir)
  File "/home/wj/anaconda3/envs/ros2/lib/python3.10/site-packages/ray/rllib/algorithms/algorithm.py", line 3102, in load_checkpoint
    checkpoint_info = get_checkpoint_info(checkpoint_dir)
  File "/home/wj/anaconda3/envs/ros2/lib/python3.10/site-packages/ray/rllib/utils/checkpoints.py", line 846, in get_checkpoint_info
    raise ValueError(
ValueError: Given checkpoint does not seem to be valid! No file with the name `algorithm_state.[pkl|msgpack|msgpck]` (or `checkpoint-[0-9]+`) found.

During handling of the above exception, another exception occurred:

Traceback (most recent call last):
  File "/home/wj/work/multi-robot-exploration-rl/src/gnn_marl_training/gnn_marl_training/train_gnn_mappo_full.py", line 1757, in <module>
    main()
  File "/home/wj/work/multi-robot-exploration-rl/src/gnn_marl_training/gnn_marl_training/train_gnn_mappo_full.py", line 1672, in main
    ckpt = _run_tune(
  File "/home/wj/work/multi-robot-exploration-rl/src/gnn_marl_training/gnn_marl_training/train_gnn_mappo_full.py", line 1074, in _run_tune
    return _run_training(
  File "/home/wj/work/multi-robot-exploration-rl/src/gnn_marl_training/gnn_marl_training/train_gnn_mappo_full.py", line 624, in _run_training
    donor.restore(init_checkpoint)
  File "/home/wj/anaconda3/envs/ros2/lib/python3.10/site-packages/ray/tune/trainable/trainable.py", line 570, in restore
    self.load_checkpoint(checkpoint_dir)
  File "/home/wj/anaconda3/envs/ros2/lib/python3.10/site-packages/ray/rllib/algorithms/algorithm.py", line 3102, in load_checkpoint
    checkpoint_info = get_checkpoint_info(checkpoint_dir)
  File "/home/wj/anaconda3/envs/ros2/lib/python3.10/site-packages/ray/rllib/utils/checkpoints.py", line 846, in get_checkpoint_info
    raise ValueError(
ValueError: Given checkpoint does not seem to be valid! No file with the name `algorithm_state.[pkl|msgpack|msgpck]` (or `checkpoint-[0-9]+`) found.
[0;31m[✗][0m Stage 1 训练异常退出 (code=1)，检查日志: /home/wj/work/multi-robot-exploration-rl/curriculum_logs/gat_s1_continuous/stage1_train.log
ode=1)，检查日志: /home/wj/work/multi-robot-exploration-rl/curriculum_logs/gat_s1_continuous/stage1_train.log
[map_server-14] [WARN] [1776242943.710443358] [rcl_lifecycle]: No transition matching 1 found for current state active
[map_server-14] [WARN] [1776242943.712001525] [rcl_lifecycle]: No transition matching 1 found for current state active
[map_server-14] [ERROR] [1776242943.712050510] [map_server]: Unable to start transition 1 from current state active: Transition is not registered., at ./src/rcl_lifecycle.c:355
[gzserver-1] [WARN] [1776242945.402468847] [gazebo_ros_state.rclcpp]: failed to send response to /set_entity_state (timeout): client will not receive response, at ./src/rmw_response.cpp:154, at ./src/rcl/service.c:314
[gzserver-1] [WARN] [1776242945.503185811] [gazebo_ros_state.rclcpp]: failed to send response to /set_entity_state (timeout): client will not receive response, at ./src/rmw_response.cpp:154, at ./src/rcl/service.c:314
[gzserver-1] [WARN] [1776242945.523366780] [gazebo.rclcpp]: failed to send response to /spawn_entity (timeout): client will not receive response, at ./src/rmw_response.cpp:154, at ./src/rcl/service.c:314
[gzserver-1] [WARN] [1776242945.605845695] [gazebo_ros_state.rclcpp]: failed to send response to /set_entity_state (timeout): client will not receive response, at ./src/rmw_response.cpp:154, at ./src/rcl/service.c:314
[gzserver-1] [WARN] [1776242945.716489093] [gazebo_ros_state.rclcpp]: failed to send response to /set_entity_state (timeout): client will not receive response, at ./src/rmw_response.cpp:154, at ./src/rcl/service.c:314
[gzserver-1] [WARN] [1776242945.820826848] [gazebo_ros_state.rclcpp]: failed to send response to /set_entity_state (timeout): client will not receive response, at ./src/rmw_response.cpp:154, at ./src/rcl/service.c:314
[gzserver-1] [WARN] [1776242945.924658420] [gazebo_ros_state.rclcpp]: failed to send response to /set_entity_state (timeout): client will not receive response, at ./src/rmw_response.cpp:154, at ./src/rcl/service.c:314
[gzserver-1] [WARN] [1776242946.025556556] [gazebo_ros_state.rclcpp]: failed to send response to /set_entity_state (timeout): client will not receive response, at ./src/rmw_response.cpp:154, at ./src/rcl/service.c:314
[map_server-14] [WARN] [1776242961.568529453] [rcl_lifecycle]: No transition matching 3 found for current state active
[map_server-14] [WARN] [1776242961.568584030] [rcl_lifecycle]: No transition matching 3 found for current state active
[map_server-14] [ERROR] [1776242961.568596858] [map_server]: Unable to start transition 3 from current state active: Transition is not registered., at ./src/rcl_lifecycle.c:355
