2026-06-06 11:36:32,411	INFO worker.py:2013 -- Started a local Ray instance.
/home/wj/anaconda3/envs/ros2/lib/python3.10/site-packages/ray/rllib/algorithms/algorithm.py:527: RayDeprecationWarning: This API is deprecated and may be removed in future Ray releases. You could suppress this warning by setting env variable PYTHONWARNINGS="ignore::DeprecationWarning"
`UnifiedLogger` will be removed in Ray 2.7.
  return UnifiedLogger(config, logdir, loggers=None)
/home/wj/anaconda3/envs/ros2/lib/python3.10/site-packages/ray/tune/logger/unified.py:53: RayDeprecationWarning: This API is deprecated and may be removed in future Ray releases. You could suppress this warning by setting env variable PYTHONWARNINGS="ignore::DeprecationWarning"
The `JsonLogger interface is deprecated in favor of the `ray.tune.json.JsonLoggerCallback` interface and will be removed in Ray 2.7.
  self._loggers.append(cls(self.config, self.logdir, self.trial))
/home/wj/anaconda3/envs/ros2/lib/python3.10/site-packages/ray/tune/logger/unified.py:53: RayDeprecationWarning: This API is deprecated and may be removed in future Ray releases. You could suppress this warning by setting env variable PYTHONWARNINGS="ignore::DeprecationWarning"
The `CSVLogger interface is deprecated in favor of the `ray.tune.csv.CSVLoggerCallback` interface and will be removed in Ray 2.7.
  self._loggers.append(cls(self.config, self.logdir, self.trial))
/home/wj/anaconda3/envs/ros2/lib/python3.10/site-packages/ray/tune/logger/unified.py:53: RayDeprecationWarning: This API is deprecated and may be removed in future Ray releases. You could suppress this warning by setting env variable PYTHONWARNINGS="ignore::DeprecationWarning"
The `TBXLogger interface is deprecated in favor of the `ray.tune.tensorboardx.TBXLoggerCallback` interface and will be removed in Ray 2.7.
  self._loggers.append(cls(self.config, self.logdir, self.trial))
[INFO] [1780716993.326024478] [gym_env_robot_0_38736]: ✅ 路径可视化器已启动，路径话题: /waypoint_markers, tracking话题: /rolling_subgoal_markers
[INFO] [1780716993.358892886] [gym_env_robot_1_74514]: ✅ 路径可视化器已启动，路径话题: /waypoint_markers, tracking话题: /rolling_subgoal_markers
2026-06-06 11:36:33,363	WARNING rollout_worker.py:507 -- You are running ray with `local_mode=True`, but have configured 1 GPUs to be used! In local mode, Policies are placed on the CPU and the `num_gpus` setting is ignored.
2026-06-06 11:36:34,995	WARNING util.py:62 -- Install gputil for GPU system monitoring.
ℹ️ Method3 + map6(interaction_hub) 自动启用交互专项默认值: num_obstacles=0, obs_speed_scale=0.0
================================================================================
🚀 GNN-MAPPO 课程学习训练  [局部风险注意力 (感知版 token)]
================================================================================
  环境阶段:     1 · Stage 1 · 静态入门
  机器人数量:   2
  通信范围:     3.5 m
  感知邻域:     3.5 m
  并行Workers:  0
  采样设置:     timeout=1200s fragment=100 mode=truncate_episodes
  训练步数:     12,000
  动作模式:     interaction_mode
  PPO配置:      interaction_mode  (clip=0.2, ent=0.008, mb=1024, epochs=8)
  GAT Actor:    local_risk  bias=2.50
  GAT Critic:   mlp
  需要环境:     ros2 launch start_rl_environment_tb3 main.launch.py map_number:=6 robot_number:=2 num_obstacles:=0 obs_speed_scale:=0.0
  通信设置:     perfect_comm  (dropout=0%, latency=0, jitter=0, noise=0.00)
  冲突路线:     mode=off prob=0.75
================================================================================

🎯 局部风险图注意力：不依赖通信，直接训练 actor 的风险关注模式...

🤖 环境初始化: Namespace='/tb3_0', ModelName='tb3_0'
✅ Map 6: 预计算安全 spawn 点 11100 个 (clearance=0.40m)
✅ Robot 0: A*规划器初始化完成
🤖 环境初始化: Namespace='/tb3_1', ModelName='tb3_1'
✅ Map 6: 预计算安全 spawn 点 11100 个 (clearance=0.40m)
✅ Robot 1: A*规划器初始化完成
[graph] step=   0  comm_range=3.5m
  robot_0 pos=(-4.600, 0.000) status=active
    adj=[1  0]  dist=[ 0.00   9.20]  neighbors=[]
  robot_1 pos=( 4.600, 0.000) status=active
    adj=[0  1]  dist=[ 9.20   0.00]  neighbors=[]
[perception] step=   0  agent_0  my_pos=(-4.600,0.000)  received=0
    (无有效近邻: 超出局部感知半径，回退 ego-guidance)
[perception] step=   0  agent_1  my_pos=(4.600,0.000)  received=0
    (无有效近邻: 超出局部感知半径，回退 ego-guidance)
[graph] step=   1  comm_range=3.5m
  robot_0 pos=(-4.600,-0.000) status=active
    adj=[1  0]  dist=[ 0.00   9.20]  neighbors=[]
  robot_1 pos=( 4.600, 0.000) status=active
    adj=[0  1]  dist=[ 9.20   0.00]  neighbors=[]
[perception] step=   1  agent_0  my_pos=(-4.600,-0.000)  received=0
    (无有效近邻: 超出局部感知半径，回退 ego-guidance)
[perception] step=   1  agent_1  my_pos=(4.600,0.000)  received=0
    (无有效近邻: 超出局部感知半径，回退 ego-guidance)
[graph] step=   2  comm_range=3.5m
  robot_0 pos=(-4.600,-0.000) status=active
    adj=[1  0]  dist=[ 0.00   9.20]  neighbors=[]
  robot_1 pos=( 4.600, 0.000) status=active
    adj=[0  1]  dist=[ 9.20   0.00]  neighbors=[]
[perception] step=   2  agent_0  my_pos=(-4.600,-0.000)  received=0
    (无有效近邻: 超出局部感知半径，回退 ego-guidance)
[perception] step=   2  agent_1  my_pos=(4.600,0.000)  received=0
    (无有效近邻: 超出局部感知半径，回退 ego-guidance)
[graph] step=   3  comm_range=3.5m
  robot_0 pos=(-4.601,-0.001) status=active
    adj=[1  0]  dist=[ 0.00   9.20]  neighbors=[]
  robot_1 pos=( 4.601, 0.001) status=active
    adj=[0  1]  dist=[ 9.20   0.00]  neighbors=[]
[perception] step=   3  agent_0  my_pos=(-4.601,-0.001)  received=0
    (无有效近邻: 超出局部感知半径，回退 ego-guidance)
[perception] step=   3  agent_1  my_pos=(4.601,0.001)  received=0
    (无有效近邻: 超出局部感知半径，回退 ego-guidance)
Traceback (most recent call last):
  File "/home/wj/work/multi-robot-exploration-rl/src/gnn_marl_training/gnn_marl_training/train_gnn_mappo_full.py", line 2199, in <module>
    main()
  File "/home/wj/work/multi-robot-exploration-rl/src/gnn_marl_training/gnn_marl_training/train_gnn_mappo_full.py", line 2171, in main
    ckpt = _run_tune(
  File "/home/wj/work/multi-robot-exploration-rl/src/gnn_marl_training/gnn_marl_training/train_gnn_mappo_full.py", line 1329, in _run_tune
    return _run_training(
  File "/home/wj/work/multi-robot-exploration-rl/src/gnn_marl_training/gnn_marl_training/train_gnn_mappo_full.py", line 806, in _run_training
    result = algo.train()
  File "/home/wj/anaconda3/envs/ros2/lib/python3.10/site-packages/ray/tune/trainable/trainable.py", line 331, in train
    raise skipped from exception_cause(skipped)
  File "/home/wj/anaconda3/envs/ros2/lib/python3.10/site-packages/ray/tune/trainable/trainable.py", line 328, in train
    result = self.step()
  File "/home/wj/anaconda3/envs/ros2/lib/python3.10/site-packages/ray/rllib/algorithms/algorithm.py", line 1271, in step
    ) = self._run_one_training_iteration_old_api_stack()
  File "/home/wj/anaconda3/envs/ros2/lib/python3.10/site-packages/ray/rllib/algorithms/algorithm.py", line 4414, in _run_one_training_iteration_old_api_stack
    training_step_results = self.training_step()
  File "/home/wj/anaconda3/envs/ros2/lib/python3.10/site-packages/ray/rllib/algorithms/ppo/ppo.py", line 394, in training_step
    return self._training_step_old_api_stack()
  File "/home/wj/anaconda3/envs/ros2/lib/python3.10/site-packages/ray/rllib/algorithms/ppo/ppo.py", line 483, in _training_step_old_api_stack
    train_batch = synchronous_parallel_sample(
  File "/home/wj/anaconda3/envs/ros2/lib/python3.10/site-packages/ray/rllib/execution/rollout_ops.py", line 102, in synchronous_parallel_sample
    sampled_data = [worker_set.local_env_runner.sample(**random_action_kwargs)]
  File "/home/wj/anaconda3/envs/ros2/lib/python3.10/site-packages/ray/rllib/evaluation/rollout_worker.py", line 679, in sample
    batches = [self.input_reader.next()]
  File "/home/wj/anaconda3/envs/ros2/lib/python3.10/site-packages/ray/rllib/evaluation/sampler.py", line 59, in next
    batches = [self.get_data()]
  File "/home/wj/anaconda3/envs/ros2/lib/python3.10/site-packages/ray/rllib/evaluation/sampler.py", line 225, in get_data
    item = next(self._env_runner)
  File "/home/wj/anaconda3/envs/ros2/lib/python3.10/site-packages/ray/rllib/evaluation/env_runner_v2.py", line 330, in run
    outputs = self.step()
  File "/home/wj/anaconda3/envs/ros2/lib/python3.10/site-packages/ray/rllib/evaluation/env_runner_v2.py", line 386, in step
    self._base_env.send_actions(actions_to_send)
  File "/home/wj/anaconda3/envs/ros2/lib/python3.10/site-packages/ray/rllib/env/multi_agent_env.py", line 552, in send_actions
    raise e
  File "/home/wj/anaconda3/envs/ros2/lib/python3.10/site-packages/ray/rllib/env/multi_agent_env.py", line 541, in send_actions
    obs, rewards, terminateds, truncateds, infos = env.step(agent_dict)
  File "/home/wj/work/multi-robot-exploration-rl/src/gnn_marl_training/gnn_marl_training/gnn_marl_env.py", line 1157, in step
    self.agents[aid].apply_action(action_dict[aid])
  File "/home/wj/work/multi-robot-exploration-rl/src/gnn_marl_training/gnn_marl_training/gnn_marl_env.py", line 5142, in apply_action
    linear_vel, angular_vel = self._decode_action_to_cmd_vel(action)
  File "/home/wj/work/multi-robot-exploration-rl/src/gnn_marl_training/gnn_marl_training/gnn_marl_env.py", line 5087, in _decode_action_to_cmd_vel
    tracking_target = self._build_option_tracking_target(effective_mode, nominal_subgoal)
  File "/home/wj/work/multi-robot-exploration-rl/src/gnn_marl_training/gnn_marl_training/gnn_marl_env.py", line 3560, in _build_option_tracking_target
    guide_target = self._build_detour_guide_target(option_mode, self._detour_phase)
  File "/home/wj/work/multi-robot-exploration-rl/src/gnn_marl_training/gnn_marl_training/gnn_marl_env.py", line 3484, in _build_detour_guide_target
    if abs(prev_turn_sign) > 1e-6 and turn_sign * prev_turn_sign < 0.0 and abs(float(gap_angle)) < float(getattr(self, '_turn_flip_hysteresis', 0.18)):
NameError: name 'gap_angle' is not defined
