[INFO] [launch]: All log files can be found below /home/wj/.ros/log/2026-05-20-13-39-20-859688-wj-Default-string-3469308
[INFO] [launch]: Default logging verbosity is set to INFO
[INFO] Loading world for TurtleBot3: /home/wj/work/multi-robot-exploration-rl/install/start_rl_environment_tb3/share/start_rl_environment_tb3/worlds/interaction_hub.world
[INFO] Spawning 4 TurtleBot3 robots on interaction_hub...
[INFO] Using random positions
[INFO] Using fixed positions for 4 robots
[INFO]   Robot 0: Robot 0 - west lower at (-5.10, -0.85)
[INFO]   Robot 1: Robot 1 - west upper at (-5.10, 0.85)
[INFO]   Robot 2: Robot 2 - east upper at (5.10, 0.85)
[INFO]   Robot 3: Robot 3 - east lower at (5.10, -0.85)
[spawn_robots] Created modified SDF for tb3_0 at /tmp/tb3_0_0ousqauk.sdf
[spawn_robots] Created modified SDF for tb3_1 at /tmp/tb3_1_2kbtynx2.sdf
[spawn_robots] Created modified SDF for tb3_2 at /tmp/tb3_2_wjwzzf9n.sdf
[spawn_robots] Created modified SDF for tb3_3 at /tmp/tb3_3_tggvvfwk.sdf
[INFO] Map Server loading: /home/wj/work/multi-robot-exploration-rl/install/start_rl_environment_tb3/share/start_rl_environment_tb3/maps/interaction_hub.yaml
[INFO] [gzserver-1]: process started with pid [3469479]
[INFO] [gzclient-2]: process started with pid [3469481]
[INFO] [robot_state_publisher-3]: process started with pid [3469483]
[INFO] [spawn_entity.py-4]: process started with pid [3469485]
[INFO] [static_transform_publisher-5]: process started with pid [3469487]
[INFO] [robot_state_publisher-6]: process started with pid [3469489]
[INFO] [spawn_entity.py-7]: process started with pid [3469491]
[INFO] [static_transform_publisher-8]: process started with pid [3469493]
[INFO] [robot_state_publisher-9]: process started with pid [3469495]
[INFO] [spawn_entity.py-10]: process started with pid [3469499]
[INFO] [static_transform_publisher-11]: process started with pid [3469505]
[INFO] [robot_state_publisher-12]: process started with pid [3469507]
[INFO] [spawn_entity.py-13]: process started with pid [3469520]
[INFO] [static_transform_publisher-14]: process started with pid [3469528]
[INFO] [map_server-15]: process started with pid [3469533]
[INFO] [lifecycle_manager-16]: process started with pid [3469536]
[INFO] [rviz2-17]: process started with pid [3469541]
[INFO] [obstacle_mover.py-18]: process started with pid [3469546]
[static_transform_publisher-5] [WARN] [1779255561.836964067] []: Old-style arguments are deprecated; see --help for new-style arguments
[static_transform_publisher-5] [INFO] [1779255561.866447817] [static_tf_tb3_0]: Spinning until stopped - publishing transform
[static_transform_publisher-5] translation: ('0.000000', '0.000000', '0.000000')
[static_transform_publisher-5] rotation: ('0.000000', '0.000000', '0.000000', '1.000000')
[static_transform_publisher-5] from 'map' to 'tb3_0/odom'
[static_transform_publisher-8] [WARN] [1779255561.846974759] []: Old-style arguments are deprecated; see --help for new-style arguments
[static_transform_publisher-11] [WARN] [1779255561.868045230] []: Old-style arguments are deprecated; see --help for new-style arguments
[static_transform_publisher-14] [WARN] [1779255561.897195569] []: Old-style arguments are deprecated; see --help for new-style arguments
[robot_state_publisher-3] [INFO] [1779255561.904756350] [tb3_0.robot_state_publisher]: got segment base_footprint
[robot_state_publisher-3] [INFO] [1779255561.908377609] [tb3_0.robot_state_publisher]: got segment base_link
[robot_state_publisher-3] [INFO] [1779255561.908410177] [tb3_0.robot_state_publisher]: got segment base_scan
[robot_state_publisher-3] [INFO] [1779255561.908424709] [tb3_0.robot_state_publisher]: got segment caster_back_link
[robot_state_publisher-3] [INFO] [1779255561.908436579] [tb3_0.robot_state_publisher]: got segment imu_link
[robot_state_publisher-3] [INFO] [1779255561.908448627] [tb3_0.robot_state_publisher]: got segment wheel_left_link
[robot_state_publisher-3] [INFO] [1779255561.908460011] [tb3_0.robot_state_publisher]: got segment wheel_right_link
[static_transform_publisher-11] [INFO] [1779255561.925925075] [static_tf_tb3_2]: Spinning until stopped - publishing transform
[static_transform_publisher-11] translation: ('0.000000', '0.000000', '0.000000')
[static_transform_publisher-11] rotation: ('0.000000', '0.000000', '0.000000', '1.000000')
[static_transform_publisher-11] from 'map' to 'tb3_2/odom'
[static_transform_publisher-8] [INFO] [1779255561.936837755] [static_tf_tb3_1]: Spinning until stopped - publishing transform
[static_transform_publisher-8] translation: ('0.000000', '0.000000', '0.000000')
[static_transform_publisher-8] rotation: ('0.000000', '0.000000', '0.000000', '1.000000')
[static_transform_publisher-8] from 'map' to 'tb3_1/odom'
[robot_state_publisher-6] [INFO] [1779255561.938010294] [tb3_1.robot_state_publisher]: got segment base_footprint
[robot_state_publisher-6] [INFO] [1779255561.938971103] [tb3_1.robot_state_publisher]: got segment base_link
[robot_state_publisher-6] [INFO] [1779255561.938998318] [tb3_1.robot_state_publisher]: got segment base_scan
[robot_state_publisher-6] [INFO] [1779255561.939172698] [tb3_1.robot_state_publisher]: got segment caster_back_link
[robot_state_publisher-6] [INFO] [1779255561.939188244] [tb3_1.robot_state_publisher]: got segment imu_link
[robot_state_publisher-6] [INFO] [1779255561.939199828] [tb3_1.robot_state_publisher]: got segment wheel_left_link
[robot_state_publisher-6] [INFO] [1779255561.939211340] [tb3_1.robot_state_publisher]: got segment wheel_right_link
[robot_state_publisher-9] [INFO] [1779255561.949353779] [tb3_2.robot_state_publisher]: got segment base_footprint
[robot_state_publisher-9] [INFO] [1779255561.949571354] [tb3_2.robot_state_publisher]: got segment base_link
[robot_state_publisher-9] [INFO] [1779255561.949592738] [tb3_2.robot_state_publisher]: got segment base_scan
[robot_state_publisher-9] [INFO] [1779255561.949604910] [tb3_2.robot_state_publisher]: got segment caster_back_link
[robot_state_publisher-9] [INFO] [1779255561.949615862] [tb3_2.robot_state_publisher]: got segment imu_link
[robot_state_publisher-9] [INFO] [1779255561.949625773] [tb3_2.robot_state_publisher]: got segment wheel_left_link
[robot_state_publisher-9] [INFO] [1779255561.949636229] [tb3_2.robot_state_publisher]: got segment wheel_right_link
[robot_state_publisher-12] [INFO] [1779255561.962165563] [tb3_3.robot_state_publisher]: got segment base_footprint
[robot_state_publisher-12] [INFO] [1779255561.962333573] [tb3_3.robot_state_publisher]: got segment base_link
[robot_state_publisher-12] [INFO] [1779255561.962355964] [tb3_3.robot_state_publisher]: got segment base_scan
[robot_state_publisher-12] [INFO] [1779255561.962367504] [tb3_3.robot_state_publisher]: got segment caster_back_link
[robot_state_publisher-12] [INFO] [1779255561.962377467] [tb3_3.robot_state_publisher]: got segment imu_link
[robot_state_publisher-12] [INFO] [1779255561.962387612] [tb3_3.robot_state_publisher]: got segment wheel_left_link
[robot_state_publisher-12] [INFO] [1779255561.962398224] [tb3_3.robot_state_publisher]: got segment wheel_right_link
[static_transform_publisher-14] [INFO] [1779255561.975451094] [static_tf_tb3_3]: Spinning until stopped - publishing transform
[static_transform_publisher-14] translation: ('0.000000', '0.000000', '0.000000')
[static_transform_publisher-14] rotation: ('0.000000', '0.000000', '0.000000', '1.000000')
[static_transform_publisher-14] from 'map' to 'tb3_3/odom'
[lifecycle_manager-16] [INFO] [1779255561.984899641] [lifecycle_manager_map]: Creating
[map_server-15] [INFO] [1779255562.004924173] [map_server]: 
[lifecycle_manager-16] [INFO] [1779255562.005235885] [lifecycle_manager_map]: [34m[1mCreating and initializing lifecycle service clients[0m[0m
[map_server-15] 	map_server lifecycle node launched. 
[map_server-15] 	Waiting on external lifecycle transitions to activate
[map_server-15] 	See https://design.ros2.org/articles/node_lifecycle.html for more information.
[map_server-15] [INFO] [1779255562.005701188] [map_server]: Creating
[lifecycle_manager-16] [INFO] [1779255562.021380493] [lifecycle_manager_map]: [34m[1mStarting managed nodes bringup...[0m[0m
[lifecycle_manager-16] [INFO] [1779255562.021477654] [lifecycle_manager_map]: [34m[1mConfiguring map_server[0m[0m
[map_server-15] [INFO] [1779255562.164389483] [map_server]: Configuring
[map_server-15] [INFO] [1779255562.164470645] [map_io]: Loading yaml file: /home/wj/work/multi-robot-exploration-rl/install/start_rl_environment_tb3/share/start_rl_environment_tb3/maps/interaction_hub.yaml
[map_server-15] [INFO] [1779255562.164738717] [map_io]: resolution: 0.05
[map_server-15] [INFO] [1779255562.164753374] [map_io]: origin[0]: -6
[map_server-15] [INFO] [1779255562.164758715] [map_io]: origin[1]: -6
[map_server-15] [INFO] [1779255562.164763245] [map_io]: origin[2]: 0
[map_server-15] [INFO] [1779255562.164768051] [map_io]: free_thresh: 0.196
[map_server-15] [INFO] [1779255562.164772783] [map_io]: occupied_thresh: 0.65
[map_server-15] [INFO] [1779255562.164778260] [map_io]: mode: trinary
[map_server-15] [INFO] [1779255562.164784169] [map_io]: negate: 0
[map_server-15] [INFO] [1779255562.164982938] [map_io]: Loading image_file: /home/wj/work/multi-robot-exploration-rl/install/start_rl_environment_tb3/share/start_rl_environment_tb3/maps/interaction_hub.pgm
[map_server-15] [INFO] [1779255562.177890286] [map_io]: Read map /home/wj/work/multi-robot-exploration-rl/install/start_rl_environment_tb3/share/start_rl_environment_tb3/maps/interaction_hub.pgm: 240 X 240 map @ 0.05 m/cell
[lifecycle_manager-16] [INFO] [1779255562.195575086] [lifecycle_manager_map]: [34m[1mActivating map_server[0m[0m
[map_server-15] [INFO] [1779255562.195798573] [map_server]: Activating
[map_server-15] [INFO] [1779255562.196027864] [map_server]: Creating bond (map_server) to lifecycle manager.
[lifecycle_manager-16] [INFO] [1779255562.300627184] [lifecycle_manager_map]: Server map_server connected with bond.
[lifecycle_manager-16] [INFO] [1779255562.300696915] [lifecycle_manager_map]: [34m[1mManaged nodes are active[0m[0m
[lifecycle_manager-16] [INFO] [1779255562.300717793] [lifecycle_manager_map]: [34m[1mCreating bond timer...[0m[0m
[spawn_entity.py-7] [INFO] [1779255562.684990794] [tb3_1.spawn_entity]: Spawn Entity started
[spawn_entity.py-7] [INFO] [1779255562.686449931] [tb3_1.spawn_entity]: Loading entity XML from file /tmp/tb3_1_2kbtynx2.sdf
[spawn_entity.py-7] [INFO] [1779255562.687586774] [tb3_1.spawn_entity]: Waiting for service /spawn_entity, timeout = 30
[spawn_entity.py-7] [INFO] [1779255562.688176421] [tb3_1.spawn_entity]: Waiting for service /spawn_entity
[spawn_entity.py-4] [INFO] [1779255562.775459360] [tb3_0.spawn_entity]: Spawn Entity started
[spawn_entity.py-4] [INFO] [1779255562.776464555] [tb3_0.spawn_entity]: Loading entity XML from file /tmp/tb3_0_0ousqauk.sdf
[spawn_entity.py-4] [INFO] [1779255562.778236323] [tb3_0.spawn_entity]: Waiting for service /spawn_entity, timeout = 30
[spawn_entity.py-4] [INFO] [1779255562.778920579] [tb3_0.spawn_entity]: Waiting for service /spawn_entity
[spawn_entity.py-10] [INFO] [1779255562.784606005] [tb3_2.spawn_entity]: Spawn Entity started
[spawn_entity.py-10] [INFO] [1779255562.785436520] [tb3_2.spawn_entity]: Loading entity XML from file /tmp/tb3_2_wjwzzf9n.sdf
[spawn_entity.py-10] [INFO] [1779255562.789957668] [tb3_2.spawn_entity]: Waiting for service /spawn_entity, timeout = 30
[spawn_entity.py-10] [INFO] [1779255562.790695066] [tb3_2.spawn_entity]: Waiting for service /spawn_entity
[spawn_entity.py-13] [INFO] [1779255562.794000238] [tb3_3.spawn_entity]: Spawn Entity started
[spawn_entity.py-13] [INFO] [1779255562.794692232] [tb3_3.spawn_entity]: Loading entity XML from file /tmp/tb3_3_tggvvfwk.sdf
[spawn_entity.py-13] [INFO] [1779255562.795908797] [tb3_3.spawn_entity]: Waiting for service /spawn_entity, timeout = 30
[spawn_entity.py-13] [INFO] [1779255562.796569712] [tb3_3.spawn_entity]: Waiting for service /spawn_entity
[rviz2-17] [INFO] [1779255563.437446112] [rviz2]: Stereo is NOT SUPPORTED
[rviz2-17] [INFO] [1779255563.437735451] [rviz2]: OpenGl version: 4.6 (GLSL 4.6)
[rviz2-17] [INFO] [1779255563.660671690] [rviz2]: Stereo is NOT SUPPORTED
[gzserver-1] [WARN] [1779255565.041086561] [rcl]: Found remap rule 'model_states:=model_states_demo'. This syntax is deprecated. Use '--ros-args --remap model_states:=model_states_demo' instead.
[spawn_entity.py-4] [INFO] [1779255565.043560123] [tb3_0.spawn_entity]: Calling service /spawn_entity
[spawn_entity.py-10] [INFO] [1779255565.055589420] [tb3_2.spawn_entity]: Calling service /spawn_entity
[spawn_entity.py-13] [INFO] [1779255565.057111833] [tb3_3.spawn_entity]: Calling service /spawn_entity
[gzserver-1] [INFO] [1779255565.074391999] [gazebo_ros_state]: Publishing states of gazebo models at [/model_states_demo]
[gzserver-1] [INFO] [1779255565.076574390] [gazebo_ros_state]: Publishing states of gazebo links at [/link_states]
[obstacle_mover.py-18] [INFO] [1779255565.181715538] [obstacle_mover]: [obstacle_mover] map=6  0 个障碍物  速度=0.000 m/s (scale×0.0)  30 Hz  随机游走模式
[obstacle_mover.py-18] [INFO] [1779255565.187121921] [obstacle_mover]: [obstacle_mover] ✅ dyn_obs_0~dyn_obs_7 已下沉至 z=-10.0
[spawn_entity.py-7] [INFO] [1779255565.200327903] [tb3_1.spawn_entity]: Calling service /spawn_entity
[gzserver-1] [INFO] [1779255565.442876678] [tb3_0.turtlebot3_imu]: <initial_orientation_as_reference> is unset, using default value of false to comply with REP 145 (world as orientation reference)
[spawn_entity.py-4] [INFO] [1779255565.658818705] [tb3_0.spawn_entity]: Spawn status: SpawnEntity: Successfully spawned entity [tb3_0]
[gzserver-1] [INFO] [1779255565.810792580] [tb3_0.turtlebot3_diff_drive]: Wheel pair 1 separation set to [0.160000m]
[gzserver-1] [INFO] [1779255565.810882755] [tb3_0.turtlebot3_diff_drive]: Wheel pair 1 diameter set to [0.066000m]
[gzserver-1] [INFO] [1779255565.813640083] [tb3_0.turtlebot3_diff_drive]: Subscribed to [/tb3_0/cmd_vel]
[gzserver-1] [INFO] [1779255565.819016303] [tb3_0.turtlebot3_diff_drive]: Advertise odometry on [/tb3_0/odom]
[gzserver-1] [INFO] [1779255565.826719028] [tb3_0.turtlebot3_diff_drive]: Publishing odom transforms between [tb3_0/odom] and [tb3_0/base_footprint]
[gzserver-1] [INFO] [1779255565.857180924] [tb3_0.turtlebot3_joint_state]: Going to publish joint [wheel_left_joint]
[gzserver-1] [INFO] [1779255565.857323297] [tb3_0.turtlebot3_joint_state]: Going to publish joint [wheel_right_joint]
[INFO] [spawn_entity.py-4]: process has finished cleanly [pid 3469485]
[gzserver-1] [INFO] [1779255566.230766324] [tb3_2.turtlebot3_imu]: <initial_orientation_as_reference> is unset, using default value of false to comply with REP 145 (world as orientation reference)
[spawn_entity.py-10] [INFO] [1779255566.398879574] [tb3_2.spawn_entity]: Spawn status: SpawnEntity: Successfully spawned entity [tb3_2]
[gzserver-1] [INFO] [1779255566.523060169] [tb3_2.turtlebot3_diff_drive]: Wheel pair 1 separation set to [0.160000m]
[gzserver-1] [INFO] [1779255566.523184187] [tb3_2.turtlebot3_diff_drive]: Wheel pair 1 diameter set to [0.066000m]
[gzserver-1] [INFO] [1779255566.524877020] [tb3_2.turtlebot3_diff_drive]: Subscribed to [/tb3_2/cmd_vel]
[gzserver-1] [INFO] [1779255566.526054548] [tb3_2.turtlebot3_diff_drive]: Advertise odometry on [/tb3_2/odom]
[gzserver-1] [INFO] [1779255566.535861714] [tb3_2.turtlebot3_diff_drive]: Publishing odom transforms between [tb3_2/odom] and [tb3_2/base_footprint]
[gzserver-1] [INFO] [1779255566.563588833] [tb3_2.turtlebot3_joint_state]: Going to publish joint [wheel_left_joint]
[gzserver-1] [INFO] [1779255566.563721788] [tb3_2.turtlebot3_joint_state]: Going to publish joint [wheel_right_joint]
[INFO] [spawn_entity.py-10]: process has finished cleanly [pid 3469499]
[gzserver-1] [INFO] [1779255566.913412542] [tb3_3.turtlebot3_imu]: <initial_orientation_as_reference> is unset, using default value of false to comply with REP 145 (world as orientation reference)
[spawn_entity.py-13] [INFO] [1779255567.079691627] [tb3_3.spawn_entity]: Spawn status: SpawnEntity: Successfully spawned entity [tb3_3]
[gzserver-1] [INFO] [1779255567.202602433] [tb3_3.turtlebot3_diff_drive]: Wheel pair 1 separation set to [0.160000m]
[gzserver-1] [INFO] [1779255567.202692239] [tb3_3.turtlebot3_diff_drive]: Wheel pair 1 diameter set to [0.066000m]
[gzserver-1] [INFO] [1779255567.204208272] [tb3_3.turtlebot3_diff_drive]: Subscribed to [/tb3_3/cmd_vel]
[gzserver-1] [INFO] [1779255567.207090889] [tb3_3.turtlebot3_diff_drive]: Advertise odometry on [/tb3_3/odom]
[gzserver-1] [INFO] [1779255567.217918110] [tb3_3.turtlebot3_diff_drive]: Publishing odom transforms between [tb3_3/odom] and [tb3_3/base_footprint]
[gzserver-1] [INFO] [1779255567.250615075] [tb3_3.turtlebot3_joint_state]: Going to publish joint [wheel_left_joint]
[gzserver-1] [INFO] [1779255567.250803108] [tb3_3.turtlebot3_joint_state]: Going to publish joint [wheel_right_joint]
[INFO] [spawn_entity.py-13]: process has finished cleanly [pid 3469520]
[gzserver-1] [INFO] [1779255567.621612181] [tb3_1.turtlebot3_imu]: <initial_orientation_as_reference> is unset, using default value of false to comply with REP 145 (world as orientation reference)
[spawn_entity.py-7] [INFO] [1779255567.762470545] [tb3_1.spawn_entity]: Spawn status: SpawnEntity: Successfully spawned entity [tb3_1]
[gzserver-1] [INFO] [1779255567.880872736] [tb3_1.turtlebot3_diff_drive]: Wheel pair 1 separation set to [0.160000m]
[gzserver-1] [INFO] [1779255567.880939022] [tb3_1.turtlebot3_diff_drive]: Wheel pair 1 diameter set to [0.066000m]
[gzserver-1] [INFO] [1779255567.881983314] [tb3_1.turtlebot3_diff_drive]: Subscribed to [/tb3_1/cmd_vel]
[gzserver-1] [INFO] [1779255567.883235396] [tb3_1.turtlebot3_diff_drive]: Advertise odometry on [/tb3_1/odom]
[gzserver-1] [INFO] [1779255567.886487611] [tb3_1.turtlebot3_diff_drive]: Publishing odom transforms between [tb3_1/odom] and [tb3_1/base_footprint]
[gzserver-1] [INFO] [1779255567.913016065] [tb3_1.turtlebot3_joint_state]: Going to publish joint [wheel_left_joint]
[gzserver-1] [INFO] [1779255567.913074351] [tb3_1.turtlebot3_joint_state]: Going to publish joint [wheel_right_joint]
[INFO] [spawn_entity.py-7]: process has finished cleanly [pid 3469491]
[rviz2-17] [INFO] [1779255577.654838825] [rviz2]: Message Filter dropping message: frame 'tb3_2/base_scan' at time 0.365 for reason 'the timestamp on the message is earlier than all the data in the transform cache'
[rviz2-17] [INFO] [1779255577.855674987] [rviz2]: Message Filter dropping message: frame 'tb3_3/base_scan' at time 0.565 for reason 'the timestamp on the message is earlier than all the data in the transform cache'
[rviz2-17] [INFO] [1779255578.052858162] [rviz2]: Message Filter dropping message: frame 'tb3_1/base_scan' at time 0.762 for reason 'the timestamp on the message is earlier than all the data in the transform cache'
