[0.798s] Invoking command in '/home/wj/work/multi-robot-exploration-rl/src/gnn_bc_tools': AMENT_PREFIX_PATH=/home/wj/work/multi-robot-exploration-rl/install/start_orca_nav:/home/wj/work/multi-robot-exploration-rl/install/gnn_marl_training:${AMENT_PREFIX_PATH} CONDA_PROMPT_MODIFIER=(ros2) PYTHONPATH=/home/wj/work/multi-robot-exploration-rl/build/gnn_bc_tools/prefix_override:/usr/lib/python3/dist-packages/colcon_core/task/python/colcon_distutils_commands:/home/wj/work/multi-robot-exploration-rl/install/gnn_bc_tools/lib/python3.10/site-packages:/home/wj/work/multi-robot-exploration-rl/install/start_orca_nav/lib/python3.10/site-packages:/home/wj/work/multi-robot-exploration-rl/install/gnn_marl_training/lib/python3.10/site-packages:${PYTHONPATH} /usr/bin/python3 -W ignore:setup.py install is deprecated -W ignore:easy_install command is deprecated setup.py egg_info --egg-base ../../build/gnn_bc_tools build --build-base /home/wj/work/multi-robot-exploration-rl/build/gnn_bc_tools/build install --record /home/wj/work/multi-robot-exploration-rl/build/gnn_bc_tools/install.log --single-version-externally-managed install_data
[1.127s] running egg_info
[1.128s] creating ../../build/gnn_bc_tools/gnn_bc_tools.egg-info
[1.128s] writing ../../build/gnn_bc_tools/gnn_bc_tools.egg-info/PKG-INFO
[1.129s] writing dependency_links to ../../build/gnn_bc_tools/gnn_bc_tools.egg-info/dependency_links.txt
[1.129s] writing entry points to ../../build/gnn_bc_tools/gnn_bc_tools.egg-info/entry_points.txt
[1.129s] writing requirements to ../../build/gnn_bc_tools/gnn_bc_tools.egg-info/requires.txt
[1.129s] writing top-level names to ../../build/gnn_bc_tools/gnn_bc_tools.egg-info/top_level.txt
[1.129s] writing manifest file '../../build/gnn_bc_tools/gnn_bc_tools.egg-info/SOURCES.txt'
[1.131s] reading manifest file '../../build/gnn_bc_tools/gnn_bc_tools.egg-info/SOURCES.txt'
[1.132s] writing manifest file '../../build/gnn_bc_tools/gnn_bc_tools.egg-info/SOURCES.txt'
[1.133s] running build
[1.133s] running build_py
[1.133s] creating /home/wj/work/multi-robot-exploration-rl/build/gnn_bc_tools/build
[1.133s] creating /home/wj/work/multi-robot-exploration-rl/build/gnn_bc_tools/build/lib
[1.134s] creating /home/wj/work/multi-robot-exploration-rl/build/gnn_bc_tools/build/lib/gnn_bc_tools
[1.134s] copying gnn_bc_tools/run_orca_dwa_bc_pipeline.py -> /home/wj/work/multi-robot-exploration-rl/build/gnn_bc_tools/build/lib/gnn_bc_tools
[1.134s] copying gnn_bc_tools/expert_apf.py -> /home/wj/work/multi-robot-exploration-rl/build/gnn_bc_tools/build/lib/gnn_bc_tools
[1.134s] copying gnn_bc_tools/path_utils.py -> /home/wj/work/multi-robot-exploration-rl/build/gnn_bc_tools/build/lib/gnn_bc_tools
[1.134s] copying gnn_bc_tools/orca_dwa_scene_utils.py -> /home/wj/work/multi-robot-exploration-rl/build/gnn_bc_tools/build/lib/gnn_bc_tools
[1.135s] copying gnn_bc_tools/tune_orca_dwa_map1.py -> /home/wj/work/multi-robot-exploration-rl/build/gnn_bc_tools/build/lib/gnn_bc_tools
[1.135s] copying gnn_bc_tools/expert_orca_dwa.py -> /home/wj/work/multi-robot-exploration-rl/build/gnn_bc_tools/build/lib/gnn_bc_tools
[1.135s] copying gnn_bc_tools/collect_orca_dwa_bc.py -> /home/wj/work/multi-robot-exploration-rl/build/gnn_bc_tools/build/lib/gnn_bc_tools
[1.135s] copying gnn_bc_tools/__init__.py -> /home/wj/work/multi-robot-exploration-rl/build/gnn_bc_tools/build/lib/gnn_bc_tools
[1.135s] copying gnn_bc_tools/pretrain_mappo_bc.py -> /home/wj/work/multi-robot-exploration-rl/build/gnn_bc_tools/build/lib/gnn_bc_tools
[1.135s] copying gnn_bc_tools/rl_finetune_from_bc.py -> /home/wj/work/multi-robot-exploration-rl/build/gnn_bc_tools/build/lib/gnn_bc_tools
[1.136s] running install
[1.136s] running install_lib
[1.137s] creating /home/wj/work/multi-robot-exploration-rl/install/gnn_bc_tools/lib/python3.10/site-packages/gnn_bc_tools
[1.137s] copying /home/wj/work/multi-robot-exploration-rl/build/gnn_bc_tools/build/lib/gnn_bc_tools/run_orca_dwa_bc_pipeline.py -> /home/wj/work/multi-robot-exploration-rl/install/gnn_bc_tools/lib/python3.10/site-packages/gnn_bc_tools
[1.137s] copying /home/wj/work/multi-robot-exploration-rl/build/gnn_bc_tools/build/lib/gnn_bc_tools/expert_apf.py -> /home/wj/work/multi-robot-exploration-rl/install/gnn_bc_tools/lib/python3.10/site-packages/gnn_bc_tools
[1.138s] copying /home/wj/work/multi-robot-exploration-rl/build/gnn_bc_tools/build/lib/gnn_bc_tools/path_utils.py -> /home/wj/work/multi-robot-exploration-rl/install/gnn_bc_tools/lib/python3.10/site-packages/gnn_bc_tools
[1.138s] copying /home/wj/work/multi-robot-exploration-rl/build/gnn_bc_tools/build/lib/gnn_bc_tools/orca_dwa_scene_utils.py -> /home/wj/work/multi-robot-exploration-rl/install/gnn_bc_tools/lib/python3.10/site-packages/gnn_bc_tools
[1.138s] copying /home/wj/work/multi-robot-exploration-rl/build/gnn_bc_tools/build/lib/gnn_bc_tools/tune_orca_dwa_map1.py -> /home/wj/work/multi-robot-exploration-rl/install/gnn_bc_tools/lib/python3.10/site-packages/gnn_bc_tools
[1.138s] copying /home/wj/work/multi-robot-exploration-rl/build/gnn_bc_tools/build/lib/gnn_bc_tools/expert_orca_dwa.py -> /home/wj/work/multi-robot-exploration-rl/install/gnn_bc_tools/lib/python3.10/site-packages/gnn_bc_tools
[1.138s] copying /home/wj/work/multi-robot-exploration-rl/build/gnn_bc_tools/build/lib/gnn_bc_tools/collect_orca_dwa_bc.py -> /home/wj/work/multi-robot-exploration-rl/install/gnn_bc_tools/lib/python3.10/site-packages/gnn_bc_tools
[1.139s] copying /home/wj/work/multi-robot-exploration-rl/build/gnn_bc_tools/build/lib/gnn_bc_tools/__init__.py -> /home/wj/work/multi-robot-exploration-rl/install/gnn_bc_tools/lib/python3.10/site-packages/gnn_bc_tools
[1.139s] copying /home/wj/work/multi-robot-exploration-rl/build/gnn_bc_tools/build/lib/gnn_bc_tools/pretrain_mappo_bc.py -> /home/wj/work/multi-robot-exploration-rl/install/gnn_bc_tools/lib/python3.10/site-packages/gnn_bc_tools
[1.139s] copying /home/wj/work/multi-robot-exploration-rl/build/gnn_bc_tools/build/lib/gnn_bc_tools/rl_finetune_from_bc.py -> /home/wj/work/multi-robot-exploration-rl/install/gnn_bc_tools/lib/python3.10/site-packages/gnn_bc_tools
[1.139s] byte-compiling /home/wj/work/multi-robot-exploration-rl/install/gnn_bc_tools/lib/python3.10/site-packages/gnn_bc_tools/run_orca_dwa_bc_pipeline.py to run_orca_dwa_bc_pipeline.cpython-310.pyc
[1.141s] byte-compiling /home/wj/work/multi-robot-exploration-rl/install/gnn_bc_tools/lib/python3.10/site-packages/gnn_bc_tools/expert_apf.py to expert_apf.cpython-310.pyc
[1.143s] byte-compiling /home/wj/work/multi-robot-exploration-rl/install/gnn_bc_tools/lib/python3.10/site-packages/gnn_bc_tools/path_utils.py to path_utils.cpython-310.pyc
[1.144s] byte-compiling /home/wj/work/multi-robot-exploration-rl/install/gnn_bc_tools/lib/python3.10/site-packages/gnn_bc_tools/orca_dwa_scene_utils.py to orca_dwa_scene_utils.cpython-310.pyc
[1.147s] byte-compiling /home/wj/work/multi-robot-exploration-rl/install/gnn_bc_tools/lib/python3.10/site-packages/gnn_bc_tools/tune_orca_dwa_map1.py to tune_orca_dwa_map1.cpython-310.pyc
[1.154s] byte-compiling /home/wj/work/multi-robot-exploration-rl/install/gnn_bc_tools/lib/python3.10/site-packages/gnn_bc_tools/expert_orca_dwa.py to expert_orca_dwa.cpython-310.pyc
[1.161s] byte-compiling /home/wj/work/multi-robot-exploration-rl/install/gnn_bc_tools/lib/python3.10/site-packages/gnn_bc_tools/collect_orca_dwa_bc.py to collect_orca_dwa_bc.cpython-310.pyc
[1.165s] byte-compiling /home/wj/work/multi-robot-exploration-rl/install/gnn_bc_tools/lib/python3.10/site-packages/gnn_bc_tools/__init__.py to __init__.cpython-310.pyc
[1.165s] byte-compiling /home/wj/work/multi-robot-exploration-rl/install/gnn_bc_tools/lib/python3.10/site-packages/gnn_bc_tools/pretrain_mappo_bc.py to pretrain_mappo_bc.cpython-310.pyc
[1.167s] byte-compiling /home/wj/work/multi-robot-exploration-rl/install/gnn_bc_tools/lib/python3.10/site-packages/gnn_bc_tools/rl_finetune_from_bc.py to rl_finetune_from_bc.cpython-310.pyc
[1.169s] running install_data
[1.169s] creating /home/wj/work/multi-robot-exploration-rl/install/gnn_bc_tools/share/ament_index
[1.169s] creating /home/wj/work/multi-robot-exploration-rl/install/gnn_bc_tools/share/ament_index/resource_index
[1.169s] creating /home/wj/work/multi-robot-exploration-rl/install/gnn_bc_tools/share/ament_index/resource_index/packages
[1.169s] copying resource/gnn_bc_tools -> /home/wj/work/multi-robot-exploration-rl/install/gnn_bc_tools/share/ament_index/resource_index/packages
[1.169s] copying package.xml -> /home/wj/work/multi-robot-exploration-rl/install/gnn_bc_tools/share/gnn_bc_tools
[1.170s] running install_egg_info
[1.171s] Copying ../../build/gnn_bc_tools/gnn_bc_tools.egg-info to /home/wj/work/multi-robot-exploration-rl/install/gnn_bc_tools/lib/python3.10/site-packages/gnn_bc_tools-0.1.0-py3.10.egg-info
[1.172s] running install_scripts
[1.207s] Installing collect_orca_dwa_bc script to /home/wj/work/multi-robot-exploration-rl/install/gnn_bc_tools/lib/gnn_bc_tools
[1.208s] Installing pretrain_mappo_bc script to /home/wj/work/multi-robot-exploration-rl/install/gnn_bc_tools/lib/gnn_bc_tools
[1.208s] Installing run_orca_dwa_bc_pipeline script to /home/wj/work/multi-robot-exploration-rl/install/gnn_bc_tools/lib/gnn_bc_tools
[1.208s] Installing tune_orca_dwa_map1 script to /home/wj/work/multi-robot-exploration-rl/install/gnn_bc_tools/lib/gnn_bc_tools
[1.208s] writing list of installed files to '/home/wj/work/multi-robot-exploration-rl/build/gnn_bc_tools/install.log'
[1.273s] Invoked command in '/home/wj/work/multi-robot-exploration-rl/src/gnn_bc_tools' returned '0': AMENT_PREFIX_PATH=/home/wj/work/multi-robot-exploration-rl/install/start_orca_nav:/home/wj/work/multi-robot-exploration-rl/install/gnn_marl_training:${AMENT_PREFIX_PATH} CONDA_PROMPT_MODIFIER=(ros2) PYTHONPATH=/home/wj/work/multi-robot-exploration-rl/build/gnn_bc_tools/prefix_override:/usr/lib/python3/dist-packages/colcon_core/task/python/colcon_distutils_commands:/home/wj/work/multi-robot-exploration-rl/install/gnn_bc_tools/lib/python3.10/site-packages:/home/wj/work/multi-robot-exploration-rl/install/start_orca_nav/lib/python3.10/site-packages:/home/wj/work/multi-robot-exploration-rl/install/gnn_marl_training/lib/python3.10/site-packages:${PYTHONPATH} /usr/bin/python3 -W ignore:setup.py install is deprecated -W ignore:easy_install command is deprecated setup.py egg_info --egg-base ../../build/gnn_bc_tools build --build-base /home/wj/work/multi-robot-exploration-rl/build/gnn_bc_tools/build install --record /home/wj/work/multi-robot-exploration-rl/build/gnn_bc_tools/install.log --single-version-externally-managed install_data
