running egg_info
creating ../../build/marl_training/marl_training.egg-info
writing ../../build/marl_training/marl_training.egg-info/PKG-INFO
writing dependency_links to ../../build/marl_training/marl_training.egg-info/dependency_links.txt
writing entry points to ../../build/marl_training/marl_training.egg-info/entry_points.txt
writing requirements to ../../build/marl_training/marl_training.egg-info/requires.txt
writing top-level names to ../../build/marl_training/marl_training.egg-info/top_level.txt
writing manifest file '../../build/marl_training/marl_training.egg-info/SOURCES.txt'
reading manifest file '../../build/marl_training/marl_training.egg-info/SOURCES.txt'
writing manifest file '../../build/marl_training/marl_training.egg-info/SOURCES.txt'
running build
running build_py
creating /home/wj/work/multi-robot-exploration-rl/build/marl_training/build
creating /home/wj/work/multi-robot-exploration-rl/build/marl_training/build/lib
creating /home/wj/work/multi-robot-exploration-rl/build/marl_training/build/lib/marl_training
copying marl_training/independent_env.py -> /home/wj/work/multi-robot-exploration-rl/build/marl_training/build/lib/marl_training
copying marl_training/train_marl.py -> /home/wj/work/multi-robot-exploration-rl/build/marl_training/build/lib/marl_training
copying marl_training/marl_env.py -> /home/wj/work/multi-robot-exploration-rl/build/marl_training/build/lib/marl_training
copying marl_training/global_planner.py -> /home/wj/work/multi-robot-exploration-rl/build/marl_training/build/lib/marl_training
copying marl_training/__init__.py -> /home/wj/work/multi-robot-exploration-rl/build/marl_training/build/lib/marl_training
copying marl_training/waypoint_visualizer.py -> /home/wj/work/multi-robot-exploration-rl/build/marl_training/build/lib/marl_training
copying marl_training/test_mappo.py -> /home/wj/work/multi-robot-exploration-rl/build/marl_training/build/lib/marl_training
copying marl_training/train_mappo.py -> /home/wj/work/multi-robot-exploration-rl/build/marl_training/build/lib/marl_training
running install
running install_lib
creating /home/wj/work/multi-robot-exploration-rl/install/marl_training/lib/python3.10/site-packages/marl_training
copying /home/wj/work/multi-robot-exploration-rl/build/marl_training/build/lib/marl_training/independent_env.py -> /home/wj/work/multi-robot-exploration-rl/install/marl_training/lib/python3.10/site-packages/marl_training
copying /home/wj/work/multi-robot-exploration-rl/build/marl_training/build/lib/marl_training/train_marl.py -> /home/wj/work/multi-robot-exploration-rl/install/marl_training/lib/python3.10/site-packages/marl_training
copying /home/wj/work/multi-robot-exploration-rl/build/marl_training/build/lib/marl_training/marl_env.py -> /home/wj/work/multi-robot-exploration-rl/install/marl_training/lib/python3.10/site-packages/marl_training
copying /home/wj/work/multi-robot-exploration-rl/build/marl_training/build/lib/marl_training/global_planner.py -> /home/wj/work/multi-robot-exploration-rl/install/marl_training/lib/python3.10/site-packages/marl_training
copying /home/wj/work/multi-robot-exploration-rl/build/marl_training/build/lib/marl_training/__init__.py -> /home/wj/work/multi-robot-exploration-rl/install/marl_training/lib/python3.10/site-packages/marl_training
copying /home/wj/work/multi-robot-exploration-rl/build/marl_training/build/lib/marl_training/waypoint_visualizer.py -> /home/wj/work/multi-robot-exploration-rl/install/marl_training/lib/python3.10/site-packages/marl_training
copying /home/wj/work/multi-robot-exploration-rl/build/marl_training/build/lib/marl_training/test_mappo.py -> /home/wj/work/multi-robot-exploration-rl/install/marl_training/lib/python3.10/site-packages/marl_training
copying /home/wj/work/multi-robot-exploration-rl/build/marl_training/build/lib/marl_training/train_mappo.py -> /home/wj/work/multi-robot-exploration-rl/install/marl_training/lib/python3.10/site-packages/marl_training
byte-compiling /home/wj/work/multi-robot-exploration-rl/install/marl_training/lib/python3.10/site-packages/marl_training/independent_env.py to independent_env.cpython-310.pyc
byte-compiling /home/wj/work/multi-robot-exploration-rl/install/marl_training/lib/python3.10/site-packages/marl_training/train_marl.py to train_marl.cpython-310.pyc
byte-compiling /home/wj/work/multi-robot-exploration-rl/install/marl_training/lib/python3.10/site-packages/marl_training/marl_env.py to marl_env.cpython-310.pyc
byte-compiling /home/wj/work/multi-robot-exploration-rl/install/marl_training/lib/python3.10/site-packages/marl_training/global_planner.py to global_planner.cpython-310.pyc
byte-compiling /home/wj/work/multi-robot-exploration-rl/install/marl_training/lib/python3.10/site-packages/marl_training/__init__.py to __init__.cpython-310.pyc
byte-compiling /home/wj/work/multi-robot-exploration-rl/install/marl_training/lib/python3.10/site-packages/marl_training/waypoint_visualizer.py to waypoint_visualizer.cpython-310.pyc
byte-compiling /home/wj/work/multi-robot-exploration-rl/install/marl_training/lib/python3.10/site-packages/marl_training/test_mappo.py to test_mappo.cpython-310.pyc
byte-compiling /home/wj/work/multi-robot-exploration-rl/install/marl_training/lib/python3.10/site-packages/marl_training/train_mappo.py to train_mappo.cpython-310.pyc
running install_data
creating /home/wj/work/multi-robot-exploration-rl/install/marl_training/share
creating /home/wj/work/multi-robot-exploration-rl/install/marl_training/share/ament_index
creating /home/wj/work/multi-robot-exploration-rl/install/marl_training/share/ament_index/resource_index
creating /home/wj/work/multi-robot-exploration-rl/install/marl_training/share/ament_index/resource_index/packages
copying resource/marl_training -> /home/wj/work/multi-robot-exploration-rl/install/marl_training/share/ament_index/resource_index/packages
creating /home/wj/work/multi-robot-exploration-rl/install/marl_training/share/marl_training
copying package.xml -> /home/wj/work/multi-robot-exploration-rl/install/marl_training/share/marl_training
creating /home/wj/work/multi-robot-exploration-rl/install/marl_training/share/marl_training/launch
running install_egg_info
Copying ../../build/marl_training/marl_training.egg-info to /home/wj/work/multi-robot-exploration-rl/install/marl_training/lib/python3.10/site-packages/marl_training-0.0.1-py3.10.egg-info
running install_scripts
Installing test_mappo script to /home/wj/work/multi-robot-exploration-rl/install/marl_training/lib/marl_training
Installing train_mapppo script to /home/wj/work/multi-robot-exploration-rl/install/marl_training/lib/marl_training
writing list of installed files to '/home/wj/work/multi-robot-exploration-rl/build/marl_training/install.log'
