[1.918s] Invoking command in '/home/wj/work/multi-robot-exploration-rl/src/marl_training': CONDA_PROMPT_MODIFIER=(ros2) PYTHONPATH=/home/wj/work/multi-robot-exploration-rl/build/marl_training/prefix_override:/usr/lib/python3/dist-packages/colcon_core/task/python/colcon_distutils_commands:/home/wj/work/multi-robot-exploration-rl/install/marl_training/lib/python3.10/site-packages:${PYTHONPATH} /usr/bin/python3 -W ignore:setup.py install is deprecated -W ignore:easy_install command is deprecated setup.py egg_info --egg-base ../../build/marl_training build --build-base /home/wj/work/multi-robot-exploration-rl/build/marl_training/build install --record /home/wj/work/multi-robot-exploration-rl/build/marl_training/install.log --single-version-externally-managed install_data
[2.285s] running egg_info
[2.285s] creating ../../build/marl_training/marl_training.egg-info
[2.285s] writing ../../build/marl_training/marl_training.egg-info/PKG-INFO
[2.287s] writing dependency_links to ../../build/marl_training/marl_training.egg-info/dependency_links.txt
[2.287s] writing entry points to ../../build/marl_training/marl_training.egg-info/entry_points.txt
[2.287s] writing requirements to ../../build/marl_training/marl_training.egg-info/requires.txt
[2.287s] writing top-level names to ../../build/marl_training/marl_training.egg-info/top_level.txt
[2.288s] writing manifest file '../../build/marl_training/marl_training.egg-info/SOURCES.txt'
[2.288s] reading manifest file '../../build/marl_training/marl_training.egg-info/SOURCES.txt'
[2.289s] writing manifest file '../../build/marl_training/marl_training.egg-info/SOURCES.txt'
[2.289s] running build
[2.289s] running build_py
[2.290s] creating /home/wj/work/multi-robot-exploration-rl/build/marl_training/build
[2.290s] creating /home/wj/work/multi-robot-exploration-rl/build/marl_training/build/lib
[2.290s] creating /home/wj/work/multi-robot-exploration-rl/build/marl_training/build/lib/marl_training
[2.290s] copying marl_training/independent_env.py -> /home/wj/work/multi-robot-exploration-rl/build/marl_training/build/lib/marl_training
[2.290s] copying marl_training/train_marl.py -> /home/wj/work/multi-robot-exploration-rl/build/marl_training/build/lib/marl_training
[2.291s] copying marl_training/marl_env.py -> /home/wj/work/multi-robot-exploration-rl/build/marl_training/build/lib/marl_training
[2.291s] copying marl_training/global_planner.py -> /home/wj/work/multi-robot-exploration-rl/build/marl_training/build/lib/marl_training
[2.291s] copying marl_training/__init__.py -> /home/wj/work/multi-robot-exploration-rl/build/marl_training/build/lib/marl_training
[2.291s] copying marl_training/waypoint_visualizer.py -> /home/wj/work/multi-robot-exploration-rl/build/marl_training/build/lib/marl_training
[2.291s] copying marl_training/test_mappo.py -> /home/wj/work/multi-robot-exploration-rl/build/marl_training/build/lib/marl_training
[2.292s] copying marl_training/train_mappo.py -> /home/wj/work/multi-robot-exploration-rl/build/marl_training/build/lib/marl_training
[2.292s] running install
[2.292s] running install_lib
[2.294s] creating /home/wj/work/multi-robot-exploration-rl/install/marl_training/lib/python3.10/site-packages/marl_training
[2.294s] copying /home/wj/work/multi-robot-exploration-rl/build/marl_training/build/lib/marl_training/independent_env.py -> /home/wj/work/multi-robot-exploration-rl/install/marl_training/lib/python3.10/site-packages/marl_training
[2.294s] copying /home/wj/work/multi-robot-exploration-rl/build/marl_training/build/lib/marl_training/train_marl.py -> /home/wj/work/multi-robot-exploration-rl/install/marl_training/lib/python3.10/site-packages/marl_training
[2.294s] copying /home/wj/work/multi-robot-exploration-rl/build/marl_training/build/lib/marl_training/marl_env.py -> /home/wj/work/multi-robot-exploration-rl/install/marl_training/lib/python3.10/site-packages/marl_training
[2.295s] copying /home/wj/work/multi-robot-exploration-rl/build/marl_training/build/lib/marl_training/global_planner.py -> /home/wj/work/multi-robot-exploration-rl/install/marl_training/lib/python3.10/site-packages/marl_training
[2.295s] copying /home/wj/work/multi-robot-exploration-rl/build/marl_training/build/lib/marl_training/__init__.py -> /home/wj/work/multi-robot-exploration-rl/install/marl_training/lib/python3.10/site-packages/marl_training
[2.295s] copying /home/wj/work/multi-robot-exploration-rl/build/marl_training/build/lib/marl_training/waypoint_visualizer.py -> /home/wj/work/multi-robot-exploration-rl/install/marl_training/lib/python3.10/site-packages/marl_training
[2.295s] copying /home/wj/work/multi-robot-exploration-rl/build/marl_training/build/lib/marl_training/test_mappo.py -> /home/wj/work/multi-robot-exploration-rl/install/marl_training/lib/python3.10/site-packages/marl_training
[2.295s] copying /home/wj/work/multi-robot-exploration-rl/build/marl_training/build/lib/marl_training/train_mappo.py -> /home/wj/work/multi-robot-exploration-rl/install/marl_training/lib/python3.10/site-packages/marl_training
[2.296s] byte-compiling /home/wj/work/multi-robot-exploration-rl/install/marl_training/lib/python3.10/site-packages/marl_training/independent_env.py to independent_env.cpython-310.pyc
[2.304s] byte-compiling /home/wj/work/multi-robot-exploration-rl/install/marl_training/lib/python3.10/site-packages/marl_training/train_marl.py to train_marl.cpython-310.pyc
[2.305s] byte-compiling /home/wj/work/multi-robot-exploration-rl/install/marl_training/lib/python3.10/site-packages/marl_training/marl_env.py to marl_env.cpython-310.pyc
[2.307s] byte-compiling /home/wj/work/multi-robot-exploration-rl/install/marl_training/lib/python3.10/site-packages/marl_training/global_planner.py to global_planner.cpython-310.pyc
[2.315s] byte-compiling /home/wj/work/multi-robot-exploration-rl/install/marl_training/lib/python3.10/site-packages/marl_training/__init__.py to __init__.cpython-310.pyc
[2.315s] byte-compiling /home/wj/work/multi-robot-exploration-rl/install/marl_training/lib/python3.10/site-packages/marl_training/waypoint_visualizer.py to waypoint_visualizer.cpython-310.pyc
[2.315s] byte-compiling /home/wj/work/multi-robot-exploration-rl/install/marl_training/lib/python3.10/site-packages/marl_training/test_mappo.py to test_mappo.cpython-310.pyc
[2.315s] byte-compiling /home/wj/work/multi-robot-exploration-rl/install/marl_training/lib/python3.10/site-packages/marl_training/train_mappo.py to train_mappo.cpython-310.pyc
[2.315s] running install_data
[2.316s] creating /home/wj/work/multi-robot-exploration-rl/install/marl_training/share
[2.316s] creating /home/wj/work/multi-robot-exploration-rl/install/marl_training/share/ament_index
[2.316s] creating /home/wj/work/multi-robot-exploration-rl/install/marl_training/share/ament_index/resource_index
[2.316s] creating /home/wj/work/multi-robot-exploration-rl/install/marl_training/share/ament_index/resource_index/packages
[2.316s] copying resource/marl_training -> /home/wj/work/multi-robot-exploration-rl/install/marl_training/share/ament_index/resource_index/packages
[2.316s] creating /home/wj/work/multi-robot-exploration-rl/install/marl_training/share/marl_training
[2.316s] copying package.xml -> /home/wj/work/multi-robot-exploration-rl/install/marl_training/share/marl_training
[2.316s] creating /home/wj/work/multi-robot-exploration-rl/install/marl_training/share/marl_training/launch
[2.317s] running install_egg_info
[2.318s] Copying ../../build/marl_training/marl_training.egg-info to /home/wj/work/multi-robot-exploration-rl/install/marl_training/lib/python3.10/site-packages/marl_training-0.0.1-py3.10.egg-info
[2.320s] running install_scripts
[2.351s] Installing test_mappo script to /home/wj/work/multi-robot-exploration-rl/install/marl_training/lib/marl_training
[2.352s] Installing train_mapppo script to /home/wj/work/multi-robot-exploration-rl/install/marl_training/lib/marl_training
[2.352s] writing list of installed files to '/home/wj/work/multi-robot-exploration-rl/build/marl_training/install.log'
[2.477s] Invoked command in '/home/wj/work/multi-robot-exploration-rl/src/marl_training' returned '0': CONDA_PROMPT_MODIFIER=(ros2) PYTHONPATH=/home/wj/work/multi-robot-exploration-rl/build/marl_training/prefix_override:/usr/lib/python3/dist-packages/colcon_core/task/python/colcon_distutils_commands:/home/wj/work/multi-robot-exploration-rl/install/marl_training/lib/python3.10/site-packages:${PYTHONPATH} /usr/bin/python3 -W ignore:setup.py install is deprecated -W ignore:easy_install command is deprecated setup.py egg_info --egg-base ../../build/marl_training build --build-base /home/wj/work/multi-robot-exploration-rl/build/marl_training/build install --record /home/wj/work/multi-robot-exploration-rl/build/marl_training/install.log --single-version-externally-managed install_data
