[INFO] [launch]: All log files can be found below /home/wj/.ros/log/2026-05-17-09-58-56-846327-wj-Default-string-1675834
[INFO] [launch]: Default logging verbosity is set to INFO
[INFO] Loading world (HEADLESS): /home/wj/work/multi-robot-exploration-rl/install/start_rl_environment_tb3/share/start_rl_environment_tb3/worlds/interaction_hub.world
[INFO] Using GAZEBO_MASTER_URI: http://127.0.0.1:11345
[INFO] Spawning 4 TurtleBot3 robots on interaction_hub...
[INFO] Using random positions
[INFO] Using fixed positions for 4 robots
[INFO]   Robot 0: Robot 0 - west lower at (-5.10, -0.85)
[INFO]   Robot 1: Robot 1 - west upper at (-5.10, 0.85)
[INFO]   Robot 2: Robot 2 - east upper at (5.10, 0.85)
[INFO]   Robot 3: Robot 3 - east lower at (5.10, -0.85)
[spawn_robots] Created modified SDF for tb3_0 at /tmp/tb3_0_eswegojb.sdf
[spawn_robots] Created modified SDF for tb3_1 at /tmp/tb3_1_9r3387qw.sdf
[spawn_robots] Created modified SDF for tb3_2 at /tmp/tb3_2_ab82qng3.sdf
[spawn_robots] Created modified SDF for tb3_3 at /tmp/tb3_3_hjaaqetl.sdf
[INFO] Map Server loading: /home/wj/work/multi-robot-exploration-rl/install/start_rl_environment_tb3/share/start_rl_environment_tb3/maps/interaction_hub.yaml
[INFO] [gzserver-1]: process started with pid [1675908]
[INFO] [robot_state_publisher-2]: process started with pid [1675910]
[INFO] [spawn_entity.py-3]: process started with pid [1675912]
[INFO] [static_transform_publisher-4]: process started with pid [1675914]
[INFO] [robot_state_publisher-5]: process started with pid [1675916]
[INFO] [spawn_entity.py-6]: process started with pid [1675918]
[INFO] [static_transform_publisher-7]: process started with pid [1675920]
[INFO] [robot_state_publisher-8]: process started with pid [1675922]
[INFO] [spawn_entity.py-9]: process started with pid [1675924]
[INFO] [static_transform_publisher-10]: process started with pid [1675926]
[INFO] [robot_state_publisher-11]: process started with pid [1675928]
[INFO] [spawn_entity.py-12]: process started with pid [1675930]
[INFO] [static_transform_publisher-13]: process started with pid [1675935]
[INFO] [map_server-14]: process started with pid [1675946]
[INFO] [lifecycle_manager-15]: process started with pid [1675954]
[INFO] [obstacle_mover.py-16]: process started with pid [1675980]
[static_transform_publisher-4] [WARN] [1778983137.118893920] []: Old-style arguments are deprecated; see --help for new-style arguments
[static_transform_publisher-7] [WARN] [1778983137.125355346] []: Old-style arguments are deprecated; see --help for new-style arguments
[static_transform_publisher-10] [WARN] [1778983137.131769711] []: Old-style arguments are deprecated; see --help for new-style arguments
[static_transform_publisher-4] [INFO] [1778983137.158379179] [static_tf_tb3_0]: Spinning until stopped - publishing transform
[static_transform_publisher-4] translation: ('0.000000', '0.000000', '0.000000')
[static_transform_publisher-4] rotation: ('0.000000', '0.000000', '0.000000', '1.000000')
[static_transform_publisher-4] from 'map' to 'tb3_0/odom'
[static_transform_publisher-13] [WARN] [1778983137.158826722] []: Old-style arguments are deprecated; see --help for new-style arguments
[static_transform_publisher-10] [INFO] [1778983137.179419193] [static_tf_tb3_2]: Spinning until stopped - publishing transform
[static_transform_publisher-10] translation: ('0.000000', '0.000000', '0.000000')
[static_transform_publisher-10] rotation: ('0.000000', '0.000000', '0.000000', '1.000000')
[static_transform_publisher-10] from 'map' to 'tb3_2/odom'
[static_transform_publisher-7] [INFO] [1778983137.182463217] [static_tf_tb3_1]: Spinning until stopped - publishing transform
[static_transform_publisher-7] translation: ('0.000000', '0.000000', '0.000000')
[static_transform_publisher-7] rotation: ('0.000000', '0.000000', '0.000000', '1.000000')
[static_transform_publisher-7] from 'map' to 'tb3_1/odom'
[robot_state_publisher-2] [INFO] [1778983137.198257511] [tb3_0.robot_state_publisher]: got segment base_footprint
[robot_state_publisher-5] [INFO] [1778983137.198314897] [tb3_1.robot_state_publisher]: got segment base_footprint
[robot_state_publisher-5] [INFO] [1778983137.198474092] [tb3_1.robot_state_publisher]: got segment base_link
[robot_state_publisher-5] [INFO] [1778983137.198497210] [tb3_1.robot_state_publisher]: got segment base_scan
[robot_state_publisher-5] [INFO] [1778983137.198509232] [tb3_1.robot_state_publisher]: got segment caster_back_link
[robot_state_publisher-5] [INFO] [1778983137.198519979] [tb3_1.robot_state_publisher]: got segment imu_link
[robot_state_publisher-5] [INFO] [1778983137.198529542] [tb3_1.robot_state_publisher]: got segment wheel_left_link
[robot_state_publisher-5] [INFO] [1778983137.198539038] [tb3_1.robot_state_publisher]: got segment wheel_right_link
[robot_state_publisher-2] [INFO] [1778983137.201044544] [tb3_0.robot_state_publisher]: got segment base_link
[robot_state_publisher-2] [INFO] [1778983137.201071501] [tb3_0.robot_state_publisher]: got segment base_scan
[robot_state_publisher-2] [INFO] [1778983137.201084707] [tb3_0.robot_state_publisher]: got segment caster_back_link
[robot_state_publisher-2] [INFO] [1778983137.201096121] [tb3_0.robot_state_publisher]: got segment imu_link
[robot_state_publisher-2] [INFO] [1778983137.201106574] [tb3_0.robot_state_publisher]: got segment wheel_left_link
[robot_state_publisher-2] [INFO] [1778983137.201116948] [tb3_0.robot_state_publisher]: got segment wheel_right_link
[robot_state_publisher-8] [INFO] [1778983137.204626743] [tb3_2.robot_state_publisher]: got segment base_footprint
[robot_state_publisher-8] [INFO] [1778983137.204957843] [tb3_2.robot_state_publisher]: got segment base_link
[robot_state_publisher-8] [INFO] [1778983137.204982638] [tb3_2.robot_state_publisher]: got segment base_scan
[robot_state_publisher-8] [INFO] [1778983137.204996579] [tb3_2.robot_state_publisher]: got segment caster_back_link
[robot_state_publisher-8] [INFO] [1778983137.205006871] [tb3_2.robot_state_publisher]: got segment imu_link
[robot_state_publisher-8] [INFO] [1778983137.205017906] [tb3_2.robot_state_publisher]: got segment wheel_left_link
[robot_state_publisher-8] [INFO] [1778983137.205029274] [tb3_2.robot_state_publisher]: got segment wheel_right_link
[robot_state_publisher-11] [INFO] [1778983137.208871133] [tb3_3.robot_state_publisher]: got segment base_footprint
[robot_state_publisher-11] [INFO] [1778983137.209135856] [tb3_3.robot_state_publisher]: got segment base_link
[robot_state_publisher-11] [INFO] [1778983137.209157426] [tb3_3.robot_state_publisher]: got segment base_scan
[robot_state_publisher-11] [INFO] [1778983137.209169368] [tb3_3.robot_state_publisher]: got segment caster_back_link
[robot_state_publisher-11] [INFO] [1778983137.209178885] [tb3_3.robot_state_publisher]: got segment imu_link
[robot_state_publisher-11] [INFO] [1778983137.209187802] [tb3_3.robot_state_publisher]: got segment wheel_left_link
[robot_state_publisher-11] [INFO] [1778983137.209195729] [tb3_3.robot_state_publisher]: got segment wheel_right_link
[static_transform_publisher-13] [INFO] [1778983137.213834221] [static_tf_tb3_3]: Spinning until stopped - publishing transform
[static_transform_publisher-13] translation: ('0.000000', '0.000000', '0.000000')
[static_transform_publisher-13] rotation: ('0.000000', '0.000000', '0.000000', '1.000000')
[static_transform_publisher-13] from 'map' to 'tb3_3/odom'
[lifecycle_manager-15] [INFO] [1778983137.229029695] [lifecycle_manager_map]: Creating
[lifecycle_manager-15] [INFO] [1778983137.241922407] [lifecycle_manager_map]: [34m[1mCreating and initializing lifecycle service clients[0m[0m
[lifecycle_manager-15] [INFO] [1778983137.254374005] [lifecycle_manager_map]: [34m[1mStarting managed nodes bringup...[0m[0m
[lifecycle_manager-15] [INFO] [1778983137.254454927] [lifecycle_manager_map]: [34m[1mConfiguring map_server[0m[0m
[map_server-14] [INFO] [1778983137.260890320] [map_server]: 
[map_server-14] 	map_server lifecycle node launched. 
[map_server-14] 	Waiting on external lifecycle transitions to activate
[map_server-14] 	See https://design.ros2.org/articles/node_lifecycle.html for more information.
[map_server-14] [INFO] [1778983137.261204307] [map_server]: Creating
[map_server-14] [INFO] [1778983137.354455955] [map_server]: Configuring
[map_server-14] [INFO] [1778983137.354601651] [map_io]: Loading yaml file: /home/wj/work/multi-robot-exploration-rl/install/start_rl_environment_tb3/share/start_rl_environment_tb3/maps/interaction_hub.yaml
[map_server-14] [INFO] [1778983137.355008857] [map_io]: resolution: 0.05
[map_server-14] [INFO] [1778983137.355027194] [map_io]: origin[0]: -6
[map_server-14] [INFO] [1778983137.355035884] [map_io]: origin[1]: -6
[map_server-14] [INFO] [1778983137.355043779] [map_io]: origin[2]: 0
[map_server-14] [INFO] [1778983137.355052280] [map_io]: free_thresh: 0.196
[map_server-14] [INFO] [1778983137.355060395] [map_io]: occupied_thresh: 0.65
[map_server-14] [INFO] [1778983137.355068918] [map_io]: mode: trinary
[map_server-14] [INFO] [1778983137.355077715] [map_io]: negate: 0
[map_server-14] [INFO] [1778983137.355333519] [map_io]: Loading image_file: /home/wj/work/multi-robot-exploration-rl/install/start_rl_environment_tb3/share/start_rl_environment_tb3/maps/interaction_hub.pgm
[map_server-14] [INFO] [1778983137.391105506] [map_io]: Read map /home/wj/work/multi-robot-exploration-rl/install/start_rl_environment_tb3/share/start_rl_environment_tb3/maps/interaction_hub.pgm: 240 X 240 map @ 0.05 m/cell
[lifecycle_manager-15] [INFO] [1778983137.419804400] [lifecycle_manager_map]: [34m[1mActivating map_server[0m[0m
[map_server-14] [INFO] [1778983137.420017795] [map_server]: Activating
[map_server-14] [INFO] [1778983137.420235320] [map_server]: Creating bond (map_server) to lifecycle manager.
[lifecycle_manager-15] [INFO] [1778983137.541610538] [lifecycle_manager_map]: Server map_server connected with bond.
[lifecycle_manager-15] [INFO] [1778983137.541676189] [lifecycle_manager_map]: [34m[1mManaged nodes are active[0m[0m
[lifecycle_manager-15] [INFO] [1778983137.541693895] [lifecycle_manager_map]: [34m[1mCreating bond timer...[0m[0m
[spawn_entity.py-3] Traceback (most recent call last):
[spawn_entity.py-3]   File "/opt/ros/humble/lib/gazebo_ros/spawn_entity.py", line 31, in <module>
[spawn_entity.py-3]     from lxml import etree as ElementTree
[spawn_entity.py-3] ModuleNotFoundError: No module named 'lxml'
[ERROR] [spawn_entity.py-3]: process has died [pid 1675912, exit code 1, cmd '/opt/ros/humble/lib/gazebo_ros/spawn_entity.py -file /tmp/tb3_0_eswegojb.sdf -entity tb3_0 -robot_namespace tb3_0 -x -5.1 -y -0.85 -z 0.01 -Y 0.0 --ros-args -r __node:=spawn_entity -r __ns:=/tb3_0'].
[spawn_entity.py-6] Traceback (most recent call last):
[spawn_entity.py-6]   File "/opt/ros/humble/lib/gazebo_ros/spawn_entity.py", line 31, in <module>
[spawn_entity.py-6]     from lxml import etree as ElementTree
[spawn_entity.py-6] ModuleNotFoundError: No module named 'lxml'
[spawn_entity.py-9] Traceback (most recent call last):
[spawn_entity.py-9]   File "/opt/ros/humble/lib/gazebo_ros/spawn_entity.py", line 31, in <module>
[spawn_entity.py-9]     from lxml import etree as ElementTree
[spawn_entity.py-9] ModuleNotFoundError: No module named 'lxml'
[ERROR] [spawn_entity.py-6]: process has died [pid 1675918, exit code 1, cmd '/opt/ros/humble/lib/gazebo_ros/spawn_entity.py -file /tmp/tb3_1_9r3387qw.sdf -entity tb3_1 -robot_namespace tb3_1 -x -5.1 -y 0.85 -z 0.01 -Y 0.0 --ros-args -r __node:=spawn_entity -r __ns:=/tb3_1'].
[spawn_entity.py-12] Traceback (most recent call last):
[spawn_entity.py-12]   File "/opt/ros/humble/lib/gazebo_ros/spawn_entity.py", line 31, in <module>
[spawn_entity.py-12]     from lxml import etree as ElementTree
[spawn_entity.py-12] ModuleNotFoundError: No module named 'lxml'
[ERROR] [spawn_entity.py-9]: process has died [pid 1675924, exit code 1, cmd '/opt/ros/humble/lib/gazebo_ros/spawn_entity.py -file /tmp/tb3_2_ab82qng3.sdf -entity tb3_2 -robot_namespace tb3_2 -x 5.1 -y 0.85 -z 0.01 -Y 3.141592653589793 --ros-args -r __node:=spawn_entity -r __ns:=/tb3_2'].
[ERROR] [spawn_entity.py-12]: process has died [pid 1675930, exit code 1, cmd '/opt/ros/humble/lib/gazebo_ros/spawn_entity.py -file /tmp/tb3_3_hjaaqetl.sdf -entity tb3_3 -robot_namespace tb3_3 -x 5.1 -y -0.85 -z 0.01 -Y 3.141592653589793 --ros-args -r __node:=spawn_entity -r __ns:=/tb3_3'].
[gzserver-1] Gazebo multi-robot simulator, version 11.10.2
[gzserver-1] Copyright (C) 2012 Open Source Robotics Foundation.
[gzserver-1] Released under the Apache 2 License.
[gzserver-1] http://gazebosim.org
[gzserver-1] 
[gzserver-1] [1;33m[Wrn] [gazebo_ros_init.cpp:178] [0m[1;33m
[gzserver-1] #     # ####### ####### ###  #####  #######
[gzserver-1] ##    # #     #    #     #  #     # #
[gzserver-1] # #   # #     #    #     #  #       #
[gzserver-1] #  #  # #     #    #     #  #       #####
[gzserver-1] #   # # #     #    #     #  #       #
[gzserver-1] #    ## #     #    #     #  #     # #
[gzserver-1] #     # #######    #    ###  #####  #######
[gzserver-1] 
[gzserver-1] This version of Gazebo, now called Gazebo classic, reaches end-of-life
[gzserver-1] in January 2025. Users are highly encouraged to migrate to the new Gazebo
[gzserver-1] using our migration guides (https://gazebosim.org/docs/latest/gazebo_classic_migration?utm_source=gazebo_ros_pkgs&utm_medium=cli)
[gzserver-1] 
[gzserver-1] [0m[1;33m
[gzserver-1] [1;32m[Msg] [0m[1;32mWaiting for master.[0m[1;32m
[gzserver-1] [0m[1;32m[0m[1;32m[0m[1;32m[Msg] [0m[1;32mConnected to gazebo master @ [0m[1;32mhttp://127.0.0.1:11345[0m[1;32m
[gzserver-1] [0m[1;32m[0m[1;32m[0m[1;32m[Msg] [0m[1;32mPublicized address: [0m[1;32m172.19.10.153[0m[1;32m
[gzserver-1] [0m[1;32m[0m[1;32m[0m[1;32m[Msg] [0m[1;32mLoading world file [[0m[1;32m/home/wj/work/multi-robot-exploration-rl/install/start_rl_environment_tb3/share/start_rl_environment_tb3/worlds/interaction_hub.world[0m[1;32m][0m[1;32m
[gzserver-1] [0m[1;33m[0m[1;33m[0m[WARN] [1778983139.560204988] [rcl]: Found remap rule 'model_states:=model_states_demo'. This syntax is deprecated. Use '--ros-args --remap model_states:=model_states_demo' instead.
[gzserver-1] [INFO] [1778983139.572341086] [gazebo_ros_state]: Publishing states of gazebo models at [/model_states_demo]
[gzserver-1] [INFO] [1778983139.573334236] [gazebo_ros_state]: Publishing states of gazebo links at [/link_states]
[obstacle_mover.py-16] [INFO] [1778983139.672094147] [obstacle_mover]: [obstacle_mover] map=6  0 个障碍物  速度=0.000 m/s (scale×0.0)  30 Hz  随机游走模式
[obstacle_mover.py-16] [INFO] [1778983139.685575333] [obstacle_mover]: [obstacle_mover] ✅ dyn_obs_0~dyn_obs_7 已下沉至 z=-10.0
