2026-06-08 22:06:36,223	INFO worker.py:2013 -- Started a local Ray instance.
[INFO] [1780927596.979075613] [gym_env_robot_0_8367]: ✅ 路径可视化器已启动，路径话题: /waypoint_markers, tracking话题: /rolling_subgoal_markers
[INFO] [1780927597.015610989] [gym_env_robot_1_58509]: ✅ 路径可视化器已启动，路径话题: /waypoint_markers, tracking话题: /rolling_subgoal_markers
[INFO] [1780927597.042440408] [gym_env_robot_2_17188]: ✅ 路径可视化器已启动，路径话题: /waypoint_markers, tracking话题: /rolling_subgoal_markers
[INFO] [1780927597.069671466] [gym_env_robot_3_17282]: ✅ 路径可视化器已启动，路径话题: /waypoint_markers, tracking话题: /rolling_subgoal_markers
ℹ️ Method3 + map6(interaction_hub) 自动启用交互专项默认值: num_obstacles=0, obs_speed_scale=0.0
⚠️ minibatch_size=1024 > train_batch_size=200，自动裁剪为 200
================================================================================
🚀 GNN-MAPPO 课程学习训练  [最近邻感知图]
================================================================================
  环境阶段:     1 · Stage 1 · 静态入门
  机器人数量:   4
  通信范围:     3.5 m
  感知邻域:     3.5 m
  并行Workers:  1
  采样设置:     timeout=1200s fragment=50 mode=truncate_episodes
  训练步数:     200
  动作模式:     interaction_mode
  PPO配置:      interaction_mode  (clip=0.2, ent=0.008, mb=200, epochs=8)
  GAT Actor:    neighbor  bias=2.50
  GAT Critic:   mlp
  需要环境:     ros2 launch start_rl_environment_tb3 main.launch.py map_number:=6 robot_number:=4 num_obstacles:=0 obs_speed_scale:=0.0
  通信设置:     mode=decentralized graph_source=comm_only  (dropout=5%, latency=1, jitter=1, noise=0.05, max_age=0.30s)
  冲突路线:     mode=aggressive prob=1.00
================================================================================

🤖 环境初始化: Namespace='/tb3_0', ModelName='tb3_0'
✅ Map 6: 预计算安全 spawn 点 11100 个 (clearance=0.40m)
✅ Robot 0: A*规划器初始化完成
🤖 环境初始化: Namespace='/tb3_1', ModelName='tb3_1'
✅ Map 6: 预计算安全 spawn 点 11100 个 (clearance=0.40m)
✅ Robot 1: A*规划器初始化完成
🤖 环境初始化: Namespace='/tb3_2', ModelName='tb3_2'
✅ Map 6: 预计算安全 spawn 点 11100 个 (clearance=0.40m)
✅ Robot 2: A*规划器初始化完成
🤖 环境初始化: Namespace='/tb3_3', ModelName='tb3_3'
✅ Map 6: 预计算安全 spawn 点 11100 个 (clearance=0.40m)
✅ Robot 3: A*规划器初始化完成
⚠️ Robot 1: 强制路线非法，回退固定 sanity fallback start=(-4.20,-1.40) goal=(4.20,-1.40)
⚠️ Robot 2: 强制路线非法，回退固定 sanity fallback start=(-4.80,-0.80) goal=(4.80,0.80)
⚠️ Robot 3: 强制路线非法，回退固定 sanity fallback start=(0.00,4.80) goal=(0.00,-4.80)
[graph] step=   0 source=comm_only comm_range=3.5m
  robot_0 pos=(-4.600, 0.000) status=active
    adj=[1  0  0  0]  dist=[ 0.00   6.54   4.68   6.30]  quality=[1.00  0.00  0.00  0.00]  neighbors=[]
  robot_1 pos=(-0.100, 4.750) status=active
    adj=[0  1  1  0]  dist=[ 6.54   0.00   3.15   8.95]  quality=[0.00  1.00  1.00  0.00]  neighbors=[2]
  robot_2 pos=(-0.200, 1.600) status=active
    adj=[0  1  1  0]  dist=[ 4.68   3.15   0.00   5.81]  quality=[0.00  1.00  1.00  0.00]  neighbors=[1]
  robot_3 pos=( 0.100,-4.200) status=active
    adj=[0  0  0  1]  dist=[ 6.30   8.95   5.81   0.00]  quality=[0.00  0.00  0.00  1.00]  neighbors=[]
[comm_only] step=   0  agent_0  my_pos=(-4.600,0.000)  received=0 fallback=0
    (无有效邻居: 范围外/丢包/延迟/消息过期，slot 填零)
[comm_only] step=   0  agent_1  my_pos=(-0.100,4.750)  received=1 fallback=0
    slot[0] neighbor=agent_2 dist=3.152m age=0.150s quality=1.00  n_pos=(-0.166,1.610)  rel_pos=(-0.066,-3.140)
[comm_only] step=   0  agent_2  my_pos=(-0.200,1.600)  received=1 fallback=0
    slot[0] neighbor=agent_1 dist=3.152m age=0.150s quality=1.00  n_pos=(-0.102,4.758)  rel_pos=(0.098,3.158)
[comm_only] step=   0  agent_3  my_pos=(0.100,-4.200)  received=0 fallback=0
    (无有效邻居: 范围外/丢包/延迟/消息过期，slot 填零)
[graph] step=   1 source=comm_only comm_range=3.5m
  robot_0 pos=(-4.600,-0.000) status=active
    adj=[1  0  0  0]  dist=[ 0.00   6.54   4.68   6.30]  quality=[1.00  0.00  0.00  0.00]  neighbors=[]
  robot_1 pos=(-0.100, 4.750) status=active
    adj=[0  1  1  0]  dist=[ 6.54   0.00   3.15   8.95]  quality=[0.00  1.00  1.00  0.00]  neighbors=[2]
  robot_2 pos=(-0.200, 1.600) status=active
    adj=[0  1  1  0]  dist=[ 4.68   3.15   0.00   5.81]  quality=[0.00  1.00  1.00  0.00]  neighbors=[1]
  robot_3 pos=( 0.100,-4.200) status=active
    adj=[0  0  0  1]  dist=[ 6.30   8.95   5.81   0.00]  quality=[0.00  0.00  0.00  1.00]  neighbors=[]
[comm_only] step=   1  agent_0  my_pos=(-4.600,-0.000)  received=0 fallback=0
    (无有效邻居: 范围外/丢包/延迟/消息过期，slot 填零)
[comm_only] step=   1  agent_1  my_pos=(-0.100,4.750)  received=1 fallback=0
    slot[0] neighbor=agent_2 dist=3.152m age=0.150s quality=1.00  n_pos=(-0.226,1.660)  rel_pos=(-0.126,-3.090)
[comm_only] step=   1  agent_2  my_pos=(-0.200,1.600)  received=1 fallback=0
    slot[0] neighbor=agent_1 dist=3.152m age=0.150s quality=1.00  n_pos=(0.032,4.842)  rel_pos=(0.232,3.242)
[comm_only] step=   1  agent_3  my_pos=(0.100,-4.200)  received=0 fallback=0
    (无有效邻居: 范围外/丢包/延迟/消息过期，slot 填零)
[graph] step=   2 source=comm_only comm_range=3.5m
  robot_0 pos=(-4.600,-0.000) status=active
    adj=[1  0  0  0]  dist=[ 0.00   6.54   4.68   6.30]  quality=[1.00  0.00  0.00  0.00]  neighbors=[]
  robot_1 pos=(-0.100, 4.750) status=active
    adj=[0  1  1  0]  dist=[ 6.54   0.00   3.15   8.95]  quality=[0.00  1.00  1.00  0.00]  neighbors=[2]
  robot_2 pos=(-0.200, 1.600) status=active
    adj=[0  1  1  0]  dist=[ 4.68   3.15   0.00   5.81]  quality=[0.00  1.00  1.00  0.00]  neighbors=[1]
  robot_3 pos=( 0.100,-4.200) status=active
    adj=[0  0  0  1]  dist=[ 6.30   8.95   5.81   0.00]  quality=[0.00  0.00  0.00  1.00]  neighbors=[]
[comm_only] step=   2  agent_0  my_pos=(-4.600,-0.000)  received=0 fallback=0
    (无有效邻居: 范围外/丢包/延迟/消息过期，slot 填零)
[comm_only] step=   2  agent_1  my_pos=(-0.100,4.750)  received=1 fallback=0
    slot[0] neighbor=agent_2 dist=3.152m age=0.150s quality=1.00  n_pos=(-0.191,1.720)  rel_pos=(-0.091,-3.030)
[comm_only] step=   2  agent_2  my_pos=(-0.200,1.600)  received=1 fallback=0
    slot[0] neighbor=agent_1 dist=3.152m age=0.150s quality=1.00  n_pos=(-0.090,4.621)  rel_pos=(0.110,3.021)
[comm_only] step=   2  agent_3  my_pos=(0.100,-4.200)  received=0 fallback=0
    (无有效邻居: 范围外/丢包/延迟/消息过期，slot 填零)
[graph] step=   3 source=comm_only comm_range=3.5m
  robot_0 pos=(-4.594,-0.001) status=active
    adj=[1  0  0  0]  dist=[ 0.00   6.54   4.68   6.30]  quality=[1.00  0.00  0.00  0.00]  neighbors=[]
  robot_1 pos=(-0.100, 4.751) status=active
    adj=[0  1  0  0]  dist=[ 6.54   0.00   3.15   8.95]  quality=[0.00  1.00  0.00  0.00]  neighbors=[]
  robot_2 pos=(-0.201, 1.601) status=active
    adj=[0  1  1  0]  dist=[ 4.68   3.15   0.00   5.81]  quality=[0.00  1.00  1.00  0.00]  neighbors=[1]
  robot_3 pos=( 0.101,-4.200) status=active
    adj=[0  0  0  1]  dist=[ 6.30   8.95   5.81   0.00]  quality=[0.00  0.00  0.00  1.00]  neighbors=[]
[comm_only] step=   3  agent_0  my_pos=(-4.594,-0.001)  received=0 fallback=0
    (无有效邻居: 范围外/丢包/延迟/消息过期，slot 填零)
[comm_only] step=   3  agent_1  my_pos=(-0.100,4.751)  received=0 fallback=0
    (无有效邻居: 范围外/丢包/延迟/消息过期，slot 填零)
[comm_only] step=   3  agent_2  my_pos=(-0.201,1.601)  received=1 fallback=0
    slot[0] neighbor=agent_1 dist=3.150m age=0.150s quality=1.00  n_pos=(-0.154,4.675)  rel_pos=(0.047,3.074)
[comm_only] step=   3  agent_3  my_pos=(0.101,-4.200)  received=0 fallback=0
    (无有效邻居: 范围外/丢包/延迟/消息过期，slot 填零)
⚠️ Robot 0: 强制路线非法，回退固定 sanity fallback start=(2.60,3.80) goal=(-2.60,-3.80)

================================================================================
✅ Direct env sanity completed
  completed_steps: 120
  episodes_started: 1
  active_agents: 4
================================================================================

