[INFO] [launch]: All log files can be found below /home/wj/.ros/log/2026-06-08-22-06-18-936787-wj-Default-string-2769252
[INFO] [launch]: Default logging verbosity is set to INFO
[INFO] Loading world (HEADLESS): /home/wj/work/multi-robot-exploration-rl/install/start_rl_environment_tb3/share/start_rl_environment_tb3/worlds/interaction_hub.world
[INFO] Using GAZEBO_MASTER_URI: http://127.0.0.1:11345
[INFO] Spawning 4 TurtleBot3 robots on interaction_hub...
[INFO] Using random positions
[INFO] Using fixed positions for 4 robots
[INFO]   Robot 0: Robot 0 - west lower at (-5.10, -0.85)
[INFO]   Robot 1: Robot 1 - west upper at (-5.10, 0.85)
[INFO]   Robot 2: Robot 2 - east upper at (5.10, 0.85)
[INFO]   Robot 3: Robot 3 - east lower at (5.10, -0.85)
[spawn_robots] Created modified SDF for tb3_0 at /tmp/tb3_0_1flnhi6x.sdf
[spawn_robots] Created modified SDF for tb3_1 at /tmp/tb3_1_jndc1kl1.sdf
[spawn_robots] Created modified SDF for tb3_2 at /tmp/tb3_2_eqbkbrkt.sdf
[spawn_robots] Created modified SDF for tb3_3 at /tmp/tb3_3_rbbv3fv2.sdf
[INFO] Map Server loading: /home/wj/work/multi-robot-exploration-rl/install/start_rl_environment_tb3/share/start_rl_environment_tb3/maps/interaction_hub.yaml
[INFO] [gzserver-1]: process started with pid [2769317]
[INFO] [robot_state_publisher-2]: process started with pid [2769319]
[INFO] [spawn_entity.py-3]: process started with pid [2769321]
[INFO] [static_transform_publisher-4]: process started with pid [2769323]
[INFO] [robot_state_publisher-5]: process started with pid [2769325]
[INFO] [spawn_entity.py-6]: process started with pid [2769327]
[INFO] [static_transform_publisher-7]: process started with pid [2769329]
[INFO] [robot_state_publisher-8]: process started with pid [2769331]
[INFO] [spawn_entity.py-9]: process started with pid [2769333]
[INFO] [static_transform_publisher-10]: process started with pid [2769335]
[INFO] [robot_state_publisher-11]: process started with pid [2769337]
[INFO] [spawn_entity.py-12]: process started with pid [2769340]
[INFO] [static_transform_publisher-13]: process started with pid [2769346]
[INFO] [map_server-14]: process started with pid [2769348]
[INFO] [lifecycle_manager-15]: process started with pid [2769350]
[INFO] [obstacle_mover.py-16]: process started with pid [2769354]
[static_transform_publisher-4] [WARN] [1780927579.210580656] []: Old-style arguments are deprecated; see --help for new-style arguments
[static_transform_publisher-7] [WARN] [1780927579.209692071] []: Old-style arguments are deprecated; see --help for new-style arguments
[static_transform_publisher-10] [WARN] [1780927579.212272243] []: Old-style arguments are deprecated; see --help for new-style arguments
[static_transform_publisher-13] [WARN] [1780927579.222542784] []: Old-style arguments are deprecated; see --help for new-style arguments
[static_transform_publisher-7] [INFO] [1780927579.248153753] [static_tf_tb3_1]: Spinning until stopped - publishing transform
[static_transform_publisher-7] translation: ('0.000000', '0.000000', '0.000000')
[static_transform_publisher-7] rotation: ('0.000000', '0.000000', '0.000000', '1.000000')
[static_transform_publisher-7] from 'map' to 'tb3_1/odom'
[lifecycle_manager-15] [INFO] [1780927579.250490670] [lifecycle_manager_map]: Creating
[lifecycle_manager-15] [INFO] [1780927579.257049433] [lifecycle_manager_map]: [34m[1mCreating and initializing lifecycle service clients[0m[0m
[robot_state_publisher-2] [INFO] [1780927579.259501123] [tb3_0.robot_state_publisher]: got segment base_footprint
[robot_state_publisher-2] [INFO] [1780927579.259692615] [tb3_0.robot_state_publisher]: got segment base_link
[robot_state_publisher-2] [INFO] [1780927579.259717556] [tb3_0.robot_state_publisher]: got segment base_scan
[robot_state_publisher-2] [INFO] [1780927579.259730620] [tb3_0.robot_state_publisher]: got segment caster_back_link
[robot_state_publisher-2] [INFO] [1780927579.259741486] [tb3_0.robot_state_publisher]: got segment imu_link
[robot_state_publisher-2] [INFO] [1780927579.259751657] [tb3_0.robot_state_publisher]: got segment wheel_left_link
[robot_state_publisher-2] [INFO] [1780927579.259761483] [tb3_0.robot_state_publisher]: got segment wheel_right_link
[robot_state_publisher-8] [INFO] [1780927579.262591837] [tb3_2.robot_state_publisher]: got segment base_footprint
[robot_state_publisher-8] [INFO] [1780927579.262761906] [tb3_2.robot_state_publisher]: got segment base_link
[robot_state_publisher-8] [INFO] [1780927579.262783263] [tb3_2.robot_state_publisher]: got segment base_scan
[robot_state_publisher-8] [INFO] [1780927579.262793825] [tb3_2.robot_state_publisher]: got segment caster_back_link
[robot_state_publisher-8] [INFO] [1780927579.262803425] [tb3_2.robot_state_publisher]: got segment imu_link
[robot_state_publisher-8] [INFO] [1780927579.262813058] [tb3_2.robot_state_publisher]: got segment wheel_left_link
[robot_state_publisher-8] [INFO] [1780927579.262823997] [tb3_2.robot_state_publisher]: got segment wheel_right_link
[static_transform_publisher-13] [INFO] [1780927579.268245280] [static_tf_tb3_3]: Spinning until stopped - publishing transform
[static_transform_publisher-13] translation: ('0.000000', '0.000000', '0.000000')
[static_transform_publisher-13] rotation: ('0.000000', '0.000000', '0.000000', '1.000000')
[static_transform_publisher-13] from 'map' to 'tb3_3/odom'
[static_transform_publisher-10] [INFO] [1780927579.272426174] [static_tf_tb3_2]: Spinning until stopped - publishing transform
[static_transform_publisher-10] translation: ('0.000000', '0.000000', '0.000000')
[static_transform_publisher-10] rotation: ('0.000000', '0.000000', '0.000000', '1.000000')
[static_transform_publisher-10] from 'map' to 'tb3_2/odom'
[robot_state_publisher-5] [INFO] [1780927579.291266755] [tb3_1.robot_state_publisher]: got segment base_footprint
[robot_state_publisher-5] [INFO] [1780927579.291483027] [tb3_1.robot_state_publisher]: got segment base_link
[robot_state_publisher-5] [INFO] [1780927579.291509373] [tb3_1.robot_state_publisher]: got segment base_scan
[robot_state_publisher-5] [INFO] [1780927579.291523342] [tb3_1.robot_state_publisher]: got segment caster_back_link
[robot_state_publisher-5] [INFO] [1780927579.291535703] [tb3_1.robot_state_publisher]: got segment imu_link
[robot_state_publisher-5] [INFO] [1780927579.291545740] [tb3_1.robot_state_publisher]: got segment wheel_left_link
[robot_state_publisher-5] [INFO] [1780927579.291556371] [tb3_1.robot_state_publisher]: got segment wheel_right_link
[robot_state_publisher-11] [INFO] [1780927579.293256961] [tb3_3.robot_state_publisher]: got segment base_footprint
[robot_state_publisher-11] [INFO] [1780927579.295946664] [tb3_3.robot_state_publisher]: got segment base_link
[robot_state_publisher-11] [INFO] [1780927579.295984427] [tb3_3.robot_state_publisher]: got segment base_scan
[robot_state_publisher-11] [INFO] [1780927579.296000335] [tb3_3.robot_state_publisher]: got segment caster_back_link
[robot_state_publisher-11] [INFO] [1780927579.296014034] [tb3_3.robot_state_publisher]: got segment imu_link
[robot_state_publisher-11] [INFO] [1780927579.296026151] [tb3_3.robot_state_publisher]: got segment wheel_left_link
[robot_state_publisher-11] [INFO] [1780927579.296038366] [tb3_3.robot_state_publisher]: got segment wheel_right_link
[static_transform_publisher-4] [INFO] [1780927579.305266765] [static_tf_tb3_0]: Spinning until stopped - publishing transform
[static_transform_publisher-4] translation: ('0.000000', '0.000000', '0.000000')
[static_transform_publisher-4] rotation: ('0.000000', '0.000000', '0.000000', '1.000000')
[static_transform_publisher-4] from 'map' to 'tb3_0/odom'
[lifecycle_manager-15] [INFO] [1780927579.314451651] [lifecycle_manager_map]: [34m[1mStarting managed nodes bringup...[0m[0m
[lifecycle_manager-15] [INFO] [1780927579.315426157] [lifecycle_manager_map]: [34m[1mConfiguring map_server[0m[0m
[map_server-14] [INFO] [1780927579.316776844] [map_server]: 
[map_server-14] 	map_server lifecycle node launched. 
[map_server-14] 	Waiting on external lifecycle transitions to activate
[map_server-14] 	See https://design.ros2.org/articles/node_lifecycle.html for more information.
[map_server-14] [INFO] [1780927579.317016949] [map_server]: Creating
[map_server-14] [INFO] [1780927579.317569684] [map_server]: Configuring
[map_server-14] [INFO] [1780927579.317631042] [map_io]: Loading yaml file: /home/wj/work/multi-robot-exploration-rl/install/start_rl_environment_tb3/share/start_rl_environment_tb3/maps/interaction_hub.yaml
[map_server-14] [INFO] [1780927579.318006964] [map_io]: resolution: 0.05
[map_server-14] [INFO] [1780927579.318025056] [map_io]: origin[0]: -6
[map_server-14] [INFO] [1780927579.318035860] [map_io]: origin[1]: -6
[map_server-14] [INFO] [1780927579.318044380] [map_io]: origin[2]: 0
[map_server-14] [INFO] [1780927579.318053360] [map_io]: free_thresh: 0.196
[map_server-14] [INFO] [1780927579.318062834] [map_io]: occupied_thresh: 0.65
[map_server-14] [INFO] [1780927579.318073277] [map_io]: mode: trinary
[map_server-14] [INFO] [1780927579.318084791] [map_io]: negate: 0
[map_server-14] [INFO] [1780927579.319095926] [map_io]: Loading image_file: /home/wj/work/multi-robot-exploration-rl/install/start_rl_environment_tb3/share/start_rl_environment_tb3/maps/interaction_hub.pgm
[map_server-14] [INFO] [1780927579.331667894] [map_io]: Read map /home/wj/work/multi-robot-exploration-rl/install/start_rl_environment_tb3/share/start_rl_environment_tb3/maps/interaction_hub.pgm: 240 X 240 map @ 0.05 m/cell
[lifecycle_manager-15] [INFO] [1780927579.340809023] [lifecycle_manager_map]: [34m[1mActivating map_server[0m[0m
[map_server-14] [INFO] [1780927579.340962029] [map_server]: Activating
[map_server-14] [INFO] [1780927579.341128776] [map_server]: Creating bond (map_server) to lifecycle manager.
[lifecycle_manager-15] [INFO] [1780927579.445770266] [lifecycle_manager_map]: Server map_server connected with bond.
[lifecycle_manager-15] [INFO] [1780927579.445830043] [lifecycle_manager_map]: [34m[1mManaged nodes are active[0m[0m
[lifecycle_manager-15] [INFO] [1780927579.445849753] [lifecycle_manager_map]: [34m[1mCreating bond timer...[0m[0m
[gzserver-1] Gazebo multi-robot simulator, version 11.10.2
[gzserver-1] Copyright (C) 2012 Open Source Robotics Foundation.
[gzserver-1] Released under the Apache 2 License.
[gzserver-1] http://gazebosim.org
[gzserver-1] 
[spawn_entity.py-6] [INFO] [1780927579.775504772] [tb3_1.spawn_entity]: Spawn Entity started
[spawn_entity.py-6] [INFO] [1780927579.776075113] [tb3_1.spawn_entity]: Loading entity XML from file /tmp/tb3_1_jndc1kl1.sdf
[spawn_entity.py-6] [INFO] [1780927579.777152572] [tb3_1.spawn_entity]: Waiting for service /spawn_entity, timeout = 30
[spawn_entity.py-6] [INFO] [1780927579.777701907] [tb3_1.spawn_entity]: Waiting for service /spawn_entity
[spawn_entity.py-12] [INFO] [1780927579.811608445] [tb3_3.spawn_entity]: Spawn Entity started
[spawn_entity.py-12] [INFO] [1780927579.812031932] [tb3_3.spawn_entity]: Loading entity XML from file /tmp/tb3_3_rbbv3fv2.sdf
[spawn_entity.py-12] [INFO] [1780927579.812892768] [tb3_3.spawn_entity]: Waiting for service /spawn_entity, timeout = 30
[spawn_entity.py-12] [INFO] [1780927579.813257303] [tb3_3.spawn_entity]: Waiting for service /spawn_entity
[gzserver-1] [1;33m[Wrn] [gazebo_ros_init.cpp:178] [0m[1;33m
[gzserver-1] #     # ####### ####### ###  #####  #######
[gzserver-1] ##    # #     #    #     #  #     # #
[gzserver-1] # #   # #     #    #     #  #       #
[gzserver-1] #  #  # #     #    #     #  #       #####
[gzserver-1] #   # # #     #    #     #  #       #
[gzserver-1] #    ## #     #    #     #  #     # #
[gzserver-1] #     # #######    #    ###  #####  #######
[gzserver-1] 
[gzserver-1] This version of Gazebo, now called Gazebo classic, reaches end-of-life
[gzserver-1] in January 2025. Users are highly encouraged to migrate to the new Gazebo
[gzserver-1] using our migration guides (https://gazebosim.org/docs/latest/gazebo_classic_migration?utm_source=gazebo_ros_pkgs&utm_medium=cli)
[gzserver-1] 
[gzserver-1] [0m[1;33m
[spawn_entity.py-3] [INFO] [1780927579.967087108] [tb3_0.spawn_entity]: Spawn Entity started
[spawn_entity.py-3] [INFO] [1780927579.967870458] [tb3_0.spawn_entity]: Loading entity XML from file /tmp/tb3_0_1flnhi6x.sdf
[spawn_entity.py-3] [INFO] [1780927579.968819668] [tb3_0.spawn_entity]: Waiting for service /spawn_entity, timeout = 30
[spawn_entity.py-3] [INFO] [1780927579.969164884] [tb3_0.spawn_entity]: Waiting for service /spawn_entity
[spawn_entity.py-9] [INFO] [1780927579.974864488] [tb3_2.spawn_entity]: Spawn Entity started
[spawn_entity.py-9] [INFO] [1780927579.975326662] [tb3_2.spawn_entity]: Loading entity XML from file /tmp/tb3_2_eqbkbrkt.sdf
[spawn_entity.py-9] [INFO] [1780927579.976220588] [tb3_2.spawn_entity]: Waiting for service /spawn_entity, timeout = 30
[spawn_entity.py-9] [INFO] [1780927579.976578677] [tb3_2.spawn_entity]: Waiting for service /spawn_entity
[gzserver-1] [1;32m[Msg] [0m[1;32mWaiting for master.[0m[1;32m
[gzserver-1] [0m[1;32m[0m[1;32m[0m[1;32m[Msg] [0m[1;32mConnected to gazebo master @ [0m[1;32mhttp://127.0.0.1:11345[0m[1;32m
[gzserver-1] [0m[1;32m[0m[1;32m[0m[1;32m[Msg] [0m[1;32mPublicized address: [0m[1;32m172.19.10.153[0m[1;32m
[gzserver-1] [0m[1;32m[0m[1;32m[0m[1;32m[Msg] [0m[1;32mLoading world file [[0m[1;32m/home/wj/work/multi-robot-exploration-rl/install/start_rl_environment_tb3/share/start_rl_environment_tb3/worlds/interaction_hub.world[0m[1;32m][0m[1;32m
[gzserver-1] [0m[1;33m[0m[1;33m[0m[WARN] [1780927581.205558058] [rcl]: Found remap rule 'model_states:=model_states_demo'. This syntax is deprecated. Use '--ros-args --remap model_states:=model_states_demo' instead.
[gzserver-1] [INFO] [1780927581.220439224] [gazebo_ros_state]: Publishing states of gazebo models at [/model_states_demo]
[gzserver-1] [INFO] [1780927581.221524983] [gazebo_ros_state]: Publishing states of gazebo links at [/link_states]
[spawn_entity.py-3] [INFO] [1780927581.225704180] [tb3_0.spawn_entity]: Calling service /spawn_entity
[spawn_entity.py-9] [INFO] [1780927581.232891988] [tb3_2.spawn_entity]: Calling service /spawn_entity
[obstacle_mover.py-16] [INFO] [1780927581.279563561] [obstacle_mover]: [obstacle_mover] map=6  0 个障碍物  速度=0.000 m/s (scale×0.0)  30 Hz  随机游走模式
[obstacle_mover.py-16] [INFO] [1780927581.281451571] [obstacle_mover]: [obstacle_mover] ✅ dyn_obs_0~dyn_obs_7 已下沉至 z=-10.0
[spawn_entity.py-6] [INFO] [1780927581.284637719] [tb3_1.spawn_entity]: Calling service /spawn_entity
[spawn_entity.py-12] [INFO] [1780927581.319682164] [tb3_3.spawn_entity]: Calling service /spawn_entity
[gzserver-1] [INFO] [1780927581.533720676] [tb3_0.turtlebot3_imu]: <initial_orientation_as_reference> is unset, using default value of false to comply with REP 145 (world as orientation reference)
[spawn_entity.py-3] [INFO] [1780927581.648581833] [tb3_0.spawn_entity]: Spawn status: SpawnEntity: Successfully spawned entity [tb3_0]
[gzserver-1] [INFO] [1780927581.777633818] [tb3_0.turtlebot3_diff_drive]: Wheel pair 1 separation set to [0.160000m]
[gzserver-1] [INFO] [1780927581.777693797] [tb3_0.turtlebot3_diff_drive]: Wheel pair 1 diameter set to [0.066000m]
[gzserver-1] [INFO] [1780927581.780096904] [tb3_0.turtlebot3_diff_drive]: Subscribed to [/tb3_0/cmd_vel]
[gzserver-1] [INFO] [1780927581.783493030] [tb3_0.turtlebot3_diff_drive]: Advertise odometry on [/tb3_0/odom]
[gzserver-1] [INFO] [1780927581.787564107] [tb3_0.turtlebot3_diff_drive]: Publishing odom transforms between [tb3_0/odom] and [tb3_0/base_footprint]
[gzserver-1] [INFO] [1780927581.807747986] [tb3_0.turtlebot3_joint_state]: Going to publish joint [wheel_left_joint]
[gzserver-1] [INFO] [1780927581.807799740] [tb3_0.turtlebot3_joint_state]: Going to publish joint [wheel_right_joint]
[INFO] [spawn_entity.py-3]: process has finished cleanly [pid 2769321]
[gzserver-1] [INFO] [1780927582.132948200] [tb3_2.turtlebot3_imu]: <initial_orientation_as_reference> is unset, using default value of false to comply with REP 145 (world as orientation reference)
[spawn_entity.py-9] [INFO] [1780927582.241091578] [tb3_2.spawn_entity]: Spawn status: SpawnEntity: Successfully spawned entity [tb3_2]
[gzserver-1] [INFO] [1780927582.354207432] [tb3_2.turtlebot3_diff_drive]: Wheel pair 1 separation set to [0.160000m]
[gzserver-1] [INFO] [1780927582.354302341] [tb3_2.turtlebot3_diff_drive]: Wheel pair 1 diameter set to [0.066000m]
[gzserver-1] [INFO] [1780927582.356251423] [tb3_2.turtlebot3_diff_drive]: Subscribed to [/tb3_2/cmd_vel]
[gzserver-1] [INFO] [1780927582.357808917] [tb3_2.turtlebot3_diff_drive]: Advertise odometry on [/tb3_2/odom]
[gzserver-1] [INFO] [1780927582.360050285] [tb3_2.turtlebot3_diff_drive]: Publishing odom transforms between [tb3_2/odom] and [tb3_2/base_footprint]
[gzserver-1] [INFO] [1780927582.379425666] [tb3_2.turtlebot3_joint_state]: Going to publish joint [wheel_left_joint]
[gzserver-1] [INFO] [1780927582.379496846] [tb3_2.turtlebot3_joint_state]: Going to publish joint [wheel_right_joint]
[INFO] [spawn_entity.py-9]: process has finished cleanly [pid 2769333]
[gzserver-1] [INFO] [1780927582.684582922] [tb3_1.turtlebot3_imu]: <initial_orientation_as_reference> is unset, using default value of false to comply with REP 145 (world as orientation reference)
[spawn_entity.py-6] [INFO] [1780927582.802833632] [tb3_1.spawn_entity]: Spawn status: SpawnEntity: Successfully spawned entity [tb3_1]
[gzserver-1] [INFO] [1780927582.913582746] [tb3_1.turtlebot3_diff_drive]: Wheel pair 1 separation set to [0.160000m]
[gzserver-1] [INFO] [1780927582.913668166] [tb3_1.turtlebot3_diff_drive]: Wheel pair 1 diameter set to [0.066000m]
[gzserver-1] [INFO] [1780927582.914777761] [tb3_1.turtlebot3_diff_drive]: Subscribed to [/tb3_1/cmd_vel]
[gzserver-1] [INFO] [1780927582.916062166] [tb3_1.turtlebot3_diff_drive]: Advertise odometry on [/tb3_1/odom]
[gzserver-1] [INFO] [1780927582.918536159] [tb3_1.turtlebot3_diff_drive]: Publishing odom transforms between [tb3_1/odom] and [tb3_1/base_footprint]
[gzserver-1] [INFO] [1780927582.929766678] [tb3_1.turtlebot3_joint_state]: Going to publish joint [wheel_left_joint]
[gzserver-1] [INFO] [1780927582.929821513] [tb3_1.turtlebot3_joint_state]: Going to publish joint [wheel_right_joint]
[INFO] [spawn_entity.py-6]: process has finished cleanly [pid 2769327]
[gzserver-1] [INFO] [1780927583.246309976] [tb3_3.turtlebot3_imu]: <initial_orientation_as_reference> is unset, using default value of false to comply with REP 145 (world as orientation reference)
[spawn_entity.py-12] [INFO] [1780927583.355064644] [tb3_3.spawn_entity]: Spawn status: SpawnEntity: Successfully spawned entity [tb3_3]
[gzserver-1] [INFO] [1780927583.466750210] [tb3_3.turtlebot3_diff_drive]: Wheel pair 1 separation set to [0.160000m]
[gzserver-1] [INFO] [1780927583.466808646] [tb3_3.turtlebot3_diff_drive]: Wheel pair 1 diameter set to [0.066000m]
[gzserver-1] [INFO] [1780927583.467628124] [tb3_3.turtlebot3_diff_drive]: Subscribed to [/tb3_3/cmd_vel]
[gzserver-1] [INFO] [1780927583.468454527] [tb3_3.turtlebot3_diff_drive]: Advertise odometry on [/tb3_3/odom]
[gzserver-1] [INFO] [1780927583.471568692] [tb3_3.turtlebot3_diff_drive]: Publishing odom transforms between [tb3_3/odom] and [tb3_3/base_footprint]
[gzserver-1] [INFO] [1780927583.484282546] [tb3_3.turtlebot3_joint_state]: Going to publish joint [wheel_left_joint]
[gzserver-1] [INFO] [1780927583.484339073] [tb3_3.turtlebot3_joint_state]: Going to publish joint [wheel_right_joint]
[INFO] [spawn_entity.py-12]: process has finished cleanly [pid 2769340]
