[INFO] [launch]: All log files can be found below /home/wj/.ros/log/2026-05-09-17-44-45-849977-wj-Default-string-631357
[INFO] [launch]: Default logging verbosity is set to INFO
[INFO] Loading world for TurtleBot3: /home/wj/work/multi-robot-exploration-rl/install/start_rl_environment_tb3/share/start_rl_environment_tb3/worlds/interaction_hub.world
[INFO] Spawning 4 TurtleBot3 robots on interaction_hub...
[INFO] Using random positions
[INFO] Using fixed positions for 4 robots
[INFO]   Robot 0: Robot 0 - west lower at (-5.10, -0.85)
[INFO]   Robot 1: Robot 1 - west upper at (-5.10, 0.85)
[INFO]   Robot 2: Robot 2 - east upper at (5.10, 0.85)
[INFO]   Robot 3: Robot 3 - east lower at (5.10, -0.85)
[spawn_robots] Created modified SDF for tb3_0 at /tmp/tb3_0_zr9lly31.sdf
[spawn_robots] Created modified SDF for tb3_1 at /tmp/tb3_1__efludf5.sdf
[spawn_robots] Created modified SDF for tb3_2 at /tmp/tb3_2_yse67wsm.sdf
[spawn_robots] Created modified SDF for tb3_3 at /tmp/tb3_3_jsmmv_ot.sdf
[INFO] Map Server loading: /home/wj/work/multi-robot-exploration-rl/install/start_rl_environment_tb3/share/start_rl_environment_tb3/maps/interaction_hub.yaml
[INFO] [gzserver-1]: process started with pid [631449]
[INFO] [gzclient-2]: process started with pid [631451]
[INFO] [robot_state_publisher-3]: process started with pid [631453]
[INFO] [spawn_entity.py-4]: process started with pid [631455]
[INFO] [static_transform_publisher-5]: process started with pid [631457]
[INFO] [robot_state_publisher-6]: process started with pid [631459]
[INFO] [spawn_entity.py-7]: process started with pid [631461]
[INFO] [static_transform_publisher-8]: process started with pid [631463]
[INFO] [robot_state_publisher-9]: process started with pid [631465]
[INFO] [spawn_entity.py-10]: process started with pid [631467]
[INFO] [static_transform_publisher-11]: process started with pid [631469]
[INFO] [robot_state_publisher-12]: process started with pid [631471]
[INFO] [spawn_entity.py-13]: process started with pid [631473]
[INFO] [static_transform_publisher-14]: process started with pid [631475]
[INFO] [map_server-15]: process started with pid [631477]
[INFO] [lifecycle_manager-16]: process started with pid [631482]
[INFO] [rviz2-17]: process started with pid [631503]
[INFO] [obstacle_mover.py-18]: process started with pid [631512]
[static_transform_publisher-5] [WARN] [1778319886.721268851] []: Old-style arguments are deprecated; see --help for new-style arguments
[static_transform_publisher-8] [WARN] [1778319886.727354277] []: Old-style arguments are deprecated; see --help for new-style arguments
[static_transform_publisher-14] [WARN] [1778319886.737715976] []: Old-style arguments are deprecated; see --help for new-style arguments
[static_transform_publisher-11] [WARN] [1778319886.747353741] []: Old-style arguments are deprecated; see --help for new-style arguments
[static_transform_publisher-8] [INFO] [1778319886.761897862] [static_tf_tb3_1]: Spinning until stopped - publishing transform
[static_transform_publisher-8] translation: ('0.000000', '0.000000', '0.000000')
[static_transform_publisher-8] rotation: ('0.000000', '0.000000', '0.000000', '1.000000')
[static_transform_publisher-8] from 'map' to 'tb3_1/odom'
[robot_state_publisher-3] [INFO] [1778319886.770792640] [tb3_0.robot_state_publisher]: got segment base_footprint
[robot_state_publisher-3] [INFO] [1778319886.771019750] [tb3_0.robot_state_publisher]: got segment base_link
[robot_state_publisher-3] [INFO] [1778319886.771042455] [tb3_0.robot_state_publisher]: got segment base_scan
[robot_state_publisher-3] [INFO] [1778319886.771053283] [tb3_0.robot_state_publisher]: got segment caster_back_link
[robot_state_publisher-3] [INFO] [1778319886.771062976] [tb3_0.robot_state_publisher]: got segment imu_link
[robot_state_publisher-3] [INFO] [1778319886.771072533] [tb3_0.robot_state_publisher]: got segment wheel_left_link
[robot_state_publisher-3] [INFO] [1778319886.771081965] [tb3_0.robot_state_publisher]: got segment wheel_right_link
[robot_state_publisher-6] [INFO] [1778319886.785477952] [tb3_1.robot_state_publisher]: got segment base_footprint
[static_transform_publisher-14] [INFO] [1778319886.785938443] [static_tf_tb3_3]: Spinning until stopped - publishing transform
[static_transform_publisher-14] translation: ('0.000000', '0.000000', '0.000000')
[static_transform_publisher-14] rotation: ('0.000000', '0.000000', '0.000000', '1.000000')
[static_transform_publisher-14] from 'map' to 'tb3_3/odom'
[robot_state_publisher-6] [INFO] [1778319886.788468005] [tb3_1.robot_state_publisher]: got segment base_link
[robot_state_publisher-6] [INFO] [1778319886.788504712] [tb3_1.robot_state_publisher]: got segment base_scan
[robot_state_publisher-6] [INFO] [1778319886.788521474] [tb3_1.robot_state_publisher]: got segment caster_back_link
[robot_state_publisher-6] [INFO] [1778319886.788534753] [tb3_1.robot_state_publisher]: got segment imu_link
[robot_state_publisher-6] [INFO] [1778319886.788546307] [tb3_1.robot_state_publisher]: got segment wheel_left_link
[robot_state_publisher-6] [INFO] [1778319886.788557122] [tb3_1.robot_state_publisher]: got segment wheel_right_link
[static_transform_publisher-5] [INFO] [1778319886.789498211] [static_tf_tb3_0]: Spinning until stopped - publishing transform
[static_transform_publisher-5] translation: ('0.000000', '0.000000', '0.000000')
[static_transform_publisher-5] rotation: ('0.000000', '0.000000', '0.000000', '1.000000')
[static_transform_publisher-5] from 'map' to 'tb3_0/odom'
[static_transform_publisher-11] [INFO] [1778319886.789948832] [static_tf_tb3_2]: Spinning until stopped - publishing transform
[static_transform_publisher-11] translation: ('0.000000', '0.000000', '0.000000')
[static_transform_publisher-11] rotation: ('0.000000', '0.000000', '0.000000', '1.000000')
[static_transform_publisher-11] from 'map' to 'tb3_2/odom'
[lifecycle_manager-16] [INFO] [1778319886.803593507] [lifecycle_manager_map]: Creating
[lifecycle_manager-16] [INFO] [1778319886.811198717] [lifecycle_manager_map]: [34m[1mCreating and initializing lifecycle service clients[0m[0m
[robot_state_publisher-9] [INFO] [1778319886.821009210] [tb3_2.robot_state_publisher]: got segment base_footprint
[robot_state_publisher-9] [INFO] [1778319886.821164214] [tb3_2.robot_state_publisher]: got segment base_link
[robot_state_publisher-9] [INFO] [1778319886.821186523] [tb3_2.robot_state_publisher]: got segment base_scan
[robot_state_publisher-9] [INFO] [1778319886.821200149] [tb3_2.robot_state_publisher]: got segment caster_back_link
[robot_state_publisher-9] [INFO] [1778319886.821210364] [tb3_2.robot_state_publisher]: got segment imu_link
[robot_state_publisher-9] [INFO] [1778319886.821220313] [tb3_2.robot_state_publisher]: got segment wheel_left_link
[robot_state_publisher-9] [INFO] [1778319886.821229713] [tb3_2.robot_state_publisher]: got segment wheel_right_link
[robot_state_publisher-12] [INFO] [1778319886.827151411] [tb3_3.robot_state_publisher]: got segment base_footprint
[robot_state_publisher-12] [INFO] [1778319886.827311139] [tb3_3.robot_state_publisher]: got segment base_link
[robot_state_publisher-12] [INFO] [1778319886.827332959] [tb3_3.robot_state_publisher]: got segment base_scan
[robot_state_publisher-12] [INFO] [1778319886.827345214] [tb3_3.robot_state_publisher]: got segment caster_back_link
[robot_state_publisher-12] [INFO] [1778319886.827356633] [tb3_3.robot_state_publisher]: got segment imu_link
[robot_state_publisher-12] [INFO] [1778319886.827367165] [tb3_3.robot_state_publisher]: got segment wheel_left_link
[robot_state_publisher-12] [INFO] [1778319886.827417330] [tb3_3.robot_state_publisher]: got segment wheel_right_link
[map_server-15] [INFO] [1778319886.828159232] [map_server]: 
[map_server-15] 	map_server lifecycle node launched. 
[map_server-15] 	Waiting on external lifecycle transitions to activate
[map_server-15] 	See https://design.ros2.org/articles/node_lifecycle.html for more information.
[map_server-15] [INFO] [1778319886.828360632] [map_server]: Creating
[lifecycle_manager-16] [INFO] [1778319886.852735667] [lifecycle_manager_map]: [34m[1mStarting managed nodes bringup...[0m[0m
[lifecycle_manager-16] [INFO] [1778319886.852795563] [lifecycle_manager_map]: [34m[1mConfiguring map_server[0m[0m
[map_server-15] [INFO] [1778319886.853117486] [map_server]: Configuring
[map_server-15] [INFO] [1778319886.853196848] [map_io]: Loading yaml file: /home/wj/work/multi-robot-exploration-rl/install/start_rl_environment_tb3/share/start_rl_environment_tb3/maps/interaction_hub.yaml
[map_server-15] [INFO] [1778319886.853584495] [map_io]: resolution: 0.05
[map_server-15] [INFO] [1778319886.853603256] [map_io]: origin[0]: -6
[map_server-15] [INFO] [1778319886.853613226] [map_io]: origin[1]: -6
[map_server-15] [INFO] [1778319886.853621946] [map_io]: origin[2]: 0
[map_server-15] [INFO] [1778319886.853631185] [map_io]: free_thresh: 0.196
[map_server-15] [INFO] [1778319886.853640540] [map_io]: occupied_thresh: 0.65
[map_server-15] [INFO] [1778319886.853650537] [map_io]: mode: trinary
[map_server-15] [INFO] [1778319886.853660126] [map_io]: negate: 0
[map_server-15] [INFO] [1778319886.853931350] [map_io]: Loading image_file: /home/wj/work/multi-robot-exploration-rl/install/start_rl_environment_tb3/share/start_rl_environment_tb3/maps/interaction_hub.pgm
[map_server-15] [INFO] [1778319886.868773371] [map_io]: Read map /home/wj/work/multi-robot-exploration-rl/install/start_rl_environment_tb3/share/start_rl_environment_tb3/maps/interaction_hub.pgm: 240 X 240 map @ 0.05 m/cell
[lifecycle_manager-16] [INFO] [1778319886.878989185] [lifecycle_manager_map]: [34m[1mActivating map_server[0m[0m
[map_server-15] [INFO] [1778319886.879142542] [map_server]: Activating
[map_server-15] [INFO] [1778319886.879368681] [map_server]: Creating bond (map_server) to lifecycle manager.
[lifecycle_manager-16] [INFO] [1778319886.984147142] [lifecycle_manager_map]: Server map_server connected with bond.
[lifecycle_manager-16] [INFO] [1778319886.984216900] [lifecycle_manager_map]: [34m[1mManaged nodes are active[0m[0m
[lifecycle_manager-16] [INFO] [1778319886.984237253] [lifecycle_manager_map]: [34m[1mCreating bond timer...[0m[0m
[spawn_entity.py-4] [INFO] [1778319887.304044269] [tb3_0.spawn_entity]: Spawn Entity started
[spawn_entity.py-4] [INFO] [1778319887.304637789] [tb3_0.spawn_entity]: Loading entity XML from file /tmp/tb3_0_zr9lly31.sdf
[spawn_entity.py-4] [INFO] [1778319887.305716871] [tb3_0.spawn_entity]: Waiting for service /spawn_entity, timeout = 30
[spawn_entity.py-4] [INFO] [1778319887.306146113] [tb3_0.spawn_entity]: Waiting for service /spawn_entity
[spawn_entity.py-10] [INFO] [1778319887.356350290] [tb3_2.spawn_entity]: Spawn Entity started
[spawn_entity.py-10] [INFO] [1778319887.357075557] [tb3_2.spawn_entity]: Loading entity XML from file /tmp/tb3_2_yse67wsm.sdf
[spawn_entity.py-10] [INFO] [1778319887.358475828] [tb3_2.spawn_entity]: Waiting for service /spawn_entity, timeout = 30
[spawn_entity.py-10] [INFO] [1778319887.359111030] [tb3_2.spawn_entity]: Waiting for service /spawn_entity
[spawn_entity.py-7] [INFO] [1778319887.428994892] [tb3_1.spawn_entity]: Spawn Entity started
[spawn_entity.py-7] [INFO] [1778319887.429555810] [tb3_1.spawn_entity]: Loading entity XML from file /tmp/tb3_1__efludf5.sdf
[spawn_entity.py-7] [INFO] [1778319887.430421238] [tb3_1.spawn_entity]: Waiting for service /spawn_entity, timeout = 30
[spawn_entity.py-7] [INFO] [1778319887.430767294] [tb3_1.spawn_entity]: Waiting for service /spawn_entity
[spawn_entity.py-13] [INFO] [1778319887.480556642] [tb3_3.spawn_entity]: Spawn Entity started
[spawn_entity.py-13] [INFO] [1778319887.481023063] [tb3_3.spawn_entity]: Loading entity XML from file /tmp/tb3_3_jsmmv_ot.sdf
[spawn_entity.py-13] [INFO] [1778319887.482073164] [tb3_3.spawn_entity]: Waiting for service /spawn_entity, timeout = 30
[spawn_entity.py-13] [INFO] [1778319887.482536594] [tb3_3.spawn_entity]: Waiting for service /spawn_entity
[rviz2-17] [INFO] [1778319887.669004029] [rviz2]: Stereo is NOT SUPPORTED
[rviz2-17] [INFO] [1778319887.669183801] [rviz2]: OpenGl version: 4.6 (GLSL 4.6)
[rviz2-17] [INFO] [1778319887.751469844] [rviz2]: Stereo is NOT SUPPORTED
[spawn_entity.py-10] [INFO] [1778319888.867646956] [tb3_2.spawn_entity]: Calling service /spawn_entity
[gzserver-1] [WARN] [1778319888.886411130] [rcl]: Found remap rule 'model_states:=model_states_demo'. This syntax is deprecated. Use '--ros-args --remap model_states:=model_states_demo' instead.
[gzserver-1] [INFO] [1778319888.898749881] [gazebo_ros_state]: Publishing states of gazebo models at [/model_states_demo]
[gzserver-1] [INFO] [1778319888.899839526] [gazebo_ros_state]: Publishing states of gazebo links at [/link_states]
[spawn_entity.py-7] [INFO] [1778319888.937984184] [tb3_1.spawn_entity]: Calling service /spawn_entity
[spawn_entity.py-13] [INFO] [1778319888.991026292] [tb3_3.spawn_entity]: Calling service /spawn_entity
[spawn_entity.py-4] [INFO] [1778319889.063692113] [tb3_0.spawn_entity]: Calling service /spawn_entity
[obstacle_mover.py-18] [INFO] [1778319889.091274516] [obstacle_mover]: [obstacle_mover] map=6  2 个障碍物  速度=0.038 m/s (scale×0.35)  30 Hz  随机游走模式
[obstacle_mover.py-18] [INFO] [1778319889.094082841] [obstacle_mover]: [obstacle_mover] ✅ dyn_obs_2~dyn_obs_7 已下沉至 z=-10.0
[gzserver-1] [INFO] [1778319889.216580268] [tb3_2.turtlebot3_imu]: <initial_orientation_as_reference> is unset, using default value of false to comply with REP 145 (world as orientation reference)
[spawn_entity.py-10] [INFO] [1778319889.342671347] [tb3_2.spawn_entity]: Spawn status: SpawnEntity: Successfully spawned entity [tb3_2]
[gzserver-1] [INFO] [1778319889.470833808] [tb3_2.turtlebot3_diff_drive]: Wheel pair 1 separation set to [0.160000m]
[gzserver-1] [INFO] [1778319889.470905163] [tb3_2.turtlebot3_diff_drive]: Wheel pair 1 diameter set to [0.066000m]
[gzserver-1] [INFO] [1778319889.472636868] [tb3_2.turtlebot3_diff_drive]: Subscribed to [/tb3_2/cmd_vel]
[gzserver-1] [INFO] [1778319889.475395959] [tb3_2.turtlebot3_diff_drive]: Advertise odometry on [/tb3_2/odom]
[gzserver-1] [INFO] [1778319889.479738056] [tb3_2.turtlebot3_diff_drive]: Publishing odom transforms between [tb3_2/odom] and [tb3_2/base_footprint]
[gzserver-1] [INFO] [1778319889.497797317] [tb3_2.turtlebot3_joint_state]: Going to publish joint [wheel_left_joint]
[gzserver-1] [INFO] [1778319889.497858387] [tb3_2.turtlebot3_joint_state]: Going to publish joint [wheel_right_joint]
[INFO] [spawn_entity.py-10]: process has finished cleanly [pid 631467]
[gzserver-1] [INFO] [1778319889.814005641] [tb3_1.turtlebot3_imu]: <initial_orientation_as_reference> is unset, using default value of false to comply with REP 145 (world as orientation reference)
[spawn_entity.py-7] [INFO] [1778319889.937504667] [tb3_1.spawn_entity]: Spawn status: SpawnEntity: Successfully spawned entity [tb3_1]
[gzserver-1] [INFO] [1778319890.044091099] [tb3_1.turtlebot3_diff_drive]: Wheel pair 1 separation set to [0.160000m]
[gzserver-1] [INFO] [1778319890.044150369] [tb3_1.turtlebot3_diff_drive]: Wheel pair 1 diameter set to [0.066000m]
[gzserver-1] [INFO] [1778319890.044561333] [tb3_1.turtlebot3_diff_drive]: Subscribed to [/tb3_1/cmd_vel]
[gzserver-1] [INFO] [1778319890.044979826] [tb3_1.turtlebot3_diff_drive]: Advertise odometry on [/tb3_1/odom]
[gzserver-1] [INFO] [1778319890.045728791] [tb3_1.turtlebot3_diff_drive]: Publishing odom transforms between [tb3_1/odom] and [tb3_1/base_footprint]
[gzserver-1] [INFO] [1778319890.053416432] [tb3_1.turtlebot3_joint_state]: Going to publish joint [wheel_left_joint]
[gzserver-1] [INFO] [1778319890.053459492] [tb3_1.turtlebot3_joint_state]: Going to publish joint [wheel_right_joint]
[INFO] [spawn_entity.py-7]: process has finished cleanly [pid 631461]
[gzserver-1] [INFO] [1778319890.556206002] [tb3_3.turtlebot3_imu]: <initial_orientation_as_reference> is unset, using default value of false to comply with REP 145 (world as orientation reference)
[spawn_entity.py-13] [INFO] [1778319890.619316887] [tb3_3.spawn_entity]: Spawn status: SpawnEntity: Successfully spawned entity [tb3_3]
[gzserver-1] [INFO] [1778319890.727613151] [tb3_3.turtlebot3_diff_drive]: Wheel pair 1 separation set to [0.160000m]
[gzserver-1] [INFO] [1778319890.727671656] [tb3_3.turtlebot3_diff_drive]: Wheel pair 1 diameter set to [0.066000m]
[gzserver-1] [INFO] [1778319890.728300806] [tb3_3.turtlebot3_diff_drive]: Subscribed to [/tb3_3/cmd_vel]
[gzserver-1] [INFO] [1778319890.729411276] [tb3_3.turtlebot3_diff_drive]: Advertise odometry on [/tb3_3/odom]
[gzserver-1] [INFO] [1778319890.731166263] [tb3_3.turtlebot3_diff_drive]: Publishing odom transforms between [tb3_3/odom] and [tb3_3/base_footprint]
[gzserver-1] [INFO] [1778319890.759517864] [tb3_3.turtlebot3_joint_state]: Going to publish joint [wheel_left_joint]
[gzserver-1] [INFO] [1778319890.759569883] [tb3_3.turtlebot3_joint_state]: Going to publish joint [wheel_right_joint]
[INFO] [spawn_entity.py-13]: process has finished cleanly [pid 631473]
[gzserver-1] [INFO] [1778319891.071440669] [tb3_0.turtlebot3_imu]: <initial_orientation_as_reference> is unset, using default value of false to comply with REP 145 (world as orientation reference)
[spawn_entity.py-4] [INFO] [1778319891.197148209] [tb3_0.spawn_entity]: Spawn status: SpawnEntity: Successfully spawned entity [tb3_0]
[gzserver-1] [INFO] [1778319891.311258230] [tb3_0.turtlebot3_diff_drive]: Wheel pair 1 separation set to [0.160000m]
[gzserver-1] [INFO] [1778319891.311308766] [tb3_0.turtlebot3_diff_drive]: Wheel pair 1 diameter set to [0.066000m]
[gzserver-1] [INFO] [1778319891.311980955] [tb3_0.turtlebot3_diff_drive]: Subscribed to [/tb3_0/cmd_vel]
[gzserver-1] [INFO] [1778319891.312743340] [tb3_0.turtlebot3_diff_drive]: Advertise odometry on [/tb3_0/odom]
[gzserver-1] [INFO] [1778319891.315368657] [tb3_0.turtlebot3_diff_drive]: Publishing odom transforms between [tb3_0/odom] and [tb3_0/base_footprint]
[gzserver-1] [INFO] [1778319891.328097288] [tb3_0.turtlebot3_joint_state]: Going to publish joint [wheel_left_joint]
[gzserver-1] [INFO] [1778319891.328139924] [tb3_0.turtlebot3_joint_state]: Going to publish joint [wheel_right_joint]
[INFO] [spawn_entity.py-4]: process has finished cleanly [pid 631455]
[rviz2-17] [INFO] [1778319901.102363265] [rviz2]: Message Filter dropping message: frame 'tb3_1/base_scan' at time 0.396 for reason 'the timestamp on the message is earlier than all the data in the transform cache'
[rviz2-17] [INFO] [1778319901.305908333] [rviz2]: Message Filter dropping message: frame 'tb3_3/base_scan' at time 0.597 for reason 'the timestamp on the message is earlier than all the data in the transform cache'
[rviz2-17] [INFO] [1778319901.508451117] [rviz2]: Message Filter dropping message: frame 'tb3_0/base_scan' at time 0.797 for reason 'the timestamp on the message is earlier than all the data in the transform cache'
