[INFO] [launch]: All log files can be found below /home/wj/.ros/log/2026-06-08-17-41-57-473030-wj-Default-string-2548533
[INFO] [launch]: Default logging verbosity is set to INFO
[INFO] Loading world for TurtleBot3: /home/wj/work/multi-robot-exploration-rl/install/start_rl_environment_tb3/share/start_rl_environment_tb3/worlds/interaction_hub.world
[INFO] Spawning 4 TurtleBot3 robots on interaction_hub...
[INFO] Using random positions
[INFO] Using fixed positions for 4 robots
[INFO]   Robot 0: Robot 0 - west lower at (-5.10, -0.85)
[INFO]   Robot 1: Robot 1 - west upper at (-5.10, 0.85)
[INFO]   Robot 2: Robot 2 - east upper at (5.10, 0.85)
[INFO]   Robot 3: Robot 3 - east lower at (5.10, -0.85)
[spawn_robots] Created modified SDF for tb3_0 at /tmp/tb3_0_8dv78086.sdf
[spawn_robots] Created modified SDF for tb3_1 at /tmp/tb3_1_4fug1u48.sdf
[spawn_robots] Created modified SDF for tb3_2 at /tmp/tb3_2_mky5uzr9.sdf
[spawn_robots] Created modified SDF for tb3_3 at /tmp/tb3_3_37hhnmtq.sdf
[INFO] Map Server loading: /home/wj/work/multi-robot-exploration-rl/install/start_rl_environment_tb3/share/start_rl_environment_tb3/maps/interaction_hub.yaml
[INFO] [gzserver-1]: process started with pid [2548669]
[INFO] [gzclient-2]: process started with pid [2548671]
[INFO] [robot_state_publisher-3]: process started with pid [2548673]
[INFO] [spawn_entity.py-4]: process started with pid [2548675]
[INFO] [static_transform_publisher-5]: process started with pid [2548678]
[INFO] [robot_state_publisher-6]: process started with pid [2548680]
[INFO] [spawn_entity.py-7]: process started with pid [2548682]
[INFO] [static_transform_publisher-8]: process started with pid [2548684]
[INFO] [robot_state_publisher-9]: process started with pid [2548686]
[INFO] [spawn_entity.py-10]: process started with pid [2548688]
[INFO] [static_transform_publisher-11]: process started with pid [2548690]
[INFO] [robot_state_publisher-12]: process started with pid [2548692]
[INFO] [spawn_entity.py-13]: process started with pid [2548694]
[INFO] [static_transform_publisher-14]: process started with pid [2548696]
[INFO] [map_server-15]: process started with pid [2548698]
[INFO] [lifecycle_manager-16]: process started with pid [2548716]
[INFO] [rviz2-17]: process started with pid [2548736]
[INFO] [obstacle_mover.py-18]: process started with pid [2548747]
[static_transform_publisher-5] [WARN] [1780911718.325019967] []: Old-style arguments are deprecated; see --help for new-style arguments
[static_transform_publisher-8] [WARN] [1780911718.326599288] []: Old-style arguments are deprecated; see --help for new-style arguments
[static_transform_publisher-11] [WARN] [1780911718.338158358] []: Old-style arguments are deprecated; see --help for new-style arguments
[static_transform_publisher-14] [WARN] [1780911718.340502569] []: Old-style arguments are deprecated; see --help for new-style arguments
[static_transform_publisher-8] [INFO] [1780911718.366515933] [static_tf_tb3_1]: Spinning until stopped - publishing transform
[static_transform_publisher-8] translation: ('0.000000', '0.000000', '0.000000')
[static_transform_publisher-8] rotation: ('0.000000', '0.000000', '0.000000', '1.000000')
[static_transform_publisher-8] from 'map' to 'tb3_1/odom'
[static_transform_publisher-14] [INFO] [1780911718.372640202] [static_tf_tb3_3]: Spinning until stopped - publishing transform
[static_transform_publisher-14] translation: ('0.000000', '0.000000', '0.000000')
[static_transform_publisher-14] rotation: ('0.000000', '0.000000', '0.000000', '1.000000')
[static_transform_publisher-14] from 'map' to 'tb3_3/odom'
[static_transform_publisher-5] [INFO] [1780911718.381946594] [static_tf_tb3_0]: Spinning until stopped - publishing transform
[static_transform_publisher-5] translation: ('0.000000', '0.000000', '0.000000')
[static_transform_publisher-5] rotation: ('0.000000', '0.000000', '0.000000', '1.000000')
[static_transform_publisher-5] from 'map' to 'tb3_0/odom'
[robot_state_publisher-12] [INFO] [1780911718.391493572] [tb3_3.robot_state_publisher]: got segment base_footprint
[robot_state_publisher-12] [INFO] [1780911718.391659660] [tb3_3.robot_state_publisher]: got segment base_link
[robot_state_publisher-12] [INFO] [1780911718.391680664] [tb3_3.robot_state_publisher]: got segment base_scan
[robot_state_publisher-12] [INFO] [1780911718.391691334] [tb3_3.robot_state_publisher]: got segment caster_back_link
[robot_state_publisher-12] [INFO] [1780911718.391701543] [tb3_3.robot_state_publisher]: got segment imu_link
[robot_state_publisher-12] [INFO] [1780911718.391710990] [tb3_3.robot_state_publisher]: got segment wheel_left_link
[robot_state_publisher-12] [INFO] [1780911718.391720534] [tb3_3.robot_state_publisher]: got segment wheel_right_link
[robot_state_publisher-9] [INFO] [1780911718.391563522] [tb3_2.robot_state_publisher]: got segment base_footprint
[robot_state_publisher-9] [INFO] [1780911718.391692015] [tb3_2.robot_state_publisher]: got segment base_link
[robot_state_publisher-9] [INFO] [1780911718.391711360] [tb3_2.robot_state_publisher]: got segment base_scan
[robot_state_publisher-9] [INFO] [1780911718.391722670] [tb3_2.robot_state_publisher]: got segment caster_back_link
[robot_state_publisher-9] [INFO] [1780911718.391733312] [tb3_2.robot_state_publisher]: got segment imu_link
[robot_state_publisher-9] [INFO] [1780911718.391743948] [tb3_2.robot_state_publisher]: got segment wheel_left_link
[robot_state_publisher-9] [INFO] [1780911718.391753965] [tb3_2.robot_state_publisher]: got segment wheel_right_link
[robot_state_publisher-6] [INFO] [1780911718.396529558] [tb3_1.robot_state_publisher]: got segment base_footprint
[robot_state_publisher-6] [INFO] [1780911718.396685001] [tb3_1.robot_state_publisher]: got segment base_link
[robot_state_publisher-3] [INFO] [1780911718.396546683] [tb3_0.robot_state_publisher]: got segment base_footprint
[robot_state_publisher-3] [INFO] [1780911718.396685369] [tb3_0.robot_state_publisher]: got segment base_link
[robot_state_publisher-3] [INFO] [1780911718.396706918] [tb3_0.robot_state_publisher]: got segment base_scan
[robot_state_publisher-6] [INFO] [1780911718.396703395] [tb3_1.robot_state_publisher]: got segment base_scan
[robot_state_publisher-6] [INFO] [1780911718.396714559] [tb3_1.robot_state_publisher]: got segment caster_back_link
[robot_state_publisher-6] [INFO] [1780911718.396724403] [tb3_1.robot_state_publisher]: got segment imu_link
[robot_state_publisher-6] [INFO] [1780911718.396733286] [tb3_1.robot_state_publisher]: got segment wheel_left_link
[robot_state_publisher-6] [INFO] [1780911718.396742315] [tb3_1.robot_state_publisher]: got segment wheel_right_link
[robot_state_publisher-3] [INFO] [1780911718.396719558] [tb3_0.robot_state_publisher]: got segment caster_back_link
[robot_state_publisher-3] [INFO] [1780911718.396731249] [tb3_0.robot_state_publisher]: got segment imu_link
[robot_state_publisher-3] [INFO] [1780911718.396741516] [tb3_0.robot_state_publisher]: got segment wheel_left_link
[robot_state_publisher-3] [INFO] [1780911718.396751159] [tb3_0.robot_state_publisher]: got segment wheel_right_link
[static_transform_publisher-11] [INFO] [1780911718.397452204] [static_tf_tb3_2]: Spinning until stopped - publishing transform
[static_transform_publisher-11] translation: ('0.000000', '0.000000', '0.000000')
[static_transform_publisher-11] rotation: ('0.000000', '0.000000', '0.000000', '1.000000')
[static_transform_publisher-11] from 'map' to 'tb3_2/odom'
[lifecycle_manager-16] [INFO] [1780911718.424196699] [lifecycle_manager_map]: Creating
[lifecycle_manager-16] [INFO] [1780911718.428133611] [lifecycle_manager_map]: [34m[1mCreating and initializing lifecycle service clients[0m[0m
[lifecycle_manager-16] [INFO] [1780911718.438749471] [lifecycle_manager_map]: [34m[1mStarting managed nodes bringup...[0m[0m
[lifecycle_manager-16] [INFO] [1780911718.438818387] [lifecycle_manager_map]: [34m[1mConfiguring map_server[0m[0m
[map_server-15] [INFO] [1780911718.444495543] [map_server]: 
[map_server-15] 	map_server lifecycle node launched. 
[map_server-15] 	Waiting on external lifecycle transitions to activate
[map_server-15] 	See https://design.ros2.org/articles/node_lifecycle.html for more information.
[map_server-15] [INFO] [1780911718.444806369] [map_server]: Creating
[map_server-15] [INFO] [1780911718.447032221] [map_server]: Configuring
[map_server-15] [INFO] [1780911718.447128936] [map_io]: Loading yaml file: /home/wj/work/multi-robot-exploration-rl/install/start_rl_environment_tb3/share/start_rl_environment_tb3/maps/interaction_hub.yaml
[map_server-15] [INFO] [1780911718.447848536] [map_io]: resolution: 0.05
[map_server-15] [INFO] [1780911718.447881774] [map_io]: origin[0]: -6
[map_server-15] [INFO] [1780911718.447959289] [map_io]: origin[1]: -6
[map_server-15] [INFO] [1780911718.447972480] [map_io]: origin[2]: 0
[map_server-15] [INFO] [1780911718.447982388] [map_io]: free_thresh: 0.196
[map_server-15] [INFO] [1780911718.447992031] [map_io]: occupied_thresh: 0.65
[map_server-15] [INFO] [1780911718.448001440] [map_io]: mode: trinary
[map_server-15] [INFO] [1780911718.448010666] [map_io]: negate: 0
[map_server-15] [INFO] [1780911718.448290223] [map_io]: Loading image_file: /home/wj/work/multi-robot-exploration-rl/install/start_rl_environment_tb3/share/start_rl_environment_tb3/maps/interaction_hub.pgm
[map_server-15] [INFO] [1780911718.463612116] [map_io]: Read map /home/wj/work/multi-robot-exploration-rl/install/start_rl_environment_tb3/share/start_rl_environment_tb3/maps/interaction_hub.pgm: 240 X 240 map @ 0.05 m/cell
[lifecycle_manager-16] [INFO] [1780911718.476026421] [lifecycle_manager_map]: [34m[1mActivating map_server[0m[0m
[map_server-15] [INFO] [1780911718.477439158] [map_server]: Activating
[map_server-15] [INFO] [1780911718.477698701] [map_server]: Creating bond (map_server) to lifecycle manager.
[lifecycle_manager-16] [INFO] [1780911718.587518601] [lifecycle_manager_map]: Server map_server connected with bond.
[lifecycle_manager-16] [INFO] [1780911718.587572305] [lifecycle_manager_map]: [34m[1mManaged nodes are active[0m[0m
[lifecycle_manager-16] [INFO] [1780911718.587592911] [lifecycle_manager_map]: [34m[1mCreating bond timer...[0m[0m
[spawn_entity.py-13] [INFO] [1780911718.970931064] [tb3_3.spawn_entity]: Spawn Entity started
[spawn_entity.py-13] [INFO] [1780911718.971858745] [tb3_3.spawn_entity]: Loading entity XML from file /tmp/tb3_3_37hhnmtq.sdf
[spawn_entity.py-13] [INFO] [1780911718.973293984] [tb3_3.spawn_entity]: Waiting for service /spawn_entity, timeout = 30
[spawn_entity.py-10] [INFO] [1780911718.973742948] [tb3_2.spawn_entity]: Spawn Entity started
[spawn_entity.py-13] [INFO] [1780911718.973948606] [tb3_3.spawn_entity]: Waiting for service /spawn_entity
[spawn_entity.py-10] [INFO] [1780911718.974484560] [tb3_2.spawn_entity]: Loading entity XML from file /tmp/tb3_2_mky5uzr9.sdf
[spawn_entity.py-10] [INFO] [1780911718.976271248] [tb3_2.spawn_entity]: Waiting for service /spawn_entity, timeout = 30
[spawn_entity.py-10] [INFO] [1780911718.976946833] [tb3_2.spawn_entity]: Waiting for service /spawn_entity
[spawn_entity.py-7] [INFO] [1780911718.981568484] [tb3_1.spawn_entity]: Spawn Entity started
[spawn_entity.py-7] [INFO] [1780911718.982313982] [tb3_1.spawn_entity]: Loading entity XML from file /tmp/tb3_1_4fug1u48.sdf
[spawn_entity.py-7] [INFO] [1780911718.984591126] [tb3_1.spawn_entity]: Waiting for service /spawn_entity, timeout = 30
[spawn_entity.py-7] [INFO] [1780911718.985862082] [tb3_1.spawn_entity]: Waiting for service /spawn_entity
[spawn_entity.py-4] [INFO] [1780911719.069869933] [tb3_0.spawn_entity]: Spawn Entity started
[spawn_entity.py-4] [INFO] [1780911719.070281751] [tb3_0.spawn_entity]: Loading entity XML from file /tmp/tb3_0_8dv78086.sdf
[spawn_entity.py-4] [INFO] [1780911719.071108059] [tb3_0.spawn_entity]: Waiting for service /spawn_entity, timeout = 30
[spawn_entity.py-4] [INFO] [1780911719.071455229] [tb3_0.spawn_entity]: Waiting for service /spawn_entity
[rviz2-17] [INFO] [1780911719.196838499] [rviz2]: Stereo is NOT SUPPORTED
[rviz2-17] [INFO] [1780911719.197032252] [rviz2]: OpenGl version: 4.6 (GLSL 4.6)
[rviz2-17] [INFO] [1780911719.322337801] [rviz2]: Stereo is NOT SUPPORTED
[gzserver-1] [WARN] [1780911720.379353921] [rcl]: Found remap rule 'model_states:=model_states_demo'. This syntax is deprecated. Use '--ros-args --remap model_states:=model_states_demo' instead.
[gzserver-1] [INFO] [1780911720.397037866] [gazebo_ros_state]: Publishing states of gazebo models at [/model_states_demo]
[gzserver-1] [INFO] [1780911720.398164041] [gazebo_ros_state]: Publishing states of gazebo links at [/link_states]
[spawn_entity.py-13] [INFO] [1780911720.484229630] [tb3_3.spawn_entity]: Calling service /spawn_entity
[spawn_entity.py-10] [INFO] [1780911720.487721232] [tb3_2.spawn_entity]: Calling service /spawn_entity
[spawn_entity.py-7] [INFO] [1780911720.496160591] [tb3_1.spawn_entity]: Calling service /spawn_entity
[obstacle_mover.py-18] [INFO] [1780911720.536881133] [obstacle_mover]: [obstacle_mover] map=6  0 个障碍物  速度=0.000 m/s (scale×0.0)  30 Hz  随机游走模式
[obstacle_mover.py-18] [INFO] [1780911720.540947555] [obstacle_mover]: [obstacle_mover] ✅ dyn_obs_0~dyn_obs_7 已下沉至 z=-10.0
[spawn_entity.py-4] [INFO] [1780911720.579602253] [tb3_0.spawn_entity]: Calling service /spawn_entity
[gzserver-1] [INFO] [1780911720.700096063] [tb3_3.turtlebot3_imu]: <initial_orientation_as_reference> is unset, using default value of false to comply with REP 145 (world as orientation reference)
[spawn_entity.py-13] [INFO] [1780911720.802823282] [tb3_3.spawn_entity]: Spawn status: SpawnEntity: Successfully spawned entity [tb3_3]
[gzserver-1] [INFO] [1780911720.936321069] [tb3_3.turtlebot3_diff_drive]: Wheel pair 1 separation set to [0.160000m]
[gzserver-1] [INFO] [1780911720.936373419] [tb3_3.turtlebot3_diff_drive]: Wheel pair 1 diameter set to [0.066000m]
[gzserver-1] [INFO] [1780911720.938771888] [tb3_3.turtlebot3_diff_drive]: Subscribed to [/tb3_3/cmd_vel]
[gzserver-1] [INFO] [1780911720.943482489] [tb3_3.turtlebot3_diff_drive]: Advertise odometry on [/tb3_3/odom]
[gzserver-1] [INFO] [1780911720.949020501] [tb3_3.turtlebot3_diff_drive]: Publishing odom transforms between [tb3_3/odom] and [tb3_3/base_footprint]
[gzserver-1] [INFO] [1780911720.979464943] [tb3_3.turtlebot3_joint_state]: Going to publish joint [wheel_left_joint]
[gzserver-1] [INFO] [1780911720.979522605] [tb3_3.turtlebot3_joint_state]: Going to publish joint [wheel_right_joint]
[INFO] [spawn_entity.py-13]: process has finished cleanly [pid 2548694]
[gzserver-1] [INFO] [1780911721.289019525] [tb3_2.turtlebot3_imu]: <initial_orientation_as_reference> is unset, using default value of false to comply with REP 145 (world as orientation reference)
[spawn_entity.py-10] [INFO] [1780911721.419575279] [tb3_2.spawn_entity]: Spawn status: SpawnEntity: Successfully spawned entity [tb3_2]
[gzserver-1] [INFO] [1780911721.436530714] [tb3_2.turtlebot3_diff_drive]: Wheel pair 1 separation set to [0.160000m]
[gzserver-1] [INFO] [1780911721.436609224] [tb3_2.turtlebot3_diff_drive]: Wheel pair 1 diameter set to [0.066000m]
[gzserver-1] [INFO] [1780911721.437752907] [tb3_2.turtlebot3_diff_drive]: Subscribed to [/tb3_2/cmd_vel]
[gzserver-1] [INFO] [1780911721.439010856] [tb3_2.turtlebot3_diff_drive]: Advertise odometry on [/tb3_2/odom]
[gzserver-1] [INFO] [1780911721.441900457] [tb3_2.turtlebot3_diff_drive]: Publishing odom transforms between [tb3_2/odom] and [tb3_2/base_footprint]
[gzserver-1] [INFO] [1780911721.458095634] [tb3_2.turtlebot3_joint_state]: Going to publish joint [wheel_left_joint]
[gzserver-1] [INFO] [1780911721.458197760] [tb3_2.turtlebot3_joint_state]: Going to publish joint [wheel_right_joint]
[INFO] [spawn_entity.py-10]: process has finished cleanly [pid 2548688]
[gzserver-1] [INFO] [1780911721.774309318] [tb3_1.turtlebot3_imu]: <initial_orientation_as_reference> is unset, using default value of false to comply with REP 145 (world as orientation reference)
[spawn_entity.py-7] [INFO] [1780911721.909850531] [tb3_1.spawn_entity]: Spawn status: SpawnEntity: Successfully spawned entity [tb3_1]
[gzserver-1] [INFO] [1780911722.021107608] [tb3_1.turtlebot3_diff_drive]: Wheel pair 1 separation set to [0.160000m]
[gzserver-1] [INFO] [1780911722.021226223] [tb3_1.turtlebot3_diff_drive]: Wheel pair 1 diameter set to [0.066000m]
[gzserver-1] [INFO] [1780911722.022744194] [tb3_1.turtlebot3_diff_drive]: Subscribed to [/tb3_1/cmd_vel]
[gzserver-1] [INFO] [1780911722.024161756] [tb3_1.turtlebot3_diff_drive]: Advertise odometry on [/tb3_1/odom]
[gzserver-1] [INFO] [1780911722.027272138] [tb3_1.turtlebot3_diff_drive]: Publishing odom transforms between [tb3_1/odom] and [tb3_1/base_footprint]
[gzserver-1] [INFO] [1780911722.046858483] [tb3_1.turtlebot3_joint_state]: Going to publish joint [wheel_left_joint]
[gzserver-1] [INFO] [1780911722.046924524] [tb3_1.turtlebot3_joint_state]: Going to publish joint [wheel_right_joint]
[INFO] [spawn_entity.py-7]: process has finished cleanly [pid 2548682]
[gzserver-1] [INFO] [1780911722.350834425] [tb3_0.turtlebot3_imu]: <initial_orientation_as_reference> is unset, using default value of false to comply with REP 145 (world as orientation reference)
[spawn_entity.py-4] [INFO] [1780911722.483693477] [tb3_0.spawn_entity]: Spawn status: SpawnEntity: Successfully spawned entity [tb3_0]
[gzserver-1] [INFO] [1780911722.595484698] [tb3_0.turtlebot3_diff_drive]: Wheel pair 1 separation set to [0.160000m]
[gzserver-1] [INFO] [1780911722.595546118] [tb3_0.turtlebot3_diff_drive]: Wheel pair 1 diameter set to [0.066000m]
[gzserver-1] [INFO] [1780911722.596292232] [tb3_0.turtlebot3_diff_drive]: Subscribed to [/tb3_0/cmd_vel]
[gzserver-1] [INFO] [1780911722.597074892] [tb3_0.turtlebot3_diff_drive]: Advertise odometry on [/tb3_0/odom]
[gzserver-1] [INFO] [1780911722.599900802] [tb3_0.turtlebot3_diff_drive]: Publishing odom transforms between [tb3_0/odom] and [tb3_0/base_footprint]
[gzserver-1] [INFO] [1780911722.617264355] [tb3_0.turtlebot3_joint_state]: Going to publish joint [wheel_left_joint]
[gzserver-1] [INFO] [1780911722.617328951] [tb3_0.turtlebot3_joint_state]: Going to publish joint [wheel_right_joint]
[INFO] [spawn_entity.py-4]: process has finished cleanly [pid 2548675]
[rviz2-17] [INFO] [1780911732.371833884] [rviz2]: Message Filter dropping message: frame 'tb3_2/base_scan' at time 0.396 for reason 'the timestamp on the message is earlier than all the data in the transform cache'
[rviz2-17] [INFO] [1780911732.574559895] [rviz2]: Message Filter dropping message: frame 'tb3_1/base_scan' at time 0.596 for reason 'the timestamp on the message is earlier than all the data in the transform cache'
[rviz2-17] [INFO] [1780911732.778010800] [rviz2]: Message Filter dropping message: frame 'tb3_0/base_scan' at time 0.796 for reason 'the timestamp on the message is earlier than all the data in the transform cache'
