[INFO] [launch]: All log files can be found below /home/wj/.ros/log/2026-05-16-23-29-42-884355-wj-Default-string-712952
[INFO] [launch]: Default logging verbosity is set to INFO
[INFO] Loading world (HEADLESS): /home/wj/work/multi-robot-exploration-rl/install/start_rl_environment_tb3/share/start_rl_environment_tb3/worlds/interaction_hub.world
[INFO] Using GAZEBO_MASTER_URI: http://127.0.0.1:11346
[INFO] Spawning 4 TurtleBot3 robots on interaction_hub...
[INFO] Using random positions
[INFO] Using fixed positions for 4 robots
[INFO]   Robot 0: Robot 0 - west lower at (-5.10, -0.85)
[INFO]   Robot 1: Robot 1 - west upper at (-5.10, 0.85)
[INFO]   Robot 2: Robot 2 - east upper at (5.10, 0.85)
[INFO]   Robot 3: Robot 3 - east lower at (5.10, -0.85)
[spawn_robots] Created modified SDF for tb3_0 at /tmp/tb3_0_kkj_wgrp.sdf
[spawn_robots] Created modified SDF for tb3_1 at /tmp/tb3_1_lqw7ji5x.sdf
[spawn_robots] Created modified SDF for tb3_2 at /tmp/tb3_2_b5hnfmfj.sdf
[spawn_robots] Created modified SDF for tb3_3 at /tmp/tb3_3__d6b0f1w.sdf
[INFO] Map Server loading: /home/wj/work/multi-robot-exploration-rl/install/start_rl_environment_tb3/share/start_rl_environment_tb3/maps/interaction_hub.yaml
[INFO] [gzserver-1]: process started with pid [713006]
[INFO] [robot_state_publisher-2]: process started with pid [713008]
[INFO] [spawn_entity.py-3]: process started with pid [713010]
[INFO] [static_transform_publisher-4]: process started with pid [713012]
[INFO] [robot_state_publisher-5]: process started with pid [713014]
[INFO] [spawn_entity.py-6]: process started with pid [713016]
[INFO] [static_transform_publisher-7]: process started with pid [713018]
[INFO] [robot_state_publisher-8]: process started with pid [713020]
[INFO] [spawn_entity.py-9]: process started with pid [713022]
[INFO] [static_transform_publisher-10]: process started with pid [713024]
[INFO] [robot_state_publisher-11]: process started with pid [713026]
[INFO] [spawn_entity.py-12]: process started with pid [713031]
[INFO] [static_transform_publisher-13]: process started with pid [713044]
[INFO] [map_server-14]: process started with pid [713052]
[INFO] [lifecycle_manager-15]: process started with pid [713062]
[INFO] [obstacle_mover.py-16]: process started with pid [713074]
[static_transform_publisher-4] [WARN] [1778945383.136312241] []: Old-style arguments are deprecated; see --help for new-style arguments
[static_transform_publisher-4] [INFO] [1778945383.161569922] [static_tf_tb3_0]: Spinning until stopped - publishing transform
[static_transform_publisher-4] translation: ('0.000000', '0.000000', '0.000000')
[static_transform_publisher-4] rotation: ('0.000000', '0.000000', '0.000000', '1.000000')
[static_transform_publisher-4] from 'map' to 'tb3_0/odom'
[static_transform_publisher-7] [WARN] [1778945383.142502601] []: Old-style arguments are deprecated; see --help for new-style arguments
[static_transform_publisher-10] [WARN] [1778945383.149222281] []: Old-style arguments are deprecated; see --help for new-style arguments
[robot_state_publisher-2] [INFO] [1778945383.180966988] [tb3_0.robot_state_publisher]: got segment base_footprint
[robot_state_publisher-2] [INFO] [1778945383.181143307] [tb3_0.robot_state_publisher]: got segment base_link
[robot_state_publisher-2] [INFO] [1778945383.181163365] [tb3_0.robot_state_publisher]: got segment base_scan
[robot_state_publisher-2] [INFO] [1778945383.181173687] [tb3_0.robot_state_publisher]: got segment caster_back_link
[robot_state_publisher-2] [INFO] [1778945383.181184152] [tb3_0.robot_state_publisher]: got segment imu_link
[robot_state_publisher-2] [INFO] [1778945383.181193472] [tb3_0.robot_state_publisher]: got segment wheel_left_link
[robot_state_publisher-2] [INFO] [1778945383.181202657] [tb3_0.robot_state_publisher]: got segment wheel_right_link
[static_transform_publisher-13] [WARN] [1778945383.184110535] []: Old-style arguments are deprecated; see --help for new-style arguments
[static_transform_publisher-7] [INFO] [1778945383.198262032] [static_tf_tb3_1]: Spinning until stopped - publishing transform
[static_transform_publisher-7] translation: ('0.000000', '0.000000', '0.000000')
[static_transform_publisher-7] rotation: ('0.000000', '0.000000', '0.000000', '1.000000')
[static_transform_publisher-7] from 'map' to 'tb3_1/odom'
[static_transform_publisher-10] [INFO] [1778945383.201298534] [static_tf_tb3_2]: Spinning until stopped - publishing transform
[static_transform_publisher-10] translation: ('0.000000', '0.000000', '0.000000')
[static_transform_publisher-10] rotation: ('0.000000', '0.000000', '0.000000', '1.000000')
[static_transform_publisher-10] from 'map' to 'tb3_2/odom'
[robot_state_publisher-8] [INFO] [1778945383.206971324] [tb3_2.robot_state_publisher]: got segment base_footprint
[robot_state_publisher-8] [INFO] [1778945383.207210245] [tb3_2.robot_state_publisher]: got segment base_link
[robot_state_publisher-8] [INFO] [1778945383.207229664] [tb3_2.robot_state_publisher]: got segment base_scan
[robot_state_publisher-8] [INFO] [1778945383.207240873] [tb3_2.robot_state_publisher]: got segment caster_back_link
[robot_state_publisher-8] [INFO] [1778945383.207251716] [tb3_2.robot_state_publisher]: got segment imu_link
[robot_state_publisher-8] [INFO] [1778945383.207262598] [tb3_2.robot_state_publisher]: got segment wheel_left_link
[robot_state_publisher-8] [INFO] [1778945383.207272979] [tb3_2.robot_state_publisher]: got segment wheel_right_link
[robot_state_publisher-5] [INFO] [1778945383.207123672] [tb3_1.robot_state_publisher]: got segment base_footprint
[robot_state_publisher-5] [INFO] [1778945383.207270909] [tb3_1.robot_state_publisher]: got segment base_link
[robot_state_publisher-5] [INFO] [1778945383.207292283] [tb3_1.robot_state_publisher]: got segment base_scan
[robot_state_publisher-5] [INFO] [1778945383.207304842] [tb3_1.robot_state_publisher]: got segment caster_back_link
[robot_state_publisher-5] [INFO] [1778945383.207314917] [tb3_1.robot_state_publisher]: got segment imu_link
[robot_state_publisher-5] [INFO] [1778945383.207326111] [tb3_1.robot_state_publisher]: got segment wheel_left_link
[robot_state_publisher-5] [INFO] [1778945383.207336596] [tb3_1.robot_state_publisher]: got segment wheel_right_link
[static_transform_publisher-13] [INFO] [1778945383.241570652] [static_tf_tb3_3]: Spinning until stopped - publishing transform
[static_transform_publisher-13] translation: ('0.000000', '0.000000', '0.000000')
[static_transform_publisher-13] rotation: ('0.000000', '0.000000', '0.000000', '1.000000')
[static_transform_publisher-13] from 'map' to 'tb3_3/odom'
[lifecycle_manager-15] [INFO] [1778945383.242318571] [lifecycle_manager_map]: Creating
[lifecycle_manager-15] [INFO] [1778945383.249987597] [lifecycle_manager_map]: [34m[1mCreating and initializing lifecycle service clients[0m[0m
[robot_state_publisher-11] [INFO] [1778945383.258066027] [tb3_3.robot_state_publisher]: got segment base_footprint
[robot_state_publisher-11] [INFO] [1778945383.258225933] [tb3_3.robot_state_publisher]: got segment base_link
[robot_state_publisher-11] [INFO] [1778945383.258246660] [tb3_3.robot_state_publisher]: got segment base_scan
[robot_state_publisher-11] [INFO] [1778945383.258257788] [tb3_3.robot_state_publisher]: got segment caster_back_link
[robot_state_publisher-11] [INFO] [1778945383.258268171] [tb3_3.robot_state_publisher]: got segment imu_link
[robot_state_publisher-11] [INFO] [1778945383.258278518] [tb3_3.robot_state_publisher]: got segment wheel_left_link
[robot_state_publisher-11] [INFO] [1778945383.258288306] [tb3_3.robot_state_publisher]: got segment wheel_right_link
[map_server-14] [INFO] [1778945383.295506561] [map_server]: 
[map_server-14] 	map_server lifecycle node launched. 
[map_server-14] 	Waiting on external lifecycle transitions to activate
[map_server-14] 	See https://design.ros2.org/articles/node_lifecycle.html for more information.
[map_server-14] [INFO] [1778945383.295865514] [map_server]: Creating
[lifecycle_manager-15] [INFO] [1778945383.295896787] [lifecycle_manager_map]: [34m[1mStarting managed nodes bringup...[0m[0m
[lifecycle_manager-15] [INFO] [1778945383.295954216] [lifecycle_manager_map]: [34m[1mConfiguring map_server[0m[0m
[map_server-14] [INFO] [1778945383.415891709] [map_server]: Configuring
[map_server-14] [INFO] [1778945383.415976136] [map_io]: Loading yaml file: /home/wj/work/multi-robot-exploration-rl/install/start_rl_environment_tb3/share/start_rl_environment_tb3/maps/interaction_hub.yaml
[map_server-14] [INFO] [1778945383.416297679] [map_io]: resolution: 0.05
[map_server-14] [INFO] [1778945383.416312448] [map_io]: origin[0]: -6
[map_server-14] [INFO] [1778945383.416339227] [map_io]: origin[1]: -6
[map_server-14] [INFO] [1778945383.416344475] [map_io]: origin[2]: 0
[map_server-14] [INFO] [1778945383.416349845] [map_io]: free_thresh: 0.196
[map_server-14] [INFO] [1778945383.416355052] [map_io]: occupied_thresh: 0.65
[map_server-14] [INFO] [1778945383.416363828] [map_io]: mode: trinary
[map_server-14] [INFO] [1778945383.416372980] [map_io]: negate: 0
[map_server-14] [INFO] [1778945383.416621468] [map_io]: Loading image_file: /home/wj/work/multi-robot-exploration-rl/install/start_rl_environment_tb3/share/start_rl_environment_tb3/maps/interaction_hub.pgm
[map_server-14] [INFO] [1778945383.428161668] [map_io]: Read map /home/wj/work/multi-robot-exploration-rl/install/start_rl_environment_tb3/share/start_rl_environment_tb3/maps/interaction_hub.pgm: 240 X 240 map @ 0.05 m/cell
[lifecycle_manager-15] [INFO] [1778945383.442211531] [lifecycle_manager_map]: [34m[1mActivating map_server[0m[0m
[map_server-14] [INFO] [1778945383.442850597] [map_server]: Activating
[map_server-14] [INFO] [1778945383.443088270] [map_server]: Creating bond (map_server) to lifecycle manager.
[lifecycle_manager-15] [INFO] [1778945383.551240252] [lifecycle_manager_map]: Server map_server connected with bond.
[lifecycle_manager-15] [INFO] [1778945383.551303401] [lifecycle_manager_map]: [34m[1mManaged nodes are active[0m[0m
[lifecycle_manager-15] [INFO] [1778945383.551325131] [lifecycle_manager_map]: [34m[1mCreating bond timer...[0m[0m
[gzserver-1] Gazebo multi-robot simulator, version 11.10.2
[gzserver-1] Copyright (C) 2012 Open Source Robotics Foundation.
[gzserver-1] Released under the Apache 2 License.
[gzserver-1] http://gazebosim.org
[gzserver-1] 
[spawn_entity.py-6] [INFO] [1778945383.899927466] [tb3_1.spawn_entity]: Spawn Entity started
[spawn_entity.py-6] [INFO] [1778945383.900614633] [tb3_1.spawn_entity]: Loading entity XML from file /tmp/tb3_1_lqw7ji5x.sdf
[spawn_entity.py-6] [INFO] [1778945383.903083561] [tb3_1.spawn_entity]: Waiting for service /spawn_entity, timeout = 30
[spawn_entity.py-6] [INFO] [1778945383.903752970] [tb3_1.spawn_entity]: Waiting for service /spawn_entity
[spawn_entity.py-3] [INFO] [1778945383.968440727] [tb3_0.spawn_entity]: Spawn Entity started
[spawn_entity.py-3] [INFO] [1778945383.968858755] [tb3_0.spawn_entity]: Loading entity XML from file /tmp/tb3_0_kkj_wgrp.sdf
[spawn_entity.py-3] [INFO] [1778945383.969883763] [tb3_0.spawn_entity]: Waiting for service /spawn_entity, timeout = 30
[spawn_entity.py-3] [INFO] [1778945383.970347437] [tb3_0.spawn_entity]: Waiting for service /spawn_entity
[spawn_entity.py-9] [INFO] [1778945383.977460365] [tb3_2.spawn_entity]: Spawn Entity started
[spawn_entity.py-9] [INFO] [1778945383.978200577] [tb3_2.spawn_entity]: Loading entity XML from file /tmp/tb3_2_b5hnfmfj.sdf
[spawn_entity.py-9] [INFO] [1778945383.979596917] [tb3_2.spawn_entity]: Waiting for service /spawn_entity, timeout = 30
[spawn_entity.py-9] [INFO] [1778945383.980271780] [tb3_2.spawn_entity]: Waiting for service /spawn_entity
[spawn_entity.py-12] [INFO] [1778945383.982716250] [tb3_3.spawn_entity]: Spawn Entity started
[spawn_entity.py-12] [INFO] [1778945383.983211337] [tb3_3.spawn_entity]: Loading entity XML from file /tmp/tb3_3__d6b0f1w.sdf
[spawn_entity.py-12] [INFO] [1778945383.984305248] [tb3_3.spawn_entity]: Waiting for service /spawn_entity, timeout = 30
[spawn_entity.py-12] [INFO] [1778945383.984729022] [tb3_3.spawn_entity]: Waiting for service /spawn_entity
[gzserver-1] [1;33m[Wrn] [gazebo_ros_init.cpp:178] [0m[1;33m
[gzserver-1] #     # ####### ####### ###  #####  #######
[gzserver-1] ##    # #     #    #     #  #     # #
[gzserver-1] # #   # #     #    #     #  #       #
[gzserver-1] #  #  # #     #    #     #  #       #####
[gzserver-1] #   # # #     #    #     #  #       #
[gzserver-1] #    ## #     #    #     #  #     # #
[gzserver-1] #     # #######    #    ###  #####  #######
[gzserver-1] 
[gzserver-1] This version of Gazebo, now called Gazebo classic, reaches end-of-life
[gzserver-1] in January 2025. Users are highly encouraged to migrate to the new Gazebo
[gzserver-1] using our migration guides (https://gazebosim.org/docs/latest/gazebo_classic_migration?utm_source=gazebo_ros_pkgs&utm_medium=cli)
[gzserver-1] 
[gzserver-1] [0m[1;33m
[gzserver-1] [1;32m[Msg] [0m[1;32mWaiting for master.[0m[1;32m
[gzserver-1] [0m[1;32m[0m[1;32m[0m[1;32m[Msg] [0m[1;32mConnected to gazebo master @ [0m[1;32mhttp://127.0.0.1:11346[0m[1;32m
[gzserver-1] [0m[1;32m[0m[1;32m[0m[1;32m[Msg] [0m[1;32mPublicized address: [0m[1;32m172.19.10.153[0m[1;32m
[gzserver-1] [0m[1;32m[0m[1;32m[0m[1;32m[Msg] [0m[1;32mLoading world file [[0m[1;32m/home/wj/work/multi-robot-exploration-rl/install/start_rl_environment_tb3/share/start_rl_environment_tb3/worlds/interaction_hub.world[0m[1;32m][0m[1;32m
[gzserver-1] [0m[1;33m[0m[1;33m[0m[WARN] [1778945385.204974884] [rcl]: Found remap rule 'model_states:=model_states_demo'. This syntax is deprecated. Use '--ros-args --remap model_states:=model_states_demo' instead.
[gzserver-1] [INFO] [1778945385.222445372] [gazebo_ros_state]: Publishing states of gazebo models at [/model_states_demo]
[gzserver-1] [INFO] [1778945385.223659360] [gazebo_ros_state]: Publishing states of gazebo links at [/link_states]
[spawn_entity.py-3] [INFO] [1778945385.227195304] [tb3_0.spawn_entity]: Calling service /spawn_entity
[spawn_entity.py-9] [INFO] [1778945385.238006402] [tb3_2.spawn_entity]: Calling service /spawn_entity
[spawn_entity.py-12] [INFO] [1778945385.242514765] [tb3_3.spawn_entity]: Calling service /spawn_entity
[obstacle_mover.py-16] [INFO] [1778945385.335159613] [obstacle_mover]: [obstacle_mover] map=6  0 个障碍物  速度=0.000 m/s (scale×0.0)  30 Hz  随机游走模式
[obstacle_mover.py-16] [INFO] [1778945385.347611350] [obstacle_mover]: [obstacle_mover] ✅ dyn_obs_0~dyn_obs_7 已下沉至 z=-10.0
[spawn_entity.py-6] [INFO] [1778945385.413926547] [tb3_1.spawn_entity]: Calling service /spawn_entity
[gzserver-1] [INFO] [1778945385.436380144] [tb3_0.turtlebot3_imu]: <initial_orientation_as_reference> is unset, using default value of false to comply with REP 145 (world as orientation reference)
[spawn_entity.py-3] [INFO] [1778945385.531080128] [tb3_0.spawn_entity]: Spawn status: SpawnEntity: Successfully spawned entity [tb3_0]
[gzserver-1] [INFO] [1778945385.667203615] [tb3_0.turtlebot3_diff_drive]: Wheel pair 1 separation set to [0.160000m]
[gzserver-1] [INFO] [1778945385.667270839] [tb3_0.turtlebot3_diff_drive]: Wheel pair 1 diameter set to [0.066000m]
[gzserver-1] [INFO] [1778945385.669680393] [tb3_0.turtlebot3_diff_drive]: Subscribed to [/tb3_0/cmd_vel]
[gzserver-1] [INFO] [1778945385.673715500] [tb3_0.turtlebot3_diff_drive]: Advertise odometry on [/tb3_0/odom]
[gzserver-1] [INFO] [1778945385.678253724] [tb3_0.turtlebot3_diff_drive]: Publishing odom transforms between [tb3_0/odom] and [tb3_0/base_footprint]
[gzserver-1] [INFO] [1778945385.697225903] [tb3_0.turtlebot3_joint_state]: Going to publish joint [wheel_left_joint]
[gzserver-1] [INFO] [1778945385.697290204] [tb3_0.turtlebot3_joint_state]: Going to publish joint [wheel_right_joint]
[INFO] [spawn_entity.py-3]: process has finished cleanly [pid 713010]
[gzserver-1] [INFO] [1778945386.046370899] [tb3_2.turtlebot3_imu]: <initial_orientation_as_reference> is unset, using default value of false to comply with REP 145 (world as orientation reference)
[spawn_entity.py-9] [INFO] [1778945386.159420695] [tb3_2.spawn_entity]: Spawn status: SpawnEntity: Successfully spawned entity [tb3_2]
[gzserver-1] [INFO] [1778945386.270187035] [tb3_2.turtlebot3_diff_drive]: Wheel pair 1 separation set to [0.160000m]
[gzserver-1] [INFO] [1778945386.270275348] [tb3_2.turtlebot3_diff_drive]: Wheel pair 1 diameter set to [0.066000m]
[gzserver-1] [INFO] [1778945386.272029756] [tb3_2.turtlebot3_diff_drive]: Subscribed to [/tb3_2/cmd_vel]
[gzserver-1] [INFO] [1778945386.273372382] [tb3_2.turtlebot3_diff_drive]: Advertise odometry on [/tb3_2/odom]
[gzserver-1] [INFO] [1778945386.275749645] [tb3_2.turtlebot3_diff_drive]: Publishing odom transforms between [tb3_2/odom] and [tb3_2/base_footprint]
[gzserver-1] [INFO] [1778945386.287853326] [tb3_2.turtlebot3_joint_state]: Going to publish joint [wheel_left_joint]
[gzserver-1] [INFO] [1778945386.287905498] [tb3_2.turtlebot3_joint_state]: Going to publish joint [wheel_right_joint]
[INFO] [spawn_entity.py-9]: process has finished cleanly [pid 713022]
[gzserver-1] [INFO] [1778945386.588983155] [tb3_3.turtlebot3_imu]: <initial_orientation_as_reference> is unset, using default value of false to comply with REP 145 (world as orientation reference)
[spawn_entity.py-12] [INFO] [1778945386.799878083] [tb3_3.spawn_entity]: Spawn status: SpawnEntity: Successfully spawned entity [tb3_3]
[gzserver-1] [INFO] [1778945386.911033142] [tb3_3.turtlebot3_diff_drive]: Wheel pair 1 separation set to [0.160000m]
[gzserver-1] [INFO] [1778945386.911126151] [tb3_3.turtlebot3_diff_drive]: Wheel pair 1 diameter set to [0.066000m]
[gzserver-1] [INFO] [1778945386.912226010] [tb3_3.turtlebot3_diff_drive]: Subscribed to [/tb3_3/cmd_vel]
[gzserver-1] [INFO] [1778945386.913243531] [tb3_3.turtlebot3_diff_drive]: Advertise odometry on [/tb3_3/odom]
[gzserver-1] [INFO] [1778945386.915194316] [tb3_3.turtlebot3_diff_drive]: Publishing odom transforms between [tb3_3/odom] and [tb3_3/base_footprint]
[gzserver-1] [INFO] [1778945386.926904488] [tb3_3.turtlebot3_joint_state]: Going to publish joint [wheel_left_joint]
[gzserver-1] [INFO] [1778945386.926961480] [tb3_3.turtlebot3_joint_state]: Going to publish joint [wheel_right_joint]
[INFO] [spawn_entity.py-12]: process has finished cleanly [pid 713031]
[gzserver-1] [INFO] [1778945387.237535819] [tb3_1.turtlebot3_imu]: <initial_orientation_as_reference> is unset, using default value of false to comply with REP 145 (world as orientation reference)
[spawn_entity.py-6] [INFO] [1778945387.360811292] [tb3_1.spawn_entity]: Spawn status: SpawnEntity: Successfully spawned entity [tb3_1]
[gzserver-1] [INFO] [1778945387.472352884] [tb3_1.turtlebot3_diff_drive]: Wheel pair 1 separation set to [0.160000m]
[gzserver-1] [INFO] [1778945387.472402331] [tb3_1.turtlebot3_diff_drive]: Wheel pair 1 diameter set to [0.066000m]
[gzserver-1] [INFO] [1778945387.473268258] [tb3_1.turtlebot3_diff_drive]: Subscribed to [/tb3_1/cmd_vel]
[gzserver-1] [INFO] [1778945387.474225425] [tb3_1.turtlebot3_diff_drive]: Advertise odometry on [/tb3_1/odom]
[gzserver-1] [INFO] [1778945387.476613612] [tb3_1.turtlebot3_diff_drive]: Publishing odom transforms between [tb3_1/odom] and [tb3_1/base_footprint]
[gzserver-1] [INFO] [1778945387.494550708] [tb3_1.turtlebot3_joint_state]: Going to publish joint [wheel_left_joint]
[gzserver-1] [INFO] [1778945387.494620525] [tb3_1.turtlebot3_joint_state]: Going to publish joint [wheel_right_joint]
[INFO] [spawn_entity.py-6]: process has finished cleanly [pid 713016]
