[INFO] [launch]: All log files can be found below /home/wj/.ros/log/2026-05-20-17-17-49-742297-wj-Default-string-642487
[INFO] [launch]: Default logging verbosity is set to INFO
[INFO] Loading world for TurtleBot3: /home/wj/work/multi-robot-exploration-rl/install/start_rl_environment_tb3/share/start_rl_environment_tb3/worlds/interaction_hub.world
[INFO] Spawning 4 TurtleBot3 robots on interaction_hub...
[INFO] Using random positions
[INFO] Using fixed positions for 4 robots
[INFO]   Robot 0: Robot 0 - west lower at (-5.10, -0.85)
[INFO]   Robot 1: Robot 1 - west upper at (-5.10, 0.85)
[INFO]   Robot 2: Robot 2 - east upper at (5.10, 0.85)
[INFO]   Robot 3: Robot 3 - east lower at (5.10, -0.85)
[spawn_robots] Created modified SDF for tb3_0 at /tmp/tb3_0__wk4fdvm.sdf
[spawn_robots] Created modified SDF for tb3_1 at /tmp/tb3_1_e88_myxl.sdf
[spawn_robots] Created modified SDF for tb3_2 at /tmp/tb3_2_703_p932.sdf
[spawn_robots] Created modified SDF for tb3_3 at /tmp/tb3_3_27ej9dvd.sdf
[INFO] Map Server loading: /home/wj/work/multi-robot-exploration-rl/install/start_rl_environment_tb3/share/start_rl_environment_tb3/maps/interaction_hub.yaml
[INFO] [gzserver-1]: process started with pid [642672]
[INFO] [gzclient-2]: process started with pid [642674]
[INFO] [robot_state_publisher-3]: process started with pid [642676]
[INFO] [spawn_entity.py-4]: process started with pid [642678]
[INFO] [static_transform_publisher-5]: process started with pid [642680]
[INFO] [robot_state_publisher-6]: process started with pid [642682]
[INFO] [spawn_entity.py-7]: process started with pid [642684]
[INFO] [static_transform_publisher-8]: process started with pid [642686]
[INFO] [robot_state_publisher-9]: process started with pid [642688]
[INFO] [spawn_entity.py-10]: process started with pid [642690]
[INFO] [static_transform_publisher-11]: process started with pid [642692]
[INFO] [robot_state_publisher-12]: process started with pid [642697]
[INFO] [spawn_entity.py-13]: process started with pid [642715]
[INFO] [static_transform_publisher-14]: process started with pid [642721]
[INFO] [map_server-15]: process started with pid [642727]
[INFO] [lifecycle_manager-16]: process started with pid [642734]
[INFO] [rviz2-17]: process started with pid [642739]
[INFO] [obstacle_mover.py-18]: process started with pid [642747]
[static_transform_publisher-5] [WARN] [1779268670.730017389] []: Old-style arguments are deprecated; see --help for new-style arguments
[static_transform_publisher-5] [INFO] [1779268670.763573955] [static_tf_tb3_0]: Spinning until stopped - publishing transform
[static_transform_publisher-5] translation: ('0.000000', '0.000000', '0.000000')
[static_transform_publisher-5] rotation: ('0.000000', '0.000000', '0.000000', '1.000000')
[static_transform_publisher-5] from 'map' to 'tb3_0/odom'
[static_transform_publisher-8] [WARN] [1779268670.742207063] []: Old-style arguments are deprecated; see --help for new-style arguments
[static_transform_publisher-11] [WARN] [1779268670.757873234] []: Old-style arguments are deprecated; see --help for new-style arguments
[static_transform_publisher-14] [WARN] [1779268670.785457480] []: Old-style arguments are deprecated; see --help for new-style arguments
[robot_state_publisher-3] [INFO] [1779268670.799953447] [tb3_0.robot_state_publisher]: got segment base_footprint
[robot_state_publisher-3] [INFO] [1779268670.800118155] [tb3_0.robot_state_publisher]: got segment base_link
[robot_state_publisher-3] [INFO] [1779268670.800141023] [tb3_0.robot_state_publisher]: got segment base_scan
[robot_state_publisher-3] [INFO] [1779268670.800155004] [tb3_0.robot_state_publisher]: got segment caster_back_link
[robot_state_publisher-3] [INFO] [1779268670.800166080] [tb3_0.robot_state_publisher]: got segment imu_link
[robot_state_publisher-3] [INFO] [1779268670.800175597] [tb3_0.robot_state_publisher]: got segment wheel_left_link
[robot_state_publisher-3] [INFO] [1779268670.800186295] [tb3_0.robot_state_publisher]: got segment wheel_right_link
[static_transform_publisher-8] [INFO] [1779268670.813787467] [static_tf_tb3_1]: Spinning until stopped - publishing transform
[static_transform_publisher-8] translation: ('0.000000', '0.000000', '0.000000')
[static_transform_publisher-8] rotation: ('0.000000', '0.000000', '0.000000', '1.000000')
[static_transform_publisher-8] from 'map' to 'tb3_1/odom'
[static_transform_publisher-11] [INFO] [1779268670.823213926] [static_tf_tb3_2]: Spinning until stopped - publishing transform
[static_transform_publisher-11] translation: ('0.000000', '0.000000', '0.000000')
[static_transform_publisher-11] rotation: ('0.000000', '0.000000', '0.000000', '1.000000')
[static_transform_publisher-11] from 'map' to 'tb3_2/odom'
[robot_state_publisher-9] [INFO] [1779268670.834246988] [tb3_2.robot_state_publisher]: got segment base_footprint
[robot_state_publisher-9] [INFO] [1779268670.835359629] [tb3_2.robot_state_publisher]: got segment base_link
[robot_state_publisher-9] [INFO] [1779268670.835386743] [tb3_2.robot_state_publisher]: got segment base_scan
[robot_state_publisher-9] [INFO] [1779268670.835398600] [tb3_2.robot_state_publisher]: got segment caster_back_link
[robot_state_publisher-9] [INFO] [1779268670.835407449] [tb3_2.robot_state_publisher]: got segment imu_link
[robot_state_publisher-9] [INFO] [1779268670.835417552] [tb3_2.robot_state_publisher]: got segment wheel_left_link
[robot_state_publisher-9] [INFO] [1779268670.835427226] [tb3_2.robot_state_publisher]: got segment wheel_right_link
[robot_state_publisher-6] [INFO] [1779268670.834651111] [tb3_1.robot_state_publisher]: got segment base_footprint
[robot_state_publisher-6] [INFO] [1779268670.834798704] [tb3_1.robot_state_publisher]: got segment base_link
[robot_state_publisher-6] [INFO] [1779268670.834816099] [tb3_1.robot_state_publisher]: got segment base_scan
[robot_state_publisher-6] [INFO] [1779268670.834825822] [tb3_1.robot_state_publisher]: got segment caster_back_link
[robot_state_publisher-6] [INFO] [1779268670.834834745] [tb3_1.robot_state_publisher]: got segment imu_link
[robot_state_publisher-6] [INFO] [1779268670.834843237] [tb3_1.robot_state_publisher]: got segment wheel_left_link
[robot_state_publisher-6] [INFO] [1779268670.834851776] [tb3_1.robot_state_publisher]: got segment wheel_right_link
[static_transform_publisher-14] [INFO] [1779268670.843563207] [static_tf_tb3_3]: Spinning until stopped - publishing transform
[static_transform_publisher-14] translation: ('0.000000', '0.000000', '0.000000')
[static_transform_publisher-14] rotation: ('0.000000', '0.000000', '0.000000', '1.000000')
[static_transform_publisher-14] from 'map' to 'tb3_3/odom'
[robot_state_publisher-12] [INFO] [1779268670.894894184] [tb3_3.robot_state_publisher]: got segment base_footprint
[robot_state_publisher-12] [INFO] [1779268670.896819055] [tb3_3.robot_state_publisher]: got segment base_link
[robot_state_publisher-12] [INFO] [1779268670.896849266] [tb3_3.robot_state_publisher]: got segment base_scan
[robot_state_publisher-12] [INFO] [1779268670.896860584] [tb3_3.robot_state_publisher]: got segment caster_back_link
[robot_state_publisher-12] [INFO] [1779268670.896870785] [tb3_3.robot_state_publisher]: got segment imu_link
[robot_state_publisher-12] [INFO] [1779268670.896880167] [tb3_3.robot_state_publisher]: got segment wheel_left_link
[robot_state_publisher-12] [INFO] [1779268670.896889316] [tb3_3.robot_state_publisher]: got segment wheel_right_link
[map_server-15] [INFO] [1779268670.900266594] [map_server]: 
[map_server-15] 	map_server lifecycle node launched. 
[map_server-15] 	Waiting on external lifecycle transitions to activate
[map_server-15] 	See https://design.ros2.org/articles/node_lifecycle.html for more information.
[map_server-15] [INFO] [1779268670.900539867] [map_server]: Creating
[lifecycle_manager-16] [INFO] [1779268670.904482519] [lifecycle_manager_map]: Creating
[lifecycle_manager-16] [INFO] [1779268670.911660676] [lifecycle_manager_map]: [34m[1mCreating and initializing lifecycle service clients[0m[0m
[lifecycle_manager-16] [INFO] [1779268670.915344363] [lifecycle_manager_map]: [34m[1mStarting managed nodes bringup...[0m[0m
[lifecycle_manager-16] [INFO] [1779268670.915437776] [lifecycle_manager_map]: [34m[1mConfiguring map_server[0m[0m
[map_server-15] [INFO] [1779268670.915839879] [map_server]: Configuring
[map_server-15] [INFO] [1779268670.915910425] [map_io]: Loading yaml file: /home/wj/work/multi-robot-exploration-rl/install/start_rl_environment_tb3/share/start_rl_environment_tb3/maps/interaction_hub.yaml
[map_server-15] [INFO] [1779268670.916233237] [map_io]: resolution: 0.05
[map_server-15] [INFO] [1779268670.916246041] [map_io]: origin[0]: -6
[map_server-15] [INFO] [1779268670.916250906] [map_io]: origin[1]: -6
[map_server-15] [INFO] [1779268670.916255883] [map_io]: origin[2]: 0
[map_server-15] [INFO] [1779268670.916260726] [map_io]: free_thresh: 0.196
[map_server-15] [INFO] [1779268670.916265847] [map_io]: occupied_thresh: 0.65
[map_server-15] [INFO] [1779268670.916282922] [map_io]: mode: trinary
[map_server-15] [INFO] [1779268670.916294982] [map_io]: negate: 0
[map_server-15] [INFO] [1779268670.916548932] [map_io]: Loading image_file: /home/wj/work/multi-robot-exploration-rl/install/start_rl_environment_tb3/share/start_rl_environment_tb3/maps/interaction_hub.pgm
[map_server-15] [INFO] [1779268670.923689999] [map_io]: Read map /home/wj/work/multi-robot-exploration-rl/install/start_rl_environment_tb3/share/start_rl_environment_tb3/maps/interaction_hub.pgm: 240 X 240 map @ 0.05 m/cell
[lifecycle_manager-16] [INFO] [1779268670.934972099] [lifecycle_manager_map]: [34m[1mActivating map_server[0m[0m
[map_server-15] [INFO] [1779268670.936126950] [map_server]: Activating
[map_server-15] [INFO] [1779268670.936401147] [map_server]: Creating bond (map_server) to lifecycle manager.
[lifecycle_manager-16] [INFO] [1779268671.043055511] [lifecycle_manager_map]: Server map_server connected with bond.
[lifecycle_manager-16] [INFO] [1779268671.043167994] [lifecycle_manager_map]: [34m[1mManaged nodes are active[0m[0m
[lifecycle_manager-16] [INFO] [1779268671.043198523] [lifecycle_manager_map]: [34m[1mCreating bond timer...[0m[0m
[spawn_entity.py-4] [INFO] [1779268671.538189316] [tb3_0.spawn_entity]: Spawn Entity started
[spawn_entity.py-4] [INFO] [1779268671.538946315] [tb3_0.spawn_entity]: Loading entity XML from file /tmp/tb3_0__wk4fdvm.sdf
[spawn_entity.py-4] [INFO] [1779268671.540222701] [tb3_0.spawn_entity]: Waiting for service /spawn_entity, timeout = 30
[spawn_entity.py-4] [INFO] [1779268671.541395279] [tb3_0.spawn_entity]: Waiting for service /spawn_entity
[spawn_entity.py-13] [INFO] [1779268671.608017238] [tb3_3.spawn_entity]: Spawn Entity started
[spawn_entity.py-13] [INFO] [1779268671.608995292] [tb3_3.spawn_entity]: Loading entity XML from file /tmp/tb3_3_27ej9dvd.sdf
[spawn_entity.py-13] [INFO] [1779268671.609937267] [tb3_3.spawn_entity]: Waiting for service /spawn_entity, timeout = 30
[spawn_entity.py-13] [INFO] [1779268671.610306978] [tb3_3.spawn_entity]: Waiting for service /spawn_entity
[spawn_entity.py-7] [INFO] [1779268671.624692117] [tb3_1.spawn_entity]: Spawn Entity started
[spawn_entity.py-7] [INFO] [1779268671.625493873] [tb3_1.spawn_entity]: Loading entity XML from file /tmp/tb3_1_e88_myxl.sdf
[spawn_entity.py-7] [INFO] [1779268671.627058617] [tb3_1.spawn_entity]: Waiting for service /spawn_entity, timeout = 30
[spawn_entity.py-7] [INFO] [1779268671.627827989] [tb3_1.spawn_entity]: Waiting for service /spawn_entity
[spawn_entity.py-10] [INFO] [1779268671.663795554] [tb3_2.spawn_entity]: Spawn Entity started
[spawn_entity.py-10] [INFO] [1779268671.664431930] [tb3_2.spawn_entity]: Loading entity XML from file /tmp/tb3_2_703_p932.sdf
[spawn_entity.py-10] [INFO] [1779268671.665695927] [tb3_2.spawn_entity]: Waiting for service /spawn_entity, timeout = 30
[spawn_entity.py-10] [INFO] [1779268671.666222230] [tb3_2.spawn_entity]: Waiting for service /spawn_entity
[rviz2-17] [INFO] [1779268671.960749835] [rviz2]: Stereo is NOT SUPPORTED
[rviz2-17] [INFO] [1779268671.960967577] [rviz2]: OpenGl version: 4.6 (GLSL 4.6)
[rviz2-17] [INFO] [1779268672.032466605] [rviz2]: Stereo is NOT SUPPORTED
[gzserver-1] [WARN] [1779268673.835331088] [rcl]: Found remap rule 'model_states:=model_states_demo'. This syntax is deprecated. Use '--ros-args --remap model_states:=model_states_demo' instead.
[gzserver-1] [INFO] [1779268673.865770446] [gazebo_ros_state]: Publishing states of gazebo models at [/model_states_demo]
[gzserver-1] [INFO] [1779268673.867942747] [gazebo_ros_state]: Publishing states of gazebo links at [/link_states]
[spawn_entity.py-13] [INFO] [1779268673.870391642] [tb3_3.spawn_entity]: Calling service /spawn_entity
[spawn_entity.py-7] [INFO] [1779268673.893254593] [tb3_1.spawn_entity]: Calling service /spawn_entity
[spawn_entity.py-10] [INFO] [1779268673.926502100] [tb3_2.spawn_entity]: Calling service /spawn_entity
[obstacle_mover.py-18] [INFO] [1779268674.050704393] [obstacle_mover]: [obstacle_mover] map=6  0 个障碍物  速度=0.000 m/s (scale×0.0)  30 Hz  随机游走模式
[spawn_entity.py-4] [INFO] [1779268674.055996660] [tb3_0.spawn_entity]: Calling service /spawn_entity
[obstacle_mover.py-18] [INFO] [1779268674.059516574] [obstacle_mover]: [obstacle_mover] ✅ dyn_obs_0~dyn_obs_7 已下沉至 z=-10.0
[gzserver-1] [INFO] [1779268674.261601056] [tb3_3.turtlebot3_imu]: <initial_orientation_as_reference> is unset, using default value of false to comply with REP 145 (world as orientation reference)
[spawn_entity.py-13] [INFO] [1779268674.422990756] [tb3_3.spawn_entity]: Spawn status: SpawnEntity: Successfully spawned entity [tb3_3]
[gzserver-1] [INFO] [1779268674.578726570] [tb3_3.turtlebot3_diff_drive]: Wheel pair 1 separation set to [0.160000m]
[gzserver-1] [INFO] [1779268674.578814252] [tb3_3.turtlebot3_diff_drive]: Wheel pair 1 diameter set to [0.066000m]
[gzserver-1] [INFO] [1779268674.591581003] [tb3_3.turtlebot3_diff_drive]: Subscribed to [/tb3_3/cmd_vel]
[gzserver-1] [INFO] [1779268674.604373762] [tb3_3.turtlebot3_diff_drive]: Advertise odometry on [/tb3_3/odom]
[gzserver-1] [INFO] [1779268674.611678176] [tb3_3.turtlebot3_diff_drive]: Publishing odom transforms between [tb3_3/odom] and [tb3_3/base_footprint]
[gzserver-1] [INFO] [1779268674.649509228] [tb3_3.turtlebot3_joint_state]: Going to publish joint [wheel_left_joint]
[gzserver-1] [INFO] [1779268674.649623208] [tb3_3.turtlebot3_joint_state]: Going to publish joint [wheel_right_joint]
[INFO] [spawn_entity.py-13]: process has finished cleanly [pid 642715]
[gzserver-1] [INFO] [1779268675.005867451] [tb3_1.turtlebot3_imu]: <initial_orientation_as_reference> is unset, using default value of false to comply with REP 145 (world as orientation reference)
[spawn_entity.py-7] [INFO] [1779268675.216346084] [tb3_1.spawn_entity]: Spawn status: SpawnEntity: Successfully spawned entity [tb3_1]
[gzserver-1] [INFO] [1779268675.342282621] [tb3_1.turtlebot3_diff_drive]: Wheel pair 1 separation set to [0.160000m]
[gzserver-1] [INFO] [1779268675.342371005] [tb3_1.turtlebot3_diff_drive]: Wheel pair 1 diameter set to [0.066000m]
[gzserver-1] [INFO] [1779268675.343580084] [tb3_1.turtlebot3_diff_drive]: Subscribed to [/tb3_1/cmd_vel]
[gzserver-1] [INFO] [1779268675.346367293] [tb3_1.turtlebot3_diff_drive]: Advertise odometry on [/tb3_1/odom]
[gzserver-1] [INFO] [1779268675.351097715] [tb3_1.turtlebot3_diff_drive]: Publishing odom transforms between [tb3_1/odom] and [tb3_1/base_footprint]
[gzserver-1] [INFO] [1779268675.390337333] [tb3_1.turtlebot3_joint_state]: Going to publish joint [wheel_left_joint]
[gzserver-1] [INFO] [1779268675.390398754] [tb3_1.turtlebot3_joint_state]: Going to publish joint [wheel_right_joint]
[INFO] [spawn_entity.py-7]: process has finished cleanly [pid 642684]
[gzserver-1] [INFO] [1779268675.745144510] [tb3_2.turtlebot3_imu]: <initial_orientation_as_reference> is unset, using default value of false to comply with REP 145 (world as orientation reference)
[spawn_entity.py-10] [INFO] [1779268675.893010090] [tb3_2.spawn_entity]: Spawn status: SpawnEntity: Successfully spawned entity [tb3_2]
[gzserver-1] [INFO] [1779268676.014645651] [tb3_2.turtlebot3_diff_drive]: Wheel pair 1 separation set to [0.160000m]
[gzserver-1] [INFO] [1779268676.014758531] [tb3_2.turtlebot3_diff_drive]: Wheel pair 1 diameter set to [0.066000m]
[gzserver-1] [INFO] [1779268676.016288107] [tb3_2.turtlebot3_diff_drive]: Subscribed to [/tb3_2/cmd_vel]
[gzserver-1] [INFO] [1779268676.017551154] [tb3_2.turtlebot3_diff_drive]: Advertise odometry on [/tb3_2/odom]
[gzserver-1] [INFO] [1779268676.020205291] [tb3_2.turtlebot3_diff_drive]: Publishing odom transforms between [tb3_2/odom] and [tb3_2/base_footprint]
[gzserver-1] [INFO] [1779268676.047928739] [tb3_2.turtlebot3_joint_state]: Going to publish joint [wheel_left_joint]
[gzserver-1] [INFO] [1779268676.047997407] [tb3_2.turtlebot3_joint_state]: Going to publish joint [wheel_right_joint]
[INFO] [spawn_entity.py-10]: process has finished cleanly [pid 642690]
[gzserver-1] [INFO] [1779268676.391968574] [tb3_0.turtlebot3_imu]: <initial_orientation_as_reference> is unset, using default value of false to comply with REP 145 (world as orientation reference)
[spawn_entity.py-4] [INFO] [1779268676.534482001] [tb3_0.spawn_entity]: Spawn status: SpawnEntity: Successfully spawned entity [tb3_0]
[gzserver-1] [INFO] [1779268676.659327403] [tb3_0.turtlebot3_diff_drive]: Wheel pair 1 separation set to [0.160000m]
[gzserver-1] [INFO] [1779268676.659382811] [tb3_0.turtlebot3_diff_drive]: Wheel pair 1 diameter set to [0.066000m]
[gzserver-1] [INFO] [1779268676.660483334] [tb3_0.turtlebot3_diff_drive]: Subscribed to [/tb3_0/cmd_vel]
[gzserver-1] [INFO] [1779268676.661534131] [tb3_0.turtlebot3_diff_drive]: Advertise odometry on [/tb3_0/odom]
[gzserver-1] [INFO] [1779268676.664573959] [tb3_0.turtlebot3_diff_drive]: Publishing odom transforms between [tb3_0/odom] and [tb3_0/base_footprint]
[gzserver-1] [INFO] [1779268676.687118140] [tb3_0.turtlebot3_joint_state]: Going to publish joint [wheel_left_joint]
[gzserver-1] [INFO] [1779268676.687178811] [tb3_0.turtlebot3_joint_state]: Going to publish joint [wheel_right_joint]
[INFO] [spawn_entity.py-4]: process has finished cleanly [pid 642678]
[rviz2-17] [INFO] [1779268686.476799048] [rviz2]: Message Filter dropping message: frame 'tb3_1/base_scan' at time 0.396 for reason 'the timestamp on the message is earlier than all the data in the transform cache'
[rviz2-17] [INFO] [1779268686.675358652] [rviz2]: Message Filter dropping message: frame 'tb3_2/base_scan' at time 0.593 for reason 'the timestamp on the message is earlier than all the data in the transform cache'
[rviz2-17] [INFO] [1779268686.883106060] [rviz2]: Message Filter dropping message: frame 'tb3_0/base_scan' at time 0.794 for reason 'the timestamp on the message is earlier than all the data in the transform cache'
