[INFO] [launch]: All log files can be found below /home/wj/.ros/log/2026-04-23-11-59-46-577240-wj-Default-string-72404
[INFO] [launch]: Default logging verbosity is set to INFO
[INFO] Loading world for TurtleBot3: /home/wj/work/multi-robot-exploration-rl/install/start_rl_environment_tb3/share/start_rl_environment_tb3/worlds/corridor_swap.world
[INFO] Spawning 4 TurtleBot3 robots on corridor_swap...
[INFO] Using random positions
[INFO] Using fixed positions for 4 robots
[INFO]   Robot 0: Robot 0 - 左侧中间 at (-4.50, 0.00)
[INFO]   Robot 1: Robot 1 - 右侧中间 at (4.50, 0.00)
[INFO]   Robot 2: Robot 2 - 左下 at (-4.50, -3.00)
[INFO]   Robot 3: Robot 3 - 左上 at (-4.50, 3.00)
[spawn_robots] Created modified SDF for tb3_0 at /tmp/tb3_0_s0m2gy03.sdf
[spawn_robots] Created modified SDF for tb3_1 at /tmp/tb3_1_6x4ybwp9.sdf
[spawn_robots] Created modified SDF for tb3_2 at /tmp/tb3_2_otoxhvlf.sdf
[spawn_robots] Created modified SDF for tb3_3 at /tmp/tb3_3_b_q2_n0c.sdf
[INFO] Map Server loading: /home/wj/work/multi-robot-exploration-rl/install/start_rl_environment_tb3/share/start_rl_environment_tb3/maps/corridor_swap.yaml
[INFO] [gzserver-1]: process started with pid [72525]
[INFO] [gzclient-2]: process started with pid [72527]
[INFO] [robot_state_publisher-3]: process started with pid [72529]
[INFO] [spawn_entity.py-4]: process started with pid [72531]
[INFO] [static_transform_publisher-5]: process started with pid [72533]
[INFO] [robot_state_publisher-6]: process started with pid [72535]
[INFO] [spawn_entity.py-7]: process started with pid [72537]
[INFO] [static_transform_publisher-8]: process started with pid [72539]
[INFO] [robot_state_publisher-9]: process started with pid [72541]
[INFO] [spawn_entity.py-10]: process started with pid [72543]
[INFO] [static_transform_publisher-11]: process started with pid [72545]
[INFO] [robot_state_publisher-12]: process started with pid [72547]
[INFO] [spawn_entity.py-13]: process started with pid [72549]
[INFO] [static_transform_publisher-14]: process started with pid [72551]
[INFO] [map_server-15]: process started with pid [72555]
[INFO] [lifecycle_manager-16]: process started with pid [72557]
[INFO] [rviz2-17]: process started with pid [72573]
[INFO] [obstacle_mover.py-18]: process started with pid [72616]
[static_transform_publisher-5] [WARN] [1776916787.409628735] []: Old-style arguments are deprecated; see --help for new-style arguments
[static_transform_publisher-8] [WARN] [1776916787.414165237] []: Old-style arguments are deprecated; see --help for new-style arguments
[static_transform_publisher-11] [WARN] [1776916787.413000570] []: Old-style arguments are deprecated; see --help for new-style arguments
[static_transform_publisher-14] [WARN] [1776916787.423954259] []: Old-style arguments are deprecated; see --help for new-style arguments
[static_transform_publisher-5] [INFO] [1776916787.461446453] [static_tf_tb3_0]: Spinning until stopped - publishing transform
[static_transform_publisher-5] translation: ('0.000000', '0.000000', '0.000000')
[static_transform_publisher-5] rotation: ('0.000000', '0.000000', '0.000000', '1.000000')
[static_transform_publisher-5] from 'map' to 'tb3_0/odom'
[static_transform_publisher-11] [INFO] [1776916787.468603848] [static_tf_tb3_2]: Spinning until stopped - publishing transform
[static_transform_publisher-11] translation: ('0.000000', '0.000000', '0.000000')
[static_transform_publisher-11] rotation: ('0.000000', '0.000000', '0.000000', '1.000000')
[static_transform_publisher-11] from 'map' to 'tb3_2/odom'
[static_transform_publisher-14] [INFO] [1776916787.472365210] [static_tf_tb3_3]: Spinning until stopped - publishing transform
[static_transform_publisher-14] translation: ('0.000000', '0.000000', '0.000000')
[static_transform_publisher-14] rotation: ('0.000000', '0.000000', '0.000000', '1.000000')
[static_transform_publisher-14] from 'map' to 'tb3_3/odom'
[static_transform_publisher-8] [INFO] [1776916787.473628995] [static_tf_tb3_1]: Spinning until stopped - publishing transform
[static_transform_publisher-8] translation: ('0.000000', '0.000000', '0.000000')
[static_transform_publisher-8] rotation: ('0.000000', '0.000000', '0.000000', '1.000000')
[static_transform_publisher-8] from 'map' to 'tb3_1/odom'
[robot_state_publisher-9] [INFO] [1776916787.474014241] [tb3_2.robot_state_publisher]: got segment base_footprint
[robot_state_publisher-9] [INFO] [1776916787.474227893] [tb3_2.robot_state_publisher]: got segment base_link
[robot_state_publisher-9] [INFO] [1776916787.474322459] [tb3_2.robot_state_publisher]: got segment base_scan
[robot_state_publisher-9] [INFO] [1776916787.474334903] [tb3_2.robot_state_publisher]: got segment caster_back_link
[robot_state_publisher-9] [INFO] [1776916787.474341047] [tb3_2.robot_state_publisher]: got segment imu_link
[robot_state_publisher-9] [INFO] [1776916787.474346829] [tb3_2.robot_state_publisher]: got segment wheel_left_link
[robot_state_publisher-9] [INFO] [1776916787.474352718] [tb3_2.robot_state_publisher]: got segment wheel_right_link
[robot_state_publisher-6] [INFO] [1776916787.482368399] [tb3_1.robot_state_publisher]: got segment base_footprint
[robot_state_publisher-6] [INFO] [1776916787.482562827] [tb3_1.robot_state_publisher]: got segment base_link
[robot_state_publisher-6] [INFO] [1776916787.482591723] [tb3_1.robot_state_publisher]: got segment base_scan
[robot_state_publisher-6] [INFO] [1776916787.482605919] [tb3_1.robot_state_publisher]: got segment caster_back_link
[robot_state_publisher-6] [INFO] [1776916787.482616605] [tb3_1.robot_state_publisher]: got segment imu_link
[robot_state_publisher-6] [INFO] [1776916787.482626311] [tb3_1.robot_state_publisher]: got segment wheel_left_link
[robot_state_publisher-6] [INFO] [1776916787.482636394] [tb3_1.robot_state_publisher]: got segment wheel_right_link
[robot_state_publisher-12] [INFO] [1776916787.486816453] [tb3_3.robot_state_publisher]: got segment base_footprint
[robot_state_publisher-12] [INFO] [1776916787.486964646] [tb3_3.robot_state_publisher]: got segment base_link
[robot_state_publisher-12] [INFO] [1776916787.486981570] [tb3_3.robot_state_publisher]: got segment base_scan
[robot_state_publisher-12] [INFO] [1776916787.486988325] [tb3_3.robot_state_publisher]: got segment caster_back_link
[robot_state_publisher-12] [INFO] [1776916787.486994198] [tb3_3.robot_state_publisher]: got segment imu_link
[robot_state_publisher-12] [INFO] [1776916787.486999695] [tb3_3.robot_state_publisher]: got segment wheel_left_link
[robot_state_publisher-12] [INFO] [1776916787.487005153] [tb3_3.robot_state_publisher]: got segment wheel_right_link
[map_server-15] [INFO] [1776916787.489527662] [map_server]: 
[map_server-15] 	map_server lifecycle node launched. 
[map_server-15] 	Waiting on external lifecycle transitions to activate
[map_server-15] 	See https://design.ros2.org/articles/node_lifecycle.html for more information.
[map_server-15] [INFO] [1776916787.489941304] [map_server]: Creating
[robot_state_publisher-3] [INFO] [1776916787.490348609] [tb3_0.robot_state_publisher]: got segment base_footprint
[robot_state_publisher-3] [INFO] [1776916787.490683240] [tb3_0.robot_state_publisher]: got segment base_link
[robot_state_publisher-3] [INFO] [1776916787.490709881] [tb3_0.robot_state_publisher]: got segment base_scan
[robot_state_publisher-3] [INFO] [1776916787.490725734] [tb3_0.robot_state_publisher]: got segment caster_back_link
[robot_state_publisher-3] [INFO] [1776916787.490738974] [tb3_0.robot_state_publisher]: got segment imu_link
[robot_state_publisher-3] [INFO] [1776916787.490750606] [tb3_0.robot_state_publisher]: got segment wheel_left_link
[robot_state_publisher-3] [INFO] [1776916787.490764964] [tb3_0.robot_state_publisher]: got segment wheel_right_link
[lifecycle_manager-16] [INFO] [1776916787.497642666] [lifecycle_manager_map]: Creating
[lifecycle_manager-16] [INFO] [1776916787.502462807] [lifecycle_manager_map]: [34m[1mCreating and initializing lifecycle service clients[0m[0m
[lifecycle_manager-16] [INFO] [1776916787.621200963] [lifecycle_manager_map]: [34m[1mStarting managed nodes bringup...[0m[0m
[lifecycle_manager-16] [INFO] [1776916787.621270134] [lifecycle_manager_map]: [34m[1mConfiguring map_server[0m[0m
[map_server-15] [INFO] [1776916787.621744928] [map_server]: Configuring
[map_server-15] [INFO] [1776916787.621826352] [map_io]: Loading yaml file: /home/wj/work/multi-robot-exploration-rl/install/start_rl_environment_tb3/share/start_rl_environment_tb3/maps/corridor_swap.yaml
[map_server-15] [INFO] [1776916787.622183850] [map_io]: resolution: 0.05
[map_server-15] [INFO] [1776916787.622202042] [map_io]: origin[0]: -6
[map_server-15] [INFO] [1776916787.622211568] [map_io]: origin[1]: -6
[map_server-15] [INFO] [1776916787.622219738] [map_io]: origin[2]: 0
[map_server-15] [INFO] [1776916787.622229276] [map_io]: free_thresh: 0.196
[map_server-15] [INFO] [1776916787.622239134] [map_io]: occupied_thresh: 0.65
[map_server-15] [INFO] [1776916787.622248850] [map_io]: mode: trinary
[map_server-15] [INFO] [1776916787.622258005] [map_io]: negate: 0
[map_server-15] [INFO] [1776916787.622546517] [map_io]: Loading image_file: /home/wj/work/multi-robot-exploration-rl/install/start_rl_environment_tb3/share/start_rl_environment_tb3/maps/corridor_swap.pgm
[map_server-15] [INFO] [1776916787.635521528] [map_io]: Read map /home/wj/work/multi-robot-exploration-rl/install/start_rl_environment_tb3/share/start_rl_environment_tb3/maps/corridor_swap.pgm: 240 X 240 map @ 0.05 m/cell
[lifecycle_manager-16] [INFO] [1776916787.642077605] [lifecycle_manager_map]: [34m[1mActivating map_server[0m[0m
[map_server-15] [INFO] [1776916787.642220905] [map_server]: Activating
[map_server-15] [INFO] [1776916787.642404654] [map_server]: Creating bond (map_server) to lifecycle manager.
[lifecycle_manager-16] [INFO] [1776916787.750435562] [lifecycle_manager_map]: Server map_server connected with bond.
[lifecycle_manager-16] [INFO] [1776916787.750482924] [lifecycle_manager_map]: [34m[1mManaged nodes are active[0m[0m
[lifecycle_manager-16] [INFO] [1776916787.750510483] [lifecycle_manager_map]: [34m[1mCreating bond timer...[0m[0m
[spawn_entity.py-7] [INFO] [1776916787.967401634] [tb3_1.spawn_entity]: Spawn Entity started
[spawn_entity.py-7] [INFO] [1776916787.967895517] [tb3_1.spawn_entity]: Loading entity XML from file /tmp/tb3_1_6x4ybwp9.sdf
[spawn_entity.py-7] [INFO] [1776916787.969112998] [tb3_1.spawn_entity]: Waiting for service /spawn_entity, timeout = 30
[spawn_entity.py-7] [INFO] [1776916787.969760642] [tb3_1.spawn_entity]: Waiting for service /spawn_entity
[spawn_entity.py-13] [INFO] [1776916787.998357182] [tb3_3.spawn_entity]: Spawn Entity started
[spawn_entity.py-13] [INFO] [1776916787.998786852] [tb3_3.spawn_entity]: Loading entity XML from file /tmp/tb3_3_b_q2_n0c.sdf
[spawn_entity.py-13] [INFO] [1776916787.999622355] [tb3_3.spawn_entity]: Waiting for service /spawn_entity, timeout = 30
[spawn_entity.py-13] [INFO] [1776916787.999964527] [tb3_3.spawn_entity]: Waiting for service /spawn_entity
[spawn_entity.py-4] [INFO] [1776916788.139862325] [tb3_0.spawn_entity]: Spawn Entity started
[spawn_entity.py-4] [INFO] [1776916788.140547492] [tb3_0.spawn_entity]: Loading entity XML from file /tmp/tb3_0_s0m2gy03.sdf
[spawn_entity.py-10] [INFO] [1776916788.140868806] [tb3_2.spawn_entity]: Spawn Entity started
[spawn_entity.py-10] [INFO] [1776916788.141254470] [tb3_2.spawn_entity]: Loading entity XML from file /tmp/tb3_2_otoxhvlf.sdf
[spawn_entity.py-4] [INFO] [1776916788.141973102] [tb3_0.spawn_entity]: Waiting for service /spawn_entity, timeout = 30
[spawn_entity.py-10] [INFO] [1776916788.142085349] [tb3_2.spawn_entity]: Waiting for service /spawn_entity, timeout = 30
[spawn_entity.py-10] [INFO] [1776916788.142500237] [tb3_2.spawn_entity]: Waiting for service /spawn_entity
[spawn_entity.py-4] [INFO] [1776916788.142650476] [tb3_0.spawn_entity]: Waiting for service /spawn_entity
[rviz2-17] [INFO] [1776916788.800927614] [rviz2]: Stereo is NOT SUPPORTED
[rviz2-17] [INFO] [1776916788.801091229] [rviz2]: OpenGl version: 4.6 (GLSL 4.6)
[rviz2-17] [INFO] [1776916788.956823848] [rviz2]: Stereo is NOT SUPPORTED
[gzserver-1] [WARN] [1776916789.631125117] [rcl]: Found remap rule 'model_states:=model_states_demo'. This syntax is deprecated. Use '--ros-args --remap model_states:=model_states_demo' instead.
[gzserver-1] [INFO] [1776916789.646871187] [gazebo_ros_state]: Publishing states of gazebo models at [/model_states_demo]
[gzserver-1] [INFO] [1776916789.648964425] [gazebo_ros_state]: Publishing states of gazebo links at [/link_states]
[spawn_entity.py-10] [INFO] [1776916789.649953667] [tb3_2.spawn_entity]: Calling service /spawn_entity
[spawn_entity.py-4] [INFO] [1776916789.650136152] [tb3_0.spawn_entity]: Calling service /spawn_entity
[spawn_entity.py-7] [INFO] [1776916789.730251206] [tb3_1.spawn_entity]: Calling service /spawn_entity
[spawn_entity.py-13] [INFO] [1776916789.757686575] [tb3_3.spawn_entity]: Calling service /spawn_entity
[obstacle_mover.py-18] [INFO] [1776916789.862616258] [obstacle_mover]: [obstacle_mover] map=3  8 个障碍物  速度=0.110 m/s (scale×1.0)  30 Hz  随机游走模式
[gzserver-1] [INFO] [1776916789.976279292] [tb3_2.turtlebot3_imu]: <initial_orientation_as_reference> is unset, using default value of false to comply with REP 145 (world as orientation reference)
[spawn_entity.py-10] [INFO] [1776916790.164150106] [tb3_2.spawn_entity]: Spawn status: SpawnEntity: Successfully spawned entity [tb3_2]
[gzserver-1] [INFO] [1776916790.198911100] [tb3_2.turtlebot3_diff_drive]: Wheel pair 1 separation set to [0.160000m]
[gzserver-1] [INFO] [1776916790.198972001] [tb3_2.turtlebot3_diff_drive]: Wheel pair 1 diameter set to [0.066000m]
[gzserver-1] [INFO] [1776916790.201322750] [tb3_2.turtlebot3_diff_drive]: Subscribed to [/tb3_2/cmd_vel]
[gzserver-1] [INFO] [1776916790.205898255] [tb3_2.turtlebot3_diff_drive]: Advertise odometry on [/tb3_2/odom]
[gzserver-1] [INFO] [1776916790.210773138] [tb3_2.turtlebot3_diff_drive]: Publishing odom transforms between [tb3_2/odom] and [tb3_2/base_footprint]
[gzserver-1] [INFO] [1776916790.234658173] [tb3_2.turtlebot3_joint_state]: Going to publish joint [wheel_left_joint]
[gzserver-1] [INFO] [1776916790.234712181] [tb3_2.turtlebot3_joint_state]: Going to publish joint [wheel_right_joint]
[INFO] [spawn_entity.py-10]: process has finished cleanly [pid 72543]
[gzserver-1] [INFO] [1776916790.558647501] [tb3_0.turtlebot3_imu]: <initial_orientation_as_reference> is unset, using default value of false to comply with REP 145 (world as orientation reference)
[spawn_entity.py-4] [INFO] [1776916790.669516751] [tb3_0.spawn_entity]: Spawn status: SpawnEntity: Successfully spawned entity [tb3_0]
[gzserver-1] [INFO] [1776916790.779073670] [tb3_0.turtlebot3_diff_drive]: Wheel pair 1 separation set to [0.160000m]
[gzserver-1] [INFO] [1776916790.779134926] [tb3_0.turtlebot3_diff_drive]: Wheel pair 1 diameter set to [0.066000m]
[gzserver-1] [INFO] [1776916790.779926070] [tb3_0.turtlebot3_diff_drive]: Subscribed to [/tb3_0/cmd_vel]
[gzserver-1] [INFO] [1776916790.781165115] [tb3_0.turtlebot3_diff_drive]: Advertise odometry on [/tb3_0/odom]
[gzserver-1] [INFO] [1776916790.783274577] [tb3_0.turtlebot3_diff_drive]: Publishing odom transforms between [tb3_0/odom] and [tb3_0/base_footprint]
[gzserver-1] [INFO] [1776916790.795336303] [tb3_0.turtlebot3_joint_state]: Going to publish joint [wheel_left_joint]
[gzserver-1] [INFO] [1776916790.795397657] [tb3_0.turtlebot3_joint_state]: Going to publish joint [wheel_right_joint]
[INFO] [spawn_entity.py-4]: process has finished cleanly [pid 72531]
[gzserver-1] [INFO] [1776916791.116649061] [tb3_1.turtlebot3_imu]: <initial_orientation_as_reference> is unset, using default value of false to comply with REP 145 (world as orientation reference)
[spawn_entity.py-7] [INFO] [1776916791.235667767] [tb3_1.spawn_entity]: Spawn status: SpawnEntity: Successfully spawned entity [tb3_1]
[gzserver-1] [INFO] [1776916791.344733369] [tb3_1.turtlebot3_diff_drive]: Wheel pair 1 separation set to [0.160000m]
[gzserver-1] [INFO] [1776916791.344792874] [tb3_1.turtlebot3_diff_drive]: Wheel pair 1 diameter set to [0.066000m]
[gzserver-1] [INFO] [1776916791.345499833] [tb3_1.turtlebot3_diff_drive]: Subscribed to [/tb3_1/cmd_vel]
[gzserver-1] [INFO] [1776916791.346361600] [tb3_1.turtlebot3_diff_drive]: Advertise odometry on [/tb3_1/odom]
[gzserver-1] [INFO] [1776916791.348617558] [tb3_1.turtlebot3_diff_drive]: Publishing odom transforms between [tb3_1/odom] and [tb3_1/base_footprint]
[gzserver-1] [INFO] [1776916791.362419967] [tb3_1.turtlebot3_joint_state]: Going to publish joint [wheel_left_joint]
[gzserver-1] [INFO] [1776916791.362463806] [tb3_1.turtlebot3_joint_state]: Going to publish joint [wheel_right_joint]
[INFO] [spawn_entity.py-7]: process has finished cleanly [pid 72537]
[gzserver-1] [INFO] [1776916791.667196271] [tb3_3.turtlebot3_imu]: <initial_orientation_as_reference> is unset, using default value of false to comply with REP 145 (world as orientation reference)
[spawn_entity.py-13] [INFO] [1776916791.795725538] [tb3_3.spawn_entity]: Spawn status: SpawnEntity: Successfully spawned entity [tb3_3]
[gzserver-1] [INFO] [1776916791.909241559] [tb3_3.turtlebot3_diff_drive]: Wheel pair 1 separation set to [0.160000m]
[gzserver-1] [INFO] [1776916791.909314131] [tb3_3.turtlebot3_diff_drive]: Wheel pair 1 diameter set to [0.066000m]
[gzserver-1] [INFO] [1776916791.910412572] [tb3_3.turtlebot3_diff_drive]: Subscribed to [/tb3_3/cmd_vel]
[gzserver-1] [INFO] [1776916791.911443537] [tb3_3.turtlebot3_diff_drive]: Advertise odometry on [/tb3_3/odom]
[gzserver-1] [INFO] [1776916791.914337769] [tb3_3.turtlebot3_diff_drive]: Publishing odom transforms between [tb3_3/odom] and [tb3_3/base_footprint]
[gzserver-1] [INFO] [1776916791.929728670] [tb3_3.turtlebot3_joint_state]: Going to publish joint [wheel_left_joint]
[gzserver-1] [INFO] [1776916791.929785839] [tb3_3.turtlebot3_joint_state]: Going to publish joint [wheel_right_joint]
[INFO] [spawn_entity.py-13]: process has finished cleanly [pid 72549]
[rviz2-17] [INFO] [1776916801.723850465] [rviz2]: Message Filter dropping message: frame 'tb3_0/base_scan' at time 0.396 for reason 'the timestamp on the message is earlier than all the data in the transform cache'
[rviz2-17] [INFO] [1776916801.926119170] [rviz2]: Message Filter dropping message: frame 'tb3_1/base_scan' at time 0.596 for reason 'the timestamp on the message is earlier than all the data in the transform cache'
[rviz2-17] [INFO] [1776916802.157068140] [rviz2]: Message Filter dropping message: frame 'tb3_3/base_scan' at time 0.797 for reason 'the timestamp on the message is earlier than all the data in the transform cache'
[gzclient-2] 
[gzclient-2] libcurl: (52) Empty reply from server
