[INFO] [launch]: All log files can be found below /home/wj/.ros/log/2026-05-14-17-07-12-939623-wj-Default-string-3922626
[INFO] [launch]: Default logging verbosity is set to INFO
[INFO] Loading world for TurtleBot3: /home/wj/work/multi-robot-exploration-rl/install/start_rl_environment_tb3/share/start_rl_environment_tb3/worlds/interaction_hub.world
[INFO] Spawning 4 TurtleBot3 robots on interaction_hub...
[INFO] Using random positions
[INFO] Using fixed positions for 4 robots
[INFO]   Robot 0: Robot 0 - west lower at (-5.10, -0.85)
[INFO]   Robot 1: Robot 1 - west upper at (-5.10, 0.85)
[INFO]   Robot 2: Robot 2 - east upper at (5.10, 0.85)
[INFO]   Robot 3: Robot 3 - east lower at (5.10, -0.85)
[spawn_robots] Created modified SDF for tb3_0 at /tmp/tb3_0_b5tnem91.sdf
[spawn_robots] Created modified SDF for tb3_1 at /tmp/tb3_1_ylb093kk.sdf
[spawn_robots] Created modified SDF for tb3_2 at /tmp/tb3_2_1d4csnyr.sdf
[spawn_robots] Created modified SDF for tb3_3 at /tmp/tb3_3_dwvd8asi.sdf
[INFO] Map Server loading: /home/wj/work/multi-robot-exploration-rl/install/start_rl_environment_tb3/share/start_rl_environment_tb3/maps/interaction_hub.yaml
[INFO] [gzserver-1]: process started with pid [3922730]
[INFO] [gzclient-2]: process started with pid [3922732]
[INFO] [robot_state_publisher-3]: process started with pid [3922734]
[INFO] [spawn_entity.py-4]: process started with pid [3922736]
[INFO] [static_transform_publisher-5]: process started with pid [3922738]
[INFO] [robot_state_publisher-6]: process started with pid [3922740]
[INFO] [spawn_entity.py-7]: process started with pid [3922742]
[INFO] [static_transform_publisher-8]: process started with pid [3922744]
[INFO] [robot_state_publisher-9]: process started with pid [3922746]
[INFO] [spawn_entity.py-10]: process started with pid [3922748]
[INFO] [static_transform_publisher-11]: process started with pid [3922750]
[INFO] [robot_state_publisher-12]: process started with pid [3922752]
[INFO] [spawn_entity.py-13]: process started with pid [3922754]
[INFO] [static_transform_publisher-14]: process started with pid [3922756]
[INFO] [map_server-15]: process started with pid [3922758]
[INFO] [lifecycle_manager-16]: process started with pid [3922761]
[INFO] [rviz2-17]: process started with pid [3922774]
[INFO] [obstacle_mover.py-18]: process started with pid [3922788]
[static_transform_publisher-5] [WARN] [1778749633.847080487] []: Old-style arguments are deprecated; see --help for new-style arguments
[static_transform_publisher-8] [WARN] [1778749633.855069129] []: Old-style arguments are deprecated; see --help for new-style arguments
[static_transform_publisher-11] [WARN] [1778749633.855328214] []: Old-style arguments are deprecated; see --help for new-style arguments
[static_transform_publisher-14] [WARN] [1778749633.861610097] []: Old-style arguments are deprecated; see --help for new-style arguments
[static_transform_publisher-5] [INFO] [1778749633.873098995] [static_tf_tb3_0]: Spinning until stopped - publishing transform
[static_transform_publisher-5] translation: ('0.000000', '0.000000', '0.000000')
[static_transform_publisher-5] rotation: ('0.000000', '0.000000', '0.000000', '1.000000')
[static_transform_publisher-5] from 'map' to 'tb3_0/odom'
[static_transform_publisher-11] [INFO] [1778749633.895692751] [static_tf_tb3_2]: Spinning until stopped - publishing transform
[static_transform_publisher-11] translation: ('0.000000', '0.000000', '0.000000')
[static_transform_publisher-11] rotation: ('0.000000', '0.000000', '0.000000', '1.000000')
[static_transform_publisher-11] from 'map' to 'tb3_2/odom'
[robot_state_publisher-3] [INFO] [1778749633.901216639] [tb3_0.robot_state_publisher]: got segment base_footprint
[robot_state_publisher-3] [INFO] [1778749633.901388054] [tb3_0.robot_state_publisher]: got segment base_link
[robot_state_publisher-3] [INFO] [1778749633.901412799] [tb3_0.robot_state_publisher]: got segment base_scan
[robot_state_publisher-3] [INFO] [1778749633.901427264] [tb3_0.robot_state_publisher]: got segment caster_back_link
[robot_state_publisher-3] [INFO] [1778749633.901440229] [tb3_0.robot_state_publisher]: got segment imu_link
[robot_state_publisher-3] [INFO] [1778749633.901451663] [tb3_0.robot_state_publisher]: got segment wheel_left_link
[robot_state_publisher-3] [INFO] [1778749633.901462805] [tb3_0.robot_state_publisher]: got segment wheel_right_link
[static_transform_publisher-8] [INFO] [1778749633.904207794] [static_tf_tb3_1]: Spinning until stopped - publishing transform
[static_transform_publisher-8] translation: ('0.000000', '0.000000', '0.000000')
[static_transform_publisher-8] rotation: ('0.000000', '0.000000', '0.000000', '1.000000')
[static_transform_publisher-8] from 'map' to 'tb3_1/odom'
[static_transform_publisher-14] [INFO] [1778749633.921705299] [static_tf_tb3_3]: Spinning until stopped - publishing transform
[static_transform_publisher-14] translation: ('0.000000', '0.000000', '0.000000')
[static_transform_publisher-14] rotation: ('0.000000', '0.000000', '0.000000', '1.000000')
[static_transform_publisher-14] from 'map' to 'tb3_3/odom'
[robot_state_publisher-9] [INFO] [1778749633.928127681] [tb3_2.robot_state_publisher]: got segment base_footprint
[robot_state_publisher-9] [INFO] [1778749633.928297750] [tb3_2.robot_state_publisher]: got segment base_link
[robot_state_publisher-9] [INFO] [1778749633.928316404] [tb3_2.robot_state_publisher]: got segment base_scan
[robot_state_publisher-9] [INFO] [1778749633.928327044] [tb3_2.robot_state_publisher]: got segment caster_back_link
[robot_state_publisher-9] [INFO] [1778749633.928336784] [tb3_2.robot_state_publisher]: got segment imu_link
[robot_state_publisher-9] [INFO] [1778749633.928345597] [tb3_2.robot_state_publisher]: got segment wheel_left_link
[robot_state_publisher-9] [INFO] [1778749633.928354457] [tb3_2.robot_state_publisher]: got segment wheel_right_link
[robot_state_publisher-6] [INFO] [1778749633.931004847] [tb3_1.robot_state_publisher]: got segment base_footprint
[lifecycle_manager-16] [INFO] [1778749633.932746017] [lifecycle_manager_map]: Creating
[robot_state_publisher-6] [INFO] [1778749633.933303433] [tb3_1.robot_state_publisher]: got segment base_link
[robot_state_publisher-6] [INFO] [1778749633.933329587] [tb3_1.robot_state_publisher]: got segment base_scan
[robot_state_publisher-6] [INFO] [1778749633.933342528] [tb3_1.robot_state_publisher]: got segment caster_back_link
[robot_state_publisher-6] [INFO] [1778749633.933354699] [tb3_1.robot_state_publisher]: got segment imu_link
[robot_state_publisher-6] [INFO] [1778749633.933365562] [tb3_1.robot_state_publisher]: got segment wheel_left_link
[robot_state_publisher-6] [INFO] [1778749633.933376805] [tb3_1.robot_state_publisher]: got segment wheel_right_link
[robot_state_publisher-12] [INFO] [1778749633.934452802] [tb3_3.robot_state_publisher]: got segment base_footprint
[robot_state_publisher-12] [INFO] [1778749633.934605444] [tb3_3.robot_state_publisher]: got segment base_link
[robot_state_publisher-12] [INFO] [1778749633.934628894] [tb3_3.robot_state_publisher]: got segment base_scan
[robot_state_publisher-12] [INFO] [1778749633.934642941] [tb3_3.robot_state_publisher]: got segment caster_back_link
[robot_state_publisher-12] [INFO] [1778749633.934653893] [tb3_3.robot_state_publisher]: got segment imu_link
[robot_state_publisher-12] [INFO] [1778749633.934664262] [tb3_3.robot_state_publisher]: got segment wheel_left_link
[robot_state_publisher-12] [INFO] [1778749633.934674305] [tb3_3.robot_state_publisher]: got segment wheel_right_link
[lifecycle_manager-16] [INFO] [1778749633.940285340] [lifecycle_manager_map]: [34m[1mCreating and initializing lifecycle service clients[0m[0m
[lifecycle_manager-16] [INFO] [1778749633.965407580] [lifecycle_manager_map]: [34m[1mStarting managed nodes bringup...[0m[0m
[lifecycle_manager-16] [INFO] [1778749633.965469811] [lifecycle_manager_map]: [34m[1mConfiguring map_server[0m[0m
[map_server-15] [INFO] [1778749633.971282957] [map_server]: 
[map_server-15] 	map_server lifecycle node launched. 
[map_server-15] 	Waiting on external lifecycle transitions to activate
[map_server-15] 	See https://design.ros2.org/articles/node_lifecycle.html for more information.
[map_server-15] [INFO] [1778749633.971514476] [map_server]: Creating
[map_server-15] [INFO] [1778749633.972170069] [map_server]: Configuring
[map_server-15] [INFO] [1778749633.972235036] [map_io]: Loading yaml file: /home/wj/work/multi-robot-exploration-rl/install/start_rl_environment_tb3/share/start_rl_environment_tb3/maps/interaction_hub.yaml
[map_server-15] [INFO] [1778749633.972613471] [map_io]: resolution: 0.05
[map_server-15] [INFO] [1778749633.972633516] [map_io]: origin[0]: -6
[map_server-15] [INFO] [1778749633.972643530] [map_io]: origin[1]: -6
[map_server-15] [INFO] [1778749633.972652238] [map_io]: origin[2]: 0
[map_server-15] [INFO] [1778749633.972661295] [map_io]: free_thresh: 0.196
[map_server-15] [INFO] [1778749633.972670466] [map_io]: occupied_thresh: 0.65
[map_server-15] [INFO] [1778749633.972681048] [map_io]: mode: trinary
[map_server-15] [INFO] [1778749633.972691317] [map_io]: negate: 0
[map_server-15] [INFO] [1778749633.972956780] [map_io]: Loading image_file: /home/wj/work/multi-robot-exploration-rl/install/start_rl_environment_tb3/share/start_rl_environment_tb3/maps/interaction_hub.pgm
[map_server-15] [INFO] [1778749633.986040043] [map_io]: Read map /home/wj/work/multi-robot-exploration-rl/install/start_rl_environment_tb3/share/start_rl_environment_tb3/maps/interaction_hub.pgm: 240 X 240 map @ 0.05 m/cell
[lifecycle_manager-16] [INFO] [1778749633.992647314] [lifecycle_manager_map]: [34m[1mActivating map_server[0m[0m
[map_server-15] [INFO] [1778749633.992822654] [map_server]: Activating
[map_server-15] [INFO] [1778749633.993022417] [map_server]: Creating bond (map_server) to lifecycle manager.
[lifecycle_manager-16] [INFO] [1778749634.096794972] [lifecycle_manager_map]: Server map_server connected with bond.
[lifecycle_manager-16] [INFO] [1778749634.096856036] [lifecycle_manager_map]: [34m[1mManaged nodes are active[0m[0m
[lifecycle_manager-16] [INFO] [1778749634.096870156] [lifecycle_manager_map]: [34m[1mCreating bond timer...[0m[0m
[spawn_entity.py-4] [INFO] [1778749634.473086745] [tb3_0.spawn_entity]: Spawn Entity started
[spawn_entity.py-4] [INFO] [1778749634.473533809] [tb3_0.spawn_entity]: Loading entity XML from file /tmp/tb3_0_b5tnem91.sdf
[spawn_entity.py-4] [INFO] [1778749634.474541213] [tb3_0.spawn_entity]: Waiting for service /spawn_entity, timeout = 30
[spawn_entity.py-4] [INFO] [1778749634.474948304] [tb3_0.spawn_entity]: Waiting for service /spawn_entity
[spawn_entity.py-10] [INFO] [1778749634.531942061] [tb3_2.spawn_entity]: Spawn Entity started
[spawn_entity.py-10] [INFO] [1778749634.532373307] [tb3_2.spawn_entity]: Loading entity XML from file /tmp/tb3_2_1d4csnyr.sdf
[spawn_entity.py-10] [INFO] [1778749634.533368953] [tb3_2.spawn_entity]: Waiting for service /spawn_entity, timeout = 30
[spawn_entity.py-10] [INFO] [1778749634.533706218] [tb3_2.spawn_entity]: Waiting for service /spawn_entity
[spawn_entity.py-13] [INFO] [1778749634.540746341] [tb3_3.spawn_entity]: Spawn Entity started
[spawn_entity.py-13] [INFO] [1778749634.541299575] [tb3_3.spawn_entity]: Loading entity XML from file /tmp/tb3_3_dwvd8asi.sdf
[spawn_entity.py-13] [INFO] [1778749634.542723034] [tb3_3.spawn_entity]: Waiting for service /spawn_entity, timeout = 30
[spawn_entity.py-13] [INFO] [1778749634.543262701] [tb3_3.spawn_entity]: Waiting for service /spawn_entity
[spawn_entity.py-7] [INFO] [1778749634.586253298] [tb3_1.spawn_entity]: Spawn Entity started
[spawn_entity.py-7] [INFO] [1778749634.586658792] [tb3_1.spawn_entity]: Loading entity XML from file /tmp/tb3_1_ylb093kk.sdf
[spawn_entity.py-7] [INFO] [1778749634.587630360] [tb3_1.spawn_entity]: Waiting for service /spawn_entity, timeout = 30
[spawn_entity.py-7] [INFO] [1778749634.588058068] [tb3_1.spawn_entity]: Waiting for service /spawn_entity
[rviz2-17] [INFO] [1778749634.814384252] [rviz2]: Stereo is NOT SUPPORTED
[rviz2-17] [INFO] [1778749634.814683208] [rviz2]: OpenGl version: 4.6 (GLSL 4.6)
[rviz2-17] [INFO] [1778749634.899278963] [rviz2]: Stereo is NOT SUPPORTED
[gzserver-1] [WARN] [1778749636.006844002] [rcl]: Found remap rule 'model_states:=model_states_demo'. This syntax is deprecated. Use '--ros-args --remap model_states:=model_states_demo' instead.
[gzserver-1] [INFO] [1778749636.024399004] [gazebo_ros_state]: Publishing states of gazebo models at [/model_states_demo]
[gzserver-1] [INFO] [1778749636.025886770] [gazebo_ros_state]: Publishing states of gazebo links at [/link_states]
[spawn_entity.py-10] [INFO] [1778749636.040622862] [tb3_2.spawn_entity]: Calling service /spawn_entity
[spawn_entity.py-13] [INFO] [1778749636.051779202] [tb3_3.spawn_entity]: Calling service /spawn_entity
[obstacle_mover.py-18] [INFO] [1778749636.082641019] [obstacle_mover]: [obstacle_mover] map=6  0 个障碍物  速度=0.000 m/s (scale×0.0)  30 Hz  随机游走模式
[obstacle_mover.py-18] [INFO] [1778749636.088563261] [obstacle_mover]: [obstacle_mover] ✅ dyn_obs_0~dyn_obs_7 已下沉至 z=-10.0
[spawn_entity.py-7] [INFO] [1778749636.099473559] [tb3_1.spawn_entity]: Calling service /spawn_entity
[spawn_entity.py-4] [INFO] [1778749636.233459029] [tb3_0.spawn_entity]: Calling service /spawn_entity
[gzserver-1] [INFO] [1778749636.328950852] [tb3_2.turtlebot3_imu]: <initial_orientation_as_reference> is unset, using default value of false to comply with REP 145 (world as orientation reference)
[spawn_entity.py-10] [INFO] [1778749636.443286280] [tb3_2.spawn_entity]: Spawn status: SpawnEntity: Successfully spawned entity [tb3_2]
[gzserver-1] [INFO] [1778749636.575598612] [tb3_2.turtlebot3_diff_drive]: Wheel pair 1 separation set to [0.160000m]
[gzserver-1] [INFO] [1778749636.575675085] [tb3_2.turtlebot3_diff_drive]: Wheel pair 1 diameter set to [0.066000m]
[gzserver-1] [INFO] [1778749636.577859380] [tb3_2.turtlebot3_diff_drive]: Subscribed to [/tb3_2/cmd_vel]
[gzserver-1] [INFO] [1778749636.581098543] [tb3_2.turtlebot3_diff_drive]: Advertise odometry on [/tb3_2/odom]
[gzserver-1] [INFO] [1778749636.585678106] [tb3_2.turtlebot3_diff_drive]: Publishing odom transforms between [tb3_2/odom] and [tb3_2/base_footprint]
[gzserver-1] [INFO] [1778749636.607366969] [tb3_2.turtlebot3_joint_state]: Going to publish joint [wheel_left_joint]
[gzserver-1] [INFO] [1778749636.607428391] [tb3_2.turtlebot3_joint_state]: Going to publish joint [wheel_right_joint]
[INFO] [spawn_entity.py-10]: process has finished cleanly [pid 3922748]
[gzserver-1] [INFO] [1778749636.913265337] [tb3_3.turtlebot3_imu]: <initial_orientation_as_reference> is unset, using default value of false to comply with REP 145 (world as orientation reference)
[spawn_entity.py-13] [INFO] [1778749637.043046750] [tb3_3.spawn_entity]: Spawn status: SpawnEntity: Successfully spawned entity [tb3_3]
[gzserver-1] [INFO] [1778749637.153363308] [tb3_3.turtlebot3_diff_drive]: Wheel pair 1 separation set to [0.160000m]
[gzserver-1] [INFO] [1778749637.153427050] [tb3_3.turtlebot3_diff_drive]: Wheel pair 1 diameter set to [0.066000m]
[gzserver-1] [INFO] [1778749637.154253741] [tb3_3.turtlebot3_diff_drive]: Subscribed to [/tb3_3/cmd_vel]
[gzserver-1] [INFO] [1778749637.155790499] [tb3_3.turtlebot3_diff_drive]: Advertise odometry on [/tb3_3/odom]
[gzserver-1] [INFO] [1778749637.158597650] [tb3_3.turtlebot3_diff_drive]: Publishing odom transforms between [tb3_3/odom] and [tb3_3/base_footprint]
[gzserver-1] [INFO] [1778749637.176111745] [tb3_3.turtlebot3_joint_state]: Going to publish joint [wheel_left_joint]
[gzserver-1] [INFO] [1778749637.176199154] [tb3_3.turtlebot3_joint_state]: Going to publish joint [wheel_right_joint]
[INFO] [spawn_entity.py-13]: process has finished cleanly [pid 3922754]
[gzserver-1] [INFO] [1778749637.473974885] [tb3_1.turtlebot3_imu]: <initial_orientation_as_reference> is unset, using default value of false to comply with REP 145 (world as orientation reference)
[spawn_entity.py-7] [INFO] [1778749637.585418163] [tb3_1.spawn_entity]: Spawn status: SpawnEntity: Successfully spawned entity [tb3_1]
[gzserver-1] [INFO] [1778749637.696463837] [tb3_1.turtlebot3_diff_drive]: Wheel pair 1 separation set to [0.160000m]
[gzserver-1] [INFO] [1778749637.696520376] [tb3_1.turtlebot3_diff_drive]: Wheel pair 1 diameter set to [0.066000m]
[gzserver-1] [INFO] [1778749637.697405739] [tb3_1.turtlebot3_diff_drive]: Subscribed to [/tb3_1/cmd_vel]
[gzserver-1] [INFO] [1778749637.698608100] [tb3_1.turtlebot3_diff_drive]: Advertise odometry on [/tb3_1/odom]
[gzserver-1] [INFO] [1778749637.700913915] [tb3_1.turtlebot3_diff_drive]: Publishing odom transforms between [tb3_1/odom] and [tb3_1/base_footprint]
[gzserver-1] [INFO] [1778749637.712883675] [tb3_1.turtlebot3_joint_state]: Going to publish joint [wheel_left_joint]
[gzserver-1] [INFO] [1778749637.712946658] [tb3_1.turtlebot3_joint_state]: Going to publish joint [wheel_right_joint]
[INFO] [spawn_entity.py-7]: process has finished cleanly [pid 3922742]
[gzserver-1] [INFO] [1778749638.032335594] [tb3_0.turtlebot3_imu]: <initial_orientation_as_reference> is unset, using default value of false to comply with REP 145 (world as orientation reference)
[spawn_entity.py-4] [INFO] [1778749638.176227482] [tb3_0.spawn_entity]: Spawn status: SpawnEntity: Successfully spawned entity [tb3_0]
[gzserver-1] [INFO] [1778749638.291386576] [tb3_0.turtlebot3_diff_drive]: Wheel pair 1 separation set to [0.160000m]
[gzserver-1] [INFO] [1778749638.291448153] [tb3_0.turtlebot3_diff_drive]: Wheel pair 1 diameter set to [0.066000m]
[gzserver-1] [INFO] [1778749638.292319891] [tb3_0.turtlebot3_diff_drive]: Subscribed to [/tb3_0/cmd_vel]
[gzserver-1] [INFO] [1778749638.293116751] [tb3_0.turtlebot3_diff_drive]: Advertise odometry on [/tb3_0/odom]
[gzserver-1] [INFO] [1778749638.295416127] [tb3_0.turtlebot3_diff_drive]: Publishing odom transforms between [tb3_0/odom] and [tb3_0/base_footprint]
[gzserver-1] [INFO] [1778749638.310297165] [tb3_0.turtlebot3_joint_state]: Going to publish joint [wheel_left_joint]
[gzserver-1] [INFO] [1778749638.310370010] [tb3_0.turtlebot3_joint_state]: Going to publish joint [wheel_right_joint]
[INFO] [spawn_entity.py-4]: process has finished cleanly [pid 3922736]
[rviz2-17] [INFO] [1778749648.081346558] [rviz2]: Message Filter dropping message: frame 'tb3_3/base_scan' at time 0.396 for reason 'the timestamp on the message is earlier than all the data in the transform cache'
[rviz2-17] [INFO] [1778749648.286322385] [rviz2]: Message Filter dropping message: frame 'tb3_1/base_scan' at time 0.597 for reason 'the timestamp on the message is earlier than all the data in the transform cache'
[rviz2-17] [INFO] [1778749648.488986564] [rviz2]: Message Filter dropping message: frame 'tb3_0/base_scan' at time 0.797 for reason 'the timestamp on the message is earlier than all the data in the transform cache'
