[INFO] [launch]: All log files can be found below /home/wj/.ros/log/2026-05-23-00-38-20-840534-wj-Default-string-3230321
[INFO] [launch]: Default logging verbosity is set to INFO
[INFO] Loading world (HEADLESS): /home/wj/work/multi-robot-exploration-rl/install/start_rl_environment_tb3/share/start_rl_environment_tb3/worlds/interaction_hub.world
[INFO] Using GAZEBO_MASTER_URI: http://127.0.0.1:11345
[INFO] Spawning 4 TurtleBot3 robots on interaction_hub...
[INFO] Using random positions
[INFO] Using fixed positions for 4 robots
[INFO]   Robot 0: Robot 0 - west lower at (-5.10, -0.85)
[INFO]   Robot 1: Robot 1 - west upper at (-5.10, 0.85)
[INFO]   Robot 2: Robot 2 - east upper at (5.10, 0.85)
[INFO]   Robot 3: Robot 3 - east lower at (5.10, -0.85)
[spawn_robots] Created modified SDF for tb3_0 at /tmp/tb3_0_8ox8qmo1.sdf
[spawn_robots] Created modified SDF for tb3_1 at /tmp/tb3_1_0lxkz0_g.sdf
[spawn_robots] Created modified SDF for tb3_2 at /tmp/tb3_2_umw5q2fp.sdf
[spawn_robots] Created modified SDF for tb3_3 at /tmp/tb3_3_f1efatp7.sdf
[INFO] Map Server loading: /home/wj/work/multi-robot-exploration-rl/install/start_rl_environment_tb3/share/start_rl_environment_tb3/maps/interaction_hub.yaml
[INFO] [gzserver-1]: process started with pid [3230405]
[INFO] [robot_state_publisher-2]: process started with pid [3230407]
[INFO] [spawn_entity.py-3]: process started with pid [3230409]
[INFO] [static_transform_publisher-4]: process started with pid [3230411]
[INFO] [robot_state_publisher-5]: process started with pid [3230413]
[INFO] [spawn_entity.py-6]: process started with pid [3230416]
[INFO] [static_transform_publisher-7]: process started with pid [3230418]
[INFO] [robot_state_publisher-8]: process started with pid [3230420]
[INFO] [spawn_entity.py-9]: process started with pid [3230422]
[INFO] [static_transform_publisher-10]: process started with pid [3230425]
[INFO] [robot_state_publisher-11]: process started with pid [3230434]
[INFO] [spawn_entity.py-12]: process started with pid [3230438]
[INFO] [static_transform_publisher-13]: process started with pid [3230447]
[INFO] [map_server-14]: process started with pid [3230453]
[INFO] [lifecycle_manager-15]: process started with pid [3230457]
[INFO] [obstacle_mover.py-16]: process started with pid [3230479]
[static_transform_publisher-4] [WARN] [1779467901.140291838] []: Old-style arguments are deprecated; see --help for new-style arguments
[static_transform_publisher-4] [INFO] [1779467901.175287971] [static_tf_tb3_0]: Spinning until stopped - publishing transform
[static_transform_publisher-4] translation: ('0.000000', '0.000000', '0.000000')
[static_transform_publisher-4] rotation: ('0.000000', '0.000000', '0.000000', '1.000000')
[static_transform_publisher-4] from 'map' to 'tb3_0/odom'
[static_transform_publisher-7] [WARN] [1779467901.151892463] []: Old-style arguments are deprecated; see --help for new-style arguments
[static_transform_publisher-10] [WARN] [1779467901.172205578] []: Old-style arguments are deprecated; see --help for new-style arguments
[static_transform_publisher-13] [WARN] [1779467901.169034170] []: Old-style arguments are deprecated; see --help for new-style arguments
[robot_state_publisher-5] [INFO] [1779467901.223767824] [tb3_1.robot_state_publisher]: got segment base_footprint
[robot_state_publisher-5] [INFO] [1779467901.225372595] [tb3_1.robot_state_publisher]: got segment base_link
[robot_state_publisher-5] [INFO] [1779467901.225405262] [tb3_1.robot_state_publisher]: got segment base_scan
[robot_state_publisher-5] [INFO] [1779467901.225420272] [tb3_1.robot_state_publisher]: got segment caster_back_link
[robot_state_publisher-5] [INFO] [1779467901.225432273] [tb3_1.robot_state_publisher]: got segment imu_link
[robot_state_publisher-5] [INFO] [1779467901.225442360] [tb3_1.robot_state_publisher]: got segment wheel_left_link
[robot_state_publisher-5] [INFO] [1779467901.225454967] [tb3_1.robot_state_publisher]: got segment wheel_right_link
[static_transform_publisher-13] [INFO] [1779467901.245759313] [static_tf_tb3_3]: Spinning until stopped - publishing transform
[static_transform_publisher-13] translation: ('0.000000', '0.000000', '0.000000')
[static_transform_publisher-13] rotation: ('0.000000', '0.000000', '0.000000', '1.000000')
[static_transform_publisher-13] from 'map' to 'tb3_3/odom'
[robot_state_publisher-8] [INFO] [1779467901.251356810] [tb3_2.robot_state_publisher]: got segment base_footprint
[robot_state_publisher-8] [INFO] [1779467901.251636289] [tb3_2.robot_state_publisher]: got segment base_link
[robot_state_publisher-8] [INFO] [1779467901.251659895] [tb3_2.robot_state_publisher]: got segment base_scan
[robot_state_publisher-8] [INFO] [1779467901.251672464] [tb3_2.robot_state_publisher]: got segment caster_back_link
[robot_state_publisher-8] [INFO] [1779467901.251683068] [tb3_2.robot_state_publisher]: got segment imu_link
[robot_state_publisher-8] [INFO] [1779467901.251692788] [tb3_2.robot_state_publisher]: got segment wheel_left_link
[robot_state_publisher-8] [INFO] [1779467901.251702637] [tb3_2.robot_state_publisher]: got segment wheel_right_link
[static_transform_publisher-7] [INFO] [1779467901.267740139] [static_tf_tb3_1]: Spinning until stopped - publishing transform
[static_transform_publisher-7] translation: ('0.000000', '0.000000', '0.000000')
[static_transform_publisher-7] rotation: ('0.000000', '0.000000', '0.000000', '1.000000')
[static_transform_publisher-7] from 'map' to 'tb3_1/odom'
[robot_state_publisher-2] [INFO] [1779467901.277929864] [tb3_0.robot_state_publisher]: got segment base_footprint
[robot_state_publisher-2] [INFO] [1779467901.278147445] [tb3_0.robot_state_publisher]: got segment base_link
[robot_state_publisher-2] [INFO] [1779467901.278176338] [tb3_0.robot_state_publisher]: got segment base_scan
[robot_state_publisher-2] [INFO] [1779467901.278188386] [tb3_0.robot_state_publisher]: got segment caster_back_link
[robot_state_publisher-2] [INFO] [1779467901.278199104] [tb3_0.robot_state_publisher]: got segment imu_link
[robot_state_publisher-2] [INFO] [1779467901.278208546] [tb3_0.robot_state_publisher]: got segment wheel_left_link
[robot_state_publisher-2] [INFO] [1779467901.278217903] [tb3_0.robot_state_publisher]: got segment wheel_right_link
[static_transform_publisher-10] [INFO] [1779467901.282738759] [static_tf_tb3_2]: Spinning until stopped - publishing transform
[static_transform_publisher-10] translation: ('0.000000', '0.000000', '0.000000')
[static_transform_publisher-10] rotation: ('0.000000', '0.000000', '0.000000', '1.000000')
[static_transform_publisher-10] from 'map' to 'tb3_2/odom'
[robot_state_publisher-11] [INFO] [1779467901.284945600] [tb3_3.robot_state_publisher]: got segment base_footprint
[robot_state_publisher-11] [INFO] [1779467901.285107223] [tb3_3.robot_state_publisher]: got segment base_link
[robot_state_publisher-11] [INFO] [1779467901.285129508] [tb3_3.robot_state_publisher]: got segment base_scan
[robot_state_publisher-11] [INFO] [1779467901.285143310] [tb3_3.robot_state_publisher]: got segment caster_back_link
[robot_state_publisher-11] [INFO] [1779467901.285155975] [tb3_3.robot_state_publisher]: got segment imu_link
[robot_state_publisher-11] [INFO] [1779467901.285167229] [tb3_3.robot_state_publisher]: got segment wheel_left_link
[robot_state_publisher-11] [INFO] [1779467901.285178963] [tb3_3.robot_state_publisher]: got segment wheel_right_link
[map_server-14] [INFO] [1779467901.332968278] [map_server]: 
[map_server-14] 	map_server lifecycle node launched. 
[map_server-14] 	Waiting on external lifecycle transitions to activate
[map_server-14] 	See https://design.ros2.org/articles/node_lifecycle.html for more information.
[map_server-14] [INFO] [1779467901.333142731] [map_server]: Creating
[lifecycle_manager-15] [INFO] [1779467901.351668355] [lifecycle_manager_map]: Creating
[lifecycle_manager-15] [INFO] [1779467901.361469974] [lifecycle_manager_map]: [34m[1mCreating and initializing lifecycle service clients[0m[0m
[lifecycle_manager-15] [INFO] [1779467901.370064192] [lifecycle_manager_map]: [34m[1mStarting managed nodes bringup...[0m[0m
[lifecycle_manager-15] [INFO] [1779467901.370131230] [lifecycle_manager_map]: [34m[1mConfiguring map_server[0m[0m
[map_server-14] [INFO] [1779467901.371703885] [map_server]: Configuring
[map_server-14] [INFO] [1779467901.371782303] [map_io]: Loading yaml file: /home/wj/work/multi-robot-exploration-rl/install/start_rl_environment_tb3/share/start_rl_environment_tb3/maps/interaction_hub.yaml
[map_server-14] [INFO] [1779467901.372165096] [map_io]: resolution: 0.05
[map_server-14] [INFO] [1779467901.372182653] [map_io]: origin[0]: -6
[map_server-14] [INFO] [1779467901.372191608] [map_io]: origin[1]: -6
[map_server-14] [INFO] [1779467901.372200148] [map_io]: origin[2]: 0
[map_server-14] [INFO] [1779467901.372208784] [map_io]: free_thresh: 0.196
[map_server-14] [INFO] [1779467901.372217408] [map_io]: occupied_thresh: 0.65
[map_server-14] [INFO] [1779467901.372227132] [map_io]: mode: trinary
[map_server-14] [INFO] [1779467901.372236642] [map_io]: negate: 0
[map_server-14] [INFO] [1779467901.372550020] [map_io]: Loading image_file: /home/wj/work/multi-robot-exploration-rl/install/start_rl_environment_tb3/share/start_rl_environment_tb3/maps/interaction_hub.pgm
[map_server-14] [INFO] [1779467901.389666069] [map_io]: Read map /home/wj/work/multi-robot-exploration-rl/install/start_rl_environment_tb3/share/start_rl_environment_tb3/maps/interaction_hub.pgm: 240 X 240 map @ 0.05 m/cell
[lifecycle_manager-15] [INFO] [1779467901.419543379] [lifecycle_manager_map]: [34m[1mActivating map_server[0m[0m
[map_server-14] [INFO] [1779467901.419753287] [map_server]: Activating
[map_server-14] [INFO] [1779467901.419983219] [map_server]: Creating bond (map_server) to lifecycle manager.
[lifecycle_manager-15] [INFO] [1779467901.543692323] [lifecycle_manager_map]: Server map_server connected with bond.
[lifecycle_manager-15] [INFO] [1779467901.543793049] [lifecycle_manager_map]: [34m[1mManaged nodes are active[0m[0m
[lifecycle_manager-15] [INFO] [1779467901.543816638] [lifecycle_manager_map]: [34m[1mCreating bond timer...[0m[0m
[gzserver-1] Gazebo multi-robot simulator, version 11.10.2
[gzserver-1] Copyright (C) 2012 Open Source Robotics Foundation.
[gzserver-1] Released under the Apache 2 License.
[gzserver-1] http://gazebosim.org
[gzserver-1] 
[gzserver-1] [1;33m[Wrn] [gazebo_ros_init.cpp:178] [0m[1;33m
[gzserver-1] #     # ####### ####### ###  #####  #######
[gzserver-1] ##    # #     #    #     #  #     # #
[gzserver-1] # #   # #     #    #     #  #       #
[gzserver-1] #  #  # #     #    #     #  #       #####
[gzserver-1] #   # # #     #    #     #  #       #
[gzserver-1] #    ## #     #    #     #  #     # #
[gzserver-1] #     # #######    #    ###  #####  #######
[gzserver-1] 
[gzserver-1] This version of Gazebo, now called Gazebo classic, reaches end-of-life
[gzserver-1] in January 2025. Users are highly encouraged to migrate to the new Gazebo
[gzserver-1] using our migration guides (https://gazebosim.org/docs/latest/gazebo_classic_migration?utm_source=gazebo_ros_pkgs&utm_medium=cli)
[gzserver-1] 
[gzserver-1] [0m[1;33m
[spawn_entity.py-3] [INFO] [1779467902.196076205] [tb3_0.spawn_entity]: Spawn Entity started
[spawn_entity.py-3] [INFO] [1779467902.196775915] [tb3_0.spawn_entity]: Loading entity XML from file /tmp/tb3_0_8ox8qmo1.sdf
[spawn_entity.py-3] [INFO] [1779467902.198049792] [tb3_0.spawn_entity]: Waiting for service /spawn_entity, timeout = 30
[spawn_entity.py-3] [INFO] [1779467902.198594322] [tb3_0.spawn_entity]: Waiting for service /spawn_entity
[spawn_entity.py-6] [INFO] [1779467902.223410755] [tb3_1.spawn_entity]: Spawn Entity started
[spawn_entity.py-6] [INFO] [1779467902.224174411] [tb3_1.spawn_entity]: Loading entity XML from file /tmp/tb3_1_0lxkz0_g.sdf
[spawn_entity.py-12] [INFO] [1779467902.224401690] [tb3_3.spawn_entity]: Spawn Entity started
[spawn_entity.py-12] [INFO] [1779467902.225116083] [tb3_3.spawn_entity]: Loading entity XML from file /tmp/tb3_3_f1efatp7.sdf
[spawn_entity.py-12] [INFO] [1779467902.226387665] [tb3_3.spawn_entity]: Waiting for service /spawn_entity, timeout = 30
[spawn_entity.py-12] [INFO] [1779467902.226906247] [tb3_3.spawn_entity]: Waiting for service /spawn_entity
[spawn_entity.py-6] [INFO] [1779467902.227355895] [tb3_1.spawn_entity]: Waiting for service /spawn_entity, timeout = 30
[spawn_entity.py-6] [INFO] [1779467902.227853463] [tb3_1.spawn_entity]: Waiting for service /spawn_entity
[gzserver-1] [1;32m[Msg] [0m[1;32mWaiting for master.[0m[1;32m
[gzserver-1] [0m[1;32m[0m[1;32m[0m[1;32m[Msg] [0m[1;32mConnected to gazebo master @ [0m[1;32mhttp://127.0.0.1:11345[0m[1;32m
[gzserver-1] [0m[1;32m[0m[1;32m[0m[1;32m[Msg] [0m[1;32mPublicized address: [0m[1;32m172.19.10.153[0m[1;32m
[spawn_entity.py-9] [INFO] [1779467902.297024473] [tb3_2.spawn_entity]: Spawn Entity started
[spawn_entity.py-9] [INFO] [1779467902.297884927] [tb3_2.spawn_entity]: Loading entity XML from file /tmp/tb3_2_umw5q2fp.sdf
[spawn_entity.py-9] [INFO] [1779467902.299406766] [tb3_2.spawn_entity]: Waiting for service /spawn_entity, timeout = 30
[spawn_entity.py-9] [INFO] [1779467902.300092305] [tb3_2.spawn_entity]: Waiting for service /spawn_entity
[gzserver-1] [0m[1;32m[0m[1;32m[0m[1;32m[Msg] [0m[1;32mLoading world file [[0m[1;32m/home/wj/work/multi-robot-exploration-rl/install/start_rl_environment_tb3/share/start_rl_environment_tb3/worlds/interaction_hub.world[0m[1;32m][0m[1;32m
[gzserver-1] [0m[1;33m[0m[1;33m[0m[WARN] [1779467903.677923045] [rcl]: Found remap rule 'model_states:=model_states_demo'. This syntax is deprecated. Use '--ros-args --remap model_states:=model_states_demo' instead.
[gzserver-1] [INFO] [1779467903.703714859] [gazebo_ros_state]: Publishing states of gazebo models at [/model_states_demo]
[gzserver-1] [INFO] [1779467903.705239820] [gazebo_ros_state]: Publishing states of gazebo links at [/link_states]
[spawn_entity.py-3] [INFO] [1779467903.714907365] [tb3_0.spawn_entity]: Calling service /spawn_entity
[spawn_entity.py-12] [INFO] [1779467903.743249630] [tb3_3.spawn_entity]: Calling service /spawn_entity
[spawn_entity.py-6] [INFO] [1779467903.745231998] [tb3_1.spawn_entity]: Calling service /spawn_entity
[obstacle_mover.py-16] [INFO] [1779467903.763211072] [obstacle_mover]: [obstacle_mover] map=6  0 个障碍物  速度=0.000 m/s (scale×0.0)  30 Hz  随机游走模式
[obstacle_mover.py-16] [INFO] [1779467903.767601995] [obstacle_mover]: [obstacle_mover] ✅ dyn_obs_0~dyn_obs_7 已下沉至 z=-10.0
[spawn_entity.py-9] [INFO] [1779467903.813130080] [tb3_2.spawn_entity]: Calling service /spawn_entity
[gzserver-1] [INFO] [1779467904.050391921] [tb3_0.turtlebot3_imu]: <initial_orientation_as_reference> is unset, using default value of false to comply with REP 145 (world as orientation reference)
[spawn_entity.py-3] [INFO] [1779467904.250702122] [tb3_0.spawn_entity]: Spawn status: SpawnEntity: Successfully spawned entity [tb3_0]
[gzserver-1] [INFO] [1779467904.383734666] [tb3_0.turtlebot3_diff_drive]: Wheel pair 1 separation set to [0.160000m]
[gzserver-1] [INFO] [1779467904.383794329] [tb3_0.turtlebot3_diff_drive]: Wheel pair 1 diameter set to [0.066000m]
[gzserver-1] [INFO] [1779467904.386312981] [tb3_0.turtlebot3_diff_drive]: Subscribed to [/tb3_0/cmd_vel]
[gzserver-1] [INFO] [1779467904.389708989] [tb3_0.turtlebot3_diff_drive]: Advertise odometry on [/tb3_0/odom]
[gzserver-1] [INFO] [1779467904.395362118] [tb3_0.turtlebot3_diff_drive]: Publishing odom transforms between [tb3_0/odom] and [tb3_0/base_footprint]
[gzserver-1] [INFO] [1779467904.421116538] [tb3_0.turtlebot3_joint_state]: Going to publish joint [wheel_left_joint]
[gzserver-1] [INFO] [1779467904.421170509] [tb3_0.turtlebot3_joint_state]: Going to publish joint [wheel_right_joint]
[INFO] [spawn_entity.py-3]: process has finished cleanly [pid 3230409]
[gzserver-1] [INFO] [1779467904.749840159] [tb3_3.turtlebot3_imu]: <initial_orientation_as_reference> is unset, using default value of false to comply with REP 145 (world as orientation reference)
[spawn_entity.py-12] [INFO] [1779467904.897728696] [tb3_3.spawn_entity]: Spawn status: SpawnEntity: Successfully spawned entity [tb3_3]
[gzserver-1] [INFO] [1779467905.013788649] [tb3_3.turtlebot3_diff_drive]: Wheel pair 1 separation set to [0.160000m]
[gzserver-1] [INFO] [1779467905.013861571] [tb3_3.turtlebot3_diff_drive]: Wheel pair 1 diameter set to [0.066000m]
[gzserver-1] [INFO] [1779467905.014719802] [tb3_3.turtlebot3_diff_drive]: Subscribed to [/tb3_3/cmd_vel]
[gzserver-1] [INFO] [1779467905.016192556] [tb3_3.turtlebot3_diff_drive]: Advertise odometry on [/tb3_3/odom]
[gzserver-1] [INFO] [1779467905.018642721] [tb3_3.turtlebot3_diff_drive]: Publishing odom transforms between [tb3_3/odom] and [tb3_3/base_footprint]
[gzserver-1] [INFO] [1779467905.033342374] [tb3_3.turtlebot3_joint_state]: Going to publish joint [wheel_left_joint]
[gzserver-1] [INFO] [1779467905.033412626] [tb3_3.turtlebot3_joint_state]: Going to publish joint [wheel_right_joint]
[INFO] [spawn_entity.py-12]: process has finished cleanly [pid 3230438]
[gzserver-1] [INFO] [1779467905.340730702] [tb3_1.turtlebot3_imu]: <initial_orientation_as_reference> is unset, using default value of false to comply with REP 145 (world as orientation reference)
[spawn_entity.py-6] [INFO] [1779467905.489620466] [tb3_1.spawn_entity]: Spawn status: SpawnEntity: Successfully spawned entity [tb3_1]
[gzserver-1] [INFO] [1779467905.608241908] [tb3_1.turtlebot3_diff_drive]: Wheel pair 1 separation set to [0.160000m]
[gzserver-1] [INFO] [1779467905.608333669] [tb3_1.turtlebot3_diff_drive]: Wheel pair 1 diameter set to [0.066000m]
[gzserver-1] [INFO] [1779467905.609291338] [tb3_1.turtlebot3_diff_drive]: Subscribed to [/tb3_1/cmd_vel]
[gzserver-1] [INFO] [1779467905.611130770] [tb3_1.turtlebot3_diff_drive]: Advertise odometry on [/tb3_1/odom]
[gzserver-1] [INFO] [1779467905.615698001] [tb3_1.turtlebot3_diff_drive]: Publishing odom transforms between [tb3_1/odom] and [tb3_1/base_footprint]
[gzserver-1] [INFO] [1779467905.630947750] [tb3_1.turtlebot3_joint_state]: Going to publish joint [wheel_left_joint]
[gzserver-1] [INFO] [1779467905.631027960] [tb3_1.turtlebot3_joint_state]: Going to publish joint [wheel_right_joint]
[INFO] [spawn_entity.py-6]: process has finished cleanly [pid 3230416]
[gzserver-1] [INFO] [1779467905.947765671] [tb3_2.turtlebot3_imu]: <initial_orientation_as_reference> is unset, using default value of false to comply with REP 145 (world as orientation reference)
[spawn_entity.py-9] [INFO] [1779467906.099899459] [tb3_2.spawn_entity]: Spawn status: SpawnEntity: Successfully spawned entity [tb3_2]
[gzserver-1] [INFO] [1779467906.220932793] [tb3_2.turtlebot3_diff_drive]: Wheel pair 1 separation set to [0.160000m]
[gzserver-1] [INFO] [1779467906.221009948] [tb3_2.turtlebot3_diff_drive]: Wheel pair 1 diameter set to [0.066000m]
[gzserver-1] [INFO] [1779467906.221866519] [tb3_2.turtlebot3_diff_drive]: Subscribed to [/tb3_2/cmd_vel]
[gzserver-1] [INFO] [1779467906.222838416] [tb3_2.turtlebot3_diff_drive]: Advertise odometry on [/tb3_2/odom]
[gzserver-1] [INFO] [1779467906.224647394] [tb3_2.turtlebot3_diff_drive]: Publishing odom transforms between [tb3_2/odom] and [tb3_2/base_footprint]
[gzserver-1] [INFO] [1779467906.245132970] [tb3_2.turtlebot3_joint_state]: Going to publish joint [wheel_left_joint]
[gzserver-1] [INFO] [1779467906.245195707] [tb3_2.turtlebot3_joint_state]: Going to publish joint [wheel_right_joint]
[INFO] [spawn_entity.py-9]: process has finished cleanly [pid 3230422]
