[INFO] [launch]: All log files can be found below /home/wj/.ros/log/2026-05-21-23-48-56-797996-wj-Default-string-2089835
[INFO] [launch]: Default logging verbosity is set to INFO
[INFO] Loading world (HEADLESS): /home/wj/work/multi-robot-exploration-rl/install/start_rl_environment_tb3/share/start_rl_environment_tb3/worlds/interaction_hub.world
[INFO] Using GAZEBO_MASTER_URI: http://127.0.0.1:11345
[INFO] Spawning 4 TurtleBot3 robots on interaction_hub...
[INFO] Using random positions
[INFO] Using fixed positions for 4 robots
[INFO]   Robot 0: Robot 0 - west lower at (-5.10, -0.85)
[INFO]   Robot 1: Robot 1 - west upper at (-5.10, 0.85)
[INFO]   Robot 2: Robot 2 - east upper at (5.10, 0.85)
[INFO]   Robot 3: Robot 3 - east lower at (5.10, -0.85)
[spawn_robots] Created modified SDF for tb3_0 at /tmp/tb3_0_ihlm8y1a.sdf
[spawn_robots] Created modified SDF for tb3_1 at /tmp/tb3_1_bv6kfsm2.sdf
[spawn_robots] Created modified SDF for tb3_2 at /tmp/tb3_2_ksz7xgeb.sdf
[spawn_robots] Created modified SDF for tb3_3 at /tmp/tb3_3_fgpl4ej8.sdf
[INFO] Map Server loading: /home/wj/work/multi-robot-exploration-rl/install/start_rl_environment_tb3/share/start_rl_environment_tb3/maps/interaction_hub.yaml
[INFO] [gzserver-1]: process started with pid [2089921]
[INFO] [robot_state_publisher-2]: process started with pid [2089923]
[INFO] [spawn_entity.py-3]: process started with pid [2089925]
[INFO] [static_transform_publisher-4]: process started with pid [2089927]
[INFO] [robot_state_publisher-5]: process started with pid [2089929]
[INFO] [spawn_entity.py-6]: process started with pid [2089931]
[INFO] [static_transform_publisher-7]: process started with pid [2089933]
[INFO] [robot_state_publisher-8]: process started with pid [2089936]
[INFO] [spawn_entity.py-9]: process started with pid [2089938]
[INFO] [static_transform_publisher-10]: process started with pid [2089940]
[INFO] [robot_state_publisher-11]: process started with pid [2089942]
[INFO] [spawn_entity.py-12]: process started with pid [2089944]
[INFO] [static_transform_publisher-13]: process started with pid [2089960]
[INFO] [map_server-14]: process started with pid [2089976]
[INFO] [lifecycle_manager-15]: process started with pid [2089984]
[INFO] [obstacle_mover.py-16]: process started with pid [2089987]
[static_transform_publisher-4] [WARN] [1779378537.076050377] []: Old-style arguments are deprecated; see --help for new-style arguments
[static_transform_publisher-7] [WARN] [1779378537.083739470] []: Old-style arguments are deprecated; see --help for new-style arguments
[static_transform_publisher-10] [WARN] [1779378537.093126373] []: Old-style arguments are deprecated; see --help for new-style arguments
[static_transform_publisher-4] [INFO] [1779378537.117384885] [static_tf_tb3_0]: Spinning until stopped - publishing transform
[static_transform_publisher-4] translation: ('0.000000', '0.000000', '0.000000')
[static_transform_publisher-4] rotation: ('0.000000', '0.000000', '0.000000', '1.000000')
[static_transform_publisher-4] from 'map' to 'tb3_0/odom'
[robot_state_publisher-5] [INFO] [1779378537.125346524] [tb3_1.robot_state_publisher]: got segment base_footprint
[robot_state_publisher-5] [INFO] [1779378537.125559644] [tb3_1.robot_state_publisher]: got segment base_link
[robot_state_publisher-5] [INFO] [1779378537.125578178] [tb3_1.robot_state_publisher]: got segment base_scan
[robot_state_publisher-5] [INFO] [1779378537.125588960] [tb3_1.robot_state_publisher]: got segment caster_back_link
[robot_state_publisher-5] [INFO] [1779378537.125599048] [tb3_1.robot_state_publisher]: got segment imu_link
[robot_state_publisher-5] [INFO] [1779378537.125607873] [tb3_1.robot_state_publisher]: got segment wheel_left_link
[robot_state_publisher-5] [INFO] [1779378537.125616550] [tb3_1.robot_state_publisher]: got segment wheel_right_link
[robot_state_publisher-2] [INFO] [1779378537.126084977] [tb3_0.robot_state_publisher]: got segment base_footprint
[robot_state_publisher-2] [INFO] [1779378537.129383747] [tb3_0.robot_state_publisher]: got segment base_link
[robot_state_publisher-2] [INFO] [1779378537.129429783] [tb3_0.robot_state_publisher]: got segment base_scan
[robot_state_publisher-2] [INFO] [1779378537.129444392] [tb3_0.robot_state_publisher]: got segment caster_back_link
[robot_state_publisher-2] [INFO] [1779378537.129456750] [tb3_0.robot_state_publisher]: got segment imu_link
[robot_state_publisher-2] [INFO] [1779378537.129467742] [tb3_0.robot_state_publisher]: got segment wheel_left_link
[robot_state_publisher-2] [INFO] [1779378537.129479297] [tb3_0.robot_state_publisher]: got segment wheel_right_link
[static_transform_publisher-13] [WARN] [1779378537.129936015] []: Old-style arguments are deprecated; see --help for new-style arguments
[static_transform_publisher-7] [INFO] [1779378537.147756151] [static_tf_tb3_1]: Spinning until stopped - publishing transform
[static_transform_publisher-7] translation: ('0.000000', '0.000000', '0.000000')
[static_transform_publisher-7] rotation: ('0.000000', '0.000000', '0.000000', '1.000000')
[static_transform_publisher-7] from 'map' to 'tb3_1/odom'
[robot_state_publisher-8] [INFO] [1779378537.165831374] [tb3_2.robot_state_publisher]: got segment base_footprint
[robot_state_publisher-8] [INFO] [1779378537.170177266] [tb3_2.robot_state_publisher]: got segment base_link
[robot_state_publisher-8] [INFO] [1779378537.170215349] [tb3_2.robot_state_publisher]: got segment base_scan
[robot_state_publisher-8] [INFO] [1779378537.170227860] [tb3_2.robot_state_publisher]: got segment caster_back_link
[robot_state_publisher-8] [INFO] [1779378537.170237885] [tb3_2.robot_state_publisher]: got segment imu_link
[robot_state_publisher-8] [INFO] [1779378537.170247457] [tb3_2.robot_state_publisher]: got segment wheel_left_link
[robot_state_publisher-8] [INFO] [1779378537.170256576] [tb3_2.robot_state_publisher]: got segment wheel_right_link
[static_transform_publisher-10] [INFO] [1779378537.176486215] [static_tf_tb3_2]: Spinning until stopped - publishing transform
[static_transform_publisher-10] translation: ('0.000000', '0.000000', '0.000000')
[static_transform_publisher-10] rotation: ('0.000000', '0.000000', '0.000000', '1.000000')
[static_transform_publisher-10] from 'map' to 'tb3_2/odom'
[static_transform_publisher-13] [INFO] [1779378537.182787362] [static_tf_tb3_3]: Spinning until stopped - publishing transform
[static_transform_publisher-13] translation: ('0.000000', '0.000000', '0.000000')
[static_transform_publisher-13] rotation: ('0.000000', '0.000000', '0.000000', '1.000000')
[static_transform_publisher-13] from 'map' to 'tb3_3/odom'
[lifecycle_manager-15] [INFO] [1779378537.187767634] [lifecycle_manager_map]: Creating
[robot_state_publisher-11] [INFO] [1779378537.204163461] [tb3_3.robot_state_publisher]: got segment base_footprint
[robot_state_publisher-11] [INFO] [1779378537.204365184] [tb3_3.robot_state_publisher]: got segment base_link
[robot_state_publisher-11] [INFO] [1779378537.204385893] [tb3_3.robot_state_publisher]: got segment base_scan
[robot_state_publisher-11] [INFO] [1779378537.204396742] [tb3_3.robot_state_publisher]: got segment caster_back_link
[robot_state_publisher-11] [INFO] [1779378537.204407095] [tb3_3.robot_state_publisher]: got segment imu_link
[robot_state_publisher-11] [INFO] [1779378537.204416817] [tb3_3.robot_state_publisher]: got segment wheel_left_link
[robot_state_publisher-11] [INFO] [1779378537.204426443] [tb3_3.robot_state_publisher]: got segment wheel_right_link
[lifecycle_manager-15] [INFO] [1779378537.204842710] [lifecycle_manager_map]: [34m[1mCreating and initializing lifecycle service clients[0m[0m
[lifecycle_manager-15] [INFO] [1779378537.222365651] [lifecycle_manager_map]: [34m[1mStarting managed nodes bringup...[0m[0m
[lifecycle_manager-15] [INFO] [1779378537.222501287] [lifecycle_manager_map]: [34m[1mConfiguring map_server[0m[0m
[map_server-14] [INFO] [1779378537.223634305] [map_server]: 
[map_server-14] 	map_server lifecycle node launched. 
[map_server-14] 	Waiting on external lifecycle transitions to activate
[map_server-14] 	See https://design.ros2.org/articles/node_lifecycle.html for more information.
[map_server-14] [INFO] [1779378537.224153678] [map_server]: Creating
[map_server-14] [INFO] [1779378537.228357629] [map_server]: Configuring
[map_server-14] [INFO] [1779378537.228444759] [map_io]: Loading yaml file: /home/wj/work/multi-robot-exploration-rl/install/start_rl_environment_tb3/share/start_rl_environment_tb3/maps/interaction_hub.yaml
[map_server-14] [INFO] [1779378537.229578692] [map_io]: resolution: 0.05
[map_server-14] [INFO] [1779378537.229603336] [map_io]: origin[0]: -6
[map_server-14] [INFO] [1779378537.229616408] [map_io]: origin[1]: -6
[map_server-14] [INFO] [1779378537.229625947] [map_io]: origin[2]: 0
[map_server-14] [INFO] [1779378537.229634974] [map_io]: free_thresh: 0.196
[map_server-14] [INFO] [1779378537.229644084] [map_io]: occupied_thresh: 0.65
[map_server-14] [INFO] [1779378537.229652642] [map_io]: mode: trinary
[map_server-14] [INFO] [1779378537.229662807] [map_io]: negate: 0
[map_server-14] [INFO] [1779378537.230002982] [map_io]: Loading image_file: /home/wj/work/multi-robot-exploration-rl/install/start_rl_environment_tb3/share/start_rl_environment_tb3/maps/interaction_hub.pgm
[map_server-14] [INFO] [1779378537.247534041] [map_io]: Read map /home/wj/work/multi-robot-exploration-rl/install/start_rl_environment_tb3/share/start_rl_environment_tb3/maps/interaction_hub.pgm: 240 X 240 map @ 0.05 m/cell
[lifecycle_manager-15] [INFO] [1779378537.258959062] [lifecycle_manager_map]: [34m[1mActivating map_server[0m[0m
[map_server-14] [INFO] [1779378537.259169734] [map_server]: Activating
[map_server-14] [INFO] [1779378537.259421886] [map_server]: Creating bond (map_server) to lifecycle manager.
[lifecycle_manager-15] [INFO] [1779378537.369756970] [lifecycle_manager_map]: Server map_server connected with bond.
[lifecycle_manager-15] [INFO] [1779378537.369822463] [lifecycle_manager_map]: [34m[1mManaged nodes are active[0m[0m
[lifecycle_manager-15] [INFO] [1779378537.369839292] [lifecycle_manager_map]: [34m[1mCreating bond timer...[0m[0m
[gzserver-1] Gazebo multi-robot simulator, version 11.10.2
[gzserver-1] Copyright (C) 2012 Open Source Robotics Foundation.
[gzserver-1] Released under the Apache 2 License.
[gzserver-1] http://gazebosim.org
[gzserver-1] 
[spawn_entity.py-12] [INFO] [1779378537.825119752] [tb3_3.spawn_entity]: Spawn Entity started
[spawn_entity.py-12] [INFO] [1779378537.826932903] [tb3_3.spawn_entity]: Loading entity XML from file /tmp/tb3_3_fgpl4ej8.sdf
[spawn_entity.py-12] [INFO] [1779378537.829437514] [tb3_3.spawn_entity]: Waiting for service /spawn_entity, timeout = 30
[spawn_entity.py-12] [INFO] [1779378537.831203314] [tb3_3.spawn_entity]: Waiting for service /spawn_entity
[spawn_entity.py-3] [INFO] [1779378537.852360207] [tb3_0.spawn_entity]: Spawn Entity started
[spawn_entity.py-3] [INFO] [1779378537.852805242] [tb3_0.spawn_entity]: Loading entity XML from file /tmp/tb3_0_ihlm8y1a.sdf
[spawn_entity.py-3] [INFO] [1779378537.853685962] [tb3_0.spawn_entity]: Waiting for service /spawn_entity, timeout = 30
[spawn_entity.py-3] [INFO] [1779378537.854077133] [tb3_0.spawn_entity]: Waiting for service /spawn_entity
[spawn_entity.py-9] [INFO] [1779378537.856144935] [tb3_2.spawn_entity]: Spawn Entity started
[spawn_entity.py-9] [INFO] [1779378537.856772582] [tb3_2.spawn_entity]: Loading entity XML from file /tmp/tb3_2_ksz7xgeb.sdf
[spawn_entity.py-9] [INFO] [1779378537.858524600] [tb3_2.spawn_entity]: Waiting for service /spawn_entity, timeout = 30
[spawn_entity.py-9] [INFO] [1779378537.859154679] [tb3_2.spawn_entity]: Waiting for service /spawn_entity
[spawn_entity.py-6] [INFO] [1779378537.869770304] [tb3_1.spawn_entity]: Spawn Entity started
[spawn_entity.py-6] [INFO] [1779378537.870428510] [tb3_1.spawn_entity]: Loading entity XML from file /tmp/tb3_1_bv6kfsm2.sdf
[spawn_entity.py-6] [INFO] [1779378537.871617773] [tb3_1.spawn_entity]: Waiting for service /spawn_entity, timeout = 30
[spawn_entity.py-6] [INFO] [1779378537.871978079] [tb3_1.spawn_entity]: Waiting for service /spawn_entity
[gzserver-1] [1;33m[Wrn] [gazebo_ros_init.cpp:178] [0m[1;33m
[gzserver-1] #     # ####### ####### ###  #####  #######
[gzserver-1] ##    # #     #    #     #  #     # #
[gzserver-1] # #   # #     #    #     #  #       #
[gzserver-1] #  #  # #     #    #     #  #       #####
[gzserver-1] #   # # #     #    #     #  #       #
[gzserver-1] #    ## #     #    #     #  #     # #
[gzserver-1] #     # #######    #    ###  #####  #######
[gzserver-1] 
[gzserver-1] This version of Gazebo, now called Gazebo classic, reaches end-of-life
[gzserver-1] in January 2025. Users are highly encouraged to migrate to the new Gazebo
[gzserver-1] using our migration guides (https://gazebosim.org/docs/latest/gazebo_classic_migration?utm_source=gazebo_ros_pkgs&utm_medium=cli)
[gzserver-1] 
[gzserver-1] [0m[1;33m
[gzserver-1] [1;32m[Msg] [0m[1;32mWaiting for master.[0m[1;32m
[gzserver-1] [0m[1;32m[0m[1;32m[0m[1;32m[Msg] [0m[1;32mConnected to gazebo master @ [0m[1;32mhttp://127.0.0.1:11345[0m[1;32m
[gzserver-1] [0m[1;32m[0m[1;32m[0m[1;32m[Msg] [0m[1;32mPublicized address: [0m[1;32m172.19.10.153[0m[1;32m
[gzserver-1] [0m[1;32m[0m[1;32m[0m[1;32m[Msg] [0m[1;32mLoading world file [[0m[1;32m/home/wj/work/multi-robot-exploration-rl/install/start_rl_environment_tb3/share/start_rl_environment_tb3/worlds/interaction_hub.world[0m[1;32m][0m[1;32m
[gzserver-1] [0m[1;33m[0m[1;33m[0m[WARN] [1779378539.283774201] [rcl]: Found remap rule 'model_states:=model_states_demo'. This syntax is deprecated. Use '--ros-args --remap model_states:=model_states_demo' instead.
[gzserver-1] [INFO] [1779378539.300610260] [gazebo_ros_state]: Publishing states of gazebo models at [/model_states_demo]
[gzserver-1] [INFO] [1779378539.301484298] [gazebo_ros_state]: Publishing states of gazebo links at [/link_states]
[spawn_entity.py-12] [INFO] [1779378539.347604840] [tb3_3.spawn_entity]: Calling service /spawn_entity
[spawn_entity.py-3] [INFO] [1779378539.369035848] [tb3_0.spawn_entity]: Calling service /spawn_entity
[spawn_entity.py-9] [INFO] [1779378539.372183137] [tb3_2.spawn_entity]: Calling service /spawn_entity
[spawn_entity.py-6] [INFO] [1779378539.383632418] [tb3_1.spawn_entity]: Calling service /spawn_entity
[obstacle_mover.py-16] [INFO] [1779378539.543615085] [obstacle_mover]: [obstacle_mover] map=6  0 个障碍物  速度=0.000 m/s (scale×0.0)  30 Hz  随机游走模式
[obstacle_mover.py-16] [INFO] [1779378539.552610105] [obstacle_mover]: [obstacle_mover] ✅ dyn_obs_0~dyn_obs_7 已下沉至 z=-10.0
[gzserver-1] [INFO] [1779378539.624235349] [tb3_3.turtlebot3_imu]: <initial_orientation_as_reference> is unset, using default value of false to comply with REP 145 (world as orientation reference)
[spawn_entity.py-12] [INFO] [1779378539.761416850] [tb3_3.spawn_entity]: Spawn status: SpawnEntity: Successfully spawned entity [tb3_3]
[gzserver-1] [INFO] [1779378539.895362138] [tb3_3.turtlebot3_diff_drive]: Wheel pair 1 separation set to [0.160000m]
[gzserver-1] [INFO] [1779378539.895415277] [tb3_3.turtlebot3_diff_drive]: Wheel pair 1 diameter set to [0.066000m]
[gzserver-1] [INFO] [1779378539.897211058] [tb3_3.turtlebot3_diff_drive]: Subscribed to [/tb3_3/cmd_vel]
[gzserver-1] [INFO] [1779378539.900385230] [tb3_3.turtlebot3_diff_drive]: Advertise odometry on [/tb3_3/odom]
[gzserver-1] [INFO] [1779378539.904367520] [tb3_3.turtlebot3_diff_drive]: Publishing odom transforms between [tb3_3/odom] and [tb3_3/base_footprint]
[gzserver-1] [INFO] [1779378539.928186898] [tb3_3.turtlebot3_joint_state]: Going to publish joint [wheel_left_joint]
[gzserver-1] [INFO] [1779378539.928239803] [tb3_3.turtlebot3_joint_state]: Going to publish joint [wheel_right_joint]
[INFO] [spawn_entity.py-12]: process has finished cleanly [pid 2089944]
[gzserver-1] [INFO] [1779378540.241064405] [tb3_0.turtlebot3_imu]: <initial_orientation_as_reference> is unset, using default value of false to comply with REP 145 (world as orientation reference)
[spawn_entity.py-3] [INFO] [1779378540.390687099] [tb3_0.spawn_entity]: Spawn status: SpawnEntity: Successfully spawned entity [tb3_0]
[gzserver-1] [INFO] [1779378540.499042144] [tb3_0.turtlebot3_diff_drive]: Wheel pair 1 separation set to [0.160000m]
[gzserver-1] [INFO] [1779378540.499105242] [tb3_0.turtlebot3_diff_drive]: Wheel pair 1 diameter set to [0.066000m]
[gzserver-1] [INFO] [1779378540.499821633] [tb3_0.turtlebot3_diff_drive]: Subscribed to [/tb3_0/cmd_vel]
[gzserver-1] [INFO] [1779378540.500967809] [tb3_0.turtlebot3_diff_drive]: Advertise odometry on [/tb3_0/odom]
[gzserver-1] [INFO] [1779378540.502611867] [tb3_0.turtlebot3_diff_drive]: Publishing odom transforms between [tb3_0/odom] and [tb3_0/base_footprint]
[gzserver-1] [INFO] [1779378540.514250080] [tb3_0.turtlebot3_joint_state]: Going to publish joint [wheel_left_joint]
[gzserver-1] [INFO] [1779378540.514322012] [tb3_0.turtlebot3_joint_state]: Going to publish joint [wheel_right_joint]
[INFO] [spawn_entity.py-3]: process has finished cleanly [pid 2089925]
[gzserver-1] [INFO] [1779378540.843220516] [tb3_2.turtlebot3_imu]: <initial_orientation_as_reference> is unset, using default value of false to comply with REP 145 (world as orientation reference)
[spawn_entity.py-9] [INFO] [1779378540.997364290] [tb3_2.spawn_entity]: Spawn status: SpawnEntity: Successfully spawned entity [tb3_2]
[gzserver-1] [INFO] [1779378541.108098012] [tb3_2.turtlebot3_diff_drive]: Wheel pair 1 separation set to [0.160000m]
[gzserver-1] [INFO] [1779378541.108174742] [tb3_2.turtlebot3_diff_drive]: Wheel pair 1 diameter set to [0.066000m]
[gzserver-1] [INFO] [1779378541.108955594] [tb3_2.turtlebot3_diff_drive]: Subscribed to [/tb3_2/cmd_vel]
[gzserver-1] [INFO] [1779378541.110041127] [tb3_2.turtlebot3_diff_drive]: Advertise odometry on [/tb3_2/odom]
[gzserver-1] [INFO] [1779378541.112121020] [tb3_2.turtlebot3_diff_drive]: Publishing odom transforms between [tb3_2/odom] and [tb3_2/base_footprint]
[gzserver-1] [INFO] [1779378541.127246928] [tb3_2.turtlebot3_joint_state]: Going to publish joint [wheel_left_joint]
[gzserver-1] [INFO] [1779378541.127293737] [tb3_2.turtlebot3_joint_state]: Going to publish joint [wheel_right_joint]
[INFO] [spawn_entity.py-9]: process has finished cleanly [pid 2089938]
[gzserver-1] [INFO] [1779378541.438924241] [tb3_1.turtlebot3_imu]: <initial_orientation_as_reference> is unset, using default value of false to comply with REP 145 (world as orientation reference)
[spawn_entity.py-6] [INFO] [1779378541.582677498] [tb3_1.spawn_entity]: Spawn status: SpawnEntity: Successfully spawned entity [tb3_1]
[gzserver-1] [INFO] [1779378541.699271189] [tb3_1.turtlebot3_diff_drive]: Wheel pair 1 separation set to [0.160000m]
[gzserver-1] [INFO] [1779378541.699399356] [tb3_1.turtlebot3_diff_drive]: Wheel pair 1 diameter set to [0.066000m]
[gzserver-1] [INFO] [1779378541.700862675] [tb3_1.turtlebot3_diff_drive]: Subscribed to [/tb3_1/cmd_vel]
[gzserver-1] [INFO] [1779378541.702158609] [tb3_1.turtlebot3_diff_drive]: Advertise odometry on [/tb3_1/odom]
[gzserver-1] [INFO] [1779378541.704637729] [tb3_1.turtlebot3_diff_drive]: Publishing odom transforms between [tb3_1/odom] and [tb3_1/base_footprint]
[gzserver-1] [INFO] [1779378541.723328282] [tb3_1.turtlebot3_joint_state]: Going to publish joint [wheel_left_joint]
[gzserver-1] [INFO] [1779378541.723415140] [tb3_1.turtlebot3_joint_state]: Going to publish joint [wheel_right_joint]
[INFO] [spawn_entity.py-6]: process has finished cleanly [pid 2089931]
