2026-06-07 17:33:44,837	INFO worker.py:2013 -- Started a local Ray instance.
/home/wj/anaconda3/envs/ros2/lib/python3.10/site-packages/ray/rllib/algorithms/algorithm.py:527: RayDeprecationWarning: This API is deprecated and may be removed in future Ray releases. You could suppress this warning by setting env variable PYTHONWARNINGS="ignore::DeprecationWarning"
`UnifiedLogger` will be removed in Ray 2.7.
  return UnifiedLogger(config, logdir, loggers=None)
/home/wj/anaconda3/envs/ros2/lib/python3.10/site-packages/ray/tune/logger/unified.py:53: RayDeprecationWarning: This API is deprecated and may be removed in future Ray releases. You could suppress this warning by setting env variable PYTHONWARNINGS="ignore::DeprecationWarning"
The `JsonLogger interface is deprecated in favor of the `ray.tune.json.JsonLoggerCallback` interface and will be removed in Ray 2.7.
  self._loggers.append(cls(self.config, self.logdir, self.trial))
/home/wj/anaconda3/envs/ros2/lib/python3.10/site-packages/ray/tune/logger/unified.py:53: RayDeprecationWarning: This API is deprecated and may be removed in future Ray releases. You could suppress this warning by setting env variable PYTHONWARNINGS="ignore::DeprecationWarning"
The `CSVLogger interface is deprecated in favor of the `ray.tune.csv.CSVLoggerCallback` interface and will be removed in Ray 2.7.
  self._loggers.append(cls(self.config, self.logdir, self.trial))
/home/wj/anaconda3/envs/ros2/lib/python3.10/site-packages/ray/tune/logger/unified.py:53: RayDeprecationWarning: This API is deprecated and may be removed in future Ray releases. You could suppress this warning by setting env variable PYTHONWARNINGS="ignore::DeprecationWarning"
The `TBXLogger interface is deprecated in favor of the `ray.tune.tensorboardx.TBXLoggerCallback` interface and will be removed in Ray 2.7.
  self._loggers.append(cls(self.config, self.logdir, self.trial))
[2026-06-07 17:33:45,531 E 3967445 3967445] core_worker.cc:2232: Actor with class name: 'RolloutWorker' and ID: '24f51028d146ad2e31dea5b201000000' has constructor arguments in the object store and max_restarts > 0. If the arguments in the object store go out of scope or are lost, the actor restart will fail. See https://github.com/ray-project/ray/issues/53727 for more details.
[36m(RolloutWorker pid=3969387)[0m [INFO] [1780824830.755014785] [gym_env_robot_0_17845]: ✅ 路径可视化器已启动，路径话题: /waypoint_markers, tracking话题: /rolling_subgoal_markers
[36m(RolloutWorker pid=3969387)[0m [INFO] [1780824830.793149169] [gym_env_robot_1_59329]: ✅ 路径可视化器已启动，路径话题: /waypoint_markers, tracking话题: /rolling_subgoal_markers
[36m(RolloutWorker pid=3969387)[0m [INFO] [1780824830.815012462] [gym_env_robot_2_78269]: ✅ 路径可视化器已启动，路径话题: /waypoint_markers, tracking话题: /rolling_subgoal_markers
[36m(RolloutWorker pid=3969387)[0m [INFO] [1780824830.836906365] [gym_env_robot_3_72896]: ✅ 路径可视化器已启动，路径话题: /waypoint_markers, tracking话题: /rolling_subgoal_markers
[INFO] [1780824833.166702028] [gym_env_robot_0_29364]: ✅ 路径可视化器已启动，路径话题: /waypoint_markers, tracking话题: /rolling_subgoal_markers
[INFO] [1780824833.199335695] [gym_env_robot_1_55088]: ✅ 路径可视化器已启动，路径话题: /waypoint_markers, tracking话题: /rolling_subgoal_markers
[INFO] [1780824833.220196472] [gym_env_robot_2_52652]: ✅ 路径可视化器已启动，路径话题: /waypoint_markers, tracking话题: /rolling_subgoal_markers
[INFO] [1780824833.244022976] [gym_env_robot_3_5471]: ✅ 路径可视化器已启动，路径话题: /waypoint_markers, tracking话题: /rolling_subgoal_markers
2026-06-07 17:33:56,328	INFO trainable.py:161 -- Trainable.setup took 10.875 seconds. If your trainable is slow to initialize, consider setting reuse_actors=True to reduce actor creation overheads.
2026-06-07 17:33:56,329	WARNING util.py:62 -- Install gputil for GPU system monitoring.
ℹ️ Method3 + map6(interaction_hub) 自动启用交互专项默认值: num_obstacles=0, obs_speed_scale=0.0
================================================================================
🚀 GNN-MAPPO 课程学习训练  [最近邻感知图]
================================================================================
  环境阶段:     1 · Stage 1 · 静态入门
  机器人数量:   4
  通信范围:     3.5 m
  感知邻域:     3.5 m
  并行Workers:  1
  采样设置:     timeout=1200s fragment=1000 mode=truncate_episodes
  训练步数:     50,000
  动作模式:     interaction_mode
  PPO配置:      interaction_mode  (clip=0.2, ent=0.008, mb=1024, epochs=8)
  GAT Actor:    neighbor  bias=2.50
  GAT Critic:   mlp
  需要环境:     ros2 launch start_rl_environment_tb3 main.launch.py map_number:=6 robot_number:=4 num_obstacles:=0 obs_speed_scale:=0.0
  通信设置:     mode=decentralized graph_source=comm_only  (dropout=5%, latency=1, jitter=1, noise=0.02, max_age=0.30s)
  冲突路线:     mode=mixed prob=0.30
================================================================================

📚 阶段1：保持完美通信，直接学习通信版 social-risk 图...

[36m(RolloutWorker pid=3969387)[0m 🤖 环境初始化: Namespace='/tb3_0', ModelName='tb3_0'
[36m(RolloutWorker pid=3969387)[0m ✅ Map 6: 预计算安全 spawn 点 11100 个 (clearance=0.40m)
[36m(RolloutWorker pid=3969387)[0m ✅ Robot 0: A*规划器初始化完成
[36m(RolloutWorker pid=3969387)[0m 🤖 环境初始化: Namespace='/tb3_1', ModelName='tb3_1'
[36m(RolloutWorker pid=3969387)[0m ✅ Map 6: 预计算安全 spawn 点 11100 个 (clearance=0.40m)
[36m(RolloutWorker pid=3969387)[0m ✅ Robot 1: A*规划器初始化完成
[36m(RolloutWorker pid=3969387)[0m 🤖 环境初始化: Namespace='/tb3_2', ModelName='tb3_2'
[36m(RolloutWorker pid=3969387)[0m ✅ Map 6: 预计算安全 spawn 点 11100 个 (clearance=0.40m)
[36m(RolloutWorker pid=3969387)[0m ✅ Robot 2: A*规划器初始化完成
[36m(RolloutWorker pid=3969387)[0m 🤖 环境初始化: Namespace='/tb3_3', ModelName='tb3_3'
[36m(RolloutWorker pid=3969387)[0m ✅ Map 6: 预计算安全 spawn 点 11100 个 (clearance=0.40m)
[36m(RolloutWorker pid=3969387)[0m ✅ Robot 3: A*规划器初始化完成
🤖 环境初始化: Namespace='/tb3_0', ModelName='tb3_0'
✅ Map 6: 预计算安全 spawn 点 11100 个 (clearance=0.40m)
✅ Robot 0: A*规划器初始化完成
🤖 环境初始化: Namespace='/tb3_1', ModelName='tb3_1'
✅ Map 6: 预计算安全 spawn 点 11100 个 (clearance=0.40m)
✅ Robot 1: A*规划器初始化完成
🤖 环境初始化: Namespace='/tb3_2', ModelName='tb3_2'
✅ Map 6: 预计算安全 spawn 点 11100 个 (clearance=0.40m)
✅ Robot 2: A*规划器初始化完成
🤖 环境初始化: Namespace='/tb3_3', ModelName='tb3_3'
✅ Map 6: 预计算安全 spawn 点 11100 个 (clearance=0.40m)
✅ Robot 3: A*规划器初始化完成
[36m(RolloutWorker pid=3969387)[0m ⚠️ Robot 2: 强制路线非法，回退随机安全采样 start=(-3.80,2.40) goal=(3.80,-2.40)
[36m(RolloutWorker pid=3969387)[0m ⚠️ Robot 3: 强制路线非法，回退随机安全采样 start=(4.80,0.80) goal=(-4.80,-0.80)
[36m(RolloutWorker pid=3969387)[0m [graph] step=   0 source=comm_only comm_range=3.5m
[36m(RolloutWorker pid=3969387)[0m   robot_0 pos=( 4.600, 0.000) status=active
[36m(RolloutWorker pid=3969387)[0m     adj=[1  1  1  1]  dist=[ 0.00   6.65   4.68   5.55]  quality=[1.00  0.44  0.79  0.63]  neighbors=[1, 2, 3]
[36m(RolloutWorker pid=3969387)[0m   robot_1 pos=( 0.000, 4.800) status=active
[36m(RolloutWorker pid=3969387)[0m     adj=[0  1  1  0]  dist=[ 0.00   0.00   4.30   8.62]  quality=[0.00  1.00  0.86  0.00]  neighbors=[2]
[36m(RolloutWorker pid=3969387)[0m   robot_2 pos=(-0.050, 0.500) status=active
[36m(RolloutWorker pid=3969387)[0m     adj=[1  1  1  1]  dist=[ 4.68   4.30   0.00   4.34]  quality=[0.79  0.86  1.00  0.85]  neighbors=[0, 1, 3]
[36m(RolloutWorker pid=3969387)[0m   robot_3 pos=( 0.550,-3.800) status=active
[36m(RolloutWorker pid=3969387)[0m     adj=[1  0  0  1]  dist=[ 5.55   8.62   0.00   0.00]  quality=[0.63  0.00  0.00  1.00]  neighbors=[0]
[36m(RolloutWorker pid=3969387)[0m [comm_only] step=   0  agent_0  my_pos=(4.600,0.000)  received=2 fallback=0
[36m(RolloutWorker pid=3969387)[0m     slot[0] neighbor=agent_2 dist=4.677m age=0.150s quality=0.79  n_pos=(-0.022,0.511)  rel_pos=(-4.622,0.511)
[36m(RolloutWorker pid=3969387)[0m     slot[1] neighbor=agent_1 dist=6.648m age=0.150s quality=0.44  n_pos=(-0.003,4.791)  rel_pos=(-4.603,4.791)
[36m(RolloutWorker pid=3969387)[0m [comm_only] step=   0  agent_1  my_pos=(0.000,4.800)  received=1 fallback=0
[36m(RolloutWorker pid=3969387)[0m     slot[0] neighbor=agent_2 dist=4.300m age=0.150s quality=0.86  n_pos=(-0.079,0.518)  rel_pos=(-0.079,-4.282)
[36m(RolloutWorker pid=3969387)[0m [comm_only] step=   0  agent_2  my_pos=(-0.050,0.500)  received=1 fallback=0
[36m(RolloutWorker pid=3969387)[0m     slot[0] neighbor=agent_0 dist=4.677m age=0.150s quality=0.79  n_pos=(4.621,0.023)  rel_pos=(4.671,-0.477)
[36m(RolloutWorker pid=3969387)[0m [comm_only] step=   0  agent_3  my_pos=(0.550,-3.800)  received=1 fallback=0
[36m(RolloutWorker pid=3969387)[0m     slot[0] neighbor=agent_0 dist=5.554m age=0.150s quality=0.63  n_pos=(4.629,-0.009)  rel_pos=(4.079,3.791)
[36m(RolloutWorker pid=3969387)[0m [graph] step=   1 source=comm_only comm_range=3.5m
[36m(RolloutWorker pid=3969387)[0m   robot_0 pos=( 4.600, 0.000) status=active
[36m(RolloutWorker pid=3969387)[0m     adj=[1  0  1  1]  dist=[ 0.00   6.65   4.68   5.55]  quality=[1.00  0.00  0.79  0.63]  neighbors=[2, 3]
[36m(RolloutWorker pid=3969387)[0m   robot_1 pos=(-0.000, 4.800) status=active
[36m(RolloutWorker pid=3969387)[0m     adj=[1  1  1  0]  dist=[ 6.65   0.00   4.30   8.62]  quality=[0.44  1.00  0.86  0.00]  neighbors=[0, 2]
[36m(RolloutWorker pid=3969387)[0m   robot_2 pos=(-0.050, 0.500) status=active
[36m(RolloutWorker pid=3969387)[0m     adj=[1  1  1  1]  dist=[ 4.68   4.30   0.00   4.34]  quality=[0.79  0.86  1.00  0.85]  neighbors=[0, 1, 3]
[36m(RolloutWorker pid=3969387)[0m   robot_3 pos=( 0.550,-3.800) status=active
[36m(RolloutWorker pid=3969387)[0m     adj=[1  0  0  1]  dist=[ 5.55   8.62   0.00   0.00]  quality=[0.63  0.00  0.00  1.00]  neighbors=[0]
[36m(RolloutWorker pid=3969387)[0m [comm_only] step=   1  agent_0  my_pos=(4.600,0.000)  received=2 fallback=0
[36m(RolloutWorker pid=3969387)[0m     slot[0] neighbor=agent_2 dist=4.677m age=0.150s quality=0.79  n_pos=(-0.047,0.490)  rel_pos=(-4.647,0.490)
[36m(RolloutWorker pid=3969387)[0m     slot[1] neighbor=agent_3 dist=5.554m age=0.150s quality=0.63  n_pos=(0.544,-3.795)  rel_pos=(-4.056,-3.795)
[36m(RolloutWorker pid=3969387)[0m [comm_only] step=   1  agent_1  my_pos=(-0.000,4.800)  received=1 fallback=0
[36m(RolloutWorker pid=3969387)[0m     slot[0] neighbor=agent_2 dist=4.300m age=0.150s quality=0.86  n_pos=(-0.012,0.496)  rel_pos=(-0.012,-4.304)
[36m(RolloutWorker pid=3969387)[0m [comm_only] step=   1  agent_2  my_pos=(-0.050,0.500)  received=2 fallback=0
[36m(RolloutWorker pid=3969387)[0m     slot[0] neighbor=agent_1 dist=4.300m age=0.150s quality=0.86  n_pos=(-0.007,4.778)  rel_pos=(0.043,4.278)
[36m(RolloutWorker pid=3969387)[0m     slot[1] neighbor=agent_3 dist=4.342m age=0.150s quality=0.85  n_pos=(0.533,-3.825)  rel_pos=(0.583,-4.325)
[36m(RolloutWorker pid=3969387)[0m [comm_only] step=   1  agent_3  my_pos=(0.550,-3.800)  received=0 fallback=0
[36m(RolloutWorker pid=3969387)[0m     (无有效邻居: 范围外/丢包/延迟/消息过期，slot 填零)
[36m(RolloutWorker pid=3969387)[0m [graph] step=   2 source=comm_only comm_range=3.5m
[36m(RolloutWorker pid=3969387)[0m   robot_0 pos=( 4.600, 0.000) status=active
[36m(RolloutWorker pid=3969387)[0m     adj=[1  0  1  0]  dist=[ 0.00   6.65   4.68   5.55]  quality=[1.00  0.00  0.79  0.00]  neighbors=[2]
[36m(RolloutWorker pid=3969387)[0m   robot_1 pos=(-0.000, 4.800) status=active
[36m(RolloutWorker pid=3969387)[0m     adj=[0  1  1  0]  dist=[ 6.65   0.00   4.30   8.62]  quality=[0.00  1.00  0.86  0.00]  neighbors=[2]
[36m(RolloutWorker pid=3969387)[0m   robot_2 pos=(-0.050, 0.500) status=active
[36m(RolloutWorker pid=3969387)[0m     adj=[1  1  1  1]  dist=[ 4.68   4.30   0.00   4.34]  quality=[0.79  0.86  1.00  0.85]  neighbors=[0, 1, 3]
[36m(RolloutWorker pid=3969387)[0m   robot_3 pos=( 0.550,-3.800) status=active
[36m(RolloutWorker pid=3969387)[0m     adj=[0  0  1  1]  dist=[ 5.55   8.62   4.34   0.00]  quality=[0.00  0.00  0.85  1.00]  neighbors=[2]
[36m(RolloutWorker pid=3969387)[0m [comm_only] step=   2  agent_0  my_pos=(4.600,0.000)  received=1 fallback=0
[36m(RolloutWorker pid=3969387)[0m     slot[0] neighbor=agent_2 dist=4.677m age=0.150s quality=0.79  n_pos=(-0.049,0.495)  rel_pos=(-4.649,0.495)
[36m(RolloutWorker pid=3969387)[0m [comm_only] step=   2  agent_1  my_pos=(-0.000,4.800)  received=1 fallback=0
[36m(RolloutWorker pid=3969387)[0m     slot[0] neighbor=agent_2 dist=4.300m age=0.150s quality=0.86  n_pos=(-0.061,0.492)  rel_pos=(-0.061,-4.308)
[36m(RolloutWorker pid=3969387)[0m [comm_only] step=   2  agent_2  my_pos=(-0.050,0.500)  received=1 fallback=0
[36m(RolloutWorker pid=3969387)[0m     slot[0] neighbor=agent_0 dist=4.677m age=0.150s quality=0.79  n_pos=(4.598,-0.019)  rel_pos=(4.649,-0.519)
[36m(RolloutWorker pid=3969387)[0m [comm_only] step=   2  agent_3  my_pos=(0.550,-3.800)  received=0 fallback=0
[36m(RolloutWorker pid=3969387)[0m     (无有效邻居: 范围外/丢包/延迟/消息过期，slot 填零)
[36m(RolloutWorker pid=3969387)[0m [graph] step=   3 source=comm_only comm_range=3.5m
[36m(RolloutWorker pid=3969387)[0m   robot_0 pos=( 4.604, 0.001) status=active
[36m(RolloutWorker pid=3969387)[0m     adj=[1  0  0  0]  dist=[ 0.00   6.65   4.69   5.56]  quality=[1.00  0.00  0.00  0.00]  neighbors=[]
[36m(RolloutWorker pid=3969387)[0m   robot_1 pos=( 0.004, 4.801) status=active
[36m(RolloutWorker pid=3969387)[0m     adj=[1  1  1  0]  dist=[ 6.65   0.00   4.30   8.61]  quality=[0.44  1.00  0.86  0.00]  neighbors=[0, 2]
[36m(RolloutWorker pid=3969387)[0m   robot_2 pos=(-0.057, 0.505) status=active
[36m(RolloutWorker pid=3969387)[0m     adj=[1  0  1  1]  dist=[ 4.69   0.00   0.00   4.35]  quality=[0.79  0.00  1.00  0.85]  neighbors=[0, 3]
[36m(RolloutWorker pid=3969387)[0m   robot_3 pos=( 0.547,-3.794) status=active
[36m(RolloutWorker pid=3969387)[0m     adj=[1  0  1  1]  dist=[ 5.56   8.61   4.34   0.00]  quality=[0.64  0.00  0.85  1.00]  neighbors=[0, 2]
[36m(RolloutWorker pid=3969387)[0m [comm_only] step=   3  agent_0  my_pos=(4.604,0.001)  received=0 fallback=0
[36m(RolloutWorker pid=3969387)[0m     (无有效邻居: 范围外/丢包/延迟/消息过期，slot 填零)
[36m(RolloutWorker pid=3969387)[0m [comm_only] step=   3  agent_1  my_pos=(0.004,4.801)  received=1 fallback=0
[36m(RolloutWorker pid=3969387)[0m     slot[0] neighbor=agent_2 dist=4.302m age=0.150s quality=0.86  n_pos=(-0.021,0.488)  rel_pos=(-0.025,-4.314)
[36m(RolloutWorker pid=3969387)[0m [comm_only] step=   3  agent_2  my_pos=(-0.057,0.505)  received=2 fallback=0
[36m(RolloutWorker pid=3969387)[0m     slot[0] neighbor=agent_3 dist=4.348m age=0.150s quality=0.85  n_pos=(0.541,-3.807)  rel_pos=(0.599,-4.312)
[36m(RolloutWorker pid=3969387)[0m     slot[1] neighbor=agent_0 dist=4.685m age=0.150s quality=0.79  n_pos=(4.574,-0.001)  rel_pos=(4.631,-0.506)
[36m(RolloutWorker pid=3969387)[0m [comm_only] step=   3  agent_3  my_pos=(0.547,-3.794)  received=2 fallback=0
[36m(RolloutWorker pid=3969387)[0m     slot[0] neighbor=agent_2 dist=4.336m age=0.150s quality=0.85  n_pos=(-0.063,0.488)  rel_pos=(-0.610,4.282)
[36m(RolloutWorker pid=3969387)[0m     slot[1] neighbor=agent_0 dist=5.552m age=0.150s quality=0.64  n_pos=(4.633,-0.039)  rel_pos=(4.086,3.755)
[36m(RolloutWorker pid=3969387)[0m ⚠️ Robot 1: 强制路线非法，回退随机安全采样 start=(-2.60,-3.80) goal=(2.60,3.80)
[36m(RolloutWorker pid=3969387)[0m ⚠️ Robot 1: 强制路线非法，回退随机安全采样 start=(4.20,-1.40) goal=(-4.20,-1.40)
[36m(RolloutWorker pid=3969387)[0m 
[36m(RolloutWorker pid=3969387)[0m ============================================================
[36m(RolloutWorker pid=3969387)[0m 🏁 Episode 结束 (timeout)
[36m(RolloutWorker pid=3969387)[0m    步数: 2000/2000
[36m(RolloutWorker pid=3969387)[0m    完成: 0/4
[36m(RolloutWorker pid=3969387)[0m    活跃: 4  失败: 0
[36m(RolloutWorker pid=3969387)[0m ============================================================
[36m(RolloutWorker pid=3969387)[0m 
[36m(RolloutWorker pid=3969387)[0m [graph] step=   0 source=comm_only comm_range=3.5m
[36m(RolloutWorker pid=3969387)[0m   robot_0 pos=( 4.600, 0.000) status=active
[36m(RolloutWorker pid=3969387)[0m     adj=[1  0  1  0]  dist=[ 0.00   6.65   4.68   5.55]  quality=[1.00  0.00  0.79  0.00]  neighbors=[2]
[36m(RolloutWorker pid=3969387)[0m   robot_1 pos=( 0.000, 4.800) status=active
[36m(RolloutWorker pid=3969387)[0m     adj=[1  1  1  0]  dist=[ 6.65   0.00   4.30   8.62]  quality=[0.44  1.00  0.86  0.00]  neighbors=[0, 2]
[36m(RolloutWorker pid=3969387)[0m   robot_2 pos=(-0.050, 0.500) status=active
[36m(RolloutWorker pid=3969387)[0m     adj=[1  1  1  1]  dist=[ 4.68   4.30   0.00   4.34]  quality=[0.79  0.86  1.00  0.85]  neighbors=[0, 1, 3]
[36m(RolloutWorker pid=3969387)[0m   robot_3 pos=( 0.550,-3.800) status=active
[36m(RolloutWorker pid=3969387)[0m     adj=[0  0  0  1]  dist=[ 5.55   8.62   0.00   0.00]  quality=[0.00  0.00  0.00  1.00]  neighbors=[]
[36m(RolloutWorker pid=3969387)[0m [comm_only] step=   0  agent_0  my_pos=(4.600,0.000)  received=1 fallback=0
[36m(RolloutWorker pid=3969387)[0m     slot[0] neighbor=agent_2 dist=4.677m age=0.150s quality=0.79  n_pos=(-0.057,0.493)  rel_pos=(-4.657,0.493)
[36m(RolloutWorker pid=3969387)[0m [comm_only] step=   0  agent_1  my_pos=(0.000,4.800)  received=1 fallback=0
[36m(RolloutWorker pid=3969387)[0m     slot[0] neighbor=agent_2 dist=4.300m age=0.150s quality=0.86  n_pos=(-0.043,0.491)  rel_pos=(-0.043,-4.309)
[36m(RolloutWorker pid=3969387)[0m [comm_only] step=   0  agent_2  my_pos=(-0.050,0.500)  received=3 fallback=0
[36m(RolloutWorker pid=3969387)[0m     slot[0] neighbor=agent_1 dist=4.300m age=0.150s quality=0.86  n_pos=(-0.022,4.765)  rel_pos=(0.028,4.265)
[36m(RolloutWorker pid=3969387)[0m     slot[1] neighbor=agent_3 dist=4.342m age=0.150s quality=0.85  n_pos=(0.550,-3.820)  rel_pos=(0.600,-4.320)
[36m(RolloutWorker pid=3969387)[0m     slot[2] neighbor=agent_0 dist=4.677m age=0.150s quality=0.79  n_pos=(4.628,0.002)  rel_pos=(4.678,-0.498)
[36m(RolloutWorker pid=3969387)[0m [comm_only] step=   0  agent_3  my_pos=(0.550,-3.800)  received=0 fallback=0
[36m(RolloutWorker pid=3969387)[0m     (无有效邻居: 范围外/丢包/延迟/消息过期，slot 填零)
[36m(RolloutWorker pid=3969387)[0m [graph] step=   1 source=comm_only comm_range=3.5m
[36m(RolloutWorker pid=3969387)[0m   robot_0 pos=( 4.600,-0.000) status=active
[36m(RolloutWorker pid=3969387)[0m     adj=[1  1  0  0]  dist=[ 0.00   6.65   4.68   5.55]  quality=[1.00  0.44  0.00  0.00]  neighbors=[1]
[36m(RolloutWorker pid=3969387)[0m   robot_1 pos=( 0.000, 4.800) status=active
[36m(RolloutWorker pid=3969387)[0m     adj=[0  1  1  0]  dist=[ 0.00   0.00   4.30   8.62]  quality=[0.00  1.00  0.86  0.00]  neighbors=[2]
[36m(RolloutWorker pid=3969387)[0m   robot_2 pos=(-0.050, 0.500) status=active
[36m(RolloutWorker pid=3969387)[0m     adj=[1  1  1  1]  dist=[ 4.68   4.30   0.00   4.34]  quality=[0.79  0.86  1.00  0.85]  neighbors=[0, 1, 3]
[36m(RolloutWorker pid=3969387)[0m   robot_3 pos=( 0.550,-3.800) status=active
[36m(RolloutWorker pid=3969387)[0m     adj=[1  0  1  1]  dist=[ 5.55   8.62   4.34   0.00]  quality=[0.63  0.00  0.85  1.00]  neighbors=[0, 2]
[36m(RolloutWorker pid=3969387)[0m [comm_only] step=   1  agent_0  my_pos=(4.600,-0.000)  received=0 fallback=0
[36m(RolloutWorker pid=3969387)[0m     (无有效邻居: 范围外/丢包/延迟/消息过期，slot 填零)
[36m(RolloutWorker pid=3969387)[0m [comm_only] step=   1  agent_1  my_pos=(0.000,4.800)  received=1 fallback=0
[36m(RolloutWorker pid=3969387)[0m     slot[0] neighbor=agent_2 dist=4.300m age=0.150s quality=0.86  n_pos=(-0.061,0.512)  rel_pos=(-0.061,-4.288)
[36m(RolloutWorker pid=3969387)[0m [comm_only] step=   1  agent_2  my_pos=(-0.050,0.500)  received=1 fallback=0
[36m(RolloutWorker pid=3969387)[0m     slot[0] neighbor=agent_3 dist=4.342m age=0.150s quality=0.85  n_pos=(0.556,-3.786)  rel_pos=(0.606,-4.286)
[36m(RolloutWorker pid=3969387)[0m [comm_only] step=   1  agent_3  my_pos=(0.550,-3.800)  received=1 fallback=0
[36m(RolloutWorker pid=3969387)[0m     slot[0] neighbor=agent_0 dist=5.554m age=0.150s quality=0.63  n_pos=(4.639,-0.017)  rel_pos=(4.089,3.783)
[36m(RolloutWorker pid=3969387)[0m [graph] step=   2 source=comm_only comm_range=3.5m
[36m(RolloutWorker pid=3969387)[0m   robot_0 pos=( 4.600,-0.000) status=active
[36m(RolloutWorker pid=3969387)[0m     adj=[1  1  0  0]  dist=[ 0.00   6.65   4.68   5.55]  quality=[1.00  0.44  0.00  0.00]  neighbors=[1]
[36m(RolloutWorker pid=3969387)[0m   robot_1 pos=( 0.000, 4.800) status=active
[36m(RolloutWorker pid=3969387)[0m     adj=[1  1  1  0]  dist=[ 6.65   0.00   4.30   8.62]  quality=[0.44  1.00  0.86  0.00]  neighbors=[0, 2]
[36m(RolloutWorker pid=3969387)[0m   robot_2 pos=(-0.050, 0.500) status=active
[36m(RolloutWorker pid=3969387)[0m     adj=[1  1  1  0]  dist=[ 4.68   4.30   0.00   4.34]  quality=[0.79  0.86  1.00  0.00]  neighbors=[0, 1]
[36m(RolloutWorker pid=3969387)[0m   robot_3 pos=( 0.550,-3.800) status=active
[36m(RolloutWorker pid=3969387)[0m     adj=[0  0  1  1]  dist=[ 5.55   8.62   4.34   0.00]  quality=[0.00  0.00  0.85  1.00]  neighbors=[2]
[36m(RolloutWorker pid=3969387)[0m [comm_only] step=   2  agent_0  my_pos=(4.600,-0.000)  received=0 fallback=0
[36m(RolloutWorker pid=3969387)[0m     (无有效邻居: 范围外/丢包/延迟/消息过期，slot 填零)
[36m(RolloutWorker pid=3969387)[0m [comm_only] step=   2  agent_1  my_pos=(0.000,4.800)  received=1 fallback=0
[36m(RolloutWorker pid=3969387)[0m     slot[0] neighbor=agent_2 dist=4.300m age=0.150s quality=0.86  n_pos=(-0.061,0.505)  rel_pos=(-0.061,-4.295)
[36m(RolloutWorker pid=3969387)[0m [comm_only] step=   2  agent_2  my_pos=(-0.050,0.500)  received=2 fallback=0
[36m(RolloutWorker pid=3969387)[0m     slot[0] neighbor=agent_1 dist=4.300m age=0.150s quality=0.86  n_pos=(0.027,4.823)  rel_pos=(0.077,4.323)
[36m(RolloutWorker pid=3969387)[0m     slot[1] neighbor=agent_0 dist=4.677m age=0.150s quality=0.79  n_pos=(4.578,-0.011)  rel_pos=(4.628,-0.511)
[36m(RolloutWorker pid=3969387)[0m [comm_only] step=   2  agent_3  my_pos=(0.550,-3.800)  received=1 fallback=0
[36m(RolloutWorker pid=3969387)[0m     slot[0] neighbor=agent_2 dist=4.342m age=0.150s quality=0.85  n_pos=(-0.022,0.498)  rel_pos=(-0.572,4.298)
[36m(RolloutWorker pid=3969387)[0m [graph] step=   3 source=comm_only comm_range=3.5m
[36m(RolloutWorker pid=3969387)[0m   robot_0 pos=( 4.600, 0.000) status=active
[36m(RolloutWorker pid=3969387)[0m     adj=[1  0  1  1]  dist=[ 0.00   6.65   4.68   5.55]  quality=[1.00  0.00  0.79  0.63]  neighbors=[2, 3]
[36m(RolloutWorker pid=3969387)[0m   robot_1 pos=( 0.000, 4.800) status=active
[36m(RolloutWorker pid=3969387)[0m     adj=[1  1  1  0]  dist=[ 6.65   0.00   4.30   8.62]  quality=[0.44  1.00  0.86  0.00]  neighbors=[0, 2]
[36m(RolloutWorker pid=3969387)[0m   robot_2 pos=(-0.050, 0.500) status=active
[36m(RolloutWorker pid=3969387)[0m     adj=[1  1  1  1]  dist=[ 4.68   4.30   0.00   4.34]  quality=[0.79  0.86  1.00  0.85]  neighbors=[0, 1, 3]
[36m(RolloutWorker pid=3969387)[0m   robot_3 pos=( 0.550,-3.800) status=active
[36m(RolloutWorker pid=3969387)[0m     adj=[0  0  1  1]  dist=[ 0.00   8.62   4.34   0.00]  quality=[0.00  0.00  0.85  1.00]  neighbors=[2]
[36m(RolloutWorker pid=3969387)[0m [comm_only] step=   3  agent_0  my_pos=(4.600,0.000)  received=2 fallback=0
[36m(RolloutWorker pid=3969387)[0m     slot[0] neighbor=agent_2 dist=4.677m age=0.150s quality=0.79  n_pos=(-0.069,0.530)  rel_pos=(-4.669,0.530)
[36m(RolloutWorker pid=3969387)[0m     slot[1] neighbor=agent_3 dist=5.554m age=0.150s quality=0.63  n_pos=(0.563,-3.792)  rel_pos=(-4.037,-3.792)
[36m(RolloutWorker pid=3969387)[0m [comm_only] step=   3  agent_1  my_pos=(0.000,4.800)  received=1 fallback=0
[36m(RolloutWorker pid=3969387)[0m     slot[0] neighbor=agent_2 dist=4.300m age=0.150s quality=0.86  n_pos=(-0.048,0.500)  rel_pos=(-0.048,-4.300)
[36m(RolloutWorker pid=3969387)[0m [comm_only] step=   3  agent_2  my_pos=(-0.050,0.500)  received=3 fallback=0
[36m(RolloutWorker pid=3969387)[0m     slot[0] neighbor=agent_1 dist=4.300m age=0.150s quality=0.86  n_pos=(0.020,4.819)  rel_pos=(0.070,4.319)
[36m(RolloutWorker pid=3969387)[0m     slot[1] neighbor=agent_3 dist=4.342m age=0.150s quality=0.85  n_pos=(0.557,-3.782)  rel_pos=(0.607,-4.282)
[36m(RolloutWorker pid=3969387)[0m     slot[2] neighbor=agent_0 dist=4.677m age=0.150s quality=0.79  n_pos=(4.585,0.010)  rel_pos=(4.635,-0.490)
[36m(RolloutWorker pid=3969387)[0m [comm_only] step=   3  agent_3  my_pos=(0.550,-3.800)  received=1 fallback=0
[36m(RolloutWorker pid=3969387)[0m     slot[0] neighbor=agent_2 dist=4.342m age=0.150s quality=0.85  n_pos=(-0.049,0.538)  rel_pos=(-0.599,4.338)
[36m(RolloutWorker pid=3969387)[0m ⚠️ Robot 2: 强制路线非法，回退随机安全采样 start=(2.60,-3.80) goal=(-2.60,3.80)
[36m(RolloutWorker pid=3969387)[0m ⚠️ Robot 3: 强制路线非法，回退随机安全采样 start=(4.20,-1.40) goal=(-4.20,-1.40)
[36m(RolloutWorker pid=3969387)[0m ⚠️ Robot 2: 强制路线非法，回退随机安全采样 start=(4.20,1.40) goal=(-4.20,1.40)
[36m(RolloutWorker pid=3969387)[0m 
[36m(RolloutWorker pid=3969387)[0m ============================================================
[36m(RolloutWorker pid=3969387)[0m 🏁 Episode 结束 (timeout)
[36m(RolloutWorker pid=3969387)[0m    步数: 2000/2000
[36m(RolloutWorker pid=3969387)[0m    完成: 0/4
[36m(RolloutWorker pid=3969387)[0m    活跃: 4  失败: 0
[36m(RolloutWorker pid=3969387)[0m ============================================================
[36m(RolloutWorker pid=3969387)[0m 
[36m(RolloutWorker pid=3969387)[0m [graph] step=   0 source=comm_only comm_range=3.5m
[36m(RolloutWorker pid=3969387)[0m   robot_0 pos=( 4.550, 0.900) status=active
[36m(RolloutWorker pid=3969387)[0m     adj=[1  0  1  1]  dist=[ 0.00   4.30   5.00   7.12]  quality=[1.00  0.00  0.73  0.36]  neighbors=[2, 3]
[36m(RolloutWorker pid=3969387)[0m   robot_1 pos=( 0.500,-0.550) status=active
[36m(RolloutWorker pid=3969387)[0m     adj=[1  1  0  1]  dist=[ 4.30   0.00   1.65   2.95]  quality=[0.86  1.00  0.00  1.00]  neighbors=[0, 3]
[36m(RolloutWorker pid=3969387)[0m   robot_2 pos=(-0.450, 0.800) status=active
[36m(RolloutWorker pid=3969387)[0m     adj=[0  1  1  1]  dist=[ 0.00   1.65   0.00   2.33]  quality=[0.00  1.00  1.00  1.00]  neighbors=[1, 3]
[36m(RolloutWorker pid=3969387)[0m   robot_3 pos=(-2.450,-0.400) status=active
[36m(RolloutWorker pid=3969387)[0m     adj=[1  1  0  1]  dist=[ 7.12   2.95   0.00   0.00]  quality=[0.36  1.00  0.00  1.00]  neighbors=[0, 1]
[36m(RolloutWorker pid=3969387)[0m [comm_only] step=   0  agent_0  my_pos=(4.550,0.900)  received=1 fallback=0
[36m(RolloutWorker pid=3969387)[0m     slot[0] neighbor=agent_2 dist=5.001m age=0.150s quality=0.73  n_pos=(-0.430,0.768)  rel_pos=(-4.980,-0.132)
[36m(RolloutWorker pid=3969387)[0m [comm_only] step=   0  agent_1  my_pos=(0.500,-0.550)  received=2 fallback=0
[36m(RolloutWorker pid=3969387)[0m     slot[0] neighbor=agent_3 dist=2.954m age=0.150s quality=1.00  n_pos=(-2.454,-0.421)  rel_pos=(-2.954,0.129)
[36m(RolloutWorker pid=3969387)[0m     slot[1] neighbor=agent_0 dist=4.302m age=0.150s quality=0.86  n_pos=(4.594,0.903)  rel_pos=(4.094,1.453)
[36m(RolloutWorker pid=3969387)[0m [comm_only] step=   0  agent_2  my_pos=(-0.450,0.800)  received=2 fallback=0
[36m(RolloutWorker pid=3969387)[0m     slot[0] neighbor=agent_1 dist=1.651m age=0.150s quality=1.00  n_pos=(0.506,-0.582)  rel_pos=(0.956,-1.382)
[36m(RolloutWorker pid=3969387)[0m     slot[1] neighbor=agent_3 dist=2.332m age=0.150s quality=1.00  n_pos=(-2.437,-0.392)  rel_pos=(-1.987,-1.192)
[36m(RolloutWorker pid=3969387)[0m [comm_only] step=   0  agent_3  my_pos=(-2.450,-0.400)  received=2 fallback=0
[36m(RolloutWorker pid=3969387)[0m     slot[0] neighbor=agent_1 dist=2.954m age=0.150s quality=1.00  n_pos=(0.456,-0.519)  rel_pos=(2.906,-0.119)
[36m(RolloutWorker pid=3969387)[0m     slot[1] neighbor=agent_0 dist=7.120m age=0.150s quality=0.36  n_pos=(4.534,0.909)  rel_pos=(6.984,1.309)
[36m(RolloutWorker pid=3969387)[0m [graph] step=   1 source=comm_only comm_range=3.5m
[36m(RolloutWorker pid=3969387)[0m   robot_0 pos=( 4.550, 0.900) status=active
[36m(RolloutWorker pid=3969387)[0m     adj=[1  1  1  1]  dist=[ 0.00   4.30   5.00   7.12]  quality=[1.00  0.86  0.73  0.36]  neighbors=[1, 2, 3]
[36m(RolloutWorker pid=3969387)[0m   robot_1 pos=( 0.500,-0.550) status=active
[36m(RolloutWorker pid=3969387)[0m     adj=[1  1  1  1]  dist=[ 4.30   0.00   1.65   2.95]  quality=[0.86  1.00  1.00  1.00]  neighbors=[0, 2, 3]
[36m(RolloutWorker pid=3969387)[0m   robot_2 pos=(-0.450, 0.800) status=active
[36m(RolloutWorker pid=3969387)[0m     adj=[0  1  1  1]  dist=[ 0.00   1.65   0.00   2.33]  quality=[0.00  1.00  1.00  1.00]  neighbors=[1, 3]
[36m(RolloutWorker pid=3969387)[0m   robot_3 pos=(-2.450,-0.400) status=active
[36m(RolloutWorker pid=3969387)[0m     adj=[0  1  1  1]  dist=[ 0.00   2.95   2.33   0.00]  quality=[0.00  1.00  1.00  1.00]  neighbors=[1, 2]
[36m(RolloutWorker pid=3969387)[0m [comm_only] step=   1  agent_0  my_pos=(4.550,0.900)  received=1 fallback=0
[36m(RolloutWorker pid=3969387)[0m     slot[0] neighbor=agent_1 dist=4.302m age=0.150s quality=0.86  n_pos=(0.474,-0.576)  rel_pos=(-4.076,-1.476)
[36m(RolloutWorker pid=3969387)[0m [comm_only] step=   1  agent_1  my_pos=(0.500,-0.550)  received=3 fallback=0
[36m(RolloutWorker pid=3969387)[0m     slot[0] neighbor=agent_2 dist=1.651m age=0.150s quality=1.00  n_pos=(-0.473,0.802)  rel_pos=(-0.973,1.352)
[36m(RolloutWorker pid=3969387)[0m     slot[1] neighbor=agent_3 dist=2.954m age=0.150s quality=1.00  n_pos=(-2.447,-0.363)  rel_pos=(-2.947,0.187)
[36m(RolloutWorker pid=3969387)[0m     slot[2] neighbor=agent_0 dist=4.302m age=0.150s quality=0.86  n_pos=(4.537,0.882)  rel_pos=(4.037,1.432)
[36m(RolloutWorker pid=3969387)[0m [comm_only] step=   1  agent_2  my_pos=(-0.450,0.800)  received=2 fallback=0
[36m(RolloutWorker pid=3969387)[0m     slot[0] neighbor=agent_1 dist=1.651m age=0.150s quality=1.00  n_pos=(0.513,-0.516)  rel_pos=(0.963,-1.316)
[36m(RolloutWorker pid=3969387)[0m     slot[1] neighbor=agent_3 dist=2.332m age=0.150s quality=1.00  n_pos=(-2.450,-0.384)  rel_pos=(-2.000,-1.184)
[36m(RolloutWorker pid=3969387)[0m [comm_only] step=   1  agent_3  my_pos=(-2.450,-0.400)  received=1 fallback=0
[36m(RolloutWorker pid=3969387)[0m     slot[0] neighbor=agent_2 dist=2.332m age=0.150s quality=1.00  n_pos=(-0.442,0.812)  rel_pos=(2.008,1.212)
[36m(RolloutWorker pid=3969387)[0m [graph] step=   2 source=comm_only comm_range=3.5m
[36m(RolloutWorker pid=3969387)[0m   robot_0 pos=( 4.430, 1.117) status=active
[36m(RolloutWorker pid=3969387)[0m     adj=[1  0  1  0]  dist=[ 0.00   4.27   4.89   7.04]  quality=[1.00  0.00  0.75  0.00]  neighbors=[2]
[36m(RolloutWorker pid=3969387)[0m   robot_1 pos=( 0.500,-0.550) status=active
[36m(RolloutWorker pid=3969387)[0m     adj=[1  1  1  1]  dist=[ 4.27   0.00   1.65   2.95]  quality=[0.86  1.00  1.00  1.00]  neighbors=[0, 2, 3]
[36m(RolloutWorker pid=3969387)[0m   robot_2 pos=(-0.450, 0.800) status=active
[36m(RolloutWorker pid=3969387)[0m     adj=[0  1  1  1]  dist=[ 0.00   1.65   0.00   2.33]  quality=[0.00  1.00  1.00  1.00]  neighbors=[1, 3]
[36m(RolloutWorker pid=3969387)[0m   robot_3 pos=(-2.450,-0.400) status=active
[36m(RolloutWorker pid=3969387)[0m     adj=[1  1  1  1]  dist=[ 7.04   2.95   2.33   0.00]  quality=[0.36  1.00  1.00  1.00]  neighbors=[0, 1, 2]
[36m(RolloutWorker pid=3969387)[0m [comm_only] step=   2  agent_0  my_pos=(4.430,1.117)  received=0 fallback=0
[36m(RolloutWorker pid=3969387)[0m     (无有效邻居: 范围外/丢包/延迟/消息过期，slot 填零)
[36m(RolloutWorker pid=3969387)[0m [comm_only] step=   2  agent_1  my_pos=(0.500,-0.550)  received=3 fallback=0
[36m(RolloutWorker pid=3969387)[0m     slot[0] neighbor=agent_2 dist=1.651m age=0.150s quality=1.00  n_pos=(-0.462,0.776)  rel_pos=(-0.962,1.326)
[36m(RolloutWorker pid=3969387)[0m     slot[1] neighbor=agent_3 dist=2.954m age=0.150s quality=1.00  n_pos=(-2.409,-0.420)  rel_pos=(-2.909,0.130)
[36m(RolloutWorker pid=3969387)[0m     slot[2] neighbor=agent_0 dist=4.302m age=0.150s quality=0.86  n_pos=(4.560,0.899)  rel_pos=(4.060,1.449)
[36m(RolloutWorker pid=3969387)[0m [comm_only] step=   2  agent_2  my_pos=(-0.450,0.800)  received=2 fallback=0
[36m(RolloutWorker pid=3969387)[0m     slot[0] neighbor=agent_1 dist=1.651m age=0.150s quality=1.00  n_pos=(0.501,-0.535)  rel_pos=(0.951,-1.335)
[36m(RolloutWorker pid=3969387)[0m     slot[1] neighbor=agent_3 dist=2.332m age=0.150s quality=1.00  n_pos=(-2.479,-0.398)  rel_pos=(-2.029,-1.198)
[36m(RolloutWorker pid=3969387)[0m [comm_only] step=   2  agent_3  my_pos=(-2.450,-0.400)  received=2 fallback=0
[36m(RolloutWorker pid=3969387)[0m     slot[0] neighbor=agent_2 dist=2.332m age=0.150s quality=1.00  n_pos=(-0.430,0.805)  rel_pos=(2.020,1.206)
[36m(RolloutWorker pid=3969387)[0m     slot[1] neighbor=agent_1 dist=2.954m age=0.150s quality=1.00  n_pos=(0.511,-0.533)  rel_pos=(2.961,-0.133)
[36m(RolloutWorker pid=3969387)[0m [graph] step=   3 source=comm_only comm_range=3.5m
[36m(RolloutWorker pid=3969387)[0m   robot_0 pos=( 4.432, 1.127) status=active
[36m(RolloutWorker pid=3969387)[0m     adj=[1  1  0  0]  dist=[ 0.00   4.28   4.89   7.05]  quality=[1.00  0.86  0.00  0.00]  neighbors=[1]
[36m(RolloutWorker pid=3969387)[0m   robot_1 pos=( 0.500,-0.550) status=active
[36m(RolloutWorker pid=3969387)[0m     adj=[0  1  1  1]  dist=[ 0.00   0.00   1.65   2.95]  quality=[0.00  1.00  1.00  1.00]  neighbors=[2, 3]
[36m(RolloutWorker pid=3969387)[0m   robot_2 pos=(-0.450, 0.800) status=active
[36m(RolloutWorker pid=3969387)[0m     adj=[0  1  1  1]  dist=[ 4.89   1.65   0.00   2.33]  quality=[0.00  1.00  1.00  1.00]  neighbors=[1, 3]
[36m(RolloutWorker pid=3969387)[0m   robot_3 pos=(-2.450,-0.400) status=active
[36m(RolloutWorker pid=3969387)[0m     adj=[1  1  1  1]  dist=[ 7.05   2.95   2.33   0.00]  quality=[0.36  1.00  1.00  1.00]  neighbors=[0, 1, 2]
[36m(RolloutWorker pid=3969387)[0m [comm_only] step=   3  agent_0  my_pos=(4.432,1.127)  received=1 fallback=0
[36m(RolloutWorker pid=3969387)[0m     slot[0] neighbor=agent_1 dist=4.275m age=0.150s quality=0.86  n_pos=(0.513,-0.535)  rel_pos=(-3.920,-1.662)
[36m(RolloutWorker pid=3969387)[0m [comm_only] step=   3  agent_1  my_pos=(0.500,-0.550)  received=2 fallback=0
[36m(RolloutWorker pid=3969387)[0m     slot[0] neighbor=agent_2 dist=1.651m age=0.150s quality=1.00  n_pos=(-0.445,0.795)  rel_pos=(-0.945,1.345)
[36m(RolloutWorker pid=3969387)[0m     slot[1] neighbor=agent_3 dist=2.954m age=0.150s quality=1.00  n_pos=(-2.467,-0.380)  rel_pos=(-2.967,0.170)
[36m(RolloutWorker pid=3969387)[0m [comm_only] step=   3  agent_2  my_pos=(-0.450,0.800)  received=2 fallback=0
[36m(RolloutWorker pid=3969387)[0m     slot[0] neighbor=agent_1 dist=1.651m age=0.150s quality=1.00  n_pos=(0.514,-0.536)  rel_pos=(0.964,-1.336)
[36m(RolloutWorker pid=3969387)[0m     slot[1] neighbor=agent_3 dist=2.332m age=0.150s quality=1.00  n_pos=(-2.453,-0.417)  rel_pos=(-2.003,-1.217)
[36m(RolloutWorker pid=3969387)[0m [comm_only] step=   3  agent_3  my_pos=(-2.450,-0.400)  received=2 fallback=0
[36m(RolloutWorker pid=3969387)[0m     slot[0] neighbor=agent_2 dist=2.332m age=0.150s quality=1.00  n_pos=(-0.419,0.841)  rel_pos=(2.031,1.241)
[36m(RolloutWorker pid=3969387)[0m     slot[1] neighbor=agent_1 dist=2.954m age=0.150s quality=1.00  n_pos=(0.505,-0.553)  rel_pos=(2.955,-0.153)
[36m(RolloutWorker pid=3969387)[0m ⚠️ Robot 0: 强制路线非法，回退随机安全采样 start=(4.20,-1.40) goal=(-4.20,-1.40)
[36m(RolloutWorker pid=3969387)[0m ⚠️ Robot 2: 强制路线非法，回退随机安全采样 start=(4.20,1.40) goal=(-4.20,1.40)
  [███░░░░░░░░░░░░░░░░░░░░░░░░░░░]  10.0%     5,000 / 50,000 步  回报 -884.31  ETA 01:31:28[36m(RolloutWorker pid=3969387)[0m ⚠️ Robot 3: 强制路线非法，回退随机安全采样 start=(2.60,-3.80) goal=(-2.60,3.80)
[36m(RolloutWorker pid=3969387)[0m ⚠️ Robot 3: 强制路线非法，回退随机安全采样 start=(-3.80,2.40) goal=(3.80,-2.40)
[36m(RolloutWorker pid=3969387)[0m 
[36m(RolloutWorker pid=3969387)[0m ============================================================
[36m(RolloutWorker pid=3969387)[0m 🏁 Episode 结束 (timeout)
[36m(RolloutWorker pid=3969387)[0m    步数: 2000/2000
[36m(RolloutWorker pid=3969387)[0m    完成: 0/4
[36m(RolloutWorker pid=3969387)[0m    活跃: 4  失败: 0
[36m(RolloutWorker pid=3969387)[0m ============================================================
[36m(RolloutWorker pid=3969387)[0m 
[36m(RolloutWorker pid=3969387)[0m [graph] step=   0 source=comm_only comm_range=3.5m
[36m(RolloutWorker pid=3969387)[0m   robot_0 pos=( 4.550, 0.900) status=active
[36m(RolloutWorker pid=3969387)[0m     adj=[1  1  1  0]  dist=[ 0.00   4.30   5.00   7.12]  quality=[1.00  0.86  0.73  0.00]  neighbors=[1, 2]
[36m(RolloutWorker pid=3969387)[0m   robot_1 pos=( 0.500,-0.550) status=active
[36m(RolloutWorker pid=3969387)[0m     adj=[1  1  1  1]  dist=[ 4.30   0.00   1.65   2.95]  quality=[0.86  1.00  1.00  1.00]  neighbors=[0, 2, 3]
[36m(RolloutWorker pid=3969387)[0m   robot_2 pos=(-0.450, 0.800) status=active
[36m(RolloutWorker pid=3969387)[0m     adj=[1  1  1  1]  dist=[ 5.00   1.65   0.00   2.33]  quality=[0.73  1.00  1.00  1.00]  neighbors=[0, 1, 3]
[36m(RolloutWorker pid=3969387)[0m   robot_3 pos=(-2.450,-0.400) status=active
[36m(RolloutWorker pid=3969387)[0m     adj=[0  1  1  1]  dist=[ 7.12   2.95   2.33   0.00]  quality=[0.00  1.00  1.00  1.00]  neighbors=[1, 2]
[36m(RolloutWorker pid=3969387)[0m [comm_only] step=   0  agent_0  my_pos=(4.550,0.900)  received=2 fallback=0
[36m(RolloutWorker pid=3969387)[0m     slot[0] neighbor=agent_1 dist=4.302m age=0.150s quality=0.86  n_pos=(0.504,-0.540)  rel_pos=(-4.046,-1.440)
[36m(RolloutWorker pid=3969387)[0m     slot[1] neighbor=agent_2 dist=5.001m age=0.150s quality=0.73  n_pos=(-0.482,0.809)  rel_pos=(-5.032,-0.091)
[36m(RolloutWorker pid=3969387)[0m [comm_only] step=   0  agent_1  my_pos=(0.500,-0.550)  received=3 fallback=0
[36m(RolloutWorker pid=3969387)[0m     slot[0] neighbor=agent_2 dist=1.651m age=0.150s quality=1.00  n_pos=(-0.405,0.800)  rel_pos=(-0.905,1.350)
[36m(RolloutWorker pid=3969387)[0m     slot[1] neighbor=agent_3 dist=2.954m age=0.150s quality=1.00  n_pos=(-2.463,-0.409)  rel_pos=(-2.963,0.141)
[36m(RolloutWorker pid=3969387)[0m     slot[2] neighbor=agent_0 dist=4.302m age=0.150s quality=0.86  n_pos=(4.549,0.918)  rel_pos=(4.049,1.468)
[36m(RolloutWorker pid=3969387)[0m [comm_only] step=   0  agent_2  my_pos=(-0.450,0.800)  received=2 fallback=0
[36m(RolloutWorker pid=3969387)[0m     slot[0] neighbor=agent_3 dist=2.332m age=0.150s quality=1.00  n_pos=(-2.421,-0.385)  rel_pos=(-1.971,-1.185)
[36m(RolloutWorker pid=3969387)[0m     slot[1] neighbor=agent_0 dist=5.001m age=0.150s quality=0.73  n_pos=(4.551,0.860)  rel_pos=(5.001,0.060)
[36m(RolloutWorker pid=3969387)[0m [comm_only] step=   0  agent_3  my_pos=(-2.450,-0.400)  received=1 fallback=0
[36m(RolloutWorker pid=3969387)[0m     slot[0] neighbor=agent_2 dist=2.332m age=0.150s quality=1.00  n_pos=(-0.439,0.778)  rel_pos=(2.011,1.178)
[36m(RolloutWorker pid=3969387)[0m [graph] step=   1 source=comm_only comm_range=3.5m
[36m(RolloutWorker pid=3969387)[0m   robot_0 pos=( 4.550, 0.901) status=active
[36m(RolloutWorker pid=3969387)[0m     adj=[1  1  0  0]  dist=[ 0.00   4.30   5.00   7.12]  quality=[1.00  0.86  0.00  0.00]  neighbors=[1]
[36m(RolloutWorker pid=3969387)[0m   robot_1 pos=( 0.500,-0.550) status=active
[36m(RolloutWorker pid=3969387)[0m     adj=[1  1  0  1]  dist=[ 4.30   0.00   1.65   2.95]  quality=[0.86  1.00  0.00  1.00]  neighbors=[0, 3]
[36m(RolloutWorker pid=3969387)[0m   robot_2 pos=(-0.450, 0.800) status=active
[36m(RolloutWorker pid=3969387)[0m     adj=[0  1  1  1]  dist=[ 5.00   1.65   0.00   2.33]  quality=[0.00  1.00  1.00  1.00]  neighbors=[1, 3]
[36m(RolloutWorker pid=3969387)[0m   robot_3 pos=(-2.450,-0.400) status=active
[36m(RolloutWorker pid=3969387)[0m     adj=[0  1  1  1]  dist=[ 7.12   2.95   2.33   0.00]  quality=[0.00  1.00  1.00  1.00]  neighbors=[1, 2]
[36m(RolloutWorker pid=3969387)[0m [comm_only] step=   1  agent_0  my_pos=(4.550,0.901)  received=1 fallback=0
[36m(RolloutWorker pid=3969387)[0m     slot[0] neighbor=agent_1 dist=4.302m age=0.150s quality=0.86  n_pos=(0.484,-0.570)  rel_pos=(-4.065,-1.470)
[36m(RolloutWorker pid=3969387)[0m [comm_only] step=   1  agent_1  my_pos=(0.500,-0.550)  received=2 fallback=0
[36m(RolloutWorker pid=3969387)[0m     slot[0] neighbor=agent_3 dist=2.954m age=0.150s quality=1.00  n_pos=(-2.438,-0.403)  rel_pos=(-2.938,0.147)
[36m(RolloutWorker pid=3969387)[0m     slot[1] neighbor=agent_0 dist=4.302m age=0.150s quality=0.86  n_pos=(4.542,0.905)  rel_pos=(4.042,1.455)
[36m(RolloutWorker pid=3969387)[0m [comm_only] step=   1  agent_2  my_pos=(-0.450,0.800)  received=2 fallback=0
[36m(RolloutWorker pid=3969387)[0m     slot[0] neighbor=agent_1 dist=1.651m age=0.150s quality=1.00  n_pos=(0.496,-0.527)  rel_pos=(0.946,-1.327)
[36m(RolloutWorker pid=3969387)[0m     slot[1] neighbor=agent_3 dist=2.332m age=0.150s quality=1.00  n_pos=(-2.473,-0.384)  rel_pos=(-2.023,-1.184)
[36m(RolloutWorker pid=3969387)[0m [comm_only] step=   1  agent_3  my_pos=(-2.450,-0.400)  received=2 fallback=0
[36m(RolloutWorker pid=3969387)[0m     slot[0] neighbor=agent_2 dist=2.332m age=0.150s quality=1.00  n_pos=(-0.439,0.773)  rel_pos=(2.011,1.173)
[36m(RolloutWorker pid=3969387)[0m     slot[1] neighbor=agent_1 dist=2.954m age=0.150s quality=1.00  n_pos=(0.508,-0.573)  rel_pos=(2.958,-0.173)
[36m(RolloutWorker pid=3969387)[0m [graph] step=   2 source=comm_only comm_range=3.5m
[36m(RolloutWorker pid=3969387)[0m   robot_0 pos=( 4.549, 0.901) status=active
[36m(RolloutWorker pid=3969387)[0m     adj=[1  1  1  0]  dist=[ 0.00   4.30   5.00   7.12]  quality=[1.00  0.86  0.73  0.00]  neighbors=[1, 2]
[36m(RolloutWorker pid=3969387)[0m   robot_1 pos=( 0.500,-0.550) status=active
[36m(RolloutWorker pid=3969387)[0m     adj=[1  1  1  1]  dist=[ 4.30   0.00   1.65   2.95]  quality=[0.86  1.00  1.00  1.00]  neighbors=[0, 2, 3]
[36m(RolloutWorker pid=3969387)[0m   robot_2 pos=(-0.450, 0.800) status=active
[36m(RolloutWorker pid=3969387)[0m     adj=[1  1  1  1]  dist=[ 5.00   1.65   0.00   2.33]  quality=[0.73  1.00  1.00  1.00]  neighbors=[0, 1, 3]
[36m(RolloutWorker pid=3969387)[0m   robot_3 pos=(-2.450,-0.400) status=active
[36m(RolloutWorker pid=3969387)[0m     adj=[0  0  1  1]  dist=[ 7.12   0.00   2.33   0.00]  quality=[0.00  0.00  1.00  1.00]  neighbors=[2]
[36m(RolloutWorker pid=3969387)[0m [comm_only] step=   2  agent_0  my_pos=(4.549,0.901)  received=1 fallback=0
[36m(RolloutWorker pid=3969387)[0m     slot[0] neighbor=agent_1 dist=4.301m age=0.150s quality=0.86  n_pos=(0.526,-0.556)  rel_pos=(-4.023,-1.457)
[36m(RolloutWorker pid=3969387)[0m [comm_only] step=   2  agent_1  my_pos=(0.500,-0.550)  received=2 fallback=0
[36m(RolloutWorker pid=3969387)[0m     slot[0] neighbor=agent_3 dist=2.954m age=0.150s quality=1.00  n_pos=(-2.438,-0.409)  rel_pos=(-2.938,0.141)
[36m(RolloutWorker pid=3969387)[0m     slot[1] neighbor=agent_0 dist=4.302m age=0.150s quality=0.86  n_pos=(4.545,0.912)  rel_pos=(4.045,1.462)
[36m(RolloutWorker pid=3969387)[0m [comm_only] step=   2  agent_2  my_pos=(-0.450,0.800)  received=3 fallback=0
[36m(RolloutWorker pid=3969387)[0m     slot[0] neighbor=agent_1 dist=1.651m age=0.150s quality=1.00  n_pos=(0.501,-0.526)  rel_pos=(0.951,-1.326)
[36m(RolloutWorker pid=3969387)[0m     slot[1] neighbor=agent_3 dist=2.332m age=0.150s quality=1.00  n_pos=(-2.457,-0.405)  rel_pos=(-2.007,-1.205)
[36m(RolloutWorker pid=3969387)[0m     slot[2] neighbor=agent_0 dist=5.001m age=0.150s quality=0.73  n_pos=(4.544,0.893)  rel_pos=(4.994,0.093)
[36m(RolloutWorker pid=3969387)[0m [comm_only] step=   2  agent_3  my_pos=(-2.450,-0.400)  received=1 fallback=0
[36m(RolloutWorker pid=3969387)[0m     slot[0] neighbor=agent_2 dist=2.332m age=0.150s quality=1.00  n_pos=(-0.436,0.788)  rel_pos=(2.014,1.188)
[36m(RolloutWorker pid=3969387)[0m [graph] step=   3 source=comm_only comm_range=3.5m
[36m(RolloutWorker pid=3969387)[0m   robot_0 pos=( 4.548, 0.903) status=active
[36m(RolloutWorker pid=3969387)[0m     adj=[1  1  0  0]  dist=[ 0.00   4.30   5.00   7.12]  quality=[1.00  0.86  0.00  0.00]  neighbors=[1]
[36m(RolloutWorker pid=3969387)[0m   robot_1 pos=( 0.500,-0.550) status=active
[36m(RolloutWorker pid=3969387)[0m     adj=[1  1  1  1]  dist=[ 4.30   0.00   1.65   2.95]  quality=[0.86  1.00  1.00  1.00]  neighbors=[0, 2, 3]
[36m(RolloutWorker pid=3969387)[0m   robot_2 pos=(-0.450, 0.800) status=active
[36m(RolloutWorker pid=3969387)[0m     adj=[1  1  1  1]  dist=[ 5.00   1.65   0.00   2.33]  quality=[0.73  1.00  1.00  1.00]  neighbors=[0, 1, 3]
[36m(RolloutWorker pid=3969387)[0m   robot_3 pos=(-2.450,-0.400) status=active
[36m(RolloutWorker pid=3969387)[0m     adj=[0  1  1  1]  dist=[ 7.12   2.95   2.33   0.00]  quality=[0.00  1.00  1.00  1.00]  neighbors=[1, 2]
[36m(RolloutWorker pid=3969387)[0m [comm_only] step=   3  agent_0  my_pos=(4.548,0.903)  received=1 fallback=0
[36m(RolloutWorker pid=3969387)[0m     slot[0] neighbor=agent_1 dist=4.301m age=0.150s quality=0.86  n_pos=(0.516,-0.550)  rel_pos=(-4.032,-1.452)
[36m(RolloutWorker pid=3969387)[0m [comm_only] step=   3  agent_1  my_pos=(0.500,-0.550)  received=3 fallback=0
[36m(RolloutWorker pid=3969387)[0m     slot[0] neighbor=agent_2 dist=1.651m age=0.150s quality=1.00  n_pos=(-0.505,0.798)  rel_pos=(-1.005,1.348)
[36m(RolloutWorker pid=3969387)[0m     slot[1] neighbor=agent_3 dist=2.954m age=0.150s quality=1.00  n_pos=(-2.432,-0.393)  rel_pos=(-2.932,0.157)
[36m(RolloutWorker pid=3969387)[0m     slot[2] neighbor=agent_0 dist=4.301m age=0.150s quality=0.86  n_pos=(4.511,0.898)  rel_pos=(4.011,1.448)
[36m(RolloutWorker pid=3969387)[0m [comm_only] step=   3  agent_2  my_pos=(-0.450,0.800)  received=3 fallback=0
[36m(RolloutWorker pid=3969387)[0m     slot[0] neighbor=agent_1 dist=1.651m age=0.150s quality=1.00  n_pos=(0.495,-0.537)  rel_pos=(0.945,-1.337)
[36m(RolloutWorker pid=3969387)[0m     slot[1] neighbor=agent_3 dist=2.332m age=0.150s quality=1.00  n_pos=(-2.429,-0.403)  rel_pos=(-1.979,-1.203)
[36m(RolloutWorker pid=3969387)[0m     slot[2] neighbor=agent_0 dist=5.000m age=0.150s quality=0.73  n_pos=(4.546,0.895)  rel_pos=(4.996,0.095)
[36m(RolloutWorker pid=3969387)[0m [comm_only] step=   3  agent_3  my_pos=(-2.450,-0.400)  received=2 fallback=0
[36m(RolloutWorker pid=3969387)[0m     slot[0] neighbor=agent_2 dist=2.332m age=0.150s quality=1.00  n_pos=(-0.467,0.786)  rel_pos=(1.984,1.186)
[36m(RolloutWorker pid=3969387)[0m     slot[1] neighbor=agent_1 dist=2.954m age=0.150s quality=1.00  n_pos=(0.522,-0.537)  rel_pos=(2.972,-0.137)
[36m(RolloutWorker pid=3969387)[0m ⚠️ Robot 3: 强制路线非法，回退随机安全采样 start=(-4.20,1.40) goal=(4.20,1.40)
[36m(RolloutWorker pid=3969387)[0m ⚠️ Robot 1: 强制路线非法，回退随机安全采样 start=(4.20,1.40) goal=(-4.20,1.40)
[36m(RolloutWorker pid=3969387)[0m ⚠️ Robot 1: 强制路线非法，回退随机安全采样 start=(-2.60,-3.80) goal=(2.60,3.80)
[36m(RolloutWorker pid=3969387)[0m 
[36m(RolloutWorker pid=3969387)[0m ============================================================
[36m(RolloutWorker pid=3969387)[0m 🏁 Episode 结束 (timeout)
[36m(RolloutWorker pid=3969387)[0m    步数: 2000/2000
[36m(RolloutWorker pid=3969387)[0m    完成: 0/4
[36m(RolloutWorker pid=3969387)[0m    活跃: 4  失败: 0
[36m(RolloutWorker pid=3969387)[0m ============================================================
[36m(RolloutWorker pid=3969387)[0m 
[36m(RolloutWorker pid=3969387)[0m [graph] step=   0 source=comm_only comm_range=3.5m
[36m(RolloutWorker pid=3969387)[0m   robot_0 pos=( 4.550, 0.900) status=active
[36m(RolloutWorker pid=3969387)[0m     adj=[1  1  1  1]  dist=[ 0.00   4.30   5.00   7.12]  quality=[1.00  0.86  0.73  0.36]  neighbors=[1, 2, 3]
[36m(RolloutWorker pid=3969387)[0m   robot_1 pos=( 0.500,-0.550) status=active
[36m(RolloutWorker pid=3969387)[0m     adj=[1  1  1  1]  dist=[ 4.30   0.00   1.65   2.95]  quality=[0.86  1.00  1.00  1.00]  neighbors=[0, 2, 3]
[36m(RolloutWorker pid=3969387)[0m   robot_2 pos=(-0.450, 0.800) status=active
[36m(RolloutWorker pid=3969387)[0m     adj=[1  1  1  1]  dist=[ 5.00   1.65   0.00   2.33]  quality=[0.73  1.00  1.00  1.00]  neighbors=[0, 1, 3]
[36m(RolloutWorker pid=3969387)[0m   robot_3 pos=(-2.450,-0.400) status=active
[36m(RolloutWorker pid=3969387)[0m     adj=[0  1  1  1]  dist=[ 0.00   2.95   2.33   0.00]  quality=[0.00  1.00  1.00  1.00]  neighbors=[1, 2]
[36m(RolloutWorker pid=3969387)[0m [comm_only] step=   0  agent_0  my_pos=(4.550,0.900)  received=3 fallback=0
[36m(RolloutWorker pid=3969387)[0m     slot[0] neighbor=agent_1 dist=4.302m age=0.150s quality=0.86  n_pos=(0.494,-0.517)  rel_pos=(-4.056,-1.417)
[36m(RolloutWorker pid=3969387)[0m     slot[1] neighbor=agent_2 dist=5.001m age=0.150s quality=0.73  n_pos=(-0.453,0.844)  rel_pos=(-5.003,-0.056)
[36m(RolloutWorker pid=3969387)[0m     slot[2] neighbor=agent_3 dist=7.120m age=0.150s quality=0.36  n_pos=(-2.464,-0.416)  rel_pos=(-7.014,-1.316)
[36m(RolloutWorker pid=3969387)[0m [comm_only] step=   0  agent_1  my_pos=(0.500,-0.550)  received=2 fallback=0
[36m(RolloutWorker pid=3969387)[0m     slot[0] neighbor=agent_3 dist=2.954m age=0.150s quality=1.00  n_pos=(-2.439,-0.384)  rel_pos=(-2.939,0.166)
[36m(RolloutWorker pid=3969387)[0m     slot[1] neighbor=agent_0 dist=4.302m age=0.150s quality=0.86  n_pos=(4.567,0.886)  rel_pos=(4.067,1.436)
[36m(RolloutWorker pid=3969387)[0m [comm_only] step=   0  agent_2  my_pos=(-0.450,0.800)  received=1 fallback=0
[36m(RolloutWorker pid=3969387)[0m     slot[0] neighbor=agent_1 dist=1.651m age=0.150s quality=1.00  n_pos=(0.546,-0.553)  rel_pos=(0.996,-1.353)
[36m(RolloutWorker pid=3969387)[0m [comm_only] step=   0  agent_3  my_pos=(-2.450,-0.400)  received=2 fallback=0
[36m(RolloutWorker pid=3969387)[0m     slot[0] neighbor=agent_2 dist=2.332m age=0.150s quality=1.00  n_pos=(-0.444,0.793)  rel_pos=(2.006,1.193)
[36m(RolloutWorker pid=3969387)[0m     slot[1] neighbor=agent_1 dist=2.954m age=0.150s quality=1.00  n_pos=(0.519,-0.573)  rel_pos=(2.969,-0.173)
[36m(RolloutWorker pid=3969387)[0m [graph] step=   1 source=comm_only comm_range=3.5m
[36m(RolloutWorker pid=3969387)[0m   robot_0 pos=( 4.550, 0.900) status=active
[36m(RolloutWorker pid=3969387)[0m     adj=[1  0  1  1]  dist=[ 0.00   4.30   5.00   7.12]  quality=[1.00  0.00  0.73  0.36]  neighbors=[2, 3]
[36m(RolloutWorker pid=3969387)[0m   robot_1 pos=( 0.500,-0.550) status=active
[36m(RolloutWorker pid=3969387)[0m     adj=[1  1  1  1]  dist=[ 4.30   0.00   1.65   2.95]  quality=[0.86  1.00  1.00  1.00]  neighbors=[0, 2, 3]
[36m(RolloutWorker pid=3969387)[0m   robot_2 pos=(-0.450, 0.800) status=active
[36m(RolloutWorker pid=3969387)[0m     adj=[1  1  1  0]  dist=[ 5.00   1.65   0.00   2.33]  quality=[0.73  1.00  1.00  0.00]  neighbors=[0, 1]
[36m(RolloutWorker pid=3969387)[0m   robot_3 pos=(-2.450,-0.400) status=active
[36m(RolloutWorker pid=3969387)[0m     adj=[0  1  1  1]  dist=[ 0.00   2.95   2.33   0.00]  quality=[0.00  1.00  1.00  1.00]  neighbors=[1, 2]
[36m(RolloutWorker pid=3969387)[0m [comm_only] step=   1  agent_0  my_pos=(4.550,0.900)  received=1 fallback=0
[36m(RolloutWorker pid=3969387)[0m     slot[0] neighbor=agent_2 dist=5.001m age=0.150s quality=0.73  n_pos=(-0.467,0.783)  rel_pos=(-5.017,-0.117)
[36m(RolloutWorker pid=3969387)[0m [comm_only] step=   1  agent_1  my_pos=(0.500,-0.550)  received=2 fallback=0
[36m(RolloutWorker pid=3969387)[0m     slot[0] neighbor=agent_2 dist=1.651m age=0.150s quality=1.00  n_pos=(-0.433,0.819)  rel_pos=(-0.933,1.369)
[36m(RolloutWorker pid=3969387)[0m     slot[1] neighbor=agent_3 dist=2.954m age=0.150s quality=1.00  n_pos=(-2.447,-0.415)  rel_pos=(-2.947,0.135)
[36m(RolloutWorker pid=3969387)[0m [comm_only] step=   1  agent_2  my_pos=(-0.450,0.800)  received=2 fallback=0
[36m(RolloutWorker pid=3969387)[0m     slot[0] neighbor=agent_1 dist=1.651m age=0.150s quality=1.00  n_pos=(0.529,-0.551)  rel_pos=(0.979,-1.351)
[36m(RolloutWorker pid=3969387)[0m     slot[1] neighbor=agent_0 dist=5.001m age=0.150s quality=0.73  n_pos=(4.530,0.886)  rel_pos=(4.980,0.086)
[36m(RolloutWorker pid=3969387)[0m [comm_only] step=   1  agent_3  my_pos=(-2.450,-0.400)  received=2 fallback=0
[36m(RolloutWorker pid=3969387)[0m     slot[0] neighbor=agent_2 dist=2.332m age=0.150s quality=1.00  n_pos=(-0.462,0.745)  rel_pos=(1.988,1.145)
[36m(RolloutWorker pid=3969387)[0m     slot[1] neighbor=agent_1 dist=2.954m age=0.150s quality=1.00  n_pos=(0.506,-0.559)  rel_pos=(2.956,-0.159)
[36m(RolloutWorker pid=3969387)[0m [graph] step=   2 source=comm_only comm_range=3.5m
[36m(RolloutWorker pid=3969387)[0m   robot_0 pos=( 4.522, 0.906) status=active
[36m(RolloutWorker pid=3969387)[0m     adj=[1  1  0  1]  dist=[ 0.00   4.28   4.97   7.09]  quality=[1.00  0.86  0.00  0.36]  neighbors=[1, 3]
[36m(RolloutWorker pid=3969387)[0m   robot_1 pos=( 0.500,-0.550) status=active
[36m(RolloutWorker pid=3969387)[0m     adj=[1  1  1  1]  dist=[ 4.30   0.00   1.65   2.95]  quality=[0.86  1.00  1.00  1.00]  neighbors=[0, 2, 3]
[36m(RolloutWorker pid=3969387)[0m   robot_2 pos=(-0.450, 0.800) status=active
[36m(RolloutWorker pid=3969387)[0m     adj=[1  1  1  1]  dist=[ 4.97   1.65   0.00   2.33]  quality=[0.73  1.00  1.00  1.00]  neighbors=[0, 1, 3]
[36m(RolloutWorker pid=3969387)[0m   robot_3 pos=(-2.450,-0.400) status=active
[36m(RolloutWorker pid=3969387)[0m     adj=[0  1  1  1]  dist=[ 0.00   2.95   2.33   0.00]  quality=[0.00  1.00  1.00  1.00]  neighbors=[1, 2]
[36m(RolloutWorker pid=3969387)[0m [comm_only] step=   2  agent_0  my_pos=(4.522,0.906)  received=1 fallback=0
[36m(RolloutWorker pid=3969387)[0m     slot[0] neighbor=agent_1 dist=4.278m age=0.150s quality=0.86  n_pos=(0.517,-0.573)  rel_pos=(-4.006,-1.479)
[36m(RolloutWorker pid=3969387)[0m [comm_only] step=   2  agent_1  my_pos=(0.500,-0.550)  received=3 fallback=0
[36m(RolloutWorker pid=3969387)[0m     slot[0] neighbor=agent_2 dist=1.651m age=0.150s quality=1.00  n_pos=(-0.452,0.778)  rel_pos=(-0.952,1.328)
[36m(RolloutWorker pid=3969387)[0m     slot[1] neighbor=agent_3 dist=2.954m age=0.150s quality=1.00  n_pos=(-2.435,-0.395)  rel_pos=(-2.935,0.155)
[36m(RolloutWorker pid=3969387)[0m     slot[2] neighbor=agent_0 dist=4.302m age=0.150s quality=0.86  n_pos=(4.593,0.862)  rel_pos=(4.093,1.412)
[36m(RolloutWorker pid=3969387)[0m [comm_only] step=   2  agent_2  my_pos=(-0.450,0.800)  received=2 fallback=0
[36m(RolloutWorker pid=3969387)[0m     slot[0] neighbor=agent_3 dist=2.332m age=0.150s quality=1.00  n_pos=(-2.454,-0.403)  rel_pos=(-2.004,-1.203)
[36m(RolloutWorker pid=3969387)[0m     slot[1] neighbor=agent_0 dist=5.001m age=0.150s quality=0.73  n_pos=(4.533,0.911)  rel_pos=(4.983,0.111)
[36m(RolloutWorker pid=3969387)[0m [comm_only] step=   2  agent_3  my_pos=(-2.450,-0.400)  received=2 fallback=0
[36m(RolloutWorker pid=3969387)[0m     slot[0] neighbor=agent_2 dist=2.332m age=0.150s quality=1.00  n_pos=(-0.436,0.819)  rel_pos=(2.014,1.219)
[36m(RolloutWorker pid=3969387)[0m     slot[1] neighbor=agent_1 dist=2.954m age=0.150s quality=1.00  n_pos=(0.544,-0.544)  rel_pos=(2.994,-0.144)
[36m(RolloutWorker pid=3969387)[0m [graph] step=   3 source=comm_only comm_range=3.5m
[36m(RolloutWorker pid=3969387)[0m   robot_0 pos=( 4.518, 0.908) status=active
[36m(RolloutWorker pid=3969387)[0m     adj=[1  1  1  0]  dist=[ 0.00   4.27   4.97   7.09]  quality=[1.00  0.86  0.74  0.00]  neighbors=[1, 2]
[36m(RolloutWorker pid=3969387)[0m   robot_1 pos=( 0.500,-0.550) status=active
[36m(RolloutWorker pid=3969387)[0m     adj=[1  1  1  1]  dist=[ 4.30   0.00   1.65   2.95]  quality=[0.86  1.00  1.00  1.00]  neighbors=[0, 2, 3]
[36m(RolloutWorker pid=3969387)[0m   robot_2 pos=(-0.450, 0.800) status=active
[36m(RolloutWorker pid=3969387)[0m     adj=[1  1  1  1]  dist=[ 5.00   1.65   0.00   2.33]  quality=[0.73  1.00  1.00  1.00]  neighbors=[0, 1, 3]
[36m(RolloutWorker pid=3969387)[0m   robot_3 pos=(-2.450,-0.400) status=active
[36m(RolloutWorker pid=3969387)[0m     adj=[0  1  0  1]  dist=[ 7.09   2.95   0.00   0.00]  quality=[0.00  1.00  0.00  1.00]  neighbors=[1]
[36m(RolloutWorker pid=3969387)[0m [comm_only] step=   3  agent_0  my_pos=(4.518,0.908)  received=1 fallback=0
[36m(RolloutWorker pid=3969387)[0m     slot[0] neighbor=agent_2 dist=4.969m age=0.150s quality=0.74  n_pos=(-0.464,0.829)  rel_pos=(-4.982,-0.078)
[36m(RolloutWorker pid=3969387)[0m [comm_only] step=   3  agent_1  my_pos=(0.500,-0.550)  received=2 fallback=0
[36m(RolloutWorker pid=3969387)[0m     slot[0] neighbor=agent_2 dist=1.651m age=0.150s quality=1.00  n_pos=(-0.443,0.773)  rel_pos=(-0.943,1.323)
[36m(RolloutWorker pid=3969387)[0m     slot[1] neighbor=agent_3 dist=2.954m age=0.150s quality=1.00  n_pos=(-2.455,-0.401)  rel_pos=(-2.955,0.149)
[36m(RolloutWorker pid=3969387)[0m [comm_only] step=   3  agent_2  my_pos=(-0.450,0.800)  received=2 fallback=0
[36m(RolloutWorker pid=3969387)[0m     slot[0] neighbor=agent_1 dist=1.651m age=0.150s quality=1.00  n_pos=(0.522,-0.520)  rel_pos=(0.972,-1.320)
[36m(RolloutWorker pid=3969387)[0m     slot[1] neighbor=agent_0 dist=5.001m age=0.150s quality=0.73  n_pos=(4.558,0.919)  rel_pos=(5.008,0.119)
[36m(RolloutWorker pid=3969387)[0m [comm_only] step=   3  agent_3  my_pos=(-2.450,-0.400)  received=1 fallback=0
[36m(RolloutWorker pid=3969387)[0m     slot[0] neighbor=agent_1 dist=2.954m age=0.150s quality=1.00  n_pos=(0.514,-0.535)  rel_pos=(2.964,-0.135)
[36m(RolloutWorker pid=3969387)[0m ⚠️ Robot 1: 强制路线非法，回退随机安全采样 start=(2.60,-3.80) goal=(-2.60,3.80)
[36m(RolloutWorker pid=3969387)[0m ⚠️ Robot 1: 强制路线非法，回退随机安全采样 start=(-4.20,-1.40) goal=(4.20,-1.40)
[36m(RolloutWorker pid=3969387)[0m 
[36m(RolloutWorker pid=3969387)[0m ============================================================
[36m(RolloutWorker pid=3969387)[0m 🏁 Episode 结束 (timeout)
[36m(RolloutWorker pid=3969387)[0m    步数: 2000/2000
[36m(RolloutWorker pid=3969387)[0m    完成: 0/4
[36m(RolloutWorker pid=3969387)[0m    活跃: 4  失败: 0
[36m(RolloutWorker pid=3969387)[0m ============================================================
[36m(RolloutWorker pid=3969387)[0m 
[36m(RolloutWorker pid=3969387)[0m [graph] step=   0 source=comm_only comm_range=3.5m
[36m(RolloutWorker pid=3969387)[0m   robot_0 pos=( 4.550, 0.900) status=active
[36m(RolloutWorker pid=3969387)[0m     adj=[1  1  1  1]  dist=[ 0.00   4.30   5.00   7.12]  quality=[1.00  0.86  0.73  0.36]  neighbors=[1, 2, 3]
[36m(RolloutWorker pid=3969387)[0m   robot_1 pos=( 0.500,-0.550) status=active
[36m(RolloutWorker pid=3969387)[0m     adj=[1  1  1  1]  dist=[ 4.30   0.00   1.65   2.95]  quality=[0.86  1.00  1.00  1.00]  neighbors=[0, 2, 3]
[36m(RolloutWorker pid=3969387)[0m   robot_2 pos=(-0.450, 0.800) status=active
[36m(RolloutWorker pid=3969387)[0m     adj=[1  1  1  1]  dist=[ 5.00   1.65   0.00   2.33]  quality=[0.73  1.00  1.00  1.00]  neighbors=[0, 1, 3]
[36m(RolloutWorker pid=3969387)[0m   robot_3 pos=(-2.450,-0.400) status=active
[36m(RolloutWorker pid=3969387)[0m     adj=[0  1  1  1]  dist=[ 0.00   2.95   2.33   0.00]  quality=[0.00  1.00  1.00  1.00]  neighbors=[1, 2]
[36m(RolloutWorker pid=3969387)[0m [comm_only] step=   0  agent_0  my_pos=(4.550,0.900)  received=3 fallback=0
[36m(RolloutWorker pid=3969387)[0m     slot[0] neighbor=agent_1 dist=4.302m age=0.150s quality=0.86  n_pos=(0.521,-0.548)  rel_pos=(-4.029,-1.448)
[36m(RolloutWorker pid=3969387)[0m     slot[1] neighbor=agent_2 dist=5.001m age=0.150s quality=0.73  n_pos=(-0.454,0.819)  rel_pos=(-5.004,-0.081)
[36m(RolloutWorker pid=3969387)[0m     slot[2] neighbor=agent_3 dist=7.120m age=0.150s quality=0.36  n_pos=(-2.485,-0.383)  rel_pos=(-7.035,-1.283)
[36m(RolloutWorker pid=3969387)[0m [comm_only] step=   0  agent_1  my_pos=(0.500,-0.550)  received=3 fallback=0
[36m(RolloutWorker pid=3969387)[0m     slot[0] neighbor=agent_2 dist=1.651m age=0.150s quality=1.00  n_pos=(-0.459,0.803)  rel_pos=(-0.959,1.353)
[36m(RolloutWorker pid=3969387)[0m     slot[1] neighbor=agent_3 dist=2.954m age=0.150s quality=1.00  n_pos=(-2.449,-0.383)  rel_pos=(-2.949,0.167)
[36m(RolloutWorker pid=3969387)[0m     slot[2] neighbor=agent_0 dist=4.302m age=0.150s quality=0.86  n_pos=(4.557,0.886)  rel_pos=(4.057,1.436)
[36m(RolloutWorker pid=3969387)[0m [comm_only] step=   0  agent_2  my_pos=(-0.450,0.800)  received=3 fallback=0
[36m(RolloutWorker pid=3969387)[0m     slot[0] neighbor=agent_1 dist=1.651m age=0.150s quality=1.00  n_pos=(0.472,-0.552)  rel_pos=(0.922,-1.352)
[36m(RolloutWorker pid=3969387)[0m     slot[1] neighbor=agent_3 dist=2.332m age=0.150s quality=1.00  n_pos=(-2.456,-0.417)  rel_pos=(-2.006,-1.217)
[36m(RolloutWorker pid=3969387)[0m     slot[2] neighbor=agent_0 dist=5.001m age=0.150s quality=0.73  n_pos=(4.532,0.925)  rel_pos=(4.982,0.125)
[36m(RolloutWorker pid=3969387)[0m [comm_only] step=   0  agent_3  my_pos=(-2.450,-0.400)  received=2 fallback=0
[36m(RolloutWorker pid=3969387)[0m     slot[0] neighbor=agent_2 dist=2.332m age=0.150s quality=1.00  n_pos=(-0.425,0.806)  rel_pos=(2.025,1.206)
[36m(RolloutWorker pid=3969387)[0m     slot[1] neighbor=agent_1 dist=2.954m age=0.150s quality=1.00  n_pos=(0.500,-0.513)  rel_pos=(2.950,-0.113)
[36m(RolloutWorker pid=3969387)[0m [graph] step=   1 source=comm_only comm_range=3.5m
[36m(RolloutWorker pid=3969387)[0m   robot_0 pos=( 4.550, 0.900) status=active
[36m(RolloutWorker pid=3969387)[0m     adj=[1  1  0  1]  dist=[ 0.00   4.30   5.00   7.12]  quality=[1.00  0.86  0.00  0.36]  neighbors=[1, 3]
[36m(RolloutWorker pid=3969387)[0m   robot_1 pos=( 0.500,-0.550) status=active
[36m(RolloutWorker pid=3969387)[0m     adj=[1  1  1  1]  dist=[ 4.30   0.00   1.65   2.95]  quality=[0.86  1.00  1.00  1.00]  neighbors=[0, 2, 3]
[36m(RolloutWorker pid=3969387)[0m   robot_2 pos=(-0.450, 0.800) status=active
[36m(RolloutWorker pid=3969387)[0m     adj=[1  1  1  1]  dist=[ 5.00   1.65   0.00   2.33]  quality=[0.73  1.00  1.00  1.00]  neighbors=[0, 1, 3]
[36m(RolloutWorker pid=3969387)[0m   robot_3 pos=(-2.450,-0.400) status=active
[36m(RolloutWorker pid=3969387)[0m     adj=[0  1  0  1]  dist=[ 0.00   2.95   0.00   0.00]  quality=[0.00  1.00  0.00  1.00]  neighbors=[1]
[36m(RolloutWorker pid=3969387)[0m [comm_only] step=   1  agent_0  my_pos=(4.550,0.900)  received=1 fallback=0
[36m(RolloutWorker pid=3969387)[0m     slot[0] neighbor=agent_1 dist=4.302m age=0.150s quality=0.86  n_pos=(0.535,-0.516)  rel_pos=(-4.015,-1.416)
[36m(RolloutWorker pid=3969387)[0m [comm_only] step=   1  agent_1  my_pos=(0.500,-0.550)  received=3 fallback=0
[36m(RolloutWorker pid=3969387)[0m     slot[0] neighbor=agent_2 dist=1.651m age=0.150s quality=1.00  n_pos=(-0.435,0.778)  rel_pos=(-0.935,1.328)
[36m(RolloutWorker pid=3969387)[0m     slot[1] neighbor=agent_3 dist=2.954m age=0.150s quality=1.00  n_pos=(-2.464,-0.370)  rel_pos=(-2.964,0.180)
[36m(RolloutWorker pid=3969387)[0m     slot[2] neighbor=agent_0 dist=4.302m age=0.150s quality=0.86  n_pos=(4.558,0.876)  rel_pos=(4.058,1.426)
[36m(RolloutWorker pid=3969387)[0m [comm_only] step=   1  agent_2  my_pos=(-0.450,0.800)  received=3 fallback=0
[36m(RolloutWorker pid=3969387)[0m     slot[0] neighbor=agent_1 dist=1.651m age=0.150s quality=1.00  n_pos=(0.490,-0.560)  rel_pos=(0.940,-1.360)
[36m(RolloutWorker pid=3969387)[0m     slot[1] neighbor=agent_3 dist=2.332m age=0.150s quality=1.00  n_pos=(-2.433,-0.405)  rel_pos=(-1.983,-1.205)
[36m(RolloutWorker pid=3969387)[0m     slot[2] neighbor=agent_0 dist=5.001m age=0.150s quality=0.73  n_pos=(4.528,0.872)  rel_pos=(4.978,0.072)
[36m(RolloutWorker pid=3969387)[0m [comm_only] step=   1  agent_3  my_pos=(-2.450,-0.400)  received=1 fallback=0
[36m(RolloutWorker pid=3969387)[0m     slot[0] neighbor=agent_1 dist=2.954m age=0.150s quality=1.00  n_pos=(0.503,-0.557)  rel_pos=(2.953,-0.157)
  [██████░░░░░░░░░░░░░░░░░░░░░░░░]  20.0%    10,000 / 50,000 步  回报 -923.06  ETA 01:20:42[36m(RolloutWorker pid=3969387)[0m [graph] step=   2 source=comm_only comm_range=3.5m
[36m(RolloutWorker pid=3969387)[0m   robot_0 pos=( 4.521, 0.911) status=active
[36m(RolloutWorker pid=3969387)[0m     adj=[1  1  0  0]  dist=[ 0.00   4.28   4.97   7.09]  quality=[1.00  0.86  0.00  0.00]  neighbors=[1]
[36m(RolloutWorker pid=3969387)[0m   robot_1 pos=( 0.500,-0.550) status=active
[36m(RolloutWorker pid=3969387)[0m     adj=[0  1  1  1]  dist=[ 0.00   0.00   1.65   2.95]  quality=[0.00  1.00  1.00  1.00]  neighbors=[2, 3]
[36m(RolloutWorker pid=3969387)[0m   robot_2 pos=(-0.450, 0.800) status=active
[36m(RolloutWorker pid=3969387)[0m     adj=[0  1  1  1]  dist=[ 4.97   1.65   0.00   2.33]  quality=[0.00  1.00  1.00  1.00]  neighbors=[1, 3]
[36m(RolloutWorker pid=3969387)[0m   robot_3 pos=(-2.450,-0.400) status=active
[36m(RolloutWorker pid=3969387)[0m     adj=[1  1  1  1]  dist=[ 7.09   2.95   2.33   0.00]  quality=[0.36  1.00  1.00  1.00]  neighbors=[0, 1, 2]
[36m(RolloutWorker pid=3969387)[0m [comm_only] step=   2  agent_0  my_pos=(4.521,0.911)  received=1 fallback=0
[36m(RolloutWorker pid=3969387)[0m     slot[0] neighbor=agent_1 dist=4.278m age=0.150s quality=0.86  n_pos=(0.475,-0.548)  rel_pos=(-4.047,-1.458)
[36m(RolloutWorker pid=3969387)[0m [comm_only] step=   2  agent_1  my_pos=(0.500,-0.550)  received=2 fallback=0
[36m(RolloutWorker pid=3969387)[0m     slot[0] neighbor=agent_2 dist=1.651m age=0.150s quality=1.00  n_pos=(-0.414,0.787)  rel_pos=(-0.914,1.337)
[36m(RolloutWorker pid=3969387)[0m     slot[1] neighbor=agent_3 dist=2.954m age=0.150s quality=1.00  n_pos=(-2.483,-0.421)  rel_pos=(-2.983,0.129)
[36m(RolloutWorker pid=3969387)[0m [comm_only] step=   2  agent_2  my_pos=(-0.450,0.800)  received=2 fallback=0
[36m(RolloutWorker pid=3969387)[0m     slot[0] neighbor=agent_1 dist=1.651m age=0.150s quality=1.00  n_pos=(0.478,-0.556)  rel_pos=(0.928,-1.356)
[36m(RolloutWorker pid=3969387)[0m     slot[1] neighbor=agent_3 dist=2.332m age=0.150s quality=1.00  n_pos=(-2.453,-0.452)  rel_pos=(-2.003,-1.252)
[36m(RolloutWorker pid=3969387)[0m [comm_only] step=   2  agent_3  my_pos=(-2.450,-0.400)  received=3 fallback=0
[36m(RolloutWorker pid=3969387)[0m     slot[0] neighbor=agent_2 dist=2.332m age=0.150s quality=1.00  n_pos=(-0.479,0.765)  rel_pos=(1.971,1.165)
[36m(RolloutWorker pid=3969387)[0m     slot[1] neighbor=agent_1 dist=2.954m age=0.150s quality=1.00  n_pos=(0.525,-0.537)  rel_pos=(2.975,-0.137)
[36m(RolloutWorker pid=3969387)[0m     slot[2] neighbor=agent_0 dist=7.120m age=0.150s quality=0.36  n_pos=(4.563,0.910)  rel_pos=(7.013,1.310)
[36m(RolloutWorker pid=3969387)[0m [graph] step=   3 source=comm_only comm_range=3.5m
[36m(RolloutWorker pid=3969387)[0m   robot_0 pos=( 4.517, 0.913) status=active
[36m(RolloutWorker pid=3969387)[0m     adj=[1  1  0  0]  dist=[ 0.00   4.28   4.97   7.09]  quality=[1.00  0.86  0.00  0.00]  neighbors=[1]
[36m(RolloutWorker pid=3969387)[0m   robot_1 pos=( 0.500,-0.550) status=active
[36m(RolloutWorker pid=3969387)[0m     adj=[1  1  1  1]  dist=[ 4.30   0.00   1.65   2.95]  quality=[0.86  1.00  1.00  1.00]  neighbors=[0, 2, 3]
[36m(RolloutWorker pid=3969387)[0m   robot_2 pos=(-0.450, 0.800) status=active
[36m(RolloutWorker pid=3969387)[0m     adj=[1  1  1  1]  dist=[ 4.97   1.65   0.00   2.33]  quality=[0.73  1.00  1.00  1.00]  neighbors=[0, 1, 3]
[36m(RolloutWorker pid=3969387)[0m   robot_3 pos=(-2.450,-0.400) status=active
[36m(RolloutWorker pid=3969387)[0m     adj=[0  0  1  1]  dist=[ 7.09   0.00   2.33   0.00]  quality=[0.00  0.00  1.00  1.00]  neighbors=[2]
[36m(RolloutWorker pid=3969387)[0m [comm_only] step=   3  agent_0  my_pos=(4.517,0.913)  received=1 fallback=0
[36m(RolloutWorker pid=3969387)[0m     slot[0] neighbor=agent_1 dist=4.275m age=0.150s quality=0.86  n_pos=(0.487,-0.550)  rel_pos=(-4.030,-1.463)
[36m(RolloutWorker pid=3969387)[0m [comm_only] step=   3  agent_1  my_pos=(0.500,-0.550)  received=1 fallback=0
[36m(RolloutWorker pid=3969387)[0m     slot[0] neighbor=agent_3 dist=2.954m age=0.150s quality=1.00  n_pos=(-2.475,-0.419)  rel_pos=(-2.975,0.131)
[36m(RolloutWorker pid=3969387)[0m [comm_only] step=   3  agent_2  my_pos=(-0.450,0.800)  received=2 fallback=0
[36m(RolloutWorker pid=3969387)[0m     slot[0] neighbor=agent_1 dist=1.651m age=0.150s quality=1.00  n_pos=(0.487,-0.569)  rel_pos=(0.937,-1.369)
[36m(RolloutWorker pid=3969387)[0m     slot[1] neighbor=agent_3 dist=2.332m age=0.150s quality=1.00  n_pos=(-2.481,-0.377)  rel_pos=(-2.031,-1.177)
[36m(RolloutWorker pid=3969387)[0m [comm_only] step=   3  agent_3  my_pos=(-2.450,-0.400)  received=1 fallback=0
[36m(RolloutWorker pid=3969387)[0m     slot[0] neighbor=agent_2 dist=2.332m age=0.150s quality=1.00  n_pos=(-0.510,0.809)  rel_pos=(1.940,1.209)
[36m(RolloutWorker pid=3969387)[0m ⚠️ Robot 3: 强制路线非法，回退随机安全采样 start=(4.20,1.40) goal=(-4.20,1.40)
[36m(RolloutWorker pid=3969387)[0m ⚠️ Robot 2: 强制路线非法，回退随机安全采样 start=(-2.60,-3.80) goal=(2.60,3.80)
[36m(RolloutWorker pid=3969387)[0m ⚠️ Robot 1: 强制路线非法，回退随机安全采样 start=(-4.20,1.40) goal=(4.20,1.40)
[36m(RolloutWorker pid=3969387)[0m 
[36m(RolloutWorker pid=3969387)[0m ============================================================
[36m(RolloutWorker pid=3969387)[0m 🏁 Episode 结束 (timeout)
[36m(RolloutWorker pid=3969387)[0m    步数: 2000/2000
[36m(RolloutWorker pid=3969387)[0m    完成: 0/4
[36m(RolloutWorker pid=3969387)[0m    活跃: 4  失败: 0
[36m(RolloutWorker pid=3969387)[0m ============================================================
[36m(RolloutWorker pid=3969387)[0m 
[36m(RolloutWorker pid=3969387)[0m [graph] step=   0 source=comm_only comm_range=3.5m
[36m(RolloutWorker pid=3969387)[0m   robot_0 pos=( 4.550, 0.900) status=active
[36m(RolloutWorker pid=3969387)[0m     adj=[1  1  0  0]  dist=[ 0.00   4.30   5.00   7.12]  quality=[1.00  0.86  0.00  0.00]  neighbors=[1]
[36m(RolloutWorker pid=3969387)[0m   robot_1 pos=( 0.500,-0.550) status=active
[36m(RolloutWorker pid=3969387)[0m     adj=[1  1  1  1]  dist=[ 4.30   0.00   1.65   2.95]  quality=[0.86  1.00  1.00  1.00]  neighbors=[0, 2, 3]
[36m(RolloutWorker pid=3969387)[0m   robot_2 pos=(-0.450, 0.800) status=active
[36m(RolloutWorker pid=3969387)[0m     adj=[1  1  1  1]  dist=[ 5.00   1.65   0.00   2.33]  quality=[0.73  1.00  1.00  1.00]  neighbors=[0, 1, 3]
[36m(RolloutWorker pid=3969387)[0m   robot_3 pos=(-2.450,-0.400) status=active
[36m(RolloutWorker pid=3969387)[0m     adj=[0  1  1  1]  dist=[ 7.12   2.95   2.33   0.00]  quality=[0.00  1.00  1.00  1.00]  neighbors=[1, 2]
[36m(RolloutWorker pid=3969387)[0m [comm_only] step=   0  agent_0  my_pos=(4.550,0.900)  received=1 fallback=0
[36m(RolloutWorker pid=3969387)[0m     slot[0] neighbor=agent_1 dist=4.302m age=0.150s quality=0.86  n_pos=(0.514,-0.546)  rel_pos=(-4.036,-1.446)
[36m(RolloutWorker pid=3969387)[0m [comm_only] step=   0  agent_1  my_pos=(0.500,-0.550)  received=3 fallback=0
[36m(RolloutWorker pid=3969387)[0m     slot[0] neighbor=agent_2 dist=1.651m age=0.150s quality=1.00  n_pos=(-0.431,0.793)  rel_pos=(-0.931,1.343)
[36m(RolloutWorker pid=3969387)[0m     slot[1] neighbor=agent_3 dist=2.954m age=0.150s quality=1.00  n_pos=(-2.449,-0.395)  rel_pos=(-2.949,0.155)
[36m(RolloutWorker pid=3969387)[0m     slot[2] neighbor=agent_0 dist=4.302m age=0.150s quality=0.86  n_pos=(4.535,0.914)  rel_pos=(4.035,1.464)
[36m(RolloutWorker pid=3969387)[0m [comm_only] step=   0  agent_2  my_pos=(-0.450,0.800)  received=3 fallback=0
[36m(RolloutWorker pid=3969387)[0m     slot[0] neighbor=agent_1 dist=1.651m age=0.150s quality=1.00  n_pos=(0.490,-0.554)  rel_pos=(0.940,-1.354)
[36m(RolloutWorker pid=3969387)[0m     slot[1] neighbor=agent_3 dist=2.332m age=0.150s quality=1.00  n_pos=(-2.434,-0.388)  rel_pos=(-1.984,-1.188)
[36m(RolloutWorker pid=3969387)[0m     slot[2] neighbor=agent_0 dist=5.001m age=0.150s quality=0.73  n_pos=(4.554,0.899)  rel_pos=(5.004,0.099)
[36m(RolloutWorker pid=3969387)[0m [comm_only] step=   0  agent_3  my_pos=(-2.450,-0.400)  received=2 fallback=0
[36m(RolloutWorker pid=3969387)[0m     slot[0] neighbor=agent_2 dist=2.332m age=0.150s quality=1.00  n_pos=(-0.432,0.786)  rel_pos=(2.018,1.186)
[36m(RolloutWorker pid=3969387)[0m     slot[1] neighbor=agent_1 dist=2.954m age=0.150s quality=1.00  n_pos=(0.531,-0.568)  rel_pos=(2.981,-0.168)
[36m(RolloutWorker pid=3969387)[0m [graph] step=   1 source=comm_only comm_range=3.5m
[36m(RolloutWorker pid=3969387)[0m   robot_0 pos=( 4.550, 0.900) status=active
[36m(RolloutWorker pid=3969387)[0m     adj=[1  1  0  1]  dist=[ 0.00   4.30   5.00   7.12]  quality=[1.00  0.86  0.00  0.36]  neighbors=[1, 3]
[36m(RolloutWorker pid=3969387)[0m   robot_1 pos=( 0.506,-0.565) status=active
[36m(RolloutWorker pid=3969387)[0m     adj=[0  1  1  1]  dist=[ 0.00   0.00   1.67   2.96]  quality=[0.00  1.00  1.00  1.00]  neighbors=[2, 3]
[36m(RolloutWorker pid=3969387)[0m   robot_2 pos=(-0.450, 0.800) status=active
[36m(RolloutWorker pid=3969387)[0m     adj=[1  1  1  1]  dist=[ 5.00   1.65   0.00   2.33]  quality=[0.73  1.00  1.00  1.00]  neighbors=[0, 1, 3]
[36m(RolloutWorker pid=3969387)[0m   robot_3 pos=( 0.000, 4.800) status=active
[36m(RolloutWorker pid=3969387)[0m     adj=[1  1  1  1]  dist=[ 5.99   5.37   4.03   0.00]  quality=[0.56  0.67  0.91  1.00]  neighbors=[0, 1, 2]
[36m(RolloutWorker pid=3969387)[0m [comm_only] step=   1  agent_0  my_pos=(4.550,0.900)  received=2 fallback=0
[36m(RolloutWorker pid=3969387)[0m     slot[0] neighbor=agent_1 dist=4.302m age=0.150s quality=0.86  n_pos=(0.497,-0.546)  rel_pos=(-4.053,-1.446)
[36m(RolloutWorker pid=3969387)[0m     slot[1] neighbor=agent_3 dist=7.120m age=0.150s quality=0.36  n_pos=(-2.429,-0.374)  rel_pos=(-6.979,-1.274)
[36m(RolloutWorker pid=3969387)[0m [comm_only] step=   1  agent_1  my_pos=(0.506,-0.565)  received=2 fallback=0
[36m(RolloutWorker pid=3969387)[0m     slot[0] neighbor=agent_2 dist=1.667m age=0.150s quality=1.00  n_pos=(-0.460,0.812)  rel_pos=(-0.966,1.378)
[36m(RolloutWorker pid=3969387)[0m     slot[1] neighbor=agent_3 dist=2.961m age=0.150s quality=1.00  n_pos=(-2.443,-0.435)  rel_pos=(-2.949,0.130)
[36m(RolloutWorker pid=3969387)[0m [comm_only] step=   1  agent_2  my_pos=(-0.450,0.800)  received=3 fallback=0
[36m(RolloutWorker pid=3969387)[0m     slot[0] neighbor=agent_1 dist=1.651m age=0.150s quality=1.00  n_pos=(0.493,-0.525)  rel_pos=(0.943,-1.325)
[36m(RolloutWorker pid=3969387)[0m     slot[1] neighbor=agent_3 dist=2.332m age=0.150s quality=1.00  n_pos=(-2.409,-0.431)  rel_pos=(-1.959,-1.231)
[36m(RolloutWorker pid=3969387)[0m     slot[2] neighbor=agent_0 dist=5.001m age=0.150s quality=0.73  n_pos=(4.539,0.894)  rel_pos=(4.989,0.094)
[36m(RolloutWorker pid=3969387)[0m [comm_only] step=   1  agent_3  my_pos=(0.000,4.800)  received=2 fallback=0
[36m(RolloutWorker pid=3969387)[0m     slot[0] neighbor=agent_2 dist=4.025m age=0.150s quality=0.91  n_pos=(-0.441,0.779)  rel_pos=(-0.441,-4.021)
[36m(RolloutWorker pid=3969387)[0m     slot[1] neighbor=agent_1 dist=5.373m age=0.150s quality=0.67  n_pos=(0.474,-0.552)  rel_pos=(0.474,-5.352)
[36m(RolloutWorker pid=3969387)[0m [graph] step=   2 source=comm_only comm_range=3.5m
[36m(RolloutWorker pid=3969387)[0m   robot_0 pos=( 4.535, 0.912) status=active
[36m(RolloutWorker pid=3969387)[0m     adj=[1  1  0  0]  dist=[ 0.00   4.29   4.99   5.97]  quality=[1.00  0.86  0.00  0.00]  neighbors=[1]
[36m(RolloutWorker pid=3969387)[0m   robot_1 pos=( 0.506,-0.565) status=active
[36m(RolloutWorker pid=3969387)[0m     adj=[1  1  1  1]  dist=[ 4.30   0.00   1.67   2.96]  quality=[0.86  1.00  1.00  1.00]  neighbors=[0, 2, 3]
[36m(RolloutWorker pid=3969387)[0m   robot_2 pos=(-0.450, 0.800) status=active
[36m(RolloutWorker pid=3969387)[0m     adj=[1  0  1  1]  dist=[ 4.99   0.00   0.00   2.33]  quality=[0.73  0.00  1.00  1.00]  neighbors=[0, 3]
[36m(RolloutWorker pid=3969387)[0m   robot_3 pos=( 0.000, 4.800) status=active
[36m(RolloutWorker pid=3969387)[0m     adj=[0  0  1  1]  dist=[ 5.97   0.00   4.03   0.00]  quality=[0.00  0.00  0.91  1.00]  neighbors=[2]
[36m(RolloutWorker pid=3969387)[0m [comm_only] step=   2  agent_0  my_pos=(4.535,0.912)  received=1 fallback=0
[36m(RolloutWorker pid=3969387)[0m     slot[0] neighbor=agent_1 dist=4.292m age=0.150s quality=0.86  n_pos=(0.518,-0.552)  rel_pos=(-4.017,-1.464)
[36m(RolloutWorker pid=3969387)[0m [comm_only] step=   2  agent_1  my_pos=(0.506,-0.565)  received=3 fallback=0
[36m(RolloutWorker pid=3969387)[0m     slot[0] neighbor=agent_2 dist=1.667m age=0.150s quality=1.00  n_pos=(-0.457,0.820)  rel_pos=(-0.963,1.385)
[36m(RolloutWorker pid=3969387)[0m     slot[1] neighbor=agent_3 dist=2.961m age=0.150s quality=1.00  n_pos=(-2.449,-0.443)  rel_pos=(-2.956,0.122)
[36m(RolloutWorker pid=3969387)[0m     slot[2] neighbor=agent_0 dist=4.301m age=0.150s quality=0.86  n_pos=(4.560,0.910)  rel_pos=(4.054,1.475)
[36m(RolloutWorker pid=3969387)[0m [comm_only] step=   2  agent_2  my_pos=(-0.450,0.800)  received=0 fallback=0
[36m(RolloutWorker pid=3969387)[0m     (无有效邻居: 范围外/丢包/延迟/消息过期，slot 填零)
[36m(RolloutWorker pid=3969387)[0m [comm_only] step=   2  agent_3  my_pos=(0.000,4.800)  received=1 fallback=0
[36m(RolloutWorker pid=3969387)[0m     slot[0] neighbor=agent_2 dist=4.025m age=0.150s quality=0.91  n_pos=(-0.444,0.774)  rel_pos=(-0.444,-4.026)
[36m(RolloutWorker pid=3969387)[0m [graph] step=   3 source=comm_only comm_range=3.5m
[36m(RolloutWorker pid=3969387)[0m   robot_0 pos=( 4.532, 0.916) status=active
[36m(RolloutWorker pid=3969387)[0m     adj=[1  1  0  0]  dist=[ 0.00   4.29   4.98   5.97]  quality=[1.00  0.86  0.00  0.00]  neighbors=[1]
[36m(RolloutWorker pid=3969387)[0m   robot_1 pos=( 0.506,-0.565) status=active
[36m(RolloutWorker pid=3969387)[0m     adj=[1  1  1  1]  dist=[ 4.30   0.00   1.67   2.96]  quality=[0.86  1.00  1.00  1.00]  neighbors=[0, 2, 3]
[36m(RolloutWorker pid=3969387)[0m   robot_2 pos=(-0.450, 0.800) status=active
[36m(RolloutWorker pid=3969387)[0m     adj=[0  1  1  1]  dist=[ 4.98   1.67   0.00   4.03]  quality=[0.00  1.00  1.00  0.91]  neighbors=[1, 3]
[36m(RolloutWorker pid=3969387)[0m   robot_3 pos=( 0.000, 4.800) status=active
[36m(RolloutWorker pid=3969387)[0m     adj=[1  1  0  1]  dist=[ 5.97   5.39   0.00   0.00]  quality=[0.56  0.66  0.00  1.00]  neighbors=[0, 1]
[36m(RolloutWorker pid=3969387)[0m [comm_only] step=   3  agent_0  my_pos=(4.532,0.916)  received=1 fallback=0
[36m(RolloutWorker pid=3969387)[0m     slot[0] neighbor=agent_1 dist=4.289m age=0.150s quality=0.86  n_pos=(0.517,-0.539)  rel_pos=(-4.015,-1.455)
[36m(RolloutWorker pid=3969387)[0m [comm_only] step=   3  agent_1  my_pos=(0.506,-0.565)  received=3 fallback=0
[36m(RolloutWorker pid=3969387)[0m     slot[0] neighbor=agent_2 dist=1.667m age=0.150s quality=1.00  n_pos=(-0.444,0.799)  rel_pos=(-0.951,1.364)
[36m(RolloutWorker pid=3969387)[0m     slot[1] neighbor=agent_0 dist=4.291m age=0.150s quality=0.86  n_pos=(4.520,0.921)  rel_pos=(4.014,1.486)
[36m(RolloutWorker pid=3969387)[0m     slot[2] neighbor=agent_3 dist=5.389m age=0.150s quality=0.66  n_pos=(-0.005,4.811)  rel_pos=(-0.512,5.376)
[36m(RolloutWorker pid=3969387)[0m [comm_only] step=   3  agent_2  my_pos=(-0.450,0.800)  received=2 fallback=0
[36m(RolloutWorker pid=3969387)[0m     slot[0] neighbor=agent_1 dist=1.667m age=0.150s quality=1.00  n_pos=(0.496,-0.540)  rel_pos=(0.946,-1.340)
[36m(RolloutWorker pid=3969387)[0m     slot[1] neighbor=agent_3 dist=4.025m age=0.150s quality=0.91  n_pos=(-0.014,4.800)  rel_pos=(0.436,4.000)
[36m(RolloutWorker pid=3969387)[0m [comm_only] step=   3  agent_3  my_pos=(0.000,4.800)  received=1 fallback=0
[36m(RolloutWorker pid=3969387)[0m     slot[0] neighbor=agent_1 dist=5.389m age=0.150s quality=0.66  n_pos=(0.511,-0.552)  rel_pos=(0.511,-5.352)
[36m(RolloutWorker pid=3969387)[0m ⚠️ Robot 3: 强制路线非法，回退随机安全采样 start=(-4.20,1.40) goal=(4.20,1.40)
[36m(RolloutWorker pid=3969387)[0m ⚠️ Robot 3: 强制路线非法，回退随机安全采样 start=(-4.20,-1.40) goal=(4.20,-1.40)
[36m(RolloutWorker pid=3969387)[0m ⚠️ Robot 1: 强制路线非法，回退随机安全采样 start=(4.20,1.40) goal=(-4.20,1.40)
[36m(RolloutWorker pid=3969387)[0m 
[36m(RolloutWorker pid=3969387)[0m ============================================================
[36m(RolloutWorker pid=3969387)[0m 🏁 Episode 结束 (timeout)
[36m(RolloutWorker pid=3969387)[0m    步数: 2000/2000
[36m(RolloutWorker pid=3969387)[0m    完成: 0/4
[36m(RolloutWorker pid=3969387)[0m    活跃: 4  失败: 0
[36m(RolloutWorker pid=3969387)[0m ============================================================
[36m(RolloutWorker pid=3969387)[0m 
[36m(RolloutWorker pid=3969387)[0m [graph] step=   0 source=comm_only comm_range=3.5m
[36m(RolloutWorker pid=3969387)[0m   robot_0 pos=( 4.550, 0.900) status=active
[36m(RolloutWorker pid=3969387)[0m     adj=[1  1  1  1]  dist=[ 0.00   4.30   5.00   7.12]  quality=[1.00  0.86  0.73  0.36]  neighbors=[1, 2, 3]
[36m(RolloutWorker pid=3969387)[0m   robot_1 pos=( 0.500,-0.550) status=active
[36m(RolloutWorker pid=3969387)[0m     adj=[1  1  1  1]  dist=[ 4.30   0.00   1.65   2.95]  quality=[0.86  1.00  1.00  1.00]  neighbors=[0, 2, 3]
[36m(RolloutWorker pid=3969387)[0m   robot_2 pos=(-0.450, 0.800) status=active
[36m(RolloutWorker pid=3969387)[0m     adj=[0  1  1  1]  dist=[ 0.00   1.65   0.00   2.33]  quality=[0.00  1.00  1.00  1.00]  neighbors=[1, 3]
[36m(RolloutWorker pid=3969387)[0m   robot_3 pos=(-2.450,-0.400) status=active
[36m(RolloutWorker pid=3969387)[0m     adj=[0  1  1  1]  dist=[ 0.00   2.95   2.33   0.00]  quality=[0.00  1.00  1.00  1.00]  neighbors=[1, 2]
[36m(RolloutWorker pid=3969387)[0m [comm_only] step=   0  agent_0  my_pos=(4.550,0.900)  received=3 fallback=0
[36m(RolloutWorker pid=3969387)[0m     slot[0] neighbor=agent_1 dist=4.302m age=0.150s quality=0.86  n_pos=(0.453,-0.558)  rel_pos=(-4.097,-1.458)
[36m(RolloutWorker pid=3969387)[0m     slot[1] neighbor=agent_2 dist=5.001m age=0.150s quality=0.73  n_pos=(-0.434,0.794)  rel_pos=(-4.984,-0.106)
[36m(RolloutWorker pid=3969387)[0m     slot[2] neighbor=agent_3 dist=7.120m age=0.150s quality=0.36  n_pos=(-2.455,-0.397)  rel_pos=(-7.005,-1.297)
[36m(RolloutWorker pid=3969387)[0m [comm_only] step=   0  agent_1  my_pos=(0.500,-0.550)  received=3 fallback=0
[36m(RolloutWorker pid=3969387)[0m     slot[0] neighbor=agent_2 dist=1.651m age=0.150s quality=1.00  n_pos=(-0.470,0.770)  rel_pos=(-0.970,1.320)
[36m(RolloutWorker pid=3969387)[0m     slot[1] neighbor=agent_3 dist=2.954m age=0.150s quality=1.00  n_pos=(-2.456,-0.401)  rel_pos=(-2.956,0.149)
[36m(RolloutWorker pid=3969387)[0m     slot[2] neighbor=agent_0 dist=4.302m age=0.150s quality=0.86  n_pos=(4.555,0.903)  rel_pos=(4.055,1.453)
[36m(RolloutWorker pid=3969387)[0m [comm_only] step=   0  agent_2  my_pos=(-0.450,0.800)  received=2 fallback=0
[36m(RolloutWorker pid=3969387)[0m     slot[0] neighbor=agent_1 dist=1.651m age=0.150s quality=1.00  n_pos=(0.523,-0.537)  rel_pos=(0.973,-1.337)
[36m(RolloutWorker pid=3969387)[0m     slot[1] neighbor=agent_3 dist=2.332m age=0.150s quality=1.00  n_pos=(-2.455,-0.368)  rel_pos=(-2.005,-1.168)
[36m(RolloutWorker pid=3969387)[0m [comm_only] step=   0  agent_3  my_pos=(-2.450,-0.400)  received=2 fallback=0
[36m(RolloutWorker pid=3969387)[0m     slot[0] neighbor=agent_2 dist=2.332m age=0.150s quality=1.00  n_pos=(-0.481,0.803)  rel_pos=(1.969,1.203)
[36m(RolloutWorker pid=3969387)[0m     slot[1] neighbor=agent_1 dist=2.954m age=0.150s quality=1.00  n_pos=(0.500,-0.551)  rel_pos=(2.950,-0.151)
[36m(RolloutWorker pid=3969387)[0m [graph] step=   1 source=comm_only comm_range=3.5m
[36m(RolloutWorker pid=3969387)[0m   robot_0 pos=( 4.550, 0.900) status=active
[36m(RolloutWorker pid=3969387)[0m     adj=[1  1  1  1]  dist=[ 0.00   4.30   5.00   7.12]  quality=[1.00  0.86  0.73  0.36]  neighbors=[1, 2, 3]
[36m(RolloutWorker pid=3969387)[0m   robot_1 pos=( 0.500,-0.550) status=active
[36m(RolloutWorker pid=3969387)[0m     adj=[1  1  1  1]  dist=[ 4.30   0.00   1.65   2.95]  quality=[0.86  1.00  1.00  1.00]  neighbors=[0, 2, 3]
[36m(RolloutWorker pid=3969387)[0m   robot_2 pos=(-0.450, 0.800) status=active
[36m(RolloutWorker pid=3969387)[0m     adj=[1  1  1  1]  dist=[ 5.00   1.65   0.00   2.33]  quality=[0.73  1.00  1.00  1.00]  neighbors=[0, 1, 3]
[36m(RolloutWorker pid=3969387)[0m   robot_3 pos=(-2.450,-0.400) status=active
[36m(RolloutWorker pid=3969387)[0m     adj=[0  1  1  1]  dist=[ 0.00   2.95   2.33   0.00]  quality=[0.00  1.00  1.00  1.00]  neighbors=[1, 2]
[36m(RolloutWorker pid=3969387)[0m [comm_only] step=   1  agent_0  my_pos=(4.550,0.900)  received=3 fallback=0
[36m(RolloutWorker pid=3969387)[0m     slot[0] neighbor=agent_1 dist=4.302m age=0.150s quality=0.86  n_pos=(0.508,-0.532)  rel_pos=(-4.042,-1.432)
[36m(RolloutWorker pid=3969387)[0m     slot[1] neighbor=agent_2 dist=5.001m age=0.150s quality=0.73  n_pos=(-0.464,0.814)  rel_pos=(-5.014,-0.086)
[36m(RolloutWorker pid=3969387)[0m     slot[2] neighbor=agent_3 dist=7.120m age=0.150s quality=0.36  n_pos=(-2.447,-0.436)  rel_pos=(-6.997,-1.336)
[36m(RolloutWorker pid=3969387)[0m [comm_only] step=   1  agent_1  my_pos=(0.500,-0.550)  received=2 fallback=0
[36m(RolloutWorker pid=3969387)[0m     slot[0] neighbor=agent_2 dist=1.651m age=0.150s quality=1.00  n_pos=(-0.445,0.833)  rel_pos=(-0.945,1.383)
[36m(RolloutWorker pid=3969387)[0m     slot[1] neighbor=agent_3 dist=2.954m age=0.150s quality=1.00  n_pos=(-2.475,-0.394)  rel_pos=(-2.975,0.156)
[36m(RolloutWorker pid=3969387)[0m [comm_only] step=   1  agent_2  my_pos=(-0.450,0.800)  received=3 fallback=0
[36m(RolloutWorker pid=3969387)[0m     slot[0] neighbor=agent_1 dist=1.651m age=0.150s quality=1.00  n_pos=(0.482,-0.553)  rel_pos=(0.932,-1.353)
[36m(RolloutWorker pid=3969387)[0m     slot[1] neighbor=agent_3 dist=2.332m age=0.150s quality=1.00  n_pos=(-2.444,-0.369)  rel_pos=(-1.994,-1.169)
[36m(RolloutWorker pid=3969387)[0m     slot[2] neighbor=agent_0 dist=5.001m age=0.150s quality=0.73  n_pos=(4.576,0.927)  rel_pos=(5.026,0.127)
[36m(RolloutWorker pid=3969387)[0m [comm_only] step=   1  agent_3  my_pos=(-2.450,-0.400)  received=2 fallback=0
[36m(RolloutWorker pid=3969387)[0m     slot[0] neighbor=agent_2 dist=2.332m age=0.150s quality=1.00  n_pos=(-0.423,0.779)  rel_pos=(2.027,1.179)
[36m(RolloutWorker pid=3969387)[0m     slot[1] neighbor=agent_1 dist=2.954m age=0.150s quality=1.00  n_pos=(0.512,-0.545)  rel_pos=(2.962,-0.145)
[36m(RolloutWorker pid=3969387)[0m [graph] step=   2 source=comm_only comm_range=3.5m
[36m(RolloutWorker pid=3969387)[0m   robot_0 pos=( 4.304, 0.652) status=active
[36m(RolloutWorker pid=3969387)[0m     adj=[1  1  1  0]  dist=[ 0.00   3.99   4.76   6.84]  quality=[1.00  0.91  0.78  0.00]  neighbors=[1, 2]
[36m(RolloutWorker pid=3969387)[0m   robot_1 pos=( 0.500,-0.550) status=active
[36m(RolloutWorker pid=3969387)[0m     adj=[1  1  1  1]  dist=[ 4.30   0.00   1.65   2.95]  quality=[0.86  1.00  1.00  1.00]  neighbors=[0, 2, 3]
[36m(RolloutWorker pid=3969387)[0m   robot_2 pos=(-0.450, 0.800) status=active
[36m(RolloutWorker pid=3969387)[0m     adj=[0  1  1  1]  dist=[ 0.00   1.65   0.00   2.33]  quality=[0.00  1.00  1.00  1.00]  neighbors=[1, 3]
[36m(RolloutWorker pid=3969387)[0m   robot_3 pos=(-2.450,-0.400) status=active
[36m(RolloutWorker pid=3969387)[0m     adj=[1  1  1  1]  dist=[ 6.84   2.95   2.33   0.00]  quality=[0.36  1.00  1.00  1.00]  neighbors=[0, 1, 2]
[36m(RolloutWorker pid=3969387)[0m [comm_only] step=   2  agent_0  my_pos=(4.304,0.652)  received=2 fallback=0
[36m(RolloutWorker pid=3969387)[0m     slot[0] neighbor=agent_1 dist=3.990m age=0.150s quality=0.91  n_pos=(0.503,-0.534)  rel_pos=(-3.801,-1.186)
[36m(RolloutWorker pid=3969387)[0m     slot[1] neighbor=agent_2 dist=4.757m age=0.150s quality=0.78  n_pos=(-0.465,0.801)  rel_pos=(-4.770,0.149)
[36m(RolloutWorker pid=3969387)[0m [comm_only] step=   2  agent_1  my_pos=(0.500,-0.550)  received=1 fallback=0
[36m(RolloutWorker pid=3969387)[0m     slot[0] neighbor=agent_2 dist=1.651m age=0.150s quality=1.00  n_pos=(-0.446,0.824)  rel_pos=(-0.946,1.374)
[36m(RolloutWorker pid=3969387)[0m [comm_only] step=   2  agent_2  my_pos=(-0.450,0.800)  received=2 fallback=0
[36m(RolloutWorker pid=3969387)[0m     slot[0] neighbor=agent_1 dist=1.651m age=0.150s quality=1.00  n_pos=(0.483,-0.586)  rel_pos=(0.933,-1.386)
[36m(RolloutWorker pid=3969387)[0m     slot[1] neighbor=agent_3 dist=2.332m age=0.150s quality=1.00  n_pos=(-2.464,-0.396)  rel_pos=(-2.014,-1.196)
[36m(RolloutWorker pid=3969387)[0m [comm_only] step=   2  agent_3  my_pos=(-2.450,-0.400)  received=2 fallback=0
[36m(RolloutWorker pid=3969387)[0m     slot[0] neighbor=agent_2 dist=2.332m age=0.150s quality=1.00  n_pos=(-0.456,0.794)  rel_pos=(1.994,1.194)
[36m(RolloutWorker pid=3969387)[0m     slot[1] neighbor=agent_1 dist=2.954m age=0.150s quality=1.00  n_pos=(0.519,-0.537)  rel_pos=(2.969,-0.137)
[36m(RolloutWorker pid=3969387)[0m [graph] step=   3 source=comm_only comm_range=3.5m
[36m(RolloutWorker pid=3969387)[0m   robot_0 pos=( 4.295, 0.636) status=active
[36m(RolloutWorker pid=3969387)[0m     adj=[1  0  1  0]  dist=[ 0.00   3.98   4.75   6.82]  quality=[1.00  0.00  0.78  0.00]  neighbors=[2]
[36m(RolloutWorker pid=3969387)[0m   robot_1 pos=( 0.500,-0.550) status=active
[36m(RolloutWorker pid=3969387)[0m     adj=[1  1  1  1]  dist=[ 3.98   0.00   1.65   2.95]  quality=[0.86  1.00  1.00  1.00]  neighbors=[0, 2, 3]
[36m(RolloutWorker pid=3969387)[0m   robot_2 pos=(-0.450, 0.800) status=active
[36m(RolloutWorker pid=3969387)[0m     adj=[1  1  1  1]  dist=[ 5.00   1.65   0.00   2.33]  quality=[0.73  1.00  1.00  1.00]  neighbors=[0, 1, 3]
[36m(RolloutWorker pid=3969387)[0m   robot_3 pos=(-2.450,-0.400) status=active
[36m(RolloutWorker pid=3969387)[0m     adj=[0  1  1  1]  dist=[ 6.82   2.95   2.33   0.00]  quality=[0.00  1.00  1.00  1.00]  neighbors=[1, 2]
[36m(RolloutWorker pid=3969387)[0m [comm_only] step=   3  agent_0  my_pos=(4.295,0.636)  received=1 fallback=0
[36m(RolloutWorker pid=3969387)[0m     slot[0] neighbor=agent_2 dist=4.748m age=0.150s quality=0.78  n_pos=(-0.459,0.772)  rel_pos=(-4.755,0.135)
[36m(RolloutWorker pid=3969387)[0m [comm_only] step=   3  agent_1  my_pos=(0.500,-0.550)  received=2 fallback=0
[36m(RolloutWorker pid=3969387)[0m     slot[0] neighbor=agent_3 dist=2.954m age=0.150s quality=1.00  n_pos=(-2.468,-0.416)  rel_pos=(-2.968,0.134)
[36m(RolloutWorker pid=3969387)[0m     slot[1] neighbor=agent_0 dist=4.302m age=0.150s quality=0.86  n_pos=(4.532,0.909)  rel_pos=(4.032,1.459)
[36m(RolloutWorker pid=3969387)[0m [comm_only] step=   3  agent_2  my_pos=(-0.450,0.800)  received=2 fallback=0
[36m(RolloutWorker pid=3969387)[0m     slot[0] neighbor=agent_1 dist=1.651m age=0.150s quality=1.00  n_pos=(0.480,-0.562)  rel_pos=(0.930,-1.362)
[36m(RolloutWorker pid=3969387)[0m     slot[1] neighbor=agent_3 dist=2.332m age=0.150s quality=1.00  n_pos=(-2.448,-0.395)  rel_pos=(-1.998,-1.195)
[36m(RolloutWorker pid=3969387)[0m [comm_only] step=   3  agent_3  my_pos=(-2.450,-0.400)  received=2 fallback=0
[36m(RolloutWorker pid=3969387)[0m     slot[0] neighbor=agent_2 dist=2.332m age=0.150s quality=1.00  n_pos=(-0.446,0.797)  rel_pos=(2.004,1.197)
[36m(RolloutWorker pid=3969387)[0m     slot[1] neighbor=agent_1 dist=2.954m age=0.150s quality=1.00  n_pos=(0.519,-0.511)  rel_pos=(2.969,-0.111)
[36m(RolloutWorker pid=3969387)[0m ⚠️ Robot 0: 强制路线非法，回退随机安全采样 start=(-4.20,-1.40) goal=(4.20,-1.40)
  [█████████░░░░░░░░░░░░░░░░░░░░░]  30.0%    15,000 / 50,000 步  回报 -902.79  ETA 01:10:27[36m(RolloutWorker pid=3969387)[0m 
[36m(RolloutWorker pid=3969387)[0m ============================================================
[36m(RolloutWorker pid=3969387)[0m 🏁 Episode 结束 (timeout)
[36m(RolloutWorker pid=3969387)[0m    步数: 2000/2000
[36m(RolloutWorker pid=3969387)[0m    完成: 0/4
[36m(RolloutWorker pid=3969387)[0m    活跃: 4  失败: 0
[36m(RolloutWorker pid=3969387)[0m ============================================================
[36m(RolloutWorker pid=3969387)[0m 
[36m(RolloutWorker pid=3969387)[0m [graph] step=   0 source=comm_only comm_range=3.5m
[36m(RolloutWorker pid=3969387)[0m   robot_0 pos=( 4.550, 0.900) status=active
[36m(RolloutWorker pid=3969387)[0m     adj=[1  0  1  0]  dist=[ 0.00   4.30   5.00   7.12]  quality=[1.00  0.00  0.73  0.00]  neighbors=[2]
[36m(RolloutWorker pid=3969387)[0m   robot_1 pos=( 0.500,-0.550) status=active
[36m(RolloutWorker pid=3969387)[0m     adj=[1  1  1  1]  dist=[ 4.30   0.00   1.65   2.95]  quality=[0.86  1.00  1.00  1.00]  neighbors=[0, 2, 3]
[36m(RolloutWorker pid=3969387)[0m   robot_2 pos=(-0.450, 0.800) status=active
[36m(RolloutWorker pid=3969387)[0m     adj=[1  1  1  1]  dist=[ 5.00   1.65   0.00   2.33]  quality=[0.73  1.00  1.00  1.00]  neighbors=[0, 1, 3]
[36m(RolloutWorker pid=3969387)[0m   robot_3 pos=(-2.450,-0.400) status=active
[36m(RolloutWorker pid=3969387)[0m     adj=[0  1  1  1]  dist=[ 7.12   2.95   2.33   0.00]  quality=[0.00  1.00  1.00  1.00]  neighbors=[1, 2]
[36m(RolloutWorker pid=3969387)[0m [comm_only] step=   0  agent_0  my_pos=(4.550,0.900)  received=1 fallback=0
[36m(RolloutWorker pid=3969387)[0m     slot[0] neighbor=agent_2 dist=5.001m age=0.150s quality=0.73  n_pos=(-0.488,0.823)  rel_pos=(-5.038,-0.077)
[36m(RolloutWorker pid=3969387)[0m [comm_only] step=   0  agent_1  my_pos=(0.500,-0.550)  received=3 fallback=0
[36m(RolloutWorker pid=3969387)[0m     slot[0] neighbor=agent_2 dist=1.651m age=0.150s quality=1.00  n_pos=(-0.447,0.780)  rel_pos=(-0.947,1.330)
[36m(RolloutWorker pid=3969387)[0m     slot[1] neighbor=agent_3 dist=2.954m age=0.150s quality=1.00  n_pos=(-2.474,-0.381)  rel_pos=(-2.974,0.169)
[36m(RolloutWorker pid=3969387)[0m     slot[2] neighbor=agent_0 dist=4.302m age=0.150s quality=0.86  n_pos=(4.567,0.930)  rel_pos=(4.067,1.480)
[36m(RolloutWorker pid=3969387)[0m [comm_only] step=   0  agent_2  my_pos=(-0.450,0.800)  received=3 fallback=0
[36m(RolloutWorker pid=3969387)[0m     slot[0] neighbor=agent_1 dist=1.651m age=0.150s quality=1.00  n_pos=(0.514,-0.554)  rel_pos=(0.964,-1.354)
[36m(RolloutWorker pid=3969387)[0m     slot[1] neighbor=agent_3 dist=2.332m age=0.150s quality=1.00  n_pos=(-2.434,-0.403)  rel_pos=(-1.984,-1.203)
[36m(RolloutWorker pid=3969387)[0m     slot[2] neighbor=agent_0 dist=5.001m age=0.150s quality=0.73  n_pos=(4.535,0.896)  rel_pos=(4.985,0.096)
[36m(RolloutWorker pid=3969387)[0m [comm_only] step=   0  agent_3  my_pos=(-2.450,-0.400)  received=2 fallback=0
[36m(RolloutWorker pid=3969387)[0m     slot[0] neighbor=agent_2 dist=2.332m age=0.150s quality=1.00  n_pos=(-0.486,0.804)  rel_pos=(1.964,1.204)
[36m(RolloutWorker pid=3969387)[0m     slot[1] neighbor=agent_1 dist=2.954m age=0.150s quality=1.00  n_pos=(0.501,-0.528)  rel_pos=(2.951,-0.128)
[36m(RolloutWorker pid=3969387)[0m [graph] step=   1 source=comm_only comm_range=3.5m
[36m(RolloutWorker pid=3969387)[0m   robot_0 pos=( 4.550, 0.900) status=active
[36m(RolloutWorker pid=3969387)[0m     adj=[1  1  1  0]  dist=[ 0.00   4.30   5.00   7.12]  quality=[1.00  0.86  0.73  0.00]  neighbors=[1, 2]
[36m(RolloutWorker pid=3969387)[0m   robot_1 pos=( 0.500,-0.550) status=active
[36m(RolloutWorker pid=3969387)[0m     adj=[0  1  1  1]  dist=[ 0.00   0.00   1.65   2.95]  quality=[0.00  1.00  1.00  1.00]  neighbors=[2, 3]
[36m(RolloutWorker pid=3969387)[0m   robot_2 pos=(-0.450, 0.800) status=active
[36m(RolloutWorker pid=3969387)[0m     adj=[0  1  1  1]  dist=[ 0.00   1.65   0.00   2.33]  quality=[0.00  1.00  1.00  1.00]  neighbors=[1, 3]
[36m(RolloutWorker pid=3969387)[0m   robot_3 pos=(-2.450,-0.400) status=active
[36m(RolloutWorker pid=3969387)[0m     adj=[1  1  1  1]  dist=[ 7.12   2.95   2.33   0.00]  quality=[0.36  1.00  1.00  1.00]  neighbors=[0, 1, 2]
[36m(RolloutWorker pid=3969387)[0m [comm_only] step=   1  agent_0  my_pos=(4.550,0.900)  received=2 fallback=0
[36m(RolloutWorker pid=3969387)[0m     slot[0] neighbor=agent_1 dist=4.302m age=0.150s quality=0.86  n_pos=(0.481,-0.574)  rel_pos=(-4.069,-1.474)
[36m(RolloutWorker pid=3969387)[0m     slot[1] neighbor=agent_2 dist=5.001m age=0.150s quality=0.73  n_pos=(-0.513,0.795)  rel_pos=(-5.063,-0.105)
[36m(RolloutWorker pid=3969387)[0m [comm_only] step=   1  agent_1  my_pos=(0.500,-0.550)  received=2 fallback=0
[36m(RolloutWorker pid=3969387)[0m     slot[0] neighbor=agent_2 dist=1.651m age=0.150s quality=1.00  n_pos=(-0.475,0.823)  rel_pos=(-0.975,1.373)
[36m(RolloutWorker pid=3969387)[0m     slot[1] neighbor=agent_3 dist=2.954m age=0.150s quality=1.00  n_pos=(-2.428,-0.381)  rel_pos=(-2.928,0.169)
[36m(RolloutWorker pid=3969387)[0m [comm_only] step=   1  agent_2  my_pos=(-0.450,0.800)  received=2 fallback=0
[36m(RolloutWorker pid=3969387)[0m     slot[0] neighbor=agent_1 dist=1.651m age=0.150s quality=1.00  n_pos=(0.497,-0.526)  rel_pos=(0.947,-1.326)
[36m(RolloutWorker pid=3969387)[0m     slot[1] neighbor=agent_3 dist=2.332m age=0.150s quality=1.00  n_pos=(-2.433,-0.385)  rel_pos=(-1.983,-1.185)
[36m(RolloutWorker pid=3969387)[0m [comm_only] step=   1  agent_3  my_pos=(-2.450,-0.400)  received=3 fallback=0
[36m(RolloutWorker pid=3969387)[0m     slot[0] neighbor=agent_2 dist=2.332m age=0.150s quality=1.00  n_pos=(-0.451,0.819)  rel_pos=(1.999,1.219)
[36m(RolloutWorker pid=3969387)[0m     slot[1] neighbor=agent_1 dist=2.954m age=0.150s quality=1.00  n_pos=(0.459,-0.509)  rel_pos=(2.909,-0.109)
[36m(RolloutWorker pid=3969387)[0m     slot[2] neighbor=agent_0 dist=7.120m age=0.150s quality=0.36  n_pos=(4.573,0.924)  rel_pos=(7.023,1.324)
[36m(RolloutWorker pid=3969387)[0m [graph] step=   2 source=comm_only comm_range=3.5m
[36m(RolloutWorker pid=3969387)[0m   robot_0 pos=( 4.551, 0.899) status=active
[36m(RolloutWorker pid=3969387)[0m     adj=[1  1  1  0]  dist=[ 0.00   4.30   5.00   7.12]  quality=[1.00  0.86  0.73  0.00]  neighbors=[1, 2]
[36m(RolloutWorker pid=3969387)[0m   robot_1 pos=( 0.500,-0.550) status=active
[36m(RolloutWorker pid=3969387)[0m     adj=[1  1  1  1]  dist=[ 4.30   0.00   1.65   2.95]  quality=[0.86  1.00  1.00  1.00]  neighbors=[0, 2, 3]
[36m(RolloutWorker pid=3969387)[0m   robot_2 pos=(-0.450, 0.800) status=active
[36m(RolloutWorker pid=3969387)[0m     adj=[1  1  1  1]  dist=[ 5.00   1.65   0.00   2.33]  quality=[0.73  1.00  1.00  1.00]  neighbors=[0, 1, 3]
[36m(RolloutWorker pid=3969387)[0m   robot_3 pos=(-2.450,-0.400) status=active
[36m(RolloutWorker pid=3969387)[0m     adj=[0  1  1  1]  dist=[ 7.12   2.95   2.33   0.00]  quality=[0.00  1.00  1.00  1.00]  neighbors=[1, 2]
[36m(RolloutWorker pid=3969387)[0m [comm_only] step=   2  agent_0  my_pos=(4.551,0.899)  received=1 fallback=0
[36m(RolloutWorker pid=3969387)[0m     slot[0] neighbor=agent_2 dist=5.002m age=0.150s quality=0.73  n_pos=(-0.453,0.800)  rel_pos=(-5.004,-0.099)
[36m(RolloutWorker pid=3969387)[0m [comm_only] step=   2  agent_1  my_pos=(0.500,-0.550)  received=2 fallback=0
[36m(RolloutWorker pid=3969387)[0m     slot[0] neighbor=agent_2 dist=1.651m age=0.150s quality=1.00  n_pos=(-0.422,0.786)  rel_pos=(-0.922,1.336)
[36m(RolloutWorker pid=3969387)[0m     slot[1] neighbor=agent_0 dist=4.302m age=0.150s quality=0.86  n_pos=(4.566,0.886)  rel_pos=(4.066,1.436)
[36m(RolloutWorker pid=3969387)[0m [comm_only] step=   2  agent_2  my_pos=(-0.450,0.800)  received=3 fallback=0
[36m(RolloutWorker pid=3969387)[0m     slot[0] neighbor=agent_1 dist=1.651m age=0.150s quality=1.00  n_pos=(0.524,-0.514)  rel_pos=(0.974,-1.314)
[36m(RolloutWorker pid=3969387)[0m     slot[1] neighbor=agent_3 dist=2.332m age=0.150s quality=1.00  n_pos=(-2.436,-0.417)  rel_pos=(-1.986,-1.217)
