[INFO] [launch]: All log files can be found below /home/wj/.ros/log/2026-06-07-17-33-25-512690-wj-Default-string-3965169
[INFO] [launch]: Default logging verbosity is set to INFO
[INFO] Loading world for TurtleBot3: /home/wj/work/multi-robot-exploration-rl/install/start_rl_environment_tb3/share/start_rl_environment_tb3/worlds/interaction_hub.world
[INFO] Spawning 4 TurtleBot3 robots on interaction_hub...
[INFO] Using random positions
[INFO] Using fixed positions for 4 robots
[INFO]   Robot 0: Robot 0 - west lower at (-5.10, -0.85)
[INFO]   Robot 1: Robot 1 - west upper at (-5.10, 0.85)
[INFO]   Robot 2: Robot 2 - east upper at (5.10, 0.85)
[INFO]   Robot 3: Robot 3 - east lower at (5.10, -0.85)
[spawn_robots] Created modified SDF for tb3_0 at /tmp/tb3_0_6o217ssl.sdf
[spawn_robots] Created modified SDF for tb3_1 at /tmp/tb3_1_9u1y7dl3.sdf
[spawn_robots] Created modified SDF for tb3_2 at /tmp/tb3_2_ed9bjui3.sdf
[spawn_robots] Created modified SDF for tb3_3 at /tmp/tb3_3_n9950t0p.sdf
[INFO] Map Server loading: /home/wj/work/multi-robot-exploration-rl/install/start_rl_environment_tb3/share/start_rl_environment_tb3/maps/interaction_hub.yaml
[INFO] [gzserver-1]: process started with pid [3965399]
[INFO] [gzclient-2]: process started with pid [3965401]
[INFO] [robot_state_publisher-3]: process started with pid [3965403]
[INFO] [spawn_entity.py-4]: process started with pid [3965405]
[INFO] [static_transform_publisher-5]: process started with pid [3965407]
[INFO] [robot_state_publisher-6]: process started with pid [3965409]
[INFO] [spawn_entity.py-7]: process started with pid [3965411]
[INFO] [static_transform_publisher-8]: process started with pid [3965413]
[INFO] [robot_state_publisher-9]: process started with pid [3965416]
[INFO] [spawn_entity.py-10]: process started with pid [3965418]
[INFO] [static_transform_publisher-11]: process started with pid [3965420]
[INFO] [robot_state_publisher-12]: process started with pid [3965422]
[INFO] [spawn_entity.py-13]: process started with pid [3965425]
[INFO] [static_transform_publisher-14]: process started with pid [3965427]
[INFO] [map_server-15]: process started with pid [3965435]
[INFO] [lifecycle_manager-16]: process started with pid [3965450]
[INFO] [rviz2-17]: process started with pid [3965463]
[INFO] [obstacle_mover.py-18]: process started with pid [3965468]
[static_transform_publisher-5] [WARN] [1780824806.399331497] []: Old-style arguments are deprecated; see --help for new-style arguments
[static_transform_publisher-8] [WARN] [1780824806.402938690] []: Old-style arguments are deprecated; see --help for new-style arguments
[static_transform_publisher-11] [WARN] [1780824806.410855249] []: Old-style arguments are deprecated; see --help for new-style arguments
[static_transform_publisher-14] [WARN] [1780824806.443823184] []: Old-style arguments are deprecated; see --help for new-style arguments
[static_transform_publisher-5] [INFO] [1780824806.444947775] [static_tf_tb3_0]: Spinning until stopped - publishing transform
[static_transform_publisher-5] translation: ('0.000000', '0.000000', '0.000000')
[static_transform_publisher-5] rotation: ('0.000000', '0.000000', '0.000000', '1.000000')
[static_transform_publisher-5] from 'map' to 'tb3_0/odom'
[robot_state_publisher-3] [INFO] [1780824806.448980083] [tb3_0.robot_state_publisher]: got segment base_footprint
[robot_state_publisher-3] [INFO] [1780824806.449133616] [tb3_0.robot_state_publisher]: got segment base_link
[robot_state_publisher-3] [INFO] [1780824806.449146902] [tb3_0.robot_state_publisher]: got segment base_scan
[robot_state_publisher-3] [INFO] [1780824806.449153232] [tb3_0.robot_state_publisher]: got segment caster_back_link
[robot_state_publisher-3] [INFO] [1780824806.449159187] [tb3_0.robot_state_publisher]: got segment imu_link
[robot_state_publisher-3] [INFO] [1780824806.449164639] [tb3_0.robot_state_publisher]: got segment wheel_left_link
[robot_state_publisher-3] [INFO] [1780824806.449170053] [tb3_0.robot_state_publisher]: got segment wheel_right_link
[robot_state_publisher-9] [INFO] [1780824806.452177770] [tb3_2.robot_state_publisher]: got segment base_footprint
[robot_state_publisher-9] [INFO] [1780824806.452344391] [tb3_2.robot_state_publisher]: got segment base_link
[robot_state_publisher-9] [INFO] [1780824806.452367851] [tb3_2.robot_state_publisher]: got segment base_scan
[robot_state_publisher-9] [INFO] [1780824806.452382004] [tb3_2.robot_state_publisher]: got segment caster_back_link
[robot_state_publisher-9] [INFO] [1780824806.452393914] [tb3_2.robot_state_publisher]: got segment imu_link
[robot_state_publisher-9] [INFO] [1780824806.452404427] [tb3_2.robot_state_publisher]: got segment wheel_left_link
[robot_state_publisher-9] [INFO] [1780824806.452415296] [tb3_2.robot_state_publisher]: got segment wheel_right_link
[robot_state_publisher-6] [INFO] [1780824806.459121324] [tb3_1.robot_state_publisher]: got segment base_footprint
[robot_state_publisher-6] [INFO] [1780824806.459286585] [tb3_1.robot_state_publisher]: got segment base_link
[robot_state_publisher-6] [INFO] [1780824806.459309597] [tb3_1.robot_state_publisher]: got segment base_scan
[robot_state_publisher-6] [INFO] [1780824806.459323208] [tb3_1.robot_state_publisher]: got segment caster_back_link
[robot_state_publisher-6] [INFO] [1780824806.459333795] [tb3_1.robot_state_publisher]: got segment imu_link
[robot_state_publisher-6] [INFO] [1780824806.459344383] [tb3_1.robot_state_publisher]: got segment wheel_left_link
[robot_state_publisher-6] [INFO] [1780824806.459354642] [tb3_1.robot_state_publisher]: got segment wheel_right_link
[static_transform_publisher-8] [INFO] [1780824806.467899043] [static_tf_tb3_1]: Spinning until stopped - publishing transform
[static_transform_publisher-8] translation: ('0.000000', '0.000000', '0.000000')
[static_transform_publisher-8] rotation: ('0.000000', '0.000000', '0.000000', '1.000000')
[static_transform_publisher-8] from 'map' to 'tb3_1/odom'
[static_transform_publisher-11] [INFO] [1780824806.468158069] [static_tf_tb3_2]: Spinning until stopped - publishing transform
[static_transform_publisher-11] translation: ('0.000000', '0.000000', '0.000000')
[static_transform_publisher-11] rotation: ('0.000000', '0.000000', '0.000000', '1.000000')
[static_transform_publisher-11] from 'map' to 'tb3_2/odom'
[static_transform_publisher-14] [INFO] [1780824806.491489605] [static_tf_tb3_3]: Spinning until stopped - publishing transform
[static_transform_publisher-14] translation: ('0.000000', '0.000000', '0.000000')
[static_transform_publisher-14] rotation: ('0.000000', '0.000000', '0.000000', '1.000000')
[static_transform_publisher-14] from 'map' to 'tb3_3/odom'
[robot_state_publisher-12] [INFO] [1780824806.491645703] [tb3_3.robot_state_publisher]: got segment base_footprint
[robot_state_publisher-12] [INFO] [1780824806.491851688] [tb3_3.robot_state_publisher]: got segment base_link
[robot_state_publisher-12] [INFO] [1780824806.491868687] [tb3_3.robot_state_publisher]: got segment base_scan
[robot_state_publisher-12] [INFO] [1780824806.491876285] [tb3_3.robot_state_publisher]: got segment caster_back_link
[robot_state_publisher-12] [INFO] [1780824806.491882810] [tb3_3.robot_state_publisher]: got segment imu_link
[robot_state_publisher-12] [INFO] [1780824806.491888772] [tb3_3.robot_state_publisher]: got segment wheel_left_link
[robot_state_publisher-12] [INFO] [1780824806.491894990] [tb3_3.robot_state_publisher]: got segment wheel_right_link
[map_server-15] [INFO] [1780824806.501138769] [map_server]: 
[map_server-15] 	map_server lifecycle node launched. 
[map_server-15] 	Waiting on external lifecycle transitions to activate
[map_server-15] 	See https://design.ros2.org/articles/node_lifecycle.html for more information.
[map_server-15] [INFO] [1780824806.501421889] [map_server]: Creating
[lifecycle_manager-16] [INFO] [1780824806.513321686] [lifecycle_manager_map]: Creating
[lifecycle_manager-16] [INFO] [1780824806.521006212] [lifecycle_manager_map]: [34m[1mCreating and initializing lifecycle service clients[0m[0m
[lifecycle_manager-16] [INFO] [1780824806.567662151] [lifecycle_manager_map]: [34m[1mStarting managed nodes bringup...[0m[0m
[lifecycle_manager-16] [INFO] [1780824806.568295944] [lifecycle_manager_map]: [34m[1mConfiguring map_server[0m[0m
[map_server-15] [INFO] [1780824806.718681917] [map_server]: Configuring
[map_server-15] [INFO] [1780824806.718856879] [map_io]: Loading yaml file: /home/wj/work/multi-robot-exploration-rl/install/start_rl_environment_tb3/share/start_rl_environment_tb3/maps/interaction_hub.yaml
[map_server-15] [INFO] [1780824806.719476772] [map_io]: resolution: 0.05
[map_server-15] [INFO] [1780824806.719497785] [map_io]: origin[0]: -6
[map_server-15] [INFO] [1780824806.719507609] [map_io]: origin[1]: -6
[map_server-15] [INFO] [1780824806.719516916] [map_io]: origin[2]: 0
[map_server-15] [INFO] [1780824806.719526588] [map_io]: free_thresh: 0.196
[map_server-15] [INFO] [1780824806.719535746] [map_io]: occupied_thresh: 0.65
[map_server-15] [INFO] [1780824806.719547000] [map_io]: mode: trinary
[map_server-15] [INFO] [1780824806.719559653] [map_io]: negate: 0
[map_server-15] [INFO] [1780824806.719922797] [map_io]: Loading image_file: /home/wj/work/multi-robot-exploration-rl/install/start_rl_environment_tb3/share/start_rl_environment_tb3/maps/interaction_hub.pgm
[map_server-15] [INFO] [1780824806.731342075] [map_io]: Read map /home/wj/work/multi-robot-exploration-rl/install/start_rl_environment_tb3/share/start_rl_environment_tb3/maps/interaction_hub.pgm: 240 X 240 map @ 0.05 m/cell
[lifecycle_manager-16] [INFO] [1780824806.738872385] [lifecycle_manager_map]: [34m[1mActivating map_server[0m[0m
[map_server-15] [INFO] [1780824806.739058965] [map_server]: Activating
[map_server-15] [INFO] [1780824806.739351271] [map_server]: Creating bond (map_server) to lifecycle manager.
[lifecycle_manager-16] [INFO] [1780824806.849330808] [lifecycle_manager_map]: Server map_server connected with bond.
[lifecycle_manager-16] [INFO] [1780824806.849441140] [lifecycle_manager_map]: [34m[1mManaged nodes are active[0m[0m
[lifecycle_manager-16] [INFO] [1780824806.849457361] [lifecycle_manager_map]: [34m[1mCreating bond timer...[0m[0m
[spawn_entity.py-4] [INFO] [1780824807.074228725] [tb3_0.spawn_entity]: Spawn Entity started
[spawn_entity.py-4] [INFO] [1780824807.074968179] [tb3_0.spawn_entity]: Loading entity XML from file /tmp/tb3_0_6o217ssl.sdf
[spawn_entity.py-4] [INFO] [1780824807.076070451] [tb3_0.spawn_entity]: Waiting for service /spawn_entity, timeout = 30
[spawn_entity.py-4] [INFO] [1780824807.076738490] [tb3_0.spawn_entity]: Waiting for service /spawn_entity
[spawn_entity.py-10] [INFO] [1780824807.151577224] [tb3_2.spawn_entity]: Spawn Entity started
[spawn_entity.py-10] [INFO] [1780824807.152491492] [tb3_2.spawn_entity]: Loading entity XML from file /tmp/tb3_2_ed9bjui3.sdf
[spawn_entity.py-10] [INFO] [1780824807.154258261] [tb3_2.spawn_entity]: Waiting for service /spawn_entity, timeout = 30
[spawn_entity.py-10] [INFO] [1780824807.154939044] [tb3_2.spawn_entity]: Waiting for service /spawn_entity
[spawn_entity.py-7] [INFO] [1780824807.247037424] [tb3_1.spawn_entity]: Spawn Entity started
[spawn_entity.py-7] [INFO] [1780824807.247476811] [tb3_1.spawn_entity]: Loading entity XML from file /tmp/tb3_1_9u1y7dl3.sdf
[spawn_entity.py-7] [INFO] [1780824807.248356349] [tb3_1.spawn_entity]: Waiting for service /spawn_entity, timeout = 30
[spawn_entity.py-7] [INFO] [1780824807.248692744] [tb3_1.spawn_entity]: Waiting for service /spawn_entity
[spawn_entity.py-13] [INFO] [1780824807.274150519] [tb3_3.spawn_entity]: Spawn Entity started
[spawn_entity.py-13] [INFO] [1780824807.274609987] [tb3_3.spawn_entity]: Loading entity XML from file /tmp/tb3_3_n9950t0p.sdf
[spawn_entity.py-13] [INFO] [1780824807.275521780] [tb3_3.spawn_entity]: Waiting for service /spawn_entity, timeout = 30
[spawn_entity.py-13] [INFO] [1780824807.275891881] [tb3_3.spawn_entity]: Waiting for service /spawn_entity
[rviz2-17] [INFO] [1780824807.697569840] [rviz2]: Stereo is NOT SUPPORTED
[rviz2-17] [INFO] [1780824807.697747431] [rviz2]: OpenGl version: 4.6 (GLSL 4.6)
[rviz2-17] [INFO] [1780824807.913991448] [rviz2]: Stereo is NOT SUPPORTED
[gzserver-1] [WARN] [1780824809.238598382] [rcl]: Found remap rule 'model_states:=model_states_demo'. This syntax is deprecated. Use '--ros-args --remap model_states:=model_states_demo' instead.
[gzserver-1] [INFO] [1780824809.251885245] [gazebo_ros_state]: Publishing states of gazebo models at [/model_states_demo]
[gzserver-1] [INFO] [1780824809.252744569] [gazebo_ros_state]: Publishing states of gazebo links at [/link_states]
[spawn_entity.py-7] [INFO] [1780824809.257542656] [tb3_1.spawn_entity]: Calling service /spawn_entity
[spawn_entity.py-13] [INFO] [1780824809.283145369] [tb3_3.spawn_entity]: Calling service /spawn_entity
[spawn_entity.py-4] [INFO] [1780824809.339856727] [tb3_0.spawn_entity]: Calling service /spawn_entity
[obstacle_mover.py-18] [INFO] [1780824809.344497424] [obstacle_mover]: [obstacle_mover] map=6  0 个障碍物  速度=0.000 m/s (scale×0.0)  30 Hz  随机游走模式
[obstacle_mover.py-18] [INFO] [1780824809.351369205] [obstacle_mover]: [obstacle_mover] ✅ dyn_obs_0~dyn_obs_7 已下沉至 z=-10.0
[spawn_entity.py-10] [INFO] [1780824809.415606844] [tb3_2.spawn_entity]: Calling service /spawn_entity
[gzserver-1] [INFO] [1780824809.591476080] [tb3_1.turtlebot3_imu]: <initial_orientation_as_reference> is unset, using default value of false to comply with REP 145 (world as orientation reference)
[spawn_entity.py-7] [INFO] [1780824809.709352632] [tb3_1.spawn_entity]: Spawn status: SpawnEntity: Successfully spawned entity [tb3_1]
[gzserver-1] [INFO] [1780824809.846835729] [tb3_1.turtlebot3_diff_drive]: Wheel pair 1 separation set to [0.160000m]
[gzserver-1] [INFO] [1780824809.846896410] [tb3_1.turtlebot3_diff_drive]: Wheel pair 1 diameter set to [0.066000m]
[gzserver-1] [INFO] [1780824809.848332042] [tb3_1.turtlebot3_diff_drive]: Subscribed to [/tb3_1/cmd_vel]
[gzserver-1] [INFO] [1780824809.851430592] [tb3_1.turtlebot3_diff_drive]: Advertise odometry on [/tb3_1/odom]
[gzserver-1] [INFO] [1780824809.855036136] [tb3_1.turtlebot3_diff_drive]: Publishing odom transforms between [tb3_1/odom] and [tb3_1/base_footprint]
[gzserver-1] [INFO] [1780824809.872509515] [tb3_1.turtlebot3_joint_state]: Going to publish joint [wheel_left_joint]
[gzserver-1] [INFO] [1780824809.872579245] [tb3_1.turtlebot3_joint_state]: Going to publish joint [wheel_right_joint]
[INFO] [spawn_entity.py-7]: process has finished cleanly [pid 3965411]
[gzserver-1] [INFO] [1780824810.179139459] [tb3_3.turtlebot3_imu]: <initial_orientation_as_reference> is unset, using default value of false to comply with REP 145 (world as orientation reference)
[spawn_entity.py-13] [INFO] [1780824810.320399476] [tb3_3.spawn_entity]: Spawn status: SpawnEntity: Successfully spawned entity [tb3_3]
[gzserver-1] [INFO] [1780824810.446108291] [tb3_3.turtlebot3_diff_drive]: Wheel pair 1 separation set to [0.160000m]
[gzserver-1] [INFO] [1780824810.446164145] [tb3_3.turtlebot3_diff_drive]: Wheel pair 1 diameter set to [0.066000m]
[gzserver-1] [INFO] [1780824810.446906393] [tb3_3.turtlebot3_diff_drive]: Subscribed to [/tb3_3/cmd_vel]
[gzserver-1] [INFO] [1780824810.447882197] [tb3_3.turtlebot3_diff_drive]: Advertise odometry on [/tb3_3/odom]
[gzserver-1] [INFO] [1780824810.449970004] [tb3_3.turtlebot3_diff_drive]: Publishing odom transforms between [tb3_3/odom] and [tb3_3/base_footprint]
[gzserver-1] [INFO] [1780824810.463873262] [tb3_3.turtlebot3_joint_state]: Going to publish joint [wheel_left_joint]
[gzserver-1] [INFO] [1780824810.463934944] [tb3_3.turtlebot3_joint_state]: Going to publish joint [wheel_right_joint]
[INFO] [spawn_entity.py-13]: process has finished cleanly [pid 3965425]
[gzserver-1] [INFO] [1780824810.790249710] [tb3_0.turtlebot3_imu]: <initial_orientation_as_reference> is unset, using default value of false to comply with REP 145 (world as orientation reference)
[spawn_entity.py-4] [INFO] [1780824810.969108506] [tb3_0.spawn_entity]: Spawn status: SpawnEntity: Successfully spawned entity [tb3_0]
[gzserver-1] [INFO] [1780824811.091541179] [tb3_0.turtlebot3_diff_drive]: Wheel pair 1 separation set to [0.160000m]
[gzserver-1] [INFO] [1780824811.091680489] [tb3_0.turtlebot3_diff_drive]: Wheel pair 1 diameter set to [0.066000m]
[gzserver-1] [INFO] [1780824811.094737100] [tb3_0.turtlebot3_diff_drive]: Subscribed to [/tb3_0/cmd_vel]
[gzserver-1] [INFO] [1780824811.098000413] [tb3_0.turtlebot3_diff_drive]: Advertise odometry on [/tb3_0/odom]
[gzserver-1] [INFO] [1780824811.103034591] [tb3_0.turtlebot3_diff_drive]: Publishing odom transforms between [tb3_0/odom] and [tb3_0/base_footprint]
[gzserver-1] [INFO] [1780824811.129509965] [tb3_0.turtlebot3_joint_state]: Going to publish joint [wheel_left_joint]
[gzserver-1] [INFO] [1780824811.129588005] [tb3_0.turtlebot3_joint_state]: Going to publish joint [wheel_right_joint]
[INFO] [spawn_entity.py-4]: process has finished cleanly [pid 3965405]
[gzserver-1] [INFO] [1780824811.455647330] [tb3_2.turtlebot3_imu]: <initial_orientation_as_reference> is unset, using default value of false to comply with REP 145 (world as orientation reference)
[spawn_entity.py-10] [INFO] [1780824811.590992847] [tb3_2.spawn_entity]: Spawn status: SpawnEntity: Successfully spawned entity [tb3_2]
[gzserver-1] [INFO] [1780824811.704269580] [tb3_2.turtlebot3_diff_drive]: Wheel pair 1 separation set to [0.160000m]
[gzserver-1] [INFO] [1780824811.704355140] [tb3_2.turtlebot3_diff_drive]: Wheel pair 1 diameter set to [0.066000m]
[gzserver-1] [INFO] [1780824811.705296563] [tb3_2.turtlebot3_diff_drive]: Subscribed to [/tb3_2/cmd_vel]
[gzserver-1] [INFO] [1780824811.706629065] [tb3_2.turtlebot3_diff_drive]: Advertise odometry on [/tb3_2/odom]
[gzserver-1] [INFO] [1780824811.709190564] [tb3_2.turtlebot3_diff_drive]: Publishing odom transforms between [tb3_2/odom] and [tb3_2/base_footprint]
[gzserver-1] [INFO] [1780824811.727922179] [tb3_2.turtlebot3_joint_state]: Going to publish joint [wheel_left_joint]
[gzserver-1] [INFO] [1780824811.727973924] [tb3_2.turtlebot3_joint_state]: Going to publish joint [wheel_right_joint]
[INFO] [spawn_entity.py-10]: process has finished cleanly [pid 3965418]
[rviz2-17] [INFO] [1780824821.461473821] [rviz2]: Message Filter dropping message: frame 'tb3_3/base_scan' at time 0.345 for reason 'the timestamp on the message is earlier than all the data in the transform cache'
[rviz2-17] [INFO] [1780824821.664400541] [rviz2]: Message Filter dropping message: frame 'tb3_0/base_scan' at time 0.547 for reason 'the timestamp on the message is earlier than all the data in the transform cache'
[rviz2-17] [INFO] [1780824821.865628627] [rviz2]: Message Filter dropping message: frame 'tb3_2/base_scan' at time 0.747 for reason 'the timestamp on the message is earlier than all the data in the transform cache'
