/home/wj/work/multi-robot-exploration-rl/install/gnn_bc_tools/lib/python3.10/site-packages/gnn_bc_tools/run_orca_dwa_bc_pipeline.py
/home/wj/work/multi-robot-exploration-rl/install/gnn_bc_tools/lib/python3.10/site-packages/gnn_bc_tools/expert_apf.py
/home/wj/work/multi-robot-exploration-rl/install/gnn_bc_tools/lib/python3.10/site-packages/gnn_bc_tools/path_utils.py
/home/wj/work/multi-robot-exploration-rl/install/gnn_bc_tools/lib/python3.10/site-packages/gnn_bc_tools/orca_dwa_scene_utils.py
/home/wj/work/multi-robot-exploration-rl/install/gnn_bc_tools/lib/python3.10/site-packages/gnn_bc_tools/tune_orca_dwa_map1.py
/home/wj/work/multi-robot-exploration-rl/install/gnn_bc_tools/lib/python3.10/site-packages/gnn_bc_tools/expert_orca_dwa.py
/home/wj/work/multi-robot-exploration-rl/install/gnn_bc_tools/lib/python3.10/site-packages/gnn_bc_tools/collect_orca_dwa_bc.py
/home/wj/work/multi-robot-exploration-rl/install/gnn_bc_tools/lib/python3.10/site-packages/gnn_bc_tools/__init__.py
/home/wj/work/multi-robot-exploration-rl/install/gnn_bc_tools/lib/python3.10/site-packages/gnn_bc_tools/pretrain_mappo_bc.py
/home/wj/work/multi-robot-exploration-rl/install/gnn_bc_tools/lib/python3.10/site-packages/gnn_bc_tools/rl_finetune_from_bc.py
/home/wj/work/multi-robot-exploration-rl/install/gnn_bc_tools/lib/python3.10/site-packages/gnn_bc_tools/__pycache__/run_orca_dwa_bc_pipeline.cpython-310.pyc
/home/wj/work/multi-robot-exploration-rl/install/gnn_bc_tools/lib/python3.10/site-packages/gnn_bc_tools/__pycache__/expert_apf.cpython-310.pyc
/home/wj/work/multi-robot-exploration-rl/install/gnn_bc_tools/lib/python3.10/site-packages/gnn_bc_tools/__pycache__/path_utils.cpython-310.pyc
/home/wj/work/multi-robot-exploration-rl/install/gnn_bc_tools/lib/python3.10/site-packages/gnn_bc_tools/__pycache__/orca_dwa_scene_utils.cpython-310.pyc
/home/wj/work/multi-robot-exploration-rl/install/gnn_bc_tools/lib/python3.10/site-packages/gnn_bc_tools/__pycache__/tune_orca_dwa_map1.cpython-310.pyc
/home/wj/work/multi-robot-exploration-rl/install/gnn_bc_tools/lib/python3.10/site-packages/gnn_bc_tools/__pycache__/expert_orca_dwa.cpython-310.pyc
/home/wj/work/multi-robot-exploration-rl/install/gnn_bc_tools/lib/python3.10/site-packages/gnn_bc_tools/__pycache__/collect_orca_dwa_bc.cpython-310.pyc
/home/wj/work/multi-robot-exploration-rl/install/gnn_bc_tools/lib/python3.10/site-packages/gnn_bc_tools/__pycache__/__init__.cpython-310.pyc
/home/wj/work/multi-robot-exploration-rl/install/gnn_bc_tools/lib/python3.10/site-packages/gnn_bc_tools/__pycache__/pretrain_mappo_bc.cpython-310.pyc
/home/wj/work/multi-robot-exploration-rl/install/gnn_bc_tools/lib/python3.10/site-packages/gnn_bc_tools/__pycache__/rl_finetune_from_bc.cpython-310.pyc
/home/wj/work/multi-robot-exploration-rl/install/gnn_bc_tools/share/ament_index/resource_index/packages/gnn_bc_tools
/home/wj/work/multi-robot-exploration-rl/install/gnn_bc_tools/share/gnn_bc_tools/package.xml
/home/wj/work/multi-robot-exploration-rl/install/gnn_bc_tools/lib/python3.10/site-packages/gnn_bc_tools-0.1.0-py3.10.egg-info/SOURCES.txt
/home/wj/work/multi-robot-exploration-rl/install/gnn_bc_tools/lib/python3.10/site-packages/gnn_bc_tools-0.1.0-py3.10.egg-info/entry_points.txt
/home/wj/work/multi-robot-exploration-rl/install/gnn_bc_tools/lib/python3.10/site-packages/gnn_bc_tools-0.1.0-py3.10.egg-info/zip-safe
/home/wj/work/multi-robot-exploration-rl/install/gnn_bc_tools/lib/python3.10/site-packages/gnn_bc_tools-0.1.0-py3.10.egg-info/PKG-INFO
/home/wj/work/multi-robot-exploration-rl/install/gnn_bc_tools/lib/python3.10/site-packages/gnn_bc_tools-0.1.0-py3.10.egg-info/dependency_links.txt
/home/wj/work/multi-robot-exploration-rl/install/gnn_bc_tools/lib/python3.10/site-packages/gnn_bc_tools-0.1.0-py3.10.egg-info/requires.txt
/home/wj/work/multi-robot-exploration-rl/install/gnn_bc_tools/lib/python3.10/site-packages/gnn_bc_tools-0.1.0-py3.10.egg-info/top_level.txt
/home/wj/work/multi-robot-exploration-rl/install/gnn_bc_tools/lib/gnn_bc_tools/collect_orca_dwa_bc
/home/wj/work/multi-robot-exploration-rl/install/gnn_bc_tools/lib/gnn_bc_tools/pretrain_mappo_bc
/home/wj/work/multi-robot-exploration-rl/install/gnn_bc_tools/lib/gnn_bc_tools/run_orca_dwa_bc_pipeline
/home/wj/work/multi-robot-exploration-rl/install/gnn_bc_tools/lib/gnn_bc_tools/tune_orca_dwa_map1
