2026-05-14 10:49:17,978	INFO worker.py:2013 -- Started a local Ray instance.
/home/wj/anaconda3/envs/ros2/lib/python3.10/site-packages/ray/rllib/algorithms/algorithm.py:527: RayDeprecationWarning: This API is deprecated and may be removed in future Ray releases. You could suppress this warning by setting env variable PYTHONWARNINGS="ignore::DeprecationWarning"
`UnifiedLogger` will be removed in Ray 2.7.
  return UnifiedLogger(config, logdir, loggers=None)
/home/wj/anaconda3/envs/ros2/lib/python3.10/site-packages/ray/tune/logger/unified.py:53: RayDeprecationWarning: This API is deprecated and may be removed in future Ray releases. You could suppress this warning by setting env variable PYTHONWARNINGS="ignore::DeprecationWarning"
The `JsonLogger interface is deprecated in favor of the `ray.tune.json.JsonLoggerCallback` interface and will be removed in Ray 2.7.
  self._loggers.append(cls(self.config, self.logdir, self.trial))
/home/wj/anaconda3/envs/ros2/lib/python3.10/site-packages/ray/tune/logger/unified.py:53: RayDeprecationWarning: This API is deprecated and may be removed in future Ray releases. You could suppress this warning by setting env variable PYTHONWARNINGS="ignore::DeprecationWarning"
The `CSVLogger interface is deprecated in favor of the `ray.tune.csv.CSVLoggerCallback` interface and will be removed in Ray 2.7.
  self._loggers.append(cls(self.config, self.logdir, self.trial))
/home/wj/anaconda3/envs/ros2/lib/python3.10/site-packages/ray/tune/logger/unified.py:53: RayDeprecationWarning: This API is deprecated and may be removed in future Ray releases. You could suppress this warning by setting env variable PYTHONWARNINGS="ignore::DeprecationWarning"
The `TBXLogger interface is deprecated in favor of the `ray.tune.tensorboardx.TBXLoggerCallback` interface and will be removed in Ray 2.7.
  self._loggers.append(cls(self.config, self.logdir, self.trial))
[INFO] [1778726959.475165252] [gym_env_robot_0_82366]: ✅ 路径可视化器已启动，路径话题: /waypoint_markers, tracking话题: /rolling_subgoal_markers
[INFO] [1778726959.517610386] [gym_env_robot_1_73942]: ✅ 路径可视化器已启动，路径话题: /waypoint_markers, tracking话题: /rolling_subgoal_markers
[INFO] [1778726959.551345023] [gym_env_robot_2_94761]: ✅ 路径可视化器已启动，路径话题: /waypoint_markers, tracking话题: /rolling_subgoal_markers
[INFO] [1778726959.579513322] [gym_env_robot_3_46133]: ✅ 路径可视化器已启动，路径话题: /waypoint_markers, tracking话题: /rolling_subgoal_markers
2026-05-14 10:49:22,129	WARNING util.py:62 -- Install gputil for GPU system monitoring.
================================================================================
🚀 GNN-MAPPO 课程学习训练  [最近邻感知图]
================================================================================
  环境阶段:     1 · Stage 1 · 静态入门
  机器人数量:   4
  通信范围:     3.5 m
  感知邻域:     3.5 m
  并行Workers:  0
  采样设置:     timeout=1200s fragment=1000 mode=truncate_episodes
  训练步数:     500,000
  动作模式:     option_mode
  Option源:     rl  hold=[1, 30]  topk=3
  PPO配置:      option_discrete  (clip=0.2, ent=0.01, mb=1024, epochs=8)
  GAT Actor:    neighbor  bias=2.50
  GAT Critic:   mlp
  需要环境:     ros2 launch start_rl_environment_tb3 main.launch.py map_number:=6 robot_number:=4 num_obstacles:=0 obs_speed_scale:=0.0
  通信设置:     perfect_comm  (dropout=0%, latency=0, jitter=0, noise=0.00)
  冲突路线:     mode=mixed prob=0.75
================================================================================

📚 阶段1：保持完美通信，直接学习通信版 social-risk 图...

🤖 环境初始化: Namespace='/tb3_0', ModelName='tb3_0'
⚠️  _parse_world_bounds(<IndependentRobotEnv instance>) 解析失败: expected str, bytes or os.PathLike object, not IndependentRobotEnv
✅ Map 6: 预计算安全 spawn 点 11100 个 (clearance=0.40m)
✅ Robot 0: A*规划器初始化完成
🤖 环境初始化: Namespace='/tb3_1', ModelName='tb3_1'
⚠️  _parse_world_bounds(<IndependentRobotEnv instance>) 解析失败: expected str, bytes or os.PathLike object, not IndependentRobotEnv
✅ Map 6: 预计算安全 spawn 点 11100 个 (clearance=0.40m)
✅ Robot 1: A*规划器初始化完成
🤖 环境初始化: Namespace='/tb3_2', ModelName='tb3_2'
⚠️  _parse_world_bounds(<IndependentRobotEnv instance>) 解析失败: expected str, bytes or os.PathLike object, not IndependentRobotEnv
✅ Map 6: 预计算安全 spawn 点 11100 个 (clearance=0.40m)
✅ Robot 2: A*规划器初始化完成
🤖 环境初始化: Namespace='/tb3_3', ModelName='tb3_3'
⚠️  _parse_world_bounds(<IndependentRobotEnv instance>) 解析失败: expected str, bytes or os.PathLike object, not IndependentRobotEnv
✅ Map 6: 预计算安全 spawn 点 11100 个 (clearance=0.40m)
✅ Robot 3: A*规划器初始化完成
Traceback (most recent call last):
  File "/home/wj/work/multi-robot-exploration-rl/src/gnn_marl_training/gnn_marl_training/train_gnn_mappo_full.py", line 2019, in <module>
    main()
  File "/home/wj/work/multi-robot-exploration-rl/src/gnn_marl_training/gnn_marl_training/train_gnn_mappo_full.py", line 1952, in main
    ckpt = _run_tune(
  File "/home/wj/work/multi-robot-exploration-rl/src/gnn_marl_training/gnn_marl_training/train_gnn_mappo_full.py", line 1393, in _run_tune
    return _run_training(
  File "/home/wj/work/multi-robot-exploration-rl/src/gnn_marl_training/gnn_marl_training/train_gnn_mappo_full.py", line 820, in _run_training
    result = algo.train()
  File "/home/wj/anaconda3/envs/ros2/lib/python3.10/site-packages/ray/tune/trainable/trainable.py", line 331, in train
    raise skipped from exception_cause(skipped)
  File "/home/wj/anaconda3/envs/ros2/lib/python3.10/site-packages/ray/tune/trainable/trainable.py", line 328, in train
    result = self.step()
  File "/home/wj/anaconda3/envs/ros2/lib/python3.10/site-packages/ray/rllib/algorithms/algorithm.py", line 1271, in step
    ) = self._run_one_training_iteration_old_api_stack()
  File "/home/wj/anaconda3/envs/ros2/lib/python3.10/site-packages/ray/rllib/algorithms/algorithm.py", line 4414, in _run_one_training_iteration_old_api_stack
    training_step_results = self.training_step()
  File "/home/wj/anaconda3/envs/ros2/lib/python3.10/site-packages/ray/rllib/algorithms/ppo/ppo.py", line 394, in training_step
    return self._training_step_old_api_stack()
  File "/home/wj/anaconda3/envs/ros2/lib/python3.10/site-packages/ray/rllib/algorithms/ppo/ppo.py", line 483, in _training_step_old_api_stack
    train_batch = synchronous_parallel_sample(
  File "/home/wj/anaconda3/envs/ros2/lib/python3.10/site-packages/ray/rllib/execution/rollout_ops.py", line 102, in synchronous_parallel_sample
    sampled_data = [worker_set.local_env_runner.sample(**random_action_kwargs)]
  File "/home/wj/anaconda3/envs/ros2/lib/python3.10/site-packages/ray/rllib/evaluation/rollout_worker.py", line 679, in sample
    batches = [self.input_reader.next()]
  File "/home/wj/anaconda3/envs/ros2/lib/python3.10/site-packages/ray/rllib/evaluation/sampler.py", line 59, in next
    batches = [self.get_data()]
  File "/home/wj/anaconda3/envs/ros2/lib/python3.10/site-packages/ray/rllib/evaluation/sampler.py", line 225, in get_data
    item = next(self._env_runner)
  File "/home/wj/anaconda3/envs/ros2/lib/python3.10/site-packages/ray/rllib/evaluation/env_runner_v2.py", line 330, in run
    outputs = self.step()
  File "/home/wj/anaconda3/envs/ros2/lib/python3.10/site-packages/ray/rllib/evaluation/env_runner_v2.py", line 349, in step
    ) = self._base_env.poll()
  File "/home/wj/anaconda3/envs/ros2/lib/python3.10/site-packages/ray/rllib/env/multi_agent_env.py", line 529, in poll
    ) = env_state.poll()
  File "/home/wj/anaconda3/envs/ros2/lib/python3.10/site-packages/ray/rllib/env/multi_agent_env.py", line 716, in poll
    self.reset()
  File "/home/wj/anaconda3/envs/ros2/lib/python3.10/site-packages/ray/rllib/env/multi_agent_env.py", line 800, in reset
    raise e
  File "/home/wj/anaconda3/envs/ros2/lib/python3.10/site-packages/ray/rllib/env/multi_agent_env.py", line 794, in reset
    obs_and_infos = self.env.reset(seed=seed, options=options)
  File "/home/wj/work/multi-robot-exploration-rl/src/gnn_marl_training/gnn_marl_training/envs/gnn_marl_env.py", line 960, in reset
    obs, info = agent.reset(other_agent_starts=agent_starts, forced_start_goal=forced)
  File "/home/wj/work/multi-robot-exploration-rl/src/gnn_marl_training/gnn_marl_training/envs/independent_env_runtime.py", line 422, in reset
    yaw = random.uniform(-3.14, 3.14)
NameError: name 'random' is not defined
