2026-04-23 11:06:32,822	INFO worker.py:2013 -- Started a local Ray instance.
/home/wj/anaconda3/envs/ros2/lib/python3.10/site-packages/ray/rllib/algorithms/algorithm.py:527: RayDeprecationWarning: This API is deprecated and may be removed in future Ray releases. You could suppress this warning by setting env variable PYTHONWARNINGS="ignore::DeprecationWarning"
`UnifiedLogger` will be removed in Ray 2.7.
  return UnifiedLogger(config, logdir, loggers=None)
/home/wj/anaconda3/envs/ros2/lib/python3.10/site-packages/ray/tune/logger/unified.py:53: RayDeprecationWarning: This API is deprecated and may be removed in future Ray releases. You could suppress this warning by setting env variable PYTHONWARNINGS="ignore::DeprecationWarning"
The `JsonLogger interface is deprecated in favor of the `ray.tune.json.JsonLoggerCallback` interface and will be removed in Ray 2.7.
  self._loggers.append(cls(self.config, self.logdir, self.trial))
/home/wj/anaconda3/envs/ros2/lib/python3.10/site-packages/ray/tune/logger/unified.py:53: RayDeprecationWarning: This API is deprecated and may be removed in future Ray releases. You could suppress this warning by setting env variable PYTHONWARNINGS="ignore::DeprecationWarning"
The `CSVLogger interface is deprecated in favor of the `ray.tune.csv.CSVLoggerCallback` interface and will be removed in Ray 2.7.
  self._loggers.append(cls(self.config, self.logdir, self.trial))
/home/wj/anaconda3/envs/ros2/lib/python3.10/site-packages/ray/tune/logger/unified.py:53: RayDeprecationWarning: This API is deprecated and may be removed in future Ray releases. You could suppress this warning by setting env variable PYTHONWARNINGS="ignore::DeprecationWarning"
The `TBXLogger interface is deprecated in favor of the `ray.tune.tensorboardx.TBXLoggerCallback` interface and will be removed in Ray 2.7.
  self._loggers.append(cls(self.config, self.logdir, self.trial))
[2026-04-23 11:06:34,152 E 1134689 1134689] core_worker.cc:2232: Actor with class name: 'RolloutWorker' and ID: '4292fd824d7bf056ee8d047801000000' has constructor arguments in the object store and max_restarts > 0. If the arguments in the object store go out of scope or are lost, the actor restart will fail. See https://github.com/ray-project/ray/issues/53727 for more details.
[36m(RolloutWorker pid=1136495)[0m [INFO] [1776913598.375526326] [gym_env_robot_0_35545]: ✅ 路径可视化器已启动，路径话题: /waypoint_markers, tracking话题: /rolling_subgoal_markers
[36m(RolloutWorker pid=1136495)[0m [INFO] [1776913598.418878799] [gym_env_robot_1_51494]: ✅ 路径可视化器已启动，路径话题: /waypoint_markers, tracking话题: /rolling_subgoal_markers
[36m(RolloutWorker pid=1136495)[0m [INFO] [1776913598.450852997] [gym_env_robot_2_5341]: ✅ 路径可视化器已启动，路径话题: /waypoint_markers, tracking话题: /rolling_subgoal_markers
[36m(RolloutWorker pid=1136495)[0m [INFO] [1776913598.484027881] [gym_env_robot_3_13046]: ✅ 路径可视化器已启动，路径话题: /waypoint_markers, tracking话题: /rolling_subgoal_markers
[INFO] [1776913600.385199820] [gym_env_robot_0_27146]: ✅ 路径可视化器已启动，路径话题: /waypoint_markers, tracking话题: /rolling_subgoal_markers
[INFO] [1776913600.428602334] [gym_env_robot_1_57230]: ✅ 路径可视化器已启动，路径话题: /waypoint_markers, tracking话题: /rolling_subgoal_markers
[INFO] [1776913600.463720956] [gym_env_robot_2_39884]: ✅ 路径可视化器已启动，路径话题: /waypoint_markers, tracking话题: /rolling_subgoal_markers
[INFO] [1776913600.499506002] [gym_env_robot_3_81309]: ✅ 路径可视化器已启动，路径话题: /waypoint_markers, tracking话题: /rolling_subgoal_markers
2026-04-23 11:06:42,708	WARNING util.py:62 -- Install gputil for GPU system monitoring.
================================================================================
🚀 GNN-MAPPO 课程学习训练  [通信版 social-risk 图]
================================================================================
  环境阶段:     1 · Stage 1 · 静态入门
  机器人数量:   4
  通信范围:     3.5 m
  并行Workers:  1
  采样设置:     timeout=1200s fragment=1000 mode=truncate_episodes
  训练步数:     700,000
  动作模式:     continuous
  PPO配置:      continuous_baseline  (clip=0.2, ent=0.005, mb=512, epochs=10)
  GAT Actor:    neighbor  bias=2.50
  GAT Critic:   mlp
  需要环境:     ros2 launch start_rl_environment_tb3 main.launch.py map_number:=3 robot_number:=4 num_obstacles:=0 obs_speed_scale:=0.0
  通信设置:     perfect_comm  (dropout=0%, latency=0, jitter=0, noise=0.00)
  冲突路线:     mode=mixed prob=0.75
================================================================================

📚 阶段1：保持完美通信，直接学习通信版 social-risk 图...

[36m(RolloutWorker pid=1136495)[0m 🤖 环境初始化: Namespace='/tb3_0', ModelName='tb3_0'
[36m(RolloutWorker pid=1136495)[0m ✅ Map 3: 预计算安全 spawn 点 42748 个 (clearance=0.40m)
[36m(RolloutWorker pid=1136495)[0m ✅ Robot 0: A*规划器初始化完成
[36m(RolloutWorker pid=1136495)[0m 🤖 环境初始化: Namespace='/tb3_1', ModelName='tb3_1'
[36m(RolloutWorker pid=1136495)[0m ✅ Map 3: 预计算安全 spawn 点 42748 个 (clearance=0.40m)
[36m(RolloutWorker pid=1136495)[0m ✅ Robot 1: A*规划器初始化完成
[36m(RolloutWorker pid=1136495)[0m 🤖 环境初始化: Namespace='/tb3_2', ModelName='tb3_2'
[36m(RolloutWorker pid=1136495)[0m ✅ Map 3: 预计算安全 spawn 点 42748 个 (clearance=0.40m)
[36m(RolloutWorker pid=1136495)[0m ✅ Robot 2: A*规划器初始化完成
[36m(RolloutWorker pid=1136495)[0m 🤖 环境初始化: Namespace='/tb3_3', ModelName='tb3_3'
[36m(RolloutWorker pid=1136495)[0m ✅ Map 3: 预计算安全 spawn 点 42748 个 (clearance=0.40m)
[36m(RolloutWorker pid=1136495)[0m ✅ Robot 3: A*规划器初始化完成
🤖 环境初始化: Namespace='/tb3_0', ModelName='tb3_0'
✅ Map 3: 预计算安全 spawn 点 42748 个 (clearance=0.40m)
✅ Robot 0: A*规划器初始化完成
🤖 环境初始化: Namespace='/tb3_1', ModelName='tb3_1'
✅ Map 3: 预计算安全 spawn 点 42748 个 (clearance=0.40m)
✅ Robot 1: A*规划器初始化完成
🤖 环境初始化: Namespace='/tb3_2', ModelName='tb3_2'
✅ Map 3: 预计算安全 spawn 点 42748 个 (clearance=0.40m)
✅ Robot 2: A*规划器初始化完成
🤖 环境初始化: Namespace='/tb3_3', ModelName='tb3_3'
✅ Map 3: 预计算安全 spawn 点 42748 个 (clearance=0.40m)
✅ Robot 3: A*规划器初始化完成
[36m(RolloutWorker pid=1136495)[0m [graph] step=   0  comm_range=3.5m
[36m(RolloutWorker pid=1136495)[0m   robot_0 pos=(-3.800,-2.400)
[36m(RolloutWorker pid=1136495)[0m     adj=[1  0  0  0]  dist=[ 0.00   8.98   8.99   8.32]  neighbors=[]
[36m(RolloutWorker pid=1136495)[0m   robot_1 pos=( 4.800, 0.200)
[36m(RolloutWorker pid=1136495)[0m     adj=[0  1  1  1]  dist=[ 8.98   0.00   2.42   2.02]  neighbors=[2, 3]
[36m(RolloutWorker pid=1136495)[0m   robot_2 pos=( 3.800, 2.400)
[36m(RolloutWorker pid=1136495)[0m     adj=[0  1  1  0]  dist=[ 8.99   2.42   0.00   4.26]  neighbors=[1]
[36m(RolloutWorker pid=1136495)[0m   robot_3 pos=( 4.500,-1.800)
[36m(RolloutWorker pid=1136495)[0m     adj=[0  1  0  1]  dist=[ 8.32   2.02   4.26   0.00]  neighbors=[1]
[36m(RolloutWorker pid=1136495)[0m [comm] step=   0  agent_0  my_pos=(-3.800,-2.400)  received=0
[36m(RolloutWorker pid=1136495)[0m     (无有效邻居: 范围外/丢包/延迟填零)
[36m(RolloutWorker pid=1136495)[0m [comm] step=   0  agent_1  my_pos=(4.800,0.200)  received=2
[36m(RolloutWorker pid=1136495)[0m     slot[0] neighbor=agent_3 dist=2.022m  n_pos=(4.500,-1.800)  rel_pos=(-0.300,-2.000)
[36m(RolloutWorker pid=1136495)[0m     slot[1] neighbor=agent_2 dist=2.417m  n_pos=(3.800,2.400)  rel_pos=(-1.000,2.200)
[36m(RolloutWorker pid=1136495)[0m [comm] step=   0  agent_2  my_pos=(3.800,2.400)  received=1
[36m(RolloutWorker pid=1136495)[0m     slot[0] neighbor=agent_1 dist=2.417m  n_pos=(4.800,0.200)  rel_pos=(1.000,-2.200)
[36m(RolloutWorker pid=1136495)[0m [comm] step=   0  agent_3  my_pos=(4.500,-1.800)  received=1
[36m(RolloutWorker pid=1136495)[0m     slot[0] neighbor=agent_1 dist=2.022m  n_pos=(4.800,0.200)  rel_pos=(0.300,2.000)
[36m(RolloutWorker pid=1136495)[0m [graph] step=   1  comm_range=3.5m
[36m(RolloutWorker pid=1136495)[0m   robot_0 pos=(-3.800,-2.400)
[36m(RolloutWorker pid=1136495)[0m     adj=[1  0  0  0]  dist=[ 0.00   8.98   8.99   8.32]  neighbors=[]
[36m(RolloutWorker pid=1136495)[0m   robot_1 pos=( 4.800, 0.200)
[36m(RolloutWorker pid=1136495)[0m     adj=[0  1  1  1]  dist=[ 8.98   0.00   2.42   2.02]  neighbors=[2, 3]
[36m(RolloutWorker pid=1136495)[0m   robot_2 pos=( 3.800, 2.400)
[36m(RolloutWorker pid=1136495)[0m     adj=[0  1  1  0]  dist=[ 8.99   2.42   0.00   4.26]  neighbors=[1]
[36m(RolloutWorker pid=1136495)[0m   robot_3 pos=( 4.500,-1.800)
[36m(RolloutWorker pid=1136495)[0m     adj=[0  1  0  1]  dist=[ 8.32   2.02   4.26   0.00]  neighbors=[1]
[36m(RolloutWorker pid=1136495)[0m [comm] step=   1  agent_0  my_pos=(-3.800,-2.400)  received=0
[36m(RolloutWorker pid=1136495)[0m     (无有效邻居: 范围外/丢包/延迟填零)
[36m(RolloutWorker pid=1136495)[0m [comm] step=   1  agent_1  my_pos=(4.800,0.200)  received=2
[36m(RolloutWorker pid=1136495)[0m     slot[0] neighbor=agent_3 dist=2.022m  n_pos=(4.500,-1.800)  rel_pos=(-0.300,-2.000)
[36m(RolloutWorker pid=1136495)[0m     slot[1] neighbor=agent_2 dist=2.417m  n_pos=(3.800,2.400)  rel_pos=(-1.000,2.200)
[36m(RolloutWorker pid=1136495)[0m [comm] step=   1  agent_2  my_pos=(3.800,2.400)  received=1
[36m(RolloutWorker pid=1136495)[0m     slot[0] neighbor=agent_1 dist=2.417m  n_pos=(4.800,0.200)  rel_pos=(1.000,-2.200)
[36m(RolloutWorker pid=1136495)[0m [comm] step=   1  agent_3  my_pos=(4.500,-1.800)  received=1
[36m(RolloutWorker pid=1136495)[0m     slot[0] neighbor=agent_1 dist=2.022m  n_pos=(4.800,0.200)  rel_pos=(0.300,2.000)
[36m(RolloutWorker pid=1136495)[0m [graph] step=   2  comm_range=3.5m
[36m(RolloutWorker pid=1136495)[0m   robot_0 pos=(-3.801,-2.401)
[36m(RolloutWorker pid=1136495)[0m     adj=[1  0  0  0]  dist=[ 0.00   8.99   8.99   8.32]  neighbors=[]
[36m(RolloutWorker pid=1136495)[0m   robot_1 pos=( 4.801, 0.200)
[36m(RolloutWorker pid=1136495)[0m     adj=[0  1  1  1]  dist=[ 8.99   0.00   2.42   2.02]  neighbors=[2, 3]
[36m(RolloutWorker pid=1136495)[0m   robot_2 pos=( 3.800, 2.400)
[36m(RolloutWorker pid=1136495)[0m     adj=[0  1  1  0]  dist=[ 8.99   2.42   0.00   4.26]  neighbors=[1]
[36m(RolloutWorker pid=1136495)[0m   robot_3 pos=( 4.499,-1.800)
[36m(RolloutWorker pid=1136495)[0m     adj=[0  1  0  1]  dist=[ 8.32   2.02   4.26   0.00]  neighbors=[1]
[36m(RolloutWorker pid=1136495)[0m [comm] step=   2  agent_0  my_pos=(-3.801,-2.401)  received=0
[36m(RolloutWorker pid=1136495)[0m     (无有效邻居: 范围外/丢包/延迟填零)
[36m(RolloutWorker pid=1136495)[0m [comm] step=   2  agent_1  my_pos=(4.801,0.200)  received=2
[36m(RolloutWorker pid=1136495)[0m     slot[0] neighbor=agent_3 dist=2.023m  n_pos=(4.499,-1.800)  rel_pos=(-0.302,-2.000)
[36m(RolloutWorker pid=1136495)[0m     slot[1] neighbor=agent_2 dist=2.418m  n_pos=(3.800,2.400)  rel_pos=(-1.001,2.200)
[36m(RolloutWorker pid=1136495)[0m [comm] step=   2  agent_2  my_pos=(3.800,2.400)  received=1
[36m(RolloutWorker pid=1136495)[0m     slot[0] neighbor=agent_1 dist=2.418m  n_pos=(4.801,0.200)  rel_pos=(1.001,-2.200)
[36m(RolloutWorker pid=1136495)[0m [comm] step=   2  agent_3  my_pos=(4.499,-1.800)  received=1
[36m(RolloutWorker pid=1136495)[0m     slot[0] neighbor=agent_1 dist=2.023m  n_pos=(4.801,0.200)  rel_pos=(0.302,2.000)
[36m(RolloutWorker pid=1136495)[0m [graph] step=   3  comm_range=3.5m
[36m(RolloutWorker pid=1136495)[0m   robot_0 pos=(-3.799,-2.399)
[36m(RolloutWorker pid=1136495)[0m     adj=[1  0  0  0]  dist=[ 0.00   8.98   8.99   8.32]  neighbors=[]
[36m(RolloutWorker pid=1136495)[0m   robot_1 pos=( 4.799, 0.200)
[36m(RolloutWorker pid=1136495)[0m     adj=[0  1  1  1]  dist=[ 8.98   0.00   2.42   2.02]  neighbors=[2, 3]
[36m(RolloutWorker pid=1136495)[0m   robot_2 pos=( 3.800, 2.400)
[36m(RolloutWorker pid=1136495)[0m     adj=[0  1  1  0]  dist=[ 8.99   2.42   0.00   4.26]  neighbors=[1]
[36m(RolloutWorker pid=1136495)[0m   robot_3 pos=( 4.499,-1.800)
[36m(RolloutWorker pid=1136495)[0m     adj=[0  1  0  1]  dist=[ 8.32   2.02   4.26   0.00]  neighbors=[1]
[36m(RolloutWorker pid=1136495)[0m [comm] step=   3  agent_0  my_pos=(-3.799,-2.399)  received=0
[36m(RolloutWorker pid=1136495)[0m     (无有效邻居: 范围外/丢包/延迟填零)
[36m(RolloutWorker pid=1136495)[0m [comm] step=   3  agent_1  my_pos=(4.799,0.200)  received=2
[36m(RolloutWorker pid=1136495)[0m     slot[0] neighbor=agent_3 dist=2.023m  n_pos=(4.499,-1.800)  rel_pos=(-0.300,-2.001)
[36m(RolloutWorker pid=1136495)[0m     slot[1] neighbor=agent_2 dist=2.416m  n_pos=(3.800,2.400)  rel_pos=(-0.999,2.200)
[36m(RolloutWorker pid=1136495)[0m [comm] step=   3  agent_2  my_pos=(3.800,2.400)  received=1
[36m(RolloutWorker pid=1136495)[0m     slot[0] neighbor=agent_1 dist=2.416m  n_pos=(4.799,0.200)  rel_pos=(0.999,-2.200)
[36m(RolloutWorker pid=1136495)[0m [comm] step=   3  agent_3  my_pos=(4.499,-1.800)  received=1
[36m(RolloutWorker pid=1136495)[0m     slot[0] neighbor=agent_1 dist=2.023m  n_pos=(4.799,0.200)  rel_pos=(0.300,2.001)
[36m(RolloutWorker pid=1136495)[0m ⚠️ Robot 2: 强制路线非法，回退随机安全采样 start=(-3.80,-2.40) goal=(3.80,2.40)
[36m(RolloutWorker pid=1136495)[0m 
[36m(RolloutWorker pid=1136495)[0m ============================================================
[36m(RolloutWorker pid=1136495)[0m 🏁 Episode 结束 (timeout)
[36m(RolloutWorker pid=1136495)[0m    步数: 2000/2000
[36m(RolloutWorker pid=1136495)[0m    完成: 0/4
[36m(RolloutWorker pid=1136495)[0m ============================================================
[36m(RolloutWorker pid=1136495)[0m 
[36m(RolloutWorker pid=1136495)[0m ⚠️ Robot 3: 强制路线非法，回退随机安全采样 start=(-4.50,1.80) goal=(4.50,-1.80)
[36m(RolloutWorker pid=1136495)[0m [graph] step=   0  comm_range=3.5m
[36m(RolloutWorker pid=1136495)[0m   robot_0 pos=(-3.800,-2.400)
[36m(RolloutWorker pid=1136495)[0m     adj=[1  0  1  0]  dist=[ 0.00   8.99   3.42   4.92]  neighbors=[2]
[36m(RolloutWorker pid=1136495)[0m   robot_1 pos=( 3.800, 2.400)
[36m(RolloutWorker pid=1136495)[0m     adj=[0  1  0  0]  dist=[ 8.99   0.00   8.12   5.22]  neighbors=[]
[36m(RolloutWorker pid=1136495)[0m   robot_2 pos=(-4.200, 1.000)
[36m(RolloutWorker pid=1136495)[0m     adj=[1  0  1  1]  dist=[ 3.42   8.12   0.00   2.94]  neighbors=[0, 3]
[36m(RolloutWorker pid=1136495)[0m   robot_3 pos=(-1.400, 1.900)
[36m(RolloutWorker pid=1136495)[0m     adj=[0  0  1  1]  dist=[ 4.92   5.22   2.94   0.00]  neighbors=[2]
[36m(RolloutWorker pid=1136495)[0m [comm] step=   0  agent_0  my_pos=(-3.800,-2.400)  received=1
[36m(RolloutWorker pid=1136495)[0m     slot[0] neighbor=agent_2 dist=3.423m  n_pos=(-4.200,1.000)  rel_pos=(-0.400,3.400)
[36m(RolloutWorker pid=1136495)[0m [comm] step=   0  agent_1  my_pos=(3.800,2.400)  received=0
[36m(RolloutWorker pid=1136495)[0m     (无有效邻居: 范围外/丢包/延迟填零)
[36m(RolloutWorker pid=1136495)[0m [comm] step=   0  agent_2  my_pos=(-4.200,1.000)  received=2
[36m(RolloutWorker pid=1136495)[0m     slot[0] neighbor=agent_3 dist=2.941m  n_pos=(-1.400,1.900)  rel_pos=(2.800,0.900)
[36m(RolloutWorker pid=1136495)[0m     slot[1] neighbor=agent_0 dist=3.423m  n_pos=(-3.800,-2.400)  rel_pos=(0.400,-3.400)
[36m(RolloutWorker pid=1136495)[0m [comm] step=   0  agent_3  my_pos=(-1.400,1.900)  received=1
[36m(RolloutWorker pid=1136495)[0m     slot[0] neighbor=agent_2 dist=2.941m  n_pos=(-4.200,1.000)  rel_pos=(-2.800,-0.900)
[36m(RolloutWorker pid=1136495)[0m [graph] step=   1  comm_range=3.5m
[36m(RolloutWorker pid=1136495)[0m   robot_0 pos=(-3.800,-2.400)
[36m(RolloutWorker pid=1136495)[0m     adj=[1  0  1  0]  dist=[ 0.00   8.99   3.42   4.92]  neighbors=[2]
[36m(RolloutWorker pid=1136495)[0m   robot_1 pos=( 3.800, 2.400)
[36m(RolloutWorker pid=1136495)[0m     adj=[0  1  0  0]  dist=[ 8.99   0.00   8.12   5.22]  neighbors=[]
[36m(RolloutWorker pid=1136495)[0m   robot_2 pos=(-4.200, 1.000)
[36m(RolloutWorker pid=1136495)[0m     adj=[1  0  1  1]  dist=[ 3.42   8.12   0.00   2.94]  neighbors=[0, 3]
[36m(RolloutWorker pid=1136495)[0m   robot_3 pos=(-1.400, 1.900)
[36m(RolloutWorker pid=1136495)[0m     adj=[0  0  1  1]  dist=[ 4.92   5.22   2.94   0.00]  neighbors=[2]
[36m(RolloutWorker pid=1136495)[0m [comm] step=   1  agent_0  my_pos=(-3.800,-2.400)  received=1
[36m(RolloutWorker pid=1136495)[0m     slot[0] neighbor=agent_2 dist=3.423m  n_pos=(-4.200,1.000)  rel_pos=(-0.400,3.400)
[36m(RolloutWorker pid=1136495)[0m [comm] step=   1  agent_1  my_pos=(3.800,2.400)  received=0
[36m(RolloutWorker pid=1136495)[0m     (无有效邻居: 范围外/丢包/延迟填零)
[36m(RolloutWorker pid=1136495)[0m [comm] step=   1  agent_2  my_pos=(-4.200,1.000)  received=2
[36m(RolloutWorker pid=1136495)[0m     slot[0] neighbor=agent_3 dist=2.941m  n_pos=(-1.400,1.900)  rel_pos=(2.800,0.900)
[36m(RolloutWorker pid=1136495)[0m     slot[1] neighbor=agent_0 dist=3.423m  n_pos=(-3.800,-2.400)  rel_pos=(0.400,-3.400)
[36m(RolloutWorker pid=1136495)[0m [comm] step=   1  agent_3  my_pos=(-1.400,1.900)  received=1
[36m(RolloutWorker pid=1136495)[0m     slot[0] neighbor=agent_2 dist=2.941m  n_pos=(-4.200,1.000)  rel_pos=(-2.800,-0.900)
[36m(RolloutWorker pid=1136495)[0m [graph] step=   2  comm_range=3.5m
[36m(RolloutWorker pid=1136495)[0m   robot_0 pos=(-3.800,-2.400)
[36m(RolloutWorker pid=1136495)[0m     adj=[1  0  1  0]  dist=[ 0.00   8.99   3.42   4.92]  neighbors=[2]
[36m(RolloutWorker pid=1136495)[0m   robot_1 pos=( 3.800, 2.400)
[36m(RolloutWorker pid=1136495)[0m     adj=[0  1  0  0]  dist=[ 8.99   0.00   8.12   5.22]  neighbors=[]
[36m(RolloutWorker pid=1136495)[0m   robot_2 pos=(-4.200, 1.000)
[36m(RolloutWorker pid=1136495)[0m     adj=[1  0  1  1]  dist=[ 3.42   8.12   0.00   2.94]  neighbors=[0, 3]
[36m(RolloutWorker pid=1136495)[0m   robot_3 pos=(-1.400, 1.900)
[36m(RolloutWorker pid=1136495)[0m     adj=[0  0  1  1]  dist=[ 4.92   5.22   2.94   0.00]  neighbors=[2]
[36m(RolloutWorker pid=1136495)[0m [comm] step=   2  agent_0  my_pos=(-3.800,-2.400)  received=1
[36m(RolloutWorker pid=1136495)[0m     slot[0] neighbor=agent_2 dist=3.423m  n_pos=(-4.200,1.000)  rel_pos=(-0.400,3.400)
[36m(RolloutWorker pid=1136495)[0m [comm] step=   2  agent_1  my_pos=(3.800,2.400)  received=0
[36m(RolloutWorker pid=1136495)[0m     (无有效邻居: 范围外/丢包/延迟填零)
[36m(RolloutWorker pid=1136495)[0m [comm] step=   2  agent_2  my_pos=(-4.200,1.000)  received=2
[36m(RolloutWorker pid=1136495)[0m     slot[0] neighbor=agent_3 dist=2.941m  n_pos=(-1.400,1.900)  rel_pos=(2.800,0.900)
[36m(RolloutWorker pid=1136495)[0m     slot[1] neighbor=agent_0 dist=3.423m  n_pos=(-3.800,-2.400)  rel_pos=(0.400,-3.400)
[36m(RolloutWorker pid=1136495)[0m [comm] step=   2  agent_3  my_pos=(-1.400,1.900)  received=1
[36m(RolloutWorker pid=1136495)[0m     slot[0] neighbor=agent_2 dist=2.941m  n_pos=(-4.200,1.000)  rel_pos=(-2.800,-0.900)
[36m(RolloutWorker pid=1136495)[0m [graph] step=   3  comm_range=3.5m
[36m(RolloutWorker pid=1136495)[0m   robot_0 pos=(-3.803,-2.399)
[36m(RolloutWorker pid=1136495)[0m     adj=[1  0  1  0]  dist=[ 0.00   9.00   3.43   4.93]  neighbors=[2]
[36m(RolloutWorker pid=1136495)[0m   robot_1 pos=( 3.807, 2.398)
[36m(RolloutWorker pid=1136495)[0m     adj=[0  1  0  0]  dist=[ 9.00   0.00   8.13   5.22]  neighbors=[]
[36m(RolloutWorker pid=1136495)[0m   robot_2 pos=(-4.206, 1.004)
[36m(RolloutWorker pid=1136495)[0m     adj=[1  0  1  1]  dist=[ 3.43   8.13   0.00   2.95]  neighbors=[0, 3]
