[INFO] [launch]: All log files can be found below /home/wj/.ros/log/2026-04-23-11-06-15-599021-wj-Default-string-1133481
[INFO] [launch]: Default logging verbosity is set to INFO
[INFO] Loading world for TurtleBot3: /home/wj/work/multi-robot-exploration-rl/install/start_rl_environment_tb3/share/start_rl_environment_tb3/worlds/corridor_swap.world
[INFO] Spawning 4 TurtleBot3 robots on corridor_swap...
[INFO] Using random positions
[INFO] Using fixed positions for 4 robots
[INFO]   Robot 0: Robot 0 - 左侧中间 at (-4.50, 0.00)
[INFO]   Robot 1: Robot 1 - 右侧中间 at (4.50, 0.00)
[INFO]   Robot 2: Robot 2 - 左下 at (-4.50, -3.00)
[INFO]   Robot 3: Robot 3 - 左上 at (-4.50, 3.00)
[spawn_robots] Created modified SDF for tb3_0 at /tmp/tb3_0_uxpxhjh2.sdf
[spawn_robots] Created modified SDF for tb3_1 at /tmp/tb3_1_0gav86w2.sdf
[spawn_robots] Created modified SDF for tb3_2 at /tmp/tb3_2_i403zrcp.sdf
[spawn_robots] Created modified SDF for tb3_3 at /tmp/tb3_3__u3mvnhg.sdf
[INFO] Map Server loading: /home/wj/work/multi-robot-exploration-rl/install/start_rl_environment_tb3/share/start_rl_environment_tb3/maps/corridor_swap.yaml
[INFO] [gzserver-1]: process started with pid [1133582]
[INFO] [gzclient-2]: process started with pid [1133584]
[INFO] [robot_state_publisher-3]: process started with pid [1133586]
[INFO] [spawn_entity.py-4]: process started with pid [1133588]
[INFO] [static_transform_publisher-5]: process started with pid [1133590]
[INFO] [robot_state_publisher-6]: process started with pid [1133592]
[INFO] [spawn_entity.py-7]: process started with pid [1133594]
[INFO] [static_transform_publisher-8]: process started with pid [1133596]
[INFO] [robot_state_publisher-9]: process started with pid [1133598]
[INFO] [spawn_entity.py-10]: process started with pid [1133600]
[INFO] [static_transform_publisher-11]: process started with pid [1133602]
[INFO] [robot_state_publisher-12]: process started with pid [1133604]
[INFO] [spawn_entity.py-13]: process started with pid [1133606]
[INFO] [static_transform_publisher-14]: process started with pid [1133608]
[INFO] [map_server-15]: process started with pid [1133611]
[INFO] [lifecycle_manager-16]: process started with pid [1133618]
[INFO] [rviz2-17]: process started with pid [1133635]
[INFO] [obstacle_mover.py-18]: process started with pid [1133649]
[static_transform_publisher-5] [WARN] [1776913576.424371100] []: Old-style arguments are deprecated; see --help for new-style arguments
[static_transform_publisher-8] [WARN] [1776913576.429392923] []: Old-style arguments are deprecated; see --help for new-style arguments
[static_transform_publisher-11] [WARN] [1776913576.428718207] []: Old-style arguments are deprecated; see --help for new-style arguments
[static_transform_publisher-14] [WARN] [1776913576.442332731] []: Old-style arguments are deprecated; see --help for new-style arguments
[static_transform_publisher-5] [INFO] [1776913576.469202128] [static_tf_tb3_0]: Spinning until stopped - publishing transform
[static_transform_publisher-5] translation: ('0.000000', '0.000000', '0.000000')
[static_transform_publisher-5] rotation: ('0.000000', '0.000000', '0.000000', '1.000000')
[static_transform_publisher-5] from 'map' to 'tb3_0/odom'
[robot_state_publisher-6] [INFO] [1776913576.473137576] [tb3_1.robot_state_publisher]: got segment base_footprint
[robot_state_publisher-6] [INFO] [1776913576.479117314] [tb3_1.robot_state_publisher]: got segment base_link
[static_transform_publisher-8] [INFO] [1776913576.476796335] [static_tf_tb3_1]: Spinning until stopped - publishing transform
[static_transform_publisher-8] translation: ('0.000000', '0.000000', '0.000000')
[static_transform_publisher-8] rotation: ('0.000000', '0.000000', '0.000000', '1.000000')
[static_transform_publisher-8] from 'map' to 'tb3_1/odom'
[static_transform_publisher-11] [INFO] [1776913576.476856855] [static_tf_tb3_2]: Spinning until stopped - publishing transform
[static_transform_publisher-11] translation: ('0.000000', '0.000000', '0.000000')
[static_transform_publisher-11] rotation: ('0.000000', '0.000000', '0.000000', '1.000000')
[static_transform_publisher-11] from 'map' to 'tb3_2/odom'
[robot_state_publisher-6] [INFO] [1776913576.479148280] [tb3_1.robot_state_publisher]: got segment base_scan
[robot_state_publisher-6] [INFO] [1776913576.479161179] [tb3_1.robot_state_publisher]: got segment caster_back_link
[robot_state_publisher-6] [INFO] [1776913576.479173196] [tb3_1.robot_state_publisher]: got segment imu_link
[robot_state_publisher-6] [INFO] [1776913576.479200368] [tb3_1.robot_state_publisher]: got segment wheel_left_link
[robot_state_publisher-6] [INFO] [1776913576.479212670] [tb3_1.robot_state_publisher]: got segment wheel_right_link
[rviz2-17] qt.qpa.xcb: could not connect to display :0
[rviz2-17] qt.qpa.plugin: Could not load the Qt platform plugin "xcb" in "" even though it was found.
[rviz2-17] This application failed to start because no Qt platform plugin could be initialized. Reinstalling the application may fix this problem.
[rviz2-17] 
[rviz2-17] Available platform plugins are: eglfs, linuxfb, minimal, minimalegl, offscreen, vnc, xcb.
[rviz2-17] 
[robot_state_publisher-3] [INFO] [1776913576.481034669] [tb3_0.robot_state_publisher]: got segment base_footprint
[robot_state_publisher-3] [INFO] [1776913576.482612476] [tb3_0.robot_state_publisher]: got segment base_link
[robot_state_publisher-3] [INFO] [1776913576.482640007] [tb3_0.robot_state_publisher]: got segment base_scan
[robot_state_publisher-3] [INFO] [1776913576.482653905] [tb3_0.robot_state_publisher]: got segment caster_back_link
[robot_state_publisher-3] [INFO] [1776913576.482666725] [tb3_0.robot_state_publisher]: got segment imu_link
[robot_state_publisher-3] [INFO] [1776913576.482677715] [tb3_0.robot_state_publisher]: got segment wheel_left_link
[robot_state_publisher-3] [INFO] [1776913576.482687587] [tb3_0.robot_state_publisher]: got segment wheel_right_link
[static_transform_publisher-14] [INFO] [1776913576.490424439] [static_tf_tb3_3]: Spinning until stopped - publishing transform
[static_transform_publisher-14] translation: ('0.000000', '0.000000', '0.000000')
[static_transform_publisher-14] rotation: ('0.000000', '0.000000', '0.000000', '1.000000')
[static_transform_publisher-14] from 'map' to 'tb3_3/odom'
[robot_state_publisher-9] [INFO] [1776913576.529075738] [tb3_2.robot_state_publisher]: got segment base_footprint
[robot_state_publisher-12] [INFO] [1776913576.530500116] [tb3_3.robot_state_publisher]: got segment base_footprint
[robot_state_publisher-12] [INFO] [1776913576.530775785] [tb3_3.robot_state_publisher]: got segment base_link
[robot_state_publisher-12] [INFO] [1776913576.530800709] [tb3_3.robot_state_publisher]: got segment base_scan
[robot_state_publisher-12] [INFO] [1776913576.530813674] [tb3_3.robot_state_publisher]: got segment caster_back_link
[robot_state_publisher-12] [INFO] [1776913576.530824867] [tb3_3.robot_state_publisher]: got segment imu_link
[robot_state_publisher-12] [INFO] [1776913576.530835502] [tb3_3.robot_state_publisher]: got segment wheel_left_link
[robot_state_publisher-12] [INFO] [1776913576.530845342] [tb3_3.robot_state_publisher]: got segment wheel_right_link
[robot_state_publisher-9] [INFO] [1776913576.531182079] [tb3_2.robot_state_publisher]: got segment base_link
[robot_state_publisher-9] [INFO] [1776913576.531222194] [tb3_2.robot_state_publisher]: got segment base_scan
[robot_state_publisher-9] [INFO] [1776913576.531235795] [tb3_2.robot_state_publisher]: got segment caster_back_link
[robot_state_publisher-9] [INFO] [1776913576.531246874] [tb3_2.robot_state_publisher]: got segment imu_link
[robot_state_publisher-9] [INFO] [1776913576.531256733] [tb3_2.robot_state_publisher]: got segment wheel_left_link
[robot_state_publisher-9] [INFO] [1776913576.531266376] [tb3_2.robot_state_publisher]: got segment wheel_right_link
[map_server-15] [INFO] [1776913576.538735056] [map_server]: 
[map_server-15] 	map_server lifecycle node launched. 
[map_server-15] 	Waiting on external lifecycle transitions to activate
[map_server-15] 	See https://design.ros2.org/articles/node_lifecycle.html for more information.
[map_server-15] [INFO] [1776913576.538947264] [map_server]: Creating
[lifecycle_manager-16] [INFO] [1776913576.549185204] [lifecycle_manager_map]: Creating
[lifecycle_manager-16] [INFO] [1776913576.555329714] [lifecycle_manager_map]: [34m[1mCreating and initializing lifecycle service clients[0m[0m
[lifecycle_manager-16] [INFO] [1776913576.558150690] [lifecycle_manager_map]: [34m[1mStarting managed nodes bringup...[0m[0m
[lifecycle_manager-16] [INFO] [1776913576.558196068] [lifecycle_manager_map]: [34m[1mConfiguring map_server[0m[0m
[map_server-15] [INFO] [1776913576.558745276] [map_server]: Configuring
[map_server-15] [INFO] [1776913576.558826248] [map_io]: Loading yaml file: /home/wj/work/multi-robot-exploration-rl/install/start_rl_environment_tb3/share/start_rl_environment_tb3/maps/corridor_swap.yaml
[map_server-15] [INFO] [1776913576.559224979] [map_io]: resolution: 0.05
[map_server-15] [INFO] [1776913576.559243930] [map_io]: origin[0]: -6
[map_server-15] [INFO] [1776913576.559254482] [map_io]: origin[1]: -6
[map_server-15] [INFO] [1776913576.559263614] [map_io]: origin[2]: 0
[map_server-15] [INFO] [1776913576.559273184] [map_io]: free_thresh: 0.196
[map_server-15] [INFO] [1776913576.559282708] [map_io]: occupied_thresh: 0.65
[map_server-15] [INFO] [1776913576.559292784] [map_io]: mode: trinary
[map_server-15] [INFO] [1776913576.559302947] [map_io]: negate: 0
[map_server-15] [INFO] [1776913576.559591876] [map_io]: Loading image_file: /home/wj/work/multi-robot-exploration-rl/install/start_rl_environment_tb3/share/start_rl_environment_tb3/maps/corridor_swap.pgm
[map_server-15] [INFO] [1776913576.573135786] [map_io]: Read map /home/wj/work/multi-robot-exploration-rl/install/start_rl_environment_tb3/share/start_rl_environment_tb3/maps/corridor_swap.pgm: 240 X 240 map @ 0.05 m/cell
[lifecycle_manager-16] [INFO] [1776913576.585491267] [lifecycle_manager_map]: [34m[1mActivating map_server[0m[0m
[map_server-15] [INFO] [1776913576.585687730] [map_server]: Activating
[map_server-15] [INFO] [1776913576.585927990] [map_server]: Creating bond (map_server) to lifecycle manager.
[lifecycle_manager-16] [INFO] [1776913576.697635083] [lifecycle_manager_map]: Server map_server connected with bond.
[lifecycle_manager-16] [INFO] [1776913576.697685664] [lifecycle_manager_map]: [34m[1mManaged nodes are active[0m[0m
[lifecycle_manager-16] [INFO] [1776913576.697697064] [lifecycle_manager_map]: [34m[1mCreating bond timer...[0m[0m
[spawn_entity.py-10] [INFO] [1776913577.145263439] [tb3_2.spawn_entity]: Spawn Entity started
[spawn_entity.py-7] [INFO] [1776913577.145474599] [tb3_1.spawn_entity]: Spawn Entity started
[spawn_entity.py-10] [INFO] [1776913577.145892755] [tb3_2.spawn_entity]: Loading entity XML from file /tmp/tb3_2_i403zrcp.sdf
[spawn_entity.py-7] [INFO] [1776913577.146086592] [tb3_1.spawn_entity]: Loading entity XML from file /tmp/tb3_1_0gav86w2.sdf
[spawn_entity.py-10] [INFO] [1776913577.146866656] [tb3_2.spawn_entity]: Waiting for service /spawn_entity, timeout = 30
[spawn_entity.py-7] [INFO] [1776913577.147153014] [tb3_1.spawn_entity]: Waiting for service /spawn_entity, timeout = 30
[spawn_entity.py-10] [INFO] [1776913577.147273057] [tb3_2.spawn_entity]: Waiting for service /spawn_entity
[spawn_entity.py-7] [INFO] [1776913577.147626476] [tb3_1.spawn_entity]: Waiting for service /spawn_entity
[spawn_entity.py-13] [INFO] [1776913577.169456444] [tb3_3.spawn_entity]: Spawn Entity started
[spawn_entity.py-13] [INFO] [1776913577.169884637] [tb3_3.spawn_entity]: Loading entity XML from file /tmp/tb3_3__u3mvnhg.sdf
[spawn_entity.py-13] [INFO] [1776913577.170812667] [tb3_3.spawn_entity]: Waiting for service /spawn_entity, timeout = 30
[spawn_entity.py-13] [INFO] [1776913577.171236564] [tb3_3.spawn_entity]: Waiting for service /spawn_entity
[spawn_entity.py-4] [INFO] [1776913577.180253702] [tb3_0.spawn_entity]: Spawn Entity started
[spawn_entity.py-4] [INFO] [1776913577.181075247] [tb3_0.spawn_entity]: Loading entity XML from file /tmp/tb3_0_uxpxhjh2.sdf
[spawn_entity.py-4] [INFO] [1776913577.182649804] [tb3_0.spawn_entity]: Waiting for service /spawn_entity, timeout = 30
[spawn_entity.py-4] [INFO] [1776913577.183352917] [tb3_0.spawn_entity]: Waiting for service /spawn_entity
[spawn_entity.py-10] [INFO] [1776913577.654348447] [tb3_2.spawn_entity]: Calling service /spawn_entity
[spawn_entity.py-7] [INFO] [1776913577.654746422] [tb3_1.spawn_entity]: Calling service /spawn_entity
[gzserver-1] [WARN] [1776913577.659987317] [rcl]: Found remap rule 'model_states:=model_states_demo'. This syntax is deprecated. Use '--ros-args --remap model_states:=model_states_demo' instead.
[ERROR] [rviz2-17]: process has died [pid 1133635, exit code -6, cmd '/opt/ros/humble/lib/rviz2/rviz2 -d /home/wj/work/multi-robot-exploration-rl/install/start_rl_environment_tb3/share/start_rl_environment_tb3/rviz/multi_robot.rviz --ros-args -r __node:=rviz2 --params-file /tmp/launch_params_r44na7hh'].
[gzserver-1] [INFO] [1776913577.676775158] [gazebo_ros_state]: Publishing states of gazebo models at [/model_states_demo]
[gzserver-1] [INFO] [1776913577.678985905] [gazebo_ros_state]: Publishing states of gazebo links at [/link_states]
[spawn_entity.py-13] [INFO] [1776913577.679082100] [tb3_3.spawn_entity]: Calling service /spawn_entity
[spawn_entity.py-4] [INFO] [1776913577.690456143] [tb3_0.spawn_entity]: Calling service /spawn_entity
[obstacle_mover.py-18] [INFO] [1776913577.783617893] [obstacle_mover]: [obstacle_mover] map=3  8 个障碍物  速度=0.110 m/s (scale×1.0)  30 Hz  随机游走模式
[gzserver-1] [INFO] [1776913577.996917718] [tb3_2.turtlebot3_imu]: <initial_orientation_as_reference> is unset, using default value of false to comply with REP 145 (world as orientation reference)
[spawn_entity.py-10] [INFO] [1776913578.114311547] [tb3_2.spawn_entity]: Spawn status: SpawnEntity: Successfully spawned entity [tb3_2]
[gzserver-1] [INFO] [1776913578.248845803] [tb3_2.turtlebot3_diff_drive]: Wheel pair 1 separation set to [0.160000m]
[gzserver-1] [INFO] [1776913578.248926450] [tb3_2.turtlebot3_diff_drive]: Wheel pair 1 diameter set to [0.066000m]
[gzserver-1] [INFO] [1776913578.251280713] [tb3_2.turtlebot3_diff_drive]: Subscribed to [/tb3_2/cmd_vel]
[gzserver-1] [INFO] [1776913578.254572798] [tb3_2.turtlebot3_diff_drive]: Advertise odometry on [/tb3_2/odom]
[gzserver-1] [INFO] [1776913578.259318580] [tb3_2.turtlebot3_diff_drive]: Publishing odom transforms between [tb3_2/odom] and [tb3_2/base_footprint]
[gzserver-1] [INFO] [1776913578.280328674] [tb3_2.turtlebot3_joint_state]: Going to publish joint [wheel_left_joint]
[gzserver-1] [INFO] [1776913578.280449791] [tb3_2.turtlebot3_joint_state]: Going to publish joint [wheel_right_joint]
[INFO] [spawn_entity.py-10]: process has finished cleanly [pid 1133600]
[gzserver-1] [INFO] [1776913578.605126183] [tb3_1.turtlebot3_imu]: <initial_orientation_as_reference> is unset, using default value of false to comply with REP 145 (world as orientation reference)
[spawn_entity.py-7] [INFO] [1776913578.713896458] [tb3_1.spawn_entity]: Spawn status: SpawnEntity: Successfully spawned entity [tb3_1]
[gzserver-1] [INFO] [1776913578.825413815] [tb3_1.turtlebot3_diff_drive]: Wheel pair 1 separation set to [0.160000m]
[gzserver-1] [INFO] [1776913578.825476294] [tb3_1.turtlebot3_diff_drive]: Wheel pair 1 diameter set to [0.066000m]
[gzserver-1] [INFO] [1776913578.826339244] [tb3_1.turtlebot3_diff_drive]: Subscribed to [/tb3_1/cmd_vel]
[gzserver-1] [INFO] [1776913578.827544645] [tb3_1.turtlebot3_diff_drive]: Advertise odometry on [/tb3_1/odom]
[gzserver-1] [INFO] [1776913578.829602301] [tb3_1.turtlebot3_diff_drive]: Publishing odom transforms between [tb3_1/odom] and [tb3_1/base_footprint]
[gzserver-1] [INFO] [1776913578.842765727] [tb3_1.turtlebot3_joint_state]: Going to publish joint [wheel_left_joint]
[gzserver-1] [INFO] [1776913578.842822580] [tb3_1.turtlebot3_joint_state]: Going to publish joint [wheel_right_joint]
[INFO] [spawn_entity.py-7]: process has finished cleanly [pid 1133594]
[ERROR] [gzclient-2]: process has died [pid 1133584, exit code -6, cmd 'gzclient --gui-client-plugin=libgazebo_ros_eol_gui.so --verbose -s libgazebo_ros_factory.so'].
[gzserver-1] [INFO] [1776913579.163979601] [tb3_3.turtlebot3_imu]: <initial_orientation_as_reference> is unset, using default value of false to comply with REP 145 (world as orientation reference)
[spawn_entity.py-13] [INFO] [1776913579.269957096] [tb3_3.spawn_entity]: Spawn status: SpawnEntity: Successfully spawned entity [tb3_3]
[gzserver-1] [INFO] [1776913579.380507215] [tb3_3.turtlebot3_diff_drive]: Wheel pair 1 separation set to [0.160000m]
[gzserver-1] [INFO] [1776913579.380581855] [tb3_3.turtlebot3_diff_drive]: Wheel pair 1 diameter set to [0.066000m]
[gzserver-1] [INFO] [1776913579.381468007] [tb3_3.turtlebot3_diff_drive]: Subscribed to [/tb3_3/cmd_vel]
[gzserver-1] [INFO] [1776913579.382672489] [tb3_3.turtlebot3_diff_drive]: Advertise odometry on [/tb3_3/odom]
[gzserver-1] [INFO] [1776913579.384474219] [tb3_3.turtlebot3_diff_drive]: Publishing odom transforms between [tb3_3/odom] and [tb3_3/base_footprint]
[gzserver-1] [INFO] [1776913579.399391487] [tb3_3.turtlebot3_joint_state]: Going to publish joint [wheel_left_joint]
[gzserver-1] [INFO] [1776913579.399441415] [tb3_3.turtlebot3_joint_state]: Going to publish joint [wheel_right_joint]
[INFO] [spawn_entity.py-13]: process has finished cleanly [pid 1133606]
[gzserver-1] [INFO] [1776913579.703369252] [tb3_0.turtlebot3_imu]: <initial_orientation_as_reference> is unset, using default value of false to comply with REP 145 (world as orientation reference)
[spawn_entity.py-4] [INFO] [1776913579.812452129] [tb3_0.spawn_entity]: Spawn status: SpawnEntity: Successfully spawned entity [tb3_0]
[gzserver-1] [INFO] [1776913579.923869437] [tb3_0.turtlebot3_diff_drive]: Wheel pair 1 separation set to [0.160000m]
[gzserver-1] [INFO] [1776913579.923939545] [tb3_0.turtlebot3_diff_drive]: Wheel pair 1 diameter set to [0.066000m]
[gzserver-1] [INFO] [1776913579.924882592] [tb3_0.turtlebot3_diff_drive]: Subscribed to [/tb3_0/cmd_vel]
[gzserver-1] [INFO] [1776913579.925986919] [tb3_0.turtlebot3_diff_drive]: Advertise odometry on [/tb3_0/odom]
[gzserver-1] [INFO] [1776913579.930837861] [tb3_0.turtlebot3_diff_drive]: Publishing odom transforms between [tb3_0/odom] and [tb3_0/base_footprint]
[gzserver-1] [INFO] [1776913579.952357466] [tb3_0.turtlebot3_joint_state]: Going to publish joint [wheel_left_joint]
[gzserver-1] [INFO] [1776913579.952422068] [tb3_0.turtlebot3_joint_state]: Going to publish joint [wheel_right_joint]
[INFO] [spawn_entity.py-4]: process has finished cleanly [pid 1133588]
