[INFO] [launch]: All log files can be found below /home/wj/.ros/log/2026-05-07-13-27-53-529462-wj-Default-string-3551140
[INFO] [launch]: Default logging verbosity is set to INFO
[INFO] Loading world for TurtleBot3: /home/wj/work/multi-robot-exploration-rl/install/start_rl_environment_tb3/share/start_rl_environment_tb3/worlds/corridor_swap.world
[INFO] Spawning 4 TurtleBot3 robots on corridor_swap...
[INFO] Using random positions
[INFO] Using fixed positions for 4 robots
[INFO]   Robot 0: Robot 0 - 左侧中间 at (-4.50, 0.00)
[INFO]   Robot 1: Robot 1 - 右侧中间 at (4.50, 0.00)
[INFO]   Robot 2: Robot 2 - 左下 at (-4.50, -3.00)
[INFO]   Robot 3: Robot 3 - 左上 at (-4.50, 3.00)
[spawn_robots] Created modified SDF for tb3_0 at /tmp/tb3_0_52vspmof.sdf
[spawn_robots] Created modified SDF for tb3_1 at /tmp/tb3_1_i0uh05tw.sdf
[spawn_robots] Created modified SDF for tb3_2 at /tmp/tb3_2_13etjezp.sdf
[spawn_robots] Created modified SDF for tb3_3 at /tmp/tb3_3_s6pt5z52.sdf
[INFO] Map Server loading: /home/wj/work/multi-robot-exploration-rl/install/start_rl_environment_tb3/share/start_rl_environment_tb3/maps/corridor_swap.yaml
[INFO] [gzserver-1]: process started with pid [3551233]
[INFO] [gzclient-2]: process started with pid [3551235]
[INFO] [robot_state_publisher-3]: process started with pid [3551237]
[INFO] [spawn_entity.py-4]: process started with pid [3551239]
[INFO] [static_transform_publisher-5]: process started with pid [3551241]
[INFO] [robot_state_publisher-6]: process started with pid [3551243]
[INFO] [spawn_entity.py-7]: process started with pid [3551245]
[INFO] [static_transform_publisher-8]: process started with pid [3551247]
[INFO] [robot_state_publisher-9]: process started with pid [3551249]
[INFO] [spawn_entity.py-10]: process started with pid [3551251]
[INFO] [static_transform_publisher-11]: process started with pid [3551253]
[INFO] [robot_state_publisher-12]: process started with pid [3551256]
[INFO] [spawn_entity.py-13]: process started with pid [3551258]
[INFO] [static_transform_publisher-14]: process started with pid [3551260]
[INFO] [map_server-15]: process started with pid [3551264]
[INFO] [lifecycle_manager-16]: process started with pid [3551272]
[INFO] [rviz2-17]: process started with pid [3551304]
[INFO] [obstacle_mover.py-18]: process started with pid [3551309]
[static_transform_publisher-5] [WARN] [1778131674.354856783] []: Old-style arguments are deprecated; see --help for new-style arguments
[static_transform_publisher-8] [WARN] [1778131674.359433244] []: Old-style arguments are deprecated; see --help for new-style arguments
[static_transform_publisher-11] [WARN] [1778131674.363332796] []: Old-style arguments are deprecated; see --help for new-style arguments
[static_transform_publisher-14] [WARN] [1778131674.371098613] []: Old-style arguments are deprecated; see --help for new-style arguments
[static_transform_publisher-8] [INFO] [1778131674.394909098] [static_tf_tb3_1]: Spinning until stopped - publishing transform
[static_transform_publisher-8] translation: ('0.000000', '0.000000', '0.000000')
[static_transform_publisher-8] rotation: ('0.000000', '0.000000', '0.000000', '1.000000')
[static_transform_publisher-8] from 'map' to 'tb3_1/odom'
[robot_state_publisher-12] [INFO] [1778131674.400671696] [tb3_3.robot_state_publisher]: got segment base_footprint
[robot_state_publisher-12] [INFO] [1778131674.402337330] [tb3_3.robot_state_publisher]: got segment base_link
[robot_state_publisher-12] [INFO] [1778131674.402362557] [tb3_3.robot_state_publisher]: got segment base_scan
[robot_state_publisher-12] [INFO] [1778131674.402372648] [tb3_3.robot_state_publisher]: got segment caster_back_link
[robot_state_publisher-12] [INFO] [1778131674.402391801] [tb3_3.robot_state_publisher]: got segment imu_link
[robot_state_publisher-12] [INFO] [1778131674.402404260] [tb3_3.robot_state_publisher]: got segment wheel_left_link
[robot_state_publisher-12] [INFO] [1778131674.402413830] [tb3_3.robot_state_publisher]: got segment wheel_right_link
[robot_state_publisher-6] [INFO] [1778131674.408355772] [tb3_1.robot_state_publisher]: got segment base_footprint
[robot_state_publisher-6] [INFO] [1778131674.408547951] [tb3_1.robot_state_publisher]: got segment base_link
[robot_state_publisher-6] [INFO] [1778131674.408573674] [tb3_1.robot_state_publisher]: got segment base_scan
[robot_state_publisher-6] [INFO] [1778131674.408587374] [tb3_1.robot_state_publisher]: got segment caster_back_link
[static_transform_publisher-11] [INFO] [1778131674.408555047] [static_tf_tb3_2]: Spinning until stopped - publishing transform
[static_transform_publisher-11] translation: ('0.000000', '0.000000', '0.000000')
[static_transform_publisher-11] rotation: ('0.000000', '0.000000', '0.000000', '1.000000')
[static_transform_publisher-11] from 'map' to 'tb3_2/odom'
[static_transform_publisher-5] [INFO] [1778131674.411142640] [static_tf_tb3_0]: Spinning until stopped - publishing transform
[static_transform_publisher-5] translation: ('0.000000', '0.000000', '0.000000')
[static_transform_publisher-5] rotation: ('0.000000', '0.000000', '0.000000', '1.000000')
[static_transform_publisher-5] from 'map' to 'tb3_0/odom'
[robot_state_publisher-6] [INFO] [1778131674.408599421] [tb3_1.robot_state_publisher]: got segment imu_link
[robot_state_publisher-6] [INFO] [1778131674.411700016] [tb3_1.robot_state_publisher]: got segment wheel_left_link
[robot_state_publisher-6] [INFO] [1778131674.411715737] [tb3_1.robot_state_publisher]: got segment wheel_right_link
[static_transform_publisher-14] [INFO] [1778131674.413274412] [static_tf_tb3_3]: Spinning until stopped - publishing transform
[static_transform_publisher-14] translation: ('0.000000', '0.000000', '0.000000')
[static_transform_publisher-14] rotation: ('0.000000', '0.000000', '0.000000', '1.000000')
[static_transform_publisher-14] from 'map' to 'tb3_3/odom'
[robot_state_publisher-3] [INFO] [1778131674.413756713] [tb3_0.robot_state_publisher]: got segment base_footprint
[robot_state_publisher-3] [INFO] [1778131674.413942690] [tb3_0.robot_state_publisher]: got segment base_link
[robot_state_publisher-3] [INFO] [1778131674.413965440] [tb3_0.robot_state_publisher]: got segment base_scan
[robot_state_publisher-3] [INFO] [1778131674.413977843] [tb3_0.robot_state_publisher]: got segment caster_back_link
[robot_state_publisher-3] [INFO] [1778131674.413989028] [tb3_0.robot_state_publisher]: got segment imu_link
[robot_state_publisher-3] [INFO] [1778131674.413999083] [tb3_0.robot_state_publisher]: got segment wheel_left_link
[robot_state_publisher-3] [INFO] [1778131674.414009209] [tb3_0.robot_state_publisher]: got segment wheel_right_link
[robot_state_publisher-9] [INFO] [1778131674.415613829] [tb3_2.robot_state_publisher]: got segment base_footprint
[robot_state_publisher-9] [INFO] [1778131674.415801046] [tb3_2.robot_state_publisher]: got segment base_link
[robot_state_publisher-9] [INFO] [1778131674.415819635] [tb3_2.robot_state_publisher]: got segment base_scan
[robot_state_publisher-9] [INFO] [1778131674.415829529] [tb3_2.robot_state_publisher]: got segment caster_back_link
[robot_state_publisher-9] [INFO] [1778131674.415838542] [tb3_2.robot_state_publisher]: got segment imu_link
[robot_state_publisher-9] [INFO] [1778131674.415846900] [tb3_2.robot_state_publisher]: got segment wheel_left_link
[robot_state_publisher-9] [INFO] [1778131674.415854979] [tb3_2.robot_state_publisher]: got segment wheel_right_link
[map_server-15] [INFO] [1778131674.463744584] [map_server]: 
[map_server-15] 	map_server lifecycle node launched. 
[map_server-15] 	Waiting on external lifecycle transitions to activate
[map_server-15] 	See https://design.ros2.org/articles/node_lifecycle.html for more information.
[map_server-15] [INFO] [1778131674.463955759] [map_server]: Creating
[lifecycle_manager-16] [INFO] [1778131674.467985941] [lifecycle_manager_map]: Creating
[lifecycle_manager-16] [INFO] [1778131674.476623144] [lifecycle_manager_map]: [34m[1mCreating and initializing lifecycle service clients[0m[0m
[lifecycle_manager-16] [INFO] [1778131674.525618349] [lifecycle_manager_map]: [34m[1mStarting managed nodes bringup...[0m[0m
[lifecycle_manager-16] [INFO] [1778131674.525670796] [lifecycle_manager_map]: [34m[1mConfiguring map_server[0m[0m
[map_server-15] [INFO] [1778131674.674459253] [map_server]: Configuring
[map_server-15] [INFO] [1778131674.674600946] [map_io]: Loading yaml file: /home/wj/work/multi-robot-exploration-rl/install/start_rl_environment_tb3/share/start_rl_environment_tb3/maps/corridor_swap.yaml
[map_server-15] [INFO] [1778131674.675117542] [map_io]: resolution: 0.05
[map_server-15] [INFO] [1778131674.675137160] [map_io]: origin[0]: -6
[map_server-15] [INFO] [1778131674.675146854] [map_io]: origin[1]: -6
[map_server-15] [INFO] [1778131674.675155858] [map_io]: origin[2]: 0
[map_server-15] [INFO] [1778131674.675165380] [map_io]: free_thresh: 0.196
[map_server-15] [INFO] [1778131674.675174396] [map_io]: occupied_thresh: 0.65
[map_server-15] [INFO] [1778131674.675183852] [map_io]: mode: trinary
[map_server-15] [INFO] [1778131674.675194548] [map_io]: negate: 0
[map_server-15] [INFO] [1778131674.675530656] [map_io]: Loading image_file: /home/wj/work/multi-robot-exploration-rl/install/start_rl_environment_tb3/share/start_rl_environment_tb3/maps/corridor_swap.pgm
[map_server-15] [INFO] [1778131674.690509038] [map_io]: Read map /home/wj/work/multi-robot-exploration-rl/install/start_rl_environment_tb3/share/start_rl_environment_tb3/maps/corridor_swap.pgm: 240 X 240 map @ 0.05 m/cell
[lifecycle_manager-16] [INFO] [1778131674.697389377] [lifecycle_manager_map]: [34m[1mActivating map_server[0m[0m
[map_server-15] [INFO] [1778131674.697557308] [map_server]: Activating
[map_server-15] [INFO] [1778131674.697718925] [map_server]: Creating bond (map_server) to lifecycle manager.
[lifecycle_manager-16] [INFO] [1778131674.802259718] [lifecycle_manager_map]: Server map_server connected with bond.
[lifecycle_manager-16] [INFO] [1778131674.802313556] [lifecycle_manager_map]: [34m[1mManaged nodes are active[0m[0m
[lifecycle_manager-16] [INFO] [1778131674.802333578] [lifecycle_manager_map]: [34m[1mCreating bond timer...[0m[0m
[spawn_entity.py-4] [INFO] [1778131674.976960092] [tb3_0.spawn_entity]: Spawn Entity started
[spawn_entity.py-4] [INFO] [1778131674.977794320] [tb3_0.spawn_entity]: Loading entity XML from file /tmp/tb3_0_52vspmof.sdf
[spawn_entity.py-4] [INFO] [1778131674.979215343] [tb3_0.spawn_entity]: Waiting for service /spawn_entity, timeout = 30
[spawn_entity.py-4] [INFO] [1778131674.979679557] [tb3_0.spawn_entity]: Waiting for service /spawn_entity
[spawn_entity.py-7] [INFO] [1778131675.012771523] [tb3_1.spawn_entity]: Spawn Entity started
[spawn_entity.py-7] [INFO] [1778131675.013468527] [tb3_1.spawn_entity]: Loading entity XML from file /tmp/tb3_1_i0uh05tw.sdf
[spawn_entity.py-7] [INFO] [1778131675.014340026] [tb3_1.spawn_entity]: Waiting for service /spawn_entity, timeout = 30
[spawn_entity.py-7] [INFO] [1778131675.014760628] [tb3_1.spawn_entity]: Waiting for service /spawn_entity
[spawn_entity.py-10] [INFO] [1778131675.054238405] [tb3_2.spawn_entity]: Spawn Entity started
[spawn_entity.py-10] [INFO] [1778131675.054661364] [tb3_2.spawn_entity]: Loading entity XML from file /tmp/tb3_2_13etjezp.sdf
[spawn_entity.py-10] [INFO] [1778131675.055509626] [tb3_2.spawn_entity]: Waiting for service /spawn_entity, timeout = 30
[spawn_entity.py-10] [INFO] [1778131675.055840789] [tb3_2.spawn_entity]: Waiting for service /spawn_entity
[spawn_entity.py-13] [INFO] [1778131675.076334244] [tb3_3.spawn_entity]: Spawn Entity started
[spawn_entity.py-13] [INFO] [1778131675.076751845] [tb3_3.spawn_entity]: Loading entity XML from file /tmp/tb3_3_s6pt5z52.sdf
[spawn_entity.py-13] [INFO] [1778131675.077645387] [tb3_3.spawn_entity]: Waiting for service /spawn_entity, timeout = 30
[spawn_entity.py-13] [INFO] [1778131675.078162767] [tb3_3.spawn_entity]: Waiting for service /spawn_entity
[rviz2-17] [INFO] [1778131675.444777910] [rviz2]: Stereo is NOT SUPPORTED
[rviz2-17] [INFO] [1778131675.444998139] [rviz2]: OpenGl version: 4.6 (GLSL 4.6)
[rviz2-17] [INFO] [1778131675.601639115] [rviz2]: Stereo is NOT SUPPORTED
[spawn_entity.py-13] [INFO] [1778131676.334885238] [tb3_3.spawn_entity]: Calling service /spawn_entity
[gzserver-1] [WARN] [1778131676.346490858] [rcl]: Found remap rule 'model_states:=model_states_demo'. This syntax is deprecated. Use '--ros-args --remap model_states:=model_states_demo' instead.
[gzserver-1] [INFO] [1778131676.365117996] [gazebo_ros_state]: Publishing states of gazebo models at [/model_states_demo]
[gzserver-1] [INFO] [1778131676.366203461] [gazebo_ros_state]: Publishing states of gazebo links at [/link_states]
[spawn_entity.py-4] [INFO] [1778131676.490493685] [tb3_0.spawn_entity]: Calling service /spawn_entity
[spawn_entity.py-7] [INFO] [1778131676.522358867] [tb3_1.spawn_entity]: Calling service /spawn_entity
[spawn_entity.py-10] [INFO] [1778131676.562600305] [tb3_2.spawn_entity]: Calling service /spawn_entity
[obstacle_mover.py-18] [INFO] [1778131676.577954193] [obstacle_mover]: [obstacle_mover] map=3  2 个障碍物  速度=0.038 m/s (scale×0.35)  30 Hz  随机游走模式
[obstacle_mover.py-18] [INFO] [1778131676.585724707] [obstacle_mover]: [obstacle_mover] ✅ dyn_obs_2~dyn_obs_7 已下沉至 z=-10.0
[gzserver-1] [INFO] [1778131676.686448758] [tb3_3.turtlebot3_imu]: <initial_orientation_as_reference> is unset, using default value of false to comply with REP 145 (world as orientation reference)
[spawn_entity.py-13] [INFO] [1778131676.778813081] [tb3_3.spawn_entity]: Spawn status: SpawnEntity: Successfully spawned entity [tb3_3]
[gzserver-1] [INFO] [1778131676.911115214] [tb3_3.turtlebot3_diff_drive]: Wheel pair 1 separation set to [0.160000m]
[gzserver-1] [INFO] [1778131676.911172739] [tb3_3.turtlebot3_diff_drive]: Wheel pair 1 diameter set to [0.066000m]
[gzserver-1] [INFO] [1778131676.913219471] [tb3_3.turtlebot3_diff_drive]: Subscribed to [/tb3_3/cmd_vel]
[gzserver-1] [INFO] [1778131676.916750851] [tb3_3.turtlebot3_diff_drive]: Advertise odometry on [/tb3_3/odom]
[gzserver-1] [INFO] [1778131676.922103491] [tb3_3.turtlebot3_diff_drive]: Publishing odom transforms between [tb3_3/odom] and [tb3_3/base_footprint]
[gzserver-1] [INFO] [1778131676.941156769] [tb3_3.turtlebot3_joint_state]: Going to publish joint [wheel_left_joint]
[gzserver-1] [INFO] [1778131676.941212595] [tb3_3.turtlebot3_joint_state]: Going to publish joint [wheel_right_joint]
[INFO] [spawn_entity.py-13]: process has finished cleanly [pid 3551258]
[gzserver-1] [INFO] [1778131677.261676823] [tb3_0.turtlebot3_imu]: <initial_orientation_as_reference> is unset, using default value of false to comply with REP 145 (world as orientation reference)
[spawn_entity.py-4] [INFO] [1778131677.417174754] [tb3_0.spawn_entity]: Spawn status: SpawnEntity: Successfully spawned entity [tb3_0]
[gzserver-1] [INFO] [1778131677.528505865] [tb3_0.turtlebot3_diff_drive]: Wheel pair 1 separation set to [0.160000m]
[gzserver-1] [INFO] [1778131677.528574071] [tb3_0.turtlebot3_diff_drive]: Wheel pair 1 diameter set to [0.066000m]
[gzserver-1] [INFO] [1778131677.529535006] [tb3_0.turtlebot3_diff_drive]: Subscribed to [/tb3_0/cmd_vel]
[gzserver-1] [INFO] [1778131677.530912382] [tb3_0.turtlebot3_diff_drive]: Advertise odometry on [/tb3_0/odom]
[gzserver-1] [INFO] [1778131677.532987684] [tb3_0.turtlebot3_diff_drive]: Publishing odom transforms between [tb3_0/odom] and [tb3_0/base_footprint]
[gzserver-1] [INFO] [1778131677.543682125] [tb3_0.turtlebot3_joint_state]: Going to publish joint [wheel_left_joint]
[gzserver-1] [INFO] [1778131677.543721648] [tb3_0.turtlebot3_joint_state]: Going to publish joint [wheel_right_joint]
[INFO] [spawn_entity.py-4]: process has finished cleanly [pid 3551239]
[gzserver-1] [INFO] [1778131677.841970246] [tb3_1.turtlebot3_imu]: <initial_orientation_as_reference> is unset, using default value of false to comply with REP 145 (world as orientation reference)
[spawn_entity.py-7] [INFO] [1778131677.962036243] [tb3_1.spawn_entity]: Spawn status: SpawnEntity: Successfully spawned entity [tb3_1]
[gzserver-1] [INFO] [1778131678.072276528] [tb3_1.turtlebot3_diff_drive]: Wheel pair 1 separation set to [0.160000m]
[gzserver-1] [INFO] [1778131678.072346241] [tb3_1.turtlebot3_diff_drive]: Wheel pair 1 diameter set to [0.066000m]
[gzserver-1] [INFO] [1778131678.073106714] [tb3_1.turtlebot3_diff_drive]: Subscribed to [/tb3_1/cmd_vel]
[gzserver-1] [INFO] [1778131678.074160797] [tb3_1.turtlebot3_diff_drive]: Advertise odometry on [/tb3_1/odom]
[gzserver-1] [INFO] [1778131678.076232214] [tb3_1.turtlebot3_diff_drive]: Publishing odom transforms between [tb3_1/odom] and [tb3_1/base_footprint]
[gzserver-1] [INFO] [1778131678.091015923] [tb3_1.turtlebot3_joint_state]: Going to publish joint [wheel_left_joint]
[gzserver-1] [INFO] [1778131678.091057895] [tb3_1.turtlebot3_joint_state]: Going to publish joint [wheel_right_joint]
[INFO] [spawn_entity.py-7]: process has finished cleanly [pid 3551245]
[gzserver-1] [INFO] [1778131678.400813564] [tb3_2.turtlebot3_imu]: <initial_orientation_as_reference> is unset, using default value of false to comply with REP 145 (world as orientation reference)
[spawn_entity.py-10] [INFO] [1778131678.530493607] [tb3_2.spawn_entity]: Spawn status: SpawnEntity: Successfully spawned entity [tb3_2]
[gzserver-1] [INFO] [1778131678.641861129] [tb3_2.turtlebot3_diff_drive]: Wheel pair 1 separation set to [0.160000m]
[gzserver-1] [INFO] [1778131678.641909465] [tb3_2.turtlebot3_diff_drive]: Wheel pair 1 diameter set to [0.066000m]
[gzserver-1] [INFO] [1778131678.642682583] [tb3_2.turtlebot3_diff_drive]: Subscribed to [/tb3_2/cmd_vel]
[gzserver-1] [INFO] [1778131678.643465320] [tb3_2.turtlebot3_diff_drive]: Advertise odometry on [/tb3_2/odom]
[gzserver-1] [INFO] [1778131678.646623371] [tb3_2.turtlebot3_diff_drive]: Publishing odom transforms between [tb3_2/odom] and [tb3_2/base_footprint]
[gzserver-1] [INFO] [1778131678.664037451] [tb3_2.turtlebot3_joint_state]: Going to publish joint [wheel_left_joint]
[gzserver-1] [INFO] [1778131678.664087048] [tb3_2.turtlebot3_joint_state]: Going to publish joint [wheel_right_joint]
[INFO] [spawn_entity.py-10]: process has finished cleanly [pid 3551251]
[rviz2-17] [INFO] [1778131688.433739790] [rviz2]: Message Filter dropping message: frame 'tb3_0/base_scan' at time 0.379 for reason 'the timestamp on the message is earlier than all the data in the transform cache'
[rviz2-17] [INFO] [1778131688.635586811] [rviz2]: Message Filter dropping message: frame 'tb3_1/base_scan' at time 0.580 for reason 'the timestamp on the message is earlier than all the data in the transform cache'
[rviz2-17] [INFO] [1778131688.839735436] [rviz2]: Message Filter dropping message: frame 'tb3_2/base_scan' at time 0.779 for reason 'the timestamp on the message is earlier than all the data in the transform cache'
[gzclient-2] 
[gzclient-2] libcurl: (28) Failed to connect to fuel.ignitionrobotics.org port 443 after 217194 ms: 连接超时
