running egg_info
creating ../../build/sfl_nav_training/sfl_nav_training.egg-info
writing ../../build/sfl_nav_training/sfl_nav_training.egg-info/PKG-INFO
writing dependency_links to ../../build/sfl_nav_training/sfl_nav_training.egg-info/dependency_links.txt
writing entry points to ../../build/sfl_nav_training/sfl_nav_training.egg-info/entry_points.txt
writing requirements to ../../build/sfl_nav_training/sfl_nav_training.egg-info/requires.txt
writing top-level names to ../../build/sfl_nav_training/sfl_nav_training.egg-info/top_level.txt
writing manifest file '../../build/sfl_nav_training/sfl_nav_training.egg-info/SOURCES.txt'
reading manifest file '../../build/sfl_nav_training/sfl_nav_training.egg-info/SOURCES.txt'
writing manifest file '../../build/sfl_nav_training/sfl_nav_training.egg-info/SOURCES.txt'
running build
running build_py
creating /home/wj/work/multi-robot-exploration-rl/build/sfl_nav_training/build
creating /home/wj/work/multi-robot-exploration-rl/build/sfl_nav_training/build/lib
creating /home/wj/work/multi-robot-exploration-rl/build/sfl_nav_training/build/lib/sfl_nav_training
copying sfl_nav_training/sfl_ippo_model.py -> /home/wj/work/multi-robot-exploration-rl/build/sfl_nav_training/build/lib/sfl_nav_training
copying sfl_nav_training/sfl_nav_env.py -> /home/wj/work/multi-robot-exploration-rl/build/sfl_nav_training/build/lib/sfl_nav_training
copying sfl_nav_training/__init__.py -> /home/wj/work/multi-robot-exploration-rl/build/sfl_nav_training/build/lib/sfl_nav_training
copying sfl_nav_training/train_sfl_ippo.py -> /home/wj/work/multi-robot-exploration-rl/build/sfl_nav_training/build/lib/sfl_nav_training
running install
running install_lib
creating /home/wj/work/multi-robot-exploration-rl/install/sfl_nav_training/lib/python3.10/site-packages/sfl_nav_training
copying /home/wj/work/multi-robot-exploration-rl/build/sfl_nav_training/build/lib/sfl_nav_training/sfl_ippo_model.py -> /home/wj/work/multi-robot-exploration-rl/install/sfl_nav_training/lib/python3.10/site-packages/sfl_nav_training
copying /home/wj/work/multi-robot-exploration-rl/build/sfl_nav_training/build/lib/sfl_nav_training/sfl_nav_env.py -> /home/wj/work/multi-robot-exploration-rl/install/sfl_nav_training/lib/python3.10/site-packages/sfl_nav_training
copying /home/wj/work/multi-robot-exploration-rl/build/sfl_nav_training/build/lib/sfl_nav_training/__init__.py -> /home/wj/work/multi-robot-exploration-rl/install/sfl_nav_training/lib/python3.10/site-packages/sfl_nav_training
copying /home/wj/work/multi-robot-exploration-rl/build/sfl_nav_training/build/lib/sfl_nav_training/train_sfl_ippo.py -> /home/wj/work/multi-robot-exploration-rl/install/sfl_nav_training/lib/python3.10/site-packages/sfl_nav_training
byte-compiling /home/wj/work/multi-robot-exploration-rl/install/sfl_nav_training/lib/python3.10/site-packages/sfl_nav_training/sfl_ippo_model.py to sfl_ippo_model.cpython-310.pyc
byte-compiling /home/wj/work/multi-robot-exploration-rl/install/sfl_nav_training/lib/python3.10/site-packages/sfl_nav_training/sfl_nav_env.py to sfl_nav_env.cpython-310.pyc
byte-compiling /home/wj/work/multi-robot-exploration-rl/install/sfl_nav_training/lib/python3.10/site-packages/sfl_nav_training/__init__.py to __init__.cpython-310.pyc
byte-compiling /home/wj/work/multi-robot-exploration-rl/install/sfl_nav_training/lib/python3.10/site-packages/sfl_nav_training/train_sfl_ippo.py to train_sfl_ippo.cpython-310.pyc
running install_data
creating /home/wj/work/multi-robot-exploration-rl/install/sfl_nav_training/share/ament_index
creating /home/wj/work/multi-robot-exploration-rl/install/sfl_nav_training/share/ament_index/resource_index
creating /home/wj/work/multi-robot-exploration-rl/install/sfl_nav_training/share/ament_index/resource_index/packages
copying resource/sfl_nav_training -> /home/wj/work/multi-robot-exploration-rl/install/sfl_nav_training/share/ament_index/resource_index/packages
copying package.xml -> /home/wj/work/multi-robot-exploration-rl/install/sfl_nav_training/share/sfl_nav_training
running install_egg_info
Copying ../../build/sfl_nav_training/sfl_nav_training.egg-info to /home/wj/work/multi-robot-exploration-rl/install/sfl_nav_training/lib/python3.10/site-packages/sfl_nav_training-0.1.0-py3.10.egg-info
running install_scripts
Installing train_sfl_ippo script to /home/wj/work/multi-robot-exploration-rl/install/sfl_nav_training/bin
writing list of installed files to '/home/wj/work/multi-robot-exploration-rl/build/sfl_nav_training/install.log'
