[2.550s] Invoking command in '/home/wj/work/multi-robot-exploration-rl/src/sfl_nav_training': CONDA_PROMPT_MODIFIER=(ros2) PYTHONPATH=/home/wj/work/multi-robot-exploration-rl/build/sfl_nav_training/prefix_override:/usr/lib/python3/dist-packages/colcon_core/task/python/colcon_distutils_commands:/home/wj/work/multi-robot-exploration-rl/install/sfl_nav_training/lib/python3.10/site-packages:${PYTHONPATH} /usr/bin/python3 -W ignore:setup.py install is deprecated -W ignore:easy_install command is deprecated setup.py egg_info --egg-base ../../build/sfl_nav_training build --build-base /home/wj/work/multi-robot-exploration-rl/build/sfl_nav_training/build install --record /home/wj/work/multi-robot-exploration-rl/build/sfl_nav_training/install.log --single-version-externally-managed install_data
[2.888s] running egg_info
[2.889s] creating ../../build/sfl_nav_training/sfl_nav_training.egg-info
[2.890s] writing ../../build/sfl_nav_training/sfl_nav_training.egg-info/PKG-INFO
[2.890s] writing dependency_links to ../../build/sfl_nav_training/sfl_nav_training.egg-info/dependency_links.txt
[2.890s] writing entry points to ../../build/sfl_nav_training/sfl_nav_training.egg-info/entry_points.txt
[2.890s] writing requirements to ../../build/sfl_nav_training/sfl_nav_training.egg-info/requires.txt
[2.890s] writing top-level names to ../../build/sfl_nav_training/sfl_nav_training.egg-info/top_level.txt
[2.891s] writing manifest file '../../build/sfl_nav_training/sfl_nav_training.egg-info/SOURCES.txt'
[2.894s] reading manifest file '../../build/sfl_nav_training/sfl_nav_training.egg-info/SOURCES.txt'
[2.895s] writing manifest file '../../build/sfl_nav_training/sfl_nav_training.egg-info/SOURCES.txt'
[2.895s] running build
[2.895s] running build_py
[2.895s] creating /home/wj/work/multi-robot-exploration-rl/build/sfl_nav_training/build
[2.895s] creating /home/wj/work/multi-robot-exploration-rl/build/sfl_nav_training/build/lib
[2.896s] creating /home/wj/work/multi-robot-exploration-rl/build/sfl_nav_training/build/lib/sfl_nav_training
[2.896s] copying sfl_nav_training/sfl_ippo_model.py -> /home/wj/work/multi-robot-exploration-rl/build/sfl_nav_training/build/lib/sfl_nav_training
[2.896s] copying sfl_nav_training/sfl_nav_env.py -> /home/wj/work/multi-robot-exploration-rl/build/sfl_nav_training/build/lib/sfl_nav_training
[2.896s] copying sfl_nav_training/__init__.py -> /home/wj/work/multi-robot-exploration-rl/build/sfl_nav_training/build/lib/sfl_nav_training
[2.896s] copying sfl_nav_training/train_sfl_ippo.py -> /home/wj/work/multi-robot-exploration-rl/build/sfl_nav_training/build/lib/sfl_nav_training
[2.897s] running install
[2.897s] running install_lib
[2.898s] creating /home/wj/work/multi-robot-exploration-rl/install/sfl_nav_training/lib/python3.10/site-packages/sfl_nav_training
[2.898s] copying /home/wj/work/multi-robot-exploration-rl/build/sfl_nav_training/build/lib/sfl_nav_training/sfl_ippo_model.py -> /home/wj/work/multi-robot-exploration-rl/install/sfl_nav_training/lib/python3.10/site-packages/sfl_nav_training
[2.899s] copying /home/wj/work/multi-robot-exploration-rl/build/sfl_nav_training/build/lib/sfl_nav_training/sfl_nav_env.py -> /home/wj/work/multi-robot-exploration-rl/install/sfl_nav_training/lib/python3.10/site-packages/sfl_nav_training
[2.899s] copying /home/wj/work/multi-robot-exploration-rl/build/sfl_nav_training/build/lib/sfl_nav_training/__init__.py -> /home/wj/work/multi-robot-exploration-rl/install/sfl_nav_training/lib/python3.10/site-packages/sfl_nav_training
[2.899s] copying /home/wj/work/multi-robot-exploration-rl/build/sfl_nav_training/build/lib/sfl_nav_training/train_sfl_ippo.py -> /home/wj/work/multi-robot-exploration-rl/install/sfl_nav_training/lib/python3.10/site-packages/sfl_nav_training
[2.900s] byte-compiling /home/wj/work/multi-robot-exploration-rl/install/sfl_nav_training/lib/python3.10/site-packages/sfl_nav_training/sfl_ippo_model.py to sfl_ippo_model.cpython-310.pyc
[2.901s] byte-compiling /home/wj/work/multi-robot-exploration-rl/install/sfl_nav_training/lib/python3.10/site-packages/sfl_nav_training/sfl_nav_env.py to sfl_nav_env.cpython-310.pyc
[2.904s] byte-compiling /home/wj/work/multi-robot-exploration-rl/install/sfl_nav_training/lib/python3.10/site-packages/sfl_nav_training/__init__.py to __init__.cpython-310.pyc
[2.904s] byte-compiling /home/wj/work/multi-robot-exploration-rl/install/sfl_nav_training/lib/python3.10/site-packages/sfl_nav_training/train_sfl_ippo.py to train_sfl_ippo.cpython-310.pyc
[2.913s] running install_data
[2.913s] creating /home/wj/work/multi-robot-exploration-rl/install/sfl_nav_training/share/ament_index
[2.913s] creating /home/wj/work/multi-robot-exploration-rl/install/sfl_nav_training/share/ament_index/resource_index
[2.913s] creating /home/wj/work/multi-robot-exploration-rl/install/sfl_nav_training/share/ament_index/resource_index/packages
[2.913s] copying resource/sfl_nav_training -> /home/wj/work/multi-robot-exploration-rl/install/sfl_nav_training/share/ament_index/resource_index/packages
[2.913s] copying package.xml -> /home/wj/work/multi-robot-exploration-rl/install/sfl_nav_training/share/sfl_nav_training
[2.914s] running install_egg_info
[2.915s] Copying ../../build/sfl_nav_training/sfl_nav_training.egg-info to /home/wj/work/multi-robot-exploration-rl/install/sfl_nav_training/lib/python3.10/site-packages/sfl_nav_training-0.1.0-py3.10.egg-info
[2.916s] running install_scripts
[2.945s] Installing train_sfl_ippo script to /home/wj/work/multi-robot-exploration-rl/install/sfl_nav_training/bin
[2.946s] writing list of installed files to '/home/wj/work/multi-robot-exploration-rl/build/sfl_nav_training/install.log'
[2.996s] Invoked command in '/home/wj/work/multi-robot-exploration-rl/src/sfl_nav_training' returned '0': CONDA_PROMPT_MODIFIER=(ros2) PYTHONPATH=/home/wj/work/multi-robot-exploration-rl/build/sfl_nav_training/prefix_override:/usr/lib/python3/dist-packages/colcon_core/task/python/colcon_distutils_commands:/home/wj/work/multi-robot-exploration-rl/install/sfl_nav_training/lib/python3.10/site-packages:${PYTHONPATH} /usr/bin/python3 -W ignore:setup.py install is deprecated -W ignore:easy_install command is deprecated setup.py egg_info --egg-base ../../build/sfl_nav_training build --build-base /home/wj/work/multi-robot-exploration-rl/build/sfl_nav_training/build install --record /home/wj/work/multi-robot-exploration-rl/build/sfl_nav_training/install.log --single-version-externally-managed install_data
