[INFO] [launch]: All log files can be found below /home/wj/.ros/log/2026-05-01-15-05-51-804718-wj-Default-string-460465
[INFO] [launch]: Default logging verbosity is set to INFO
[INFO] Loading world for TurtleBot3: /home/wj/work/multi-robot-exploration-rl/install/start_rl_environment_tb3/share/start_rl_environment_tb3/worlds/corridor_swap.world
[INFO] Spawning 4 TurtleBot3 robots on corridor_swap...
[INFO] Using random positions
[INFO] Using fixed positions for 4 robots
[INFO]   Robot 0: Robot 0 - 左侧中间 at (-4.50, 0.00)
[INFO]   Robot 1: Robot 1 - 右侧中间 at (4.50, 0.00)
[INFO]   Robot 2: Robot 2 - 左下 at (-4.50, -3.00)
[INFO]   Robot 3: Robot 3 - 左上 at (-4.50, 3.00)
[spawn_robots] Created modified SDF for tb3_0 at /tmp/tb3_0_0_yojxms.sdf
[spawn_robots] Created modified SDF for tb3_1 at /tmp/tb3_1_v8_aabg6.sdf
[spawn_robots] Created modified SDF for tb3_2 at /tmp/tb3_2_sklhb466.sdf
[spawn_robots] Created modified SDF for tb3_3 at /tmp/tb3_3_x8yvtd63.sdf
[INFO] Map Server loading: /home/wj/work/multi-robot-exploration-rl/install/start_rl_environment_tb3/share/start_rl_environment_tb3/maps/corridor_swap.yaml
[INFO] [gzserver-1]: process started with pid [460574]
[INFO] [gzclient-2]: process started with pid [460576]
[INFO] [robot_state_publisher-3]: process started with pid [460578]
[INFO] [spawn_entity.py-4]: process started with pid [460580]
[INFO] [static_transform_publisher-5]: process started with pid [460582]
[INFO] [robot_state_publisher-6]: process started with pid [460584]
[INFO] [spawn_entity.py-7]: process started with pid [460586]
[INFO] [static_transform_publisher-8]: process started with pid [460588]
[INFO] [robot_state_publisher-9]: process started with pid [460590]
[INFO] [spawn_entity.py-10]: process started with pid [460592]
[INFO] [static_transform_publisher-11]: process started with pid [460594]
[INFO] [robot_state_publisher-12]: process started with pid [460596]
[INFO] [spawn_entity.py-13]: process started with pid [460598]
[INFO] [static_transform_publisher-14]: process started with pid [460602]
[INFO] [map_server-15]: process started with pid [460610]
[INFO] [lifecycle_manager-16]: process started with pid [460613]
[INFO] [rviz2-17]: process started with pid [460642]
[INFO] [obstacle_mover.py-18]: process started with pid [460661]
[static_transform_publisher-5] [WARN] [1777619152.652455629] []: Old-style arguments are deprecated; see --help for new-style arguments
[static_transform_publisher-5] [INFO] [1777619152.691868418] [static_tf_tb3_0]: Spinning until stopped - publishing transform
[static_transform_publisher-5] translation: ('0.000000', '0.000000', '0.000000')
[static_transform_publisher-5] rotation: ('0.000000', '0.000000', '0.000000', '1.000000')
[static_transform_publisher-5] from 'map' to 'tb3_0/odom'
[static_transform_publisher-8] [WARN] [1777619152.661833476] []: Old-style arguments are deprecated; see --help for new-style arguments
[static_transform_publisher-11] [WARN] [1777619152.664770649] []: Old-style arguments are deprecated; see --help for new-style arguments
[static_transform_publisher-14] [WARN] [1777619152.671703149] []: Old-style arguments are deprecated; see --help for new-style arguments
[robot_state_publisher-3] [INFO] [1777619152.709436026] [tb3_0.robot_state_publisher]: got segment base_footprint
[robot_state_publisher-3] [INFO] [1777619152.709602579] [tb3_0.robot_state_publisher]: got segment base_link
[robot_state_publisher-3] [INFO] [1777619152.709625781] [tb3_0.robot_state_publisher]: got segment base_scan
[robot_state_publisher-3] [INFO] [1777619152.709639851] [tb3_0.robot_state_publisher]: got segment caster_back_link
[robot_state_publisher-3] [INFO] [1777619152.709651327] [tb3_0.robot_state_publisher]: got segment imu_link
[robot_state_publisher-3] [INFO] [1777619152.709660843] [tb3_0.robot_state_publisher]: got segment wheel_left_link
[robot_state_publisher-3] [INFO] [1777619152.709670213] [tb3_0.robot_state_publisher]: got segment wheel_right_link
[static_transform_publisher-8] [INFO] [1777619152.709605075] [static_tf_tb3_1]: Spinning until stopped - publishing transform
[static_transform_publisher-8] translation: ('0.000000', '0.000000', '0.000000')
[static_transform_publisher-8] rotation: ('0.000000', '0.000000', '0.000000', '1.000000')
[static_transform_publisher-8] from 'map' to 'tb3_1/odom'
[static_transform_publisher-11] [INFO] [1777619152.709675105] [static_tf_tb3_2]: Spinning until stopped - publishing transform
[static_transform_publisher-11] translation: ('0.000000', '0.000000', '0.000000')
[static_transform_publisher-11] rotation: ('0.000000', '0.000000', '0.000000', '1.000000')
[static_transform_publisher-11] from 'map' to 'tb3_2/odom'
[static_transform_publisher-14] [INFO] [1777619152.711819833] [static_tf_tb3_3]: Spinning until stopped - publishing transform
[static_transform_publisher-14] translation: ('0.000000', '0.000000', '0.000000')
[static_transform_publisher-14] rotation: ('0.000000', '0.000000', '0.000000', '1.000000')
[static_transform_publisher-14] from 'map' to 'tb3_3/odom'
[robot_state_publisher-6] [INFO] [1777619152.713884990] [tb3_1.robot_state_publisher]: got segment base_footprint
[robot_state_publisher-6] [INFO] [1777619152.714053409] [tb3_1.robot_state_publisher]: got segment base_link
[robot_state_publisher-6] [INFO] [1777619152.714073056] [tb3_1.robot_state_publisher]: got segment base_scan
[robot_state_publisher-6] [INFO] [1777619152.714084218] [tb3_1.robot_state_publisher]: got segment caster_back_link
[robot_state_publisher-6] [INFO] [1777619152.714095452] [tb3_1.robot_state_publisher]: got segment imu_link
[robot_state_publisher-6] [INFO] [1777619152.714155014] [tb3_1.robot_state_publisher]: got segment wheel_left_link
[robot_state_publisher-6] [INFO] [1777619152.714168629] [tb3_1.robot_state_publisher]: got segment wheel_right_link
[robot_state_publisher-12] [INFO] [1777619152.721965631] [tb3_3.robot_state_publisher]: got segment base_footprint
[robot_state_publisher-12] [INFO] [1777619152.722115670] [tb3_3.robot_state_publisher]: got segment base_link
[robot_state_publisher-12] [INFO] [1777619152.722135381] [tb3_3.robot_state_publisher]: got segment base_scan
[robot_state_publisher-12] [INFO] [1777619152.722146973] [tb3_3.robot_state_publisher]: got segment caster_back_link
[robot_state_publisher-12] [INFO] [1777619152.722157692] [tb3_3.robot_state_publisher]: got segment imu_link
[robot_state_publisher-12] [INFO] [1777619152.722168056] [tb3_3.robot_state_publisher]: got segment wheel_left_link
[robot_state_publisher-12] [INFO] [1777619152.722178341] [tb3_3.robot_state_publisher]: got segment wheel_right_link
[robot_state_publisher-9] [INFO] [1777619152.725175870] [tb3_2.robot_state_publisher]: got segment base_footprint
[robot_state_publisher-9] [INFO] [1777619152.725339776] [tb3_2.robot_state_publisher]: got segment base_link
[robot_state_publisher-9] [INFO] [1777619152.725363188] [tb3_2.robot_state_publisher]: got segment base_scan
[robot_state_publisher-9] [INFO] [1777619152.725376469] [tb3_2.robot_state_publisher]: got segment caster_back_link
[robot_state_publisher-9] [INFO] [1777619152.725397827] [tb3_2.robot_state_publisher]: got segment imu_link
[robot_state_publisher-9] [INFO] [1777619152.725409137] [tb3_2.robot_state_publisher]: got segment wheel_left_link
[robot_state_publisher-9] [INFO] [1777619152.725419548] [tb3_2.robot_state_publisher]: got segment wheel_right_link
[map_server-15] [INFO] [1777619152.751732807] [map_server]: 
[map_server-15] 	map_server lifecycle node launched. 
[map_server-15] 	Waiting on external lifecycle transitions to activate
[map_server-15] 	See https://design.ros2.org/articles/node_lifecycle.html for more information.
[map_server-15] [INFO] [1777619152.751979900] [map_server]: Creating
[lifecycle_manager-16] [INFO] [1777619152.762253904] [lifecycle_manager_map]: Creating
[lifecycle_manager-16] [INFO] [1777619152.770036147] [lifecycle_manager_map]: [34m[1mCreating and initializing lifecycle service clients[0m[0m
[lifecycle_manager-16] [INFO] [1777619152.773112826] [lifecycle_manager_map]: [34m[1mStarting managed nodes bringup...[0m[0m
[lifecycle_manager-16] [INFO] [1777619152.773157479] [lifecycle_manager_map]: [34m[1mConfiguring map_server[0m[0m
[map_server-15] [INFO] [1777619152.774585663] [map_server]: Configuring
[map_server-15] [INFO] [1777619152.774660481] [map_io]: Loading yaml file: /home/wj/work/multi-robot-exploration-rl/install/start_rl_environment_tb3/share/start_rl_environment_tb3/maps/corridor_swap.yaml
[map_server-15] [INFO] [1777619152.774923083] [map_io]: resolution: 0.05
[map_server-15] [INFO] [1777619152.774935375] [map_io]: origin[0]: -6
[map_server-15] [INFO] [1777619152.774940520] [map_io]: origin[1]: -6
[map_server-15] [INFO] [1777619152.774945058] [map_io]: origin[2]: 0
[map_server-15] [INFO] [1777619152.774949946] [map_io]: free_thresh: 0.196
[map_server-15] [INFO] [1777619152.774954842] [map_io]: occupied_thresh: 0.65
[map_server-15] [INFO] [1777619152.774960496] [map_io]: mode: trinary
[map_server-15] [INFO] [1777619152.774966412] [map_io]: negate: 0
[map_server-15] [INFO] [1777619152.775163212] [map_io]: Loading image_file: /home/wj/work/multi-robot-exploration-rl/install/start_rl_environment_tb3/share/start_rl_environment_tb3/maps/corridor_swap.pgm
[map_server-15] [INFO] [1777619152.782610573] [map_io]: Read map /home/wj/work/multi-robot-exploration-rl/install/start_rl_environment_tb3/share/start_rl_environment_tb3/maps/corridor_swap.pgm: 240 X 240 map @ 0.05 m/cell
[lifecycle_manager-16] [INFO] [1777619152.790078515] [lifecycle_manager_map]: [34m[1mActivating map_server[0m[0m
[map_server-15] [INFO] [1777619152.790231892] [map_server]: Activating
[map_server-15] [INFO] [1777619152.790419249] [map_server]: Creating bond (map_server) to lifecycle manager.
[lifecycle_manager-16] [INFO] [1777619152.897302868] [lifecycle_manager_map]: Server map_server connected with bond.
[lifecycle_manager-16] [INFO] [1777619152.897359674] [lifecycle_manager_map]: [34m[1mManaged nodes are active[0m[0m
[lifecycle_manager-16] [INFO] [1777619152.897387502] [lifecycle_manager_map]: [34m[1mCreating bond timer...[0m[0m
[spawn_entity.py-4] [INFO] [1777619153.317254714] [tb3_0.spawn_entity]: Spawn Entity started
[spawn_entity.py-4] [INFO] [1777619153.317789514] [tb3_0.spawn_entity]: Loading entity XML from file /tmp/tb3_0_0_yojxms.sdf
[spawn_entity.py-4] [INFO] [1777619153.318765847] [tb3_0.spawn_entity]: Waiting for service /spawn_entity, timeout = 30
[spawn_entity.py-4] [INFO] [1777619153.319126911] [tb3_0.spawn_entity]: Waiting for service /spawn_entity
[spawn_entity.py-10] [INFO] [1777619153.353475347] [tb3_2.spawn_entity]: Spawn Entity started
[spawn_entity.py-10] [INFO] [1777619153.354181629] [tb3_2.spawn_entity]: Loading entity XML from file /tmp/tb3_2_sklhb466.sdf
[spawn_entity.py-10] [INFO] [1777619153.355473483] [tb3_2.spawn_entity]: Waiting for service /spawn_entity, timeout = 30
[spawn_entity.py-10] [INFO] [1777619153.356147680] [tb3_2.spawn_entity]: Waiting for service /spawn_entity
[spawn_entity.py-13] [INFO] [1777619153.363715396] [tb3_3.spawn_entity]: Spawn Entity started
[spawn_entity.py-13] [INFO] [1777619153.364109237] [tb3_3.spawn_entity]: Loading entity XML from file /tmp/tb3_3_x8yvtd63.sdf
[spawn_entity.py-13] [INFO] [1777619153.364932471] [tb3_3.spawn_entity]: Waiting for service /spawn_entity, timeout = 30
[spawn_entity.py-13] [INFO] [1777619153.365272884] [tb3_3.spawn_entity]: Waiting for service /spawn_entity
[spawn_entity.py-7] [INFO] [1777619153.384526405] [tb3_1.spawn_entity]: Spawn Entity started
[spawn_entity.py-7] [INFO] [1777619153.385087588] [tb3_1.spawn_entity]: Loading entity XML from file /tmp/tb3_1_v8_aabg6.sdf
[spawn_entity.py-7] [INFO] [1777619153.386259987] [tb3_1.spawn_entity]: Waiting for service /spawn_entity, timeout = 30
[spawn_entity.py-7] [INFO] [1777619153.386750363] [tb3_1.spawn_entity]: Waiting for service /spawn_entity
[rviz2-17] [INFO] [1777619153.963542027] [rviz2]: Stereo is NOT SUPPORTED
[rviz2-17] [INFO] [1777619153.963708628] [rviz2]: OpenGl version: 4.6 (GLSL 4.6)
[rviz2-17] [INFO] [1777619154.020608750] [rviz2]: Stereo is NOT SUPPORTED
[gzserver-1] [WARN] [1777619154.695069340] [rcl]: Found remap rule 'model_states:=model_states_demo'. This syntax is deprecated. Use '--ros-args --remap model_states:=model_states_demo' instead.
[gzserver-1] [INFO] [1777619154.707977439] [gazebo_ros_state]: Publishing states of gazebo models at [/model_states_demo]
[gzserver-1] [INFO] [1777619154.708954820] [gazebo_ros_state]: Publishing states of gazebo links at [/link_states]
[obstacle_mover.py-18] [INFO] [1777619154.763349935] [obstacle_mover]: [obstacle_mover] map=3  6 个障碍物  速度=0.099 m/s (scale×0.9)  30 Hz  随机游走模式
[obstacle_mover.py-18] [INFO] [1777619154.770281413] [obstacle_mover]: [obstacle_mover] ✅ dyn_obs_6~dyn_obs_7 已下沉至 z=-10.0
[spawn_entity.py-4] [INFO] [1777619154.827948792] [tb3_0.spawn_entity]: Calling service /spawn_entity
[spawn_entity.py-10] [INFO] [1777619154.864362395] [tb3_2.spawn_entity]: Calling service /spawn_entity
[spawn_entity.py-13] [INFO] [1777619154.872779135] [tb3_3.spawn_entity]: Calling service /spawn_entity
[spawn_entity.py-7] [INFO] [1777619154.893985592] [tb3_1.spawn_entity]: Calling service /spawn_entity
[gzserver-1] [INFO] [1777619155.027546487] [tb3_0.turtlebot3_imu]: <initial_orientation_as_reference> is unset, using default value of false to comply with REP 145 (world as orientation reference)
[spawn_entity.py-4] [INFO] [1777619155.146979596] [tb3_0.spawn_entity]: Spawn status: SpawnEntity: Successfully spawned entity [tb3_0]
[gzserver-1] [INFO] [1777619155.278526452] [tb3_0.turtlebot3_diff_drive]: Wheel pair 1 separation set to [0.160000m]
[gzserver-1] [INFO] [1777619155.278605351] [tb3_0.turtlebot3_diff_drive]: Wheel pair 1 diameter set to [0.066000m]
[gzserver-1] [INFO] [1777619155.281176853] [tb3_0.turtlebot3_diff_drive]: Subscribed to [/tb3_0/cmd_vel]
[gzserver-1] [INFO] [1777619155.286321721] [tb3_0.turtlebot3_diff_drive]: Advertise odometry on [/tb3_0/odom]
[gzserver-1] [INFO] [1777619155.291676076] [tb3_0.turtlebot3_diff_drive]: Publishing odom transforms between [tb3_0/odom] and [tb3_0/base_footprint]
[gzserver-1] [INFO] [1777619155.310629951] [tb3_0.turtlebot3_joint_state]: Going to publish joint [wheel_left_joint]
[gzserver-1] [INFO] [1777619155.310670738] [tb3_0.turtlebot3_joint_state]: Going to publish joint [wheel_right_joint]
[INFO] [spawn_entity.py-4]: process has finished cleanly [pid 460580]
[gzserver-1] [INFO] [1777619155.648508562] [tb3_2.turtlebot3_imu]: <initial_orientation_as_reference> is unset, using default value of false to comply with REP 145 (world as orientation reference)
[spawn_entity.py-10] [INFO] [1777619155.795923282] [tb3_2.spawn_entity]: Spawn status: SpawnEntity: Successfully spawned entity [tb3_2]
[gzserver-1] [INFO] [1777619155.906417720] [tb3_2.turtlebot3_diff_drive]: Wheel pair 1 separation set to [0.160000m]
[gzserver-1] [INFO] [1777619155.906485471] [tb3_2.turtlebot3_diff_drive]: Wheel pair 1 diameter set to [0.066000m]
[gzserver-1] [INFO] [1777619155.907228253] [tb3_2.turtlebot3_diff_drive]: Subscribed to [/tb3_2/cmd_vel]
[gzserver-1] [INFO] [1777619155.908615353] [tb3_2.turtlebot3_diff_drive]: Advertise odometry on [/tb3_2/odom]
[gzserver-1] [INFO] [1777619155.910745627] [tb3_2.turtlebot3_diff_drive]: Publishing odom transforms between [tb3_2/odom] and [tb3_2/base_footprint]
[gzserver-1] [INFO] [1777619155.921761035] [tb3_2.turtlebot3_joint_state]: Going to publish joint [wheel_left_joint]
[gzserver-1] [INFO] [1777619155.921892191] [tb3_2.turtlebot3_joint_state]: Going to publish joint [wheel_right_joint]
[INFO] [spawn_entity.py-10]: process has finished cleanly [pid 460592]
[gzserver-1] [INFO] [1777619156.323619374] [tb3_3.turtlebot3_imu]: <initial_orientation_as_reference> is unset, using default value of false to comply with REP 145 (world as orientation reference)
[spawn_entity.py-13] [INFO] [1777619156.471271082] [tb3_3.spawn_entity]: Spawn status: SpawnEntity: Successfully spawned entity [tb3_3]
[gzserver-1] [INFO] [1777619156.582449848] [tb3_3.turtlebot3_diff_drive]: Wheel pair 1 separation set to [0.160000m]
[gzserver-1] [INFO] [1777619156.582520256] [tb3_3.turtlebot3_diff_drive]: Wheel pair 1 diameter set to [0.066000m]
[gzserver-1] [INFO] [1777619156.583431880] [tb3_3.turtlebot3_diff_drive]: Subscribed to [/tb3_3/cmd_vel]
[gzserver-1] [INFO] [1777619156.584413592] [tb3_3.turtlebot3_diff_drive]: Advertise odometry on [/tb3_3/odom]
[gzserver-1] [INFO] [1777619156.587010088] [tb3_3.turtlebot3_diff_drive]: Publishing odom transforms between [tb3_3/odom] and [tb3_3/base_footprint]
[gzserver-1] [INFO] [1777619156.613721766] [tb3_3.turtlebot3_joint_state]: Going to publish joint [wheel_left_joint]
[gzserver-1] [INFO] [1777619156.613841337] [tb3_3.turtlebot3_joint_state]: Going to publish joint [wheel_right_joint]
[INFO] [spawn_entity.py-13]: process has finished cleanly [pid 460598]
[gzserver-1] [INFO] [1777619156.925337386] [tb3_1.turtlebot3_imu]: <initial_orientation_as_reference> is unset, using default value of false to comply with REP 145 (world as orientation reference)
[spawn_entity.py-7] [INFO] [1777619157.047463891] [tb3_1.spawn_entity]: Spawn status: SpawnEntity: Successfully spawned entity [tb3_1]
[gzserver-1] [INFO] [1777619157.161405377] [tb3_1.turtlebot3_diff_drive]: Wheel pair 1 separation set to [0.160000m]
[gzserver-1] [INFO] [1777619157.161463853] [tb3_1.turtlebot3_diff_drive]: Wheel pair 1 diameter set to [0.066000m]
[gzserver-1] [INFO] [1777619157.162172784] [tb3_1.turtlebot3_diff_drive]: Subscribed to [/tb3_1/cmd_vel]
[gzserver-1] [INFO] [1777619157.162916703] [tb3_1.turtlebot3_diff_drive]: Advertise odometry on [/tb3_1/odom]
[gzserver-1] [INFO] [1777619157.165762136] [tb3_1.turtlebot3_diff_drive]: Publishing odom transforms between [tb3_1/odom] and [tb3_1/base_footprint]
[gzserver-1] [INFO] [1777619157.179659911] [tb3_1.turtlebot3_joint_state]: Going to publish joint [wheel_left_joint]
[gzserver-1] [INFO] [1777619157.179760442] [tb3_1.turtlebot3_joint_state]: Going to publish joint [wheel_right_joint]
[INFO] [spawn_entity.py-7]: process has finished cleanly [pid 460586]
[rviz2-17] [INFO] [1777619166.998727030] [rviz2]: Message Filter dropping message: frame 'tb3_2/base_scan' at time 0.343 for reason 'the timestamp on the message is earlier than all the data in the transform cache'
[rviz2-17] [INFO] [1777619167.199548457] [rviz2]: Message Filter dropping message: frame 'tb3_3/base_scan' at time 0.542 for reason 'the timestamp on the message is earlier than all the data in the transform cache'
[rviz2-17] [INFO] [1777619167.408694679] [rviz2]: Message Filter dropping message: frame 'tb3_1/base_scan' at time 0.741 for reason 'the timestamp on the message is earlier than all the data in the transform cache'
