/home/wj/work/multi-robot-exploration-rl/install/start_reinforcement_learning/lib/python3.10/site-packages/start_reinforcement_learning/matd3_main.py
/home/wj/work/multi-robot-exploration-rl/install/start_reinforcement_learning/lib/python3.10/site-packages/start_reinforcement_learning/__init__.py
/home/wj/work/multi-robot-exploration-rl/install/start_reinforcement_learning/lib/python3.10/site-packages/start_reinforcement_learning/env_logic/restart_environment.py
/home/wj/work/multi-robot-exploration-rl/install/start_reinforcement_learning/lib/python3.10/site-packages/start_reinforcement_learning/env_logic/global_planner.py
/home/wj/work/multi-robot-exploration-rl/install/start_reinforcement_learning/lib/python3.10/site-packages/start_reinforcement_learning/env_logic/logic.py
/home/wj/work/multi-robot-exploration-rl/install/start_reinforcement_learning/lib/python3.10/site-packages/start_reinforcement_learning/env_logic/__init__.py
/home/wj/work/multi-robot-exploration-rl/install/start_reinforcement_learning/lib/python3.10/site-packages/start_reinforcement_learning/env_logic/map_utils.py
/home/wj/work/multi-robot-exploration-rl/install/start_reinforcement_learning/lib/python3.10/site-packages/start_reinforcement_learning/env_logic/sync_visualizer.py
/home/wj/work/multi-robot-exploration-rl/install/start_reinforcement_learning/lib/python3.10/site-packages/start_reinforcement_learning/env_logic/waypoint_visualizer.py
/home/wj/work/multi-robot-exploration-rl/install/start_reinforcement_learning/lib/python3.10/site-packages/start_reinforcement_learning/env_logic/tf_monitor.py
/home/wj/work/multi-robot-exploration-rl/install/start_reinforcement_learning/lib/python3.10/site-packages/start_reinforcement_learning/__pycache__/matd3_main.cpython-310.pyc
/home/wj/work/multi-robot-exploration-rl/install/start_reinforcement_learning/lib/python3.10/site-packages/start_reinforcement_learning/__pycache__/__init__.cpython-310.pyc
/home/wj/work/multi-robot-exploration-rl/install/start_reinforcement_learning/lib/python3.10/site-packages/start_reinforcement_learning/env_logic/__pycache__/restart_environment.cpython-310.pyc
/home/wj/work/multi-robot-exploration-rl/install/start_reinforcement_learning/lib/python3.10/site-packages/start_reinforcement_learning/env_logic/__pycache__/global_planner.cpython-310.pyc
/home/wj/work/multi-robot-exploration-rl/install/start_reinforcement_learning/lib/python3.10/site-packages/start_reinforcement_learning/env_logic/__pycache__/logic.cpython-310.pyc
/home/wj/work/multi-robot-exploration-rl/install/start_reinforcement_learning/lib/python3.10/site-packages/start_reinforcement_learning/env_logic/__pycache__/__init__.cpython-310.pyc
/home/wj/work/multi-robot-exploration-rl/install/start_reinforcement_learning/lib/python3.10/site-packages/start_reinforcement_learning/env_logic/__pycache__/map_utils.cpython-310.pyc
/home/wj/work/multi-robot-exploration-rl/install/start_reinforcement_learning/lib/python3.10/site-packages/start_reinforcement_learning/env_logic/__pycache__/sync_visualizer.cpython-310.pyc
/home/wj/work/multi-robot-exploration-rl/install/start_reinforcement_learning/lib/python3.10/site-packages/start_reinforcement_learning/env_logic/__pycache__/waypoint_visualizer.cpython-310.pyc
/home/wj/work/multi-robot-exploration-rl/install/start_reinforcement_learning/lib/python3.10/site-packages/start_reinforcement_learning/env_logic/__pycache__/tf_monitor.cpython-310.pyc
/home/wj/work/multi-robot-exploration-rl/install/start_reinforcement_learning/share/ament_index/resource_index/packages/start_reinforcement_learning
/home/wj/work/multi-robot-exploration-rl/install/start_reinforcement_learning/share/start_reinforcement_learning/package.xml
/home/wj/work/multi-robot-exploration-rl/install/start_reinforcement_learning/share/start_reinforcement_learning/launch/start_learning.launch.py
/home/wj/work/multi-robot-exploration-rl/install/start_reinforcement_learning/share/start_reinforcement_learning/maps/warehouse_aisles.png
/home/wj/work/multi-robot-exploration-rl/install/start_reinforcement_learning/share/start_reinforcement_learning/maps/map2.png
/home/wj/work/multi-robot-exploration-rl/install/start_reinforcement_learning/share/start_reinforcement_learning/maps/map1.yaml
/home/wj/work/multi-robot-exploration-rl/install/start_reinforcement_learning/share/start_reinforcement_learning/maps/map1.png
/home/wj/work/multi-robot-exploration-rl/install/start_reinforcement_learning/share/start_reinforcement_learning/maps/map2.pgm
/home/wj/work/multi-robot-exploration-rl/install/start_reinforcement_learning/share/start_reinforcement_learning/maps/warehouse_aisles.yaml
/home/wj/work/multi-robot-exploration-rl/install/start_reinforcement_learning/share/start_reinforcement_learning/maps/map1.pgm
/home/wj/work/multi-robot-exploration-rl/install/start_reinforcement_learning/share/start_reinforcement_learning/maps/intersection.yaml
/home/wj/work/multi-robot-exploration-rl/install/start_reinforcement_learning/share/start_reinforcement_learning/maps/corridor_swap.png
/home/wj/work/multi-robot-exploration-rl/install/start_reinforcement_learning/share/start_reinforcement_learning/maps/intersection.pgm
/home/wj/work/multi-robot-exploration-rl/install/start_reinforcement_learning/share/start_reinforcement_learning/maps/corridor_swap.pgm
/home/wj/work/multi-robot-exploration-rl/install/start_reinforcement_learning/share/start_reinforcement_learning/maps/warehouse_aisles.pgm
/home/wj/work/multi-robot-exploration-rl/install/start_reinforcement_learning/share/start_reinforcement_learning/maps/intersection.png
/home/wj/work/multi-robot-exploration-rl/install/start_reinforcement_learning/share/start_reinforcement_learning/maps/corridor_swap.yaml
/home/wj/work/multi-robot-exploration-rl/install/start_reinforcement_learning/share/start_reinforcement_learning/maps/map2.yaml
/home/wj/work/multi-robot-exploration-rl/install/start_reinforcement_learning/share/start_reinforcement_learning/config/spawn_presets.yaml
/home/wj/work/multi-robot-exploration-rl/install/start_reinforcement_learning/share/start_reinforcement_learning/config/multi_robot_rewards.rviz
/home/wj/work/multi-robot-exploration-rl/install/start_reinforcement_learning/share/start_reinforcement_learning/scripts/launch_rviz.sh
/home/wj/work/multi-robot-exploration-rl/install/start_reinforcement_learning/lib/python3.10/site-packages/start_reinforcement_learning-0.0.0-py3.10.egg-info/SOURCES.txt
/home/wj/work/multi-robot-exploration-rl/install/start_reinforcement_learning/lib/python3.10/site-packages/start_reinforcement_learning-0.0.0-py3.10.egg-info/entry_points.txt
/home/wj/work/multi-robot-exploration-rl/install/start_reinforcement_learning/lib/python3.10/site-packages/start_reinforcement_learning-0.0.0-py3.10.egg-info/zip-safe
/home/wj/work/multi-robot-exploration-rl/install/start_reinforcement_learning/lib/python3.10/site-packages/start_reinforcement_learning-0.0.0-py3.10.egg-info/PKG-INFO
/home/wj/work/multi-robot-exploration-rl/install/start_reinforcement_learning/lib/python3.10/site-packages/start_reinforcement_learning-0.0.0-py3.10.egg-info/dependency_links.txt
/home/wj/work/multi-robot-exploration-rl/install/start_reinforcement_learning/lib/python3.10/site-packages/start_reinforcement_learning-0.0.0-py3.10.egg-info/requires.txt
/home/wj/work/multi-robot-exploration-rl/install/start_reinforcement_learning/lib/python3.10/site-packages/start_reinforcement_learning-0.0.0-py3.10.egg-info/top_level.txt
/home/wj/work/multi-robot-exploration-rl/install/start_reinforcement_learning/lib/start_reinforcement_learning/run_maddpg
/home/wj/work/multi-robot-exploration-rl/install/start_reinforcement_learning/lib/start_reinforcement_learning/run_matd3
