/home/wj/work/multi-robot-exploration-rl/install/marl_training/lib/python3.10/site-packages/marl_training/independent_env.py
/home/wj/work/multi-robot-exploration-rl/install/marl_training/lib/python3.10/site-packages/marl_training/train_marl.py
/home/wj/work/multi-robot-exploration-rl/install/marl_training/lib/python3.10/site-packages/marl_training/marl_env.py
/home/wj/work/multi-robot-exploration-rl/install/marl_training/lib/python3.10/site-packages/marl_training/global_planner.py
/home/wj/work/multi-robot-exploration-rl/install/marl_training/lib/python3.10/site-packages/marl_training/__init__.py
/home/wj/work/multi-robot-exploration-rl/install/marl_training/lib/python3.10/site-packages/marl_training/waypoint_visualizer.py
/home/wj/work/multi-robot-exploration-rl/install/marl_training/lib/python3.10/site-packages/marl_training/test_mappo.py
/home/wj/work/multi-robot-exploration-rl/install/marl_training/lib/python3.10/site-packages/marl_training/train_mappo.py
/home/wj/work/multi-robot-exploration-rl/install/marl_training/lib/python3.10/site-packages/marl_training/__pycache__/independent_env.cpython-310.pyc
/home/wj/work/multi-robot-exploration-rl/install/marl_training/lib/python3.10/site-packages/marl_training/__pycache__/train_marl.cpython-310.pyc
/home/wj/work/multi-robot-exploration-rl/install/marl_training/lib/python3.10/site-packages/marl_training/__pycache__/marl_env.cpython-310.pyc
/home/wj/work/multi-robot-exploration-rl/install/marl_training/lib/python3.10/site-packages/marl_training/__pycache__/global_planner.cpython-310.pyc
/home/wj/work/multi-robot-exploration-rl/install/marl_training/lib/python3.10/site-packages/marl_training/__pycache__/__init__.cpython-310.pyc
/home/wj/work/multi-robot-exploration-rl/install/marl_training/lib/python3.10/site-packages/marl_training/__pycache__/waypoint_visualizer.cpython-310.pyc
/home/wj/work/multi-robot-exploration-rl/install/marl_training/lib/python3.10/site-packages/marl_training/__pycache__/test_mappo.cpython-310.pyc
/home/wj/work/multi-robot-exploration-rl/install/marl_training/lib/python3.10/site-packages/marl_training/__pycache__/train_mappo.cpython-310.pyc
/home/wj/work/multi-robot-exploration-rl/install/marl_training/share/ament_index/resource_index/packages/marl_training
/home/wj/work/multi-robot-exploration-rl/install/marl_training/share/marl_training/package.xml
/home/wj/work/multi-robot-exploration-rl/install/marl_training/share/marl_training/launch
/home/wj/work/multi-robot-exploration-rl/install/marl_training/lib/python3.10/site-packages/marl_training-0.0.1-py3.10.egg-info/SOURCES.txt
/home/wj/work/multi-robot-exploration-rl/install/marl_training/lib/python3.10/site-packages/marl_training-0.0.1-py3.10.egg-info/entry_points.txt
/home/wj/work/multi-robot-exploration-rl/install/marl_training/lib/python3.10/site-packages/marl_training-0.0.1-py3.10.egg-info/zip-safe
/home/wj/work/multi-robot-exploration-rl/install/marl_training/lib/python3.10/site-packages/marl_training-0.0.1-py3.10.egg-info/PKG-INFO
/home/wj/work/multi-robot-exploration-rl/install/marl_training/lib/python3.10/site-packages/marl_training-0.0.1-py3.10.egg-info/dependency_links.txt
/home/wj/work/multi-robot-exploration-rl/install/marl_training/lib/python3.10/site-packages/marl_training-0.0.1-py3.10.egg-info/requires.txt
/home/wj/work/multi-robot-exploration-rl/install/marl_training/lib/python3.10/site-packages/marl_training-0.0.1-py3.10.egg-info/top_level.txt
/home/wj/work/multi-robot-exploration-rl/install/marl_training/lib/marl_training/test_mappo
/home/wj/work/multi-robot-exploration-rl/install/marl_training/lib/marl_training/train_mapppo
