[INFO] [launch]: All log files can be found below /home/wj/.ros/log/2026-05-16-16-54-47-101065-wj-Default-string-3095346
[INFO] [launch]: Default logging verbosity is set to INFO
[INFO] Loading world (HEADLESS): /home/wj/work/multi-robot-exploration-rl/install/start_rl_environment_tb3/share/start_rl_environment_tb3/worlds/interaction_hub.world
[INFO] Using GAZEBO_MASTER_URI: http://127.0.0.1:11347
[INFO] Spawning 4 TurtleBot3 robots on interaction_hub...
[INFO] Using random positions
[INFO] Using fixed positions for 4 robots
[INFO]   Robot 0: Robot 0 - west lower at (-5.10, -0.85)
[INFO]   Robot 1: Robot 1 - west upper at (-5.10, 0.85)
[INFO]   Robot 2: Robot 2 - east upper at (5.10, 0.85)
[INFO]   Robot 3: Robot 3 - east lower at (5.10, -0.85)
[spawn_robots] Created modified SDF for tb3_0 at /tmp/tb3_0_at48744_.sdf
[spawn_robots] Created modified SDF for tb3_1 at /tmp/tb3_1_0qrvxm38.sdf
[spawn_robots] Created modified SDF for tb3_2 at /tmp/tb3_2_jg_cs4lt.sdf
[spawn_robots] Created modified SDF for tb3_3 at /tmp/tb3_3_zb6b097w.sdf
[INFO] Map Server loading: /home/wj/work/multi-robot-exploration-rl/install/start_rl_environment_tb3/share/start_rl_environment_tb3/maps/interaction_hub.yaml
[INFO] [gzserver-1]: process started with pid [3095415]
[INFO] [robot_state_publisher-2]: process started with pid [3095417]
[INFO] [spawn_entity.py-3]: process started with pid [3095419]
[INFO] [static_transform_publisher-4]: process started with pid [3095421]
[INFO] [robot_state_publisher-5]: process started with pid [3095423]
[INFO] [spawn_entity.py-6]: process started with pid [3095425]
[INFO] [static_transform_publisher-7]: process started with pid [3095427]
[INFO] [robot_state_publisher-8]: process started with pid [3095429]
[INFO] [spawn_entity.py-9]: process started with pid [3095431]
[INFO] [static_transform_publisher-10]: process started with pid [3095433]
[INFO] [robot_state_publisher-11]: process started with pid [3095435]
[INFO] [spawn_entity.py-12]: process started with pid [3095440]
[INFO] [static_transform_publisher-13]: process started with pid [3095447]
[INFO] [map_server-14]: process started with pid [3095460]
[INFO] [lifecycle_manager-15]: process started with pid [3095474]
[INFO] [obstacle_mover.py-16]: process started with pid [3095482]
[static_transform_publisher-4] [WARN] [1778921687.357976207] []: Old-style arguments are deprecated; see --help for new-style arguments
[static_transform_publisher-7] [WARN] [1778921687.363665296] []: Old-style arguments are deprecated; see --help for new-style arguments
[static_transform_publisher-10] [WARN] [1778921687.367322859] []: Old-style arguments are deprecated; see --help for new-style arguments
[static_transform_publisher-4] [INFO] [1778921687.391314172] [static_tf_tb3_0]: Spinning until stopped - publishing transform
[static_transform_publisher-4] translation: ('0.000000', '0.000000', '0.000000')
[static_transform_publisher-4] rotation: ('0.000000', '0.000000', '0.000000', '1.000000')
[static_transform_publisher-4] from 'map' to 'tb3_0/odom'
[static_transform_publisher-13] [WARN] [1778921687.391437848] []: Old-style arguments are deprecated; see --help for new-style arguments
[static_transform_publisher-7] [INFO] [1778921687.397039982] [static_tf_tb3_1]: Spinning until stopped - publishing transform
[static_transform_publisher-7] translation: ('0.000000', '0.000000', '0.000000')
[static_transform_publisher-7] rotation: ('0.000000', '0.000000', '0.000000', '1.000000')
[static_transform_publisher-7] from 'map' to 'tb3_1/odom'
[robot_state_publisher-2] [INFO] [1778921687.407273674] [tb3_0.robot_state_publisher]: got segment base_footprint
[robot_state_publisher-2] [INFO] [1778921687.407424994] [tb3_0.robot_state_publisher]: got segment base_link
[robot_state_publisher-2] [INFO] [1778921687.407450876] [tb3_0.robot_state_publisher]: got segment base_scan
[robot_state_publisher-2] [INFO] [1778921687.407474731] [tb3_0.robot_state_publisher]: got segment caster_back_link
[robot_state_publisher-2] [INFO] [1778921687.407496838] [tb3_0.robot_state_publisher]: got segment imu_link
[robot_state_publisher-2] [INFO] [1778921687.407509412] [tb3_0.robot_state_publisher]: got segment wheel_left_link
[robot_state_publisher-2] [INFO] [1778921687.407520431] [tb3_0.robot_state_publisher]: got segment wheel_right_link
[robot_state_publisher-5] [INFO] [1778921687.409780260] [tb3_1.robot_state_publisher]: got segment base_footprint
[robot_state_publisher-5] [INFO] [1778921687.409958365] [tb3_1.robot_state_publisher]: got segment base_link
[robot_state_publisher-5] [INFO] [1778921687.410094971] [tb3_1.robot_state_publisher]: got segment base_scan
[robot_state_publisher-5] [INFO] [1778921687.410115330] [tb3_1.robot_state_publisher]: got segment caster_back_link
[robot_state_publisher-5] [INFO] [1778921687.410127317] [tb3_1.robot_state_publisher]: got segment imu_link
[robot_state_publisher-5] [INFO] [1778921687.410138273] [tb3_1.robot_state_publisher]: got segment wheel_left_link
[robot_state_publisher-5] [INFO] [1778921687.410149167] [tb3_1.robot_state_publisher]: got segment wheel_right_link
[static_transform_publisher-10] [INFO] [1778921687.416802136] [static_tf_tb3_2]: Spinning until stopped - publishing transform
[static_transform_publisher-10] translation: ('0.000000', '0.000000', '0.000000')
[static_transform_publisher-10] rotation: ('0.000000', '0.000000', '0.000000', '1.000000')
[static_transform_publisher-10] from 'map' to 'tb3_2/odom'
[robot_state_publisher-8] [INFO] [1778921687.418056465] [tb3_2.robot_state_publisher]: got segment base_footprint
[robot_state_publisher-8] [INFO] [1778921687.418241913] [tb3_2.robot_state_publisher]: got segment base_link
[robot_state_publisher-8] [INFO] [1778921687.418263253] [tb3_2.robot_state_publisher]: got segment base_scan
[robot_state_publisher-8] [INFO] [1778921687.418274409] [tb3_2.robot_state_publisher]: got segment caster_back_link
[robot_state_publisher-8] [INFO] [1778921687.418284741] [tb3_2.robot_state_publisher]: got segment imu_link
[robot_state_publisher-8] [INFO] [1778921687.418294125] [tb3_2.robot_state_publisher]: got segment wheel_left_link
[robot_state_publisher-8] [INFO] [1778921687.418303690] [tb3_2.robot_state_publisher]: got segment wheel_right_link
[static_transform_publisher-13] [INFO] [1778921687.424566306] [static_tf_tb3_3]: Spinning until stopped - publishing transform
[static_transform_publisher-13] translation: ('0.000000', '0.000000', '0.000000')
[static_transform_publisher-13] rotation: ('0.000000', '0.000000', '0.000000', '1.000000')
[static_transform_publisher-13] from 'map' to 'tb3_3/odom'
[robot_state_publisher-11] [INFO] [1778921687.435565962] [tb3_3.robot_state_publisher]: got segment base_footprint
[robot_state_publisher-11] [INFO] [1778921687.435699602] [tb3_3.robot_state_publisher]: got segment base_link
[robot_state_publisher-11] [INFO] [1778921687.435717229] [tb3_3.robot_state_publisher]: got segment base_scan
[robot_state_publisher-11] [INFO] [1778921687.435728409] [tb3_3.robot_state_publisher]: got segment caster_back_link
[robot_state_publisher-11] [INFO] [1778921687.435737905] [tb3_3.robot_state_publisher]: got segment imu_link
[robot_state_publisher-11] [INFO] [1778921687.435747276] [tb3_3.robot_state_publisher]: got segment wheel_left_link
[robot_state_publisher-11] [INFO] [1778921687.435755664] [tb3_3.robot_state_publisher]: got segment wheel_right_link
[lifecycle_manager-15] [INFO] [1778921687.476207649] [lifecycle_manager_map]: Creating
[lifecycle_manager-15] [INFO] [1778921687.485643984] [lifecycle_manager_map]: [34m[1mCreating and initializing lifecycle service clients[0m[0m
[lifecycle_manager-15] [INFO] [1778921687.496919570] [lifecycle_manager_map]: [34m[1mStarting managed nodes bringup...[0m[0m
[lifecycle_manager-15] [INFO] [1778921687.497004997] [lifecycle_manager_map]: [34m[1mConfiguring map_server[0m[0m
[map_server-14] [INFO] [1778921687.500329803] [map_server]: 
[map_server-14] 	map_server lifecycle node launched. 
[map_server-14] 	Waiting on external lifecycle transitions to activate
[map_server-14] 	See https://design.ros2.org/articles/node_lifecycle.html for more information.
[map_server-14] [INFO] [1778921687.500535754] [map_server]: Creating
[map_server-14] [INFO] [1778921687.501061541] [map_server]: Configuring
[map_server-14] [INFO] [1778921687.501121030] [map_io]: Loading yaml file: /home/wj/work/multi-robot-exploration-rl/install/start_rl_environment_tb3/share/start_rl_environment_tb3/maps/interaction_hub.yaml
[map_server-14] [INFO] [1778921687.501451674] [map_io]: resolution: 0.05
[map_server-14] [INFO] [1778921687.501463304] [map_io]: origin[0]: -6
[map_server-14] [INFO] [1778921687.501467992] [map_io]: origin[1]: -6
[map_server-14] [INFO] [1778921687.501472121] [map_io]: origin[2]: 0
[map_server-14] [INFO] [1778921687.501476669] [map_io]: free_thresh: 0.196
[map_server-14] [INFO] [1778921687.501481109] [map_io]: occupied_thresh: 0.65
[map_server-14] [INFO] [1778921687.501486160] [map_io]: mode: trinary
[map_server-14] [INFO] [1778921687.501491476] [map_io]: negate: 0
[map_server-14] [INFO] [1778921687.501654505] [map_io]: Loading image_file: /home/wj/work/multi-robot-exploration-rl/install/start_rl_environment_tb3/share/start_rl_environment_tb3/maps/interaction_hub.pgm
[map_server-14] [INFO] [1778921687.515990206] [map_io]: Read map /home/wj/work/multi-robot-exploration-rl/install/start_rl_environment_tb3/share/start_rl_environment_tb3/maps/interaction_hub.pgm: 240 X 240 map @ 0.05 m/cell
[lifecycle_manager-15] [INFO] [1778921687.526943953] [lifecycle_manager_map]: [34m[1mActivating map_server[0m[0m
[map_server-14] [INFO] [1778921687.527158481] [map_server]: Activating
[map_server-14] [INFO] [1778921687.527499778] [map_server]: Creating bond (map_server) to lifecycle manager.
[lifecycle_manager-15] [INFO] [1778921687.634793313] [lifecycle_manager_map]: Server map_server connected with bond.
[lifecycle_manager-15] [INFO] [1778921687.634835902] [lifecycle_manager_map]: [34m[1mManaged nodes are active[0m[0m
[lifecycle_manager-15] [INFO] [1778921687.634847605] [lifecycle_manager_map]: [34m[1mCreating bond timer...[0m[0m
[gzserver-1] Gazebo multi-robot simulator, version 11.10.2
[gzserver-1] Copyright (C) 2012 Open Source Robotics Foundation.
[gzserver-1] Released under the Apache 2 License.
[gzserver-1] http://gazebosim.org
[gzserver-1] 
[spawn_entity.py-9] [INFO] [1778921688.055856090] [tb3_2.spawn_entity]: Spawn Entity started
[spawn_entity.py-9] [INFO] [1778921688.056549288] [tb3_2.spawn_entity]: Loading entity XML from file /tmp/tb3_2_jg_cs4lt.sdf
[spawn_entity.py-9] [INFO] [1778921688.057732128] [tb3_2.spawn_entity]: Waiting for service /spawn_entity, timeout = 30
[spawn_entity.py-9] [INFO] [1778921688.058356970] [tb3_2.spawn_entity]: Waiting for service /spawn_entity
[spawn_entity.py-12] [INFO] [1778921688.059109263] [tb3_3.spawn_entity]: Spawn Entity started
[spawn_entity.py-12] [INFO] [1778921688.059535043] [tb3_3.spawn_entity]: Loading entity XML from file /tmp/tb3_3_zb6b097w.sdf
[spawn_entity.py-12] [INFO] [1778921688.060384313] [tb3_3.spawn_entity]: Waiting for service /spawn_entity, timeout = 30
[spawn_entity.py-12] [INFO] [1778921688.060757857] [tb3_3.spawn_entity]: Waiting for service /spawn_entity
[gzserver-1] [1;33m[Wrn] [gazebo_ros_init.cpp:178] [0m[1;33m
[gzserver-1] #     # ####### ####### ###  #####  #######
[gzserver-1] ##    # #     #    #     #  #     # #
[gzserver-1] # #   # #     #    #     #  #       #
[gzserver-1] #  #  # #     #    #     #  #       #####
[gzserver-1] #   # # #     #    #     #  #       #
[gzserver-1] #    ## #     #    #     #  #     # #
[gzserver-1] #     # #######    #    ###  #####  #######
[gzserver-1] 
[gzserver-1] This version of Gazebo, now called Gazebo classic, reaches end-of-life
[gzserver-1] in January 2025. Users are highly encouraged to migrate to the new Gazebo
[gzserver-1] using our migration guides (https://gazebosim.org/docs/latest/gazebo_classic_migration?utm_source=gazebo_ros_pkgs&utm_medium=cli)
[gzserver-1] 
[gzserver-1] [0m[1;33m
[spawn_entity.py-3] [INFO] [1778921688.117565145] [tb3_0.spawn_entity]: Spawn Entity started
[spawn_entity.py-3] [INFO] [1778921688.118074981] [tb3_0.spawn_entity]: Loading entity XML from file /tmp/tb3_0_at48744_.sdf
[spawn_entity.py-3] [INFO] [1778921688.119346041] [tb3_0.spawn_entity]: Waiting for service /spawn_entity, timeout = 30
[spawn_entity.py-3] [INFO] [1778921688.119873596] [tb3_0.spawn_entity]: Waiting for service /spawn_entity
[spawn_entity.py-6] [INFO] [1778921688.122709714] [tb3_1.spawn_entity]: Spawn Entity started
[spawn_entity.py-6] [INFO] [1778921688.123207294] [tb3_1.spawn_entity]: Loading entity XML from file /tmp/tb3_1_0qrvxm38.sdf
[spawn_entity.py-6] [INFO] [1778921688.124427164] [tb3_1.spawn_entity]: Waiting for service /spawn_entity, timeout = 30
[spawn_entity.py-6] [INFO] [1778921688.124966623] [tb3_1.spawn_entity]: Waiting for service /spawn_entity
[gzserver-1] [1;32m[Msg] [0m[1;32mWaiting for master.[0m[1;32m
[gzserver-1] [0m[1;32m[0m[1;32m[0m[1;32m[Msg] [0m[1;32mConnected to gazebo master @ [0m[1;32mhttp://127.0.0.1:11347[0m[1;32m
[gzserver-1] [0m[1;32m[0m[1;32m[0m[1;32m[Msg] [0m[1;32mPublicized address: [0m[1;32m172.19.10.153[0m[1;32m
[gzserver-1] [0m[1;32m[0m[1;32m[0m[1;32m[Msg] [0m[1;32mLoading world file [[0m[1;32m/home/wj/work/multi-robot-exploration-rl/install/start_rl_environment_tb3/share/start_rl_environment_tb3/worlds/interaction_hub.world[0m[1;32m][0m[1;32m
[gzserver-1] [0m[1;33m[0m[1;33m[0m[WARN] [1778921689.179675903] [rcl]: Found remap rule 'model_states:=model_states_demo'. This syntax is deprecated. Use '--ros-args --remap model_states:=model_states_demo' instead.
[gzserver-1] [INFO] [1778921689.198305814] [gazebo_ros_state]: Publishing states of gazebo models at [/model_states_demo]
[gzserver-1] [INFO] [1778921689.199743947] [gazebo_ros_state]: Publishing states of gazebo links at [/link_states]
[spawn_entity.py-9] [INFO] [1778921689.316079074] [tb3_2.spawn_entity]: Calling service /spawn_entity
[spawn_entity.py-12] [INFO] [1778921689.317177412] [tb3_3.spawn_entity]: Calling service /spawn_entity
[obstacle_mover.py-16] [INFO] [1778921689.362518684] [obstacle_mover]: [obstacle_mover] map=6  0 个障碍物  速度=0.000 m/s (scale×0.0)  30 Hz  随机游走模式
[obstacle_mover.py-16] [INFO] [1778921689.368322525] [obstacle_mover]: [obstacle_mover] ✅ dyn_obs_0~dyn_obs_7 已下沉至 z=-10.0
[spawn_entity.py-3] [INFO] [1778921689.377653378] [tb3_0.spawn_entity]: Calling service /spawn_entity
[spawn_entity.py-6] [INFO] [1778921689.382191579] [tb3_1.spawn_entity]: Calling service /spawn_entity
[gzserver-1] [INFO] [1778921689.616448130] [tb3_2.turtlebot3_imu]: <initial_orientation_as_reference> is unset, using default value of false to comply with REP 145 (world as orientation reference)
[spawn_entity.py-9] [INFO] [1778921689.753674661] [tb3_2.spawn_entity]: Spawn status: SpawnEntity: Successfully spawned entity [tb3_2]
[gzserver-1] [INFO] [1778921689.887989562] [tb3_2.turtlebot3_diff_drive]: Wheel pair 1 separation set to [0.160000m]
[gzserver-1] [INFO] [1778921689.888044705] [tb3_2.turtlebot3_diff_drive]: Wheel pair 1 diameter set to [0.066000m]
[gzserver-1] [INFO] [1778921689.891540937] [tb3_2.turtlebot3_diff_drive]: Subscribed to [/tb3_2/cmd_vel]
[gzserver-1] [INFO] [1778921689.898354620] [tb3_2.turtlebot3_diff_drive]: Advertise odometry on [/tb3_2/odom]
[gzserver-1] [INFO] [1778921689.904194854] [tb3_2.turtlebot3_diff_drive]: Publishing odom transforms between [tb3_2/odom] and [tb3_2/base_footprint]
[gzserver-1] [INFO] [1778921689.926539408] [tb3_2.turtlebot3_joint_state]: Going to publish joint [wheel_left_joint]
[gzserver-1] [INFO] [1778921689.926601153] [tb3_2.turtlebot3_joint_state]: Going to publish joint [wheel_right_joint]
[INFO] [spawn_entity.py-9]: process has finished cleanly [pid 3095431]
[gzserver-1] [INFO] [1778921690.219026827] [tb3_3.turtlebot3_imu]: <initial_orientation_as_reference> is unset, using default value of false to comply with REP 145 (world as orientation reference)
[spawn_entity.py-12] [INFO] [1778921690.356166117] [tb3_3.spawn_entity]: Spawn status: SpawnEntity: Successfully spawned entity [tb3_3]
[gzserver-1] [INFO] [1778921690.471507877] [tb3_3.turtlebot3_diff_drive]: Wheel pair 1 separation set to [0.160000m]
[gzserver-1] [INFO] [1778921690.471572589] [tb3_3.turtlebot3_diff_drive]: Wheel pair 1 diameter set to [0.066000m]
[gzserver-1] [INFO] [1778921690.472905019] [tb3_3.turtlebot3_diff_drive]: Subscribed to [/tb3_3/cmd_vel]
[gzserver-1] [INFO] [1778921690.473926053] [tb3_3.turtlebot3_diff_drive]: Advertise odometry on [/tb3_3/odom]
[gzserver-1] [INFO] [1778921690.476548713] [tb3_3.turtlebot3_diff_drive]: Publishing odom transforms between [tb3_3/odom] and [tb3_3/base_footprint]
[gzserver-1] [INFO] [1778921690.488852166] [tb3_3.turtlebot3_joint_state]: Going to publish joint [wheel_left_joint]
[gzserver-1] [INFO] [1778921690.488917179] [tb3_3.turtlebot3_joint_state]: Going to publish joint [wheel_right_joint]
[INFO] [spawn_entity.py-12]: process has finished cleanly [pid 3095440]
[gzserver-1] [INFO] [1778921690.799889783] [tb3_0.turtlebot3_imu]: <initial_orientation_as_reference> is unset, using default value of false to comply with REP 145 (world as orientation reference)
[spawn_entity.py-3] [INFO] [1778921690.927244560] [tb3_0.spawn_entity]: Spawn status: SpawnEntity: Successfully spawned entity [tb3_0]
[gzserver-1] [INFO] [1778921691.042856078] [tb3_0.turtlebot3_diff_drive]: Wheel pair 1 separation set to [0.160000m]
[gzserver-1] [INFO] [1778921691.042923971] [tb3_0.turtlebot3_diff_drive]: Wheel pair 1 diameter set to [0.066000m]
[gzserver-1] [INFO] [1778921691.043947130] [tb3_0.turtlebot3_diff_drive]: Subscribed to [/tb3_0/cmd_vel]
[gzserver-1] [INFO] [1778921691.044996856] [tb3_0.turtlebot3_diff_drive]: Advertise odometry on [/tb3_0/odom]
[gzserver-1] [INFO] [1778921691.047394348] [tb3_0.turtlebot3_diff_drive]: Publishing odom transforms between [tb3_0/odom] and [tb3_0/base_footprint]
[gzserver-1] [INFO] [1778921691.058853259] [tb3_0.turtlebot3_joint_state]: Going to publish joint [wheel_left_joint]
[gzserver-1] [INFO] [1778921691.058894843] [tb3_0.turtlebot3_joint_state]: Going to publish joint [wheel_right_joint]
[INFO] [spawn_entity.py-3]: process has finished cleanly [pid 3095419]
[gzserver-1] [INFO] [1778921691.374574235] [tb3_1.turtlebot3_imu]: <initial_orientation_as_reference> is unset, using default value of false to comply with REP 145 (world as orientation reference)
[spawn_entity.py-6] [INFO] [1778921691.517776447] [tb3_1.spawn_entity]: Spawn status: SpawnEntity: Successfully spawned entity [tb3_1]
[gzserver-1] [INFO] [1778921691.629621699] [tb3_1.turtlebot3_diff_drive]: Wheel pair 1 separation set to [0.160000m]
[gzserver-1] [INFO] [1778921691.629708076] [tb3_1.turtlebot3_diff_drive]: Wheel pair 1 diameter set to [0.066000m]
[gzserver-1] [INFO] [1778921691.631103369] [tb3_1.turtlebot3_diff_drive]: Subscribed to [/tb3_1/cmd_vel]
[gzserver-1] [INFO] [1778921691.633090825] [tb3_1.turtlebot3_diff_drive]: Advertise odometry on [/tb3_1/odom]
[gzserver-1] [INFO] [1778921691.635254762] [tb3_1.turtlebot3_diff_drive]: Publishing odom transforms between [tb3_1/odom] and [tb3_1/base_footprint]
[gzserver-1] [INFO] [1778921691.648048030] [tb3_1.turtlebot3_joint_state]: Going to publish joint [wheel_left_joint]
[gzserver-1] [INFO] [1778921691.648103339] [tb3_1.turtlebot3_joint_state]: Going to publish joint [wheel_right_joint]
[INFO] [spawn_entity.py-6]: process has finished cleanly [pid 3095425]
