[INFO] [launch]: All log files can be found below /home/wj/.ros/log/2026-05-16-16-54-59-506249-wj-Default-string-3096600
[INFO] [launch]: Default logging verbosity is set to INFO
[INFO] Loading world (HEADLESS): /home/wj/work/multi-robot-exploration-rl/install/start_rl_environment_tb3/share/start_rl_environment_tb3/worlds/interaction_hub.world
[INFO] Using GAZEBO_MASTER_URI: http://127.0.0.1:11348
[INFO] Spawning 4 TurtleBot3 robots on interaction_hub...
[INFO] Using random positions
[INFO] Using fixed positions for 4 robots
[INFO]   Robot 0: Robot 0 - west lower at (-5.10, -0.85)
[INFO]   Robot 1: Robot 1 - west upper at (-5.10, 0.85)
[INFO]   Robot 2: Robot 2 - east upper at (5.10, 0.85)
[INFO]   Robot 3: Robot 3 - east lower at (5.10, -0.85)
[spawn_robots] Created modified SDF for tb3_0 at /tmp/tb3_0_cesmghe6.sdf
[spawn_robots] Created modified SDF for tb3_1 at /tmp/tb3_1_bajhqr1d.sdf
[spawn_robots] Created modified SDF for tb3_2 at /tmp/tb3_2_i8ltd9ll.sdf
[spawn_robots] Created modified SDF for tb3_3 at /tmp/tb3_3_9ndhy0bp.sdf
[INFO] Map Server loading: /home/wj/work/multi-robot-exploration-rl/install/start_rl_environment_tb3/share/start_rl_environment_tb3/maps/interaction_hub.yaml
[INFO] [gzserver-1]: process started with pid [3096658]
[INFO] [robot_state_publisher-2]: process started with pid [3096660]
[INFO] [spawn_entity.py-3]: process started with pid [3096662]
[INFO] [static_transform_publisher-4]: process started with pid [3096664]
[INFO] [robot_state_publisher-5]: process started with pid [3096666]
[INFO] [spawn_entity.py-6]: process started with pid [3096668]
[INFO] [static_transform_publisher-7]: process started with pid [3096670]
[INFO] [robot_state_publisher-8]: process started with pid [3096672]
[INFO] [spawn_entity.py-9]: process started with pid [3096674]
[INFO] [static_transform_publisher-10]: process started with pid [3096676]
[INFO] [robot_state_publisher-11]: process started with pid [3096679]
[INFO] [spawn_entity.py-12]: process started with pid [3096681]
[INFO] [static_transform_publisher-13]: process started with pid [3096689]
[INFO] [map_server-14]: process started with pid [3096707]
[INFO] [lifecycle_manager-15]: process started with pid [3096712]
[INFO] [obstacle_mover.py-16]: process started with pid [3096722]
[static_transform_publisher-4] [WARN] [1778921699.801249964] []: Old-style arguments are deprecated; see --help for new-style arguments
[static_transform_publisher-7] [WARN] [1778921699.803620462] []: Old-style arguments are deprecated; see --help for new-style arguments
[static_transform_publisher-10] [WARN] [1778921699.823544112] []: Old-style arguments are deprecated; see --help for new-style arguments
[static_transform_publisher-4] [INFO] [1778921699.833033140] [static_tf_tb3_0]: Spinning until stopped - publishing transform
[static_transform_publisher-4] translation: ('0.000000', '0.000000', '0.000000')
[static_transform_publisher-4] rotation: ('0.000000', '0.000000', '0.000000', '1.000000')
[static_transform_publisher-4] from 'map' to 'tb3_0/odom'
[static_transform_publisher-13] [WARN] [1778921699.836780324] []: Old-style arguments are deprecated; see --help for new-style arguments
[static_transform_publisher-7] [INFO] [1778921699.847283273] [static_tf_tb3_1]: Spinning until stopped - publishing transform
[static_transform_publisher-7] translation: ('0.000000', '0.000000', '0.000000')
[static_transform_publisher-7] rotation: ('0.000000', '0.000000', '0.000000', '1.000000')
[static_transform_publisher-7] from 'map' to 'tb3_1/odom'
[static_transform_publisher-13] [INFO] [1778921699.866441658] [static_tf_tb3_3]: Spinning until stopped - publishing transform
[static_transform_publisher-13] translation: ('0.000000', '0.000000', '0.000000')
[static_transform_publisher-13] rotation: ('0.000000', '0.000000', '0.000000', '1.000000')
[static_transform_publisher-13] from 'map' to 'tb3_3/odom'
[robot_state_publisher-5] [INFO] [1778921699.869270895] [tb3_1.robot_state_publisher]: got segment base_footprint
[robot_state_publisher-5] [INFO] [1778921699.870720032] [tb3_1.robot_state_publisher]: got segment base_link
[robot_state_publisher-5] [INFO] [1778921699.870743356] [tb3_1.robot_state_publisher]: got segment base_scan
[robot_state_publisher-5] [INFO] [1778921699.870756851] [tb3_1.robot_state_publisher]: got segment caster_back_link
[robot_state_publisher-5] [INFO] [1778921699.870768738] [tb3_1.robot_state_publisher]: got segment imu_link
[robot_state_publisher-5] [INFO] [1778921699.870778766] [tb3_1.robot_state_publisher]: got segment wheel_left_link
[robot_state_publisher-5] [INFO] [1778921699.870821583] [tb3_1.robot_state_publisher]: got segment wheel_right_link
[robot_state_publisher-11] [INFO] [1778921699.882531058] [tb3_3.robot_state_publisher]: got segment base_footprint
[robot_state_publisher-11] [INFO] [1778921699.882679573] [tb3_3.robot_state_publisher]: got segment base_link
[robot_state_publisher-11] [INFO] [1778921699.882700828] [tb3_3.robot_state_publisher]: got segment base_scan
[robot_state_publisher-11] [INFO] [1778921699.882712625] [tb3_3.robot_state_publisher]: got segment caster_back_link
[robot_state_publisher-11] [INFO] [1778921699.882722925] [tb3_3.robot_state_publisher]: got segment imu_link
[robot_state_publisher-11] [INFO] [1778921699.882731976] [tb3_3.robot_state_publisher]: got segment wheel_left_link
[robot_state_publisher-11] [INFO] [1778921699.882740948] [tb3_3.robot_state_publisher]: got segment wheel_right_link
[robot_state_publisher-2] [INFO] [1778921699.887887766] [tb3_0.robot_state_publisher]: got segment base_footprint
[robot_state_publisher-2] [INFO] [1778921699.888060802] [tb3_0.robot_state_publisher]: got segment base_link
[robot_state_publisher-2] [INFO] [1778921699.888086600] [tb3_0.robot_state_publisher]: got segment base_scan
[robot_state_publisher-2] [INFO] [1778921699.888100489] [tb3_0.robot_state_publisher]: got segment caster_back_link
[robot_state_publisher-2] [INFO] [1778921699.888112447] [tb3_0.robot_state_publisher]: got segment imu_link
[robot_state_publisher-2] [INFO] [1778921699.888122854] [tb3_0.robot_state_publisher]: got segment wheel_left_link
[robot_state_publisher-2] [INFO] [1778921699.888133909] [tb3_0.robot_state_publisher]: got segment wheel_right_link
[static_transform_publisher-10] [INFO] [1778921699.891445269] [static_tf_tb3_2]: Spinning until stopped - publishing transform
[static_transform_publisher-10] translation: ('0.000000', '0.000000', '0.000000')
[static_transform_publisher-10] rotation: ('0.000000', '0.000000', '0.000000', '1.000000')
[static_transform_publisher-10] from 'map' to 'tb3_2/odom'
[lifecycle_manager-15] [INFO] [1778921699.896173430] [lifecycle_manager_map]: Creating
[robot_state_publisher-8] [INFO] [1778921699.900630101] [tb3_2.robot_state_publisher]: got segment base_footprint
[robot_state_publisher-8] [INFO] [1778921699.900758096] [tb3_2.robot_state_publisher]: got segment base_link
[robot_state_publisher-8] [INFO] [1778921699.900772605] [tb3_2.robot_state_publisher]: got segment base_scan
[robot_state_publisher-8] [INFO] [1778921699.900779600] [tb3_2.robot_state_publisher]: got segment caster_back_link
[robot_state_publisher-8] [INFO] [1778921699.900794683] [tb3_2.robot_state_publisher]: got segment imu_link
[robot_state_publisher-8] [INFO] [1778921699.900803473] [tb3_2.robot_state_publisher]: got segment wheel_left_link
[robot_state_publisher-8] [INFO] [1778921699.900809400] [tb3_2.robot_state_publisher]: got segment wheel_right_link
[lifecycle_manager-15] [INFO] [1778921699.901852620] [lifecycle_manager_map]: [34m[1mCreating and initializing lifecycle service clients[0m[0m
[lifecycle_manager-15] [INFO] [1778921699.964124252] [lifecycle_manager_map]: [34m[1mStarting managed nodes bringup...[0m[0m
[lifecycle_manager-15] [INFO] [1778921699.964189015] [lifecycle_manager_map]: [34m[1mConfiguring map_server[0m[0m
[map_server-14] [INFO] [1778921699.967596941] [map_server]: 
[map_server-14] 	map_server lifecycle node launched. 
[map_server-14] 	Waiting on external lifecycle transitions to activate
[map_server-14] 	See https://design.ros2.org/articles/node_lifecycle.html for more information.
[map_server-14] [INFO] [1778921699.967802577] [map_server]: Creating
[map_server-14] [INFO] [1778921699.968703274] [map_server]: Configuring
[map_server-14] [INFO] [1778921699.968748692] [map_io]: Loading yaml file: /home/wj/work/multi-robot-exploration-rl/install/start_rl_environment_tb3/share/start_rl_environment_tb3/maps/interaction_hub.yaml
[map_server-14] [INFO] [1778921699.969099898] [map_io]: resolution: 0.05
[map_server-14] [INFO] [1778921699.969112883] [map_io]: origin[0]: -6
[map_server-14] [INFO] [1778921699.969118332] [map_io]: origin[1]: -6
[map_server-14] [INFO] [1778921699.969123122] [map_io]: origin[2]: 0
[map_server-14] [INFO] [1778921699.969128283] [map_io]: free_thresh: 0.196
[map_server-14] [INFO] [1778921699.969133452] [map_io]: occupied_thresh: 0.65
[map_server-14] [INFO] [1778921699.969139135] [map_io]: mode: trinary
[map_server-14] [INFO] [1778921699.969144924] [map_io]: negate: 0
[map_server-14] [INFO] [1778921699.969455450] [map_io]: Loading image_file: /home/wj/work/multi-robot-exploration-rl/install/start_rl_environment_tb3/share/start_rl_environment_tb3/maps/interaction_hub.pgm
[map_server-14] [INFO] [1778921699.976464695] [map_io]: Read map /home/wj/work/multi-robot-exploration-rl/install/start_rl_environment_tb3/share/start_rl_environment_tb3/maps/interaction_hub.pgm: 240 X 240 map @ 0.05 m/cell
[lifecycle_manager-15] [INFO] [1778921699.985961893] [lifecycle_manager_map]: [34m[1mActivating map_server[0m[0m
[map_server-14] [INFO] [1778921699.986232203] [map_server]: Activating
[map_server-14] [INFO] [1778921699.986552824] [map_server]: Creating bond (map_server) to lifecycle manager.
[lifecycle_manager-15] [INFO] [1778921700.094358192] [lifecycle_manager_map]: Server map_server connected with bond.
[lifecycle_manager-15] [INFO] [1778921700.094409882] [lifecycle_manager_map]: [34m[1mManaged nodes are active[0m[0m
[lifecycle_manager-15] [INFO] [1778921700.094422426] [lifecycle_manager_map]: [34m[1mCreating bond timer...[0m[0m
[gzserver-1] Gazebo multi-robot simulator, version 11.10.2
[gzserver-1] Copyright (C) 2012 Open Source Robotics Foundation.
[gzserver-1] Released under the Apache 2 License.
[gzserver-1] http://gazebosim.org
[gzserver-1] 
[spawn_entity.py-9] [INFO] [1778921700.540611558] [tb3_2.spawn_entity]: Spawn Entity started
[spawn_entity.py-9] [INFO] [1778921700.541474842] [tb3_2.spawn_entity]: Loading entity XML from file /tmp/tb3_2_i8ltd9ll.sdf
[spawn_entity.py-9] [INFO] [1778921700.543024750] [tb3_2.spawn_entity]: Waiting for service /spawn_entity, timeout = 30
[spawn_entity.py-9] [INFO] [1778921700.543606554] [tb3_2.spawn_entity]: Waiting for service /spawn_entity
[spawn_entity.py-6] [INFO] [1778921700.546794698] [tb3_1.spawn_entity]: Spawn Entity started
[spawn_entity.py-6] [INFO] [1778921700.548952308] [tb3_1.spawn_entity]: Loading entity XML from file /tmp/tb3_1_bajhqr1d.sdf
[spawn_entity.py-6] [INFO] [1778921700.550592713] [tb3_1.spawn_entity]: Waiting for service /spawn_entity, timeout = 30
[spawn_entity.py-6] [INFO] [1778921700.551291280] [tb3_1.spawn_entity]: Waiting for service /spawn_entity
[spawn_entity.py-3] [INFO] [1778921700.557972799] [tb3_0.spawn_entity]: Spawn Entity started
[spawn_entity.py-3] [INFO] [1778921700.558504482] [tb3_0.spawn_entity]: Loading entity XML from file /tmp/tb3_0_cesmghe6.sdf
[spawn_entity.py-3] [INFO] [1778921700.559705174] [tb3_0.spawn_entity]: Waiting for service /spawn_entity, timeout = 30
[spawn_entity.py-3] [INFO] [1778921700.560270089] [tb3_0.spawn_entity]: Waiting for service /spawn_entity
[spawn_entity.py-12] [INFO] [1778921700.610379548] [tb3_3.spawn_entity]: Spawn Entity started
[spawn_entity.py-12] [INFO] [1778921700.610879540] [tb3_3.spawn_entity]: Loading entity XML from file /tmp/tb3_3_9ndhy0bp.sdf
[spawn_entity.py-12] [INFO] [1778921700.612266651] [tb3_3.spawn_entity]: Waiting for service /spawn_entity, timeout = 30
[spawn_entity.py-12] [INFO] [1778921700.612959485] [tb3_3.spawn_entity]: Waiting for service /spawn_entity
[gzserver-1] [1;33m[Wrn] [gazebo_ros_init.cpp:178] [0m[1;33m
[gzserver-1] #     # ####### ####### ###  #####  #######
[gzserver-1] ##    # #     #    #     #  #     # #
[gzserver-1] # #   # #     #    #     #  #       #
[gzserver-1] #  #  # #     #    #     #  #       #####
[gzserver-1] #   # # #     #    #     #  #       #
[gzserver-1] #    ## #     #    #     #  #     # #
[gzserver-1] #     # #######    #    ###  #####  #######
[gzserver-1] 
[gzserver-1] This version of Gazebo, now called Gazebo classic, reaches end-of-life
[gzserver-1] in January 2025. Users are highly encouraged to migrate to the new Gazebo
[gzserver-1] using our migration guides (https://gazebosim.org/docs/latest/gazebo_classic_migration?utm_source=gazebo_ros_pkgs&utm_medium=cli)
[gzserver-1] 
[gzserver-1] [0m[1;33m
[gzserver-1] [1;32m[Msg] [0m[1;32mWaiting for master.[0m[1;32m
[gzserver-1] [0m[1;32m[0m[1;32m[0m[1;32m[Msg] [0m[1;32mConnected to gazebo master @ [0m[1;32mhttp://127.0.0.1:11348[0m[1;32m
[gzserver-1] [0m[1;32m[0m[1;32m[0m[1;32m[Msg] [0m[1;32mPublicized address: [0m[1;32m172.19.10.153[0m[1;32m
[gzserver-1] [0m[1;32m[0m[1;32m[0m[1;32m[Msg] [0m[1;32mLoading world file [[0m[1;32m/home/wj/work/multi-robot-exploration-rl/install/start_rl_environment_tb3/share/start_rl_environment_tb3/worlds/interaction_hub.world[0m[1;32m][0m[1;32m
[spawn_entity.py-9] [INFO] [1778921701.802161840] [tb3_2.spawn_entity]: Calling service /spawn_entity
[gzserver-1] [0m[1;33m[0m[1;33m[0m[WARN] [1778921701.804679554] [rcl]: Found remap rule 'model_states:=model_states_demo'. This syntax is deprecated. Use '--ros-args --remap model_states:=model_states_demo' instead.
[spawn_entity.py-6] [INFO] [1778921701.808212408] [tb3_1.spawn_entity]: Calling service /spawn_entity
[spawn_entity.py-3] [INFO] [1778921701.818154793] [tb3_0.spawn_entity]: Calling service /spawn_entity
[gzserver-1] [INFO] [1778921701.824260603] [gazebo_ros_state]: Publishing states of gazebo models at [/model_states_demo]
[gzserver-1] [INFO] [1778921701.825869347] [gazebo_ros_state]: Publishing states of gazebo links at [/link_states]
[spawn_entity.py-12] [INFO] [1778921701.869446168] [tb3_3.spawn_entity]: Calling service /spawn_entity
[obstacle_mover.py-16] [INFO] [1778921702.025631352] [obstacle_mover]: [obstacle_mover] map=6  0 个障碍物  速度=0.000 m/s (scale×0.0)  30 Hz  随机游走模式
[obstacle_mover.py-16] [INFO] [1778921702.028453766] [obstacle_mover]: [obstacle_mover] ✅ dyn_obs_0~dyn_obs_7 已下沉至 z=-10.0
[gzserver-1] [INFO] [1778921702.065167082] [tb3_2.turtlebot3_imu]: <initial_orientation_as_reference> is unset, using default value of false to comply with REP 145 (world as orientation reference)
[spawn_entity.py-9] [INFO] [1778921702.177916775] [tb3_2.spawn_entity]: Spawn status: SpawnEntity: Successfully spawned entity [tb3_2]
[gzserver-1] [INFO] [1778921702.312144723] [tb3_2.turtlebot3_diff_drive]: Wheel pair 1 separation set to [0.160000m]
[gzserver-1] [INFO] [1778921702.312198032] [tb3_2.turtlebot3_diff_drive]: Wheel pair 1 diameter set to [0.066000m]
[gzserver-1] [INFO] [1778921702.314062705] [tb3_2.turtlebot3_diff_drive]: Subscribed to [/tb3_2/cmd_vel]
[gzserver-1] [INFO] [1778921702.318827314] [tb3_2.turtlebot3_diff_drive]: Advertise odometry on [/tb3_2/odom]
[gzserver-1] [INFO] [1778921702.325303533] [tb3_2.turtlebot3_diff_drive]: Publishing odom transforms between [tb3_2/odom] and [tb3_2/base_footprint]
[gzserver-1] [INFO] [1778921702.346775476] [tb3_2.turtlebot3_joint_state]: Going to publish joint [wheel_left_joint]
[gzserver-1] [INFO] [1778921702.346828708] [tb3_2.turtlebot3_joint_state]: Going to publish joint [wheel_right_joint]
[INFO] [spawn_entity.py-9]: process has finished cleanly [pid 3096674]
[gzserver-1] [INFO] [1778921702.694365961] [tb3_1.turtlebot3_imu]: <initial_orientation_as_reference> is unset, using default value of false to comply with REP 145 (world as orientation reference)
[spawn_entity.py-6] [INFO] [1778921702.830319576] [tb3_1.spawn_entity]: Spawn status: SpawnEntity: Successfully spawned entity [tb3_1]
[gzserver-1] [INFO] [1778921702.940486114] [tb3_1.turtlebot3_diff_drive]: Wheel pair 1 separation set to [0.160000m]
[gzserver-1] [INFO] [1778921702.940563819] [tb3_1.turtlebot3_diff_drive]: Wheel pair 1 diameter set to [0.066000m]
[gzserver-1] [INFO] [1778921702.941337729] [tb3_1.turtlebot3_diff_drive]: Subscribed to [/tb3_1/cmd_vel]
[gzserver-1] [INFO] [1778921702.942602471] [tb3_1.turtlebot3_diff_drive]: Advertise odometry on [/tb3_1/odom]
[gzserver-1] [INFO] [1778921702.945215349] [tb3_1.turtlebot3_diff_drive]: Publishing odom transforms between [tb3_1/odom] and [tb3_1/base_footprint]
[gzserver-1] [INFO] [1778921702.957045195] [tb3_1.turtlebot3_joint_state]: Going to publish joint [wheel_left_joint]
[gzserver-1] [INFO] [1778921702.957139031] [tb3_1.turtlebot3_joint_state]: Going to publish joint [wheel_right_joint]
[INFO] [spawn_entity.py-6]: process has finished cleanly [pid 3096668]
[gzserver-1] [INFO] [1778921703.313181329] [tb3_0.turtlebot3_imu]: <initial_orientation_as_reference> is unset, using default value of false to comply with REP 145 (world as orientation reference)
[spawn_entity.py-3] [INFO] [1778921703.485506471] [tb3_0.spawn_entity]: Spawn status: SpawnEntity: Successfully spawned entity [tb3_0]
[gzserver-1] [INFO] [1778921703.600991814] [tb3_0.turtlebot3_diff_drive]: Wheel pair 1 separation set to [0.160000m]
[gzserver-1] [INFO] [1778921703.601068825] [tb3_0.turtlebot3_diff_drive]: Wheel pair 1 diameter set to [0.066000m]
[gzserver-1] [INFO] [1778921703.601926619] [tb3_0.turtlebot3_diff_drive]: Subscribed to [/tb3_0/cmd_vel]
[gzserver-1] [INFO] [1778921703.603180057] [tb3_0.turtlebot3_diff_drive]: Advertise odometry on [/tb3_0/odom]
[gzserver-1] [INFO] [1778921703.606029524] [tb3_0.turtlebot3_diff_drive]: Publishing odom transforms between [tb3_0/odom] and [tb3_0/base_footprint]
[gzserver-1] [INFO] [1778921703.617901427] [tb3_0.turtlebot3_joint_state]: Going to publish joint [wheel_left_joint]
[gzserver-1] [INFO] [1778921703.617955424] [tb3_0.turtlebot3_joint_state]: Going to publish joint [wheel_right_joint]
[INFO] [spawn_entity.py-3]: process has finished cleanly [pid 3096662]
[gzserver-1] [INFO] [1778921703.931575415] [tb3_3.turtlebot3_imu]: <initial_orientation_as_reference> is unset, using default value of false to comply with REP 145 (world as orientation reference)
[spawn_entity.py-12] [INFO] [1778921704.049057434] [tb3_3.spawn_entity]: Spawn status: SpawnEntity: Successfully spawned entity [tb3_3]
[gzserver-1] [INFO] [1778921704.160727103] [tb3_3.turtlebot3_diff_drive]: Wheel pair 1 separation set to [0.160000m]
[gzserver-1] [INFO] [1778921704.160805157] [tb3_3.turtlebot3_diff_drive]: Wheel pair 1 diameter set to [0.066000m]
[gzserver-1] [INFO] [1778921704.162361227] [tb3_3.turtlebot3_diff_drive]: Subscribed to [/tb3_3/cmd_vel]
[gzserver-1] [INFO] [1778921704.163827858] [tb3_3.turtlebot3_diff_drive]: Advertise odometry on [/tb3_3/odom]
[gzserver-1] [INFO] [1778921704.166428371] [tb3_3.turtlebot3_diff_drive]: Publishing odom transforms between [tb3_3/odom] and [tb3_3/base_footprint]
[gzserver-1] [INFO] [1778921704.182547612] [tb3_3.turtlebot3_joint_state]: Going to publish joint [wheel_left_joint]
[gzserver-1] [INFO] [1778921704.182608459] [tb3_3.turtlebot3_joint_state]: Going to publish joint [wheel_right_joint]
[INFO] [spawn_entity.py-12]: process has finished cleanly [pid 3096681]
