[INFO] [launch]: All log files can be found below /home/wj/.ros/log/2026-05-13-22-03-03-889706-wj-Default-string-265
[INFO] [launch]: Default logging verbosity is set to INFO
[INFO] Loading world (HEADLESS): /home/wj/work/multi-robot-exploration-rl/install/start_rl_environment_tb3/share/start_rl_environment_tb3/worlds/interaction_hub.world
[INFO] Using GAZEBO_MASTER_URI: http://127.0.0.1:11345
[INFO] Spawning 4 TurtleBot3 robots on interaction_hub...
[INFO] Using random positions
[INFO] Using fixed positions for 4 robots
[INFO]   Robot 0: Robot 0 - west lower at (-5.10, -0.85)
[INFO]   Robot 1: Robot 1 - west upper at (-5.10, 0.85)
[INFO]   Robot 2: Robot 2 - east upper at (5.10, 0.85)
[INFO]   Robot 3: Robot 3 - east lower at (5.10, -0.85)
[spawn_robots] Created modified SDF for tb3_0 at /tmp/tb3_0_2t1xr46w.sdf
[spawn_robots] Created modified SDF for tb3_1 at /tmp/tb3_1_frwajajd.sdf
[spawn_robots] Created modified SDF for tb3_2 at /tmp/tb3_2_9nirt1_0.sdf
[spawn_robots] Created modified SDF for tb3_3 at /tmp/tb3_3_16s0ij_9.sdf
[INFO] Map Server loading: /home/wj/work/multi-robot-exploration-rl/install/start_rl_environment_tb3/share/start_rl_environment_tb3/maps/interaction_hub.yaml
[INFO] [gzserver-1]: process started with pid [270]
[INFO] [robot_state_publisher-2]: process started with pid [272]
[INFO] [spawn_entity.py-3]: process started with pid [274]
[INFO] [static_transform_publisher-4]: process started with pid [276]
[INFO] [robot_state_publisher-5]: process started with pid [278]
[INFO] [spawn_entity.py-6]: process started with pid [280]
[INFO] [static_transform_publisher-7]: process started with pid [282]
[INFO] [robot_state_publisher-8]: process started with pid [284]
[INFO] [spawn_entity.py-9]: process started with pid [286]
[INFO] [static_transform_publisher-10]: process started with pid [288]
[INFO] [robot_state_publisher-11]: process started with pid [290]
[INFO] [spawn_entity.py-12]: process started with pid [292]
[INFO] [static_transform_publisher-13]: process started with pid [294]
[INFO] [map_server-14]: process started with pid [305]
[INFO] [lifecycle_manager-15]: process started with pid [312]
[INFO] [obstacle_mover.py-16]: process started with pid [319]
[robot_state_publisher-2] [37;1m2026-05-13 22:03:04.154 [31;1m[[37;1mTRANSPORT_UDP[31;1m Error] [37mError creating socket: Operation not permitted[34;1m -> Function [36minit[m
[robot_state_publisher-2] [37;1m2026-05-13 22:03:04.154 [31;1m[[37;1mRTPS_PARTICIPANT[31;1m Error] [37mUser transport failed to register.[34;1m -> Function [36mRTPSParticipantImpl[m
[robot_state_publisher-2] [37;1m2026-05-13 22:03:04.154 [31;1m[[37;1mRTPS_PARTICIPANT[31;1m Error] [37mCannot create participant due to initialization error[34;1m -> Function [36mcreateParticipant[m
[static_transform_publisher-4] [37;1m2026-05-13 22:03:04.152 [31;1m[[37;1mTRANSPORT_UDP[31;1m Error] [37mError creating socket: Operation not permitted[34;1m -> Function [36minit[m
[static_transform_publisher-4] [37;1m2026-05-13 22:03:04.152 [31;1m[[37;1mRTPS_PARTICIPANT[31;1m Error] [37mUser transport failed to register.[34;1m -> Function [36mRTPSParticipantImpl[m
[static_transform_publisher-4] [37;1m2026-05-13 22:03:04.152 [31;1m[[37;1mRTPS_PARTICIPANT[31;1m Error] [37mCannot create participant due to initialization error[34;1m -> Function [36mcreateParticipant[m
[static_transform_publisher-4] [37;1m2026-05-13 22:03:04.152 [31;1m[[37;1mDOMAIN_PARTICIPANT[31;1m Error] [37mProblem creating RTPSParticipant[34;1m -> Function [36menable[m
[robot_state_publisher-5] [37;1m2026-05-13 22:03:04.155 [31;1m[[37;1mTRANSPORT_UDP[31;1m Error] [37mError creating socket: Operation not permitted[34;1m -> Function [36minit[m
[robot_state_publisher-5] [37;1m2026-05-13 22:03:04.155 [31;1m[[37;1mRTPS_PARTICIPANT[31;1m Error] [37mUser transport failed to register.[34;1m -> Function [36mRTPSParticipantImpl[m
[robot_state_publisher-5] [37;1m2026-05-13 22:03:04.155 [31;1m[[37;1mRTPS_PARTICIPANT[31;1m Error] [37mCannot create participant due to initialization error[34;1m -> Function [36mcreateParticipant[m
[static_transform_publisher-7] [37;1m2026-05-13 22:03:04.155 [31;1m[[37;1mTRANSPORT_UDP[31;1m Error] [37mError creating socket: Operation not permitted[34;1m -> Function [36minit[m
[static_transform_publisher-7] [37;1m2026-05-13 22:03:04.155 [31;1m[[37;1mRTPS_PARTICIPANT[31;1m Error] [37mUser transport failed to register.[34;1m -> Function [36mRTPSParticipantImpl[m
[static_transform_publisher-7] [37;1m2026-05-13 22:03:04.155 [31;1m[[37;1mRTPS_PARTICIPANT[31;1m Error] [37mCannot create participant due to initialization error[34;1m -> Function [36mcreateParticipant[m
[static_transform_publisher-7] [37;1m2026-05-13 22:03:04.156 [31;1m[[37;1mDOMAIN_PARTICIPANT[31;1m Error] [37mProblem creating RTPSParticipant[34;1m -> Function [36menable[m
[robot_state_publisher-8] [37;1m2026-05-13 22:03:04.160 [31;1m[[37;1mTRANSPORT_UDP[31;1m Error] [37mError creating socket: Operation not permitted[34;1m -> Function [36minit[m
[robot_state_publisher-8] [37;1m2026-05-13 22:03:04.160 [31;1m[[37;1mRTPS_PARTICIPANT[31;1m Error] [37mUser transport failed to register.[34;1m -> Function [36mRTPSParticipantImpl[m
[robot_state_publisher-8] [37;1m2026-05-13 22:03:04.163 [31;1m[[37;1mRTPS_PARTICIPANT[31;1m Error] [37mCannot create participant due to initialization error[34;1m -> Function [36mcreateParticipant[m
[static_transform_publisher-10] [37;1m2026-05-13 22:03:04.160 [31;1m[[37;1mTRANSPORT_UDP[31;1m Error] [37mError creating socket: Operation not permitted[34;1m -> Function [36minit[m
[static_transform_publisher-10] [37;1m2026-05-13 22:03:04.160 [31;1m[[37;1mRTPS_PARTICIPANT[31;1m Error] [37mUser transport failed to register.[34;1m -> Function [36mRTPSParticipantImpl[m
[static_transform_publisher-10] [37;1m2026-05-13 22:03:04.160 [31;1m[[37;1mRTPS_PARTICIPANT[31;1m Error] [37mCannot create participant due to initialization error[34;1m -> Function [36mcreateParticipant[m
[static_transform_publisher-10] [37;1m2026-05-13 22:03:04.161 [31;1m[[37;1mDOMAIN_PARTICIPANT[31;1m Error] [37mProblem creating RTPSParticipant[34;1m -> Function [36menable[m
[robot_state_publisher-2] getifaddrs: Operation not permitted
[robot_state_publisher-2] getifaddrs: Operation not permitted
[robot_state_publisher-2] getifaddrs: Operation not permitted
[robot_state_publisher-2] 
[robot_state_publisher-2] >>> [rcutils|error_handling.c:108] rcutils_set_error_state()
[robot_state_publisher-2] This error state is being overwritten:
[robot_state_publisher-2] 
[robot_state_publisher-2]   '__create_participant failed to create participant, at ./src/participant.cpp:105, at ./src/rcl/node.c:263'
[robot_state_publisher-2] 
[robot_state_publisher-2] with this new error message:
[robot_state_publisher-2] 
[robot_state_publisher-2]   'rcl node's rmw handle is invalid, at ./src/rcl/node.c:415'
[robot_state_publisher-2] 
[robot_state_publisher-2] rcutils_reset_error() should be called after error handling to avoid this.
[robot_state_publisher-2] <<<
[robot_state_publisher-2] [ERROR] [1778680984.154879546] [rcl]: Failed to fini publisher for node: 1
[robot_state_publisher-2] terminate called after throwing an instance of 'rclcpp::exceptions::RCLError'
[robot_state_publisher-2]   what():  failed to initialize rcl node: rcl node's rmw handle is invalid, at ./src/rcl/node.c:415
[static_transform_publisher-4] [WARN] [1778680984.151430198] []: Old-style arguments are deprecated; see --help for new-style arguments
[static_transform_publisher-4] getifaddrs: Operation not permitted
[static_transform_publisher-4] getifaddrs: Operation not permitted
[static_transform_publisher-4] getifaddrs: Operation not permitted
[static_transform_publisher-4] 
[static_transform_publisher-4] >>> [rcutils|error_handling.c:108] rcutils_set_error_state()
[static_transform_publisher-4] This error state is being overwritten:
[static_transform_publisher-4] 
[static_transform_publisher-4]   '__create_participant failed to create participant, at ./src/participant.cpp:105, at ./src/rcl/node.c:263'
[static_transform_publisher-4] 
[static_transform_publisher-4] with this new error message:
[static_transform_publisher-4] 
[static_transform_publisher-4]   'rcl node's rmw handle is invalid, at ./src/rcl/node.c:415'
[static_transform_publisher-4] 
[static_transform_publisher-4] rcutils_reset_error() should be called after error handling to avoid this.
[static_transform_publisher-4] <<<
[static_transform_publisher-4] [ERROR] [1778680984.152685339] [rcl]: Failed to fini publisher for node: 1
[static_transform_publisher-4] terminate called after throwing an instance of 'rclcpp::exceptions::RCLError'
[static_transform_publisher-4]   what():  failed to initialize rcl node: rcl node's rmw handle is invalid, at ./src/rcl/node.c:415
[robot_state_publisher-5] getifaddrs: Operation not permitted
[robot_state_publisher-5] getifaddrs: Operation not permitted
[robot_state_publisher-5] getifaddrs: Operation not permitted
[robot_state_publisher-5] 
[robot_state_publisher-5] >>> [rcutils|error_handling.c:108] rcutils_set_error_state()
[robot_state_publisher-5] This error state is being overwritten:
[robot_state_publisher-5] 
[robot_state_publisher-5]   '__create_participant failed to create participant, at ./src/participant.cpp:105, at ./src/rcl/node.c:263'
[robot_state_publisher-5] 
[robot_state_publisher-5] with this new error message:
[robot_state_publisher-5] 
[robot_state_publisher-5]   'rcl node's rmw handle is invalid, at ./src/rcl/node.c:415'
[robot_state_publisher-5] 
[robot_state_publisher-5] rcutils_reset_error() should be called after error handling to avoid this.
[robot_state_publisher-5] <<<
[robot_state_publisher-5] [ERROR] [1778680984.159439008] [rcl]: Failed to fini publisher for node: 1
[robot_state_publisher-5] terminate called after throwing an instance of 'rclcpp::exceptions::RCLError'
[robot_state_publisher-5]   what():  failed to initialize rcl node: rcl node's rmw handle is invalid, at ./src/rcl/node.c:415
[static_transform_publisher-7] [WARN] [1778680984.154913631] []: Old-style arguments are deprecated; see --help for new-style arguments
[static_transform_publisher-7] getifaddrs: Operation not permitted
[static_transform_publisher-7] getifaddrs: Operation not permitted
[static_transform_publisher-7] getifaddrs: Operation not permitted
[static_transform_publisher-7] 
[static_transform_publisher-7] >>> [rcutils|error_handling.c:108] rcutils_set_error_state()
[static_transform_publisher-7] This error state is being overwritten:
[static_transform_publisher-7] 
[static_transform_publisher-7]   '__create_participant failed to create participant, at ./src/participant.cpp:105, at ./src/rcl/node.c:263'
[static_transform_publisher-7] 
[static_transform_publisher-7] with this new error message:
[static_transform_publisher-7] 
[static_transform_publisher-7]   'rcl node's rmw handle is invalid, at ./src/rcl/node.c:415'
[static_transform_publisher-7] 
[static_transform_publisher-7] rcutils_reset_error() should be called after error handling to avoid this.
[static_transform_publisher-7] <<<
[static_transform_publisher-7] [ERROR] [1778680984.156290945] [rcl]: Failed to fini publisher for node: 1
[static_transform_publisher-7] terminate called after throwing an instance of 'rclcpp::exceptions::RCLError'
[static_transform_publisher-7]   what():  failed to initialize rcl node: rcl node's rmw handle is invalid, at ./src/rcl/node.c:415
[robot_state_publisher-8] getifaddrs: Operation not permitted
[robot_state_publisher-8] getifaddrs: Operation not permitted
[robot_state_publisher-8] getifaddrs: Operation not permitted
[robot_state_publisher-8] 
[robot_state_publisher-8] >>> [rcutils|error_handling.c:108] rcutils_set_error_state()
[robot_state_publisher-8] This error state is being overwritten:
[robot_state_publisher-8] 
[robot_state_publisher-8]   '__create_participant failed to create participant, at ./src/participant.cpp:105, at ./src/rcl/node.c:263'
[robot_state_publisher-8] 
[robot_state_publisher-8] with this new error message:
[robot_state_publisher-8] 
[robot_state_publisher-8]   'rcl node's rmw handle is invalid, at ./src/rcl/node.c:415'
[robot_state_publisher-8] 
[robot_state_publisher-8] rcutils_reset_error() should be called after error handling to avoid this.
[robot_state_publisher-8] <<<
[robot_state_publisher-8] [ERROR] [1778680984.163435702] [rcl]: Failed to fini publisher for node: 1
[robot_state_publisher-8] terminate called after throwing an instance of 'rclcpp::exceptions::RCLError'
[robot_state_publisher-8]   what():  failed to initialize rcl node: rcl node's rmw handle is invalid, at ./src/rcl/node.c:415
[static_transform_publisher-10] [WARN] [1778680984.159733212] []: Old-style arguments are deprecated; see --help for new-style arguments
[static_transform_publisher-10] getifaddrs: Operation not permitted
[static_transform_publisher-10] getifaddrs: Operation not permitted
[static_transform_publisher-10] getifaddrs: Operation not permitted
[static_transform_publisher-10] 
[static_transform_publisher-10] >>> [rcutils|error_handling.c:108] rcutils_set_error_state()
[static_transform_publisher-10] This error state is being overwritten:
[static_transform_publisher-10] 
[static_transform_publisher-10]   '__create_participant failed to create participant, at ./src/participant.cpp:105, at ./src/rcl/node.c:263'
[static_transform_publisher-10] 
[static_transform_publisher-10] with this new error message:
[static_transform_publisher-10] 
[static_transform_publisher-10]   'rcl node's rmw handle is invalid, at ./src/rcl/node.c:415'
[static_transform_publisher-10] 
[static_transform_publisher-10] rcutils_reset_error() should be called after error handling to avoid this.
[static_transform_publisher-10] <<<
[static_transform_publisher-10] [ERROR] [1778680984.161467012] [rcl]: Failed to fini publisher for node: 1
[static_transform_publisher-10] terminate called after throwing an instance of 'rclcpp::exceptions::RCLError'
[static_transform_publisher-10]   what():  failed to initialize rcl node: rcl node's rmw handle is invalid, at ./src/rcl/node.c:415
[robot_state_publisher-11] getifaddrs: Operation not permitted
[robot_state_publisher-11] getifaddrs: Operation not permitted
[robot_state_publisher-11] getifaddrs: Operation not permitted
[robot_state_publisher-11] 
[robot_state_publisher-11] >>> [rcutils|error_handling.c:108] rcutils_set_error_state()
[robot_state_publisher-11] This error state is being overwritten:
[robot_state_publisher-11] 
[robot_state_publisher-11]   '__create_participant failed to create participant, at ./src/participant.cpp:105, at ./src/rcl/node.c:263'
[robot_state_publisher-11] 
[robot_state_publisher-11] with this new error message:
[robot_state_publisher-11] 
[robot_state_publisher-11]   'rcl node's rmw handle is invalid, at ./src/rcl/node.c:415'
[robot_state_publisher-11] 
[robot_state_publisher-11] rcutils_reset_error() should be called after error handling to avoid this.
[robot_state_publisher-11] <<<
[robot_state_publisher-11] [ERROR] [1778680984.172588663] [rcl]: Failed to fini publisher for node: 1
[robot_state_publisher-11] terminate called after throwing an instance of 'rclcpp::exceptions::RCLError'
[robot_state_publisher-11]   what():  failed to initialize rcl node: rcl node's rmw handle is invalid, at ./src/rcl/node.c:415
[static_transform_publisher-13] [WARN] [1778680984.172636697] []: Old-style arguments are deprecated; see --help for new-style arguments
[static_transform_publisher-13] getifaddrs: Operation not permitted
[static_transform_publisher-13] getifaddrs: Operation not permitted
[static_transform_publisher-13] getifaddrs: Operation not permitted
[static_transform_publisher-13] [37;1m2026-05-13 22:03:04.173 [31;1m[[37;1mTRANSPORT_UDP[31;1m Error] [37mError creating socket: Operation not permitted[34;1m -> Function [36minit[m
[static_transform_publisher-13] [37;1m2026-05-13 22:03:04.173 [31;1m[[37;1mRTPS_PARTICIPANT[31;1m Error] [37mUser transport failed to register.[34;1m -> Function [36mRTPSParticipantImpl[m
[static_transform_publisher-13] [37;1m2026-05-13 22:03:04.191 [31;1m[[37;1mRTPS_PARTICIPANT[31;1m Error] [37mCannot create participant due to initialization error[34;1m -> Function [36mcreateParticipant[m
[static_transform_publisher-13] 
[static_transform_publisher-13] >>> [rcutils|error_handling.c:108] rcutils_set_error_state()
[static_transform_publisher-13] This error state is being overwritten:
[static_transform_publisher-13] 
[static_transform_publisher-13]   '__create_participant failed to create participant, at ./src/participant.cpp:105, at ./src/rcl/node.c:263'
[static_transform_publisher-13] 
[static_transform_publisher-13] with this new error message:
[static_transform_publisher-13] 
[static_transform_publisher-13]   'rcl node's rmw handle is invalid, at ./src/rcl/node.c:415'
[static_transform_publisher-13] 
[static_transform_publisher-13] rcutils_reset_error() should be called after error handling to avoid this.
[static_transform_publisher-13] <<<
[static_transform_publisher-13] [ERROR] [1778680984.197079492] [rcl]: Failed to fini publisher for node: 1
[static_transform_publisher-13] terminate called after throwing an instance of 'rclcpp::exceptions::RCLError'
[static_transform_publisher-13]   what():  failed to initialize rcl node: rcl node's rmw handle is invalid, at ./src/rcl/node.c:415
[lifecycle_manager-15] getifaddrs: Operation not permitted
[lifecycle_manager-15] getifaddrs: Operation not permitted
[lifecycle_manager-15] getifaddrs: Operation not permitted
[map_server-14] getifaddrs: Operation not permitted
[map_server-14] getifaddrs: Operation not permitted
[lifecycle_manager-15] [37;1m2026-05-13 22:03:04.208 [31;1m[[37;1mTRANSPORT_UDP[31;1m Error] [37mError creating socket: Operation not permitted[34;1m -> Function [36minit[m
[lifecycle_manager-15] [37;1m2026-05-13 22:03:04.208 [31;1m[[37;1mRTPS_PARTICIPANT[31;1m Error] [37mUser transport failed to register.[34;1m -> Function [36mRTPSParticipantImpl[m
[lifecycle_manager-15] [37;1m2026-05-13 22:03:04.208 [31;1m[[37;1mRTPS_PARTICIPANT[31;1m Error] [37mCannot create participant due to initialization error[34;1m -> Function [36mcreateParticipant[m
[lifecycle_manager-15] 
[lifecycle_manager-15] >>> [rcutils|error_handling.c:108] rcutils_set_error_state()
[lifecycle_manager-15] This error state is being overwritten:
[lifecycle_manager-15] 
[lifecycle_manager-15]   '__create_participant failed to create participant, at ./src/participant.cpp:105, at ./src/rcl/node.c:263'
[lifecycle_manager-15] 
[lifecycle_manager-15] with this new error message:
[lifecycle_manager-15] 
[lifecycle_manager-15]   'rcl node's rmw handle is invalid, at ./src/rcl/node.c:415'
[lifecycle_manager-15] 
[lifecycle_manager-15] rcutils_reset_error() should be called after error handling to avoid this.
[lifecycle_manager-15] <<<
[lifecycle_manager-15] [ERROR] [1778680984.209367661] [rcl]: Failed to fini publisher for node: 1
[lifecycle_manager-15] terminate called after throwing an instance of 'rclcpp::exceptions::RCLError'
[lifecycle_manager-15]   what():  failed to initialize rcl node: rcl node's rmw handle is invalid, at ./src/rcl/node.c:415
[map_server-14] getifaddrs: Operation not permitted
[map_server-14] 
[map_server-14] >>> [rcutils|error_handling.c:108] rcutils_set_error_state()
[map_server-14] This error state is being overwritten:
[map_server-14] 
[map_server-14]   '__create_participant failed to create participant, at ./src/participant.cpp:105, at ./src/rcl/node.c:263'
[map_server-14] 
[map_server-14] with this new error message:
[map_server-14] 
[map_server-14]   'rcl node's rmw handle is invalid, at ./src/rcl/node.c:415'
[map_server-14] 
[map_server-14] rcutils_reset_error() should be called after error handling to avoid this.
[map_server-14] <<<
[map_server-14] [ERROR] [1778680984.210280086] [rcl]: Failed to fini publisher for node: 1
[map_server-14] terminate called after throwing an instance of 'rclcpp::exceptions::RCLError'
[map_server-14]   what():  failed to initialize rcl node: rcl node's rmw handle is invalid, at ./src/rcl/node.c:415
[ERROR] [robot_state_publisher-2]: process has died [pid 272, exit code -6, cmd '/opt/ros/humble/lib/robot_state_publisher/robot_state_publisher --ros-args -r __node:=robot_state_publisher -r __ns:=/tb3_0 --params-file /tmp/launch_params_e7qbfwu1'].
[ERROR] [static_transform_publisher-4]: process has died [pid 276, exit code -6, cmd '/opt/ros/humble/lib/tf2_ros/static_transform_publisher 0 0 0 0 0 0 map tb3_0/odom --ros-args -r __node:=static_tf_tb3_0'].
[ERROR] [robot_state_publisher-11]: process has died [pid 290, exit code -6, cmd '/opt/ros/humble/lib/robot_state_publisher/robot_state_publisher --ros-args -r __node:=robot_state_publisher -r __ns:=/tb3_3 --params-file /tmp/launch_params_14cnl1a9'].
[ERROR] [static_transform_publisher-10]: process has died [pid 288, exit code -6, cmd '/opt/ros/humble/lib/tf2_ros/static_transform_publisher 0 0 0 0 0 0 map tb3_2/odom --ros-args -r __node:=static_tf_tb3_2'].
[ERROR] [robot_state_publisher-8]: process has died [pid 284, exit code -6, cmd '/opt/ros/humble/lib/robot_state_publisher/robot_state_publisher --ros-args -r __node:=robot_state_publisher -r __ns:=/tb3_2 --params-file /tmp/launch_params_8tbs81d2'].
[ERROR] [robot_state_publisher-5]: process has died [pid 278, exit code -6, cmd '/opt/ros/humble/lib/robot_state_publisher/robot_state_publisher --ros-args -r __node:=robot_state_publisher -r __ns:=/tb3_1 --params-file /tmp/launch_params_pr5tjc5c'].
[ERROR] [static_transform_publisher-7]: process has died [pid 282, exit code -6, cmd '/opt/ros/humble/lib/tf2_ros/static_transform_publisher 0 0 0 0 0 0 map tb3_1/odom --ros-args -r __node:=static_tf_tb3_1'].
[ERROR] [map_server-14]: process has died [pid 305, exit code -6, cmd '/opt/ros/humble/lib/nav2_map_server/map_server --ros-args -r __node:=map_server --params-file /tmp/launch_params_e2l7rrrf'].
[ERROR] [lifecycle_manager-15]: process has died [pid 312, exit code -6, cmd '/opt/ros/humble/lib/nav2_lifecycle_manager/lifecycle_manager --ros-args -r __node:=lifecycle_manager_map --params-file /tmp/launch_params_q7eqo402'].
[ERROR] [static_transform_publisher-13]: process has died [pid 294, exit code -6, cmd '/opt/ros/humble/lib/tf2_ros/static_transform_publisher 0 0 0 0 0 0 map tb3_3/odom --ros-args -r __node:=static_tf_tb3_3'].
[obstacle_mover.py-16] getifaddrs: Operation not permitted
[obstacle_mover.py-16] getifaddrs: Operation not permitted
[obstacle_mover.py-16] getifaddrs: Operation not permitted
[obstacle_mover.py-16] [37;1m2026-05-13 22:03:04.754 [31;1m[[37;1mTRANSPORT_UDP[31;1m Error] [37mError creating socket: Operation not permitted[34;1m -> Function [36minit[m
[obstacle_mover.py-16] [37;1m2026-05-13 22:03:04.754 [31;1m[[37;1mRTPS_PARTICIPANT[31;1m Error] [37mUser transport failed to register.[34;1m -> Function [36mRTPSParticipantImpl[m
[obstacle_mover.py-16] [37;1m2026-05-13 22:03:04.754 [31;1m[[37;1mRTPS_PARTICIPANT[31;1m Error] [37mCannot create participant due to initialization error[34;1m -> Function [36mcreateParticipant[m
[obstacle_mover.py-16] [37;1m2026-05-13 22:03:04.754 [31;1m[[37;1mDOMAIN_PARTICIPANT[31;1m Error] [37mProblem creating RTPSParticipant[34;1m -> Function [36menable[m
[obstacle_mover.py-16] 
[obstacle_mover.py-16] >>> [rcutils|error_handling.c:108] rcutils_set_error_state()
[obstacle_mover.py-16] This error state is being overwritten:
[obstacle_mover.py-16] 
[obstacle_mover.py-16]   '__create_participant failed to create participant, at ./src/participant.cpp:105, at ./src/rcl/node.c:263'
[obstacle_mover.py-16] 
[obstacle_mover.py-16] with this new error message:
[obstacle_mover.py-16] 
[obstacle_mover.py-16]   'rcl node's rmw handle is invalid, at ./src/rcl/node.c:415'
[obstacle_mover.py-16] 
[obstacle_mover.py-16] rcutils_reset_error() should be called after error handling to avoid this.
[obstacle_mover.py-16] <<<
[obstacle_mover.py-16] [ERROR] [1778680984.754411283] [rcl]: Failed to fini publisher for node: 1
[obstacle_mover.py-16] Traceback (most recent call last):
[obstacle_mover.py-16]   File "/home/wj/work/multi-robot-exploration-rl/install/start_rl_environment_tb3/lib/start_rl_environment_tb3/obstacle_mover.py", line 406, in <module>
[obstacle_mover.py-16]     main()
[obstacle_mover.py-16]   File "/home/wj/work/multi-robot-exploration-rl/install/start_rl_environment_tb3/lib/start_rl_environment_tb3/obstacle_mover.py", line 395, in main
[obstacle_mover.py-16]     node = ObstacleMover()
[obstacle_mover.py-16]   File "/home/wj/work/multi-robot-exploration-rl/install/start_rl_environment_tb3/lib/start_rl_environment_tb3/obstacle_mover.py", line 285, in __init__
[obstacle_mover.py-16]     super().__init__('obstacle_mover')
[obstacle_mover.py-16]   File "/opt/ros/humble/local/lib/python3.10/dist-packages/rclpy/node.py", line 175, in __init__
[obstacle_mover.py-16]     self.__node = _rclpy.Node(
[obstacle_mover.py-16] rclpy._rclpy_pybind11.RCLError: error creating node: rcl node's rmw handle is invalid, at ./src/rcl/node.c:415
[gzserver-1] Gazebo multi-robot simulator, version 11.10.2
[gzserver-1] Copyright (C) 2012 Open Source Robotics Foundation.
[gzserver-1] Released under the Apache 2 License.
[gzserver-1] http://gazebosim.org
[gzserver-1] 
[spawn_entity.py-3] getifaddrs: Operation not permitted
[spawn_entity.py-9] getifaddrs: Operation not permitted
[spawn_entity.py-9] getifaddrs: Operation not permitted
[spawn_entity.py-9] getifaddrs: Operation not permitted
[spawn_entity.py-9] [37;1m2026-05-13 22:03:04.812 [31;1m[[37;1mTRANSPORT_UDP[31;1m Error] [37mError creating socket: Operation not permitted[34;1m -> Function [36minit[m
[spawn_entity.py-9] [37;1m2026-05-13 22:03:04.812 [31;1m[[37;1mRTPS_PARTICIPANT[31;1m Error] [37mUser transport failed to register.[34;1m -> Function [36mRTPSParticipantImpl[m
[spawn_entity.py-9] [37;1m2026-05-13 22:03:04.812 [31;1m[[37;1mRTPS_PARTICIPANT[31;1m Error] [37mCannot create participant due to initialization error[34;1m -> Function [36mcreateParticipant[m
[spawn_entity.py-9] [37;1m2026-05-13 22:03:04.813 [31;1m[[37;1mDOMAIN_PARTICIPANT[31;1m Error] [37mProblem creating RTPSParticipant[34;1m -> Function [36menable[m
[spawn_entity.py-3] getifaddrs: Operation not permitted
[spawn_entity.py-3] getifaddrs: Operation not permitted
[spawn_entity.py-9] 
[spawn_entity.py-9] >>> [rcutils|error_handling.c:108] rcutils_set_error_state()
[spawn_entity.py-9] This error state is being overwritten:
[spawn_entity.py-9] 
[spawn_entity.py-9]   '__create_participant failed to create participant, at ./src/participant.cpp:105, at ./src/rcl/node.c:263'
[spawn_entity.py-9] 
[spawn_entity.py-9] with this new error message:
[spawn_entity.py-9] 
[spawn_entity.py-9]   'rcl node's rmw handle is invalid, at ./src/rcl/node.c:415'
[spawn_entity.py-9] 
[spawn_entity.py-9] rcutils_reset_error() should be called after error handling to avoid this.
[spawn_entity.py-9] <<<
[spawn_entity.py-9] [ERROR] [1778680984.813209911] [rcl]: Failed to fini publisher for node: 1
[spawn_entity.py-9] Traceback (most recent call last):
[spawn_entity.py-9]   File "/opt/ros/humble/lib/gazebo_ros/spawn_entity.py", line 372, in <module>
[spawn_entity.py-9]     main()
[spawn_entity.py-9]   File "/opt/ros/humble/lib/gazebo_ros/spawn_entity.py", line 365, in main
[spawn_entity.py-3] 
[spawn_entity.py-3] >>> [rcutils|error_handling.c:108] rcutils_set_error_state()
[spawn_entity.py-3] This error state is being overwritten:
[spawn_entity.py-3] 
[spawn_entity.py-3]   '__create_participant failed to create participant, at ./src/participant.cpp:105, at ./src/rcl/node.c:263'
[spawn_entity.py-3] 
[spawn_entity.py-3] with this new error message:
[spawn_entity.py-3] 
[spawn_entity.py-3]   'rcl node's rmw handle is invalid, at ./src/rcl/node.c:415'
[spawn_entity.py-3] 
[spawn_entity.py-3] rcutils_reset_error() should be called after error handling to avoid this.
[spawn_entity.py-3] <<<
[spawn_entity.py-3] [ERROR] [1778680984.813712442] [rcl]: Failed to fini publisher for node: 1
[spawn_entity.py-9]     spawn_entity_node = SpawnEntityNode(args_without_ros)
[spawn_entity.py-9]   File "/opt/ros/humble/lib/gazebo_ros/spawn_entity.py", line 52, in __init__
[spawn_entity.py-9]     super().__init__('spawn_entity')
[spawn_entity.py-9]   File "/opt/ros/humble/local/lib/python3.10/dist-packages/rclpy/node.py", line 175, in __init__
[spawn_entity.py-9]     self.__node = _rclpy.Node(
[spawn_entity.py-9] rclpy._rclpy_pybind11.RCLError: error creating node: rcl node's rmw handle is invalid, at ./src/rcl/node.c:415
[spawn_entity.py-3] Traceback (most recent call last):
[spawn_entity.py-3]   File "/opt/ros/humble/lib/gazebo_ros/spawn_entity.py", line 372, in <module>
[spawn_entity.py-3]     main()
[spawn_entity.py-3]   File "/opt/ros/humble/lib/gazebo_ros/spawn_entity.py", line 365, in main
[spawn_entity.py-3]     spawn_entity_node = SpawnEntityNode(args_without_ros)
[spawn_entity.py-3]   File "/opt/ros/humble/lib/gazebo_ros/spawn_entity.py", line 52, in __init__
[spawn_entity.py-3]     super().__init__('spawn_entity')
[spawn_entity.py-3]   File "/opt/ros/humble/local/lib/python3.10/dist-packages/rclpy/node.py", line 175, in __init__
[spawn_entity.py-3]     self.__node = _rclpy.Node(
[spawn_entity.py-3] rclpy._rclpy_pybind11.RCLError: error creating node: rcl node's rmw handle is invalid, at ./src/rcl/node.c:415
[spawn_entity.py-3] [37;1m2026-05-13 22:03:04.813 [31;1m[[37;1mTRANSPORT_UDP[31;1m Error] [37mError creating socket: Operation not permitted[34;1m -> Function [36minit[m
[spawn_entity.py-3] [37;1m2026-05-13 22:03:04.813 [31;1m[[37;1mRTPS_PARTICIPANT[31;1m Error] [37mUser transport failed to register.[34;1m -> Function [36mRTPSParticipantImpl[m
[spawn_entity.py-3] [37;1m2026-05-13 22:03:04.813 [31;1m[[37;1mRTPS_PARTICIPANT[31;1m Error] [37mCannot create participant due to initialization error[34;1m -> Function [36mcreateParticipant[m
[spawn_entity.py-3] [37;1m2026-05-13 22:03:04.813 [31;1m[[37;1mDOMAIN_PARTICIPANT[31;1m Error] [37mProblem creating RTPSParticipant[34;1m -> Function [36menable[m
[gzserver-1] getifaddres: Operation not permitted
[gzserver-1] [1;31m[Err] [Connection.cc:744] [0m[1;31mEXCEPTION: [0m[1;31mUnable to get local interface addresses
[gzserver-1] [0m[1;31m
[gzserver-1] [0m[1;31m[0m[1;31m[0m[1;31m[Err] [Connection.cc:744] [0m[1;31mEXCEPTION: [0m[1;31mUnable to get local interface addresses
[gzserver-1] [0m[1;31m
[ERROR] [obstacle_mover.py-16]: process has died [pid 319, exit code 1, cmd '/home/wj/work/multi-robot-exploration-rl/install/start_rl_environment_tb3/lib/start_rl_environment_tb3/obstacle_mover.py --ros-args -r __node:=obstacle_mover --params-file /tmp/launch_params_8pu5xzqw'].
[spawn_entity.py-12] getifaddrs: Operation not permitted
[spawn_entity.py-12] getifaddrs: Operation not permitted
[spawn_entity.py-12] getifaddrs: Operation not permitted
[spawn_entity.py-12] 
[spawn_entity.py-12] >>> [rcutils|error_handling.c:108] rcutils_set_error_state()
[spawn_entity.py-12] This error state is being overwritten:
[spawn_entity.py-12] 
[spawn_entity.py-12]   '__create_participant failed to create participant, at ./src/participant.cpp:105, at ./src/rcl/node.c:263'
[spawn_entity.py-12] 
[spawn_entity.py-12] with this new error message:
[spawn_entity.py-12] 
[spawn_entity.py-12]   'rcl node's rmw handle is invalid, at ./src/rcl/node.c:415'
[spawn_entity.py-12] 
[spawn_entity.py-12] rcutils_reset_error() should be called after error handling to avoid this.
[spawn_entity.py-12] <<<
[spawn_entity.py-12] [ERROR] [1778680984.892600809] [rcl]: Failed to fini publisher for node: 1
[spawn_entity.py-12] [37;1m2026-05-13 22:03:04.892 [31;1m[[37;1mTRANSPORT_UDP[31;1m Error] [37mError creating socket: Operation not permitted[34;1m -> Function [36minit[m
[spawn_entity.py-12] [37;1m2026-05-13 22:03:04.892 [31;1m[[37;1mRTPS_PARTICIPANT[31;1m Error] [37mUser transport failed to register.[34;1m -> Function [36mRTPSParticipantImpl[m
[spawn_entity.py-12] [37;1m2026-05-13 22:03:04.892 [31;1m[[37;1mRTPS_PARTICIPANT[31;1m Error] [37mCannot create participant due to initialization error[34;1m -> Function [36mcreateParticipant[m
[spawn_entity.py-12] [37;1m2026-05-13 22:03:04.892 [31;1m[[37;1mDOMAIN_PARTICIPANT[31;1m Error] [37mProblem creating RTPSParticipant[34;1m -> Function [36menable[m
[ERROR] [gzserver-1]: process has died [pid 270, exit code 255, cmd 'gzserver /home/wj/work/multi-robot-exploration-rl/install/start_rl_environment_tb3/share/start_rl_environment_tb3/worlds/interaction_hub.world --seed=0 -s libgazebo_ros_init.so -s libgazebo_ros_factory.so -s libgazebo_ros_force_system.so --verbose'].
[spawn_entity.py-12] Traceback (most recent call last):
[spawn_entity.py-12]   File "/opt/ros/humble/lib/gazebo_ros/spawn_entity.py", line 372, in <module>
[spawn_entity.py-12]     main()
[spawn_entity.py-12]   File "/opt/ros/humble/lib/gazebo_ros/spawn_entity.py", line 365, in main
[spawn_entity.py-12]     spawn_entity_node = SpawnEntityNode(args_without_ros)
[spawn_entity.py-12]   File "/opt/ros/humble/lib/gazebo_ros/spawn_entity.py", line 52, in __init__
[spawn_entity.py-12]     super().__init__('spawn_entity')
[spawn_entity.py-12]   File "/opt/ros/humble/local/lib/python3.10/dist-packages/rclpy/node.py", line 175, in __init__
[spawn_entity.py-12]     self.__node = _rclpy.Node(
[spawn_entity.py-12] rclpy._rclpy_pybind11.RCLError: error creating node: rcl node's rmw handle is invalid, at ./src/rcl/node.c:415
[gzserver-1] [1;36m[0m[1;32m[0m
[gzserver-1] [0m[1;31m[0m[1;31m[0m[1;33m[0m[1;31m[0m
[spawn_entity.py-6] getifaddrs: Operation not permitted
[spawn_entity.py-6] getifaddrs: Operation not permitted
[spawn_entity.py-6] getifaddrs: Operation not permitted
[spawn_entity.py-6] 
[spawn_entity.py-6] >>> [rcutils|error_handling.c:108] rcutils_set_error_state()
[spawn_entity.py-6] This error state is being overwritten:
[spawn_entity.py-6] 
[spawn_entity.py-6]   '__create_participant failed to create participant, at ./src/participant.cpp:105, at ./src/rcl/node.c:263'
[spawn_entity.py-6] 
[spawn_entity.py-6] with this new error message:
[spawn_entity.py-6] 
[spawn_entity.py-6]   'rcl node's rmw handle is invalid, at ./src/rcl/node.c:415'
[spawn_entity.py-6] 
[spawn_entity.py-6] rcutils_reset_error() should be called after error handling to avoid this.
[spawn_entity.py-6] <<<
[spawn_entity.py-6] [ERROR] [1778680984.951857379] [rcl]: Failed to fini publisher for node: 1
[spawn_entity.py-6] [37;1m2026-05-13 22:03:04.951 [31;1m[[37;1mTRANSPORT_UDP[31;1m Error] [37mError creating socket: Operation not permitted[34;1m -> Function [36minit[m
[spawn_entity.py-6] [37;1m2026-05-13 22:03:04.951 [31;1m[[37;1mRTPS_PARTICIPANT[31;1m Error] [37mUser transport failed to register.[34;1m -> Function [36mRTPSParticipantImpl[m
[spawn_entity.py-6] [37;1m2026-05-13 22:03:04.951 [31;1m[[37;1mRTPS_PARTICIPANT[31;1m Error] [37mCannot create participant due to initialization error[34;1m -> Function [36mcreateParticipant[m
[spawn_entity.py-6] [37;1m2026-05-13 22:03:04.951 [31;1m[[37;1mDOMAIN_PARTICIPANT[31;1m Error] [37mProblem creating RTPSParticipant[34;1m -> Function [36menable[m
[spawn_entity.py-6] Traceback (most recent call last):
[spawn_entity.py-6]   File "/opt/ros/humble/lib/gazebo_ros/spawn_entity.py", line 372, in <module>
[spawn_entity.py-6]     main()
[spawn_entity.py-6]   File "/opt/ros/humble/lib/gazebo_ros/spawn_entity.py", line 365, in main
[spawn_entity.py-6]     spawn_entity_node = SpawnEntityNode(args_without_ros)
[spawn_entity.py-6]   File "/opt/ros/humble/lib/gazebo_ros/spawn_entity.py", line 52, in __init__
[spawn_entity.py-6]     super().__init__('spawn_entity')
[spawn_entity.py-6]   File "/opt/ros/humble/local/lib/python3.10/dist-packages/rclpy/node.py", line 175, in __init__
[spawn_entity.py-6]     self.__node = _rclpy.Node(
[spawn_entity.py-6] rclpy._rclpy_pybind11.RCLError: error creating node: rcl node's rmw handle is invalid, at ./src/rcl/node.c:415
[ERROR] [spawn_entity.py-9]: process has died [pid 286, exit code 1, cmd '/opt/ros/humble/lib/gazebo_ros/spawn_entity.py -file /tmp/tb3_2_9nirt1_0.sdf -entity tb3_2 -robot_namespace tb3_2 -x 5.1 -y 0.85 -z 0.01 -Y 3.141592653589793 --ros-args -r __node:=spawn_entity -r __ns:=/tb3_2'].
[ERROR] [spawn_entity.py-3]: process has died [pid 274, exit code 1, cmd '/opt/ros/humble/lib/gazebo_ros/spawn_entity.py -file /tmp/tb3_0_2t1xr46w.sdf -entity tb3_0 -robot_namespace tb3_0 -x -5.1 -y -0.85 -z 0.01 -Y 0.0 --ros-args -r __node:=spawn_entity -r __ns:=/tb3_0'].
[ERROR] [spawn_entity.py-12]: process has died [pid 292, exit code 1, cmd '/opt/ros/humble/lib/gazebo_ros/spawn_entity.py -file /tmp/tb3_3_16s0ij_9.sdf -entity tb3_3 -robot_namespace tb3_3 -x 5.1 -y -0.85 -z 0.01 -Y 3.141592653589793 --ros-args -r __node:=spawn_entity -r __ns:=/tb3_3'].
[ERROR] [spawn_entity.py-6]: process has died [pid 280, exit code 1, cmd '/opt/ros/humble/lib/gazebo_ros/spawn_entity.py -file /tmp/tb3_1_frwajajd.sdf -entity tb3_1 -robot_namespace tb3_1 -x -5.1 -y 0.85 -z 0.01 -Y 0.0 --ros-args -r __node:=spawn_entity -r __ns:=/tb3_1'].
