2026-05-16 16:57:34,932	INFO worker.py:2013 -- Started a local Ray instance.
/home/wj/anaconda3/envs/ros2/lib/python3.10/site-packages/ray/rllib/algorithms/algorithm.py:527: RayDeprecationWarning: This API is deprecated and may be removed in future Ray releases. You could suppress this warning by setting env variable PYTHONWARNINGS="ignore::DeprecationWarning"
`UnifiedLogger` will be removed in Ray 2.7.
  return UnifiedLogger(config, logdir, loggers=None)
/home/wj/anaconda3/envs/ros2/lib/python3.10/site-packages/ray/tune/logger/unified.py:53: RayDeprecationWarning: This API is deprecated and may be removed in future Ray releases. You could suppress this warning by setting env variable PYTHONWARNINGS="ignore::DeprecationWarning"
The `JsonLogger interface is deprecated in favor of the `ray.tune.json.JsonLoggerCallback` interface and will be removed in Ray 2.7.
  self._loggers.append(cls(self.config, self.logdir, self.trial))
/home/wj/anaconda3/envs/ros2/lib/python3.10/site-packages/ray/tune/logger/unified.py:53: RayDeprecationWarning: This API is deprecated and may be removed in future Ray releases. You could suppress this warning by setting env variable PYTHONWARNINGS="ignore::DeprecationWarning"
The `CSVLogger interface is deprecated in favor of the `ray.tune.csv.CSVLoggerCallback` interface and will be removed in Ray 2.7.
  self._loggers.append(cls(self.config, self.logdir, self.trial))
/home/wj/anaconda3/envs/ros2/lib/python3.10/site-packages/ray/tune/logger/unified.py:53: RayDeprecationWarning: This API is deprecated and may be removed in future Ray releases. You could suppress this warning by setting env variable PYTHONWARNINGS="ignore::DeprecationWarning"
The `TBXLogger interface is deprecated in favor of the `ray.tune.tensorboardx.TBXLoggerCallback` interface and will be removed in Ray 2.7.
  self._loggers.append(cls(self.config, self.logdir, self.trial))
[2026-05-16 16:57:36,339 E 3110771 3110771] core_worker.cc:2232: Actor with class name: 'RolloutWorker' and ID: '2214a89b4adcebd6e9700c8901000000' has constructor arguments in the object store and max_restarts > 0. If the arguments in the object store go out of scope or are lost, the actor restart will fail. See https://github.com/ray-project/ray/issues/53727 for more details.
[36m(RolloutWorker pid=3112532)[0m [INFO] [1778921861.903523224] [gym_env_robot_0_83097]: ✅ 路径可视化器已启动，路径话题: /waypoint_markers, tracking话题: /rolling_subgoal_markers
[36m(RolloutWorker pid=3112532)[0m [INFO] [1778921861.935488394] [gym_env_robot_1_11672]: ✅ 路径可视化器已启动，路径话题: /waypoint_markers, tracking话题: /rolling_subgoal_markers
[36m(RolloutWorker pid=3112532)[0m [INFO] [1778921861.956070305] [gym_env_robot_2_12836]: ✅ 路径可视化器已启动，路径话题: /waypoint_markers, tracking话题: /rolling_subgoal_markers
2026-05-16 16:57:47,177	INFO trainable.py:161 -- Trainable.setup took 10.909 seconds. If your trainable is slow to initialize, consider setting reuse_actors=True to reduce actor creation overheads.
2026-05-16 16:57:47,178	WARNING util.py:62 -- Install gputil for GPU system monitoring.
================================================================================
🚀 GNN-MAPPO 课程学习训练  [最近邻感知图]
================================================================================
  环境阶段:     1 · Stage 1 · 静态入门
  机器人数量:   4
  通信范围:     3.5 m
  感知邻域:     3.5 m
  并行Workers:  4
  Multi-Sim:     on  base_domain=40  base_gazebo=11345  stride=1
  采样设置:     timeout=1200s fragment=1000 mode=truncate_episodes
  训练步数:     50,000
  动作模式:     option_mode
  Option源:     rl  replan=on  hold=[1, 30]  topk=3
  PPO配置:      option_discrete  (clip=0.2, ent=0.01, mb=1024, epochs=8)
  GAT Actor:    neighbor  bias=2.50
  GAT Critic:   mlp
  需要环境:     ros2 launch start_rl_environment_tb3 main.launch.py map_number:=6 robot_number:=4 num_obstacles:=0 obs_speed_scale:=0.0
  通信设置:     perfect_comm  (dropout=0%, latency=0, jitter=0, noise=0.00)
  冲突路线:     mode=mixed prob=0.75
================================================================================

📚 阶段1：保持完美通信，直接学习通信版 social-risk 图...

[36m(RolloutWorker pid=3112532)[0m 🤖 环境初始化: Namespace='/tb3_0', ModelName='tb3_0'
[36m(RolloutWorker pid=3112532)[0m ✅ Map 6: 预计算安全 spawn 点 11100 个 (clearance=0.40m)
[36m(RolloutWorker pid=3112532)[0m ✅ Robot 0: A*规划器初始化完成
[36m(RolloutWorker pid=3112532)[0m ⚠️ Robot 0: 强制路线非法，回退随机安全采样 start=(4.20,1.40) goal=(-4.20,1.40)
[36m(RolloutWorker pid=3112541)[0m 🤖 环境初始化: Namespace='/tb3_3', ModelName='tb3_3'[32m [repeated 15x across cluster] (Ray deduplicates logs by default. Set RAY_DEDUP_LOGS=0 to disable log deduplication, or see https://docs.ray.io/en/master/ray-observability/user-guides/configure-logging.html#log-deduplication for more options.)[0m
[36m(RolloutWorker pid=3112541)[0m ✅ Map 6: 预计算安全 spawn 点 11100 个 (clearance=0.40m)[32m [repeated 15x across cluster][0m
[36m(RolloutWorker pid=3112541)[0m ✅ Robot 3: A*规划器初始化完成[32m [repeated 15x across cluster][0m
[36m(RolloutWorker pid=3112532)[0m [graph] step=   0  comm_range=3.5m
[36m(RolloutWorker pid=3112532)[0m   robot_0 pos=( 0.900,-2.300) status=active
[36m(RolloutWorker pid=3112532)[0m     adj=[1  1  0  0]  dist=[ 0.00   2.24   7.16   6.49]  neighbors=[1]
[36m(RolloutWorker pid=3112532)[0m   robot_1 pos=( 0.000,-0.250) status=active
[36m(RolloutWorker pid=3112532)[0m     adj=[1  1  0  0]  dist=[ 2.24   0.00   5.05   4.91]  neighbors=[0]
[36m(RolloutWorker pid=3112532)[0m   robot_2 pos=( 0.000, 4.800) status=active
[36m(RolloutWorker pid=3112532)[0m     adj=[0  0  1  0]  dist=[ 7.16   5.05   0.00   6.25]  neighbors=[]
[36m(RolloutWorker pid=3112532)[0m   robot_3 pos=(-4.800, 0.800) status=active
[36m(RolloutWorker pid=3112532)[0m     adj=[0  0  0  1]  dist=[ 6.49   4.91   6.25   0.00]  neighbors=[]
[36m(RolloutWorker pid=3112532)[0m [comm] step=   0  agent_0  my_pos=(0.900,-2.300)  candidates=[np.int64(1)]  received=1/1
[36m(RolloutWorker pid=3112532)[0m     slot[0] neighbor=agent_1 dist=2.239m  n_pos=(0.000,-0.250)  rel_pos=(-0.900,2.050)
[36m(RolloutWorker pid=3112532)[0m [comm] step=   0  agent_1  my_pos=(0.000,-0.250)  candidates=[np.int64(0)]  received=1/1
[36m(RolloutWorker pid=3112532)[0m     slot[0] neighbor=agent_0 dist=2.239m  n_pos=(0.900,-2.300)  rel_pos=(0.900,-2.050)
[36m(RolloutWorker pid=3112532)[0m [comm] step=   0  agent_2  my_pos=(0.000,4.800)  candidates=[]  received=0/0
[36m(RolloutWorker pid=3112532)[0m     (无有效邻居: 范围外/丢包/延迟填零)
[36m(RolloutWorker pid=3112532)[0m [comm] step=   0  agent_3  my_pos=(-4.800,0.800)  candidates=[]  received=0/0
[36m(RolloutWorker pid=3112532)[0m     (无有效邻居: 范围外/丢包/延迟填零)
[36m(RolloutWorker pid=3112533)[0m     slot[0] neighbor=agent_2 dist=3.306m  n_pos=(1.300,0.200)  rel_pos=(-3.300,0.200)
[36m(RolloutWorker pid=3112533)[0m     slot[0] neighbor=agent_2 dist=2.766m  n_pos=(1.300,0.200)  rel_pos=(0.600,2.700)
[36m(RolloutWorker pid=3112533)[0m     slot[0] neighbor=agent_1 dist=2.766m  n_pos=(0.700,-2.500)  rel_pos=(-0.600,-2.700)
[36m(RolloutWorker pid=3112533)[0m     slot[1] neighbor=agent_0 dist=3.306m  n_pos=(4.600,0.000)  rel_pos=(3.300,-0.200)
[36m(RolloutWorker pid=3112532)[0m     slot[0] neighbor=agent_1 dist=2.239m  n_pos=(0.000,-0.250)  rel_pos=(-0.900,2.050)
[36m(RolloutWorker pid=3112532)[0m     slot[0] neighbor=agent_0 dist=2.239m  n_pos=(0.900,-2.300)  rel_pos=(0.900,-2.050)
[36m(RolloutWorker pid=3112532)[0m     slot[0] neighbor=agent_1 dist=2.239m  n_pos=(0.000,-0.250)  rel_pos=(-0.900,2.050)
[36m(RolloutWorker pid=3112532)[0m     slot[0] neighbor=agent_0 dist=2.239m  n_pos=(0.900,-2.300)  rel_pos=(0.900,-2.050)
[36m(RolloutWorker pid=3112533)[0m     slot[0] neighbor=agent_2 dist=3.306m  n_pos=(1.300,0.200)  rel_pos=(-3.300,0.200)
[36m(RolloutWorker pid=3112533)[0m     slot[0] neighbor=agent_2 dist=2.766m  n_pos=(1.300,0.200)  rel_pos=(0.600,2.700)
[36m(RolloutWorker pid=3112533)[0m     slot[0] neighbor=agent_1 dist=2.766m  n_pos=(0.700,-2.500)  rel_pos=(-0.600,-2.700)
[36m(RolloutWorker pid=3112533)[0m     slot[1] neighbor=agent_0 dist=3.306m  n_pos=(4.600,0.000)  rel_pos=(3.300,-0.200)
[36m(RolloutWorker pid=3112533)[0m     slot[0] neighbor=agent_2 dist=3.306m  n_pos=(1.300,0.200)  rel_pos=(-3.300,0.200)
[36m(RolloutWorker pid=3112533)[0m     slot[0] neighbor=agent_2 dist=2.766m  n_pos=(1.300,0.200)  rel_pos=(0.600,2.700)
[36m(RolloutWorker pid=3112533)[0m     slot[0] neighbor=agent_1 dist=2.766m  n_pos=(0.700,-2.500)  rel_pos=(-0.600,-2.700)
[36m(RolloutWorker pid=3112533)[0m     slot[1] neighbor=agent_0 dist=3.306m  n_pos=(4.600,0.000)  rel_pos=(3.300,-0.200)
[36m(RolloutWorker pid=3112541)[0m     slot[0] neighbor=agent_3 dist=1.172m  n_pos=(0.000,4.800)  rel_pos=(0.750,0.900)
[36m(RolloutWorker pid=3112541)[0m     slot[0] neighbor=agent_0 dist=1.172m  n_pos=(-0.750,3.900)  rel_pos=(-0.750,-0.900)
[36m(RolloutWorker pid=3112532)[0m     slot[0] neighbor=agent_1 dist=2.236m  n_pos=(0.005,-0.247)  rel_pos=(-0.898,2.048)
[36m(RolloutWorker pid=3112532)[0m     slot[0] neighbor=agent_0 dist=2.236m  n_pos=(0.903,-2.295)  rel_pos=(0.898,-2.048)
[36m(RolloutWorker pid=3112533)[0m     slot[0] neighbor=agent_2 dist=3.310m  n_pos=(1.296,0.201)  rel_pos=(-3.304,0.201)
[36m(RolloutWorker pid=3112533)[0m     slot[0] neighbor=agent_2 dist=2.766m  n_pos=(1.296,0.201)  rel_pos=(0.596,2.701)
[36m(RolloutWorker pid=3112533)[0m     slot[0] neighbor=agent_1 dist=2.766m  n_pos=(0.700,-2.500)  rel_pos=(-0.596,-2.701)
[36m(RolloutWorker pid=3112533)[0m     slot[1] neighbor=agent_0 dist=3.310m  n_pos=(4.600,-0.000)  rel_pos=(3.304,-0.201)
[36m(RolloutWorker pid=3112541)[0m     slot[0] neighbor=agent_3 dist=1.172m  n_pos=(0.000,4.800)  rel_pos=(0.750,0.900)
[36m(RolloutWorker pid=3112541)[0m     slot[0] neighbor=agent_0 dist=1.172m  n_pos=(-0.750,3.900)  rel_pos=(-0.750,-0.900)
[36m(RolloutWorker pid=3112541)[0m     slot[0] neighbor=agent_3 dist=1.172m  n_pos=(0.000,4.800)  rel_pos=(0.750,0.900)
[36m(RolloutWorker pid=3112541)[0m     slot[0] neighbor=agent_0 dist=1.172m  n_pos=(-0.750,3.900)  rel_pos=(-0.750,-0.900)
[36m(RolloutWorker pid=3112541)[0m     slot[0] neighbor=agent_3 dist=1.171m  n_pos=(-0.000,4.800)  rel_pos=(0.750,0.900)
[36m(RolloutWorker pid=3112541)[0m     slot[0] neighbor=agent_0 dist=1.171m  n_pos=(-0.750,3.900)  rel_pos=(-0.750,-0.900)
  [██░░░░░░░░░░░░░░░░░░░░░░░░░░░░]   8.0%     4,000 / 50,000 步  回报    0.00  ETA 00:28:01[36m(RolloutWorker pid=3112533)[0m 
[36m(RolloutWorker pid=3112533)[0m ============================================================
[36m(RolloutWorker pid=3112533)[0m 🏁 Episode 结束 (timeout)
[36m(RolloutWorker pid=3112533)[0m    步数: 2000/2000
[36m(RolloutWorker pid=3112533)[0m    完成: 4/4
[36m(RolloutWorker pid=3112533)[0m    活跃: 0  失败: 2
[36m(RolloutWorker pid=3112533)[0m ============================================================
[36m(RolloutWorker pid=3112533)[0m 
[36m(RolloutWorker pid=3112533)[0m ⚠️ Robot 3: 强制路线非法，回退随机安全采样 start=(-3.80,2.40) goal=(3.80,-2.40)[32m [repeated 9x across cluster][0m
[36m(RolloutWorker pid=3112541)[0m [graph] step=   3  comm_range=3.5m[32m [repeated 15x across cluster][0m
[36m(RolloutWorker pid=3112541)[0m   robot_2 pos=( 4.744, 0.448) status=active[32m [repeated 32x across cluster][0m
[36m(RolloutWorker pid=3112541)[0m     adj=[1  0  0  1]  dist=[ 1.17   6.09   6.44   0.00]  neighbors=[0][32m [repeated 26x across cluster][0m
[36m(RolloutWorker pid=3112541)[0m     adj=[0  0  1  0]  dist=[ 6.49   8.17   0.00   6.44]  neighbors=[][32m [repeated 34x across cluster][0m
[36m(RolloutWorker pid=3112541)[0m   robot_3 pos=(-0.000, 4.800) status=active[32m [repeated 28x across cluster][0m
[36m(RolloutWorker pid=3112541)[0m [comm] step=   3  agent_3  my_pos=(-0.000,4.800)  candidates=[np.int64(0)]  received=1/1[32m [repeated 26x across cluster][0m
[36m(RolloutWorker pid=3112541)[0m [comm] step=   3  agent_2  my_pos=(4.744,0.448)  candidates=[]  received=0/0[32m [repeated 34x across cluster][0m
[36m(RolloutWorker pid=3112541)[0m     (无有效邻居: 范围外/丢包/延迟填零)[32m [repeated 34x across cluster][0m
[36m(RolloutWorker pid=3112541)[0m 
[36m(RolloutWorker pid=3112541)[0m 
[36m(RolloutWorker pid=3112540)[0m 
[36m(RolloutWorker pid=3112540)[0m 
[36m(RolloutWorker pid=3112532)[0m 
[36m(RolloutWorker pid=3112532)[0m 
[36m(RolloutWorker pid=3112533)[0m     slot[0] neighbor=agent_1 dist=2.025m  n_pos=(-1.300,0.750)  rel_pos=(1.700,1.100)
[36m(RolloutWorker pid=3112533)[0m     slot[0] neighbor=agent_0 dist=2.025m  n_pos=(-3.000,-0.350)  rel_pos=(-1.700,-1.100)
[36m(RolloutWorker pid=3112533)[0m     slot[1] neighbor=agent_3 dist=2.164m  n_pos=(0.850,1.000)  rel_pos=(2.150,0.250)
[36m(RolloutWorker pid=3112533)[0m     slot[0] neighbor=agent_1 dist=2.164m  n_pos=(-1.300,0.750)  rel_pos=(-2.150,-0.250)
[36m(RolloutWorker pid=3112540)[0m     slot[0] neighbor=agent_3 dist=3.132m  n_pos=(0.200,5.200)  rel_pos=(0.450,3.100)
[36m(RolloutWorker pid=3112540)[0m     slot[0] neighbor=agent_2 dist=3.132m  n_pos=(-0.250,2.100)  rel_pos=(-0.450,-3.100)
[36m(RolloutWorker pid=3112532)[0m     slot[0] neighbor=agent_1 dist=1.950m  n_pos=(-1.700,0.700)  rel_pos=(-1.950,0.000)
[36m(RolloutWorker pid=3112532)[0m     slot[1] neighbor=agent_2 dist=2.768m  n_pos=(-0.700,-1.900)  rel_pos=(-0.950,-2.600)
[36m(RolloutWorker pid=3112532)[0m     slot[0] neighbor=agent_0 dist=1.950m  n_pos=(0.250,0.700)  rel_pos=(1.950,0.000)
[36m(RolloutWorker pid=3112532)[0m     slot[1] neighbor=agent_3 dist=2.484m  n_pos=(-3.600,-0.900)  rel_pos=(-1.900,-1.600)
[36m(RolloutWorker pid=3112532)[0m     slot[2] neighbor=agent_2 dist=2.786m  n_pos=(-0.700,-1.900)  rel_pos=(1.000,-2.600)
[36m(RolloutWorker pid=3112532)[0m     slot[0] neighbor=agent_0 dist=2.768m  n_pos=(0.250,0.700)  rel_pos=(0.950,2.600)
[36m(RolloutWorker pid=3112532)[0m     slot[1] neighbor=agent_1 dist=2.786m  n_pos=(-1.700,0.700)  rel_pos=(-1.000,2.600)
[36m(RolloutWorker pid=3112532)[0m     slot[2] neighbor=agent_3 dist=3.068m  n_pos=(-3.600,-0.900)  rel_pos=(-2.900,1.000)
[36m(RolloutWorker pid=3112532)[0m     slot[0] neighbor=agent_1 dist=2.484m  n_pos=(-1.700,0.700)  rel_pos=(1.900,1.600)
[36m(RolloutWorker pid=3112532)[0m     slot[1] neighbor=agent_2 dist=3.068m  n_pos=(-0.700,-1.900)  rel_pos=(2.900,-1.000)
[36m(RolloutWorker pid=3112532)[0m     slot[0] neighbor=agent_1 dist=1.950m  n_pos=(-1.700,0.700)  rel_pos=(-1.950,0.000)
[36m(RolloutWorker pid=3112532)[0m     slot[1] neighbor=agent_2 dist=2.768m  n_pos=(-0.700,-1.900)  rel_pos=(-0.950,-2.600)
[36m(RolloutWorker pid=3112532)[0m     slot[0] neighbor=agent_0 dist=1.950m  n_pos=(0.250,0.700)  rel_pos=(1.950,-0.000)
[36m(RolloutWorker pid=3112532)[0m     slot[1] neighbor=agent_3 dist=2.484m  n_pos=(-3.600,-0.900)  rel_pos=(-1.900,-1.600)
[36m(RolloutWorker pid=3112532)[0m     slot[2] neighbor=agent_2 dist=2.786m  n_pos=(-0.700,-1.900)  rel_pos=(1.000,-2.600)
[36m(RolloutWorker pid=3112532)[0m     slot[0] neighbor=agent_0 dist=2.768m  n_pos=(0.250,0.700)  rel_pos=(0.950,2.600)
[36m(RolloutWorker pid=3112532)[0m     slot[1] neighbor=agent_1 dist=2.786m  n_pos=(-1.700,0.700)  rel_pos=(-1.000,2.600)
[36m(RolloutWorker pid=3112532)[0m     slot[2] neighbor=agent_3 dist=3.068m  n_pos=(-3.600,-0.900)  rel_pos=(-2.900,1.000)
[36m(RolloutWorker pid=3112532)[0m     slot[0] neighbor=agent_1 dist=2.484m  n_pos=(-1.700,0.700)  rel_pos=(1.900,1.600)
[36m(RolloutWorker pid=3112532)[0m     slot[1] neighbor=agent_2 dist=3.068m  n_pos=(-0.700,-1.900)  rel_pos=(2.900,-1.000)
[36m(RolloutWorker pid=3112533)[0m     slot[0] neighbor=agent_1 dist=2.025m  n_pos=(-1.300,0.750)  rel_pos=(1.700,1.100)
[36m(RolloutWorker pid=3112533)[0m     slot[0] neighbor=agent_0 dist=2.025m  n_pos=(-3.000,-0.350)  rel_pos=(-1.700,-1.100)
[36m(RolloutWorker pid=3112533)[0m     slot[1] neighbor=agent_3 dist=2.164m  n_pos=(0.850,1.000)  rel_pos=(2.150,0.250)
[36m(RolloutWorker pid=3112533)[0m     slot[0] neighbor=agent_1 dist=2.164m  n_pos=(-1.300,0.750)  rel_pos=(-2.150,-0.250)
[36m(RolloutWorker pid=3112540)[0m     slot[0] neighbor=agent_3 dist=3.132m  n_pos=(0.200,5.200)  rel_pos=(0.450,3.100)
[36m(RolloutWorker pid=3112540)[0m     slot[0] neighbor=agent_2 dist=3.132m  n_pos=(-0.250,2.100)  rel_pos=(-0.450,-3.100)
[36m(RolloutWorker pid=3112541)[0m     slot[0] neighbor=agent_3 dist=2.462m  n_pos=(-0.750,-0.600)  rel_pos=(-2.400,-0.550)
[36m(RolloutWorker pid=3112541)[0m     slot[1] neighbor=agent_1 dist=2.950m  n_pos=(4.600,0.000)  rel_pos=(2.950,0.050)
[36m(RolloutWorker pid=3112541)[0m     slot[0] neighbor=agent_0 dist=2.950m  n_pos=(1.650,-0.050)  rel_pos=(-2.950,-0.050)
[36m(RolloutWorker pid=3112541)[0m     slot[0] neighbor=agent_0 dist=2.462m  n_pos=(1.650,-0.050)  rel_pos=(2.400,0.550)
[36m(RolloutWorker pid=3112541)[0m     slot[0] neighbor=agent_3 dist=2.462m  n_pos=(-0.750,-0.600)  rel_pos=(-2.400,-0.550)
[36m(RolloutWorker pid=3112541)[0m     slot[1] neighbor=agent_1 dist=2.950m  n_pos=(4.600,-0.000)  rel_pos=(2.950,0.050)
[36m(RolloutWorker pid=3112541)[0m     slot[0] neighbor=agent_0 dist=2.950m  n_pos=(1.650,-0.050)  rel_pos=(-2.950,-0.050)
[36m(RolloutWorker pid=3112541)[0m     slot[0] neighbor=agent_0 dist=2.462m  n_pos=(1.650,-0.050)  rel_pos=(2.400,0.550)
  [████░░░░░░░░░░░░░░░░░░░░░░░░░░]  16.0%     8,000 / 50,000 步  回报 -33607.86  ETA 00:25:12[36m(RolloutWorker pid=3112532)[0m     slot[0] neighbor=agent_1 dist=1.951m  n_pos=(-1.700,0.700)  rel_pos=(-1.951,0.001)
[36m(RolloutWorker pid=3112532)[0m     slot[1] neighbor=agent_2 dist=2.768m  n_pos=(-0.700,-1.900)  rel_pos=(-0.951,-2.599)
[36m(RolloutWorker pid=3112532)[0m     slot[0] neighbor=agent_0 dist=1.951m  n_pos=(0.251,0.699)  rel_pos=(1.951,-0.001)
[36m(RolloutWorker pid=3112532)[0m     slot[1] neighbor=agent_3 dist=2.484m  n_pos=(-3.600,-0.900)  rel_pos=(-1.900,-1.600)
[36m(RolloutWorker pid=3112532)[0m     slot[2] neighbor=agent_2 dist=2.786m  n_pos=(-0.700,-1.900)  rel_pos=(1.000,-2.600)
[36m(RolloutWorker pid=3112532)[0m     slot[0] neighbor=agent_0 dist=2.768m  n_pos=(0.251,0.699)  rel_pos=(0.951,2.599)
[36m(RolloutWorker pid=3112532)[0m     slot[1] neighbor=agent_1 dist=2.786m  n_pos=(-1.700,0.700)  rel_pos=(-1.000,2.600)
[36m(RolloutWorker pid=3112532)[0m     slot[2] neighbor=agent_3 dist=3.068m  n_pos=(-3.600,-0.900)  rel_pos=(-2.900,1.000)
[36m(RolloutWorker pid=3112532)[0m     slot[0] neighbor=agent_1 dist=2.484m  n_pos=(-1.700,0.700)  rel_pos=(1.900,1.600)
[36m(RolloutWorker pid=3112532)[0m     slot[1] neighbor=agent_2 dist=3.068m  n_pos=(-0.700,-1.900)  rel_pos=(2.900,-1.000)
[36m(RolloutWorker pid=3112532)[0m ============================================================[32m [repeated 6x across cluster][0m
[36m(RolloutWorker pid=3112532)[0m 🏁 Episode 结束 (timeout)[32m [repeated 3x across cluster][0m
[36m(RolloutWorker pid=3112532)[0m    步数: 2000/2000[32m [repeated 3x across cluster][0m
[36m(RolloutWorker pid=3112532)[0m    完成: 4/4[32m [repeated 3x across cluster][0m
[36m(RolloutWorker pid=3112532)[0m    活跃: 0  失败: 1[32m [repeated 3x across cluster][0m
[36m(RolloutWorker pid=3112541)[0m ⚠️ Robot 3: 强制路线非法，回退随机安全采样 start=(3.80,2.40) goal=(-3.80,-2.40)[32m [repeated 9x across cluster][0m
[36m(RolloutWorker pid=3112532)[0m [graph] step=   2  comm_range=3.5m[32m [repeated 9x across cluster][0m
[36m(RolloutWorker pid=3112532)[0m   robot_0 pos=( 0.251, 0.699) status=active[32m [repeated 16x across cluster][0m
[36m(RolloutWorker pid=3112532)[0m     adj=[0  1  1  1]  dist=[ 4.17   2.48   3.07   0.00]  neighbors=[1, 2][32m [repeated 28x across cluster][0m
[36m(RolloutWorker pid=3112541)[0m     adj=[0  0  1  0]  dist=[ 5.50   7.02   0.00   4.76]  neighbors=[][32m [repeated 8x across cluster][0m
[36m(RolloutWorker pid=3112532)[0m   robot_3 pos=(-3.600,-0.900) status=active[32m [repeated 20x across cluster][0m
[36m(RolloutWorker pid=3112532)[0m [comm] step=   2  agent_3  my_pos=(-3.600,-0.900)  candidates=[np.int64(1), np.int64(2)]  received=2/2[32m [repeated 28x across cluster][0m
[36m(RolloutWorker pid=3112541)[0m [comm] step=   1  agent_2  my_pos=(0.000,-5.300)  candidates=[]  received=0/0[32m [repeated 8x across cluster][0m
[36m(RolloutWorker pid=3112541)[0m     (无有效邻居: 范围外/丢包/延迟填零)[32m [repeated 8x across cluster][0m
[36m(RolloutWorker pid=3112533)[0m     slot[0] neighbor=agent_1 dist=1.643m  n_pos=(-1.300,0.750)  rel_pos=(1.391,0.875)
[36m(RolloutWorker pid=3112533)[0m     slot[0] neighbor=agent_0 dist=1.643m  n_pos=(-2.691,-0.125)  rel_pos=(-1.391,-0.875)
[36m(RolloutWorker pid=3112533)[0m     slot[1] neighbor=agent_3 dist=2.164m  n_pos=(0.850,1.000)  rel_pos=(2.150,0.250)
[36m(RolloutWorker pid=3112533)[0m     slot[0] neighbor=agent_1 dist=2.164m  n_pos=(-1.300,0.750)  rel_pos=(-2.150,-0.250)
[36m(RolloutWorker pid=3112541)[0m     slot[0] neighbor=agent_1 dist=2.579m  n_pos=(4.600,-0.000)  rel_pos=(2.579,-0.051)
[36m(RolloutWorker pid=3112541)[0m     slot[1] neighbor=agent_3 dist=2.847m  n_pos=(-0.750,-0.600)  rel_pos=(-2.771,-0.651)
[36m(RolloutWorker pid=3112541)[0m     slot[0] neighbor=agent_0 dist=2.579m  n_pos=(2.021,0.051)  rel_pos=(-2.579,0.051)
[36m(RolloutWorker pid=3112541)[0m     slot[0] neighbor=agent_0 dist=2.847m  n_pos=(2.021,0.051)  rel_pos=(2.771,0.651)
[36m(RolloutWorker pid=3112540)[0m     slot[0] neighbor=agent_3 dist=3.132m  n_pos=(0.200,5.200)  rel_pos=(0.450,3.100)
[36m(RolloutWorker pid=3112540)[0m     slot[0] neighbor=agent_2 dist=3.132m  n_pos=(-0.250,2.100)  rel_pos=(-0.450,-3.100)
[36m(RolloutWorker pid=3112540)[0m     slot[0] neighbor=agent_3 dist=3.132m  n_pos=(0.200,5.200)  rel_pos=(0.450,3.100)
[36m(RolloutWorker pid=3112540)[0m     slot[0] neighbor=agent_2 dist=3.132m  n_pos=(-0.250,2.100)  rel_pos=(-0.450,-3.100)
[36m(RolloutWorker pid=3112532)[0m     slot[0] neighbor=agent_1 dist=1.951m  n_pos=(-1.700,0.699)  rel_pos=(-1.951,-0.000)
[36m(RolloutWorker pid=3112532)[0m     slot[1] neighbor=agent_2 dist=2.417m  n_pos=(-0.703,-1.522)  rel_pos=(-0.954,-2.221)
[36m(RolloutWorker pid=3112532)[0m     slot[0] neighbor=agent_0 dist=1.951m  n_pos=(0.251,0.699)  rel_pos=(1.951,0.000)
[36m(RolloutWorker pid=3112532)[0m     slot[1] neighbor=agent_3 dist=2.108m  n_pos=(-3.372,-0.584)  rel_pos=(-1.672,-1.283)
[36m(RolloutWorker pid=3112532)[0m     slot[2] neighbor=agent_2 dist=2.434m  n_pos=(-0.703,-1.522)  rel_pos=(0.997,-2.221)
[36m(RolloutWorker pid=3112532)[0m     slot[0] neighbor=agent_0 dist=2.417m  n_pos=(0.251,0.699)  rel_pos=(0.954,2.221)
[36m(RolloutWorker pid=3112532)[0m     slot[1] neighbor=agent_1 dist=2.434m  n_pos=(-1.700,0.699)  rel_pos=(-0.997,2.221)
[36m(RolloutWorker pid=3112532)[0m     slot[2] neighbor=agent_3 dist=2.829m  n_pos=(-3.372,-0.584)  rel_pos=(-2.670,0.937)
[36m(RolloutWorker pid=3112532)[0m     slot[0] neighbor=agent_1 dist=2.108m  n_pos=(-1.700,0.699)  rel_pos=(1.672,1.283)
[36m(RolloutWorker pid=3112532)[0m     slot[1] neighbor=agent_2 dist=2.829m  n_pos=(-0.703,-1.522)  rel_pos=(2.670,-0.937)
[36m(RolloutWorker pid=3112533)[0m     slot[0] neighbor=agent_1 dist=1.644m  n_pos=(-1.300,0.750)  rel_pos=(1.390,0.878)
[36m(RolloutWorker pid=3112533)[0m     slot[0] neighbor=agent_0 dist=1.644m  n_pos=(-2.690,-0.128)  rel_pos=(-1.390,-0.878)
[36m(RolloutWorker pid=3112533)[0m     slot[1] neighbor=agent_3 dist=2.164m  n_pos=(0.850,1.000)  rel_pos=(2.150,0.250)
[36m(RolloutWorker pid=3112533)[0m     slot[0] neighbor=agent_1 dist=2.164m  n_pos=(-1.300,0.750)  rel_pos=(-2.150,-0.250)
[36m(RolloutWorker pid=3112541)[0m     slot[0] neighbor=agent_1 dist=2.579m  n_pos=(4.600,-0.000)  rel_pos=(2.578,-0.048)
[36m(RolloutWorker pid=3112541)[0m     slot[1] neighbor=agent_3 dist=2.846m  n_pos=(-0.750,-0.600)  rel_pos=(-2.772,-0.648)
[36m(RolloutWorker pid=3112541)[0m     slot[0] neighbor=agent_0 dist=2.579m  n_pos=(2.022,0.048)  rel_pos=(-2.578,0.048)
[36m(RolloutWorker pid=3112541)[0m     slot[0] neighbor=agent_0 dist=2.846m  n_pos=(2.022,0.048)  rel_pos=(2.772,0.648)
[36m(RolloutWorker pid=3112532)[0m 
[36m(RolloutWorker pid=3112532)[0m 🏁 Episode 结束 (too_few_active)
[36m(RolloutWorker pid=3112532)[0m 
[36m(RolloutWorker pid=3112532)[0m ============================================================[32m [repeated 2x across cluster][0m
[36m(RolloutWorker pid=3112532)[0m    步数: 594/2000
[36m(RolloutWorker pid=3112532)[0m    完成: 3/4
[36m(RolloutWorker pid=3112532)[0m    活跃: 1  失败: 0
[36m(RolloutWorker pid=3112541)[0m [graph] step=   3  comm_range=3.5m[32m [repeated 7x across cluster][0m
[36m(RolloutWorker pid=3112541)[0m   robot_2 pos=( 0.000,-5.300) status=active[32m [repeated 13x across cluster][0m
[36m(RolloutWorker pid=3112541)[0m     adj=[1  0  0  1]  dist=[ 2.85   5.38   4.76   0.00]  neighbors=[0][32m [repeated 20x across cluster][0m
[36m(RolloutWorker pid=3112541)[0m     adj=[0  0  1  0]  dist=[ 5.72   7.02   0.00   4.76]  neighbors=[][32m [repeated 8x across cluster][0m
[36m(RolloutWorker pid=3112541)[0m   robot_3 pos=(-0.750,-0.600) status=active[32m [repeated 15x across cluster][0m
[36m(RolloutWorker pid=3112541)[0m [comm] step=   3  agent_3  my_pos=(-0.750,-0.600)  candidates=[np.int64(0)]  received=1/1[32m [repeated 20x across cluster][0m
[36m(RolloutWorker pid=3112541)[0m [comm] step=   3  agent_2  my_pos=(0.000,-5.300)  candidates=[]  received=0/0[32m [repeated 8x across cluster][0m
[36m(RolloutWorker pid=3112541)[0m     (无有效邻居: 范围外/丢包/延迟填零)[32m [repeated 8x across cluster][0m
[36m(RolloutWorker pid=3112532)[0m     slot[0] neighbor=agent_2 dist=1.629m  n_pos=(-0.450,-0.050)  rel_pos=(1.550,-0.500)
[36m(RolloutWorker pid=3112532)[0m     slot[1] neighbor=agent_1 dist=3.300m  n_pos=(1.300,0.500)  rel_pos=(3.300,0.050)
[36m(RolloutWorker pid=3112532)[0m     slot[0] neighbor=agent_2 dist=1.834m  n_pos=(-0.450,-0.050)  rel_pos=(-1.750,-0.550)
[36m(RolloutWorker pid=3112532)[0m     slot[1] neighbor=agent_0 dist=3.300m  n_pos=(-2.000,0.450)  rel_pos=(-3.300,-0.050)
[36m(RolloutWorker pid=3112532)[0m     slot[0] neighbor=agent_0 dist=1.629m  n_pos=(-2.000,0.450)  rel_pos=(-1.550,0.500)
[36m(RolloutWorker pid=3112532)[0m     slot[1] neighbor=agent_1 dist=1.834m  n_pos=(1.300,0.500)  rel_pos=(1.750,0.550)
[36m(RolloutWorker pid=3112532)[0m     slot[0] neighbor=agent_2 dist=1.629m  n_pos=(-0.450,-0.050)  rel_pos=(1.550,-0.500)
[36m(RolloutWorker pid=3112532)[0m     slot[1] neighbor=agent_1 dist=3.300m  n_pos=(1.300,0.500)  rel_pos=(3.300,0.050)
[36m(RolloutWorker pid=3112532)[0m     slot[0] neighbor=agent_2 dist=1.834m  n_pos=(-0.450,-0.050)  rel_pos=(-1.750,-0.550)
[36m(RolloutWorker pid=3112532)[0m     slot[1] neighbor=agent_0 dist=3.300m  n_pos=(-2.000,0.450)  rel_pos=(-3.300,-0.050)
[36m(RolloutWorker pid=3112532)[0m     slot[0] neighbor=agent_0 dist=1.629m  n_pos=(-2.000,0.450)  rel_pos=(-1.550,0.500)
[36m(RolloutWorker pid=3112532)[0m     slot[1] neighbor=agent_1 dist=1.834m  n_pos=(1.300,0.500)  rel_pos=(1.750,0.550)
[36m(RolloutWorker pid=3112532)[0m     slot[0] neighbor=agent_2 dist=1.629m  n_pos=(-0.450,-0.050)  rel_pos=(1.550,-0.500)
[36m(RolloutWorker pid=3112532)[0m     slot[1] neighbor=agent_1 dist=3.300m  n_pos=(1.300,0.500)  rel_pos=(3.300,0.050)
[36m(RolloutWorker pid=3112532)[0m     slot[0] neighbor=agent_2 dist=1.834m  n_pos=(-0.450,-0.050)  rel_pos=(-1.750,-0.550)
[36m(RolloutWorker pid=3112532)[0m     slot[1] neighbor=agent_0 dist=3.300m  n_pos=(-2.000,0.450)  rel_pos=(-3.300,-0.050)
[36m(RolloutWorker pid=3112532)[0m     slot[0] neighbor=agent_0 dist=1.629m  n_pos=(-2.000,0.450)  rel_pos=(-1.550,0.500)
[36m(RolloutWorker pid=3112532)[0m     slot[1] neighbor=agent_1 dist=1.834m  n_pos=(1.300,0.500)  rel_pos=(1.750,0.550)
[36m(RolloutWorker pid=3112532)[0m     slot[0] neighbor=agent_2 dist=1.635m  n_pos=(-0.449,-0.050)  rel_pos=(1.556,-0.502)
[36m(RolloutWorker pid=3112532)[0m     slot[1] neighbor=agent_1 dist=3.306m  n_pos=(1.300,0.500)  rel_pos=(3.305,0.048)
[36m(RolloutWorker pid=3112532)[0m     slot[0] neighbor=agent_2 dist=1.833m  n_pos=(-0.449,-0.050)  rel_pos=(-1.749,-0.550)
[36m(RolloutWorker pid=3112532)[0m     slot[1] neighbor=agent_0 dist=3.306m  n_pos=(-2.005,0.452)  rel_pos=(-3.305,-0.048)
[36m(RolloutWorker pid=3112532)[0m     slot[0] neighbor=agent_0 dist=1.635m  n_pos=(-2.005,0.452)  rel_pos=(-1.556,0.502)
[36m(RolloutWorker pid=3112532)[0m     slot[1] neighbor=agent_1 dist=1.833m  n_pos=(1.300,0.500)  rel_pos=(1.749,0.550)
  [███████░░░░░░░░░░░░░░░░░░░░░░░]  24.0%    12,000 / 50,000 步  回报 -27195.31  ETA 00:22:40