[INFO] [launch]: All log files can be found below /home/wj/.ros/log/2026-05-16-16-56-41-406896-wj-Default-string-3106132
[INFO] [launch]: Default logging verbosity is set to INFO
[INFO] Loading world (HEADLESS): /home/wj/work/multi-robot-exploration-rl/install/start_rl_environment_tb3/share/start_rl_environment_tb3/worlds/interaction_hub.world
[INFO] Using GAZEBO_MASTER_URI: http://127.0.0.1:11345
[INFO] Spawning 4 TurtleBot3 robots on interaction_hub...
[INFO] Using random positions
[INFO] Using fixed positions for 4 robots
[INFO]   Robot 0: Robot 0 - west lower at (-5.10, -0.85)
[INFO]   Robot 1: Robot 1 - west upper at (-5.10, 0.85)
[INFO]   Robot 2: Robot 2 - east upper at (5.10, 0.85)
[INFO]   Robot 3: Robot 3 - east lower at (5.10, -0.85)
[spawn_robots] Created modified SDF for tb3_0 at /tmp/tb3_0_ybkj9crx.sdf
[spawn_robots] Created modified SDF for tb3_1 at /tmp/tb3_1_xxbnlz7w.sdf
[spawn_robots] Created modified SDF for tb3_2 at /tmp/tb3_2_qp43tnjj.sdf
[spawn_robots] Created modified SDF for tb3_3 at /tmp/tb3_3_ncvz78l4.sdf
[INFO] Map Server loading: /home/wj/work/multi-robot-exploration-rl/install/start_rl_environment_tb3/share/start_rl_environment_tb3/maps/interaction_hub.yaml
[INFO] [gzserver-1]: process started with pid [3106179]
[INFO] [robot_state_publisher-2]: process started with pid [3106181]
[INFO] [spawn_entity.py-3]: process started with pid [3106183]
[INFO] [static_transform_publisher-4]: process started with pid [3106185]
[INFO] [robot_state_publisher-5]: process started with pid [3106187]
[INFO] [spawn_entity.py-6]: process started with pid [3106189]
[INFO] [static_transform_publisher-7]: process started with pid [3106191]
[INFO] [robot_state_publisher-8]: process started with pid [3106193]
[INFO] [spawn_entity.py-9]: process started with pid [3106195]
[INFO] [static_transform_publisher-10]: process started with pid [3106197]
[INFO] [robot_state_publisher-11]: process started with pid [3106199]
[INFO] [spawn_entity.py-12]: process started with pid [3106202]
[INFO] [static_transform_publisher-13]: process started with pid [3106204]
[INFO] [map_server-14]: process started with pid [3106206]
[INFO] [lifecycle_manager-15]: process started with pid [3106208]
[INFO] [obstacle_mover.py-16]: process started with pid [3106214]
[static_transform_publisher-4] [WARN] [1778921801.657632545] []: Old-style arguments are deprecated; see --help for new-style arguments
[static_transform_publisher-7] [WARN] [1778921801.657705510] []: Old-style arguments are deprecated; see --help for new-style arguments
[static_transform_publisher-10] [WARN] [1778921801.661008133] []: Old-style arguments are deprecated; see --help for new-style arguments
[static_transform_publisher-13] [WARN] [1778921801.667389201] []: Old-style arguments are deprecated; see --help for new-style arguments
[robot_state_publisher-2] [INFO] [1778921801.684426867] [tb3_0.robot_state_publisher]: got segment base_footprint
[robot_state_publisher-2] [INFO] [1778921801.684596234] [tb3_0.robot_state_publisher]: got segment base_link
[robot_state_publisher-2] [INFO] [1778921801.684619167] [tb3_0.robot_state_publisher]: got segment base_scan
[robot_state_publisher-2] [INFO] [1778921801.684632633] [tb3_0.robot_state_publisher]: got segment caster_back_link
[robot_state_publisher-2] [INFO] [1778921801.684644267] [tb3_0.robot_state_publisher]: got segment imu_link
[robot_state_publisher-2] [INFO] [1778921801.684655451] [tb3_0.robot_state_publisher]: got segment wheel_left_link
[robot_state_publisher-2] [INFO] [1778921801.684666938] [tb3_0.robot_state_publisher]: got segment wheel_right_link
[static_transform_publisher-7] [INFO] [1778921801.700177059] [static_tf_tb3_1]: Spinning until stopped - publishing transform
[static_transform_publisher-7] translation: ('0.000000', '0.000000', '0.000000')
[static_transform_publisher-7] rotation: ('0.000000', '0.000000', '0.000000', '1.000000')
[static_transform_publisher-7] from 'map' to 'tb3_1/odom'
[robot_state_publisher-11] [INFO] [1778921801.709419170] [tb3_3.robot_state_publisher]: got segment base_footprint
[robot_state_publisher-11] [INFO] [1778921801.709565011] [tb3_3.robot_state_publisher]: got segment base_link
[robot_state_publisher-11] [INFO] [1778921801.709586604] [tb3_3.robot_state_publisher]: got segment base_scan
[robot_state_publisher-11] [INFO] [1778921801.709594569] [tb3_3.robot_state_publisher]: got segment caster_back_link
[robot_state_publisher-11] [INFO] [1778921801.709600604] [tb3_3.robot_state_publisher]: got segment imu_link
[robot_state_publisher-11] [INFO] [1778921801.709606002] [tb3_3.robot_state_publisher]: got segment wheel_left_link
[robot_state_publisher-11] [INFO] [1778921801.709611390] [tb3_3.robot_state_publisher]: got segment wheel_right_link
[static_transform_publisher-13] [INFO] [1778921801.715304096] [static_tf_tb3_3]: Spinning until stopped - publishing transform
[static_transform_publisher-13] translation: ('0.000000', '0.000000', '0.000000')
[static_transform_publisher-13] rotation: ('0.000000', '0.000000', '0.000000', '1.000000')
[static_transform_publisher-13] from 'map' to 'tb3_3/odom'
[robot_state_publisher-5] [INFO] [1778921801.718081309] [tb3_1.robot_state_publisher]: got segment base_footprint
[robot_state_publisher-5] [INFO] [1778921801.718243627] [tb3_1.robot_state_publisher]: got segment base_link
[robot_state_publisher-5] [INFO] [1778921801.718264695] [tb3_1.robot_state_publisher]: got segment base_scan
[robot_state_publisher-5] [INFO] [1778921801.718274883] [tb3_1.robot_state_publisher]: got segment caster_back_link
[robot_state_publisher-5] [INFO] [1778921801.718284678] [tb3_1.robot_state_publisher]: got segment imu_link
[robot_state_publisher-5] [INFO] [1778921801.718293924] [tb3_1.robot_state_publisher]: got segment wheel_left_link
[robot_state_publisher-5] [INFO] [1778921801.718303896] [tb3_1.robot_state_publisher]: got segment wheel_right_link
[lifecycle_manager-15] [INFO] [1778921801.719077408] [lifecycle_manager_map]: Creating
[lifecycle_manager-15] [INFO] [1778921801.726068629] [lifecycle_manager_map]: [34m[1mCreating and initializing lifecycle service clients[0m[0m
[static_transform_publisher-4] [INFO] [1778921801.726603547] [static_tf_tb3_0]: Spinning until stopped - publishing transform
[static_transform_publisher-4] translation: ('0.000000', '0.000000', '0.000000')
[static_transform_publisher-4] rotation: ('0.000000', '0.000000', '0.000000', '1.000000')
[static_transform_publisher-4] from 'map' to 'tb3_0/odom'
[static_transform_publisher-10] [INFO] [1778921801.733525200] [static_tf_tb3_2]: Spinning until stopped - publishing transform
[static_transform_publisher-10] translation: ('0.000000', '0.000000', '0.000000')
[static_transform_publisher-10] rotation: ('0.000000', '0.000000', '0.000000', '1.000000')
[static_transform_publisher-10] from 'map' to 'tb3_2/odom'
[robot_state_publisher-8] [INFO] [1778921801.738068740] [tb3_2.robot_state_publisher]: got segment base_footprint
[robot_state_publisher-8] [INFO] [1778921801.738286650] [tb3_2.robot_state_publisher]: got segment base_link
[robot_state_publisher-8] [INFO] [1778921801.738306321] [tb3_2.robot_state_publisher]: got segment base_scan
[robot_state_publisher-8] [INFO] [1778921801.738317817] [tb3_2.robot_state_publisher]: got segment caster_back_link
[robot_state_publisher-8] [INFO] [1778921801.738329838] [tb3_2.robot_state_publisher]: got segment imu_link
[robot_state_publisher-8] [INFO] [1778921801.738339750] [tb3_2.robot_state_publisher]: got segment wheel_left_link
[robot_state_publisher-8] [INFO] [1778921801.738350356] [tb3_2.robot_state_publisher]: got segment wheel_right_link
[lifecycle_manager-15] [INFO] [1778921801.743676035] [lifecycle_manager_map]: [34m[1mStarting managed nodes bringup...[0m[0m
[lifecycle_manager-15] [INFO] [1778921801.743736069] [lifecycle_manager_map]: [34m[1mConfiguring map_server[0m[0m
[map_server-14] [INFO] [1778921801.747154926] [map_server]: 
[map_server-14] 	map_server lifecycle node launched. 
[map_server-14] 	Waiting on external lifecycle transitions to activate
[map_server-14] 	See https://design.ros2.org/articles/node_lifecycle.html for more information.
[map_server-14] [INFO] [1778921801.747337965] [map_server]: Creating
[map_server-14] [INFO] [1778921801.747776207] [map_server]: Configuring
[map_server-14] [INFO] [1778921801.747847176] [map_io]: Loading yaml file: /home/wj/work/multi-robot-exploration-rl/install/start_rl_environment_tb3/share/start_rl_environment_tb3/maps/interaction_hub.yaml
[map_server-14] [INFO] [1778921801.748191838] [map_io]: resolution: 0.05
[map_server-14] [INFO] [1778921801.748204814] [map_io]: origin[0]: -6
[map_server-14] [INFO] [1778921801.748209947] [map_io]: origin[1]: -6
[map_server-14] [INFO] [1778921801.748214730] [map_io]: origin[2]: 0
[map_server-14] [INFO] [1778921801.748219817] [map_io]: free_thresh: 0.196
[map_server-14] [INFO] [1778921801.748224815] [map_io]: occupied_thresh: 0.65
[map_server-14] [INFO] [1778921801.748230216] [map_io]: mode: trinary
[map_server-14] [INFO] [1778921801.748235996] [map_io]: negate: 0
[map_server-14] [INFO] [1778921801.748433428] [map_io]: Loading image_file: /home/wj/work/multi-robot-exploration-rl/install/start_rl_environment_tb3/share/start_rl_environment_tb3/maps/interaction_hub.pgm
[map_server-14] [INFO] [1778921801.756280123] [map_io]: Read map /home/wj/work/multi-robot-exploration-rl/install/start_rl_environment_tb3/share/start_rl_environment_tb3/maps/interaction_hub.pgm: 240 X 240 map @ 0.05 m/cell
[lifecycle_manager-15] [INFO] [1778921801.762226930] [lifecycle_manager_map]: [34m[1mActivating map_server[0m[0m
[map_server-14] [INFO] [1778921801.762390371] [map_server]: Activating
[map_server-14] [INFO] [1778921801.762733814] [map_server]: Creating bond (map_server) to lifecycle manager.
[lifecycle_manager-15] [INFO] [1778921801.867912288] [lifecycle_manager_map]: Server map_server connected with bond.
[lifecycle_manager-15] [INFO] [1778921801.867965287] [lifecycle_manager_map]: [34m[1mManaged nodes are active[0m[0m
[lifecycle_manager-15] [INFO] [1778921801.867983756] [lifecycle_manager_map]: [34m[1mCreating bond timer...[0m[0m
[spawn_entity.py-6] [INFO] [1778921802.253340950] [tb3_1.spawn_entity]: Spawn Entity started
[spawn_entity.py-6] [INFO] [1778921802.253762012] [tb3_1.spawn_entity]: Loading entity XML from file /tmp/tb3_1_xxbnlz7w.sdf
[spawn_entity.py-6] [INFO] [1778921802.254671883] [tb3_1.spawn_entity]: Waiting for service /spawn_entity, timeout = 30
[spawn_entity.py-6] [INFO] [1778921802.255050697] [tb3_1.spawn_entity]: Waiting for service /spawn_entity
[gzserver-1] Gazebo multi-robot simulator, version 11.10.2
[gzserver-1] Copyright (C) 2012 Open Source Robotics Foundation.
[gzserver-1] Released under the Apache 2 License.
[gzserver-1] http://gazebosim.org
[gzserver-1] 
[spawn_entity.py-12] [INFO] [1778921802.281470769] [tb3_3.spawn_entity]: Spawn Entity started
[spawn_entity.py-12] [INFO] [1778921802.281943411] [tb3_3.spawn_entity]: Loading entity XML from file /tmp/tb3_3_ncvz78l4.sdf
[spawn_entity.py-12] [INFO] [1778921802.282863708] [tb3_3.spawn_entity]: Waiting for service /spawn_entity, timeout = 30
[spawn_entity.py-12] [INFO] [1778921802.283241526] [tb3_3.spawn_entity]: Waiting for service /spawn_entity
[spawn_entity.py-3] [INFO] [1778921802.304518948] [tb3_0.spawn_entity]: Spawn Entity started
[spawn_entity.py-3] [INFO] [1778921802.304952950] [tb3_0.spawn_entity]: Loading entity XML from file /tmp/tb3_0_ybkj9crx.sdf
[spawn_entity.py-3] [INFO] [1778921802.305903024] [tb3_0.spawn_entity]: Waiting for service /spawn_entity, timeout = 30
[spawn_entity.py-3] [INFO] [1778921802.306245145] [tb3_0.spawn_entity]: Waiting for service /spawn_entity
[spawn_entity.py-9] [INFO] [1778921802.401878161] [tb3_2.spawn_entity]: Spawn Entity started
[spawn_entity.py-9] [INFO] [1778921802.402670806] [tb3_2.spawn_entity]: Loading entity XML from file /tmp/tb3_2_qp43tnjj.sdf
[spawn_entity.py-9] [INFO] [1778921802.404683089] [tb3_2.spawn_entity]: Waiting for service /spawn_entity, timeout = 30
[spawn_entity.py-9] [INFO] [1778921802.405412376] [tb3_2.spawn_entity]: Waiting for service /spawn_entity
[gzserver-1] [1;33m[Wrn] [gazebo_ros_init.cpp:178] [0m[1;33m
[gzserver-1] #     # ####### ####### ###  #####  #######
[gzserver-1] ##    # #     #    #     #  #     # #
[gzserver-1] # #   # #     #    #     #  #       #
[gzserver-1] #  #  # #     #    #     #  #       #####
[gzserver-1] #   # # #     #    #     #  #       #
[gzserver-1] #    ## #     #    #     #  #     # #
[gzserver-1] #     # #######    #    ###  #####  #######
[gzserver-1] 
[gzserver-1] This version of Gazebo, now called Gazebo classic, reaches end-of-life
[gzserver-1] in January 2025. Users are highly encouraged to migrate to the new Gazebo
[gzserver-1] using our migration guides (https://gazebosim.org/docs/latest/gazebo_classic_migration?utm_source=gazebo_ros_pkgs&utm_medium=cli)
[gzserver-1] 
[gzserver-1] [0m[1;33m
[gzserver-1] [1;32m[Msg] [0m[1;32mWaiting for master.[0m[1;32m
[gzserver-1] [0m[1;32m[0m[1;32m[0m[1;32m[Msg] [0m[1;32mConnected to gazebo master @ [0m[1;32mhttp://127.0.0.1:11345[0m[1;32m
[gzserver-1] [0m[1;32m[0m[1;32m[0m[1;32m[Msg] [0m[1;32mPublicized address: [0m[1;32m172.19.10.153[0m[1;32m
[gzserver-1] [0m[1;32m[0m[1;32m[0m[1;32m[Msg] [0m[1;32mLoading world file [[0m[1;32m/home/wj/work/multi-robot-exploration-rl/install/start_rl_environment_tb3/share/start_rl_environment_tb3/worlds/interaction_hub.world[0m[1;32m][0m[1;32m
[gzserver-1] [0m[1;33m[0m[1;33m[0m[WARN] [1778921803.881014063] [rcl]: Found remap rule 'model_states:=model_states_demo'. This syntax is deprecated. Use '--ros-args --remap model_states:=model_states_demo' instead.
[gzserver-1] [INFO] [1778921803.896083672] [gazebo_ros_state]: Publishing states of gazebo models at [/model_states_demo]
[gzserver-1] [INFO] [1778921803.897074610] [gazebo_ros_state]: Publishing states of gazebo links at [/link_states]
[spawn_entity.py-9] [INFO] [1778921803.915947379] [tb3_2.spawn_entity]: Calling service /spawn_entity
[spawn_entity.py-6] [INFO] [1778921804.012447802] [tb3_1.spawn_entity]: Calling service /spawn_entity
[spawn_entity.py-12] [INFO] [1778921804.040800512] [tb3_3.spawn_entity]: Calling service /spawn_entity
[obstacle_mover.py-16] [INFO] [1778921804.055774422] [obstacle_mover]: [obstacle_mover] map=6  0 个障碍物  速度=0.000 m/s (scale×0.0)  30 Hz  随机游走模式
[obstacle_mover.py-16] [INFO] [1778921804.058521910] [obstacle_mover]: [obstacle_mover] ✅ dyn_obs_0~dyn_obs_7 已下沉至 z=-10.0
[spawn_entity.py-3] [INFO] [1778921804.062916079] [tb3_0.spawn_entity]: Calling service /spawn_entity
[gzserver-1] [INFO] [1778921804.255802227] [tb3_2.turtlebot3_imu]: <initial_orientation_as_reference> is unset, using default value of false to comply with REP 145 (world as orientation reference)
[spawn_entity.py-9] [INFO] [1778921804.354398459] [tb3_2.spawn_entity]: Spawn status: SpawnEntity: Successfully spawned entity [tb3_2]
[gzserver-1] [INFO] [1778921804.486773720] [tb3_2.turtlebot3_diff_drive]: Wheel pair 1 separation set to [0.160000m]
[gzserver-1] [INFO] [1778921804.486837503] [tb3_2.turtlebot3_diff_drive]: Wheel pair 1 diameter set to [0.066000m]
[gzserver-1] [INFO] [1778921804.489081325] [tb3_2.turtlebot3_diff_drive]: Subscribed to [/tb3_2/cmd_vel]
[gzserver-1] [INFO] [1778921804.492542254] [tb3_2.turtlebot3_diff_drive]: Advertise odometry on [/tb3_2/odom]
[gzserver-1] [INFO] [1778921804.496909865] [tb3_2.turtlebot3_diff_drive]: Publishing odom transforms between [tb3_2/odom] and [tb3_2/base_footprint]
[INFO] [spawn_entity.py-9]: process has finished cleanly [pid 3106195]
[gzserver-1] [INFO] [1778921804.517761671] [tb3_2.turtlebot3_joint_state]: Going to publish joint [wheel_left_joint]
[gzserver-1] [INFO] [1778921804.517822676] [tb3_2.turtlebot3_joint_state]: Going to publish joint [wheel_right_joint]
[gzserver-1] [INFO] [1778921804.838629807] [tb3_1.turtlebot3_imu]: <initial_orientation_as_reference> is unset, using default value of false to comply with REP 145 (world as orientation reference)
[spawn_entity.py-6] [INFO] [1778921804.961241184] [tb3_1.spawn_entity]: Spawn status: SpawnEntity: Successfully spawned entity [tb3_1]
[gzserver-1] [INFO] [1778921805.072662885] [tb3_1.turtlebot3_diff_drive]: Wheel pair 1 separation set to [0.160000m]
[gzserver-1] [INFO] [1778921805.072755668] [tb3_1.turtlebot3_diff_drive]: Wheel pair 1 diameter set to [0.066000m]
[gzserver-1] [INFO] [1778921805.074645086] [tb3_1.turtlebot3_diff_drive]: Subscribed to [/tb3_1/cmd_vel]
[gzserver-1] [INFO] [1778921805.075874370] [tb3_1.turtlebot3_diff_drive]: Advertise odometry on [/tb3_1/odom]
[gzserver-1] [INFO] [1778921805.077592662] [tb3_1.turtlebot3_diff_drive]: Publishing odom transforms between [tb3_1/odom] and [tb3_1/base_footprint]
[gzserver-1] [INFO] [1778921805.094363659] [tb3_1.turtlebot3_joint_state]: Going to publish joint [wheel_left_joint]
[gzserver-1] [INFO] [1778921805.094435720] [tb3_1.turtlebot3_joint_state]: Going to publish joint [wheel_right_joint]
[INFO] [spawn_entity.py-6]: process has finished cleanly [pid 3106189]
[gzserver-1] [INFO] [1778921805.386887629] [tb3_3.turtlebot3_imu]: <initial_orientation_as_reference> is unset, using default value of false to comply with REP 145 (world as orientation reference)
[spawn_entity.py-12] [INFO] [1778921805.515118161] [tb3_3.spawn_entity]: Spawn status: SpawnEntity: Successfully spawned entity [tb3_3]
[gzserver-1] [INFO] [1778921805.628661660] [tb3_3.turtlebot3_diff_drive]: Wheel pair 1 separation set to [0.160000m]
[gzserver-1] [INFO] [1778921805.628724848] [tb3_3.turtlebot3_diff_drive]: Wheel pair 1 diameter set to [0.066000m]
[gzserver-1] [INFO] [1778921805.629679147] [tb3_3.turtlebot3_diff_drive]: Subscribed to [/tb3_3/cmd_vel]
[gzserver-1] [INFO] [1778921805.630813933] [tb3_3.turtlebot3_diff_drive]: Advertise odometry on [/tb3_3/odom]
[gzserver-1] [INFO] [1778921805.634190210] [tb3_3.turtlebot3_diff_drive]: Publishing odom transforms between [tb3_3/odom] and [tb3_3/base_footprint]
[gzserver-1] [INFO] [1778921805.650588371] [tb3_3.turtlebot3_joint_state]: Going to publish joint [wheel_left_joint]
[gzserver-1] [INFO] [1778921805.650674556] [tb3_3.turtlebot3_joint_state]: Going to publish joint [wheel_right_joint]
[INFO] [spawn_entity.py-12]: process has finished cleanly [pid 3106202]
[gzserver-1] [INFO] [1778921805.954322821] [tb3_0.turtlebot3_imu]: <initial_orientation_as_reference> is unset, using default value of false to comply with REP 145 (world as orientation reference)
[spawn_entity.py-3] [INFO] [1778921806.064578205] [tb3_0.spawn_entity]: Spawn status: SpawnEntity: Successfully spawned entity [tb3_0]
[gzserver-1] [INFO] [1778921806.177723934] [tb3_0.turtlebot3_diff_drive]: Wheel pair 1 separation set to [0.160000m]
[gzserver-1] [INFO] [1778921806.177848328] [tb3_0.turtlebot3_diff_drive]: Wheel pair 1 diameter set to [0.066000m]
[gzserver-1] [INFO] [1778921806.179471242] [tb3_0.turtlebot3_diff_drive]: Subscribed to [/tb3_0/cmd_vel]
[gzserver-1] [INFO] [1778921806.181045935] [tb3_0.turtlebot3_diff_drive]: Advertise odometry on [/tb3_0/odom]
[gzserver-1] [INFO] [1778921806.183681595] [tb3_0.turtlebot3_diff_drive]: Publishing odom transforms between [tb3_0/odom] and [tb3_0/base_footprint]
[gzserver-1] [INFO] [1778921806.199327860] [tb3_0.turtlebot3_joint_state]: Going to publish joint [wheel_left_joint]
[gzserver-1] [INFO] [1778921806.199377844] [tb3_0.turtlebot3_joint_state]: Going to publish joint [wheel_right_joint]
[INFO] [spawn_entity.py-3]: process has finished cleanly [pid 3106183]
