[INFO] [launch]: All log files can be found below /home/wj/.ros/log/2026-05-18-23-24-25-685957-wj-Default-string-4037402
[INFO] [launch]: Default logging verbosity is set to INFO
[INFO] Loading world for TurtleBot3: /home/wj/work/multi-robot-exploration-rl/install/start_rl_environment_tb3/share/start_rl_environment_tb3/worlds/interaction_hub.world
[INFO] Spawning 4 TurtleBot3 robots on interaction_hub...
[INFO] Using random positions
[INFO] Using fixed positions for 4 robots
[INFO]   Robot 0: Robot 0 - west lower at (-5.10, -0.85)
[INFO]   Robot 1: Robot 1 - west upper at (-5.10, 0.85)
[INFO]   Robot 2: Robot 2 - east upper at (5.10, 0.85)
[INFO]   Robot 3: Robot 3 - east lower at (5.10, -0.85)
[spawn_robots] Created modified SDF for tb3_0 at /tmp/tb3_0_7s84h9a6.sdf
[spawn_robots] Created modified SDF for tb3_1 at /tmp/tb3_1_b1j_6agx.sdf
[spawn_robots] Created modified SDF for tb3_2 at /tmp/tb3_2_alfaufl3.sdf
[spawn_robots] Created modified SDF for tb3_3 at /tmp/tb3_3_6emq608a.sdf
[INFO] Map Server loading: /home/wj/work/multi-robot-exploration-rl/install/start_rl_environment_tb3/share/start_rl_environment_tb3/maps/interaction_hub.yaml
[INFO] [gzserver-1]: process started with pid [4037515]
[INFO] [gzclient-2]: process started with pid [4037517]
[INFO] [robot_state_publisher-3]: process started with pid [4037519]
[INFO] [spawn_entity.py-4]: process started with pid [4037521]
[INFO] [static_transform_publisher-5]: process started with pid [4037523]
[INFO] [robot_state_publisher-6]: process started with pid [4037525]
[INFO] [spawn_entity.py-7]: process started with pid [4037527]
[INFO] [static_transform_publisher-8]: process started with pid [4037529]
[INFO] [robot_state_publisher-9]: process started with pid [4037531]
[INFO] [spawn_entity.py-10]: process started with pid [4037533]
[INFO] [static_transform_publisher-11]: process started with pid [4037535]
[INFO] [robot_state_publisher-12]: process started with pid [4037537]
[INFO] [spawn_entity.py-13]: process started with pid [4037540]
[INFO] [static_transform_publisher-14]: process started with pid [4037556]
[INFO] [map_server-15]: process started with pid [4037566]
[INFO] [lifecycle_manager-16]: process started with pid [4037573]
[INFO] [rviz2-17]: process started with pid [4037578]
[INFO] [obstacle_mover.py-18]: process started with pid [4037589]
[static_transform_publisher-5] [WARN] [1779117866.565755275] []: Old-style arguments are deprecated; see --help for new-style arguments
[static_transform_publisher-8] [WARN] [1779117866.585619210] []: Old-style arguments are deprecated; see --help for new-style arguments
[static_transform_publisher-11] [WARN] [1779117866.574099796] []: Old-style arguments are deprecated; see --help for new-style arguments
[static_transform_publisher-14] [WARN] [1779117866.594091761] []: Old-style arguments are deprecated; see --help for new-style arguments
[static_transform_publisher-5] [INFO] [1779117866.599618923] [static_tf_tb3_0]: Spinning until stopped - publishing transform
[static_transform_publisher-5] translation: ('0.000000', '0.000000', '0.000000')
[static_transform_publisher-5] rotation: ('0.000000', '0.000000', '0.000000', '1.000000')
[static_transform_publisher-5] from 'map' to 'tb3_0/odom'
[robot_state_publisher-6] [INFO] [1779117866.621100238] [tb3_1.robot_state_publisher]: got segment base_footprint
[robot_state_publisher-6] [INFO] [1779117866.621251813] [tb3_1.robot_state_publisher]: got segment base_link
[robot_state_publisher-6] [INFO] [1779117866.621280482] [tb3_1.robot_state_publisher]: got segment base_scan
[robot_state_publisher-6] [INFO] [1779117866.621295131] [tb3_1.robot_state_publisher]: got segment caster_back_link
[robot_state_publisher-6] [INFO] [1779117866.621306687] [tb3_1.robot_state_publisher]: got segment imu_link
[robot_state_publisher-6] [INFO] [1779117866.621316680] [tb3_1.robot_state_publisher]: got segment wheel_left_link
[robot_state_publisher-6] [INFO] [1779117866.621326256] [tb3_1.robot_state_publisher]: got segment wheel_right_link
[static_transform_publisher-14] [INFO] [1779117866.630253800] [static_tf_tb3_3]: Spinning until stopped - publishing transform
[static_transform_publisher-14] translation: ('0.000000', '0.000000', '0.000000')
[static_transform_publisher-14] rotation: ('0.000000', '0.000000', '0.000000', '1.000000')
[static_transform_publisher-14] from 'map' to 'tb3_3/odom'
[robot_state_publisher-12] [INFO] [1779117866.636567601] [tb3_3.robot_state_publisher]: got segment base_footprint
[robot_state_publisher-12] [INFO] [1779117866.636769052] [tb3_3.robot_state_publisher]: got segment base_link
[robot_state_publisher-12] [INFO] [1779117866.636792992] [tb3_3.robot_state_publisher]: got segment base_scan
[robot_state_publisher-12] [INFO] [1779117866.636805898] [tb3_3.robot_state_publisher]: got segment caster_back_link
[robot_state_publisher-12] [INFO] [1779117866.637018483] [tb3_3.robot_state_publisher]: got segment imu_link
[robot_state_publisher-12] [INFO] [1779117866.637220756] [tb3_3.robot_state_publisher]: got segment wheel_left_link
[robot_state_publisher-12] [INFO] [1779117866.637247668] [tb3_3.robot_state_publisher]: got segment wheel_right_link
[robot_state_publisher-3] [INFO] [1779117866.638517867] [tb3_0.robot_state_publisher]: got segment base_footprint
[robot_state_publisher-3] [INFO] [1779117866.639236909] [tb3_0.robot_state_publisher]: got segment base_link
[robot_state_publisher-3] [INFO] [1779117866.639254621] [tb3_0.robot_state_publisher]: got segment base_scan
[robot_state_publisher-3] [INFO] [1779117866.639261853] [tb3_0.robot_state_publisher]: got segment caster_back_link
[robot_state_publisher-3] [INFO] [1779117866.639268208] [tb3_0.robot_state_publisher]: got segment imu_link
[robot_state_publisher-3] [INFO] [1779117866.639284060] [tb3_0.robot_state_publisher]: got segment wheel_left_link
[robot_state_publisher-3] [INFO] [1779117866.639294781] [tb3_0.robot_state_publisher]: got segment wheel_right_link
[robot_state_publisher-9] [INFO] [1779117866.645226919] [tb3_2.robot_state_publisher]: got segment base_footprint
[robot_state_publisher-9] [INFO] [1779117866.647192769] [tb3_2.robot_state_publisher]: got segment base_link
[robot_state_publisher-9] [INFO] [1779117866.647219964] [tb3_2.robot_state_publisher]: got segment base_scan
[robot_state_publisher-9] [INFO] [1779117866.647233573] [tb3_2.robot_state_publisher]: got segment caster_back_link
[robot_state_publisher-9] [INFO] [1779117866.647244697] [tb3_2.robot_state_publisher]: got segment imu_link
[robot_state_publisher-9] [INFO] [1779117866.647254921] [tb3_2.robot_state_publisher]: got segment wheel_left_link
[robot_state_publisher-9] [INFO] [1779117866.647265152] [tb3_2.robot_state_publisher]: got segment wheel_right_link
[static_transform_publisher-11] [INFO] [1779117866.660294665] [static_tf_tb3_2]: Spinning until stopped - publishing transform
[static_transform_publisher-11] translation: ('0.000000', '0.000000', '0.000000')
[static_transform_publisher-11] rotation: ('0.000000', '0.000000', '0.000000', '1.000000')
[static_transform_publisher-11] from 'map' to 'tb3_2/odom'
[map_server-15] [INFO] [1779117866.665627118] [map_server]: 
[map_server-15] 	map_server lifecycle node launched. 
[map_server-15] 	Waiting on external lifecycle transitions to activate
[map_server-15] 	See https://design.ros2.org/articles/node_lifecycle.html for more information.
[map_server-15] [INFO] [1779117866.665860331] [map_server]: Creating
[static_transform_publisher-8] [INFO] [1779117866.666042111] [static_tf_tb3_1]: Spinning until stopped - publishing transform
[static_transform_publisher-8] translation: ('0.000000', '0.000000', '0.000000')
[static_transform_publisher-8] rotation: ('0.000000', '0.000000', '0.000000', '1.000000')
[static_transform_publisher-8] from 'map' to 'tb3_1/odom'
[lifecycle_manager-16] [INFO] [1779117866.676458658] [lifecycle_manager_map]: Creating
[lifecycle_manager-16] [INFO] [1779117866.682935534] [lifecycle_manager_map]: [34m[1mCreating and initializing lifecycle service clients[0m[0m
[lifecycle_manager-16] [INFO] [1779117866.684954499] [lifecycle_manager_map]: [34m[1mStarting managed nodes bringup...[0m[0m
[lifecycle_manager-16] [INFO] [1779117866.685001713] [lifecycle_manager_map]: [34m[1mConfiguring map_server[0m[0m
[map_server-15] [INFO] [1779117866.685357214] [map_server]: Configuring
[map_server-15] [INFO] [1779117866.685438155] [map_io]: Loading yaml file: /home/wj/work/multi-robot-exploration-rl/install/start_rl_environment_tb3/share/start_rl_environment_tb3/maps/interaction_hub.yaml
[map_server-15] [INFO] [1779117866.685795554] [map_io]: resolution: 0.05
[map_server-15] [INFO] [1779117866.685812362] [map_io]: origin[0]: -6
[map_server-15] [INFO] [1779117866.685820979] [map_io]: origin[1]: -6
[map_server-15] [INFO] [1779117866.685828538] [map_io]: origin[2]: 0
[map_server-15] [INFO] [1779117866.685836719] [map_io]: free_thresh: 0.196
[map_server-15] [INFO] [1779117866.685844637] [map_io]: occupied_thresh: 0.65
[map_server-15] [INFO] [1779117866.685853059] [map_io]: mode: trinary
[map_server-15] [INFO] [1779117866.685861739] [map_io]: negate: 0
[map_server-15] [INFO] [1779117866.686120207] [map_io]: Loading image_file: /home/wj/work/multi-robot-exploration-rl/install/start_rl_environment_tb3/share/start_rl_environment_tb3/maps/interaction_hub.pgm
[map_server-15] [INFO] [1779117866.700301441] [map_io]: Read map /home/wj/work/multi-robot-exploration-rl/install/start_rl_environment_tb3/share/start_rl_environment_tb3/maps/interaction_hub.pgm: 240 X 240 map @ 0.05 m/cell
[lifecycle_manager-16] [INFO] [1779117866.710076749] [lifecycle_manager_map]: [34m[1mActivating map_server[0m[0m
[map_server-15] [INFO] [1779117866.710212062] [map_server]: Activating
[map_server-15] [INFO] [1779117866.710412575] [map_server]: Creating bond (map_server) to lifecycle manager.
[lifecycle_manager-16] [INFO] [1779117866.816134616] [lifecycle_manager_map]: Server map_server connected with bond.
[lifecycle_manager-16] [INFO] [1779117866.816202307] [lifecycle_manager_map]: [34m[1mManaged nodes are active[0m[0m
[lifecycle_manager-16] [INFO] [1779117866.816220467] [lifecycle_manager_map]: [34m[1mCreating bond timer...[0m[0m
[spawn_entity.py-10] [INFO] [1779117867.228746133] [tb3_2.spawn_entity]: Spawn Entity started
[spawn_entity.py-7] [INFO] [1779117867.229017149] [tb3_1.spawn_entity]: Spawn Entity started
[spawn_entity.py-7] [INFO] [1779117867.229437955] [tb3_1.spawn_entity]: Loading entity XML from file /tmp/tb3_1_b1j_6agx.sdf
[spawn_entity.py-10] [INFO] [1779117867.229179214] [tb3_2.spawn_entity]: Loading entity XML from file /tmp/tb3_2_alfaufl3.sdf
[spawn_entity.py-10] [INFO] [1779117867.230090451] [tb3_2.spawn_entity]: Waiting for service /spawn_entity, timeout = 30
[spawn_entity.py-10] [INFO] [1779117867.230446601] [tb3_2.spawn_entity]: Waiting for service /spawn_entity
[spawn_entity.py-7] [INFO] [1779117867.230528647] [tb3_1.spawn_entity]: Waiting for service /spawn_entity, timeout = 30
[spawn_entity.py-7] [INFO] [1779117867.230947511] [tb3_1.spawn_entity]: Waiting for service /spawn_entity
[spawn_entity.py-4] [INFO] [1779117867.240562329] [tb3_0.spawn_entity]: Spawn Entity started
[spawn_entity.py-4] [INFO] [1779117867.241200362] [tb3_0.spawn_entity]: Loading entity XML from file /tmp/tb3_0_7s84h9a6.sdf
[spawn_entity.py-4] [INFO] [1779117867.242162451] [tb3_0.spawn_entity]: Waiting for service /spawn_entity, timeout = 30
[spawn_entity.py-4] [INFO] [1779117867.242532215] [tb3_0.spawn_entity]: Waiting for service /spawn_entity
[spawn_entity.py-13] [INFO] [1779117867.356168493] [tb3_3.spawn_entity]: Spawn Entity started
[spawn_entity.py-13] [INFO] [1779117867.356584546] [tb3_3.spawn_entity]: Loading entity XML from file /tmp/tb3_3_6emq608a.sdf
[spawn_entity.py-13] [INFO] [1779117867.357442972] [tb3_3.spawn_entity]: Waiting for service /spawn_entity, timeout = 30
[spawn_entity.py-13] [INFO] [1779117867.357782375] [tb3_3.spawn_entity]: Waiting for service /spawn_entity
[rviz2-17] [INFO] [1779117868.036613822] [rviz2]: Stereo is NOT SUPPORTED
[rviz2-17] [INFO] [1779117868.036814891] [rviz2]: OpenGl version: 4.6 (GLSL 4.6)
[rviz2-17] [INFO] [1779117868.170052146] [rviz2]: Stereo is NOT SUPPORTED
[gzserver-1] [WARN] [1779117868.863601611] [rcl]: Found remap rule 'model_states:=model_states_demo'. This syntax is deprecated. Use '--ros-args --remap model_states:=model_states_demo' instead.
[spawn_entity.py-13] [INFO] [1779117868.864472738] [tb3_3.spawn_entity]: Calling service /spawn_entity
[gzserver-1] [INFO] [1779117868.882430259] [gazebo_ros_state]: Publishing states of gazebo models at [/model_states_demo]
[gzserver-1] [INFO] [1779117868.883768316] [gazebo_ros_state]: Publishing states of gazebo links at [/link_states]
[spawn_entity.py-10] [INFO] [1779117868.988817956] [tb3_2.spawn_entity]: Calling service /spawn_entity
[spawn_entity.py-7] [INFO] [1779117868.988927000] [tb3_1.spawn_entity]: Calling service /spawn_entity
[spawn_entity.py-4] [INFO] [1779117869.001388445] [tb3_0.spawn_entity]: Calling service /spawn_entity
[obstacle_mover.py-18] [INFO] [1779117869.022720693] [obstacle_mover]: [obstacle_mover] map=6  0 个障碍物  速度=0.000 m/s (scale×0.0)  30 Hz  随机游走模式
[obstacle_mover.py-18] [INFO] [1779117869.030323578] [obstacle_mover]: [obstacle_mover] ✅ dyn_obs_0~dyn_obs_7 已下沉至 z=-10.0
[gzserver-1] [INFO] [1779117869.233608871] [tb3_3.turtlebot3_imu]: <initial_orientation_as_reference> is unset, using default value of false to comply with REP 145 (world as orientation reference)
[spawn_entity.py-13] [INFO] [1779117869.449261120] [tb3_3.spawn_entity]: Spawn status: SpawnEntity: Successfully spawned entity [tb3_3]
[gzserver-1] [INFO] [1779117869.488284683] [tb3_3.turtlebot3_diff_drive]: Wheel pair 1 separation set to [0.160000m]
[gzserver-1] [INFO] [1779117869.488448766] [tb3_3.turtlebot3_diff_drive]: Wheel pair 1 diameter set to [0.066000m]
[gzserver-1] [INFO] [1779117869.493087833] [tb3_3.turtlebot3_diff_drive]: Subscribed to [/tb3_3/cmd_vel]
[gzserver-1] [INFO] [1779117869.500235731] [tb3_3.turtlebot3_diff_drive]: Advertise odometry on [/tb3_3/odom]
[gzserver-1] [INFO] [1779117869.506704250] [tb3_3.turtlebot3_diff_drive]: Publishing odom transforms between [tb3_3/odom] and [tb3_3/base_footprint]
[gzserver-1] [INFO] [1779117869.536361736] [tb3_3.turtlebot3_joint_state]: Going to publish joint [wheel_left_joint]
[gzserver-1] [INFO] [1779117869.536427260] [tb3_3.turtlebot3_joint_state]: Going to publish joint [wheel_right_joint]
[INFO] [spawn_entity.py-13]: process has finished cleanly [pid 4037540]
[gzserver-1] [INFO] [1779117869.899036730] [tb3_2.turtlebot3_imu]: <initial_orientation_as_reference> is unset, using default value of false to comply with REP 145 (world as orientation reference)
[spawn_entity.py-10] [INFO] [1779117870.075214976] [tb3_2.spawn_entity]: Spawn status: SpawnEntity: Successfully spawned entity [tb3_2]
[gzserver-1] [INFO] [1779117870.185880693] [tb3_2.turtlebot3_diff_drive]: Wheel pair 1 separation set to [0.160000m]
[gzserver-1] [INFO] [1779117870.185966763] [tb3_2.turtlebot3_diff_drive]: Wheel pair 1 diameter set to [0.066000m]
[gzserver-1] [INFO] [1779117870.186785774] [tb3_2.turtlebot3_diff_drive]: Subscribed to [/tb3_2/cmd_vel]
[gzserver-1] [INFO] [1779117870.188075386] [tb3_2.turtlebot3_diff_drive]: Advertise odometry on [/tb3_2/odom]
[gzserver-1] [INFO] [1779117870.190125237] [tb3_2.turtlebot3_diff_drive]: Publishing odom transforms between [tb3_2/odom] and [tb3_2/base_footprint]
[gzserver-1] [INFO] [1779117870.209141694] [tb3_2.turtlebot3_joint_state]: Going to publish joint [wheel_left_joint]
[gzserver-1] [INFO] [1779117870.209192970] [tb3_2.turtlebot3_joint_state]: Going to publish joint [wheel_right_joint]
[INFO] [spawn_entity.py-10]: process has finished cleanly [pid 4037533]
[gzserver-1] [INFO] [1779117870.522989886] [tb3_1.turtlebot3_imu]: <initial_orientation_as_reference> is unset, using default value of false to comply with REP 145 (world as orientation reference)
[spawn_entity.py-7] [INFO] [1779117870.711672321] [tb3_1.spawn_entity]: Spawn status: SpawnEntity: Successfully spawned entity [tb3_1]
[gzserver-1] [INFO] [1779117870.822970239] [tb3_1.turtlebot3_diff_drive]: Wheel pair 1 separation set to [0.160000m]
[gzserver-1] [INFO] [1779117870.823026074] [tb3_1.turtlebot3_diff_drive]: Wheel pair 1 diameter set to [0.066000m]
[gzserver-1] [INFO] [1779117870.823892501] [tb3_1.turtlebot3_diff_drive]: Subscribed to [/tb3_1/cmd_vel]
[gzserver-1] [INFO] [1779117870.824949205] [tb3_1.turtlebot3_diff_drive]: Advertise odometry on [/tb3_1/odom]
[gzserver-1] [INFO] [1779117870.828370017] [tb3_1.turtlebot3_diff_drive]: Publishing odom transforms between [tb3_1/odom] and [tb3_1/base_footprint]
[gzserver-1] [INFO] [1779117870.853834850] [tb3_1.turtlebot3_joint_state]: Going to publish joint [wheel_left_joint]
[gzserver-1] [INFO] [1779117870.853894663] [tb3_1.turtlebot3_joint_state]: Going to publish joint [wheel_right_joint]
[INFO] [spawn_entity.py-7]: process has finished cleanly [pid 4037527]
[gzserver-1] [INFO] [1779117871.171707120] [tb3_0.turtlebot3_imu]: <initial_orientation_as_reference> is unset, using default value of false to comply with REP 145 (world as orientation reference)
[spawn_entity.py-4] [INFO] [1779117871.312840422] [tb3_0.spawn_entity]: Spawn status: SpawnEntity: Successfully spawned entity [tb3_0]
[gzserver-1] [INFO] [1779117871.424523146] [tb3_0.turtlebot3_diff_drive]: Wheel pair 1 separation set to [0.160000m]
[gzserver-1] [INFO] [1779117871.424583490] [tb3_0.turtlebot3_diff_drive]: Wheel pair 1 diameter set to [0.066000m]
[gzserver-1] [INFO] [1779117871.425276784] [tb3_0.turtlebot3_diff_drive]: Subscribed to [/tb3_0/cmd_vel]
[gzserver-1] [INFO] [1779117871.426151206] [tb3_0.turtlebot3_diff_drive]: Advertise odometry on [/tb3_0/odom]
[gzserver-1] [INFO] [1779117871.428820656] [tb3_0.turtlebot3_diff_drive]: Publishing odom transforms between [tb3_0/odom] and [tb3_0/base_footprint]
[gzserver-1] [INFO] [1779117871.442477653] [tb3_0.turtlebot3_joint_state]: Going to publish joint [wheel_left_joint]
[gzserver-1] [INFO] [1779117871.442526779] [tb3_0.turtlebot3_joint_state]: Going to publish joint [wheel_right_joint]
[INFO] [spawn_entity.py-4]: process has finished cleanly [pid 4037521]
[rviz2-17] [INFO] [1779117881.179179496] [rviz2]: Message Filter dropping message: frame 'tb3_2/base_scan' at time 0.396 for reason 'the timestamp on the message is earlier than all the data in the transform cache'
[rviz2-17] [INFO] [1779117881.379800646] [rviz2]: Message Filter dropping message: frame 'tb3_1/base_scan' at time 0.596 for reason 'the timestamp on the message is earlier than all the data in the transform cache'
[rviz2-17] [INFO] [1779117881.581073480] [rviz2]: Message Filter dropping message: frame 'tb3_0/base_scan' at time 0.796 for reason 'the timestamp on the message is earlier than all the data in the transform cache'
