running egg_info
creating ../../build/gnn_marl_training/gnn_marl_training.egg-info
writing ../../build/gnn_marl_training/gnn_marl_training.egg-info/PKG-INFO
writing dependency_links to ../../build/gnn_marl_training/gnn_marl_training.egg-info/dependency_links.txt
writing entry points to ../../build/gnn_marl_training/gnn_marl_training.egg-info/entry_points.txt
writing requirements to ../../build/gnn_marl_training/gnn_marl_training.egg-info/requires.txt
writing top-level names to ../../build/gnn_marl_training/gnn_marl_training.egg-info/top_level.txt
writing manifest file '../../build/gnn_marl_training/gnn_marl_training.egg-info/SOURCES.txt'
reading manifest file '../../build/gnn_marl_training/gnn_marl_training.egg-info/SOURCES.txt'
writing manifest file '../../build/gnn_marl_training/gnn_marl_training.egg-info/SOURCES.txt'
running build
running build_py
creating /home/wj/work/multi-robot-exploration-rl/build/gnn_marl_training/build
creating /home/wj/work/multi-robot-exploration-rl/build/gnn_marl_training/build/lib
creating /home/wj/work/multi-robot-exploration-rl/build/gnn_marl_training/build/lib/gnn_marl_training
copying gnn_marl_training/train_gnn_mappo_full.py -> /home/wj/work/multi-robot-exploration-rl/build/gnn_marl_training/build/lib/gnn_marl_training
copying gnn_marl_training/option_tester.py -> /home/wj/work/multi-robot-exploration-rl/build/gnn_marl_training/build/lib/gnn_marl_training
copying gnn_marl_training/option_test_scenarios.py -> /home/wj/work/multi-robot-exploration-rl/build/gnn_marl_training/build/lib/gnn_marl_training
copying gnn_marl_training/option_feasibility.py -> /home/wj/work/multi-robot-exploration-rl/build/gnn_marl_training/build/lib/gnn_marl_training
copying gnn_marl_training/interaction_observation_utils.py -> /home/wj/work/multi-robot-exploration-rl/build/gnn_marl_training/build/lib/gnn_marl_training
copying gnn_marl_training/gat_policy.py -> /home/wj/work/multi-robot-exploration-rl/build/gnn_marl_training/build/lib/gnn_marl_training
copying gnn_marl_training/env_space_reward_utils.py -> /home/wj/work/multi-robot-exploration-rl/build/gnn_marl_training/build/lib/gnn_marl_training
copying gnn_marl_training/global_planner.py -> /home/wj/work/multi-robot-exploration-rl/build/gnn_marl_training/build/lib/gnn_marl_training
copying gnn_marl_training/option_primitives.py -> /home/wj/work/multi-robot-exploration-rl/build/gnn_marl_training/build/lib/gnn_marl_training
copying gnn_marl_training/interaction_mode_utils.py -> /home/wj/work/multi-robot-exploration-rl/build/gnn_marl_training/build/lib/gnn_marl_training
copying gnn_marl_training/__init__.py -> /home/wj/work/multi-robot-exploration-rl/build/gnn_marl_training/build/lib/gnn_marl_training
copying gnn_marl_training/gat_rllib_model.py -> /home/wj/work/multi-robot-exploration-rl/build/gnn_marl_training/build/lib/gnn_marl_training
copying gnn_marl_training/mappo_mlp_model.py -> /home/wj/work/multi-robot-exploration-rl/build/gnn_marl_training/build/lib/gnn_marl_training
copying gnn_marl_training/interaction_reward_utils.py -> /home/wj/work/multi-robot-exploration-rl/build/gnn_marl_training/build/lib/gnn_marl_training
copying gnn_marl_training/fixed_benchmark_scenarios.py -> /home/wj/work/multi-robot-exploration-rl/build/gnn_marl_training/build/lib/gnn_marl_training
copying gnn_marl_training/robot_policy_node.py -> /home/wj/work/multi-robot-exploration-rl/build/gnn_marl_training/build/lib/gnn_marl_training
copying gnn_marl_training/waypoint_visualizer.py -> /home/wj/work/multi-robot-exploration-rl/build/gnn_marl_training/build/lib/gnn_marl_training
copying gnn_marl_training/interaction_execution_utils.py -> /home/wj/work/multi-robot-exploration-rl/build/gnn_marl_training/build/lib/gnn_marl_training
copying gnn_marl_training/interaction_option_definitions.py -> /home/wj/work/multi-robot-exploration-rl/build/gnn_marl_training/build/lib/gnn_marl_training
copying gnn_marl_training/gnn_marl_env.py -> /home/wj/work/multi-robot-exploration-rl/build/gnn_marl_training/build/lib/gnn_marl_training
copying gnn_marl_training/test_gnn_mappo.py -> /home/wj/work/multi-robot-exploration-rl/build/gnn_marl_training/build/lib/gnn_marl_training
copying gnn_marl_training/counterfactual_ppo_policy.py -> /home/wj/work/multi-robot-exploration-rl/build/gnn_marl_training/build/lib/gnn_marl_training
running install
running install_lib
creating /home/wj/work/multi-robot-exploration-rl/install/gnn_marl_training/lib/python3.10/site-packages/gnn_marl_training
copying /home/wj/work/multi-robot-exploration-rl/build/gnn_marl_training/build/lib/gnn_marl_training/train_gnn_mappo_full.py -> /home/wj/work/multi-robot-exploration-rl/install/gnn_marl_training/lib/python3.10/site-packages/gnn_marl_training
copying /home/wj/work/multi-robot-exploration-rl/build/gnn_marl_training/build/lib/gnn_marl_training/option_tester.py -> /home/wj/work/multi-robot-exploration-rl/install/gnn_marl_training/lib/python3.10/site-packages/gnn_marl_training
copying /home/wj/work/multi-robot-exploration-rl/build/gnn_marl_training/build/lib/gnn_marl_training/option_test_scenarios.py -> /home/wj/work/multi-robot-exploration-rl/install/gnn_marl_training/lib/python3.10/site-packages/gnn_marl_training
copying /home/wj/work/multi-robot-exploration-rl/build/gnn_marl_training/build/lib/gnn_marl_training/option_feasibility.py -> /home/wj/work/multi-robot-exploration-rl/install/gnn_marl_training/lib/python3.10/site-packages/gnn_marl_training
copying /home/wj/work/multi-robot-exploration-rl/build/gnn_marl_training/build/lib/gnn_marl_training/interaction_observation_utils.py -> /home/wj/work/multi-robot-exploration-rl/install/gnn_marl_training/lib/python3.10/site-packages/gnn_marl_training
copying /home/wj/work/multi-robot-exploration-rl/build/gnn_marl_training/build/lib/gnn_marl_training/gat_policy.py -> /home/wj/work/multi-robot-exploration-rl/install/gnn_marl_training/lib/python3.10/site-packages/gnn_marl_training
copying /home/wj/work/multi-robot-exploration-rl/build/gnn_marl_training/build/lib/gnn_marl_training/env_space_reward_utils.py -> /home/wj/work/multi-robot-exploration-rl/install/gnn_marl_training/lib/python3.10/site-packages/gnn_marl_training
copying /home/wj/work/multi-robot-exploration-rl/build/gnn_marl_training/build/lib/gnn_marl_training/global_planner.py -> /home/wj/work/multi-robot-exploration-rl/install/gnn_marl_training/lib/python3.10/site-packages/gnn_marl_training
copying /home/wj/work/multi-robot-exploration-rl/build/gnn_marl_training/build/lib/gnn_marl_training/option_primitives.py -> /home/wj/work/multi-robot-exploration-rl/install/gnn_marl_training/lib/python3.10/site-packages/gnn_marl_training
copying /home/wj/work/multi-robot-exploration-rl/build/gnn_marl_training/build/lib/gnn_marl_training/interaction_mode_utils.py -> /home/wj/work/multi-robot-exploration-rl/install/gnn_marl_training/lib/python3.10/site-packages/gnn_marl_training
copying /home/wj/work/multi-robot-exploration-rl/build/gnn_marl_training/build/lib/gnn_marl_training/__init__.py -> /home/wj/work/multi-robot-exploration-rl/install/gnn_marl_training/lib/python3.10/site-packages/gnn_marl_training
copying /home/wj/work/multi-robot-exploration-rl/build/gnn_marl_training/build/lib/gnn_marl_training/gat_rllib_model.py -> /home/wj/work/multi-robot-exploration-rl/install/gnn_marl_training/lib/python3.10/site-packages/gnn_marl_training
copying /home/wj/work/multi-robot-exploration-rl/build/gnn_marl_training/build/lib/gnn_marl_training/mappo_mlp_model.py -> /home/wj/work/multi-robot-exploration-rl/install/gnn_marl_training/lib/python3.10/site-packages/gnn_marl_training
copying /home/wj/work/multi-robot-exploration-rl/build/gnn_marl_training/build/lib/gnn_marl_training/interaction_reward_utils.py -> /home/wj/work/multi-robot-exploration-rl/install/gnn_marl_training/lib/python3.10/site-packages/gnn_marl_training
copying /home/wj/work/multi-robot-exploration-rl/build/gnn_marl_training/build/lib/gnn_marl_training/fixed_benchmark_scenarios.py -> /home/wj/work/multi-robot-exploration-rl/install/gnn_marl_training/lib/python3.10/site-packages/gnn_marl_training
copying /home/wj/work/multi-robot-exploration-rl/build/gnn_marl_training/build/lib/gnn_marl_training/robot_policy_node.py -> /home/wj/work/multi-robot-exploration-rl/install/gnn_marl_training/lib/python3.10/site-packages/gnn_marl_training
copying /home/wj/work/multi-robot-exploration-rl/build/gnn_marl_training/build/lib/gnn_marl_training/waypoint_visualizer.py -> /home/wj/work/multi-robot-exploration-rl/install/gnn_marl_training/lib/python3.10/site-packages/gnn_marl_training
copying /home/wj/work/multi-robot-exploration-rl/build/gnn_marl_training/build/lib/gnn_marl_training/interaction_execution_utils.py -> /home/wj/work/multi-robot-exploration-rl/install/gnn_marl_training/lib/python3.10/site-packages/gnn_marl_training
copying /home/wj/work/multi-robot-exploration-rl/build/gnn_marl_training/build/lib/gnn_marl_training/interaction_option_definitions.py -> /home/wj/work/multi-robot-exploration-rl/install/gnn_marl_training/lib/python3.10/site-packages/gnn_marl_training
copying /home/wj/work/multi-robot-exploration-rl/build/gnn_marl_training/build/lib/gnn_marl_training/gnn_marl_env.py -> /home/wj/work/multi-robot-exploration-rl/install/gnn_marl_training/lib/python3.10/site-packages/gnn_marl_training
copying /home/wj/work/multi-robot-exploration-rl/build/gnn_marl_training/build/lib/gnn_marl_training/test_gnn_mappo.py -> /home/wj/work/multi-robot-exploration-rl/install/gnn_marl_training/lib/python3.10/site-packages/gnn_marl_training
copying /home/wj/work/multi-robot-exploration-rl/build/gnn_marl_training/build/lib/gnn_marl_training/counterfactual_ppo_policy.py -> /home/wj/work/multi-robot-exploration-rl/install/gnn_marl_training/lib/python3.10/site-packages/gnn_marl_training
byte-compiling /home/wj/work/multi-robot-exploration-rl/install/gnn_marl_training/lib/python3.10/site-packages/gnn_marl_training/train_gnn_mappo_full.py to train_gnn_mappo_full.cpython-310.pyc
byte-compiling /home/wj/work/multi-robot-exploration-rl/install/gnn_marl_training/lib/python3.10/site-packages/gnn_marl_training/option_tester.py to option_tester.cpython-310.pyc
byte-compiling /home/wj/work/multi-robot-exploration-rl/install/gnn_marl_training/lib/python3.10/site-packages/gnn_marl_training/option_test_scenarios.py to option_test_scenarios.cpython-310.pyc
byte-compiling /home/wj/work/multi-robot-exploration-rl/install/gnn_marl_training/lib/python3.10/site-packages/gnn_marl_training/option_feasibility.py to option_feasibility.cpython-310.pyc
byte-compiling /home/wj/work/multi-robot-exploration-rl/install/gnn_marl_training/lib/python3.10/site-packages/gnn_marl_training/interaction_observation_utils.py to interaction_observation_utils.cpython-310.pyc
byte-compiling /home/wj/work/multi-robot-exploration-rl/install/gnn_marl_training/lib/python3.10/site-packages/gnn_marl_training/gat_policy.py to gat_policy.cpython-310.pyc
byte-compiling /home/wj/work/multi-robot-exploration-rl/install/gnn_marl_training/lib/python3.10/site-packages/gnn_marl_training/env_space_reward_utils.py to env_space_reward_utils.cpython-310.pyc
byte-compiling /home/wj/work/multi-robot-exploration-rl/install/gnn_marl_training/lib/python3.10/site-packages/gnn_marl_training/global_planner.py to global_planner.cpython-310.pyc
byte-compiling /home/wj/work/multi-robot-exploration-rl/install/gnn_marl_training/lib/python3.10/site-packages/gnn_marl_training/option_primitives.py to option_primitives.cpython-310.pyc
byte-compiling /home/wj/work/multi-robot-exploration-rl/install/gnn_marl_training/lib/python3.10/site-packages/gnn_marl_training/interaction_mode_utils.py to interaction_mode_utils.cpython-310.pyc
byte-compiling /home/wj/work/multi-robot-exploration-rl/install/gnn_marl_training/lib/python3.10/site-packages/gnn_marl_training/__init__.py to __init__.cpython-310.pyc
byte-compiling /home/wj/work/multi-robot-exploration-rl/install/gnn_marl_training/lib/python3.10/site-packages/gnn_marl_training/gat_rllib_model.py to gat_rllib_model.cpython-310.pyc
byte-compiling /home/wj/work/multi-robot-exploration-rl/install/gnn_marl_training/lib/python3.10/site-packages/gnn_marl_training/mappo_mlp_model.py to mappo_mlp_model.cpython-310.pyc
byte-compiling /home/wj/work/multi-robot-exploration-rl/install/gnn_marl_training/lib/python3.10/site-packages/gnn_marl_training/interaction_reward_utils.py to interaction_reward_utils.cpython-310.pyc
byte-compiling /home/wj/work/multi-robot-exploration-rl/install/gnn_marl_training/lib/python3.10/site-packages/gnn_marl_training/fixed_benchmark_scenarios.py to fixed_benchmark_scenarios.cpython-310.pyc
byte-compiling /home/wj/work/multi-robot-exploration-rl/install/gnn_marl_training/lib/python3.10/site-packages/gnn_marl_training/robot_policy_node.py to robot_policy_node.cpython-310.pyc
byte-compiling /home/wj/work/multi-robot-exploration-rl/install/gnn_marl_training/lib/python3.10/site-packages/gnn_marl_training/waypoint_visualizer.py to waypoint_visualizer.cpython-310.pyc
byte-compiling /home/wj/work/multi-robot-exploration-rl/install/gnn_marl_training/lib/python3.10/site-packages/gnn_marl_training/interaction_execution_utils.py to interaction_execution_utils.cpython-310.pyc
byte-compiling /home/wj/work/multi-robot-exploration-rl/install/gnn_marl_training/lib/python3.10/site-packages/gnn_marl_training/interaction_option_definitions.py to interaction_option_definitions.cpython-310.pyc
byte-compiling /home/wj/work/multi-robot-exploration-rl/install/gnn_marl_training/lib/python3.10/site-packages/gnn_marl_training/gnn_marl_env.py to gnn_marl_env.cpython-310.pyc
byte-compiling /home/wj/work/multi-robot-exploration-rl/install/gnn_marl_training/lib/python3.10/site-packages/gnn_marl_training/test_gnn_mappo.py to test_gnn_mappo.cpython-310.pyc
byte-compiling /home/wj/work/multi-robot-exploration-rl/install/gnn_marl_training/lib/python3.10/site-packages/gnn_marl_training/counterfactual_ppo_policy.py to counterfactual_ppo_policy.cpython-310.pyc
running install_data
creating /home/wj/work/multi-robot-exploration-rl/install/gnn_marl_training/share/ament_index
creating /home/wj/work/multi-robot-exploration-rl/install/gnn_marl_training/share/ament_index/resource_index
creating /home/wj/work/multi-robot-exploration-rl/install/gnn_marl_training/share/ament_index/resource_index/packages
copying resource/gnn_marl_training -> /home/wj/work/multi-robot-exploration-rl/install/gnn_marl_training/share/ament_index/resource_index/packages
copying package.xml -> /home/wj/work/multi-robot-exploration-rl/install/gnn_marl_training/share/gnn_marl_training
running install_egg_info
Copying ../../build/gnn_marl_training/gnn_marl_training.egg-info to /home/wj/work/multi-robot-exploration-rl/install/gnn_marl_training/lib/python3.10/site-packages/gnn_marl_training-0.0.0-py3.10.egg-info
running install_scripts
Installing option_tester script to /home/wj/work/multi-robot-exploration-rl/install/gnn_marl_training/lib/gnn_marl_training
Installing robot_policy_node script to /home/wj/work/multi-robot-exploration-rl/install/gnn_marl_training/lib/gnn_marl_training
Installing test_gnn_mappo script to /home/wj/work/multi-robot-exploration-rl/install/gnn_marl_training/lib/gnn_marl_training
Installing train_gnn_mappo script to /home/wj/work/multi-robot-exploration-rl/install/gnn_marl_training/lib/gnn_marl_training
Installing train_gnn_mappo_full script to /home/wj/work/multi-robot-exploration-rl/install/gnn_marl_training/lib/gnn_marl_training
writing list of installed files to '/home/wj/work/multi-robot-exploration-rl/build/gnn_marl_training/install.log'
