2026-05-17 11:03:15,410	INFO worker.py:2013 -- Started a local Ray instance.
/home/wj/anaconda3/envs/ros2/lib/python3.10/site-packages/ray/rllib/algorithms/algorithm.py:527: RayDeprecationWarning: This API is deprecated and may be removed in future Ray releases. You could suppress this warning by setting env variable PYTHONWARNINGS="ignore::DeprecationWarning"
`UnifiedLogger` will be removed in Ray 2.7.
  return UnifiedLogger(config, logdir, loggers=None)
/home/wj/anaconda3/envs/ros2/lib/python3.10/site-packages/ray/tune/logger/unified.py:53: RayDeprecationWarning: This API is deprecated and may be removed in future Ray releases. You could suppress this warning by setting env variable PYTHONWARNINGS="ignore::DeprecationWarning"
The `JsonLogger interface is deprecated in favor of the `ray.tune.json.JsonLoggerCallback` interface and will be removed in Ray 2.7.
  self._loggers.append(cls(self.config, self.logdir, self.trial))
/home/wj/anaconda3/envs/ros2/lib/python3.10/site-packages/ray/tune/logger/unified.py:53: RayDeprecationWarning: This API is deprecated and may be removed in future Ray releases. You could suppress this warning by setting env variable PYTHONWARNINGS="ignore::DeprecationWarning"
The `CSVLogger interface is deprecated in favor of the `ray.tune.csv.CSVLoggerCallback` interface and will be removed in Ray 2.7.
  self._loggers.append(cls(self.config, self.logdir, self.trial))
/home/wj/anaconda3/envs/ros2/lib/python3.10/site-packages/ray/tune/logger/unified.py:53: RayDeprecationWarning: This API is deprecated and may be removed in future Ray releases. You could suppress this warning by setting env variable PYTHONWARNINGS="ignore::DeprecationWarning"
The `TBXLogger interface is deprecated in favor of the `ray.tune.tensorboardx.TBXLoggerCallback` interface and will be removed in Ray 2.7.
  self._loggers.append(cls(self.config, self.logdir, self.trial))
[2026-05-17 11:03:16,900 E 1979481 1979481] core_worker.cc:2232: Actor with class name: 'RolloutWorker' and ID: 'd8d39304c7ded3a27476981101000000' has constructor arguments in the object store and max_restarts > 0. If the arguments in the object store go out of scope or are lost, the actor restart will fail. See https://github.com/ray-project/ray/issues/53727 for more details.
[36m(RolloutWorker pid=1981360)[0m [INFO] [1778987001.850627710] [gym_env_robot_0_5194]: ‚úÖ Ť∑ĮŚĺĄŚŹĮŤßÜŚĆĖŚô®Ś∑≤ŚźĮŚä®ÔľĆŤ∑ĮŚĺĄŤĮĚťĘė: /waypoint_markers, trackingŤĮĚťĘė: /rolling_subgoal_markers
[36m(RolloutWorker pid=1981360)[0m [INFO] [1778987001.886632899] [gym_env_robot_1_63096]: ‚úÖ Ť∑ĮŚĺĄŚŹĮŤßÜŚĆĖŚô®Ś∑≤ŚźĮŚä®ÔľĆŤ∑ĮŚĺĄŤĮĚťĘė: /waypoint_markers, trackingŤĮĚťĘė: /rolling_subgoal_markers
[36m(RolloutWorker pid=1981360)[0m [INFO] [1778987001.911724042] [gym_env_robot_2_43344]: ‚úÖ Ť∑ĮŚĺĄŚŹĮŤßÜŚĆĖŚô®Ś∑≤ŚźĮŚä®ÔľĆŤ∑ĮŚĺĄŤĮĚťĘė: /waypoint_markers, trackingŤĮĚťĘė: /rolling_subgoal_markers
[36m(RolloutWorker pid=1981360)[0m [INFO] [1778987001.930271424] [gym_env_robot_3_40324]: ‚úÖ Ť∑ĮŚĺĄŚŹĮŤßÜŚĆĖŚô®Ś∑≤ŚźĮŚä®ÔľĆŤ∑ĮŚĺĄŤĮĚťĘė: /waypoint_markers, trackingŤĮĚťĘė: /rolling_subgoal_markers
2026-05-17 11:03:26,500	WARNING util.py:62 -- Install gputil for GPU system monitoring.
‚ö†ÔłŹ minibatch_size=1024 > train_batch_size=200ÔľĆŤá™Śä®Ť£ĀŚČ™šłļ 200
================================================================================
ūüöÄ GNN-MAPPO ŤĮĺÁ®čŚ≠¶šĻ†Ťģ≠ÁĽÉ  [śúÄŤŅĎťāĽśĄüÁü•Śõĺ]
================================================================================
  ÁéĮŚĘÉťė∂śģĶ:     1 ¬∑ Stage 1 ¬∑ ťĚôśÄĀŚÖ•ťó®
  śúļŚô®šļļśēįťáŹ:   4
  ťÄöšŅ°ŤĆÉŚõī:     3.5 m
  śĄüÁü•ťāĽŚüü:     3.5 m
  ŚĻ∂Ť°ĆWorkers:  1
  ťááś†∑ŤģĺÁĹģ:     timeout=1200s fragment=200 mode=truncate_episodes repeat=5
  ťááś†∑ŚĮĻťĹź:     fragment(ÁČ©ÁźÜ) 100 -> macro 200  train_batch(ÁČ©ÁźÜ) 1000 -> macro 200  sample_batch(ÁČ©ÁźÜ)=1000
  Ťģ≠ÁĽÉś≠•śēį:     50,000
  Śä®šĹúś®°ŚľŹ:     option_mode
  Optionśļź:     rl  replan_fallback=on  rl_replan=off  hold=[2, 30]  topk=3
  PPOťÖćÁĹģ:      option_discrete  (clip=0.2, ent=0.003, mb=200, epochs=8)
  GAT Actor:    neighbor  bias=2.50
  GAT Critic:   mlp
  ťúÄŤ¶ĀÁéĮŚĘÉ:     ros2 launch start_rl_environment_tb3 main.launch.py map_number:=6 robot_number:=4 num_obstacles:=0 obs_speed_scale:=0.0
  ťÄöšŅ°ŤģĺÁĹģ:     perfect_comm  (dropout=0%, latency=0, jitter=0, noise=0.00)
  ŚÜ≤Á™ĀŤ∑ĮÁļŅ:     mode=off prob=0.35
================================================================================

‚ö†ÔłŹ minibatch_size=1024 > train_batch_size=200ÔľĆŤá™Śä®Ť£ĀŚČ™šłļ 200
ūüďö ťė∂śģĶ1ÔľöšŅĚśĆĀŚģĆÁĺéťÄöšŅ°ÔľĆÁõīśé•Ś≠¶šĻ†ťÄöšŅ°ÁČą social-risk Śõĺ...

[36m(RolloutWorker pid=1981360)[0m ūü§Ė ÁéĮŚĘÉŚąĚŚßčŚĆĖ: Namespace='/tb3_0', ModelName='tb3_0'
[36m(RolloutWorker pid=1981360)[0m ‚úÖ Map 6: ťĘĄŤģ°ÁģóŚģČŚÖ® spawn ÁāĻ 11100 šł™ (clearance=0.40m)
[36m(RolloutWorker pid=1981360)[0m ‚úÖ Robot 0: A*ŤßĄŚąíŚô®ŚąĚŚßčŚĆĖŚģĆśąź
[36m(RolloutWorker pid=1981360)[0m ūü§Ė ÁéĮŚĘÉŚąĚŚßčŚĆĖ: Namespace='/tb3_1', ModelName='tb3_1'
[36m(RolloutWorker pid=1981360)[0m ‚úÖ Map 6: ťĘĄŤģ°ÁģóŚģČŚÖ® spawn ÁāĻ 11100 šł™ (clearance=0.40m)
[36m(RolloutWorker pid=1981360)[0m ‚úÖ Robot 1: A*ŤßĄŚąíŚô®ŚąĚŚßčŚĆĖŚģĆśąź
[36m(RolloutWorker pid=1981360)[0m ūü§Ė ÁéĮŚĘÉŚąĚŚßčŚĆĖ: Namespace='/tb3_2', ModelName='tb3_2'
[36m(RolloutWorker pid=1981360)[0m ‚úÖ Map 6: ťĘĄŤģ°ÁģóŚģČŚÖ® spawn ÁāĻ 11100 šł™ (clearance=0.40m)
[36m(RolloutWorker pid=1981360)[0m ‚úÖ Robot 2: A*ŤßĄŚąíŚô®ŚąĚŚßčŚĆĖŚģĆśąź
[36m(RolloutWorker pid=1981360)[0m ūü§Ė ÁéĮŚĘÉŚąĚŚßčŚĆĖ: Namespace='/tb3_3', ModelName='tb3_3'
[36m(RolloutWorker pid=1981360)[0m ‚úÖ Map 6: ťĘĄŤģ°ÁģóŚģČŚÖ® spawn ÁāĻ 11100 šł™ (clearance=0.40m)
[36m(RolloutWorker pid=1981360)[0m ‚úÖ Robot 3: A*ŤßĄŚąíŚô®ŚąĚŚßčŚĆĖŚģĆśąź
[36m(RolloutWorker pid=1981360)[0m [graph] step=   0  comm_range=3.5m
[36m(RolloutWorker pid=1981360)[0m   robot_0 pos=(-0.750,-4.900) status=active
[36m(RolloutWorker pid=1981360)[0m     adj=[1  0  0  0]  dist=[ 0.00   4.91   4.83   7.06]  neighbors=[]
[36m(RolloutWorker pid=1981360)[0m   robot_1 pos=(-3.200,-0.650) status=active
[36m(RolloutWorker pid=1981360)[0m     adj=[0  1  0  0]  dist=[ 4.91   0.00   3.77   3.96]  neighbors=[]
[36m(RolloutWorker pid=1981360)[0m   robot_2 pos=( 0.550,-0.250) status=active
[36m(RolloutWorker pid=1981360)[0m     adj=[0  0  1  1]  dist=[ 4.83   3.77   0.00   2.58]  neighbors=[3]
[36m(RolloutWorker pid=1981360)[0m   robot_3 pos=(-0.400, 2.150) status=active
[36m(RolloutWorker pid=1981360)[0m     adj=[0  0  1  1]  dist=[ 7.06   3.96   2.58   0.00]  neighbors=[2]
[36m(RolloutWorker pid=1981360)[0m [comm] step=   0  agent_0  my_pos=(-0.750,-4.900)  candidates=[]  received=0/0
[36m(RolloutWorker pid=1981360)[0m     (śó†śúČśēąťāĽŚĪÖ: ŤĆÉŚõīŚ§Ė/šłĘŚĆÖ/ŚĽ∂ŤŅüŚ°ęťõ∂)
[36m(RolloutWorker pid=1981360)[0m [comm] step=   0  agent_1  my_pos=(-3.200,-0.650)  candidates=[]  received=0/0
[36m(RolloutWorker pid=1981360)[0m     (śó†śúČśēąťāĽŚĪÖ: ŤĆÉŚõīŚ§Ė/šłĘŚĆÖ/ŚĽ∂ŤŅüŚ°ęťõ∂)
[36m(RolloutWorker pid=1981360)[0m [comm] step=   0  agent_2  my_pos=(0.550,-0.250)  candidates=[np.int64(3)]  received=1/1
[36m(RolloutWorker pid=1981360)[0m     slot[0] neighbor=agent_3 dist=2.581m  n_pos=(-0.400,2.150)  rel_pos=(-0.950,2.400)
[36m(RolloutWorker pid=1981360)[0m [comm] step=   0  agent_3  my_pos=(-0.400,2.150)  candidates=[np.int64(2)]  received=1/1
[36m(RolloutWorker pid=1981360)[0m     slot[0] neighbor=agent_2 dist=2.581m  n_pos=(0.550,-0.250)  rel_pos=(0.950,-2.400)
[36m(RolloutWorker pid=1981360)[0m [graph] step=   1  comm_range=3.5m
[36m(RolloutWorker pid=1981360)[0m   robot_0 pos=(-0.750,-4.900) status=active
[36m(RolloutWorker pid=1981360)[0m     adj=[1  0  0  0]  dist=[ 0.00   4.91   4.83   7.06]  neighbors=[]
[36m(RolloutWorker pid=1981360)[0m   robot_1 pos=(-3.200,-0.650) status=active
[36m(RolloutWorker pid=1981360)[0m     adj=[0  1  0  0]  dist=[ 4.91   0.00   3.77   3.96]  neighbors=[]
[36m(RolloutWorker pid=1981360)[0m   robot_2 pos=( 0.550,-0.250) status=active
[36m(RolloutWorker pid=1981360)[0m     adj=[0  0  1  1]  dist=[ 4.83   3.77   0.00   2.58]  neighbors=[3]
[36m(RolloutWorker pid=1981360)[0m   robot_3 pos=(-0.400, 2.150) status=active
[36m(RolloutWorker pid=1981360)[0m     adj=[0  0  1  1]  dist=[ 7.06   3.96   2.58   0.00]  neighbors=[2]
[36m(RolloutWorker pid=1981360)[0m [comm] step=   1  agent_0  my_pos=(-0.750,-4.900)  candidates=[]  received=0/0
[36m(RolloutWorker pid=1981360)[0m     (śó†śúČśēąťāĽŚĪÖ: ŤĆÉŚõīŚ§Ė/šłĘŚĆÖ/ŚĽ∂ŤŅüŚ°ęťõ∂)
[36m(RolloutWorker pid=1981360)[0m [comm] step=   1  agent_1  my_pos=(-3.200,-0.650)  candidates=[]  received=0/0
[36m(RolloutWorker pid=1981360)[0m     (śó†śúČśēąťāĽŚĪÖ: ŤĆÉŚõīŚ§Ė/šłĘŚĆÖ/ŚĽ∂ŤŅüŚ°ęťõ∂)
[36m(RolloutWorker pid=1981360)[0m [comm] step=   1  agent_2  my_pos=(0.550,-0.250)  candidates=[np.int64(3)]  received=1/1
[36m(RolloutWorker pid=1981360)[0m     slot[0] neighbor=agent_3 dist=2.581m  n_pos=(-0.400,2.150)  rel_pos=(-0.950,2.400)
[36m(RolloutWorker pid=1981360)[0m [comm] step=   1  agent_3  my_pos=(-0.400,2.150)  candidates=[np.int64(2)]  received=1/1
[36m(RolloutWorker pid=1981360)[0m     slot[0] neighbor=agent_2 dist=2.581m  n_pos=(0.550,-0.250)  rel_pos=(0.950,-2.400)
[36m(RolloutWorker pid=1981360)[0m [graph] step=   2  comm_range=3.5m
[36m(RolloutWorker pid=1981360)[0m   robot_0 pos=(-0.750,-4.900) status=active
[36m(RolloutWorker pid=1981360)[0m     adj=[1  0  0  0]  dist=[ 0.00   4.91   4.83   7.06]  neighbors=[]
[36m(RolloutWorker pid=1981360)[0m   robot_1 pos=(-3.200,-0.650) status=active
[36m(RolloutWorker pid=1981360)[0m     adj=[0  1  0  0]  dist=[ 4.91   0.00   3.77   3.96]  neighbors=[]
[36m(RolloutWorker pid=1981360)[0m   robot_2 pos=( 0.552,-0.248) status=active
[36m(RolloutWorker pid=1981360)[0m     adj=[0  0  1  1]  dist=[ 4.83   3.77   0.00   2.58]  neighbors=[3]
[36m(RolloutWorker pid=1981360)[0m   robot_3 pos=(-0.402, 2.148) status=active
[36m(RolloutWorker pid=1981360)[0m     adj=[0  0  1  1]  dist=[ 7.06   3.96   2.58   0.00]  neighbors=[2]
[36m(RolloutWorker pid=1981360)[0m [comm] step=   2  agent_0  my_pos=(-0.750,-4.900)  candidates=[]  received=0/0
[36m(RolloutWorker pid=1981360)[0m     (śó†śúČśēąťāĽŚĪÖ: ŤĆÉŚõīŚ§Ė/šłĘŚĆÖ/ŚĽ∂ŤŅüŚ°ęťõ∂)
[36m(RolloutWorker pid=1981360)[0m [comm] step=   2  agent_1  my_pos=(-3.200,-0.650)  candidates=[]  received=0/0
[36m(RolloutWorker pid=1981360)[0m     (śó†śúČśēąťāĽŚĪÖ: ŤĆÉŚõīŚ§Ė/šłĘŚĆÖ/ŚĽ∂ŤŅüŚ°ęťõ∂)
[36m(RolloutWorker pid=1981360)[0m [comm] step=   2  agent_2  my_pos=(0.552,-0.248)  candidates=[np.int64(3)]  received=1/1
[36m(RolloutWorker pid=1981360)[0m     slot[0] neighbor=agent_3 dist=2.579m  n_pos=(-0.402,2.148)  rel_pos=(-0.954,2.396)
[36m(RolloutWorker pid=1981360)[0m [comm] step=   2  agent_3  my_pos=(-0.402,2.148)  candidates=[np.int64(2)]  received=1/1
[36m(RolloutWorker pid=1981360)[0m     slot[0] neighbor=agent_2 dist=2.579m  n_pos=(0.552,-0.248)  rel_pos=(0.954,-2.396)
[36m(RolloutWorker pid=1981360)[0m [graph] step=   3  comm_range=3.5m
[36m(RolloutWorker pid=1981360)[0m   robot_0 pos=(-0.751,-4.899) status=active
[36m(RolloutWorker pid=1981360)[0m     adj=[1  0  0  0]  dist=[ 0.00   4.90   4.84   7.05]  neighbors=[]
[36m(RolloutWorker pid=1981360)[0m   robot_1 pos=(-3.200,-0.650) status=active
[36m(RolloutWorker pid=1981360)[0m     adj=[0  1  0  0]  dist=[ 4.90   0.00   3.78   3.95]  neighbors=[]
[36m(RolloutWorker pid=1981360)[0m   robot_2 pos=( 0.556,-0.244) status=active
[36m(RolloutWorker pid=1981360)[0m     adj=[0  0  1  1]  dist=[ 4.84   3.78   0.00   2.57]  neighbors=[3]
[36m(RolloutWorker pid=1981360)[0m   robot_3 pos=(-0.406, 2.144) status=active
[36m(RolloutWorker pid=1981360)[0m     adj=[0  0  1  1]  dist=[ 7.05   3.95   2.57   0.00]  neighbors=[2]
[36m(RolloutWorker pid=1981360)[0m [comm] step=   3  agent_0  my_pos=(-0.751,-4.899)  candidates=[]  received=0/0
[36m(RolloutWorker pid=1981360)[0m     (śó†śúČśēąťāĽŚĪÖ: ŤĆÉŚõīŚ§Ė/šłĘŚĆÖ/ŚĽ∂ŤŅüŚ°ęťõ∂)
[36m(RolloutWorker pid=1981360)[0m [comm] step=   3  agent_1  my_pos=(-3.200,-0.650)  candidates=[]  received=0/0
[36m(RolloutWorker pid=1981360)[0m     (śó†śúČśēąťāĽŚĪÖ: ŤĆÉŚõīŚ§Ė/šłĘŚĆÖ/ŚĽ∂ŤŅüŚ°ęťõ∂)
[36m(RolloutWorker pid=1981360)[0m [comm] step=   3  agent_2  my_pos=(0.556,-0.244)  candidates=[np.int64(3)]  received=1/1
[36m(RolloutWorker pid=1981360)[0m     slot[0] neighbor=agent_3 dist=2.575m  n_pos=(-0.406,2.144)  rel_pos=(-0.962,2.388)
[36m(RolloutWorker pid=1981360)[0m [comm] step=   3  agent_3  my_pos=(-0.406,2.144)  candidates=[np.int64(2)]  received=1/1
[36m(RolloutWorker pid=1981360)[0m     slot[0] neighbor=agent_2 dist=2.575m  n_pos=(0.556,-0.244)  rel_pos=(0.962,-2.388)
  [‚ĖĎ‚ĖĎ‚ĖĎ‚ĖĎ‚ĖĎ‚ĖĎ‚ĖĎ‚ĖĎ‚ĖĎ‚ĖĎ‚ĖĎ‚ĖĎ‚ĖĎ‚ĖĎ‚ĖĎ‚ĖĎ‚ĖĎ‚ĖĎ‚ĖĎ‚ĖĎ‚ĖĎ‚ĖĎ‚ĖĎ‚ĖĎ‚ĖĎ‚ĖĎ‚ĖĎ‚ĖĎ‚ĖĎ‚ĖĎ]   2.0%     1,000 / 50,000 ś≠•  Śõěśä•      NA  ETA 00:48:07  [‚Ėą‚ĖĎ‚ĖĎ‚ĖĎ‚ĖĎ‚ĖĎ‚ĖĎ‚ĖĎ‚ĖĎ‚ĖĎ‚ĖĎ‚ĖĎ‚ĖĎ‚ĖĎ‚ĖĎ‚ĖĎ‚ĖĎ‚ĖĎ‚ĖĎ‚ĖĎ‚ĖĎ‚ĖĎ‚ĖĎ‚ĖĎ‚ĖĎ‚ĖĎ‚ĖĎ‚ĖĎ‚ĖĎ‚ĖĎ]   4.0%     2,000 / 50,000 ś≠•  Śõěśä•      NA  ETA 00:45:04  [‚Ėą‚ĖĎ‚ĖĎ‚ĖĎ‚ĖĎ‚ĖĎ‚ĖĎ‚ĖĎ‚ĖĎ‚ĖĎ‚ĖĎ‚ĖĎ‚ĖĎ‚ĖĎ‚ĖĎ‚ĖĎ‚ĖĎ‚ĖĎ‚ĖĎ‚ĖĎ‚ĖĎ‚ĖĎ‚ĖĎ‚ĖĎ‚ĖĎ‚ĖĎ‚ĖĎ‚ĖĎ‚ĖĎ‚ĖĎ]   6.0%     3,000 / 50,000 ś≠•  Śõěśä•      NA  ETA 00:43:28[36m(RolloutWorker pid=1981360)[0m 
[36m(RolloutWorker pid=1981360)[0m ============================================================
[36m(RolloutWorker pid=1981360)[0m ūüŹĀ Episode ÁĽďśĚü (timeout)
[36m(RolloutWorker pid=1981360)[0m    ÁČ©ÁźÜś≠•śēį: 2000/2000
[36m(RolloutWorker pid=1981360)[0m    ŚÜ≥Á≠Ėś≠•śēį: 788
[36m(RolloutWorker pid=1981360)[0m    ŚģĆśąź: 4/4
[36m(RolloutWorker pid=1981360)[0m    śīĽŤ∑É: 0  Ś§ĪŤī•: 0
[36m(RolloutWorker pid=1981360)[0m ============================================================
[36m(RolloutWorker pid=1981360)[0m 
[36m(RolloutWorker pid=1981360)[0m [graph] step=   0  comm_range=3.5m
[36m(RolloutWorker pid=1981360)[0m   robot_0 pos=(-1.400,-0.650) status=active
[36m(RolloutWorker pid=1981360)[0m     adj=[1  0  0  1]  dist=[ 0.00   4.39   6.21   2.42]  neighbors=[3]
[36m(RolloutWorker pid=1981360)[0m   robot_1 pos=( 0.700,-4.500) status=active
[36m(RolloutWorker pid=1981360)[0m     adj=[0  1  0  0]  dist=[ 4.39   0.00   6.57   6.12]  neighbors=[]
[36m(RolloutWorker pid=1981360)[0m   robot_2 pos=( 4.650, 0.750) status=active
[36m(RolloutWorker pid=1981360)[0m     adj=[0  0  1  0]  dist=[ 6.21   6.57   0.00   8.52]  neighbors=[]
[36m(RolloutWorker pid=1981360)[0m   robot_3 pos=(-3.800,-0.350) status=active
[36m(RolloutWorker pid=1981360)[0m     adj=[1  0  0  1]  dist=[ 2.42   6.12   8.52   0.00]  neighbors=[0]
[36m(RolloutWorker pid=1981360)[0m [comm] step=   0  agent_0  my_pos=(-1.400,-0.650)  candidates=[np.int64(3)]  received=1/1
[36m(RolloutWorker pid=1981360)[0m     slot[0] neighbor=agent_3 dist=2.419m  n_pos=(-3.800,-0.350)  rel_pos=(-2.400,0.300)
[36m(RolloutWorker pid=1981360)[0m [comm] step=   0  agent_1  my_pos=(0.700,-4.500)  candidates=[]  received=0/0
[36m(RolloutWorker pid=1981360)[0m     (śó†śúČśēąťāĽŚĪÖ: ŤĆÉŚõīŚ§Ė/šłĘŚĆÖ/ŚĽ∂ŤŅüŚ°ęťõ∂)
[36m(RolloutWorker pid=1981360)[0m [comm] step=   0  agent_2  my_pos=(4.650,0.750)  candidates=[]  received=0/0
[36m(RolloutWorker pid=1981360)[0m     (śó†śúČśēąťāĽŚĪÖ: ŤĆÉŚõīŚ§Ė/šłĘŚĆÖ/ŚĽ∂ŤŅüŚ°ęťõ∂)
[36m(RolloutWorker pid=1981360)[0m [comm] step=   0  agent_3  my_pos=(-3.800,-0.350)  candidates=[np.int64(0)]  received=1/1
[36m(RolloutWorker pid=1981360)[0m     slot[0] neighbor=agent_0 dist=2.419m  n_pos=(-1.400,-0.650)  rel_pos=(2.400,-0.300)
[36m(RolloutWorker pid=1981360)[0m [graph] step=   1  comm_range=3.5m
[36m(RolloutWorker pid=1981360)[0m   robot_0 pos=(-1.400,-0.650) status=active
[36m(RolloutWorker pid=1981360)[0m     adj=[1  0  0  1]  dist=[ 0.00   4.39   6.21   2.42]  neighbors=[3]
[36m(RolloutWorker pid=1981360)[0m   robot_1 pos=( 0.700,-4.500) status=active
[36m(RolloutWorker pid=1981360)[0m     adj=[0  1  0  0]  dist=[ 4.39   0.00   6.57   6.12]  neighbors=[]
[36m(RolloutWorker pid=1981360)[0m   robot_2 pos=( 4.650, 0.750) status=active
[36m(RolloutWorker pid=1981360)[0m     adj=[0  0  1  0]  dist=[ 6.21   6.57   0.00   8.52]  neighbors=[]
[36m(RolloutWorker pid=1981360)[0m   robot_3 pos=(-3.800,-0.350) status=active
[36m(RolloutWorker pid=1981360)[0m     adj=[1  0  0  1]  dist=[ 2.42   6.12   8.52   0.00]  neighbors=[0]
[36m(RolloutWorker pid=1981360)[0m [comm] step=   1  agent_0  my_pos=(-1.400,-0.650)  candidates=[np.int64(3)]  received=1/1
[36m(RolloutWorker pid=1981360)[0m     slot[0] neighbor=agent_3 dist=2.419m  n_pos=(-3.800,-0.350)  rel_pos=(-2.400,0.300)
[36m(RolloutWorker pid=1981360)[0m [comm] step=   1  agent_1  my_pos=(0.700,-4.500)  candidates=[]  received=0/0
[36m(RolloutWorker pid=1981360)[0m     (śó†śúČśēąťāĽŚĪÖ: ŤĆÉŚõīŚ§Ė/šłĘŚĆÖ/ŚĽ∂ŤŅüŚ°ęťõ∂)
[36m(RolloutWorker pid=1981360)[0m [comm] step=   1  agent_2  my_pos=(4.650,0.750)  candidates=[]  received=0/0
[36m(RolloutWorker pid=1981360)[0m     (śó†śúČśēąťāĽŚĪÖ: ŤĆÉŚõīŚ§Ė/šłĘŚĆÖ/ŚĽ∂ŤŅüŚ°ęťõ∂)
[36m(RolloutWorker pid=1981360)[0m [comm] step=   1  agent_3  my_pos=(-3.800,-0.350)  candidates=[np.int64(0)]  received=1/1
[36m(RolloutWorker pid=1981360)[0m     slot[0] neighbor=agent_0 dist=2.419m  n_pos=(-1.400,-0.650)  rel_pos=(2.400,-0.300)
[36m(RolloutWorker pid=1981360)[0m [graph] step=   2  comm_range=3.5m
[36m(RolloutWorker pid=1981360)[0m   robot_0 pos=(-1.400,-0.650) status=active
[36m(RolloutWorker pid=1981360)[0m     adj=[1  0  0  1]  dist=[ 0.00   4.39   6.21   2.42]  neighbors=[3]
[36m(RolloutWorker pid=1981360)[0m   robot_1 pos=( 0.700,-4.500) status=active
[36m(RolloutWorker pid=1981360)[0m     adj=[0  1  0  0]  dist=[ 4.39   0.00   6.57   6.12]  neighbors=[]
[36m(RolloutWorker pid=1981360)[0m   robot_2 pos=( 4.650, 0.750) status=active
[36m(RolloutWorker pid=1981360)[0m     adj=[0  0  1  0]  dist=[ 6.21   6.57   0.00   8.52]  neighbors=[]
[36m(RolloutWorker pid=1981360)[0m   robot_3 pos=(-3.797,-0.350) status=active
[36m(RolloutWorker pid=1981360)[0m     adj=[1  0  0  1]  dist=[ 2.42   6.12   8.52   0.00]  neighbors=[0]
[36m(RolloutWorker pid=1981360)[0m [comm] step=   2  agent_0  my_pos=(-1.400,-0.650)  candidates=[np.int64(3)]  received=1/1
[36m(RolloutWorker pid=1981360)[0m     slot[0] neighbor=agent_3 dist=2.416m  n_pos=(-3.797,-0.350)  rel_pos=(-2.397,0.300)
[36m(RolloutWorker pid=1981360)[0m [comm] step=   2  agent_1  my_pos=(0.700,-4.500)  candidates=[]  received=0/0
[36m(RolloutWorker pid=1981360)[0m     (śó†śúČśēąťāĽŚĪÖ: ŤĆÉŚõīŚ§Ė/šłĘŚĆÖ/ŚĽ∂ŤŅüŚ°ęťõ∂)
[36m(RolloutWorker pid=1981360)[0m [comm] step=   2  agent_2  my_pos=(4.650,0.750)  candidates=[]  received=0/0
[36m(RolloutWorker pid=1981360)[0m     (śó†śúČśēąťāĽŚĪÖ: ŤĆÉŚõīŚ§Ė/šłĘŚĆÖ/ŚĽ∂ŤŅüŚ°ęťõ∂)
[36m(RolloutWorker pid=1981360)[0m [comm] step=   2  agent_3  my_pos=(-3.797,-0.350)  candidates=[np.int64(0)]  received=1/1
[36m(RolloutWorker pid=1981360)[0m     slot[0] neighbor=agent_0 dist=2.416m  n_pos=(-1.400,-0.650)  rel_pos=(2.397,-0.300)
[36m(RolloutWorker pid=1981360)[0m [graph] step=   3  comm_range=3.5m
[36m(RolloutWorker pid=1981360)[0m   robot_0 pos=(-1.400,-0.650) status=active
[36m(RolloutWorker pid=1981360)[0m     adj=[1  0  0  1]  dist=[ 0.00   4.39   6.21   2.41]  neighbors=[3]
[36m(RolloutWorker pid=1981360)[0m   robot_1 pos=( 0.700,-4.500) status=active
[36m(RolloutWorker pid=1981360)[0m     adj=[0  1  0  0]  dist=[ 4.39   0.00   6.57   6.12]  neighbors=[]
[36m(RolloutWorker pid=1981360)[0m   robot_2 pos=( 4.650, 0.750) status=active
[36m(RolloutWorker pid=1981360)[0m     adj=[0  0  1  0]  dist=[ 6.21   6.57   0.00   8.51]  neighbors=[]
[36m(RolloutWorker pid=1981360)[0m   robot_3 pos=(-3.792,-0.350) status=active
[36m(RolloutWorker pid=1981360)[0m     adj=[1  0  0  1]  dist=[ 2.41   6.12   8.51   0.00]  neighbors=[0]
[36m(RolloutWorker pid=1981360)[0m [comm] step=   3  agent_0  my_pos=(-1.400,-0.650)  candidates=[np.int64(3)]  received=1/1
[36m(RolloutWorker pid=1981360)[0m     slot[0] neighbor=agent_3 dist=2.411m  n_pos=(-3.792,-0.350)  rel_pos=(-2.392,0.300)
[36m(RolloutWorker pid=1981360)[0m [comm] step=   3  agent_1  my_pos=(0.700,-4.500)  candidates=[]  received=0/0
[36m(RolloutWorker pid=1981360)[0m     (śó†śúČśēąťāĽŚĪÖ: ŤĆÉŚõīŚ§Ė/šłĘŚĆÖ/ŚĽ∂ŤŅüŚ°ęťõ∂)
[36m(RolloutWorker pid=1981360)[0m [comm] step=   3  agent_2  my_pos=(4.650,0.750)  candidates=[]  received=0/0
[36m(RolloutWorker pid=1981360)[0m     (śó†śúČśēąťāĽŚĪÖ: ŤĆÉŚõīŚ§Ė/šłĘŚĆÖ/ŚĽ∂ŤŅüŚ°ęťõ∂)
[36m(RolloutWorker pid=1981360)[0m [comm] step=   3  agent_3  my_pos=(-3.792,-0.350)  candidates=[np.int64(0)]  received=1/1
[36m(RolloutWorker pid=1981360)[0m     slot[0] neighbor=agent_0 dist=2.411m  n_pos=(-1.400,-0.650)  rel_pos=(2.392,-0.300)
  [‚Ėą‚Ėą‚ĖĎ‚ĖĎ‚ĖĎ‚ĖĎ‚ĖĎ‚ĖĎ‚ĖĎ‚ĖĎ‚ĖĎ‚ĖĎ‚ĖĎ‚ĖĎ‚ĖĎ‚ĖĎ‚ĖĎ‚ĖĎ‚ĖĎ‚ĖĎ‚ĖĎ‚ĖĎ‚ĖĎ‚ĖĎ‚ĖĎ‚ĖĎ‚ĖĎ‚ĖĎ‚ĖĎ‚ĖĎ]   8.0%     4,000 / 50,000 ś≠•  Śõěśä• -4189.47  ETA 00:43:10  [‚Ėą‚Ėą‚Ėą‚ĖĎ‚ĖĎ‚ĖĎ‚ĖĎ‚ĖĎ‚ĖĎ‚ĖĎ‚ĖĎ‚ĖĎ‚ĖĎ‚ĖĎ‚ĖĎ‚ĖĎ‚ĖĎ‚ĖĎ‚ĖĎ‚ĖĎ‚ĖĎ‚ĖĎ‚ĖĎ‚ĖĎ‚ĖĎ‚ĖĎ‚ĖĎ‚ĖĎ‚ĖĎ‚ĖĎ]  10.0%     5,000 / 50,000 ś≠•  Śõěśä• -4189.47  ETA 00:49:16
  [monitor] iter=5 steps=5000 reward=-4189.467 per_agent_step=-0.8615 ep_len=788.0 entropy=0.2016
  [monitor] policy_loss=-0.2918 vf_loss=33.3305 total_loss=33.0380 kl=0.00083
  [monitor] raw_step_reward=-0.8615 mixed_step_reward=-0.8615 goal_count=2.00 collision_count=773.00
  [monitor] reward_stability=-0.4900 switch_rate=0.0005 follow_rate=0.0012 replan_rate=0.0000 macro_substeps=2.57 hard_interrupt=0.9747
  [monitor] custom_metrics -> agent_0/avoidance_reward_mean=-0.0008 | agent_0/avoidance_success_bonus_mean=0.0000 | agent_0/best_gap_angle_mean=1.3667 | agent_0/best_gap_clearance_mean=0.7759 | agent_0/best_gap_width_mean=0.2279 | agent_0/close_obstacle_penalty_mean=0.0000
[36m(RolloutWorker pid=1981360)[0m 
[36m(RolloutWorker pid=1981360)[0m ============================================================
[36m(RolloutWorker pid=1981360)[0m ūüŹĀ Episode ÁĽďśĚü (too_few_active)
[36m(RolloutWorker pid=1981360)[0m    ÁČ©ÁźÜś≠•śēį: 1757/2000
[36m(RolloutWorker pid=1981360)[0m    ŚÜ≥Á≠Ėś≠•śēį: 354
[36m(RolloutWorker pid=1981360)[0m    ŚģĆśąź: 3/4
[36m(RolloutWorker pid=1981360)[0m    śīĽŤ∑É: 1  Ś§ĪŤī•: 0
[36m(RolloutWorker pid=1981360)[0m ============================================================
[36m(RolloutWorker pid=1981360)[0m 
[36m(RolloutWorker pid=1981360)[0m [graph] step=   0  comm_range=3.5m
[36m(RolloutWorker pid=1981360)[0m   robot_0 pos=(-1.800, 0.000) status=active
[36m(RolloutWorker pid=1981360)[0m     adj=[1  1  1  1]  dist=[ 0.00   2.41   1.66   2.29]  neighbors=[1, 2, 3]
[36m(RolloutWorker pid=1981360)[0m   robot_1 pos=( 0.450,-0.850) status=active
[36m(RolloutWorker pid=1981360)[0m     adj=[1  1  1  0]  dist=[ 2.41   0.00   2.62   4.45]  neighbors=[0, 2]
[36m(RolloutWorker pid=1981360)[0m   robot_2 pos=(-0.900, 1.400) status=active
[36m(RolloutWorker pid=1981360)[0m     adj=[1  1  1  0]  dist=[ 1.66   2.62   0.00   3.72]  neighbors=[0, 1]
[36m(RolloutWorker pid=1981360)[0m   robot_3 pos=(-4.000,-0.650) status=active
[36m(RolloutWorker pid=1981360)[0m     adj=[1  0  0  1]  dist=[ 2.29   4.45   3.72   0.00]  neighbors=[0]
[36m(RolloutWorker pid=1981360)[0m [comm] step=   0  agent_0  my_pos=(-1.800,0.000)  candidates=[np.int64(1), np.int64(2), np.int64(3)]  received=3/3
[36m(RolloutWorker pid=1981360)[0m     slot[0] neighbor=agent_2 dist=1.664m  n_pos=(-0.900,1.400)  rel_pos=(0.900,1.400)
[36m(RolloutWorker pid=1981360)[0m     slot[1] neighbor=agent_3 dist=2.294m  n_pos=(-4.000,-0.650)  rel_pos=(-2.200,-0.650)
[36m(RolloutWorker pid=1981360)[0m     slot[2] neighbor=agent_1 dist=2.405m  n_pos=(0.450,-0.850)  rel_pos=(2.250,-0.850)
[36m(RolloutWorker pid=1981360)[0m [comm] step=   0  agent_1  my_pos=(0.450,-0.850)  candidates=[np.int64(0), np.int64(2)]  received=2/2
[36m(RolloutWorker pid=1981360)[0m     slot[0] neighbor=agent_0 dist=2.405m  n_pos=(-1.800,0.000)  rel_pos=(-2.250,0.850)
[36m(RolloutWorker pid=1981360)[0m     slot[1] neighbor=agent_2 dist=2.624m  n_pos=(-0.900,1.400)  rel_pos=(-1.350,2.250)
[36m(RolloutWorker pid=1981360)[0m [comm] step=   0  agent_2  my_pos=(-0.900,1.400)  candidates=[np.int64(0), np.int64(1)]  received=2/2
[36m(RolloutWorker pid=1981360)[0m     slot[0] neighbor=agent_0 dist=1.664m  n_pos=(-1.800,0.000)  rel_pos=(-0.900,-1.400)
[36m(RolloutWorker pid=1981360)[0m     slot[1] neighbor=agent_1 dist=2.624m  n_pos=(0.450,-0.850)  rel_pos=(1.350,-2.250)
[36m(RolloutWorker pid=1981360)[0m [comm] step=   0  agent_3  my_pos=(-4.000,-0.650)  candidates=[np.int64(0)]  received=1/1
[36m(RolloutWorker pid=1981360)[0m     slot[0] neighbor=agent_0 dist=2.294m  n_pos=(-1.800,0.000)  rel_pos=(2.200,0.650)
[36m(RolloutWorker pid=1981360)[0m [graph] step=   1  comm_range=3.5m
[36m(RolloutWorker pid=1981360)[0m   robot_0 pos=(-1.800, 0.000) status=active
[36m(RolloutWorker pid=1981360)[0m     adj=[1  1  1  1]  dist=[ 0.00   2.41   1.66   2.29]  neighbors=[1, 2, 3]
[36m(RolloutWorker pid=1981360)[0m   robot_1 pos=( 0.450,-0.850) status=active
[36m(RolloutWorker pid=1981360)[0m     adj=[1  1  1  0]  dist=[ 2.41   0.00   2.62   4.45]  neighbors=[0, 2]
[36m(RolloutWorker pid=1981360)[0m   robot_2 pos=(-0.900, 1.400) status=active
[36m(RolloutWorker pid=1981360)[0m     adj=[1  1  1  0]  dist=[ 1.66   2.62   0.00   3.72]  neighbors=[0, 1]
[36m(RolloutWorker pid=1981360)[0m   robot_3 pos=(-4.000,-0.650) status=active
[36m(RolloutWorker pid=1981360)[0m     adj=[1  0  0  1]  dist=[ 2.29   4.45   3.72   0.00]  neighbors=[0]
[36m(RolloutWorker pid=1981360)[0m [comm] step=   1  agent_0  my_pos=(-1.800,0.000)  candidates=[np.int64(1), np.int64(2), np.int64(3)]  received=3/3
[36m(RolloutWorker pid=1981360)[0m     slot[0] neighbor=agent_2 dist=1.664m  n_pos=(-0.900,1.400)  rel_pos=(0.900,1.400)
[36m(RolloutWorker pid=1981360)[0m     slot[1] neighbor=agent_3 dist=2.294m  n_pos=(-4.000,-0.650)  rel_pos=(-2.200,-0.650)
[36m(RolloutWorker pid=1981360)[0m     slot[2] neighbor=agent_1 dist=2.405m  n_pos=(0.450,-0.850)  rel_pos=(2.250,-0.850)
[36m(RolloutWorker pid=1981360)[0m [comm] step=   1  agent_1  my_pos=(0.450,-0.850)  candidates=[np.int64(0), np.int64(2)]  received=2/2
[36m(RolloutWorker pid=1981360)[0m     slot[0] neighbor=agent_0 dist=2.405m  n_pos=(-1.800,0.000)  rel_pos=(-2.250,0.850)
[36m(RolloutWorker pid=1981360)[0m     slot[1] neighbor=agent_2 dist=2.624m  n_pos=(-0.900,1.400)  rel_pos=(-1.350,2.250)
[36m(RolloutWorker pid=1981360)[0m [comm] step=   1  agent_2  my_pos=(-0.900,1.400)  candidates=[np.int64(0), np.int64(1)]  received=2/2
[36m(RolloutWorker pid=1981360)[0m     slot[0] neighbor=agent_0 dist=1.664m  n_pos=(-1.800,0.000)  rel_pos=(-0.900,-1.400)
[36m(RolloutWorker pid=1981360)[0m     slot[1] neighbor=agent_1 dist=2.624m  n_pos=(0.450,-0.850)  rel_pos=(1.350,-2.250)
[36m(RolloutWorker pid=1981360)[0m [comm] step=   1  agent_3  my_pos=(-4.000,-0.650)  candidates=[np.int64(0)]  received=1/1
[36m(RolloutWorker pid=1981360)[0m     slot[0] neighbor=agent_0 dist=2.294m  n_pos=(-1.800,0.000)  rel_pos=(2.200,0.650)
[36m(RolloutWorker pid=1981360)[0m [graph] step=   2  comm_range=3.5m
[36m(RolloutWorker pid=1981360)[0m   robot_0 pos=(-1.800, 0.000) status=active
[36m(RolloutWorker pid=1981360)[0m     adj=[1  1  1  1]  dist=[ 0.00   2.40   1.66   2.29]  neighbors=[1, 2, 3]
[36m(RolloutWorker pid=1981360)[0m   robot_1 pos=( 0.446,-0.849) status=active
[36m(RolloutWorker pid=1981360)[0m     adj=[1  1  1  0]  dist=[ 2.40   0.00   2.62   4.45]  neighbors=[0, 2]
[36m(RolloutWorker pid=1981360)[0m   robot_2 pos=(-0.904, 1.398) status=active
[36m(RolloutWorker pid=1981360)[0m     adj=[1  1  1  0]  dist=[ 1.66   2.62   0.00   3.71]  neighbors=[0, 1]
[36m(RolloutWorker pid=1981360)[0m   robot_3 pos=(-3.997,-0.649) status=active
[36m(RolloutWorker pid=1981360)[0m     adj=[1  0  0  1]  dist=[ 2.29   4.45   3.71   0.00]  neighbors=[0]
[36m(RolloutWorker pid=1981360)[0m [comm] step=   2  agent_0  my_pos=(-1.800,0.000)  candidates=[np.int64(1), np.int64(2), np.int64(3)]  received=3/3
[36m(RolloutWorker pid=1981360)[0m     slot[0] neighbor=agent_2 dist=1.660m  n_pos=(-0.904,1.398)  rel_pos=(0.896,1.398)
[36m(RolloutWorker pid=1981360)[0m     slot[1] neighbor=agent_3 dist=2.291m  n_pos=(-3.997,-0.649)  rel_pos=(-2.197,-0.649)
[36m(RolloutWorker pid=1981360)[0m     slot[2] neighbor=agent_1 dist=2.401m  n_pos=(0.446,-0.849)  rel_pos=(2.246,-0.849)
[36m(RolloutWorker pid=1981360)[0m [comm] step=   2  agent_1  my_pos=(0.446,-0.849)  candidates=[np.int64(0), np.int64(2)]  received=2/2
[36m(RolloutWorker pid=1981360)[0m     slot[0] neighbor=agent_0 dist=2.401m  n_pos=(-1.800,0.000)  rel_pos=(-2.246,0.849)
[36m(RolloutWorker pid=1981360)[0m     slot[1] neighbor=agent_2 dist=2.621m  n_pos=(-0.904,1.398)  rel_pos=(-1.350,2.246)
[36m(RolloutWorker pid=1981360)[0m [comm] step=   2  agent_2  my_pos=(-0.904,1.398)  candidates=[np.int64(0), np.int64(1)]  received=2/2
[36m(RolloutWorker pid=1981360)[0m     slot[0] neighbor=agent_0 dist=1.660m  n_pos=(-1.800,0.000)  rel_pos=(-0.896,-1.398)
[36m(RolloutWorker pid=1981360)[0m     slot[1] neighbor=agent_1 dist=2.621m  n_pos=(0.446,-0.849)  rel_pos=(1.350,-2.246)
[36m(RolloutWorker pid=1981360)[0m [comm] step=   2  agent_3  my_pos=(-3.997,-0.649)  candidates=[np.int64(0)]  received=1/1
[36m(RolloutWorker pid=1981360)[0m     slot[0] neighbor=agent_0 dist=2.291m  n_pos=(-1.800,0.000)  rel_pos=(2.197,0.649)
[36m(RolloutWorker pid=1981360)[0m [graph] step=   3  comm_range=3.5m
[36m(RolloutWorker pid=1981360)[0m   robot_0 pos=(-1.800, 0.000) status=active
[36m(RolloutWorker pid=1981360)[0m     adj=[1  1  1  1]  dist=[ 0.00   2.40   1.66   2.28]  neighbors=[1, 2, 3]
[36m(RolloutWorker pid=1981360)[0m   robot_1 pos=( 0.442,-0.847) status=active
[36m(RolloutWorker pid=1981360)[0m     adj=[1  1  1  0]  dist=[ 2.40   0.00   2.62   4.44]  neighbors=[0, 2]
[36m(RolloutWorker pid=1981360)[0m   robot_2 pos=(-0.907, 1.395) status=active
[36m(RolloutWorker pid=1981360)[0m     adj=[1  1  1  0]  dist=[ 1.66   2.62   0.00   3.70]  neighbors=[0, 1]
[36m(RolloutWorker pid=1981360)[0m   robot_3 pos=(-3.991,-0.647) status=active
[36m(RolloutWorker pid=1981360)[0m     adj=[1  0  0  1]  dist=[ 2.28   4.44   3.70   0.00]  neighbors=[0]
[36m(RolloutWorker pid=1981360)[0m [comm] step=   3  agent_0  my_pos=(-1.800,0.000)  candidates=[np.int64(1), np.int64(2), np.int64(3)]  received=3/3
[36m(RolloutWorker pid=1981360)[0m     slot[0] neighbor=agent_2 dist=1.657m  n_pos=(-0.907,1.395)  rel_pos=(0.893,1.395)
[36m(RolloutWorker pid=1981360)[0m     slot[1] neighbor=agent_3 dist=2.285m  n_pos=(-3.991,-0.647)  rel_pos=(-2.191,-0.647)
[36m(RolloutWorker pid=1981360)[0m     slot[2] neighbor=agent_1 dist=2.397m  n_pos=(0.442,-0.847)  rel_pos=(2.242,-0.847)
[36m(RolloutWorker pid=1981360)[0m [comm] step=   3  agent_1  my_pos=(0.442,-0.847)  candidates=[np.int64(0), np.int64(2)]  received=2/2
[36m(RolloutWorker pid=1981360)[0m     slot[0] neighbor=agent_0 dist=2.397m  n_pos=(-1.800,0.000)  rel_pos=(-2.242,0.847)
[36m(RolloutWorker pid=1981360)[0m     slot[1] neighbor=agent_2 dist=2.617m  n_pos=(-0.907,1.395)  rel_pos=(-1.349,2.243)
[36m(RolloutWorker pid=1981360)[0m [comm] step=   3  agent_2  my_pos=(-0.907,1.395)  candidates=[np.int64(0), np.int64(1)]  received=2/2
[36m(RolloutWorker pid=1981360)[0m     slot[0] neighbor=agent_0 dist=1.657m  n_pos=(-1.800,0.000)  rel_pos=(-0.893,-1.395)
[36m(RolloutWorker pid=1981360)[0m     slot[1] neighbor=agent_1 dist=2.617m  n_pos=(0.442,-0.847)  rel_pos=(1.349,-2.243)
[36m(RolloutWorker pid=1981360)[0m [comm] step=   3  agent_3  my_pos=(-3.991,-0.647)  candidates=[np.int64(0)]  received=1/1
[36m(RolloutWorker pid=1981360)[0m     slot[0] neighbor=agent_0 dist=2.285m  n_pos=(-1.800,0.000)  rel_pos=(2.191,0.647)
  [‚Ėą‚Ėą‚Ėą‚ĖĎ‚ĖĎ‚ĖĎ‚ĖĎ‚ĖĎ‚ĖĎ‚ĖĎ‚ĖĎ‚ĖĎ‚ĖĎ‚ĖĎ‚ĖĎ‚ĖĎ‚ĖĎ‚ĖĎ‚ĖĎ‚ĖĎ‚ĖĎ‚ĖĎ‚ĖĎ‚ĖĎ‚ĖĎ‚ĖĎ‚ĖĎ‚ĖĎ‚ĖĎ‚ĖĎ]  12.0%     6,000 / 50,000 ś≠•  Śõěśä• -2748.86  ETA 00:52:31  [‚Ėą‚Ėą‚Ėą‚Ėą‚ĖĎ‚ĖĎ‚ĖĎ‚ĖĎ‚ĖĎ‚ĖĎ‚ĖĎ‚ĖĎ‚ĖĎ‚ĖĎ‚ĖĎ‚ĖĎ‚ĖĎ‚ĖĎ‚ĖĎ‚ĖĎ‚ĖĎ‚ĖĎ‚ĖĎ‚ĖĎ‚ĖĎ‚ĖĎ‚ĖĎ‚ĖĎ‚ĖĎ‚ĖĎ]  14.0%     7,000 / 50,000 ś≠•  Śõěśä• -2748.86  ETA 00:50:24[36m(RolloutWorker pid=1981360)[0m 
[36m(RolloutWorker pid=1981360)[0m ============================================================
[36m(RolloutWorker pid=1981360)[0m ūüŹĀ Episode ÁĽďśĚü (too_few_active)
[36m(RolloutWorker pid=1981360)[0m    ÁČ©ÁźÜś≠•śēį: 1000/2000
[36m(RolloutWorker pid=1981360)[0m    ŚÜ≥Á≠Ėś≠•śēį: 298
[36m(RolloutWorker pid=1981360)[0m    ŚģĆśąź: 3/4
[36m(RolloutWorker pid=1981360)[0m    śīĽŤ∑É: 1  Ś§ĪŤī•: 0
[36m(RolloutWorker pid=1981360)[0m ============================================================
[36m(RolloutWorker pid=1981360)[0m 
[36m(RolloutWorker pid=1981360)[0m [graph] step=   0  comm_range=3.5m
[36m(RolloutWorker pid=1981360)[0m   robot_0 pos=( 0.100, 0.300) status=active
[36m(RolloutWorker pid=1981360)[0m     adj=[1  1  1  1]  dist=[ 0.00   2.82   2.06   2.18]  neighbors=[1, 2, 3]
[36m(RolloutWorker pid=1981360)[0m   robot_1 pos=(-2.500,-0.800) status=active
[36m(RolloutWorker pid=1981360)[0m     adj=[1  1  0  1]  dist=[ 2.82   0.00   4.75   2.08]  neighbors=[0, 3]
[36m(RolloutWorker pid=1981360)[0m   robot_2 pos=( 2.150, 0.150) status=active
[36m(RolloutWorker pid=1981360)[0m     adj=[1  0  1  1]  dist=[ 2.06   4.75   0.00   3.38]  neighbors=[0, 3]
[36m(RolloutWorker pid=1981360)[0m   robot_3 pos=(-0.650,-1.750) status=active
[36m(RolloutWorker pid=1981360)[0m     adj=[1  1  1  1]  dist=[ 2.18   2.08   3.38   0.00]  neighbors=[0, 1, 2]
[36m(RolloutWorker pid=1981360)[0m [comm] step=   0  agent_0  my_pos=(0.100,0.300)  candidates=[np.int64(1), np.int64(2), np.int64(3)]  received=3/3
[36m(RolloutWorker pid=1981360)[0m     slot[0] neighbor=agent_2 dist=2.055m  n_pos=(2.150,0.150)  rel_pos=(2.050,-0.150)
[36m(RolloutWorker pid=1981360)[0m     slot[1] neighbor=agent_3 dist=2.183m  n_pos=(-0.650,-1.750)  rel_pos=(-0.750,-2.050)
[36m(RolloutWorker pid=1981360)[0m     slot[2] neighbor=agent_1 dist=2.823m  n_pos=(-2.500,-0.800)  rel_pos=(-2.600,-1.100)
[36m(RolloutWorker pid=1981360)[0m [comm] step=   0  agent_1  my_pos=(-2.500,-0.800)  candidates=[np.int64(0), np.int64(3)]  received=2/2
[36m(RolloutWorker pid=1981360)[0m     slot[0] neighbor=agent_3 dist=2.080m  n_pos=(-0.650,-1.750)  rel_pos=(1.850,-0.950)
[36m(RolloutWorker pid=1981360)[0m     slot[1] neighbor=agent_0 dist=2.823m  n_pos=(0.100,0.300)  rel_pos=(2.600,1.100)
[36m(RolloutWorker pid=1981360)[0m [comm] step=   0  agent_2  my_pos=(2.150,0.150)  candidates=[np.int64(0), np.int64(3)]  received=2/2
[36m(RolloutWorker pid=1981360)[0m     slot[0] neighbor=agent_0 dist=2.055m  n_pos=(0.100,0.300)  rel_pos=(-2.050,0.150)
[36m(RolloutWorker pid=1981360)[0m     slot[1] neighbor=agent_3 dist=3.384m  n_pos=(-0.650,-1.750)  rel_pos=(-2.800,-1.900)
[36m(RolloutWorker pid=1981360)[0m [comm] step=   0  agent_3  my_pos=(-0.650,-1.750)  candidates=[np.int64(0), np.int64(1), np.int64(2)]  received=3/3
[36m(RolloutWorker pid=1981360)[0m     slot[0] neighbor=agent_1 dist=2.080m  n_pos=(-2.500,-0.800)  rel_pos=(-1.850,0.950)
[36m(RolloutWorker pid=1981360)[0m     slot[1] neighbor=agent_0 dist=2.183m  n_pos=(0.100,0.300)  rel_pos=(0.750,2.050)
[36m(RolloutWorker pid=1981360)[0m     slot[2] neighbor=agent_2 dist=3.384m  n_pos=(2.150,0.150)  rel_pos=(2.800,1.900)
[36m(RolloutWorker pid=1981360)[0m [graph] step=   1  comm_range=3.5m
[36m(RolloutWorker pid=1981360)[0m   robot_0 pos=( 0.100, 0.300) status=active
[36m(RolloutWorker pid=1981360)[0m     adj=[1  1  1  1]  dist=[ 0.00   2.82   2.06   2.18]  neighbors=[1, 2, 3]
[36m(RolloutWorker pid=1981360)[0m   robot_1 pos=(-2.500,-0.800) status=active
[36m(RolloutWorker pid=1981360)[0m     adj=[1  1  0  1]  dist=[ 2.82   0.00   4.75   2.08]  neighbors=[0, 3]
[36m(RolloutWorker pid=1981360)[0m   robot_2 pos=( 2.150, 0.150) status=active
[36m(RolloutWorker pid=1981360)[0m     adj=[1  0  1  1]  dist=[ 2.06   4.75   0.00   3.38]  neighbors=[0, 3]
[36m(RolloutWorker pid=1981360)[0m   robot_3 pos=(-0.650,-1.750) status=active
[36m(RolloutWorker pid=1981360)[0m     adj=[1  1  1  1]  dist=[ 2.18   2.08   3.38   0.00]  neighbors=[0, 1, 2]
[36m(RolloutWorker pid=1981360)[0m [comm] step=   1  agent_0  my_pos=(0.100,0.300)  candidates=[np.int64(1), np.int64(2), np.int64(3)]  received=3/3
[36m(RolloutWorker pid=1981360)[0m     slot[0] neighbor=agent_2 dist=2.056m  n_pos=(2.150,0.150)  rel_pos=(2.050,-0.150)
[36m(RolloutWorker pid=1981360)[0m     slot[1] neighbor=agent_3 dist=2.183m  n_pos=(-0.650,-1.750)  rel_pos=(-0.750,-2.050)
[36m(RolloutWorker pid=1981360)[0m     slot[2] neighbor=agent_1 dist=2.823m  n_pos=(-2.500,-0.800)  rel_pos=(-2.600,-1.100)
[36m(RolloutWorker pid=1981360)[0m [comm] step=   1  agent_1  my_pos=(-2.500,-0.800)  candidates=[np.int64(0), np.int64(3)]  received=2/2
[36m(RolloutWorker pid=1981360)[0m     slot[0] neighbor=agent_3 dist=2.080m  n_pos=(-0.650,-1.750)  rel_pos=(1.850,-0.950)
[36m(RolloutWorker pid=1981360)[0m     slot[1] neighbor=agent_0 dist=2.823m  n_pos=(0.100,0.300)  rel_pos=(2.600,1.100)
[36m(RolloutWorker pid=1981360)[0m [comm] step=   1  agent_2  my_pos=(2.150,0.150)  candidates=[np.int64(0), np.int64(3)]  received=2/2
[36m(RolloutWorker pid=1981360)[0m     slot[0] neighbor=agent_0 dist=2.056m  n_pos=(0.100,0.300)  rel_pos=(-2.050,0.150)
[36m(RolloutWorker pid=1981360)[0m     slot[1] neighbor=agent_3 dist=3.384m  n_pos=(-0.650,-1.750)  rel_pos=(-2.800,-1.900)
[36m(RolloutWorker pid=1981360)[0m [comm] step=   1  agent_3  my_pos=(-0.650,-1.750)  candidates=[np.int64(0), np.int64(1), np.int64(2)]  received=3/3
[36m(RolloutWorker pid=1981360)[0m     slot[0] neighbor=agent_1 dist=2.080m  n_pos=(-2.500,-0.800)  rel_pos=(-1.850,0.950)
[36m(RolloutWorker pid=1981360)[0m     slot[1] neighbor=agent_0 dist=2.183m  n_pos=(0.100,0.300)  rel_pos=(0.750,2.050)
[36m(RolloutWorker pid=1981360)[0m     slot[2] neighbor=agent_2 dist=3.384m  n_pos=(2.150,0.150)  rel_pos=(2.800,1.900)
[36m(RolloutWorker pid=1981360)[0m [graph] step=   2  comm_range=3.5m
[36m(RolloutWorker pid=1981360)[0m   robot_0 pos=( 0.100, 0.300) status=active
[36m(RolloutWorker pid=1981360)[0m     adj=[1  1  1  1]  dist=[ 0.00   2.82   2.06   2.18]  neighbors=[1, 2, 3]
[36m(RolloutWorker pid=1981360)[0m   robot_1 pos=(-2.497,-0.801) status=active
[36m(RolloutWorker pid=1981360)[0m     adj=[1  1  0  1]  dist=[ 2.82   0.00   4.74   2.08]  neighbors=[0, 3]
[36m(RolloutWorker pid=1981360)[0m   robot_2 pos=( 2.150, 0.150) status=active
[36m(RolloutWorker pid=1981360)[0m     adj=[1  0  1  1]  dist=[ 2.06   4.74   0.00   3.38]  neighbors=[0, 3]
[36m(RolloutWorker pid=1981360)[0m   robot_3 pos=(-0.650,-1.750) status=active
[36m(RolloutWorker pid=1981360)[0m     adj=[1  1  1  1]  dist=[ 2.18   2.08   3.38   0.00]  neighbors=[0, 1, 2]
[36m(RolloutWorker pid=1981360)[0m [comm] step=   2  agent_0  my_pos=(0.100,0.300)  candidates=[np.int64(1), np.int64(2), np.int64(3)]  received=3/3
[36m(RolloutWorker pid=1981360)[0m     slot[0] neighbor=agent_2 dist=2.056m  n_pos=(2.150,0.150)  rel_pos=(2.050,-0.150)
[36m(RolloutWorker pid=1981360)[0m     slot[1] neighbor=agent_3 dist=2.183m  n_pos=(-0.650,-1.750)  rel_pos=(-0.750,-2.050)
[36m(RolloutWorker pid=1981360)[0m     slot[2] neighbor=agent_1 dist=2.820m  n_pos=(-2.497,-0.801)  rel_pos=(-2.597,-1.101)
[36m(RolloutWorker pid=1981360)[0m [comm] step=   2  agent_1  my_pos=(-2.497,-0.801)  candidates=[np.int64(0), np.int64(3)]  received=2/2
[36m(RolloutWorker pid=1981360)[0m     slot[0] neighbor=agent_3 dist=2.076m  n_pos=(-0.650,-1.750)  rel_pos=(1.846,-0.949)
[36m(RolloutWorker pid=1981360)[0m     slot[1] neighbor=agent_0 dist=2.820m  n_pos=(0.100,0.300)  rel_pos=(2.597,1.101)
[36m(RolloutWorker pid=1981360)[0m [comm] step=   2  agent_2  my_pos=(2.150,0.150)  candidates=[np.int64(0), np.int64(3)]  received=2/2
[36m(RolloutWorker pid=1981360)[0m     slot[0] neighbor=agent_0 dist=2.056m  n_pos=(0.100,0.300)  rel_pos=(-2.050,0.150)
[36m(RolloutWorker pid=1981360)[0m     slot[1] neighbor=agent_3 dist=3.384m  n_pos=(-0.650,-1.750)  rel_pos=(-2.800,-1.900)
[36m(RolloutWorker pid=1981360)[0m [comm] step=   2  agent_3  my_pos=(-0.650,-1.750)  candidates=[np.int64(0), np.int64(1), np.int64(2)]  received=3/3
[36m(RolloutWorker pid=1981360)[0m     slot[0] neighbor=agent_1 dist=2.076m  n_pos=(-2.497,-0.801)  rel_pos=(-1.846,0.949)
[36m(RolloutWorker pid=1981360)[0m     slot[1] neighbor=agent_0 dist=2.183m  n_pos=(0.100,0.300)  rel_pos=(0.750,2.050)
[36m(RolloutWorker pid=1981360)[0m     slot[2] neighbor=agent_2 dist=3.384m  n_pos=(2.150,0.150)  rel_pos=(2.800,1.900)
[36m(RolloutWorker pid=1981360)[0m [graph] step=   3  comm_range=3.5m
[36m(RolloutWorker pid=1981360)[0m   robot_0 pos=( 0.100, 0.300) status=active
[36m(RolloutWorker pid=1981360)[0m     adj=[1  1  1  1]  dist=[ 0.00   2.82   2.06   2.18]  neighbors=[1, 2, 3]
[36m(RolloutWorker pid=1981360)[0m   robot_1 pos=(-2.493,-0.803) status=active
[36m(RolloutWorker pid=1981360)[0m     adj=[1  1  0  1]  dist=[ 2.82   0.00   4.74   2.07]  neighbors=[0, 3]
[36m(RolloutWorker pid=1981360)[0m   robot_2 pos=( 2.150, 0.150) status=active
[36m(RolloutWorker pid=1981360)[0m     adj=[1  0  1  1]  dist=[ 2.06   4.74   0.00   3.38]  neighbors=[0, 3]
[36m(RolloutWorker pid=1981360)[0m   robot_3 pos=(-0.650,-1.750) status=active
[36m(RolloutWorker pid=1981360)[0m     adj=[1  1  1  1]  dist=[ 2.18   2.07   3.38   0.00]  neighbors=[0, 1, 2]
[36m(RolloutWorker pid=1981360)[0m [comm] step=   3  agent_0  my_pos=(0.100,0.300)  candidates=[np.int64(1), np.int64(2), np.int64(3)]  received=3/3
[36m(RolloutWorker pid=1981360)[0m     slot[0] neighbor=agent_2 dist=2.056m  n_pos=(2.150,0.150)  rel_pos=(2.050,-0.150)
[36m(RolloutWorker pid=1981360)[0m     slot[1] neighbor=agent_3 dist=2.183m  n_pos=(-0.650,-1.750)  rel_pos=(-0.750,-2.050)
[36m(RolloutWorker pid=1981360)[0m     slot[2] neighbor=agent_1 dist=2.818m  n_pos=(-2.493,-0.803)  rel_pos=(-2.593,-1.103)
[36m(RolloutWorker pid=1981360)[0m [comm] step=   3  agent_1  my_pos=(-2.493,-0.803)  candidates=[np.int64(0), np.int64(3)]  received=2/2
[36m(RolloutWorker pid=1981360)[0m     slot[0] neighbor=agent_3 dist=2.072m  n_pos=(-0.650,-1.750)  rel_pos=(1.843,-0.947)
[36m(RolloutWorker pid=1981360)[0m     slot[1] neighbor=agent_0 dist=2.818m  n_pos=(0.100,0.300)  rel_pos=(2.593,1.103)
[36m(RolloutWorker pid=1981360)[0m [comm] step=   3  agent_2  my_pos=(2.150,0.150)  candidates=[np.int64(0), np.int64(3)]  received=2/2
[36m(RolloutWorker pid=1981360)[0m     slot[0] neighbor=agent_0 dist=2.056m  n_pos=(0.100,0.300)  rel_pos=(-2.050,0.150)
[36m(RolloutWorker pid=1981360)[0m     slot[1] neighbor=agent_3 dist=3.384m  n_pos=(-0.650,-1.750)  rel_pos=(-2.801,-1.900)
[36m(RolloutWorker pid=1981360)[0m [comm] step=   3  agent_3  my_pos=(-0.650,-1.750)  candidates=[np.int64(0), np.int64(1), np.int64(2)]  received=3/3
[36m(RolloutWorker pid=1981360)[0m     slot[0] neighbor=agent_1 dist=2.072m  n_pos=(-2.493,-0.803)  rel_pos=(-1.843,0.947)
[36m(RolloutWorker pid=1981360)[0m     slot[1] neighbor=agent_0 dist=2.183m  n_pos=(0.100,0.300)  rel_pos=(0.750,2.050)
[36m(RolloutWorker pid=1981360)[0m     slot[2] neighbor=agent_2 dist=3.384m  n_pos=(2.150,0.150)  rel_pos=(2.801,1.900)
  [‚Ėą‚Ėą‚Ėą‚Ėą‚ĖĎ‚ĖĎ‚ĖĎ‚ĖĎ‚ĖĎ‚ĖĎ‚ĖĎ‚ĖĎ‚ĖĎ‚ĖĎ‚ĖĎ‚ĖĎ‚ĖĎ‚ĖĎ‚ĖĎ‚ĖĎ‚ĖĎ‚ĖĎ‚ĖĎ‚ĖĎ‚ĖĎ‚ĖĎ‚ĖĎ‚ĖĎ‚ĖĎ‚ĖĎ]  16.0%     8,000 / 50,000 ś≠•  Śõěśä• -2149.57  ETA 00:50:54  [‚Ėą‚Ėą‚Ėą‚Ėą‚Ėą‚ĖĎ‚ĖĎ‚ĖĎ‚ĖĎ‚ĖĎ‚ĖĎ‚ĖĎ‚ĖĎ‚ĖĎ‚ĖĎ‚ĖĎ‚ĖĎ‚ĖĎ‚ĖĎ‚ĖĎ‚ĖĎ‚ĖĎ‚ĖĎ‚ĖĎ‚ĖĎ‚ĖĎ‚ĖĎ‚ĖĎ‚ĖĎ‚ĖĎ]  18.0%     9,000 / 50,000 ś≠•  Śõěśä• -2149.57  ETA 00:46:00  [‚Ėą‚Ėą‚Ėą‚Ėą‚Ėą‚Ėą‚ĖĎ‚ĖĎ‚ĖĎ‚ĖĎ‚ĖĎ‚ĖĎ‚ĖĎ‚ĖĎ‚ĖĎ‚ĖĎ‚ĖĎ‚ĖĎ‚ĖĎ‚ĖĎ‚ĖĎ‚ĖĎ‚ĖĎ‚ĖĎ‚ĖĎ‚ĖĎ‚ĖĎ‚ĖĎ‚ĖĎ‚ĖĎ]  20.0%    10,000 / 50,000 ś≠•  Śõěśä• -2149.57  ETA 00:42:00
  [monitor] iter=10 steps=10000 reward=-2149.565 per_agent_step=-0.4194 ep_len=480.0 entropy=0.4906
  [monitor] policy_loss=-0.1639 vf_loss=50.1989 total_loss=50.0335 kl=0.00308
  [monitor] raw_step_reward=-0.4194 mixed_step_reward=-0.4194 goal_count=2.67 collision_count=439.67
  [monitor] reward_stability=-0.2067 switch_rate=0.0124 follow_rate=0.0057 replan_rate=0.0000 macro_substeps=3.54 hard_interrupt=0.8798
  [monitor] custom_metrics -> agent_0/avoidance_reward_mean=-0.0018 | agent_0/avoidance_success_bonus_mean=0.0260 | agent_0/best_gap_angle_mean=0.4487 | agent_0/best_gap_clearance_mean=0.9251 | agent_0/best_gap_width_mean=0.7387 | agent_0/close_obstacle_penalty_mean=-0.0000
  [‚Ėą‚Ėą‚Ėą‚Ėą‚Ėą‚Ėą‚ĖĎ‚ĖĎ‚ĖĎ‚ĖĎ‚ĖĎ‚ĖĎ‚ĖĎ‚ĖĎ‚ĖĎ‚ĖĎ‚ĖĎ‚ĖĎ‚ĖĎ‚ĖĎ‚ĖĎ‚ĖĎ‚ĖĎ‚ĖĎ‚ĖĎ‚ĖĎ‚ĖĎ‚ĖĎ‚ĖĎ‚ĖĎ]  22.0%    11,000 / 50,000 ś≠•  Śõěśä• -2149.57  ETA 00:38:43  [‚Ėą‚Ėą‚Ėą‚Ėą‚Ėą‚Ėą‚Ėą‚ĖĎ‚ĖĎ‚ĖĎ‚ĖĎ‚ĖĎ‚ĖĎ‚ĖĎ‚ĖĎ‚ĖĎ‚ĖĎ‚ĖĎ‚ĖĎ‚ĖĎ‚ĖĎ‚ĖĎ‚ĖĎ‚ĖĎ‚ĖĎ‚ĖĎ‚ĖĎ‚ĖĎ‚ĖĎ‚ĖĎ]  24.0%    12,000 / 50,000 ś≠•  Śõěśä• -2149.57  ETA 00:35:50  [‚Ėą‚Ėą‚Ėą‚Ėą‚Ėą‚Ėą‚Ėą‚ĖĎ‚ĖĎ‚ĖĎ‚ĖĎ‚ĖĎ‚ĖĎ‚ĖĎ‚ĖĎ‚ĖĎ‚ĖĎ‚ĖĎ‚ĖĎ‚ĖĎ‚ĖĎ‚ĖĎ‚ĖĎ‚ĖĎ‚ĖĎ‚ĖĎ‚ĖĎ‚ĖĎ‚ĖĎ‚ĖĎ]  26.0%    13,000 / 50,000 ś≠•  Śõěśä• -2149.57  ETA 00:33:21  [‚Ėą‚Ėą‚Ėą‚Ėą‚Ėą‚Ėą‚Ėą‚Ėą‚ĖĎ‚ĖĎ‚ĖĎ‚ĖĎ‚ĖĎ‚ĖĎ‚ĖĎ‚ĖĎ‚ĖĎ‚ĖĎ‚ĖĎ‚ĖĎ‚ĖĎ‚ĖĎ‚ĖĎ‚ĖĎ‚ĖĎ‚ĖĎ‚ĖĎ‚ĖĎ‚ĖĎ‚ĖĎ]  28.0%    14,000 / 50,000 ś≠•  Śõěśä• -2149.57  ETA 00:31:10[36m(RolloutWorker pid=1981360)[0m 
[36m(RolloutWorker pid=1981360)[0m ============================================================
[36m(RolloutWorker pid=1981360)[0m ūüŹĀ Episode ÁĽďśĚü (timeout)
[36m(RolloutWorker pid=1981360)[0m    ÁČ©ÁźÜś≠•śēį: 2000/2000
[36m(RolloutWorker pid=1981360)[0m    ŚÜ≥Á≠Ėś≠•śēį: 1534
[36m(RolloutWorker pid=1981360)[0m    ŚģĆśąź: 4/4
[36m(RolloutWorker pid=1981360)[0m    śīĽŤ∑É: 0  Ś§ĪŤī•: 0
[36m(RolloutWorker pid=1981360)[0m ============================================================
[36m(RolloutWorker pid=1981360)[0m 
[36m(RolloutWorker pid=1981360)[0m [graph] step=   0  comm_range=3.5m
[36m(RolloutWorker pid=1981360)[0m   robot_0 pos=(-3.100,-0.400) status=active
[36m(RolloutWorker pid=1981360)[0m     adj=[1  0  1  0]  dist=[ 0.00   5.56   3.11   8.28]  neighbors=[2]
[36m(RolloutWorker pid=1981360)[0m   robot_1 pos=( 2.350, 0.700) status=active
[36m(RolloutWorker pid=1981360)[0m     adj=[0  1  1  1]  dist=[ 5.56   0.00   3.30   2.83]  neighbors=[2, 3]
[36m(RolloutWorker pid=1981360)[0m   robot_2 pos=(-0.800, 1.700) status=active
[36m(RolloutWorker pid=1981360)[0m     adj=[1  1  1  0]  dist=[ 3.11   3.30   0.00   6.11]  neighbors=[0, 1]
[36m(RolloutWorker pid=1981360)[0m   robot_3 pos=( 5.150, 0.300) status=active
[36m(RolloutWorker pid=1981360)[0m     adj=[0  1  0  1]  dist=[ 8.28   2.83   6.11   0.00]  neighbors=[1]
[36m(RolloutWorker pid=1981360)[0m [comm] step=   0  agent_0  my_pos=(-3.100,-0.400)  candidates=[np.int64(2)]  received=1/1
[36m(RolloutWorker pid=1981360)[0m     slot[0] neighbor=agent_2 dist=3.114m  n_pos=(-0.800,1.700)  rel_pos=(2.300,2.100)
[36m(RolloutWorker pid=1981360)[0m [comm] step=   0  agent_1  my_pos=(2.350,0.700)  candidates=[np.int64(2), np.int64(3)]  received=2/2
[36m(RolloutWorker pid=1981360)[0m     slot[0] neighbor=agent_3 dist=2.828m  n_pos=(5.150,0.300)  rel_pos=(2.800,-0.400)
[36m(RolloutWorker pid=1981360)[0m     slot[1] neighbor=agent_2 dist=3.305m  n_pos=(-0.800,1.700)  rel_pos=(-3.150,1.000)
[36m(RolloutWorker pid=1981360)[0m [comm] step=   0  agent_2  my_pos=(-0.800,1.700)  candidates=[np.int64(0), np.int64(1)]  received=2/2
[36m(RolloutWorker pid=1981360)[0m     slot[0] neighbor=agent_0 dist=3.114m  n_pos=(-3.100,-0.400)  rel_pos=(-2.300,-2.100)
[36m(RolloutWorker pid=1981360)[0m     slot[1] neighbor=agent_1 dist=3.305m  n_pos=(2.350,0.700)  rel_pos=(3.150,-1.000)
[36m(RolloutWorker pid=1981360)[0m [comm] step=   0  agent_3  my_pos=(5.150,0.300)  candidates=[np.int64(1)]  received=1/1
[36m(RolloutWorker pid=1981360)[0m     slot[0] neighbor=agent_1 dist=2.828m  n_pos=(2.350,0.700)  rel_pos=(-2.800,0.400)
[36m(RolloutWorker pid=1981360)[0m [graph] step=   1  comm_range=3.5m
[36m(RolloutWorker pid=1981360)[0m   robot_0 pos=(-3.100,-0.400) status=active
[36m(RolloutWorker pid=1981360)[0m     adj=[1  0  1  0]  dist=[ 0.00   5.56   3.11   8.28]  neighbors=[2]
[36m(RolloutWorker pid=1981360)[0m   robot_1 pos=( 2.350, 0.700) status=active
[36m(RolloutWorker pid=1981360)[0m     adj=[0  1  1  1]  dist=[ 5.56   0.00   3.30   2.83]  neighbors=[2, 3]
[36m(RolloutWorker pid=1981360)[0m   robot_2 pos=(-0.800, 1.700) status=active
[36m(RolloutWorker pid=1981360)[0m     adj=[1  1  1  0]  dist=[ 3.11   3.30   0.00   6.11]  neighbors=[0, 1]
[36m(RolloutWorker pid=1981360)[0m   robot_3 pos=( 5.150, 0.300) status=active
[36m(RolloutWorker pid=1981360)[0m     adj=[0  1  0  1]  dist=[ 8.28   2.83   6.11   0.00]  neighbors=[1]
[36m(RolloutWorker pid=1981360)[0m [comm] step=   1  agent_0  my_pos=(-3.100,-0.400)  candidates=[np.int64(2)]  received=1/1
[36m(RolloutWorker pid=1981360)[0m     slot[0] neighbor=agent_2 dist=3.115m  n_pos=(-0.800,1.700)  rel_pos=(2.300,2.100)
[36m(RolloutWorker pid=1981360)[0m [comm] step=   1  agent_1  my_pos=(2.350,0.700)  candidates=[np.int64(2), np.int64(3)]  received=2/2
[36m(RolloutWorker pid=1981360)[0m     slot[0] neighbor=agent_3 dist=2.828m  n_pos=(5.150,0.300)  rel_pos=(2.800,-0.400)
[36m(RolloutWorker pid=1981360)[0m     slot[1] neighbor=agent_2 dist=3.305m  n_pos=(-0.800,1.700)  rel_pos=(-3.150,1.000)
[36m(RolloutWorker pid=1981360)[0m [comm] step=   1  agent_2  my_pos=(-0.800,1.700)  candidates=[np.int64(0), np.int64(1)]  received=2/2
[36m(RolloutWorker pid=1981360)[0m     slot[0] neighbor=agent_0 dist=3.115m  n_pos=(-3.100,-0.400)  rel_pos=(-2.300,-2.100)
[36m(RolloutWorker pid=1981360)[0m     slot[1] neighbor=agent_1 dist=3.305m  n_pos=(2.350,0.700)  rel_pos=(3.150,-1.000)
[36m(RolloutWorker pid=1981360)[0m [comm] step=   1  agent_3  my_pos=(5.150,0.300)  candidates=[np.int64(1)]  received=1/1
[36m(RolloutWorker pid=1981360)[0m     slot[0] neighbor=agent_1 dist=2.828m  n_pos=(2.350,0.700)  rel_pos=(-2.800,0.400)
[36m(RolloutWorker pid=1981360)[0m [graph] step=   2  comm_range=3.5m
[36m(RolloutWorker pid=1981360)[0m   robot_0 pos=(-3.100,-0.400) status=active
[36m(RolloutWorker pid=1981360)[0m     adj=[1  0  1  0]  dist=[ 0.00   5.56   3.11   8.28]  neighbors=[2]
[36m(RolloutWorker pid=1981360)[0m   robot_1 pos=( 2.347, 0.697) status=active
[36m(RolloutWorker pid=1981360)[0m     adj=[0  1  1  1]  dist=[ 5.56   0.00   3.30   2.83]  neighbors=[2, 3]
[36m(RolloutWorker pid=1981360)[0m   robot_2 pos=(-0.800, 1.700) status=active
[36m(RolloutWorker pid=1981360)[0m     adj=[1  1  1  0]  dist=[ 3.11   3.30   0.00   6.11]  neighbors=[0, 1]
[36m(RolloutWorker pid=1981360)[0m   robot_3 pos=( 5.146, 0.298) status=active
[36m(RolloutWorker pid=1981360)[0m     adj=[0  1  0  1]  dist=[ 8.28   2.83   6.11   0.00]  neighbors=[1]
[36m(RolloutWorker pid=1981360)[0m [comm] step=   2  agent_0  my_pos=(-3.100,-0.400)  candidates=[np.int64(2)]  received=1/1
[36m(RolloutWorker pid=1981360)[0m     slot[0] neighbor=agent_2 dist=3.114m  n_pos=(-0.800,1.700)  rel_pos=(2.300,2.100)
[36m(RolloutWorker pid=1981360)[0m [comm] step=   2  agent_1  my_pos=(2.347,0.697)  candidates=[np.int64(2), np.int64(3)]  received=2/2
[36m(RolloutWorker pid=1981360)[0m     slot[0] neighbor=agent_3 dist=2.827m  n_pos=(5.146,0.298)  rel_pos=(2.799,-0.399)
[36m(RolloutWorker pid=1981360)[0m     slot[1] neighbor=agent_2 dist=3.303m  n_pos=(-0.800,1.700)  rel_pos=(-3.148,1.003)
[36m(RolloutWorker pid=1981360)[0m [comm] step=   2  agent_2  my_pos=(-0.800,1.700)  candidates=[np.int64(0), np.int64(1)]  received=2/2
[36m(RolloutWorker pid=1981360)[0m     slot[0] neighbor=agent_0 dist=3.114m  n_pos=(-3.100,-0.400)  rel_pos=(-2.300,-2.100)
[36m(RolloutWorker pid=1981360)[0m     slot[1] neighbor=agent_1 dist=3.303m  n_pos=(2.347,0.697)  rel_pos=(3.148,-1.003)
[36m(RolloutWorker pid=1981360)[0m [comm] step=   2  agent_3  my_pos=(5.146,0.298)  candidates=[np.int64(1)]  received=1/1
[36m(RolloutWorker pid=1981360)[0m     slot[0] neighbor=agent_1 dist=2.827m  n_pos=(2.347,0.697)  rel_pos=(-2.799,0.399)
[36m(RolloutWorker pid=1981360)[0m [graph] step=   3  comm_range=3.5m
[36m(RolloutWorker pid=1981360)[0m   robot_0 pos=(-3.100,-0.400) status=active
[36m(RolloutWorker pid=1981360)[0m     adj=[1  0  1  0]  dist=[ 0.00   5.55   3.11   8.27]  neighbors=[2]
[36m(RolloutWorker pid=1981360)[0m   robot_1 pos=( 2.344, 0.695) status=active
[36m(RolloutWorker pid=1981360)[0m     adj=[0  1  1  1]  dist=[ 5.55   0.00   3.30   2.83]  neighbors=[2, 3]
[36m(RolloutWorker pid=1981360)[0m   robot_2 pos=(-0.800, 1.700) status=active
[36m(RolloutWorker pid=1981360)[0m     adj=[1  1  1  0]  dist=[ 3.11   3.30   0.00   6.11]  neighbors=[0, 1]
[36m(RolloutWorker pid=1981360)[0m   robot_3 pos=( 5.141, 0.296) status=active
[36m(RolloutWorker pid=1981360)[0m     adj=[0  1  0  1]  dist=[ 8.27   2.83   6.11   0.00]  neighbors=[1]
[36m(RolloutWorker pid=1981360)[0m [comm] step=   3  agent_0  my_pos=(-3.100,-0.400)  candidates=[np.int64(2)]  received=1/1
[36m(RolloutWorker pid=1981360)[0m     slot[0] neighbor=agent_2 dist=3.114m  n_pos=(-0.800,1.700)  rel_pos=(2.300,2.100)
[36m(RolloutWorker pid=1981360)[0m [comm] step=   3  agent_1  my_pos=(2.344,0.695)  candidates=[np.int64(2), np.int64(3)]  received=2/2
[36m(RolloutWorker pid=1981360)[0m     slot[0] neighbor=agent_3 dist=2.825m  n_pos=(5.141,0.296)  rel_pos=(2.797,-0.399)
[36m(RolloutWorker pid=1981360)[0m     slot[1] neighbor=agent_2 dist=3.301m  n_pos=(-0.800,1.700)  rel_pos=(-3.144,1.005)
[36m(RolloutWorker pid=1981360)[0m [comm] step=   3  agent_2  my_pos=(-0.800,1.700)  candidates=[np.int64(0), np.int64(1)]  received=2/2
[36m(RolloutWorker pid=1981360)[0m     slot[0] neighbor=agent_0 dist=3.114m  n_pos=(-3.100,-0.400)  rel_pos=(-2.300,-2.100)
[36m(RolloutWorker pid=1981360)[0m     slot[1] neighbor=agent_1 dist=3.301m  n_pos=(2.344,0.695)  rel_pos=(3.144,-1.005)
[36m(RolloutWorker pid=1981360)[0m [comm] step=   3  agent_3  my_pos=(5.141,0.296)  candidates=[np.int64(1)]  received=1/1
[36m(RolloutWorker pid=1981360)[0m     slot[0] neighbor=agent_1 dist=2.825m  n_pos=(2.344,0.695)  rel_pos=(-2.797,0.399)
  [‚Ėą‚Ėą‚Ėą‚Ėą‚Ėą‚Ėą‚Ėą‚Ėą‚Ėą‚ĖĎ‚ĖĎ‚ĖĎ‚ĖĎ‚ĖĎ‚ĖĎ‚ĖĎ‚ĖĎ‚ĖĎ‚ĖĎ‚ĖĎ‚ĖĎ‚ĖĎ‚ĖĎ‚ĖĎ‚ĖĎ‚ĖĎ‚ĖĎ‚ĖĎ‚ĖĎ‚ĖĎ]  30.0%    15,000 / 50,000 ś≠•  Śõěśä• -2467.80  ETA 00:29:38
  [monitor] iter=15 steps=15000 reward=-2467.801 per_agent_step=-0.4463 ep_len=743.5 entropy=0.6308
  [monitor] policy_loss=-0.0276 vf_loss=45.2603 total_loss=45.2308 kl=0.00738
  [monitor] raw_step_reward=-0.4463 mixed_step_reward=-0.4463 goal_count=2.50 collision_count=476.50
  [monitor] reward_stability=-0.1707 switch_rate=0.1053 follow_rate=0.0312 replan_rate=0.0000 macro_substeps=3.04 hard_interrupt=0.8825
  [monitor] custom_metrics -> agent_0/avoidance_reward_mean=-0.0015 | agent_0/avoidance_success_bonus_mean=0.0258 | agent_0/best_gap_angle_mean=0.3292 | agent_0/best_gap_clearance_mean=0.9437 | agent_0/best_gap_width_mean=0.8041 | agent_0/close_obstacle_penalty_mean=-0.0000
  [‚Ėą‚Ėą‚Ėą‚Ėą‚Ėą‚Ėą‚Ėą‚Ėą‚Ėą‚ĖĎ‚ĖĎ‚ĖĎ‚ĖĎ‚ĖĎ‚ĖĎ‚ĖĎ‚ĖĎ‚ĖĎ‚ĖĎ‚ĖĎ‚ĖĎ‚ĖĎ‚ĖĎ‚ĖĎ‚ĖĎ‚ĖĎ‚ĖĎ‚ĖĎ‚ĖĎ‚ĖĎ]  32.0%    16,000 / 50,000 ś≠•  Śõěśä• -2467.80  ETA 00:27:57  [‚Ėą‚Ėą‚Ėą‚Ėą‚Ėą‚Ėą‚Ėą‚Ėą‚Ėą‚Ėą‚ĖĎ‚ĖĎ‚ĖĎ‚ĖĎ‚ĖĎ‚ĖĎ‚ĖĎ‚ĖĎ‚ĖĎ‚ĖĎ‚ĖĎ‚ĖĎ‚ĖĎ‚ĖĎ‚ĖĎ‚ĖĎ‚ĖĎ‚ĖĎ‚ĖĎ‚ĖĎ]  34.0%    17,000 / 50,000 ś≠•  Śõěśä• -2467.80  ETA 00:26:21  [‚Ėą‚Ėą‚Ėą‚Ėą‚Ėą‚Ėą‚Ėą‚Ėą‚Ėą‚Ėą‚ĖĎ‚ĖĎ‚ĖĎ‚ĖĎ‚ĖĎ‚ĖĎ‚ĖĎ‚ĖĎ‚ĖĎ‚ĖĎ‚ĖĎ‚ĖĎ‚ĖĎ‚ĖĎ‚ĖĎ‚ĖĎ‚ĖĎ‚ĖĎ‚ĖĎ‚ĖĎ]  36.0%    18,000 / 50,000 ś≠•  Śõěśä• -2467.80  ETA 00:24:53  [‚Ėą‚Ėą‚Ėą‚Ėą‚Ėą‚Ėą‚Ėą‚Ėą‚Ėą‚Ėą‚Ėą‚ĖĎ‚ĖĎ‚ĖĎ‚ĖĎ‚ĖĎ‚ĖĎ‚ĖĎ‚ĖĎ‚ĖĎ‚ĖĎ‚ĖĎ‚ĖĎ‚ĖĎ‚ĖĎ‚ĖĎ‚ĖĎ‚ĖĎ‚ĖĎ‚ĖĎ]  38.0%    19,000 / 50,000 ś≠•  Śõěśä• -2467.80  ETA 00:23:31  [‚Ėą‚Ėą‚Ėą‚Ėą‚Ėą‚Ėą‚Ėą‚Ėą‚Ėą‚Ėą‚Ėą‚Ėą‚ĖĎ‚ĖĎ‚ĖĎ‚ĖĎ‚ĖĎ‚ĖĎ‚ĖĎ‚ĖĎ‚ĖĎ‚ĖĎ‚ĖĎ‚ĖĎ‚ĖĎ‚ĖĎ‚ĖĎ‚ĖĎ‚ĖĎ‚ĖĎ]  40.0%    20,000 / 50,000 ś≠•  Śõěśä• -2467.80  ETA 00:22:15
  [monitor] iter=20 steps=20000 reward=-2467.801 per_agent_step=-0.4463 ep_len=743.5 entropy=0.3369
  [monitor] policy_loss=-0.0031 vf_loss=58.4777 total_loss=58.4736 kl=0.00256
  [monitor] raw_step_reward=-0.4463 mixed_step_reward=-0.4463 goal_count=2.50 collision_count=476.50
  [monitor] reward_stability=-0.1707 switch_rate=0.1053 follow_rate=0.0312 replan_rate=0.0000 macro_substeps=3.04 hard_interrupt=0.8825
  [monitor] custom_metrics -> agent_0/avoidance_reward_mean=-0.0015 | agent_0/avoidance_success_bonus_mean=0.0258 | agent_0/best_gap_angle_mean=0.3292 | agent_0/best_gap_clearance_mean=0.9437 | agent_0/best_gap_width_mean=0.8041 | agent_0/close_obstacle_penalty_mean=-0.0000
  [‚Ėą‚Ėą‚Ėą‚Ėą‚Ėą‚Ėą‚Ėą‚Ėą‚Ėą‚Ėą‚Ėą‚Ėą‚ĖĎ‚ĖĎ‚ĖĎ‚ĖĎ‚ĖĎ‚ĖĎ‚ĖĎ‚ĖĎ‚ĖĎ‚ĖĎ‚ĖĎ‚ĖĎ‚ĖĎ‚ĖĎ‚ĖĎ‚ĖĎ‚ĖĎ‚ĖĎ]  42.0%    21,000 / 50,000 ś≠•  Śõěśä• -2467.80  ETA 00:21:06  [‚Ėą‚Ėą‚Ėą‚Ėą‚Ėą‚Ėą‚Ėą‚Ėą‚Ėą‚Ėą‚Ėą‚Ėą‚Ėą‚ĖĎ‚ĖĎ‚ĖĎ‚ĖĎ‚ĖĎ‚ĖĎ‚ĖĎ‚ĖĎ‚ĖĎ‚ĖĎ‚ĖĎ‚ĖĎ‚ĖĎ‚ĖĎ‚ĖĎ‚ĖĎ‚ĖĎ]  44.0%    22,000 / 50,000 ś≠•  Śõěśä• -2467.80  ETA 00:20:00  [‚Ėą‚Ėą‚Ėą‚Ėą‚Ėą‚Ėą‚Ėą‚Ėą‚Ėą‚Ėą‚Ėą‚Ėą‚Ėą‚ĖĎ‚ĖĎ‚ĖĎ‚ĖĎ‚ĖĎ‚ĖĎ‚ĖĎ‚ĖĎ‚ĖĎ‚ĖĎ‚ĖĎ‚ĖĎ‚ĖĎ‚ĖĎ‚ĖĎ‚ĖĎ‚ĖĎ]  46.0%    23,000 / 50,000 ś≠•  Śõěśä• -2467.80  ETA 00:18:55  [‚Ėą‚Ėą‚Ėą‚Ėą‚Ėą‚Ėą‚Ėą‚Ėą‚Ėą‚Ėą‚Ėą‚Ėą‚Ėą‚Ėą‚ĖĎ‚ĖĎ‚ĖĎ‚ĖĎ‚ĖĎ‚ĖĎ‚ĖĎ‚ĖĎ‚ĖĎ‚ĖĎ‚ĖĎ‚ĖĎ‚ĖĎ‚ĖĎ‚ĖĎ‚ĖĎ]  48.0%    24,000 / 50,000 ś≠•  Śõěśä• -2467.80  ETA 00:17:54[36m(RolloutWorker pid=1981360)[0m 
[36m(RolloutWorker pid=1981360)[0m ============================================================
[36m(RolloutWorker pid=1981360)[0m ūüŹĀ Episode ÁĽďśĚü (timeout)
[36m(RolloutWorker pid=1981360)[0m    ÁČ©ÁźÜś≠•śēį: 2000/2000
[36m(RolloutWorker pid=1981360)[0m    ŚÜ≥Á≠Ėś≠•śēį: 1905
[36m(RolloutWorker pid=1981360)[0m    ŚģĆśąź: 4/4
[36m(RolloutWorker pid=1981360)[0m    śīĽŤ∑É: 0  Ś§ĪŤī•: 0
[36m(RolloutWorker pid=1981360)[0m ============================================================
[36m(RolloutWorker pid=1981360)[0m 
[36m(RolloutWorker pid=1981360)[0m [graph] step=   0  comm_range=3.5m
[36m(RolloutWorker pid=1981360)[0m   robot_0 pos=( 0.400,-4.700) status=active
[36m(RolloutWorker pid=1981360)[0m     adj=[1  0  0  0]  dist=[ 0.00   5.30   6.05   6.33]  neighbors=[]
[36m(RolloutWorker pid=1981360)[0m   robot_1 pos=(-2.550,-0.300) status=active
[36m(RolloutWorker pid=1981360)[0m     adj=[0  1  0  1]  dist=[ 5.30   0.00   3.56   1.70]  neighbors=[3]
[36m(RolloutWorker pid=1981360)[0m   robot_2 pos=( 0.600, 1.350) status=active
[36m(RolloutWorker pid=1981360)[0m     adj=[0  0  1  0]  dist=[ 6.05   3.56   0.00   5.16]  neighbors=[]
[36m(RolloutWorker pid=1981360)[0m   robot_3 pos=(-4.250,-0.400) status=active
[36m(RolloutWorker pid=1981360)[0m     adj=[0  1  0  1]  dist=[ 6.33   1.70   5.16   0.00]  neighbors=[1]
[36m(RolloutWorker pid=1981360)[0m [comm] step=   0  agent_0  my_pos=(0.400,-4.700)  candidates=[]  received=0/0
[36m(RolloutWorker pid=1981360)[0m     (śó†śúČśēąťāĽŚĪÖ: ŤĆÉŚõīŚ§Ė/šłĘŚĆÖ/ŚĽ∂ŤŅüŚ°ęťõ∂)
[36m(RolloutWorker pid=1981360)[0m [comm] step=   0  agent_1  my_pos=(-2.550,-0.300)  candidates=[np.int64(3)]  received=1/1
[36m(RolloutWorker pid=1981360)[0m     slot[0] neighbor=agent_3 dist=1.703m  n_pos=(-4.250,-0.400)  rel_pos=(-1.700,-0.100)
[36m(RolloutWorker pid=1981360)[0m [comm] step=   0  agent_2  my_pos=(0.600,1.350)  candidates=[]  received=0/0
[36m(RolloutWorker pid=1981360)[0m     (śó†śúČśēąťāĽŚĪÖ: ŤĆÉŚõīŚ§Ė/šłĘŚĆÖ/ŚĽ∂ŤŅüŚ°ęťõ∂)
[36m(RolloutWorker pid=1981360)[0m [comm] step=   0  agent_3  my_pos=(-4.250,-0.400)  candidates=[np.int64(1)]  received=1/1
[36m(RolloutWorker pid=1981360)[0m     slot[0] neighbor=agent_1 dist=1.703m  n_pos=(-2.550,-0.300)  rel_pos=(1.700,0.100)
[36m(RolloutWorker pid=1981360)[0m [graph] step=   1  comm_range=3.5m
[36m(RolloutWorker pid=1981360)[0m   robot_0 pos=( 0.400,-4.700) status=active
[36m(RolloutWorker pid=1981360)[0m     adj=[1  0  0  0]  dist=[ 0.00   5.30   6.05   6.33]  neighbors=[]
[36m(RolloutWorker pid=1981360)[0m   robot_1 pos=(-2.550,-0.300) status=active
[36m(RolloutWorker pid=1981360)[0m     adj=[0  1  0  1]  dist=[ 5.30   0.00   3.56   1.70]  neighbors=[3]
[36m(RolloutWorker pid=1981360)[0m   robot_2 pos=( 0.600, 1.350) status=active
[36m(RolloutWorker pid=1981360)[0m     adj=[0  0  1  0]  dist=[ 6.05   3.56   0.00   5.16]  neighbors=[]
[36m(RolloutWorker pid=1981360)[0m   robot_3 pos=(-4.250,-0.400) status=active
[36m(RolloutWorker pid=1981360)[0m     adj=[0  1  0  1]  dist=[ 6.33   1.70   5.16   0.00]  neighbors=[1]
[36m(RolloutWorker pid=1981360)[0m [comm] step=   1  agent_0  my_pos=(0.400,-4.700)  candidates=[]  received=0/0
[36m(RolloutWorker pid=1981360)[0m     (śó†śúČśēąťāĽŚĪÖ: ŤĆÉŚõīŚ§Ė/šłĘŚĆÖ/ŚĽ∂ŤŅüŚ°ęťõ∂)
[36m(RolloutWorker pid=1981360)[0m [comm] step=   1  agent_1  my_pos=(-2.550,-0.300)  candidates=[np.int64(3)]  received=1/1
[36m(RolloutWorker pid=1981360)[0m     slot[0] neighbor=agent_3 dist=1.703m  n_pos=(-4.250,-0.400)  rel_pos=(-1.700,-0.100)
[36m(RolloutWorker pid=1981360)[0m [comm] step=   1  agent_2  my_pos=(0.600,1.350)  candidates=[]  received=0/0
[36m(RolloutWorker pid=1981360)[0m     (śó†śúČśēąťāĽŚĪÖ: ŤĆÉŚõīŚ§Ė/šłĘŚĆÖ/ŚĽ∂ŤŅüŚ°ęťõ∂)
[36m(RolloutWorker pid=1981360)[0m [comm] step=   1  agent_3  my_pos=(-4.250,-0.400)  candidates=[np.int64(1)]  received=1/1
[36m(RolloutWorker pid=1981360)[0m     slot[0] neighbor=agent_1 dist=1.703m  n_pos=(-2.550,-0.300)  rel_pos=(1.700,0.100)
[36m(RolloutWorker pid=1981360)[0m [graph] step=   2  comm_range=3.5m
[36m(RolloutWorker pid=1981360)[0m   robot_0 pos=( 0.400,-4.700) status=active
[36m(RolloutWorker pid=1981360)[0m     adj=[1  0  0  0]  dist=[ 0.00   5.30   6.05   6.33]  neighbors=[]
[36m(RolloutWorker pid=1981360)[0m   robot_1 pos=(-2.550,-0.300) status=active
[36m(RolloutWorker pid=1981360)[0m     adj=[0  1  0  1]  dist=[ 5.30   0.00   3.56   1.70]  neighbors=[3]
[36m(RolloutWorker pid=1981360)[0m   robot_2 pos=( 0.600, 1.350) status=active
[36m(RolloutWorker pid=1981360)[0m     adj=[0  0  1  0]  dist=[ 6.05   3.56   0.00   5.15]  neighbors=[]
[36m(RolloutWorker pid=1981360)[0m   robot_3 pos=(-4.246,-0.400) status=active
[36m(RolloutWorker pid=1981360)[0m     adj=[0  1  0  1]  dist=[ 6.33   1.70   5.15   0.00]  neighbors=[1]
[36m(RolloutWorker pid=1981360)[0m [comm] step=   2  agent_0  my_pos=(0.400,-4.700)  candidates=[]  received=0/0
[36m(RolloutWorker pid=1981360)[0m     (śó†śúČśēąťāĽŚĪÖ: ŤĆÉŚõīŚ§Ė/šłĘŚĆÖ/ŚĽ∂ŤŅüŚ°ęťõ∂)
[36m(RolloutWorker pid=1981360)[0m [comm] step=   2  agent_1  my_pos=(-2.550,-0.300)  candidates=[np.int64(3)]  received=1/1
[36m(RolloutWorker pid=1981360)[0m     slot[0] neighbor=agent_3 dist=1.698m  n_pos=(-4.246,-0.400)  rel_pos=(-1.695,-0.100)
[36m(RolloutWorker pid=1981360)[0m [comm] step=   2  agent_2  my_pos=(0.600,1.350)  candidates=[]  received=0/0
[36m(RolloutWorker pid=1981360)[0m     (śó†śúČśēąťāĽŚĪÖ: ŤĆÉŚõīŚ§Ė/šłĘŚĆÖ/ŚĽ∂ŤŅüŚ°ęťõ∂)
[36m(RolloutWorker pid=1981360)[0m [comm] step=   2  agent_3  my_pos=(-4.246,-0.400)  candidates=[np.int64(1)]  received=1/1
[36m(RolloutWorker pid=1981360)[0m     slot[0] neighbor=agent_1 dist=1.698m  n_pos=(-2.550,-0.300)  rel_pos=(1.695,0.100)
[36m(RolloutWorker pid=1981360)[0m [graph] step=   3  comm_range=3.5m
[36m(RolloutWorker pid=1981360)[0m   robot_0 pos=( 0.400,-4.700) status=active
[36m(RolloutWorker pid=1981360)[0m     adj=[1  0  0  0]  dist=[ 0.00   5.30   6.05   6.33]  neighbors=[]
[36m(RolloutWorker pid=1981360)[0m   robot_1 pos=(-2.550,-0.300) status=active
[36m(RolloutWorker pid=1981360)[0m     adj=[0  1  0  1]  dist=[ 5.30   0.00   3.56   1.69]  neighbors=[3]
[36m(RolloutWorker pid=1981360)[0m   robot_2 pos=( 0.600, 1.350) status=active
[36m(RolloutWorker pid=1981360)[0m     adj=[0  0  1  0]  dist=[ 6.05   3.56   0.00   5.15]  neighbors=[]
[36m(RolloutWorker pid=1981360)[0m   robot_3 pos=(-4.241,-0.400) status=active
[36m(RolloutWorker pid=1981360)[0m     adj=[0  1  0  1]  dist=[ 6.33   1.69   5.15   0.00]  neighbors=[1]
[36m(RolloutWorker pid=1981360)[0m [comm] step=   3  agent_0  my_pos=(0.400,-4.700)  candidates=[]  received=0/0
[36m(RolloutWorker pid=1981360)[0m     (śó†śúČśēąťāĽŚĪÖ: ŤĆÉŚõīŚ§Ė/šłĘŚĆÖ/ŚĽ∂ŤŅüŚ°ęťõ∂)
[36m(RolloutWorker pid=1981360)[0m [comm] step=   3  agent_1  my_pos=(-2.550,-0.300)  candidates=[np.int64(3)]  received=1/1
[36m(RolloutWorker pid=1981360)[0m     slot[0] neighbor=agent_3 dist=1.693m  n_pos=(-4.241,-0.400)  rel_pos=(-1.690,-0.100)
[36m(RolloutWorker pid=1981360)[0m [comm] step=   3  agent_2  my_pos=(0.600,1.350)  candidates=[]  received=0/0
[36m(RolloutWorker pid=1981360)[0m     (śó†śúČśēąťāĽŚĪÖ: ŤĆÉŚõīŚ§Ė/šłĘŚĆÖ/ŚĽ∂ŤŅüŚ°ęťõ∂)
[36m(RolloutWorker pid=1981360)[0m [comm] step=   3  agent_3  my_pos=(-4.241,-0.400)  candidates=[np.int64(1)]  received=1/1
[36m(RolloutWorker pid=1981360)[0m     slot[0] neighbor=agent_1 dist=1.693m  n_pos=(-2.550,-0.300)  rel_pos=(1.690,0.100)
  [‚Ėą‚Ėą‚Ėą‚Ėą‚Ėą‚Ėą‚Ėą‚Ėą‚Ėą‚Ėą‚Ėą‚Ėą‚Ėą‚Ėą‚Ėą‚ĖĎ‚ĖĎ‚ĖĎ‚ĖĎ‚ĖĎ‚ĖĎ‚ĖĎ‚ĖĎ‚ĖĎ‚ĖĎ‚ĖĎ‚ĖĎ‚ĖĎ‚ĖĎ‚ĖĎ]  50.0%    25,000 / 50,000 ś≠•  Śõěśä• -3102.17  ETA 00:17:08