[INFO] [launch]: All log files can be found below /home/wj/.ros/log/2026-05-17-11-02-57-254543-wj-Default-string-1978131
[INFO] [launch]: Default logging verbosity is set to INFO
[INFO] Loading world for TurtleBot3: /home/wj/work/multi-robot-exploration-rl/install/start_rl_environment_tb3/share/start_rl_environment_tb3/worlds/interaction_hub.world
[INFO] Spawning 4 TurtleBot3 robots on interaction_hub...
[INFO] Using random positions
[INFO] Using fixed positions for 4 robots
[INFO]   Robot 0: Robot 0 - west lower at (-5.10, -0.85)
[INFO]   Robot 1: Robot 1 - west upper at (-5.10, 0.85)
[INFO]   Robot 2: Robot 2 - east upper at (5.10, 0.85)
[INFO]   Robot 3: Robot 3 - east lower at (5.10, -0.85)
[spawn_robots] Created modified SDF for tb3_0 at /tmp/tb3_0_mfe2rllr.sdf
[spawn_robots] Created modified SDF for tb3_1 at /tmp/tb3_1_zd8pnfhf.sdf
[spawn_robots] Created modified SDF for tb3_2 at /tmp/tb3_2_3x1ez1zn.sdf
[spawn_robots] Created modified SDF for tb3_3 at /tmp/tb3_3_t151lq49.sdf
[INFO] Map Server loading: /home/wj/work/multi-robot-exploration-rl/install/start_rl_environment_tb3/share/start_rl_environment_tb3/maps/interaction_hub.yaml
[INFO] [gzserver-1]: process started with pid [1978237]
[INFO] [gzclient-2]: process started with pid [1978239]
[INFO] [robot_state_publisher-3]: process started with pid [1978241]
[INFO] [spawn_entity.py-4]: process started with pid [1978243]
[INFO] [static_transform_publisher-5]: process started with pid [1978245]
[INFO] [robot_state_publisher-6]: process started with pid [1978247]
[INFO] [spawn_entity.py-7]: process started with pid [1978249]
[INFO] [static_transform_publisher-8]: process started with pid [1978251]
[INFO] [robot_state_publisher-9]: process started with pid [1978253]
[INFO] [spawn_entity.py-10]: process started with pid [1978255]
[INFO] [static_transform_publisher-11]: process started with pid [1978257]
[INFO] [robot_state_publisher-12]: process started with pid [1978259]
[INFO] [spawn_entity.py-13]: process started with pid [1978261]
[INFO] [static_transform_publisher-14]: process started with pid [1978264]
[INFO] [map_server-15]: process started with pid [1978269]
[INFO] [lifecycle_manager-16]: process started with pid [1978278]
[INFO] [rviz2-17]: process started with pid [1978290]
[INFO] [obstacle_mover.py-18]: process started with pid [1978296]
[static_transform_publisher-5] [WARN] [1778986978.143349221] []: Old-style arguments are deprecated; see --help for new-style arguments
[static_transform_publisher-8] [WARN] [1778986978.158429414] []: Old-style arguments are deprecated; see --help for new-style arguments
[static_transform_publisher-11] [WARN] [1778986978.156112362] []: Old-style arguments are deprecated; see --help for new-style arguments
[static_transform_publisher-14] [WARN] [1778986978.181868058] []: Old-style arguments are deprecated; see --help for new-style arguments
[static_transform_publisher-5] [INFO] [1778986978.206134626] [static_tf_tb3_0]: Spinning until stopped - publishing transform
[static_transform_publisher-5] translation: ('0.000000', '0.000000', '0.000000')
[static_transform_publisher-5] rotation: ('0.000000', '0.000000', '0.000000', '1.000000')
[static_transform_publisher-5] from 'map' to 'tb3_0/odom'
[robot_state_publisher-3] [INFO] [1778986978.210304076] [tb3_0.robot_state_publisher]: got segment base_footprint
[robot_state_publisher-3] [INFO] [1778986978.210490864] [tb3_0.robot_state_publisher]: got segment base_link
[robot_state_publisher-3] [INFO] [1778986978.210513154] [tb3_0.robot_state_publisher]: got segment base_scan
[robot_state_publisher-3] [INFO] [1778986978.210525027] [tb3_0.robot_state_publisher]: got segment caster_back_link
[robot_state_publisher-3] [INFO] [1778986978.210536904] [tb3_0.robot_state_publisher]: got segment imu_link
[robot_state_publisher-3] [INFO] [1778986978.210547080] [tb3_0.robot_state_publisher]: got segment wheel_left_link
[robot_state_publisher-3] [INFO] [1778986978.210557364] [tb3_0.robot_state_publisher]: got segment wheel_right_link
[static_transform_publisher-8] [INFO] [1778986978.218923937] [static_tf_tb3_1]: Spinning until stopped - publishing transform
[static_transform_publisher-8] translation: ('0.000000', '0.000000', '0.000000')
[static_transform_publisher-8] rotation: ('0.000000', '0.000000', '0.000000', '1.000000')
[static_transform_publisher-8] from 'map' to 'tb3_1/odom'
[robot_state_publisher-6] [INFO] [1778986978.232147123] [tb3_1.robot_state_publisher]: got segment base_footprint
[robot_state_publisher-6] [INFO] [1778986978.232595000] [tb3_1.robot_state_publisher]: got segment base_link
[robot_state_publisher-6] [INFO] [1778986978.232618589] [tb3_1.robot_state_publisher]: got segment base_scan
[robot_state_publisher-6] [INFO] [1778986978.232632291] [tb3_1.robot_state_publisher]: got segment caster_back_link
[robot_state_publisher-6] [INFO] [1778986978.232644789] [tb3_1.robot_state_publisher]: got segment imu_link
[robot_state_publisher-6] [INFO] [1778986978.232656449] [tb3_1.robot_state_publisher]: got segment wheel_left_link
[robot_state_publisher-6] [INFO] [1778986978.232667769] [tb3_1.robot_state_publisher]: got segment wheel_right_link
[robot_state_publisher-12] [INFO] [1778986978.236352961] [tb3_3.robot_state_publisher]: got segment base_footprint
[robot_state_publisher-12] [INFO] [1778986978.236608820] [tb3_3.robot_state_publisher]: got segment base_link
[robot_state_publisher-12] [INFO] [1778986978.236632799] [tb3_3.robot_state_publisher]: got segment base_scan
[robot_state_publisher-12] [INFO] [1778986978.236677146] [tb3_3.robot_state_publisher]: got segment caster_back_link
[robot_state_publisher-12] [INFO] [1778986978.236694152] [tb3_3.robot_state_publisher]: got segment imu_link
[robot_state_publisher-12] [INFO] [1778986978.236704456] [tb3_3.robot_state_publisher]: got segment wheel_left_link
[robot_state_publisher-12] [INFO] [1778986978.236713713] [tb3_3.robot_state_publisher]: got segment wheel_right_link
[robot_state_publisher-9] [INFO] [1778986978.242457146] [tb3_2.robot_state_publisher]: got segment base_footprint
[robot_state_publisher-9] [INFO] [1778986978.242648159] [tb3_2.robot_state_publisher]: got segment base_link
[robot_state_publisher-9] [INFO] [1778986978.242671174] [tb3_2.robot_state_publisher]: got segment base_scan
[robot_state_publisher-9] [INFO] [1778986978.242684940] [tb3_2.robot_state_publisher]: got segment caster_back_link
[robot_state_publisher-9] [INFO] [1778986978.242697570] [tb3_2.robot_state_publisher]: got segment imu_link
[robot_state_publisher-9] [INFO] [1778986978.242708351] [tb3_2.robot_state_publisher]: got segment wheel_left_link
[robot_state_publisher-9] [INFO] [1778986978.242718979] [tb3_2.robot_state_publisher]: got segment wheel_right_link
[static_transform_publisher-11] [INFO] [1778986978.244801252] [static_tf_tb3_2]: Spinning until stopped - publishing transform
[static_transform_publisher-11] translation: ('0.000000', '0.000000', '0.000000')
[static_transform_publisher-11] rotation: ('0.000000', '0.000000', '0.000000', '1.000000')
[static_transform_publisher-11] from 'map' to 'tb3_2/odom'
[static_transform_publisher-14] [INFO] [1778986978.257493281] [static_tf_tb3_3]: Spinning until stopped - publishing transform
[static_transform_publisher-14] translation: ('0.000000', '0.000000', '0.000000')
[static_transform_publisher-14] rotation: ('0.000000', '0.000000', '0.000000', '1.000000')
[static_transform_publisher-14] from 'map' to 'tb3_3/odom'
[map_server-15] [INFO] [1778986978.270341681] [map_server]: 
[map_server-15] 	map_server lifecycle node launched. 
[map_server-15] 	Waiting on external lifecycle transitions to activate
[map_server-15] 	See https://design.ros2.org/articles/node_lifecycle.html for more information.
[map_server-15] [INFO] [1778986978.270568851] [map_server]: Creating
[lifecycle_manager-16] [INFO] [1778986978.277448223] [lifecycle_manager_map]: Creating
[lifecycle_manager-16] [INFO] [1778986978.289929981] [lifecycle_manager_map]: [34m[1mCreating and initializing lifecycle service clients[0m[0m
[lifecycle_manager-16] [INFO] [1778986978.298928244] [lifecycle_manager_map]: [34m[1mStarting managed nodes bringup...[0m[0m
[lifecycle_manager-16] [INFO] [1778986978.298988527] [lifecycle_manager_map]: [34m[1mConfiguring map_server[0m[0m
[map_server-15] [INFO] [1778986978.299601700] [map_server]: Configuring
[map_server-15] [INFO] [1778986978.299685313] [map_io]: Loading yaml file: /home/wj/work/multi-robot-exploration-rl/install/start_rl_environment_tb3/share/start_rl_environment_tb3/maps/interaction_hub.yaml
[map_server-15] [INFO] [1778986978.300097785] [map_io]: resolution: 0.05
[map_server-15] [INFO] [1778986978.300115846] [map_io]: origin[0]: -6
[map_server-15] [INFO] [1778986978.300125656] [map_io]: origin[1]: -6
[map_server-15] [INFO] [1778986978.300134102] [map_io]: origin[2]: 0
[map_server-15] [INFO] [1778986978.300143569] [map_io]: free_thresh: 0.196
[map_server-15] [INFO] [1778986978.300152225] [map_io]: occupied_thresh: 0.65
[map_server-15] [INFO] [1778986978.300161799] [map_io]: mode: trinary
[map_server-15] [INFO] [1778986978.300172162] [map_io]: negate: 0
[map_server-15] [INFO] [1778986978.300444692] [map_io]: Loading image_file: /home/wj/work/multi-robot-exploration-rl/install/start_rl_environment_tb3/share/start_rl_environment_tb3/maps/interaction_hub.pgm
[map_server-15] [INFO] [1778986978.324037509] [map_io]: Read map /home/wj/work/multi-robot-exploration-rl/install/start_rl_environment_tb3/share/start_rl_environment_tb3/maps/interaction_hub.pgm: 240 X 240 map @ 0.05 m/cell
[lifecycle_manager-16] [INFO] [1778986978.337600491] [lifecycle_manager_map]: [34m[1mActivating map_server[0m[0m
[map_server-15] [INFO] [1778986978.337863483] [map_server]: Activating
[map_server-15] [INFO] [1778986978.338104848] [map_server]: Creating bond (map_server) to lifecycle manager.
[lifecycle_manager-16] [INFO] [1778986978.456497764] [lifecycle_manager_map]: Server map_server connected with bond.
[lifecycle_manager-16] [INFO] [1778986978.456558993] [lifecycle_manager_map]: [34m[1mManaged nodes are active[0m[0m
[lifecycle_manager-16] [INFO] [1778986978.456577590] [lifecycle_manager_map]: [34m[1mCreating bond timer...[0m[0m
[spawn_entity.py-10] [INFO] [1778986979.029950061] [tb3_2.spawn_entity]: Spawn Entity started
[spawn_entity.py-10] [INFO] [1778986979.030688674] [tb3_2.spawn_entity]: Loading entity XML from file /tmp/tb3_2_3x1ez1zn.sdf
[spawn_entity.py-10] [INFO] [1778986979.032067790] [tb3_2.spawn_entity]: Waiting for service /spawn_entity, timeout = 30
[spawn_entity.py-10] [INFO] [1778986979.032715635] [tb3_2.spawn_entity]: Waiting for service /spawn_entity
[spawn_entity.py-13] [INFO] [1778986979.045155783] [tb3_3.spawn_entity]: Spawn Entity started
[spawn_entity.py-13] [INFO] [1778986979.045609752] [tb3_3.spawn_entity]: Loading entity XML from file /tmp/tb3_3_t151lq49.sdf
[spawn_entity.py-13] [INFO] [1778986979.046814754] [tb3_3.spawn_entity]: Waiting for service /spawn_entity, timeout = 30
[spawn_entity.py-13] [INFO] [1778986979.047515299] [tb3_3.spawn_entity]: Waiting for service /spawn_entity
[spawn_entity.py-7] [INFO] [1778986979.057607598] [tb3_1.spawn_entity]: Spawn Entity started
[spawn_entity.py-7] [INFO] [1778986979.058197122] [tb3_1.spawn_entity]: Loading entity XML from file /tmp/tb3_1_zd8pnfhf.sdf
[spawn_entity.py-7] [INFO] [1778986979.059333352] [tb3_1.spawn_entity]: Waiting for service /spawn_entity, timeout = 30
[spawn_entity.py-7] [INFO] [1778986979.059829697] [tb3_1.spawn_entity]: Waiting for service /spawn_entity
[spawn_entity.py-4] [INFO] [1778986979.062164463] [tb3_0.spawn_entity]: Spawn Entity started
[spawn_entity.py-4] [INFO] [1778986979.062558299] [tb3_0.spawn_entity]: Loading entity XML from file /tmp/tb3_0_mfe2rllr.sdf
[spawn_entity.py-4] [INFO] [1778986979.063378820] [tb3_0.spawn_entity]: Waiting for service /spawn_entity, timeout = 30
[spawn_entity.py-4] [INFO] [1778986979.063749796] [tb3_0.spawn_entity]: Waiting for service /spawn_entity
[rviz2-17] [INFO] [1778986979.749290533] [rviz2]: Stereo is NOT SUPPORTED
[rviz2-17] [INFO] [1778986979.749499142] [rviz2]: OpenGl version: 4.6 (GLSL 4.6)
[rviz2-17] [INFO] [1778986979.884211485] [rviz2]: Stereo is NOT SUPPORTED
[gzserver-1] [WARN] [1778986981.037541587] [rcl]: Found remap rule 'model_states:=model_states_demo'. This syntax is deprecated. Use '--ros-args --remap model_states:=model_states_demo' instead.
[spawn_entity.py-10] [INFO] [1778986981.042347376] [tb3_2.spawn_entity]: Calling service /spawn_entity
[spawn_entity.py-13] [INFO] [1778986981.055880984] [tb3_3.spawn_entity]: Calling service /spawn_entity
[gzserver-1] [INFO] [1778986981.056118186] [gazebo_ros_state]: Publishing states of gazebo models at [/model_states_demo]
[gzserver-1] [INFO] [1778986981.057440755] [gazebo_ros_state]: Publishing states of gazebo links at [/link_states]
[spawn_entity.py-7] [INFO] [1778986981.068335297] [tb3_1.spawn_entity]: Calling service /spawn_entity
[spawn_entity.py-4] [INFO] [1778986981.071219677] [tb3_0.spawn_entity]: Calling service /spawn_entity
[obstacle_mover.py-18] [INFO] [1778986981.213890781] [obstacle_mover]: [obstacle_mover] map=6  0 个障碍物  速度=0.000 m/s (scale×0.0)  30 Hz  随机游走模式
[obstacle_mover.py-18] [INFO] [1778986981.217005918] [obstacle_mover]: [obstacle_mover] ✅ dyn_obs_0~dyn_obs_7 已下沉至 z=-10.0
[gzserver-1] [INFO] [1778986981.389865403] [tb3_2.turtlebot3_imu]: <initial_orientation_as_reference> is unset, using default value of false to comply with REP 145 (world as orientation reference)
[spawn_entity.py-10] [INFO] [1778986981.505032892] [tb3_2.spawn_entity]: Spawn status: SpawnEntity: Successfully spawned entity [tb3_2]
[gzserver-1] [INFO] [1778986981.665001532] [tb3_2.turtlebot3_diff_drive]: Wheel pair 1 separation set to [0.160000m]
[gzserver-1] [INFO] [1778986981.665087340] [tb3_2.turtlebot3_diff_drive]: Wheel pair 1 diameter set to [0.066000m]
[gzserver-1] [INFO] [1778986981.668307609] [tb3_2.turtlebot3_diff_drive]: Subscribed to [/tb3_2/cmd_vel]
[gzserver-1] [INFO] [1778986981.674525061] [tb3_2.turtlebot3_diff_drive]: Advertise odometry on [/tb3_2/odom]
[gzserver-1] [INFO] [1778986981.682994819] [tb3_2.turtlebot3_diff_drive]: Publishing odom transforms between [tb3_2/odom] and [tb3_2/base_footprint]
[INFO] [spawn_entity.py-10]: process has finished cleanly [pid 1978255]
[gzserver-1] [INFO] [1778986981.716815953] [tb3_2.turtlebot3_joint_state]: Going to publish joint [wheel_left_joint]
[gzserver-1] [INFO] [1778986981.716873103] [tb3_2.turtlebot3_joint_state]: Going to publish joint [wheel_right_joint]
[gzserver-1] [INFO] [1778986982.008142885] [tb3_3.turtlebot3_imu]: <initial_orientation_as_reference> is unset, using default value of false to comply with REP 145 (world as orientation reference)
[spawn_entity.py-13] [INFO] [1778986982.137749506] [tb3_3.spawn_entity]: Spawn status: SpawnEntity: Successfully spawned entity [tb3_3]
[gzserver-1] [INFO] [1778986982.250544692] [tb3_3.turtlebot3_diff_drive]: Wheel pair 1 separation set to [0.160000m]
[gzserver-1] [INFO] [1778986982.250628176] [tb3_3.turtlebot3_diff_drive]: Wheel pair 1 diameter set to [0.066000m]
[gzserver-1] [INFO] [1778986982.252575922] [tb3_3.turtlebot3_diff_drive]: Subscribed to [/tb3_3/cmd_vel]
[gzserver-1] [INFO] [1778986982.254273617] [tb3_3.turtlebot3_diff_drive]: Advertise odometry on [/tb3_3/odom]
[gzserver-1] [INFO] [1778986982.257202637] [tb3_3.turtlebot3_diff_drive]: Publishing odom transforms between [tb3_3/odom] and [tb3_3/base_footprint]
[gzserver-1] [INFO] [1778986982.272132019] [tb3_3.turtlebot3_joint_state]: Going to publish joint [wheel_left_joint]
[gzserver-1] [INFO] [1778986982.272179677] [tb3_3.turtlebot3_joint_state]: Going to publish joint [wheel_right_joint]
[INFO] [spawn_entity.py-13]: process has finished cleanly [pid 1978261]
[gzserver-1] [INFO] [1778986982.603956065] [tb3_1.turtlebot3_imu]: <initial_orientation_as_reference> is unset, using default value of false to comply with REP 145 (world as orientation reference)
[spawn_entity.py-7] [INFO] [1778986982.735660869] [tb3_1.spawn_entity]: Spawn status: SpawnEntity: Successfully spawned entity [tb3_1]
[gzserver-1] [INFO] [1778986982.846278296] [tb3_1.turtlebot3_diff_drive]: Wheel pair 1 separation set to [0.160000m]
[gzserver-1] [INFO] [1778986982.846334104] [tb3_1.turtlebot3_diff_drive]: Wheel pair 1 diameter set to [0.066000m]
[gzserver-1] [INFO] [1778986982.847078356] [tb3_1.turtlebot3_diff_drive]: Subscribed to [/tb3_1/cmd_vel]
[gzserver-1] [INFO] [1778986982.848234551] [tb3_1.turtlebot3_diff_drive]: Advertise odometry on [/tb3_1/odom]
[gzserver-1] [INFO] [1778986982.849959282] [tb3_1.turtlebot3_diff_drive]: Publishing odom transforms between [tb3_1/odom] and [tb3_1/base_footprint]
[gzserver-1] [INFO] [1778986982.871582897] [tb3_1.turtlebot3_joint_state]: Going to publish joint [wheel_left_joint]
[gzserver-1] [INFO] [1778986982.871653817] [tb3_1.turtlebot3_joint_state]: Going to publish joint [wheel_right_joint]
[INFO] [spawn_entity.py-7]: process has finished cleanly [pid 1978249]
[gzserver-1] [INFO] [1778986983.174478349] [tb3_0.turtlebot3_imu]: <initial_orientation_as_reference> is unset, using default value of false to comply with REP 145 (world as orientation reference)
[spawn_entity.py-4] [INFO] [1778986983.306730096] [tb3_0.spawn_entity]: Spawn status: SpawnEntity: Successfully spawned entity [tb3_0]
[gzserver-1] [INFO] [1778986983.420428980] [tb3_0.turtlebot3_diff_drive]: Wheel pair 1 separation set to [0.160000m]
[gzserver-1] [INFO] [1778986983.420488461] [tb3_0.turtlebot3_diff_drive]: Wheel pair 1 diameter set to [0.066000m]
[gzserver-1] [INFO] [1778986983.421162942] [tb3_0.turtlebot3_diff_drive]: Subscribed to [/tb3_0/cmd_vel]
[gzserver-1] [INFO] [1778986983.421881605] [tb3_0.turtlebot3_diff_drive]: Advertise odometry on [/tb3_0/odom]
[gzserver-1] [INFO] [1778986983.424078111] [tb3_0.turtlebot3_diff_drive]: Publishing odom transforms between [tb3_0/odom] and [tb3_0/base_footprint]
[gzserver-1] [INFO] [1778986983.440230886] [tb3_0.turtlebot3_joint_state]: Going to publish joint [wheel_left_joint]
[gzserver-1] [INFO] [1778986983.440339829] [tb3_0.turtlebot3_joint_state]: Going to publish joint [wheel_right_joint]
[INFO] [spawn_entity.py-4]: process has finished cleanly [pid 1978243]
[rviz2-17] [INFO] [1778986993.151878598] [rviz2]: Message Filter dropping message: frame 'tb3_3/base_scan' at time 0.302 for reason 'the timestamp on the message is earlier than all the data in the transform cache'
[rviz2-17] [INFO] [1778986993.352979477] [rviz2]: Message Filter dropping message: frame 'tb3_1/base_scan' at time 0.502 for reason 'the timestamp on the message is earlier than all the data in the transform cache'
[rviz2-17] [INFO] [1778986993.554992680] [rviz2]: Message Filter dropping message: frame 'tb3_0/base_scan' at time 0.702 for reason 'the timestamp on the message is earlier than all the data in the transform cache'
