[INFO] [launch]: All log files can be found below /home/wj/.ros/log/2026-04-30-17-32-15-019316-wj-Default-string-1725610
[INFO] [launch]: Default logging verbosity is set to INFO
[INFO] Loading world for TurtleBot3: /home/wj/work/multi-robot-exploration-rl/install/start_rl_environment_tb3/share/start_rl_environment_tb3/worlds/corridor_swap.world
[INFO] Spawning 4 TurtleBot3 robots on corridor_swap...
[INFO] Using random positions
[INFO] Using fixed positions for 4 robots
[INFO]   Robot 0: Robot 0 - 左侧中间 at (-4.50, 0.00)
[INFO]   Robot 1: Robot 1 - 右侧中间 at (4.50, 0.00)
[INFO]   Robot 2: Robot 2 - 左下 at (-4.50, -3.00)
[INFO]   Robot 3: Robot 3 - 左上 at (-4.50, 3.00)
[spawn_robots] Created modified SDF for tb3_0 at /tmp/tb3_0_uv0fzpz5.sdf
[spawn_robots] Created modified SDF for tb3_1 at /tmp/tb3_1_4r8lqlxy.sdf
[spawn_robots] Created modified SDF for tb3_2 at /tmp/tb3_2_6unhw8iw.sdf
[spawn_robots] Created modified SDF for tb3_3 at /tmp/tb3_3_lmgw6liz.sdf
[INFO] Map Server loading: /home/wj/work/multi-robot-exploration-rl/install/start_rl_environment_tb3/share/start_rl_environment_tb3/maps/corridor_swap.yaml
[INFO] [gzserver-1]: process started with pid [1725724]
[INFO] [gzclient-2]: process started with pid [1725726]
[INFO] [robot_state_publisher-3]: process started with pid [1725728]
[INFO] [spawn_entity.py-4]: process started with pid [1725730]
[INFO] [static_transform_publisher-5]: process started with pid [1725732]
[INFO] [robot_state_publisher-6]: process started with pid [1725734]
[INFO] [spawn_entity.py-7]: process started with pid [1725736]
[INFO] [static_transform_publisher-8]: process started with pid [1725738]
[INFO] [robot_state_publisher-9]: process started with pid [1725740]
[INFO] [spawn_entity.py-10]: process started with pid [1725742]
[INFO] [static_transform_publisher-11]: process started with pid [1725744]
[INFO] [robot_state_publisher-12]: process started with pid [1725746]
[INFO] [spawn_entity.py-13]: process started with pid [1725748]
[INFO] [static_transform_publisher-14]: process started with pid [1725750]
[INFO] [map_server-15]: process started with pid [1725754]
[INFO] [lifecycle_manager-16]: process started with pid [1725758]
[INFO] [rviz2-17]: process started with pid [1725779]
[INFO] [obstacle_mover.py-18]: process started with pid [1725798]
[static_transform_publisher-5] [WARN] [1777541535.906265627] []: Old-style arguments are deprecated; see --help for new-style arguments
[static_transform_publisher-8] [WARN] [1777541535.905416188] []: Old-style arguments are deprecated; see --help for new-style arguments
[static_transform_publisher-11] [WARN] [1777541535.906477990] []: Old-style arguments are deprecated; see --help for new-style arguments
[static_transform_publisher-11] [INFO] [1777541535.933838483] [static_tf_tb3_2]: Spinning until stopped - publishing transform
[static_transform_publisher-11] translation: ('0.000000', '0.000000', '0.000000')
[static_transform_publisher-11] rotation: ('0.000000', '0.000000', '0.000000', '1.000000')
[static_transform_publisher-11] from 'map' to 'tb3_2/odom'
[static_transform_publisher-14] [WARN] [1777541535.914832599] []: Old-style arguments are deprecated; see --help for new-style arguments
[static_transform_publisher-14] [INFO] [1777541535.935966066] [static_tf_tb3_3]: Spinning until stopped - publishing transform
[static_transform_publisher-14] translation: ('0.000000', '0.000000', '0.000000')
[static_transform_publisher-14] rotation: ('0.000000', '0.000000', '0.000000', '1.000000')
[static_transform_publisher-14] from 'map' to 'tb3_3/odom'
[robot_state_publisher-3] [INFO] [1777541535.945712173] [tb3_0.robot_state_publisher]: got segment base_footprint
[robot_state_publisher-3] [INFO] [1777541535.945829987] [tb3_0.robot_state_publisher]: got segment base_link
[robot_state_publisher-3] [INFO] [1777541535.945843955] [tb3_0.robot_state_publisher]: got segment base_scan
[robot_state_publisher-3] [INFO] [1777541535.945850149] [tb3_0.robot_state_publisher]: got segment caster_back_link
[robot_state_publisher-3] [INFO] [1777541535.945856033] [tb3_0.robot_state_publisher]: got segment imu_link
[robot_state_publisher-3] [INFO] [1777541535.945861727] [tb3_0.robot_state_publisher]: got segment wheel_left_link
[robot_state_publisher-3] [INFO] [1777541535.945870566] [tb3_0.robot_state_publisher]: got segment wheel_right_link
[static_transform_publisher-5] [INFO] [1777541535.947744747] [static_tf_tb3_0]: Spinning until stopped - publishing transform
[static_transform_publisher-5] translation: ('0.000000', '0.000000', '0.000000')
[static_transform_publisher-5] rotation: ('0.000000', '0.000000', '0.000000', '1.000000')
[static_transform_publisher-5] from 'map' to 'tb3_0/odom'
[static_transform_publisher-8] [INFO] [1777541535.950894755] [static_tf_tb3_1]: Spinning until stopped - publishing transform
[static_transform_publisher-8] translation: ('0.000000', '0.000000', '0.000000')
[static_transform_publisher-8] rotation: ('0.000000', '0.000000', '0.000000', '1.000000')
[static_transform_publisher-8] from 'map' to 'tb3_1/odom'
[robot_state_publisher-6] [INFO] [1777541535.951799606] [tb3_1.robot_state_publisher]: got segment base_footprint
[robot_state_publisher-6] [INFO] [1777541535.951975789] [tb3_1.robot_state_publisher]: got segment base_link
[robot_state_publisher-6] [INFO] [1777541535.952032104] [tb3_1.robot_state_publisher]: got segment base_scan
[robot_state_publisher-6] [INFO] [1777541535.952047546] [tb3_1.robot_state_publisher]: got segment caster_back_link
[robot_state_publisher-6] [INFO] [1777541535.952060126] [tb3_1.robot_state_publisher]: got segment imu_link
[robot_state_publisher-6] [INFO] [1777541535.952071945] [tb3_1.robot_state_publisher]: got segment wheel_left_link
[robot_state_publisher-6] [INFO] [1777541535.952083623] [tb3_1.robot_state_publisher]: got segment wheel_right_link
[lifecycle_manager-16] [INFO] [1777541535.960816869] [lifecycle_manager_map]: Creating
[lifecycle_manager-16] [INFO] [1777541535.963047932] [lifecycle_manager_map]: [34m[1mCreating and initializing lifecycle service clients[0m[0m
[robot_state_publisher-9] [INFO] [1777541535.966312119] [tb3_2.robot_state_publisher]: got segment base_footprint
[robot_state_publisher-9] [INFO] [1777541535.966490984] [tb3_2.robot_state_publisher]: got segment base_link
[robot_state_publisher-9] [INFO] [1777541535.966513869] [tb3_2.robot_state_publisher]: got segment base_scan
[robot_state_publisher-9] [INFO] [1777541535.966526663] [tb3_2.robot_state_publisher]: got segment caster_back_link
[robot_state_publisher-9] [INFO] [1777541535.966538590] [tb3_2.robot_state_publisher]: got segment imu_link
[robot_state_publisher-9] [INFO] [1777541535.966549739] [tb3_2.robot_state_publisher]: got segment wheel_left_link
[robot_state_publisher-9] [INFO] [1777541535.966560736] [tb3_2.robot_state_publisher]: got segment wheel_right_link
[robot_state_publisher-12] [INFO] [1777541535.974346945] [tb3_3.robot_state_publisher]: got segment base_footprint
[robot_state_publisher-12] [INFO] [1777541535.974686063] [tb3_3.robot_state_publisher]: got segment base_link
[robot_state_publisher-12] [INFO] [1777541535.974713006] [tb3_3.robot_state_publisher]: got segment base_scan
[robot_state_publisher-12] [INFO] [1777541535.974727092] [tb3_3.robot_state_publisher]: got segment caster_back_link
[robot_state_publisher-12] [INFO] [1777541535.974739105] [tb3_3.robot_state_publisher]: got segment imu_link
[robot_state_publisher-12] [INFO] [1777541535.974750636] [tb3_3.robot_state_publisher]: got segment wheel_left_link
[robot_state_publisher-12] [INFO] [1777541535.974760961] [tb3_3.robot_state_publisher]: got segment wheel_right_link
[lifecycle_manager-16] [INFO] [1777541536.038117635] [lifecycle_manager_map]: [34m[1mStarting managed nodes bringup...[0m[0m
[lifecycle_manager-16] [INFO] [1777541536.038176158] [lifecycle_manager_map]: [34m[1mConfiguring map_server[0m[0m
[map_server-15] [INFO] [1777541536.041661986] [map_server]: 
[map_server-15] 	map_server lifecycle node launched. 
[map_server-15] 	Waiting on external lifecycle transitions to activate
[map_server-15] 	See https://design.ros2.org/articles/node_lifecycle.html for more information.
[map_server-15] [INFO] [1777541536.041887593] [map_server]: Creating
[map_server-15] [INFO] [1777541536.042664591] [map_server]: Configuring
[map_server-15] [INFO] [1777541536.042733299] [map_io]: Loading yaml file: /home/wj/work/multi-robot-exploration-rl/install/start_rl_environment_tb3/share/start_rl_environment_tb3/maps/corridor_swap.yaml
[map_server-15] [INFO] [1777541536.043221882] [map_io]: resolution: 0.05
[map_server-15] [INFO] [1777541536.043248583] [map_io]: origin[0]: -6
[map_server-15] [INFO] [1777541536.043260120] [map_io]: origin[1]: -6
[map_server-15] [INFO] [1777541536.043269761] [map_io]: origin[2]: 0
[map_server-15] [INFO] [1777541536.043279130] [map_io]: free_thresh: 0.196
[map_server-15] [INFO] [1777541536.043287546] [map_io]: occupied_thresh: 0.65
[map_server-15] [INFO] [1777541536.043296967] [map_io]: mode: trinary
[map_server-15] [INFO] [1777541536.043306915] [map_io]: negate: 0
[map_server-15] [INFO] [1777541536.043600775] [map_io]: Loading image_file: /home/wj/work/multi-robot-exploration-rl/install/start_rl_environment_tb3/share/start_rl_environment_tb3/maps/corridor_swap.pgm
[map_server-15] [INFO] [1777541536.060442360] [map_io]: Read map /home/wj/work/multi-robot-exploration-rl/install/start_rl_environment_tb3/share/start_rl_environment_tb3/maps/corridor_swap.pgm: 240 X 240 map @ 0.05 m/cell
[lifecycle_manager-16] [INFO] [1777541536.070838446] [lifecycle_manager_map]: [34m[1mActivating map_server[0m[0m
[map_server-15] [INFO] [1777541536.070981679] [map_server]: Activating
[map_server-15] [INFO] [1777541536.071196404] [map_server]: Creating bond (map_server) to lifecycle manager.
[lifecycle_manager-16] [INFO] [1777541536.177165764] [lifecycle_manager_map]: Server map_server connected with bond.
[lifecycle_manager-16] [INFO] [1777541536.177254927] [lifecycle_manager_map]: [34m[1mManaged nodes are active[0m[0m
[lifecycle_manager-16] [INFO] [1777541536.177270356] [lifecycle_manager_map]: [34m[1mCreating bond timer...[0m[0m
[spawn_entity.py-4] [INFO] [1777541536.558411037] [tb3_0.spawn_entity]: Spawn Entity started
[spawn_entity.py-4] [INFO] [1777541536.561936854] [tb3_0.spawn_entity]: Loading entity XML from file /tmp/tb3_0_uv0fzpz5.sdf
[spawn_entity.py-4] [INFO] [1777541536.563348231] [tb3_0.spawn_entity]: Waiting for service /spawn_entity, timeout = 30
[spawn_entity.py-4] [INFO] [1777541536.564973515] [tb3_0.spawn_entity]: Waiting for service /spawn_entity
[spawn_entity.py-7] [INFO] [1777541536.602466744] [tb3_1.spawn_entity]: Spawn Entity started
[spawn_entity.py-7] [INFO] [1777541536.603154280] [tb3_1.spawn_entity]: Loading entity XML from file /tmp/tb3_1_4r8lqlxy.sdf
[spawn_entity.py-7] [INFO] [1777541536.604514264] [tb3_1.spawn_entity]: Waiting for service /spawn_entity, timeout = 30
[spawn_entity.py-7] [INFO] [1777541536.605114121] [tb3_1.spawn_entity]: Waiting for service /spawn_entity
[spawn_entity.py-10] [INFO] [1777541536.639706271] [tb3_2.spawn_entity]: Spawn Entity started
[spawn_entity.py-10] [INFO] [1777541536.640274852] [tb3_2.spawn_entity]: Loading entity XML from file /tmp/tb3_2_6unhw8iw.sdf
[spawn_entity.py-10] [INFO] [1777541536.641460764] [tb3_2.spawn_entity]: Waiting for service /spawn_entity, timeout = 30
[spawn_entity.py-10] [INFO] [1777541536.641950781] [tb3_2.spawn_entity]: Waiting for service /spawn_entity
[spawn_entity.py-13] [INFO] [1777541536.644459221] [tb3_3.spawn_entity]: Spawn Entity started
[spawn_entity.py-13] [INFO] [1777541536.644991650] [tb3_3.spawn_entity]: Loading entity XML from file /tmp/tb3_3_lmgw6liz.sdf
[spawn_entity.py-13] [INFO] [1777541536.645946120] [tb3_3.spawn_entity]: Waiting for service /spawn_entity, timeout = 30
[spawn_entity.py-13] [INFO] [1777541536.646282947] [tb3_3.spawn_entity]: Waiting for service /spawn_entity
[rviz2-17] [INFO] [1777541537.423936762] [rviz2]: Stereo is NOT SUPPORTED
[rviz2-17] [INFO] [1777541537.424111839] [rviz2]: OpenGl version: 4.6 (GLSL 4.6)
[rviz2-17] [INFO] [1777541537.620768609] [rviz2]: Stereo is NOT SUPPORTED
[gzserver-1] [WARN] [1777541538.606289694] [rcl]: Found remap rule 'model_states:=model_states_demo'. This syntax is deprecated. Use '--ros-args --remap model_states:=model_states_demo' instead.
[spawn_entity.py-7] [INFO] [1777541538.618060884] [tb3_1.spawn_entity]: Calling service /spawn_entity
[gzserver-1] [INFO] [1777541538.621612660] [gazebo_ros_state]: Publishing states of gazebo models at [/model_states_demo]
[gzserver-1] [INFO] [1777541538.622652242] [gazebo_ros_state]: Publishing states of gazebo links at [/link_states]
[spawn_entity.py-10] [INFO] [1777541538.650843458] [tb3_2.spawn_entity]: Calling service /spawn_entity
[spawn_entity.py-13] [INFO] [1777541538.653986067] [tb3_3.spawn_entity]: Calling service /spawn_entity
[obstacle_mover.py-18] [INFO] [1777541538.798892578] [obstacle_mover]: [obstacle_mover] map=3  6 个障碍物  速度=0.099 m/s (scale×0.9)  30 Hz  随机游走模式
[obstacle_mover.py-18] [INFO] [1777541538.807715463] [obstacle_mover]: [obstacle_mover] ✅ dyn_obs_6~dyn_obs_7 已下沉至 z=-10.0
[spawn_entity.py-4] [INFO] [1777541538.832031401] [tb3_0.spawn_entity]: Calling service /spawn_entity
[gzserver-1] [INFO] [1777541538.974211541] [tb3_1.turtlebot3_imu]: <initial_orientation_as_reference> is unset, using default value of false to comply with REP 145 (world as orientation reference)
[spawn_entity.py-7] [INFO] [1777541539.105395326] [tb3_1.spawn_entity]: Spawn status: SpawnEntity: Successfully spawned entity [tb3_1]
[gzserver-1] [INFO] [1777541539.239845975] [tb3_1.turtlebot3_diff_drive]: Wheel pair 1 separation set to [0.160000m]
[gzserver-1] [INFO] [1777541539.239949873] [tb3_1.turtlebot3_diff_drive]: Wheel pair 1 diameter set to [0.066000m]
[gzserver-1] [INFO] [1777541539.243050577] [tb3_1.turtlebot3_diff_drive]: Subscribed to [/tb3_1/cmd_vel]
[gzserver-1] [INFO] [1777541539.247141632] [tb3_1.turtlebot3_diff_drive]: Advertise odometry on [/tb3_1/odom]
[gzserver-1] [INFO] [1777541539.251835896] [tb3_1.turtlebot3_diff_drive]: Publishing odom transforms between [tb3_1/odom] and [tb3_1/base_footprint]
[gzserver-1] [INFO] [1777541539.274043540] [tb3_1.turtlebot3_joint_state]: Going to publish joint [wheel_left_joint]
[gzserver-1] [INFO] [1777541539.274139951] [tb3_1.turtlebot3_joint_state]: Going to publish joint [wheel_right_joint]
[INFO] [spawn_entity.py-7]: process has finished cleanly [pid 1725736]
[gzserver-1] [INFO] [1777541539.586904659] [tb3_2.turtlebot3_imu]: <initial_orientation_as_reference> is unset, using default value of false to comply with REP 145 (world as orientation reference)
[spawn_entity.py-10] [INFO] [1777541539.707690950] [tb3_2.spawn_entity]: Spawn status: SpawnEntity: Successfully spawned entity [tb3_2]
[gzserver-1] [INFO] [1777541539.818327228] [tb3_2.turtlebot3_diff_drive]: Wheel pair 1 separation set to [0.160000m]
[gzserver-1] [INFO] [1777541539.818405692] [tb3_2.turtlebot3_diff_drive]: Wheel pair 1 diameter set to [0.066000m]
[gzserver-1] [INFO] [1777541539.819255253] [tb3_2.turtlebot3_diff_drive]: Subscribed to [/tb3_2/cmd_vel]
[gzserver-1] [INFO] [1777541539.820323194] [tb3_2.turtlebot3_diff_drive]: Advertise odometry on [/tb3_2/odom]
[gzserver-1] [INFO] [1777541539.822804309] [tb3_2.turtlebot3_diff_drive]: Publishing odom transforms between [tb3_2/odom] and [tb3_2/base_footprint]
[gzserver-1] [INFO] [1777541539.837980817] [tb3_2.turtlebot3_joint_state]: Going to publish joint [wheel_left_joint]
[gzserver-1] [INFO] [1777541539.838046123] [tb3_2.turtlebot3_joint_state]: Going to publish joint [wheel_right_joint]
[INFO] [spawn_entity.py-10]: process has finished cleanly [pid 1725742]
[gzserver-1] [INFO] [1777541540.172719340] [tb3_3.turtlebot3_imu]: <initial_orientation_as_reference> is unset, using default value of false to comply with REP 145 (world as orientation reference)
[spawn_entity.py-13] [INFO] [1777541540.305577848] [tb3_3.spawn_entity]: Spawn status: SpawnEntity: Successfully spawned entity [tb3_3]
[gzserver-1] [INFO] [1777541540.418208276] [tb3_3.turtlebot3_diff_drive]: Wheel pair 1 separation set to [0.160000m]
[gzserver-1] [INFO] [1777541540.418275790] [tb3_3.turtlebot3_diff_drive]: Wheel pair 1 diameter set to [0.066000m]
[gzserver-1] [INFO] [1777541540.419255378] [tb3_3.turtlebot3_diff_drive]: Subscribed to [/tb3_3/cmd_vel]
[gzserver-1] [INFO] [1777541540.420424837] [tb3_3.turtlebot3_diff_drive]: Advertise odometry on [/tb3_3/odom]
[gzserver-1] [INFO] [1777541540.423134426] [tb3_3.turtlebot3_diff_drive]: Publishing odom transforms between [tb3_3/odom] and [tb3_3/base_footprint]
[gzserver-1] [INFO] [1777541540.438826902] [tb3_3.turtlebot3_joint_state]: Going to publish joint [wheel_left_joint]
[gzserver-1] [INFO] [1777541540.438872682] [tb3_3.turtlebot3_joint_state]: Going to publish joint [wheel_right_joint]
[INFO] [spawn_entity.py-13]: process has finished cleanly [pid 1725748]
[gzserver-1] [INFO] [1777541540.762807360] [tb3_0.turtlebot3_imu]: <initial_orientation_as_reference> is unset, using default value of false to comply with REP 145 (world as orientation reference)
[spawn_entity.py-4] [INFO] [1777541540.871986491] [tb3_0.spawn_entity]: Spawn status: SpawnEntity: Successfully spawned entity [tb3_0]
[gzserver-1] [INFO] [1777541540.990186773] [tb3_0.turtlebot3_diff_drive]: Wheel pair 1 separation set to [0.160000m]
[gzserver-1] [INFO] [1777541540.990313571] [tb3_0.turtlebot3_diff_drive]: Wheel pair 1 diameter set to [0.066000m]
[gzserver-1] [INFO] [1777541540.992123647] [tb3_0.turtlebot3_diff_drive]: Subscribed to [/tb3_0/cmd_vel]
[gzserver-1] [INFO] [1777541540.994164080] [tb3_0.turtlebot3_diff_drive]: Advertise odometry on [/tb3_0/odom]
[gzserver-1] [INFO] [1777541540.997852641] [tb3_0.turtlebot3_diff_drive]: Publishing odom transforms between [tb3_0/odom] and [tb3_0/base_footprint]
[gzserver-1] [INFO] [1777541541.024813579] [tb3_0.turtlebot3_joint_state]: Going to publish joint [wheel_left_joint]
[gzserver-1] [INFO] [1777541541.024915110] [tb3_0.turtlebot3_joint_state]: Going to publish joint [wheel_right_joint]
[INFO] [spawn_entity.py-4]: process has finished cleanly [pid 1725730]
[rviz2-17] [INFO] [1777541550.851307530] [rviz2]: Message Filter dropping message: frame 'tb3_2/base_scan' at time 0.395 for reason 'the timestamp on the message is earlier than all the data in the transform cache'
[rviz2-17] [INFO] [1777541551.050754565] [rviz2]: Message Filter dropping message: frame 'tb3_3/base_scan' at time 0.594 for reason 'the timestamp on the message is earlier than all the data in the transform cache'
[rviz2-17] [INFO] [1777541551.249152883] [rviz2]: Message Filter dropping message: frame 'tb3_0/base_scan' at time 0.792 for reason 'the timestamp on the message is earlier than all the data in the transform cache'
